[NWA State]
TriggerSource=3

[Channel0]
Points=501
FrequencyStart=2000000000
FrequencyStop=7000000000
FixedPower[0]=5
FixedPower[1]=5
IFBW=1000
CorrectionEnabled=1
TraceCount=4

[Channel0\Correction\11]
Calyyyymmdd=2022/04/09
Calhhmmss=14:19:05
VNATemperature=36.5 °C
Type=3
KitLabel=ACM2509.2
KitDescription=AutoCal Module 20 kHz-9 GHz (CMT), SN: 19039185, Char: Factory, 29.9°C, ThermoComp: ON
CalIFBW=1 kHz
CalPower=5 dBm
CalPorts[0]=0
CalPorts[1]=0

[Channel0\Correction\11\Data]
2.00000000000E+09 +8.172886565E-03 +1.765068209E-01 -3.377691755E-02 +2.397555819E-02 -1.780371444E-01 +5.782651711E-02
2.01000000000E+09 +1.732415980E-01 +3.770184126E-02 +8.647918053E-03 +1.110748458E-03 -1.676136790E-01 +2.482852635E-02
2.02000000000E+09 +8.044691671E-02 -1.556287444E-01 -4.761212909E-03 -3.629949180E-02 -1.890923738E-01 -1.150138006E-03
2.03000000000E+09 -1.259265372E-01 -1.178620758E-01 -4.311356735E-02 -2.259661031E-02 -2.191839409E-01 +2.802762321E-05
2.04000000000E+09 -1.465581338E-01 +8.717680998E-02 -3.530332562E-02 +2.889321156E-02 -2.368956698E-01 +1.688245135E-02
2.05000000000E+09 +4.263514594E-02 +1.639691612E-01 +2.649480107E-02 +4.463908890E-02 -2.429687475E-01 +3.538542264E-02
2.06000000000E+09 +1.682245138E-01 +4.960168646E-03 +7.271980875E-02 -6.721562495E-03 -2.454915825E-01 +5.602567034E-02
2.07000000000E+09 +5.237775695E-02 -1.596109916E-01 +5.052081014E-02 -6.920715040E-02 -2.370527076E-01 +8.239096692E-02
2.08000000000E+09 -1.392834130E-01 -9.608841366E-02 -6.486215734E-03 -7.632217119E-02 -2.090705205E-01 +1.013137082E-01
2.09000000000E+09 -1.321079217E-01 +1.094962757E-01 -2.826055760E-02 -3.718750650E-02 -1.721647329E-01 +9.250612909E-02
2.10000000000E+09 +7.171385688E-02 +1.573897592E-01 -4.156181105E-03 -1.777645225E-02 -1.543673564E-01 +5.895289945E-02
2.11000000000E+09 +1.698007705E-01 -2.824044919E-02 +5.850205355E-03 -4.160492296E-02 -1.661457426E-01 +2.757507414E-02
2.12000000000E+09 +1.803498085E-02 -1.694268811E-01 -3.200351675E-02 -5.344012511E-02 -1.895470218E-01 +1.748907169E-02
2.13000000000E+09 -1.567728290E-01 -6.268594854E-02 -6.799043275E-02 -6.425304612E-03 -2.065982607E-01 +2.029945356E-02
2.14000000000E+09 -1.019349372E-01 +1.329366576E-01 -3.844920262E-02 +6.146603971E-02 -2.199355830E-01 +2.480638762E-02
2.15000000000E+09 +9.880182810E-02 +1.326386538E-01 +3.991824523E-02 +7.261505395E-02 -2.374884524E-01 +3.439825194E-02
2.16000000000E+09 +1.531341612E-01 -5.694864087E-02 +8.662219430E-02 +1.604779368E-02 -2.499323727E-01 +5.755291911E-02
2.17000000000E+09 -1.077353436E-02 -1.622703183E-01 +6.454913356E-02 -3.938362030E-02 -2.438977026E-01 +8.483334968E-02
2.18000000000E+09 -1.596141246E-01 -3.552295158E-02 +2.194111387E-02 -3.931338901E-02 -2.222229709E-01 +9.795033906E-02
2.19000000000E+09 -7.855115644E-02 +1.445479500E-01 +2.027994965E-02 -1.122308362E-02 -2.045707525E-01 +9.477649697E-02
2.20000000000E+09 +1.179604143E-01 +1.151878103E-01 +4.783415691E-02 -1.820398277E-02 -1.984051151E-01 +9.038354533E-02
2.21000000000E+09 +1.436575938E-01 -8.197200511E-02 +4.019053569E-02 -6.148942619E-02 -1.911343225E-01 +9.287289044E-02
2.22000000000E+09 -4.030431723E-02 -1.616914012E-01 -1.978352889E-02 -7.549397017E-02 -1.746147554E-01 +8.972547998E-02
2.23000000000E+09 -1.678787375E-01 -3.409301605E-03 -6.995656048E-02 -2.197197061E-02 -1.625294149E-01 +6.939522432E-02
2.24000000000E+09 -4.604401320E-02 +1.608014877E-01 -5.110137785E-02 +4.967344365E-02 -1.720809240E-01 +4.285569976E-02
2.25000000000E+09 +1.413179259E-01 +8.518968422E-02 +8.160968366E-03 +6.750483086E-02 -1.976578508E-01 +3.087717080E-02
2.26000000000E+09 +1.181566799E-01 -1.111970087E-01 +3.526374507E-02 +3.759070646E-02 -2.200297254E-01 +3.497982124E-02
2.27000000000E+09 -7.346163709E-02 -1.419820200E-01 +1.875906979E-02 +2.544770452E-02 -2.347151729E-01 +4.486998636E-02
2.28000000000E+09 -1.542203808E-01 +3.049456778E-02 +1.713686508E-02 +5.451914539E-02 -2.511759760E-01 +5.946822272E-02
2.29000000000E+09 -1.485546133E-02 +1.541045496E-01 +6.535483178E-02 +7.069767171E-02 -2.647879210E-01 +8.859978585E-02
2.30000000000E+09 +1.421394839E-01 +5.983153582E-02 +1.165951175E-01 +2.298991483E-02 -2.574468938E-01 +1.300694355E-01
2.31000000000E+09 +1.004149098E-01 -1.200111505E-01 +1.016241411E-01 -6.002594538E-02 -2.204131599E-01 +1.600147951E-01
2.32000000000E+09 -8.993526418E-02 -1.334077785E-01 +1.840226596E-02 -9.813458617E-02 -1.721839986E-01 +1.563982866E-01
2.33000000000E+09 -1.553126153E-01 +5.355392664E-02 -5.778603380E-02 -5.507732705E-02 -1.432206668E-01 +1.233887996E-01
2.34000000000E+09 +1.296795136E-02 +1.648623864E-01 -6.701268699E-02 +1.406076143E-02 -1.404100198E-01 +8.665987154E-02
2.35000000000E+09 +1.617251443E-01 +2.903950006E-02 -3.966772764E-02 +4.363426570E-02 -1.501311300E-01 +5.870396727E-02
2.36000000000E+09 +6.857003230E-02 -1.468001421E-01 -3.424388930E-02 +4.724149633E-02 -1.692029348E-01 +3.600711143E-02
2.37000000000E+09 -1.206284687E-01 -1.023173324E-01 -4.205268159E-02 +7.715021688E-02 -2.054537586E-01 +2.315680154E-02
2.38000000000E+09 -1.280378540E-01 +8.483644792E-02 -7.423093980E-03 +1.262787954E-01 -2.509075556E-01 +3.896469472E-02
2.39000000000E+09 +4.198278758E-02 +1.443480449E-01 +7.442187362E-02 +1.290763916E-01 -2.764985321E-01 +8.352951431E-02
2.40000000000E+09 +1.503302915E-01 +3.881114649E-03 +1.351133122E-01 +5.441417854E-02 -2.660193923E-01 +1.315858624E-01
2.41000000000E+09 +4.820407112E-02 -1.456217517E-01 +1.109111909E-01 -4.657193937E-02 -2.324826360E-01 +1.557431582E-01
2.42000000000E+09 -1.296221516E-01 -8.768021150E-02 +1.944671047E-02 -8.733348943E-02 -2.036159489E-01 +1.543491696E-01
2.43000000000E+09 -1.201200782E-01 +1.029653522E-01 -5.372623273E-02 -4.866190777E-02 -1.859691702E-01 +1.473543444E-01
2.44000000000E+09 +6.770817155E-02 +1.436263636E-01 -6.470100096E-02 +3.264304730E-03 -1.677331978E-01 +1.413337460E-01
2.45000000000E+09 +1.568894321E-01 -2.772184983E-02 -5.639546726E-02 +1.791465290E-02 -1.488376235E-01 +1.233284093E-01
2.46000000000E+09 +1.380248586E-02 -1.580907250E-01 -7.629533975E-02 +2.486576442E-02 -1.492997388E-01 +9.254206313E-02
2.47000000000E+09 -1.467164792E-01 -5.420924813E-02 -9.773542361E-02 +7.190969778E-02 -1.766638568E-01 +7.345286336E-02
2.48000000000E+09 -9.119884597E-02 +1.235692739E-01 -6.323781089E-02 +1.362092913E-01 -2.046754956E-01 +8.267144014E-02
2.49000000000E+09 +9.207424954E-02 +1.219443585E-01 +2.080570567E-02 +1.478887474E-01 -2.103149185E-01 +1.030500035E-01
2.50000000000E+09 +1.440675778E-01 -5.494531906E-02 +8.134593348E-02 +8.407564596E-02 -2.014141081E-01 +1.082318893E-01
2.51000000000E+09 -1.476756193E-02 -1.543346440E-01 +6.514726726E-02 +4.888419942E-03 -2.032214727E-01 +1.008437403E-01
2.52000000000E+09 -1.518236508E-01 -2.651360038E-02 +7.938065427E-03 -1.893195699E-02 -2.199585753E-01 +1.059301028E-01
2.53000000000E+09 -6.641425968E-02 +1.373076727E-01 -1.835136065E-02 +1.346040008E-03 -2.265938588E-01 +1.306510518E-01
2.54000000000E+09 +1.132364328E-01 +1.017797482E-01 -8.297625754E-03 +1.627179393E-03 -2.106779344E-01 +1.518438839E-01
2.55000000000E+09 +1.290175024E-01 -8.125403614E-02 -2.041850336E-02 -3.410305297E-02 -1.902886394E-01 +1.532403748E-01
2.56000000000E+09 -4.318462398E-02 -1.455163929E-01 -8.256072413E-02 -4.816881330E-02 -1.847467982E-01 +1.465114716E-01
2.57000000000E+09 -1.502159843E-01 +1.031791972E-03 -1.406466265E-01 +4.660986114E-03 -1.838083552E-01 +1.502867302E-01
2.58000000000E+09 -4.167308932E-02 +1.443202015E-01 -1.305899044E-01 +8.600292321E-02 -1.680488700E-01 +1.555416685E-01
2.59000000000E+09 +1.286405933E-01 +8.145220264E-02 -6.324337903E-02 +1.214611028E-01 -1.432028465E-01 +1.397772481E-01
2.60000000000E+09 +1.137249274E-01 -1.037706407E-01 -8.988203602E-03 +9.229197047E-02 -1.415856672E-01 +1.049767031E-01
2.61000000000E+09 -7.077108489E-02 -1.363413071E-01 -5.858264665E-03 +5.437674643E-02 -1.727917678E-01 +8.385601174E-02
2.62000000000E+09 -1.484109682E-01 +3.144574447E-02 -1.258691745E-02 +5.169588502E-02 -2.065370343E-01 +9.672191185E-02
2.63000000000E+09 -1.043211093E-02 +1.501420646E-01 +1.575711259E-02 +5.105960828E-02 -2.161108146E-01 +1.228064821E-01
2.64000000000E+09 +1.410111445E-01 +5.072422428E-02 +5.004694496E-02 +3.226224363E-04 -2.102281739E-01 +1.374676898E-01
2.65000000000E+09 +8.595855742E-02 -1.209561041E-01 +2.299472671E-02 -8.131208693E-02 -2.099312340E-01 +1.436450286E-01
2.66000000000E+09 -9.064563286E-02 -1.141273791E-01 -6.878389136E-02 -1.139613722E-01 -2.113909802E-01 +1.601751726E-01
2.67000000000E+09 -1.342040259E-01 +5.317956719E-02 -1.491203985E-01 -6.288230475E-02 -1.948594494E-01 +1.810489189E-01
2.68000000000E+09 +1.180835426E-02 +1.450149694E-01 -1.567066832E-01 +1.941699285E-02 -1.602714301E-01 +1.834122565E-01
2.69000000000E+09 +1.448844932E-01 +2.919715097E-02 -1.108976793E-01 +6.128617275E-02 -1.378056666E-01 +1.577044972E-01
2.70000000000E+09 +6.707802697E-02 -1.333838830E-01 -7.702633101E-02 +5.549629827E-02 -1.469208310E-01 +1.301036103E-01
2.71000000000E+09 -1.107244219E-01 -9.996656824E-02 -7.376129504E-02 +5.539672098E-02 -1.706128780E-01 +1.270360307E-01
2.72000000000E+09 -1.261936051E-01 +7.961392517E-02 -5.357422162E-02 +8.225097115E-02 -1.795445202E-01 +1.394182506E-01
2.73000000000E+09 +4.319491585E-02 +1.433858287E-01 +1.164260846E-02 +8.636820681E-02 -1.736955842E-01 +1.421785957E-01
2.74000000000E+09 +1.494816651E-01 -4.561496831E-03 +7.152432584E-02 +2.106955354E-02 -1.756018165E-01 +1.341541722E-01
2.75000000000E+09 +3.433399369E-02 -1.431736832E-01 +5.615316538E-02 -7.542258212E-02 -1.896754147E-01 +1.371004800E-01
2.76000000000E+09 -1.258507724E-01 -7.119508978E-02 -2.361232286E-02 -1.200456011E-01 -1.943419848E-01 +1.558023603E-01
2.77000000000E+09 -1.034036458E-01 +9.944780672E-02 -9.124001401E-02 -9.162177943E-02 -1.794960553E-01 +1.706198734E-01
2.78000000000E+09 +6.657615034E-02 +1.273586419E-01 -1.029951467E-01 -4.537484808E-02 -1.635707123E-01 +1.658437989E-01
2.79000000000E+09 +1.411113993E-01 -2.920221069E-02 -9.175003635E-02 -3.222382770E-02 -1.656214425E-01 +1.549939864E-01
2.80000000000E+09 +1.076974423E-02 -1.432791003E-01 -1.070424938E-01 -3.188088435E-02 -1.778820214E-01 +1.583253495E-01
2.81000000000E+09 -1.348406729E-01 -5.050129114E-02 -1.337728673E-01 +7.170139738E-03 -1.768160343E-01 +1.710632292E-01
2.82000000000E+09 -8.662065116E-02 +1.169695969E-01 -1.104211434E-01 +7.899603860E-02 -1.612292834E-01 +1.735996168E-01
2.83000000000E+09 +9.095690522E-02 +1.156394919E-01 -2.091149289E-02 +1.120770166E-01 -1.512053705E-01 +1.610726111E-01
2.84000000000E+09 +1.347291380E-01 -5.780857217E-02 +6.622416912E-02 +5.963766031E-02 -1.589075001E-01 +1.531906161E-01
2.85000000000E+09 -1.979200667E-02 -1.433929964E-01 +7.946402120E-02 -3.139323895E-02 -1.683782073E-01 +1.609386840E-01
2.86000000000E+09 -1.416953587E-01 -2.040533096E-02 +3.379998066E-02 -8.363240093E-02 -1.634659101E-01 +1.723124477E-01
2.87000000000E+09 -5.866637140E-02 +1.300305497E-01 -5.485718596E-03 -8.582304817E-02 -1.522730022E-01 +1.708670671E-01
2.88000000000E+09 +1.087942302E-01 +9.219322301E-02 -1.608663017E-02 -8.628716459E-02 -1.510865242E-01 +1.616879605E-01
2.89000000000E+09 +1.181316748E-01 -7.907131118E-02 -3.834100221E-02 -1.078990538E-01 -1.594991624E-01 +1.592151650E-01
2.90000000000E+09 -4.340701733E-02 -1.356129847E-01 -9.934317815E-02 -1.077720742E-01 -1.615142960E-01 +1.624973477E-01
2.91000000000E+09 -1.433735642E-01 +4.899264795E-03 -1.544043229E-01 -4.157216456E-02 -1.568814997E-01 +1.599711575E-01
2.92000000000E+09 -3.308287667E-02 +1.403720229E-01 -1.341782953E-01 +5.880461040E-02 -1.601881210E-01 +1.517335999E-01
2.93000000000E+09 +1.257661329E-01 +6.758399366E-02 -4.068127936E-02 +1.073302351E-01 -1.791798331E-01 +1.543254567E-01
2.94000000000E+09 +9.678163376E-02 -1.012871195E-01 +4.467327710E-02 +7.097024955E-02 -1.950055855E-01 +1.771737472E-01
2.95000000000E+09 -6.876404500E-02 -1.194096414E-01 +6.523685600E-02 +6.253243976E-03 -1.893162222E-01 +2.074604949E-01
2.96000000000E+09 -1.333901752E-01 +3.135595802E-02 +4.794296529E-02 -2.581503729E-02 -1.647590145E-01 +2.261689081E-01
2.97000000000E+09 -8.405072161E-03 +1.374339935E-01 +4.566478345E-02 -3.262852177E-02 -1.346710878E-01 +2.286507069E-01
2.98000000000E+09 +1.308970360E-01 +4.714922793E-02 +5.763421719E-02 -6.059039476E-02 -1.081400671E-01 +2.178705851E-01
2.99000000000E+09 +8.274341112E-02 -1.149950992E-01 +3.411958197E-02 -1.131522871E-01 -8.488921720E-02 +1.931845040E-01
3.00000000000E+09 -8.430748075E-02 -1.173132581E-01 -3.434047939E-02 -1.347456861E-01 -7.598043473E-02 +1.517045035E-01
3.01000000000E+09 -1.359688671E-01 +5.238659780E-02 -1.083266553E-01 -8.308014940E-02 -9.963139896E-02 +1.082864502E-01
3.02000000000E+09 +1.685309740E-02 +1.423570550E-01 -1.128879147E-01 +6.161868444E-03 -1.545889081E-01 +9.315651548E-02
3.03000000000E+09 +1.374254935E-01 +1.948803024E-02 -5.824948330E-02 +5.567235216E-02 -2.094236054E-01 +1.190630240E-01
3.04000000000E+09 +5.474251794E-02 -1.222201124E-01 -1.231075004E-02 +5.073389742E-02 -2.347321276E-01 +1.708896387E-01
3.05000000000E+09 -9.856369342E-02 -8.540201552E-02 -2.089466495E-03 +4.194530972E-02 -2.254076937E-01 +2.243613942E-01
3.06000000000E+09 -1.093457972E-01 +6.808064779E-02 +1.074613957E-02 +5.951732983E-02 -1.916923795E-01 +2.665043330E-01
3.07000000000E+09 +3.303287024E-02 +1.250494919E-01 +6.090992657E-02 +6.889105815E-02 -1.393792872E-01 +2.894607501E-01
3.08000000000E+09 +1.327056380E-01 +4.683543896E-03 +1.183432978E-01 +2.199801353E-02 -7.580705833E-02 +2.806140152E-01
3.09000000000E+09 +4.187399410E-02 -1.316652621E-01 +1.172545476E-01 -6.815358370E-02 -2.312893950E-02 +2.304287247E-01
3.10000000000E+09 -1.219179823E-01 -7.541708712E-02 +4.030727573E-02 -1.263018720E-01 -1.609733852E-02 +1.533794581E-01
3.11000000000E+09 -1.018049016E-01 +1.029264103E-01 -4.725894131E-02 -1.034340099E-01 -6.649438372E-02 +9.260882573E-02
3.12000000000E+09 +7.532582233E-02 +1.206038851E-01 -7.932541602E-02 -4.092288654E-02 -1.414111579E-01 +8.105743803E-02
3.13000000000E+09 +1.309456112E-01 -4.078396708E-02 -7.302020666E-02 -5.123303504E-04 -1.987194727E-01 +1.132718151E-01
3.14000000000E+09 -3.002659975E-03 -1.319655838E-01 -7.579059170E-02 +2.315206447E-02 -2.247069556E-01 +1.650939714E-01
3.15000000000E+09 -1.228691117E-01 -3.500192444E-02 -8.128290765E-02 +6.990040269E-02 -2.221283089E-01 +2.226331902E-01
3.16000000000E+09 -7.025154661E-02 +1.041772700E-01 -4.330940554E-02 +1.338671990E-01 -1.890209831E-01 +2.749505691E-01
3.17000000000E+09 +7.713945333E-02 +1.008157606E-01 +4.854034768E-02 +1.574363188E-01 -1.280980827E-01 +3.026022820E-01
3.18000000000E+09 +1.239318235E-01 -4.439548521E-02 +1.384751420E-01 +9.838352448E-02 -5.899627009E-02 +2.855035298E-01
3.19000000000E+09 -9.388557262E-03 -1.380092721E-01 +1.526155612E-01 -1.269376378E-02 -2.016475669E-02 +2.265767625E-01
3.20000000000E+09 -1.407098089E-01 -2.511243460E-02 +8.100262697E-02 -8.977976246E-02 -3.467541710E-02 +1.628135304E-01
3.21000000000E+09 -5.740254679E-02 +1.316585364E-01 -4.472675071E-03 -8.865680281E-02 -8.217071213E-02 +1.321657868E-01
3.22000000000E+09 +1.115700824E-01 +8.641574138E-02 -4.791300400E-02 -5.294504998E-02 -1.227790864E-01 +1.369159965E-01
3.23000000000E+09 +1.096401458E-01 -8.330069979E-02 -7.092691547E-02 -2.864649586E-02 -1.462172869E-01 +1.563151557E-01
3.24000000000E+09 -4.879713896E-02 -1.247460029E-01 -1.057738839E-01 +1.982209438E-03 -1.594788709E-01 +1.828700668E-01
3.25000000000E+09 -1.305364102E-01 +1.063503469E-02 -1.276788715E-01 +7.111979144E-02 -1.575583207E-01 +2.180084103E-01
3.26000000000E+09 -2.908747706E-02 +1.267952144E-01 -8.809733125E-02 +1.547207214E-01 -1.306117839E-01 +2.471475617E-01
3.27000000000E+09 +1.141730786E-01 +6.649155428E-02 +1.042859817E-02 +1.864780649E-01 -8.784884768E-02 +2.486343847E-01
3.28000000000E+09 +9.855413932E-02 -9.436456228E-02 +1.003894657E-01 +1.318875397E-01 -6.238267094E-02 +2.162398950E-01
3.29000000000E+09 -6.811057923E-02 -1.217554074E-01 +1.141502604E-01 +3.652711567E-02 -7.574244490E-02 +1.792423405E-01
3.30000000000E+09 -1.348038536E-01 +3.641865972E-02 +6.417168862E-02 -2.041569666E-02 -1.083748162E-01 +1.724251256E-01
3.31000000000E+09 +6.948177229E-04 +1.375151880E-01 +1.846911916E-02 -2.563969740E-02 -1.239253559E-01 +1.935340763E-01
3.32000000000E+09 +1.307323529E-01 +3.554787456E-02 -1.038012224E-03 -2.803594501E-02 -1.166370966E-01 +2.137111427E-01
3.33000000000E+09 +6.900659996E-02 -1.145259693E-01 -3.324279792E-02 -4.694052586E-02 -1.042618713E-01 +2.211884941E-01
3.34000000000E+09 -8.983363988E-02 -9.672009360E-02 -9.856330672E-02 -4.094349430E-02 -9.538918463E-02 +2.260290068E-01
3.35000000000E+09 -1.175015013E-01 +5.780516400E-02 -1.523473817E-01 +2.420191297E-02 -7.913163103E-02 +2.302308275E-01
3.36000000000E+09 +2.165124809E-02 +1.298109038E-01 -1.388679011E-01 +1.148938187E-01 -5.523444727E-02 +2.193723664E-01
3.37000000000E+09 +1.335195061E-01 +1.520936353E-02 -6.409018030E-02 +1.615090714E-01 -4.758097962E-02 +1.840633978E-01
3.38000000000E+09 +4.956731063E-02 -1.269420057E-01 +6.299368446E-03 +1.372501446E-01 -7.596929890E-02 +1.497173405E-01
3.39000000000E+09 -1.101467929E-01 -7.923803908E-02 +2.485784211E-02 +8.887171352E-02 -1.228534139E-01 +1.526298972E-01
3.40000000000E+09 -1.033790588E-01 +8.403651386E-02 +1.833208714E-02 +6.658754249E-02 -1.471019065E-01 +1.933474748E-01
3.41000000000E+09 +5.159742619E-02 +1.206316276E-01 +3.032768856E-02 +5.400717782E-02 -1.356726475E-01 +2.351636114E-01
3.42000000000E+09 +1.290467568E-01 -1.569838062E-02 +4.607863090E-02 +8.812481250E-03 -1.066462035E-01 +2.549475629E-01
3.43000000000E+09 +2.043943438E-02 -1.274574362E-01 +1.384618625E-02 -5.861520878E-02 -8.039984540E-02 +2.578163119E-01
3.44000000000E+09 -1.158548828E-01 -5.537897576E-02 -7.290404479E-02 -8.531423835E-02 -5.321624239E-02 +2.542998163E-01
3.45000000000E+09 -8.639630784E-02 +9.536499428E-02 -1.532746964E-01 -3.745322943E-02 -2.413229533E-02 +2.369137034E-01
3.46000000000E+09 +6.867345267E-02 +1.113286585E-01 -1.693285559E-01 +4.566269047E-02 -9.413852775E-03 +1.946135152E-01
3.47000000000E+09 +1.273974042E-01 -3.769489715E-02 -1.298271067E-01 +9.812826755E-02 -2.975820760E-02 +1.464371404E-01
3.48000000000E+09 -4.710981210E-03 -1.331810238E-01 -9.057001219E-02 +1.049154861E-01 -8.166957834E-02 +1.287176366E-01
3.49000000000E+09 -1.284764391E-01 -2.929299962E-02 -7.368121068E-02 +1.069297399E-01 -1.255781350E-01 +1.574863563E-01
3.50000000000E+09 -6.195655961E-02 +1.141652122E-01 -4.458656763E-02 +1.229395276E-01 -1.363308536E-01 +2.042591937E-01
3.51000000000E+09 +9.166616100E-02 +9.002583782E-02 +1.689393583E-02 +1.136503288E-01 -1.210181209E-01 +2.386658661E-01
3.52000000000E+09 +1.107443680E-01 -6.309858748E-02 +6.708999058E-02 +4.324129672E-02 -9.856310633E-02 +2.543471074E-01
3.53000000000E+09 -2.976069898E-02 -1.229636253E-01 +4.645041473E-02 -5.463977235E-02 -7.084335777E-02 +2.621144650E-01
3.54000000000E+09 -1.258899326E-01 -6.182584079E-03 -3.914077014E-02 -1.056059033E-01 -3.771564073E-02 +2.594331942E-01
3.55000000000E+09 -4.190852174E-02 +1.199671595E-01 -1.222209196E-01 -8.219139380E-02 -7.795312459E-03 +2.313352177E-01
3.56000000000E+09 +1.055109759E-01 +7.396026460E-02 -1.536184925E-01 -2.715681339E-02 -2.981092374E-03 +1.858332412E-01
3.57000000000E+09 +9.960925630E-02 -8.376480790E-02 -1.502236044E-01 +8.304220532E-03 -3.347276743E-02 +1.499020534E-01
3.58000000000E+09 -5.538902195E-02 -1.175868410E-01 -1.536241446E-01 +2.899499566E-02 -7.709098873E-02 +1.506175799E-01
3.59000000000E+09 -1.267575481E-01 +2.212799079E-02 -1.573974478E-01 +7.161001651E-02 -1.062725739E-01 +1.795717757E-01
3.60000000000E+09 -1.275491714E-02 +1.264814141E-01 -1.166469404E-01 +1.282557309E-01 -1.122084810E-01 +2.127951818E-01
3.61000000000E+09 +1.172647770E-01 +4.605703481E-02 -2.606350825E-02 +1.402385205E-01 -1.030745173E-01 +2.370336988E-01
3.62000000000E+09 +7.578932136E-02 -9.926110489E-02 +5.249540982E-02 +7.431883344E-02 -8.064559607E-02 +2.568255579E-01
3.63000000000E+09 -7.367971455E-02 -9.989861307E-02 +5.798145929E-02 -2.565803338E-02 -4.770849819E-02 +2.687201173E-01
3.64000000000E+09 -1.170670358E-01 +4.242568801E-02 +1.321609366E-03 -8.860558428E-02 -9.614788000E-03 +2.579722575E-01
3.65000000000E+09 +8.391528115E-03 +1.256398783E-01 -5.803624619E-02 -9.601229834E-02 +1.533232328E-02 +2.220135678E-01
3.66000000000E+09 +1.253075272E-01 +2.539628442E-02 -8.960998026E-02 -8.608413439E-02 +1.128849383E-02 +1.763850680E-01
3.67000000000E+09 +5.705637825E-02 -1.155951195E-01 -1.187056324E-01 -8.560504359E-02 -2.196828194E-02 +1.495138756E-01
3.68000000000E+09 -9.679719303E-02 -8.431603936E-02 -1.681730439E-01 -6.681878168E-02 -6.430298599E-02 +1.512285336E-01
3.69000000000E+09 -1.050014629E-01 +7.070870266E-02 -2.026205249E-01 +2.529291706E-03 -9.691065488E-02 +1.748076375E-01
3.70000000000E+09 +3.977981686E-02 +1.180021197E-01 -1.682481317E-01 +9.150736707E-02 -1.092339430E-01 +2.087589805E-01
3.71000000000E+09 +1.221584410E-01 -5.869178767E-03 -7.192319337E-02 +1.287615729E-01 -9.590095944E-02 +2.476893413E-01
3.72000000000E+09 +2.841531242E-02 -1.172985753E-01 +1.753002434E-02 +8.682399936E-02 -6.188859383E-02 +2.793269696E-01
3.73000000000E+09 -1.039740830E-01 -6.106121124E-02 +4.771709037E-02 +1.014983513E-02 -1.251484919E-02 +2.866188984E-01
3.74000000000E+09 -8.928373073E-02 +8.308295504E-02 +3.233613924E-02 -4.573426075E-02 +3.389703053E-02 +2.601539070E-01
3.75000000000E+09 +5.660791202E-02 +1.110481913E-01 +1.383409847E-02 -7.542800166E-02 +5.744499333E-02 +2.076053837E-01
3.76000000000E+09 +1.245513667E-01 -2.629527172E-02 -1.380846840E-03 -1.095642810E-01 +4.382602734E-02 +1.522855424E-01
3.77000000000E+09 +5.584845762E-03 -1.284981109E-01 -4.640938296E-02 -1.490635962E-01 -3.636098956E-03 +1.167167397E-01
3.78000000000E+09 -1.223368121E-01 -3.667847889E-02 -1.269556239E-01 -1.470934066E-01 -6.470628922E-02 +1.155228577E-01
3.79000000000E+09 -6.492204652E-02 +1.068582955E-01 -1.878712722E-01 -7.691151338E-02 -1.111524265E-01 +1.506930760E-01
3.80000000000E+09 +8.303047312E-02 +8.848537400E-02 -1.763641794E-01 +1.753190162E-02 -1.229988380E-01 +2.113598877E-01
3.81000000000E+09 +1.055983972E-01 -5.316704928E-02 -1.075063090E-01 +7.027256510E-02 -9.782505048E-02 +2.693484016E-01
3.82000000000E+09 -1.916220616E-02 -1.154718722E-01 -3.877431221E-02 +6.632021429E-02 -4.362093752E-02 +3.018298058E-01
3.83000000000E+09 -1.166649459E-01 -1.642036318E-02 +4.384592673E-04 +4.148314782E-02 +1.981373511E-02 +2.939743259E-01
3.84000000000E+09 -5.072787599E-02 +1.094594604E-01 +2.898751284E-02 +2.293548765E-02 +7.054260689E-02 +2.483849500E-01
3.85000000000E+09 +9.442367560E-02 +8.116377065E-02 +6.823775322E-02 -6.610987255E-03 +8.518676837E-02 +1.800172050E-01
3.86000000000E+09 +1.052067853E-01 -7.287883453E-02 +9.373063644E-02 -7.479027094E-02 +5.184512236E-02 +1.140814084E-01
3.87000000000E+09 -4.610047597E-02 -1.205974973E-01 +5.824706328E-02 -1.579774650E-01 -1.962421292E-02 +8.037957178E-02
3.88000000000E+09 -1.261737978E-01 +1.582672359E-02 -3.384071252E-02 -1.901336482E-01 -9.508602750E-02 +1.023723299E-01
3.89000000000E+09 -1.613408151E-02 +1.216928443E-01 -1.162734937E-01 -1.453104573E-01 -1.368713653E-01 +1.716172110E-01
3.90000000000E+09 +1.084915715E-01 +4.727292931E-02 -1.400856311E-01 -6.800345831E-02 -1.267662212E-01 +2.507248497E-01
3.91000000000E+09 +7.563700424E-02 -8.755774101E-02 -1.196398078E-01 -9.290514912E-03 -7.289855993E-02 +3.050452136E-01
3.92000000000E+09 -6.007590971E-02 -9.839650887E-02 -9.141728898E-02 +2.651848102E-02 -7.314203349E-04 +3.155815808E-01
3.93000000000E+09 -1.139741088E-01 +2.835644866E-02 -5.971951382E-02 +6.240215343E-02 +6.590357132E-02 +2.809114504E-01
3.94000000000E+09 -5.257502595E-03 +1.213373402E-01 +8.142838578E-04 +9.578140792E-02 +1.025160340E-01 +2.134959185E-01
3.95000000000E+09 +1.202737788E-01 +3.816025432E-02 +9.277350915E-02 +8.524199969E-02 +8.941390579E-02 +1.343062640E-01
3.96000000000E+09 +6.752069630E-02 -1.103125748E-01 +1.635858868E-01 +3.554857764E-03 +2.570963067E-02 +7.796985447E-02
3.97000000000E+09 -9.173253786E-02 -9.087148086E-02 +1.538487114E-01 -1.072401251E-01 -6.098295090E-02 +8.008556418E-02
3.98000000000E+09 -1.069955124E-01 +6.543177074E-02 +7.431577029E-02 -1.710829106E-01 -1.233625387E-01 +1.432339459E-01
3.99000000000E+09 +3.376836816E-02 +1.159452315E-01 -1.001463296E-02 -1.654569387E-01 -1.288961565E-01 +2.300591680E-01
4.00000000000E+09 +1.170898047E-01 +1.276158395E-03 -6.200406222E-02 -1.263821107E-01 -8.049790694E-02 +2.957433673E-01
4.01000000000E+09 +3.609439117E-02 -1.098029415E-01 -9.385524821E-02 -8.247724978E-02 -6.313187158E-03 +3.152609920E-01
4.02000000000E+09 -9.477041073E-02 -6.821201461E-02 -1.190456677E-01 -2.428957054E-02 +6.527044134E-02 +2.859163784E-01
4.03000000000E+09 -9.528237533E-02 +7.303821279E-02 -1.153289872E-01 +6.155033262E-02 +1.074141347E-01 +2.210751668E-01
4.04000000000E+09 +4.622016119E-02 +1.155803576E-01 -4.802020323E-02 +1.464300441E-01 +1.018271901E-01 +1.427913021E-01
4.05000000000E+09 +1.268369958E-01 -1.643881879E-02 +7.189244407E-02 +1.685956092E-01 +4.484978515E-02 +8.345863493E-02
4.06000000000E+09 +1.385271074E-02 -1.278510784E-01 +1.741347742E-01 +1.018141625E-01 -3.980108265E-02 +7.810124568E-02
4.07000000000E+09 -1.186156396E-01 -4.305473691E-02 +1.990278999E-01 -4.828110521E-03 -1.063118913E-01 +1.350022193E-01
4.08000000000E+09 -7.002658080E-02 +1.002727499E-01 +1.586068218E-01 -8.455653554E-02 -1.173469771E-01 +2.211244126E-01
4.09000000000E+09 +7.408647661E-02 +9.274572063E-02 +9.915502577E-02 -1.222722727E-01 -7.038246062E-02 +2.890089942E-01
4.10000000000E+09 +1.088993600E-01 -4.293365030E-02 +3.723938810E-02 -1.374006988E-01 +6.996791913E-03 +3.074408978E-01
4.11000000000E+09 -9.165110023E-03 -1.177355875E-01 -3.822505919E-02 -1.303155101E-01 +8.095950933E-02 +2.738839219E-01
4.12000000000E+09 -1.184475978E-01 -2.487582136E-02 -1.183335625E-01 -7.434467418E-02 +1.188617762E-01 +2.037108237E-01
4.13000000000E+09 -5.675537113E-02 +1.109330988E-01 -1.548805445E-01 +3.773385885E-02 +1.037210680E-01 +1.237980573E-01
4.14000000000E+09 +9.537628839E-02 +8.362160159E-02 -1.054578996E-01 +1.558023000E-01 +3.862537679E-02 +6.954464939E-02
4.15000000000E+09 +1.035364695E-01 -7.317176287E-02 +6.811425434E-03 +2.080800535E-01 -4.882603568E-02 +7.271239244E-02
4.16000000000E+09 -4.521089900E-02 -1.155821973E-01 +1.092327376E-01 +1.773887977E-01 -1.133955076E-01 +1.359578444E-01
4.17000000000E+09 -1.195283713E-01 +1.302504027E-02 +1.588102177E-01 +1.093619956E-01 -1.212673823E-01 +2.269775788E-01
4.18000000000E+09 -2.081356285E-02 +1.147765976E-01 +1.687473524E-01 +4.439254488E-02 -6.829220791E-02 +2.984192565E-01
4.19000000000E+09 +1.024969305E-01 +5.303866716E-02 +1.585391443E-01 -1.771822541E-02 +2.036829915E-02 +3.180249976E-01
4.20000000000E+09 +8.186542962E-02 -8.354394763E-02 +1.171774382E-01 -8.311468373E-02 +1.042320661E-01 +2.788667536E-01
4.21000000000E+09 -5.924279810E-02 -1.047386390E-01 +2.751405534E-02 -1.245980521E-01 +1.449924058E-01 +1.953269168E-01
4.22000000000E+09 -1.198698541E-01 +3.148778577E-02 -8.595468017E-02 -9.651974363E-02 +1.211958409E-01 +1.020257166E-01
4.23000000000E+09 +2.402797511E-03 +1.255446206E-01 -1.566452124E-01 +5.302310268E-03 +4.087078728E-02 +4.458424668E-02
4.24000000000E+09 +1.214826899E-01 +2.627610625E-02 -1.427678135E-01 +1.203977719E-01 -5.935597858E-02 +5.442512412E-02
4.25000000000E+09 +5.312923879E-02 -1.080401431E-01 -7.392644493E-02 +1.866363689E-01 -1.300818244E-01 +1.281645023E-01
4.26000000000E+09 -8.619105918E-02 -7.674716275E-02 -3.755887120E-03 +2.009158138E-01 -1.382655502E-01 +2.281245762E-01
4.27000000000E+09 -9.469818362E-02 +5.788827730E-02 +5.221784602E-02 +1.922087857E-01 -8.232884942E-02 +3.104100120E-01
4.28000000000E+09 +2.590858603E-02 +1.062466757E-01 +1.067647725E-01 +1.664961797E-01 +1.553157003E-02 +3.423442592E-01
4.29000000000E+09 +1.105091592E-01 +8.127801399E-03 +1.537115618E-01 +1.051734224E-01 +1.163580537E-01 +3.108319303E-01
4.30000000000E+09 +4.112112834E-02 -1.070068285E-01 +1.556912503E-01 +7.859949964E-03 +1.782872188E-01 +2.227435523E-01
4.31000000000E+09 -9.654403085E-02 -7.064359249E-02 +8.395726561E-02 -7.989559711E-02 +1.695693102E-01 +1.101672132E-01
4.32000000000E+09 -9.395707304E-02 +7.946311403E-02 -3.335399793E-02 -9.835349548E-02 +8.910158829E-02 +2.600345520E-02
4.33000000000E+09 +5.641540743E-02 +1.093846235E-01 -1.265014892E-01 -4.055242693E-02 -2.479864318E-02 +1.388089540E-02
4.34000000000E+09 +1.162342303E-01 -2.855295681E-02 -1.598140627E-01 +4.195190087E-02 -1.191307542E-01 +7.551005851E-02
4.35000000000E+09 +2.298280412E-03 -1.143356877E-01 -1.544657702E-01 +1.096163206E-01 -1.523720156E-01 +1.769053363E-01
4.36000000000E+09 -1.040396900E-01 -3.302080385E-02 -1.328835183E-01 +1.663670711E-01 -1.188903592E-01 +2.726898511E-01
4.37000000000E+09 -6.148703075E-02 +8.667166448E-02 -8.538457985E-02 +2.182757236E-01 -3.467563942E-02 +3.319278222E-01
4.38000000000E+09 +6.261743614E-02 +8.559546761E-02 -1.195004996E-03 +2.402029066E-01 +6.729300298E-02 +3.336419572E-01
4.39000000000E+09 +1.033246055E-01 -3.439323608E-02 +9.326533615E-02 +1.972255968E-01 +1.507774571E-01 +2.743005834E-01
4.40000000000E+09 -4.139793899E-03 -1.140852728E-01 +1.405873736E-01 +9.086777830E-02 +1.778687351E-01 +1.727649712E-01
4.41000000000E+09 -1.165544151E-01 -2.576447454E-02 +1.030874611E-01 -2.339353544E-02 +1.359545232E-01 +7.426133246E-02
4.42000000000E+09 -5.312217548E-02 +1.100730876E-01 +7.750069024E-03 -8.095938831E-02 +4.577917835E-02 +2.852352023E-02
4.43000000000E+09 +9.458089131E-02 +7.633172948E-02 -8.364291923E-02 -7.333809711E-02 -4.725939876E-02 +5.070839813E-02
4.44000000000E+09 +9.435625158E-02 -7.136321930E-02 -1.450489923E-01 -3.641232412E-02 -1.025871044E-01 +1.169750456E-01
4.45000000000E+09 -4.251994174E-02 -1.056895193E-01 -1.880120342E-01 +1.273773414E-02 -1.052756835E-01 +1.954633116E-01
4.46000000000E+09 -1.100547259E-01 +1.064649635E-02 -2.095383740E-01 +8.329306557E-02 -6.296002992E-02 +2.596031984E-01
4.47000000000E+09 -2.238921940E-02 +1.064915642E-01 -1.827479091E-01 +1.657934608E-01 +6.153975151E-03 +2.882740619E-01
4.48000000000E+09 +9.574934184E-02 +5.338721592E-02 -9.853518312E-02 +2.163297055E-01 +7.553127327E-02 +2.689854184E-01
4.49000000000E+09 +8.087082501E-02 -7.876592184E-02 +4.468513362E-03 +1.939689475E-01 +1.130865153E-01 +2.073552210E-01
4.50000000000E+09 -5.651152055E-02 -1.020696741E-01 +6.382731930E-02 +1.072833934E-01 +1.033558393E-01 +1.381052786E-01
4.51000000000E+09 -1.152708434E-01 +3.061665635E-02 +5.238905363E-02 +1.427392632E-02 +5.480929796E-02 +1.001631090E-01
4.52000000000E+09 +2.329537488E-03 +1.194557020E-01 +3.335359249E-03 -3.912206661E-02 -3.836021059E-04 +1.060353970E-01
4.53000000000E+09 +1.148104648E-01 +2.665382861E-02 -4.279624542E-02 -6.133137142E-02 -3.420784501E-02 +1.393209164E-01
4.54000000000E+09 +5.387107373E-02 -1.017102969E-01 -8.683238447E-02 -7.600146948E-02 -3.888829838E-02 +1.798306438E-01
4.55000000000E+09 -8.165045220E-02 -7.743783820E-02 -1.440592829E-01 -7.401680204E-02 -1.860334817E-02 +2.163260272E-01
4.56000000000E+09 -9.545742408E-02 +5.558430568E-02 -1.973389140E-01 -3.159938635E-02 +1.958349506E-02 +2.346059467E-01
4.57000000000E+09 +2.616729742E-02 +1.068235987E-01 -2.072493255E-01 +4.139815489E-02 +6.030563682E-02 +2.232764309E-01
4.58000000000E+09 +1.110888005E-01 +5.012056966E-03 -1.612306266E-01 +9.934385833E-02 +8.456520036E-02 +1.806187025E-01
4.59000000000E+09 +3.500933129E-02 -1.072822986E-01 -9.304826809E-02 +1.066929509E-01 +7.478033354E-02 +1.318687350E-01
4.60000000000E+09 -9.599766735E-02 -6.175690006E-02 -4.710666037E-02 +7.518141301E-02 +3.554247176E-02 +1.076820488E-01
4.61000000000E+09 -8.364205500E-02 +7.751424039E-02 -2.854101308E-02 +4.182079871E-02 -9.842121913E-03 +1.180549256E-01
4.62000000000E+09 +5.326963301E-02 +9.948095328E-02 -1.190618566E-02 +1.522852860E-02 -3.457317752E-02 +1.489310119E-01
4.63000000000E+09 +1.080171883E-01 -2.527858948E-02 +6.471453154E-03 -2.720857587E-02 -3.564643777E-02 +1.848598393E-01
4.64000000000E+09 +4.298077847E-03 -1.088177354E-01 -3.415574101E-03 -8.924498493E-02 -1.870016291E-02 +2.170447670E-01
4.65000000000E+09 -1.015041317E-01 -3.334788276E-02 -5.778158235E-02 -1.342822020E-01 +1.329665398E-02 +2.393370273E-01
4.66000000000E+09 -5.991228535E-02 +8.708905185E-02 -1.264859703E-01 -1.274907158E-01 +5.461769294E-02 +2.366539038E-01
4.67000000000E+09 +6.637318754E-02 +8.233090873E-02 -1.636012296E-01 -7.871767449E-02 +9.343917503E-02 +2.030434606E-01
4.68000000000E+09 +9.832882813E-02 -4.132622525E-02 -1.562317657E-01 -2.907043601E-02 +1.046851355E-01 +1.522952569E-01
4.69000000000E+09 -1.393827134E-02 -1.072415015E-01 -1.299452727E-01 -3.113302350E-03 +8.117159200E-02 +1.078320555E-01
4.70000000000E+09 -1.080279459E-01 -1.427946656E-02 -1.069003594E-01 +1.147799362E-02 +3.456719529E-02 +8.818341658E-02
4.71000000000E+09 -4.117483411E-02 +1.008228486E-01 -7.634904571E-02 +3.000380326E-02 -1.339094639E-02 +9.421017366E-02
4.72000000000E+09 +8.618003740E-02 +6.487823841E-02 -2.223713411E-02 +3.529185297E-02 -4.812880888E-02 +1.217495012E-01
4.73000000000E+09 +8.346435363E-02 -6.532471208E-02 +3.585116914E-02 -3.802743187E-04 -6.630854738E-02 +1.664676036E-01
4.74000000000E+09 -3.966168759E-02 -9.556105244E-02 +5.660135384E-02 -6.772363085E-02 -5.890188703E-02 +2.188624009E-01
4.75000000000E+09 -1.005680933E-01 +1.104700222E-02 +2.939119159E-02 -1.224921721E-01 -2.045130953E-02 +2.590279226E-01
4.76000000000E+09 -1.848130953E-02 +9.798150351E-02 -1.302911647E-02 -1.366084610E-01 +3.874098009E-02 +2.681070955E-01
4.77000000000E+09 +8.829479404E-02 +4.613646681E-02 -3.677085272E-02 -1.245745030E-01 +9.413074521E-02 +2.434935927E-01
4.78000000000E+09 +7.026871408E-02 -7.227843402E-02 -4.323316195E-02 -1.156908474E-01 +1.244873493E-01 +1.941235576E-01
4.79000000000E+09 -5.100346934E-02 -8.886993059E-02 -5.590681335E-02 -1.125525539E-01 +1.211963694E-01 +1.368776153E-01
4.80000000000E+09 -1.009145029E-01 +2.594863087E-02 -7.738502253E-02 -9.136648981E-02 +8.741691435E-02 +8.480845093E-02
4.81000000000E+09 -4.017841937E-04 +1.053040983E-01 -7.979416686E-02 -4.258091855E-02 +2.992084063E-02 +5.653809293E-02
4.82000000000E+09 +1.016276152E-01 +2.628361545E-02 -4.058704987E-02 +3.602370276E-03 -3.786968389E-02 +7.101328075E-02
4.83000000000E+09 +4.994668918E-02 -9.018534517E-02 +1.973938361E-02 +1.300231631E-02 -8.663104808E-02 +1.264758212E-01
4.84000000000E+09 -7.179225636E-02 -7.012103721E-02 +6.433668771E-02 -9.712362808E-03 -9.005378501E-02 +1.983624041E-01
4.85000000000E+09 -8.513187885E-02 +4.793888422E-02 +8.600520013E-02 -3.581736184E-02 -4.839814476E-02 +2.553693325E-01
4.86000000000E+09 +2.090002061E-02 +9.392463085E-02 +1.035961686E-01 -5.643280060E-02 +1.420730181E-02 +2.778242135E-01
4.87000000000E+09 +9.577592325E-02 +7.740981011E-03 +1.221824240E-01 -8.873197325E-02 +7.340495292E-02 +2.639050410E-01
4.88000000000E+09 +3.548617328E-02 -9.030506627E-02 +1.179799514E-01 -1.399214506E-01 +1.131358310E-01 +2.185271889E-01
4.89000000000E+09 -7.849164561E-02 -6.084448888E-02 +6.962989409E-02 -1.821369582E-01 +1.225841176E-01 +1.542292809E-01
4.90000000000E+09 -8.167808681E-02 +6.070477456E-02 -4.919041520E-03 -1.750632599E-01 +9.470915325E-02 +9.478620064E-02
4.91000000000E+09 +3.893213564E-02 +9.586795463E-02 -5.658621555E-02 -1.125138005E-01 +3.080168153E-02 +6.852687515E-02
4.92000000000E+09 +1.026442680E-01 -1.451328159E-02 -5.456677462E-02 -3.335406167E-02 -3.694613840E-02 +9.489924689E-02
4.93000000000E+09 +1.161078789E-02 -1.015201222E-01 -1.469121306E-02 +2.312242712E-02 -6.685101148E-02 +1.560373378E-01
4.94000000000E+09 -9.266464258E-02 -3.736032600E-02 +3.472299185E-02 +5.398561824E-02 -4.628242343E-02 +2.159052164E-01
4.95000000000E+09 -6.064552585E-02 +7.729973853E-02 +8.956914492E-02 +7.001034492E-02 +2.028104590E-03 +2.460952860E-01
4.96000000000E+09 +5.625460497E-02 +7.959444500E-02 +1.551413391E-01 +6.226674663E-02 +5.194235977E-02 +2.397320733E-01
4.97000000000E+09 +9.260678462E-02 -3.151069948E-02 +2.128209881E-01 +1.248914536E-02 +8.555575615E-02 +2.019517782E-01
4.98000000000E+09 -4.408478764E-03 -9.931139994E-02 +2.242242595E-01 -6.980349092E-02 +9.275103233E-02 +1.473666652E-01
4.99000000000E+09 -9.845817483E-02 -2.268277673E-02 +1.724442256E-01 -1.389043115E-01 +6.110068212E-02 +1.000639555E-01
5.00000000000E+09 -4.699038494E-02 +9.054279499E-02 +8.799524524E-02 -1.515483546E-01 -3.675184352E-03 +8.862800293E-02
5.01000000000E+09 +7.595390944E-02 +6.738808653E-02 +2.189741827E-02 -1.097512635E-01 -6.472857823E-02 +1.310914406E-01
5.02000000000E+09 +8.277643932E-02 -5.492526375E-02 -6.372252915E-03 -5.031678912E-02 -7.746351091E-02 +2.064049759E-01
5.03000000000E+09 -2.946064715E-02 -9.211931252E-02 -1.235791576E-02 +5.877212483E-03 -3.147434157E-02 +2.693363286E-01
5.04000000000E+09 -9.500397946E-02 +1.868496012E-03 -3.865392404E-03 +6.504450661E-02 +4.323444386E-02 +2.879216714E-01
5.05000000000E+09 -2.559973234E-02 +9.096735586E-02 +3.396645413E-02 +1.257770512E-01 +1.099490111E-01 +2.565163154E-01
5.06000000000E+09 +8.047842639E-02 +5.084962054E-02 +1.082872886E-01 +1.595447480E-01 +1.468627199E-01 +1.874640285E-01
5.07000000000E+09 +7.252204043E-02 -6.397640704E-02 +1.905771982E-01 +1.371912280E-01 +1.411184213E-01 +1.038511470E-01
5.08000000000E+09 -4.295975147E-02 -8.806194332E-02 +2.345101984E-01 +6.697163478E-02 +8.020763578E-02 +3.495203199E-02
5.09000000000E+09 -9.644107146E-02 +1.975488514E-02 +2.208176258E-01 -7.697861524E-03 -2.327826109E-02 +2.105514324E-02
5.10000000000E+09 -4.798033326E-03 +9.721045908E-02 +1.717425120E-01 -5.253383281E-02 -1.204053615E-01 +8.154190270E-02
5.11000000000E+09 +8.977284744E-02 +2.926766442E-02 +1.154255653E-01 -6.900406799E-02 -1.541407064E-01 +1.932961972E-01
5.12000000000E+09 +5.175992869E-02 -7.553480361E-02 +5.385111954E-02 -6.792726607E-02 -1.070236173E-01 +2.961597572E-01
5.13000000000E+09 -5.576509799E-02 -7.061027861E-02 -1.643465342E-02 -3.811383179E-02 -1.064752258E-02 +3.468363635E-01
5.14000000000E+09 -8.393326751E-02 +3.194462750E-02 -7.197251390E-02 +3.717459468E-02 +8.836766591E-02 +3.338226162E-01
5.15000000000E+09 +5.665285600E-03 +9.073333547E-02 -7.228383094E-02 +1.418075336E-01 +1.635956177E-01 +2.685145074E-01
5.16000000000E+09 +9.039788794E-02 +2.156258215E-02 -4.696726585E-03 +2.240517529E-01 +1.948307329E-01 +1.726213937E-01
5.17000000000E+09 +4.689118076E-02 -8.290366011E-02 +9.416321004E-02 +2.398162474E-01 +1.640118078E-01 +7.129327153E-02
5.18000000000E+09 -6.972117216E-02 -6.826921006E-02 +1.695667521E-01 +1.922609314E-01 +6.878170565E-02 +6.868573038E-03
5.19000000000E+09 -8.434745821E-02 +5.110938150E-02 +1.964199939E-01 +1.199266878E-01 -5.509120545E-02 +1.879635570E-02
5.20000000000E+09 +2.782075921E-02 +9.346972973E-02 +1.861707962E-01 +5.107671674E-02 -1.369332696E-01 +1.075109695E-01
5.21000000000E+09 +9.583612859E-02 -1.886426311E-03 +1.484760224E-01 -1.171102770E-02 -1.374996882E-01 +2.195724171E-01
5.22000000000E+09 +2.487080132E-02 -9.153661569E-02 +7.464066167E-02 -5.983545763E-02 -7.282772159E-02 +2.979795793E-01
5.23000000000E+09 -8.065567975E-02 -4.983805523E-02 -3.044396858E-02 -6.070373241E-02 +1.042128848E-02 +3.196545374E-01
5.24000000000E+09 -7.123007024E-02 +6.387839966E-02 -1.223478982E-01 +8.452940098E-03 +8.159360071E-02 +2.924774515E-01
5.25000000000E+09 +4.174735930E-02 +8.739769516E-02 -1.470806331E-01 +1.191416234E-01 +1.263190489E-01 +2.378552861E-01
5.26000000000E+09 +9.685607781E-02 -1.649589022E-02 -9.668028236E-02 +2.071962209E-01 +1.307267768E-01 +1.709903058E-01
5.27000000000E+09 +9.443813632E-03 -9.965609389E-02 -1.681961062E-02 +2.320970870E-01 +8.697882466E-02 +1.157785362E-01
5.28000000000E+09 -9.517633838E-02 -3.472434146E-02 +4.279305149E-02 +2.072745148E-01 +1.468638167E-02 +1.022972936E-01
5.29000000000E+09 -5.726243757E-02 +8.291290707E-02 +7.358565843E-02 +1.684809233E-01 -4.060423460E-02 +1.448709071E-01
5.30000000000E+09 +6.440869734E-02 +7.624697931E-02 +9.223663803E-02 +1.247747098E-01 -4.116936099E-02 +2.094717321E-01
5.31000000000E+09 +9.053441318E-02 -4.081906062E-02 +9.529249211E-02 +6.400011299E-02 +2.490272853E-03 +2.497704312E-01
5.32000000000E+09 -1.485628363E-02 -9.871810617E-02 +5.796339235E-02 -4.197221798E-03 +5.181375010E-02 +2.450975781E-01
5.33000000000E+09 -1.002872353E-01 -1.181822909E-02 -2.214028990E-02 -3.934106178E-02 +7.895814579E-02 +2.092246370E-01
5.34000000000E+09 -3.732815479E-02 +9.443554015E-02 -1.027793949E-01 -1.486358656E-02 +7.810463272E-02 +1.697238956E-01
5.35000000000E+09 +8.174610429E-02 +5.968231050E-02 -1.384219567E-01 +4.336304599E-02 +5.109439177E-02 +1.423260609E-01
5.36000000000E+09 +7.731638883E-02 -6.372297431E-02 -1.316142764E-01 +8.780593656E-02 +3.973101822E-03 +1.351070054E-01
5.37000000000E+09 -4.123764526E-02 -8.903565075E-02 -1.186614637E-01 +1.062622659E-01 -4.312717860E-02 +1.616018350E-01
5.38000000000E+09 -9.360545335E-02 +1.573980502E-02 -1.134025969E-01 +1.235850818E-01 -5.950048194E-02 +2.212467810E-01
5.39000000000E+09 -1.130319991E-02 +9.146778434E-02 -9.331246245E-02 +1.504561282E-01 -2.548184910E-02 +2.841388439E-01
5.40000000000E+09 +8.250875330E-02 +3.764030431E-02 -4.361928983E-02 +1.610134099E-01 +4.273232037E-02 +3.103808695E-01
5.41000000000E+09 +6.086286517E-02 -6.833013783E-02 +1.168395501E-02 +1.270943849E-01 +1.087479187E-01 +2.847570727E-01
5.42000000000E+09 -4.968415375E-02 -7.967578060E-02 +3.074818695E-02 +5.846505754E-02 +1.431661954E-01 +2.226415895E-01
5.43000000000E+09 -9.221612770E-02 +2.771073975E-02 +1.384278199E-03 -9.194870441E-04 +1.375283942E-01 +1.574239935E-01
5.44000000000E+09 +3.912333034E-03 +9.765615048E-02 -4.376406319E-02 -2.210374833E-02 +9.642462212E-02 +1.091346377E-01
5.45000000000E+09 +9.570142701E-02 +1.978945237E-02 -7.245607341E-02 -2.156387385E-02 +3.365208183E-02 +8.806938301E-02
5.46000000000E+09 +4.171951605E-02 -8.678910258E-02 -9.227657171E-02 -2.463089510E-02 -3.417905903E-02 +1.045721903E-01
5.47000000000E+09 -7.111873865E-02 -6.032863850E-02 -1.227825955E-01 -2.206102443E-02 -7.857609579E-02 +1.619023517E-01
5.48000000000E+09 -7.463018973E-02 +5.016621031E-02 -1.503845032E-01 +9.187332108E-03 -7.818551237E-02 +2.378498428E-01
5.49000000000E+09 +2.557032183E-02 +8.334141643E-02 -1.414260296E-01 +5.916683696E-02 -3.764874635E-02 +2.957270932E-01
5.50000000000E+09 +8.619107250E-02 +5.981507216E-05 -9.065253798E-02 +8.716873461E-02 +2.019225771E-02 +3.157659897E-01
5.51000000000E+09 +2.540907592E-02 -8.277291246E-02 -3.440316462E-02 +6.796488584E-02 +7.376263506E-02 +3.027101326E-01
5.52000000000E+09 -7.301488604E-02 -4.837700226E-02 -1.178238503E-02 +2.217244183E-02 +1.134035826E-01 +2.726034233E-01
5.53000000000E+09 -6.766716388E-02 +5.770389747E-02 -1.996223729E-02 -8.938958368E-03 +1.317259883E-01 +2.303576607E-01
5.54000000000E+09 +3.824669680E-02 +8.178293323E-02 -2.350075655E-02 -1.567186585E-02 +1.291066398E-01 +1.810908672E-01
5.55000000000E+09 +9.006886370E-02 -1.635221024E-02 -6.966038540E-03 -2.722819447E-02 +1.007195158E-01 +1.389786837E-01
5.56000000000E+09 +6.586611398E-03 -9.144760663E-02 +3.465749733E-03 -6.315126390E-02 +5.361625775E-02 +1.213841952E-01
5.57000000000E+09 -8.603122208E-02 -2.874108989E-02 -1.783107902E-02 -1.004390016E-01 +6.808815186E-03 +1.344317448E-01
5.58000000000E+09 -4.862070532E-02 +7.427087113E-02 -5.492804671E-02 -1.071656585E-01 -2.783353587E-02 +1.650155712E-01
5.59000000000E+09 +5.763478737E-02 +6.457784403E-02 -7.431590876E-02 -8.858667319E-02 -4.626870647E-02 +2.037886831E-01
5.60000000000E+09 +7.552265032E-02 -3.693105957E-02 -7.295421147E-02 -7.435067412E-02 -4.439743779E-02 +2.488146413E-01
5.61000000000E+09 -1.381529692E-02 -8.055564389E-02 -7.587009470E-02 -7.044918959E-02 -1.725433954E-02 +2.960840912E-01
5.62000000000E+09 -7.945382605E-02 -1.029838734E-02 -8.992142867E-02 -5.135273571E-02 +3.128439549E-02 +3.238288157E-01
5.63000000000E+09 -3.311196148E-02 +7.235446109E-02 -8.528753439E-02 -3.149254428E-03 +8.827473280E-02 +3.190744200E-01
5.64000000000E+09 +6.033032936E-02 +5.317635121E-02 -3.176526085E-02 +4.500762083E-02 +1.337361296E-01 +2.819216485E-01
5.65000000000E+09 +6.895234876E-02 -4.370777750E-02 +5.604732405E-02 +4.460764104E-02 +1.548637424E-01 +2.302562538E-01
5.66000000000E+09 -2.405060380E-02 -7.917337840E-02 +1.237347108E-01 -1.658028185E-02 +1.437938123E-01 +1.768598805E-01
5.67000000000E+09 -8.327890814E-02 +2.777103655E-03 +1.343513804E-01 -9.804942794E-02 +1.015604120E-01 +1.325177477E-01
5.68000000000E+09 -1.813808213E-02 +8.110720823E-02 +1.018807326E-01 -1.550875773E-01 +3.902663772E-02 +1.160811719E-01
5.69000000000E+09 +7.268184649E-02 +3.741383042E-02 +5.857747963E-02 -1.816687186E-01 -2.189679445E-02 +1.459222122E-01
5.70000000000E+09 +5.378978473E-02 -5.874516460E-02 +1.094747704E-02 -1.913967057E-01 -5.059434815E-02 +2.133035139E-01
5.71000000000E+09 -4.001646886E-02 -6.643091691E-02 -4.894395007E-02 -1.760988503E-01 -3.232762257E-02 +2.809487481E-01
5.72000000000E+09 -7.394413084E-02 +1.877964346E-02 -1.027252164E-01 -1.131431348E-01 +1.876112858E-02 +3.184858439E-01
5.73000000000E+09 -3.263981838E-03 +7.643679118E-02 -1.051132221E-01 -9.663703526E-03 +7.497094145E-02 +3.155644379E-01
5.74000000000E+09 +7.306000804E-02 +2.479752908E-02 -3.151203654E-02 +8.077891230E-02 +1.165965888E-01 +2.873870147E-01
5.75000000000E+09 +4.409134742E-02 -6.418434827E-02 +8.353997385E-02 +1.019388448E-01 +1.322468546E-01 +2.458021431E-01
5.76000000000E+09 -5.038868715E-02 -5.989021284E-02 +1.749888900E-01 +5.245434090E-02 +1.193974359E-01 +2.002656819E-01
5.77000000000E+09 -7.076890283E-02 +3.322996992E-02 +2.120010973E-01 -2.165393690E-02 +8.174135865E-02 +1.713900102E-01
5.78000000000E+09 +1.384863499E-02 +7.613596291E-02 +2.112837779E-01 -8.505305509E-02 +3.523358432E-02 +1.822589667E-01
5.79000000000E+09 +7.560978507E-02 +6.831414611E-03 +1.917185352E-01 -1.393753536E-01 +1.112675547E-02 +2.302832769E-01
5.80000000000E+09 +2.758703880E-02 -6.907605912E-02 +1.438961146E-01 -1.882021288E-01 +2.977653096E-02 +2.810866583E-01
5.81000000000E+09 -5.781680067E-02 -4.623550008E-02 +5.835977196E-02 -2.049675674E-01 +7.732954223E-02 +3.013410043E-01
5.82000000000E+09 -6.179431547E-02 +4.322351376E-02 -3.585253802E-02 -1.547535913E-01 +1.211822327E-01 +2.765051236E-01
5.83000000000E+09 +2.588249372E-02 +7.265702574E-02 -7.956049084E-02 -4.290165588E-02 +1.391685244E-01 +2.308762752E-01
5.84000000000E+09 +7.782298856E-02 -7.372407201E-03 -4.038927875E-02 +7.148550427E-02 +1.207338207E-01 +1.873701081E-01
5.85000000000E+09 +1.140265445E-02 -7.684807960E-02 +4.916075753E-02 +1.313497293E-01 +7.847935604E-02 +1.605284810E-01
5.86000000000E+09 -7.002018790E-02 -2.863231106E-02 +1.361202254E-01 +1.358058437E-01 +2.337920826E-02 +1.660019282E-01
5.87000000000E+09 -4.332511642E-02 +5.787762160E-02 +2.047544331E-01 +1.126062048E-01 -2.097282473E-02 +2.144290572E-01
5.88000000000E+09 +4.101397072E-02 +5.469085839E-02 +2.625664594E-01 +6.656405088E-02 -2.545302144E-02 +2.931122307E-01
5.89000000000E+09 +6.167164938E-02 -2.070795185E-02 +2.955907048E-01 -1.348483214E-02 +2.538247090E-02 +3.616972517E-01
5.90000000000E+09 +8.489424259E-04 -6.399470622E-02 +2.704618693E-01 -1.134051812E-01 +1.058657775E-01 +3.836828988E-01
5.91000000000E+09 -6.200236965E-02 -2.215764328E-02 +1.735141597E-01 -1.846475466E-01 +1.867346499E-01 +3.420351570E-01
5.92000000000E+09 -4.170293613E-02 +5.554363076E-02 +3.945767968E-02 -1.747781307E-01 +2.313632784E-01 +2.645061903E-01
5.93000000000E+09 +4.550852631E-02 +5.745167947E-02 -5.932643090E-02 -7.736757731E-02 +2.188184723E-01 +1.780134033E-01
5.94000000000E+09 +6.844041494E-02 -3.202660884E-02 -7.566842633E-02 +5.094615462E-02 +1.593355051E-01 +1.120644230E-01
5.95000000000E+09 -1.640903871E-02 -7.340484460E-02 -2.861057083E-02 +1.509955327E-01 +6.931786096E-02 +9.135953635E-02
5.96000000000E+09 -7.236720121E-02 -6.862306648E-04 +4.456724144E-02 +2.123462517E-01 -2.031076239E-02 +1.343032655E-01
5.97000000000E+09 -1.818911324E-02 +6.522155022E-02 +1.350798588E-01 +2.398569969E-01 -6.632121366E-02 +2.329343444E-01
5.98000000000E+09 +5.275584909E-02 +3.459198377E-02 +2.360471054E-01 +2.170566986E-01 -4.021284743E-02 +3.372187684E-01
5.99000000000E+09 +4.832688938E-02 -3.655886206E-02 +3.119816299E-01 +1.306557781E-01 +3.858391814E-02 +3.995656453E-01
6.00000000000E+09 -1.775060771E-02 -5.873683069E-02 +3.169332687E-01 +3.608063712E-03 +1.355231072E-01 +3.968121081E-01
6.01000000000E+09 -6.457219807E-02 -2.463417641E-03 +2.322486440E-01 -1.048845319E-01 +2.127790833E-01 +3.445745910E-01
6.02000000000E+09 -2.214693465E-02 +6.576702123E-02 +9.394963717E-02 -1.327390893E-01 +2.366541805E-01 +2.666531536E-01
6.03000000000E+09 +6.194151299E-02 +4.014698872E-02 -2.245664919E-02 -7.091363225E-02 +2.180439563E-01 +1.912748194E-01
6.04000000000E+09 +5.466306391E-02 -5.311189278E-02 -7.366810708E-02 +2.769656465E-02 +1.615102637E-01 +1.410669953E-01
6.05000000000E+09 -3.986390379E-02 -6.508661631E-02 -7.664670407E-02 +1.181362592E-01 +8.386765491E-02 +1.345756347E-01
6.06000000000E+09 -7.021296280E-02 +2.295416115E-02 -5.044272555E-02 +1.990278191E-01 +1.686464044E-02 +1.849653231E-01
6.07000000000E+09 +3.346670869E-03 +6.986816877E-02 +1.492062837E-02 +2.651100616E-01 -4.421999479E-04 +2.644835342E-01
6.08000000000E+09 +6.467890257E-02 +1.691912117E-02 +1.165432739E-01 +2.818533240E-01 +3.816307493E-02 +3.306172685E-01
6.09000000000E+09 +3.652305676E-02 -5.547190905E-02 +2.117163756E-01 +2.238437561E-01 +1.052557582E-01 +3.484193862E-01
6.10000000000E+09 -4.233088977E-02 -5.343021490E-02 +2.451318680E-01 +1.116161940E-01 +1.633480855E-01 +3.259102943E-01
6.11000000000E+09 -6.633404209E-02 +2.702226390E-02 +1.955779557E-01 +6.376754839E-03 +1.843428651E-01 +2.805846349E-01
6.12000000000E+09 +9.715984728E-03 +7.435985593E-02 +1.010878435E-01 -3.817810741E-02 +1.751795361E-01 +2.421360514E-01
6.13000000000E+09 +7.635378746E-02 +8.060302602E-03 +1.891828387E-02 -2.775114266E-02 +1.480509198E-01 +2.208032898E-01
6.14000000000E+09 +2.549003059E-02 -7.255556534E-02 -4.004172906E-02 -6.775155443E-04 +1.164932538E-01 +2.224126074E-01
6.15000000000E+09 -6.290589055E-02 -4.079954711E-02 -9.528845776E-02 +4.006431270E-02 +9.004062846E-02 +2.502185899E-01
6.16000000000E+09 -5.348091323E-02 +4.804827888E-02 -1.332291447E-01 +1.152194948E-01 +9.189413763E-02 +2.905976642E-01
6.17000000000E+09 +2.942649334E-02 +6.241985213E-02 -1.143492192E-01 +2.089287506E-01 +1.271772272E-01 +3.189133879E-01
6.18000000000E+09 +6.765573260E-02 -8.516974893E-03 -3.228821438E-02 +2.672607821E-01 +1.795168977E-01 +3.120209301E-01
6.19000000000E+09 +1.280950788E-02 -6.818286320E-02 +6.795048658E-02 +2.509973624E-01 +2.143403402E-01 +2.739869457E-01
6.20000000000E+09 -6.480176688E-02 -3.261944539E-02 +1.270166590E-01 +1.737227761E-01 +2.099054756E-01 +2.204861665E-01
6.21000000000E+09 -4.993916633E-02 +5.685473960E-02 +1.243209958E-01 +8.868547534E-02 +1.720448949E-01 +1.853385874E-01
6.22000000000E+09 +4.499214403E-02 +6.266257666E-02 +8.988053384E-02 +3.054607527E-02 +1.197185806E-01 +1.811292243E-01
6.23000000000E+09 +7.064621448E-02 -2.972073150E-02 +4.873010385E-02 -1.314011944E-02 +7.483535042E-02 +2.093695885E-01
6.24000000000E+09 -1.226070877E-02 -7.282353369E-02 -1.471326126E-02 -5.046343170E-02 +4.994370295E-02 +2.625904740E-01
6.25000000000E+09 -6.956198178E-02 -6.460480692E-03 -1.061094345E-01 -4.734954548E-02 +6.310169774E-02 +3.250772596E-01
6.26000000000E+09 -2.481541720E-02 +6.106804603E-02 -1.796801242E-01 +2.051664951E-02 +1.148116091E-01 +3.688616005E-01
6.27000000000E+09 +4.845734794E-02 +4.160486068E-02 -1.839296534E-01 +1.202338716E-01 +1.855297625E-01 +3.760106865E-01
6.28000000000E+09 +5.501251796E-02 -3.233606912E-02 -1.173805672E-01 +1.884005981E-01 +2.471367196E-01 +3.451801551E-01
6.29000000000E+09 -1.443448378E-02 -6.453780132E-02 -2.971351112E-02 +1.872425450E-01 +2.803155871E-01 +2.858076234E-01
6.30000000000E+09 -6.943032289E-02 -4.850224234E-03 +2.385336843E-02 +1.353966550E-01 +2.755482889E-01 +2.192003848E-01
6.31000000000E+09 -2.323148484E-02 +6.917711132E-02 +3.473044650E-02 +8.096948283E-02 +2.360800729E-01 +1.647936465E-01
6.32000000000E+09 +6.406304792E-02 +3.994254074E-02 +3.379016360E-02 +4.099107695E-02 +1.706913312E-01 +1.394327990E-01
6.33000000000E+09 +5.288350275E-02 -5.411999165E-02 +2.973155263E-02 -6.323483528E-03 +9.777019723E-02 +1.596016517E-01
6.34000000000E+09 -3.987130264E-02 -6.179192606E-02 -6.401588976E-03 -6.034969531E-02 +5.173100570E-02 +2.216783053E-01
6.35000000000E+09 -6.599381365E-02 +2.217020651E-02 -7.789635203E-02 -7.759220492E-02 +5.416087355E-02 +2.989498460E-01
6.36000000000E+09 +2.662512125E-03 +6.594497782E-02 -1.355642186E-01 -3.631989409E-02 +1.005593180E-01 +3.582880226E-01
6.37000000000E+09 +6.114441260E-02 +1.676939003E-02 -1.362956960E-01 +2.681425683E-02 +1.649546029E-01 +3.819042703E-01
6.38000000000E+09 +3.451824396E-02 -5.225819468E-02 -9.185683441E-02 +5.826280315E-02 +2.292026265E-01 +3.724439404E-01
6.39000000000E+09 -3.910856717E-02 -4.972107210E-02 -5.109597428E-02 +4.425274004E-02 +2.795956187E-01 +3.320284387E-01
6.40000000000E+09 -6.114668019E-02 +2.320277124E-02 -4.261724544E-02 +1.969040177E-02 +3.059579490E-01 +2.726738146E-01
6.41000000000E+09 +5.327455428E-03 +6.844604540E-02 -4.488092912E-02 +1.835052261E-02 +2.925473446E-01 +2.060018692E-01
6.42000000000E+09 +7.076132918E-02 +1.230574834E-02 -2.226570000E-02 +2.652157773E-02 +2.408973703E-01 +1.574896233E-01
6.43000000000E+09 +2.870289225E-02 -6.795041881E-02 +1.638749868E-02 +4.115914393E-03 +1.694162673E-01 +1.520843392E-01
6.44000000000E+09 -5.943839238E-02 -4.245535179E-02 +2.467512724E-02 -4.758827290E-02 +1.149596269E-01 +1.939263637E-01
6.45000000000E+09 -5.347695474E-02 +4.626911143E-02 -7.225991587E-03 -7.949690204E-02 +9.869723294E-02 +2.578302121E-01
6.46000000000E+09 +2.940616192E-02 +6.071103243E-02 -3.534472450E-02 -6.969823617E-02 +1.182258677E-01 +3.156236877E-01
6.47000000000E+09 +6.386580740E-02 -1.060507919E-02 -2.943475109E-02 -5.165503941E-02 +1.649125525E-01 +3.505277376E-01
6.48000000000E+09 +9.123097922E-03 -6.229676523E-02 -1.156252609E-02 -5.971548182E-02 +2.257161443E-01 +3.551583484E-01
6.49000000000E+09 -5.641368758E-02 -2.802709829E-02 -1.865835692E-02 -8.170927250E-02 +2.786672078E-01 +3.287393310E-01
6.50000000000E+09 -4.518261579E-02 +4.656762604E-02 -4.881502904E-02 -7.693428322E-02 +3.034446070E-01 +2.743369148E-01
6.51000000000E+09 +3.396367152E-02 +5.867266081E-02 -5.824117659E-02 -3.302710280E-02 +2.889845334E-01 +2.194908813E-01
6.52000000000E+09 +6.784522841E-02 -1.921629207E-02 -1.627515625E-02 +7.846439026E-03 +2.443510515E-01 +1.882560488E-01
6.53000000000E+09 -3.246947718E-03 -7.111969934E-02 +4.510932628E-02 -1.731760086E-03 +1.987057966E-01 +1.970124057E-01
6.54000000000E+09 -6.902231864E-02 -1.326423417E-02 +7.028770489E-02 -4.634889049E-02 +1.712172961E-01 +2.321503424E-01
6.55000000000E+09 -2.900893906E-02 +6.150981580E-02 +5.811198220E-02 -7.294775222E-02 +1.698704299E-01 +2.724659354E-01
6.56000000000E+09 +4.969654414E-02 +4.287040295E-02 +5.229172128E-02 -6.971548902E-02 +1.943726983E-01 +3.053650848E-01
6.57000000000E+09 +5.376627557E-02 -3.406489129E-02 +6.941054527E-02 -7.211383522E-02 +2.401580103E-01 +3.161242457E-01
6.58000000000E+09 -1.605522687E-02 -6.121536390E-02 +7.839039268E-02 -1.006775053E-01 +2.842985651E-01 +2.984310989E-01
6.59000000000E+09 -6.457620399E-02 -3.139465566E-03 +4.981852223E-02 -1.278903118E-01 +3.051533682E-01 +2.524194598E-01
6.60000000000E+09 -2.128463608E-02 +6.393288521E-02 +2.284480526E-03 -1.111972367E-01 +2.874715120E-01 +2.057162489E-01
6.61000000000E+09 +5.899557403E-02 +3.726235203E-02 -1.024290591E-02 -5.268892575E-02 +2.390769954E-01 +1.836517878E-01
6.62000000000E+09 +4.945838026E-02 -4.938165105E-02 +3.041239997E-02 -8.349203584E-03 +1.950948307E-01 +2.070119692E-01
6.63000000000E+09 -3.564931549E-02 -5.789177609E-02 +7.684531500E-02 -1.222887503E-02 +1.786916871E-01 +2.540735156E-01
6.64000000000E+09 -6.196528334E-02 +1.896626173E-02 +8.865744875E-02 -3.103715048E-02 +1.941126349E-01 +2.975956974E-01
6.65000000000E+09 +9.650085223E-04 +6.175596523E-02 +8.657286907E-02 -2.543161536E-02 +2.335043082E-01 +3.250520855E-01
6.66000000000E+09 +5.681746446E-02 +1.711599523E-02 +1.082338087E-01 -8.358359933E-03 +2.893612542E-01 +3.279553642E-01
6.67000000000E+09 +3.411721784E-02 -4.780283753E-02 +1.479520054E-01 -1.921984926E-02 +3.400283955E-01 +2.988960616E-01
6.68000000000E+09 -3.519453940E-02 -4.886793784E-02 +1.630810153E-01 -6.505858348E-02 +3.677385185E-01 +2.385574595E-01
6.69000000000E+09 -6.036988123E-02 +2.065824187E-02 +1.271187504E-01 -1.056582232E-01 +3.458236460E-01 +1.726808456E-01
6.70000000000E+09 +5.291586534E-03 +6.764550678E-02 +6.813317975E-02 -9.450234839E-02 +2.828447563E-01 +1.302518924E-01
6.71000000000E+09 +6.924332350E-02 +9.313192555E-03 +4.443438199E-02 -4.008191612E-02 +2.127060524E-01 +1.451396778E-01
6.72000000000E+09 +2.331274504E-02 -6.489245406E-02 +6.549177109E-02 +7.482145916E-04 +1.701600411E-01 +2.023811447E-01
6.73000000000E+09 -5.511012593E-02 -3.586574323E-02 +8.504717236E-02 +9.302039003E-03 +1.734049116E-01 +2.664981747E-01
6.74000000000E+09 -4.629149682E-02 +4.131372101E-02 +8.416137344E-02 +2.135168230E-02 +2.113293032E-01 +3.140046056E-01
6.75000000000E+09 +2.446740533E-02 +5.333745215E-02 +9.455497192E-02 +5.443918612E-02 +2.721497091E-01 +3.356608845E-01
6.76000000000E+09 +5.667292470E-02 -5.781070269E-03 +1.390419095E-01 +7.682210977E-02 +3.335225177E-01 +3.208511914E-01
6.77000000000E+09 +1.342559616E-02 -5.584460227E-02 +1.911799576E-01 +5.249593856E-02 +3.795825216E-01 +2.724237960E-01
6.78000000000E+09 -5.138685177E-02 -3.171499669E-02 +2.009990274E-01 -9.512201316E-03 +3.809317190E-01 +2.062063175E-01
6.79000000000E+09 -4.766996936E-02 +4.367924574E-02 +1.503370118E-01 -5.498346028E-02 +3.415014304E-01 +1.480238445E-01
6.80000000000E+09 +3.344801538E-02 +5.923545323E-02 +8.373813131E-02 -3.921477729E-02 +2.790220004E-01 +1.380743879E-01
6.81000000000E+09 +6.588522070E-02 -2.049794422E-02 +5.985657433E-02 +1.235421683E-02 +2.285610259E-01 +1.712911139E-01
6.82000000000E+09 -5.460843957E-03 -6.710606738E-02 +7.078138780E-02 +4.321010522E-02 +2.143911021E-01 +2.225983925E-01
6.83000000000E+09 -6.361723557E-02 -1.059103411E-02 +7.070213148E-02 +5.234319789E-02 +2.328348974E-01 +2.665269298E-01
6.84000000000E+09 -2.605406845E-02 +5.565051505E-02 +5.831221396E-02 +7.784279183E-02 +2.739973490E-01 +2.943308171E-01
6.85000000000E+09 +4.381157704E-02 +4.009486047E-02 +7.241685465E-02 +1.220148224E-01 +3.211344069E-01 +2.959665056E-01
6.86000000000E+09 +5.123877059E-02 -2.884057315E-02 +1.251407751E-01 +1.411649781E-01 +3.639229908E-01 +2.682550137E-01
6.87000000000E+09 -1.225035345E-02 -5.918258046E-02 +1.753258206E-01 +1.034373551E-01 +3.746684399E-01 +2.220515910E-01
6.88000000000E+09 -6.317042463E-02 -4.938782183E-03 +1.694957925E-01 +3.419699542E-02 +3.555977322E-01 +1.776845762E-01
6.89000000000E+09 -2.075481824E-02 +6.253454216E-02 +1.066710518E-01 -1.153267108E-03 +3.162728868E-01 +1.651356693E-01
6.90000000000E+09 +5.705226539E-02 +3.478374902E-02 +4.859561181E-02 +2.442470985E-02 +2.848792264E-01 +1.830128853E-01
6.91000000000E+09 +4.619628205E-02 -4.678016150E-02 +3.671040511E-02 +6.417585728E-02 +2.775019791E-01 +2.144151585E-01
6.92000000000E+09 -3.290364792E-02 -5.475170059E-02 +4.097434656E-02 +7.534321405E-02 +2.915099601E-01 +2.379905157E-01
6.93000000000E+09 -5.951326454E-02 +1.665842437E-02 +2.361094930E-02 +7.845198841E-02 +3.194255784E-01 +2.518003217E-01
6.94000000000E+09 -9.259897352E-04 +6.035247630E-02 +2.233665418E-03 +1.101747380E-01 +3.489243935E-01 +2.479583967E-01
6.95000000000E+09 +5.689571170E-02 +1.853646128E-02 +1.996491117E-02 +1.572348116E-01 +3.737822610E-01 +2.274674578E-01
6.96000000000E+09 +3.489328322E-02 -4.995860422E-02 +7.755508988E-02 +1.672547593E-01 +3.777264440E-01 +1.945497656E-01
6.97000000000E+09 -3.976966056E-02 -4.882253856E-02 +1.208654419E-01 +1.159754396E-01 +3.612831859E-01 +1.630520360E-01
6.98000000000E+09 -5.868169603E-02 +2.737047563E-02 +1.005264924E-01 +4.617621639E-02 +3.293423949E-01 +1.568885920E-01
6.99000000000E+09 +1.314159326E-02 +6.400824258E-02 +3.762660977E-02 +2.204550236E-02 +3.054700359E-01 +1.732242283E-01
7.00000000000E+09 +6.430169500E-02 +2.141081019E-03 -4.745857990E-03 +4.451246205E-02 +3.017068634E-01 +2.019305699E-01

[Channel0\Trace0\Marker0]
Enabled=1
Position=0.2

[Channel0\Trace1]
ReferencePosition[0]=1

[Channel0\Trace1\Marker0]
Enabled=1
Position=0.2

[Channel0\Trace2]
SPort=0
FormatType=2

[Channel0\Trace2\Marker0]
Enabled=1
Position=0.2

[Channel0\Trace3]
SPort=0
FormatType=2

[Channel0\Trace3\Marker0]
Enabled=1
Position=0.2

