[NWA State]
TriggerSource=3

[Channel0]
TraceLayout=1
Points=701
FrequencyStart=1000000000
FixedPower[0]=5
FixedPower[1]=5
IFBW=1000
CorrectionEnabled=1
ActiveTraceIndex=1
TraceCount=4

[Channel0\Correction\11]
Calyyyymmdd=2024/04/01
Calhhmmss=17:26:04
VNATemperature=37.6 °C
Type=3
KitLabel=ACM2509.2
KitDescription=AutoCal Module 20 kHz-9 GHz (CMT), SN: 19039185, Char: Factory, 28.1°C, ThermoComp: ON
CalIFBW=1 kHz
CalPower=5 dBm
CalPorts[0]=0
CalPorts[1]=0

[Channel0\Correction\11\Data]
1.00000000000E+09 -6.695252344E-02 +2.207638302E-01 -2.827614558E-01 -5.514730795E-02 -6.499310236E-02 +5.965833043E-02
1.01071428571E+09 +1.758861559E-01 +1.471278310E-01 -2.387922733E-01 +1.277418220E-01 -3.573962213E-02 +8.487304642E-02
1.02142857143E+09 +2.022123670E-01 -1.020371422E-01 -9.070358877E-02 +2.447745999E-01 +5.714861147E-03 +9.908446494E-02
1.03214285714E+09 -1.187787552E-02 -2.228258820E-01 +9.718215105E-02 +2.456709676E-01 +5.340869766E-02 +9.366115209E-02
1.04285714286E+09 -2.056528380E-01 -7.919426527E-02 +2.440175696E-01 +1.324478592E-01 +9.272397120E-02 +6.711871884E-02
1.05357142857E+09 -1.555293766E-01 +1.540972964E-01 +2.895683034E-01 -4.430898823E-02 +1.142484407E-01 +2.868998295E-02
1.06428571429E+09 +7.768204815E-02 +2.048401354E-01 +2.173280767E-01 -2.089592771E-01 +1.200510644E-01 -1.080985486E-02
1.07500000000E+09 +2.197963970E-01 +1.138180181E-02 +6.108170262E-02 -2.919164661E-01 +1.159941148E-01 -4.590297101E-02
1.08571428571E+09 +9.848406440E-02 -1.973480422E-01 -1.096173633E-01 -2.606885236E-01 +1.014590391E-01 -7.891048469E-02
1.09642857143E+09 -1.413439595E-01 -1.682738697E-01 -2.222173040E-01 -1.342042322E-01 +7.385521796E-02 -1.093723840E-01
1.10714285714E+09 -2.089815100E-01 +6.202600707E-02 -2.348855449E-01 +2.975576116E-02 +3.359576927E-02 -1.287012644E-01
1.11785714286E+09 -2.677496979E-02 +2.144260147E-01 -1.502862817E-01 +1.649541696E-01 -1.218615518E-02 -1.301830231E-01
1.12857142857E+09 +1.842963605E-01 +1.104855742E-01 -6.535742870E-03 +2.234127462E-01 -5.455726141E-02 -1.139119818E-01
1.13928571429E+09 +1.752520907E-01 -1.234703092E-01 +1.412471801E-01 +1.877492493E-01 -8.781934925E-02 -8.525919120E-02
1.15000000000E+09 -4.232564109E-02 -2.103028119E-01 +2.386271318E-01 +7.344354243E-02 -1.099612989E-01 -4.706428956E-02
1.16071428571E+09 -2.096810829E-01 -4.548704386E-02 +2.483817228E-01 -7.557652592E-02 -1.183093206E-01 +1.000201798E-03
1.17142857143E+09 -1.244817121E-01 +1.739056243E-01 +1.660819309E-01 -1.994504365E-01 -1.074639613E-01 +5.417218878E-02
1.18214285714E+09 +1.102401820E-01 +1.818098926E-01 +2.614440837E-02 -2.466985590E-01 -7.312122242E-02 +1.015482486E-01
1.19285714286E+09 +2.090436367E-01 -2.915556577E-02 -1.113248194E-01 -1.990462182E-01 -1.868107983E-02 +1.325244577E-01
1.20357142857E+09 +5.613449086E-02 -2.016370254E-01 -1.897226042E-01 -8.044696544E-02 +4.492226732E-02 +1.393816689E-01
1.21428571429E+09 -1.607198099E-01 -1.312101681E-01 -1.817349001E-01 +5.710126426E-02 +1.090206523E-01 +1.199144870E-01
1.22500000000E+09 -1.830861910E-01 +9.366442063E-02 -9.729929820E-02 +1.595917409E-01 +1.643608773E-01 +7.429885369E-02
1.23571428571E+09 +1.239761588E-02 +2.034636514E-01 +2.617646550E-02 +1.923973238E-01 +1.991241943E-01 +4.474896002E-03
1.24642857143E+09 +1.896420153E-01 +6.900183397E-02 +1.418036422E-01 +1.494767894E-01 +2.014408998E-01 -8.120171741E-02
1.25714285714E+09 +1.374656655E-01 -1.451152465E-01 +2.101291035E-01 +5.052402642E-02 +1.652280081E-01 -1.640577113E-01
1.26785714286E+09 -7.696557918E-02 -1.822395634E-01 +2.096226052E-01 -6.826874368E-02 +9.546935516E-02 -2.253880251E-01
1.27857142857E+09 -1.954289137E-01 -3.175026202E-03 +1.410279144E-01 -1.655236740E-01 +4.763701673E-03 -2.521693809E-01
1.28928571429E+09 -8.132713571E-02 +1.752017290E-01 +2.747419107E-02 -2.061326666E-01 -9.301649483E-02 -2.405599027E-01
1.30000000000E+09 +1.259604423E-01 +1.443714027E-01 -9.103934100E-02 -1.728452609E-01 -1.825473992E-01 -1.889376521E-01
1.31071428571E+09 +1.826001512E-01 -5.650256792E-02 -1.696939376E-01 -7.448402920E-02 -2.477362719E-01 -9.845385208E-02
1.32142857143E+09 +2.168088416E-02 -1.901601426E-01 -1.753558868E-01 +5.377106484E-02 -2.696851380E-01 +2.053676912E-02
1.33214285714E+09 -1.661643201E-01 -9.552662136E-02 -1.026185454E-01 +1.614069319E-01 -2.344824085E-01 +1.431216452E-01
1.34285714286E+09 -1.524960040E-01 +1.148622463E-01 +2.060016663E-02 +2.037932080E-01 -1.434946254E-01 +2.380067421E-01
1.35357142857E+09 +4.575067296E-02 +1.828698261E-01 +1.438970897E-01 +1.635362291E-01 -1.826370341E-02 +2.822333551E-01
1.36428571429E+09 +1.824979910E-01 +2.887782919E-02 +2.179482299E-01 +5.831579851E-02 +1.135571608E-01 +2.672697213E-01
1.37500000000E+09 +9.671904831E-02 -1.522272484E-01 +2.155950920E-01 -6.983362622E-02 +2.299154637E-01 +1.982078682E-01
1.38571428571E+09 -9.766541823E-02 -1.464921188E-01 +1.386379909E-01 -1.734677216E-01 +3.122628124E-01 +8.375785520E-02
1.39642857143E+09 -1.702399945E-01 +2.810663877E-02 +1.333809795E-02 -2.149539955E-01 +3.404378257E-01 -6.086544995E-02
1.40714285714E+09 -4.415215221E-02 +1.640570225E-01 -1.177012554E-01 -1.755824659E-01 +2.995595835E-01 -2.107373362E-01
1.41785714286E+09 +1.301228006E-01 +1.068570613E-01 -2.053552082E-01 -6.244764481E-02 +1.925730060E-01 -3.301698556E-01
1.42857142857E+09 +1.497375089E-01 -7.480016260E-02 -2.090166967E-01 +8.745193886E-02 +4.163777529E-02 -3.892417410E-01
1.43928571429E+09 -7.921134033E-03 -1.660346975E-01 -1.172515991E-01 +2.138222758E-01 -1.199766537E-01 -3.753853878E-01
1.45000000000E+09 -1.533584904E-01 -5.915009250E-02 +3.730778420E-02 +2.577285318E-01 -2.629290225E-01 -2.959658665E-01
1.46071428571E+09 -1.147292655E-01 +1.141037223E-01 +1.879753093E-01 +1.951238335E-01 -3.637157668E-01 -1.655098126E-01
1.47142857143E+09 +5.578197523E-02 +1.492670645E-01 +2.681225195E-01 +5.166994618E-02 -4.026352368E-01 +1.069873964E-03
1.48214285714E+09 +1.573978211E-01 +1.119550264E-02 +2.435204030E-01 -1.116927582E-01 -3.664607170E-01 +1.769306052E-01
1.49285714286E+09 +7.535819675E-02 -1.384130902E-01 +1.239911162E-01 -2.281869955E-01 -2.502247288E-01 +3.229177276E-01
1.50357142857E+09 -9.601619559E-02 -1.259464842E-01 -4.423140410E-02 -2.498953760E-01 -7.336740778E-02 +4.017261301E-01
1.51428571429E+09 -1.544177502E-01 +3.796080019E-02 -1.944018145E-01 -1.642112463E-01 +1.220032922E-01 +3.904108005E-01
1.52500000000E+09 -2.550354860E-02 +1.564152199E-01 -2.628356864E-01 -2.152197985E-03 +2.906675400E-01 +2.942529622E-01
1.53571428571E+09 +1.317378059E-01 +8.312703422E-02 -2.172187848E-01 +1.699671848E-01 +3.984045259E-01 +1.375674948E-01
1.54642857143E+09 +1.248289455E-01 -8.560889417E-02 -7.476244890E-02 +2.782919268E-01 +4.314225877E-01 -4.995707945E-02
1.55714285714E+09 -2.635129055E-02 -1.441602980E-01 +1.046754403E-01 +2.763914166E-01 +3.824536441E-01 -2.367972831E-01
1.56785714286E+09 -1.378406285E-01 -3.582759222E-02 +2.464636532E-01 +1.648373785E-01 +2.544754928E-01 -3.879570956E-01
1.57857142857E+09 -9.021161290E-02 +1.072335646E-01 +2.922367469E-01 -1.245474076E-02 +6.753804991E-02 -4.703819383E-01
1.58928571429E+09 +5.773374067E-02 +1.273140762E-01 +2.193689390E-01 -1.854996015E-01 -1.388098660E-01 -4.625989340E-01
1.60000000000E+09 +1.408811230E-01 +1.510799202E-03 +5.078159905E-02 -2.805084531E-01 -3.193533723E-01 -3.647034558E-01
1.61071428571E+09 +5.987210463E-02 -1.290220793E-01 -1.452912450E-01 -2.490861215E-01 -4.392578102E-01 -2.013309713E-01
1.62142857143E+09 -9.424168576E-02 -1.070397541E-01 -2.791147819E-01 -9.914366566E-02 -4.795751633E-01 -7.271619615E-03
1.63214285714E+09 -1.350115363E-01 +4.295691239E-02 -2.873333724E-01 +1.003271979E-01 -4.353817851E-01 +1.884627576E-01
1.64285714286E+09 -1.579736517E-02 +1.390415374E-01 -1.707516306E-01 +2.568884908E-01 -3.120140537E-01 +3.548490800E-01
1.65357142857E+09 +1.185881069E-01 +7.159408320E-02 +1.290999835E-02 +3.061639881E-01 -1.233541468E-01 +4.565519949E-01
1.66428571429E+09 +1.147282208E-01 -7.712815144E-02 +1.853793533E-01 +2.346594048E-01 +9.531572288E-02 +4.638599753E-01
1.67500000000E+09 -2.232222957E-02 -1.374180116E-01 +2.797712364E-01 +7.419664296E-02 +2.958531997E-01 +3.676657079E-01
1.68571428571E+09 -1.365075232E-01 -3.632282480E-02 +2.580759424E-01 -1.125872951E-01 +4.294071157E-01 +1.939949220E-01
1.69642857143E+09 -8.877419702E-02 +1.119767097E-01 +1.247999372E-01 -2.493089188E-01 +4.698045082E-01 -1.479544825E-02
1.70714285714E+09 +6.817924408E-02 +1.256637094E-01 -6.639237964E-02 -2.740336058E-01 +4.167734656E-01 -2.165003537E-01
1.71785714286E+09 +1.403312600E-01 -1.275910082E-02 -2.301057634E-01 -1.736719947E-01 +2.872239492E-01 -3.791065488E-01
1.72857142857E+09 +4.417616417E-02 -1.301965663E-01 -2.931790238E-01 +3.929448668E-03 +1.029239584E-01 -4.753430872E-01
1.73928571429E+09 -9.727411017E-02 -9.259130121E-02 -2.332040726E-01 +1.776658842E-01 -1.081165715E-01 -4.830162683E-01
1.75000000000E+09 -1.240420498E-01 +4.743454400E-02 -8.185635984E-02 +2.750570111E-01 -3.035510137E-01 -3.972065281E-01
1.76071428571E+09 -1.098564381E-02 +1.331065614E-01 +9.567294760E-02 +2.593037703E-01 -4.387378289E-01 -2.335496044E-01
1.77142857143E+09 +1.180531631E-01 +6.788472447E-02 +2.262208600E-01 +1.380168275E-01 -4.873102997E-01 -2.915707136E-02
1.78214285714E+09 +1.132327809E-01 -8.163564384E-02 +2.536401091E-01 -3.804855379E-02 -4.456558193E-01 +1.715593238E-01
1.79285714286E+09 -3.009724900E-02 -1.391596931E-01 +1.657937284E-01 -1.908345083E-01 -3.288192246E-01 +3.350520132E-01
1.80357142857E+09 -1.407743997E-01 -2.755191752E-02 +6.320849360E-03 -2.526757486E-01 -1.586475565E-01 +4.368715892E-01
1.81428571429E+09 -8.103353437E-02 +1.179813974E-01 -1.491381129E-01 -2.037304300E-01 +4.258258742E-02 +4.596579268E-01
1.82500000000E+09 +7.470619802E-02 +1.215097271E-01 -2.356938659E-01 -7.671221161E-02 +2.380219942E-01 +3.930766160E-01
1.83571428571E+09 +1.416675758E-01 -1.797623808E-02 -2.270943985E-01 +6.855985738E-02 +3.831342051E-01 +2.431072536E-01
1.84642857143E+09 +4.270023317E-02 -1.376671267E-01 -1.361160208E-01 +1.746948936E-01 +4.428275569E-01 +4.294518642E-02
1.85714285714E+09 -1.098885589E-01 -9.671464629E-02 -2.793298939E-03 +2.036478721E-01 +4.092192960E-01 -1.560521729E-01
1.86785714286E+09 -1.349101876E-01 +6.319097636E-02 +1.185818178E-01 +1.465813189E-01 +2.988938873E-01 -3.124577334E-01
1.87857142857E+09 +5.377343143E-03 +1.505593529E-01 +1.780573787E-01 +2.952327492E-02 +1.421908026E-01 -4.067422623E-01
1.88928571429E+09 +1.411307917E-01 +5.366390456E-02 +1.533532322E-01 -9.449569428E-02 -3.470853806E-02 -4.315648666E-01
1.90000000000E+09 +1.043832217E-01 -1.078976532E-01 +6.288705652E-02 -1.718251413E-01 -2.084996021E-01 -3.800792516E-01
1.91071428571E+09 -5.617088788E-02 -1.378313112E-01 -4.672224299E-02 -1.768254863E-01 -3.483441617E-01 -2.561548947E-01
1.92142857143E+09 -1.482070421E-01 -5.395085311E-03 -1.288808606E-01 -1.197577246E-01 -4.189574349E-01 -8.270807692E-02
1.93214285714E+09 -6.644131505E-02 +1.333362136E-01 -1.577752279E-01 -3.335817559E-02 -4.048082928E-01 +9.749654344E-02
1.94285714286E+09 +9.581108198E-02 +1.167891529E-01 -1.331432931E-01 +4.594447694E-02 -3.166682355E-01 +2.442294374E-01
1.95357142857E+09 +1.483712786E-01 -4.138618861E-02 -7.384584730E-02 +9.285213595E-02 -1.855519464E-01 +3.360690425E-01
1.96428571429E+09 +2.104265849E-02 -1.554916454E-01 -5.614514823E-03 +9.973816186E-02 -3.744390237E-02 +3.686868746E-01
1.97500000000E+09 -1.370294925E-01 -8.119273881E-02 +5.075947816E-02 +7.389145659E-02 +1.118920440E-01 +3.436214972E-01
1.98571428571E+09 -1.288530301E-01 +9.573850801E-02 +8.500265870E-02 +2.890144446E-02 +2.436393818E-01 +2.601125233E-01
1.99642857143E+09 +3.890602223E-02 +1.561543120E-01 +9.499825446E-02 -2.299404345E-02 +3.284389693E-01 +1.262904546E-01
2.00714285714E+09 +1.587332806E-01 +2.449633866E-02 +8.159739696E-02 -7.254426656E-02 +3.431595003E-01 -2.919307313E-02
2.01785714286E+09 +8.396702577E-02 -1.359009977E-01 +4.681837419E-02 -1.111067374E-01 +2.882833739E-01 -1.658029836E-01
2.02857142857E+09 -9.122798571E-02 -1.298089604E-01 -4.582121689E-03 -1.293580365E-01 +1.877156417E-01 -2.586357994E-01
2.03928571429E+09 -1.542694083E-01 +3.219563618E-02 -6.287894360E-02 -1.188370356E-01 +6.950930776E-02 -3.031996917E-01
2.05000000000E+09 -3.165948001E-02 +1.540324829E-01 -1.127022499E-01 -7.528880451E-02 -5.120180425E-02 -3.060534374E-01
2.06071428571E+09 +1.290931838E-01 +9.045894086E-02 -1.347777539E-01 -3.343204866E-03 -1.683359444E-01 -2.662098967E-01
2.07142857143E+09 +1.345162738E-01 -8.350895470E-02 -1.113021203E-01 +7.965293487E-02 -2.637895693E-01 -1.812999520E-01
2.08214285714E+09 -2.492549701E-02 -1.566994406E-01 -3.595482246E-02 +1.430874759E-01 -3.140062108E-01 -6.151789494E-02
2.09285714286E+09 -1.534267184E-01 -3.661656028E-02 +7.445172265E-02 +1.519003304E-01 -3.059072657E-01 +6.481459260E-02
2.10357142857E+09 -9.103930687E-02 +1.259616688E-01 +1.776897702E-01 +8.704934660E-02 -2.482917959E-01 +1.701466145E-01
2.11428571429E+09 +7.886938474E-02 +1.299878102E-01 +2.232963531E-01 -3.635751618E-02 -1.633555856E-01 +2.428128663E-01
2.12500000000E+09 +1.473704047E-01 -1.991196609E-02 +1.805555958E-01 -1.701032652E-01 -6.352089049E-02 +2.841531980E-01
2.13571428571E+09 +4.143729721E-02 -1.404551029E-01 +5.670330472E-02 -2.547155404E-01 +4.827640985E-02 +2.897594321E-01
2.14642857143E+09 -1.108528934E-01 -9.461879631E-02 -1.047116317E-01 -2.451053172E-01 +1.619305956E-01 +2.514172068E-01
2.15714285714E+09 -1.317800503E-01 +6.444565717E-02 -2.367919099E-01 -1.292083834E-01 +2.526335534E-01 +1.654350482E-01
2.16785714286E+09 +8.848678403E-03 +1.473959777E-01 -2.709871785E-01 +5.841659736E-02 +2.958448627E-01 +4.677537900E-02
2.17857142857E+09 +1.393927564E-01 +4.661635261E-02 -1.728143647E-01 +2.372623960E-01 +2.841481077E-01 -7.736707304E-02
2.18928571429E+09 +9.331631302E-02 -1.091804870E-01 +2.503112126E-02 +3.163816801E-01 +2.292623742E-01 -1.837389925E-01
2.20000000000E+09 -6.211624926E-02 -1.232882698E-01 +2.323978039E-01 +2.511496031E-01 +1.422042423E-01 -2.624099038E-01
2.21071428571E+09 -1.321624965E-01 +6.817418755E-03 +3.548362280E-01 +6.891392063E-02 +2.762896626E-02 -3.073424030E-01
2.22142857143E+09 -4.735257737E-02 +1.192575429E-01 +3.390970324E-01 -1.539407184E-01 -1.028887994E-01 -3.054772179E-01
2.23214285714E+09 +8.739378521E-02 +9.196489571E-02 +1.851612781E-01 -3.274923193E-01 -2.252638940E-01 -2.442746245E-01
2.24285714286E+09 +1.201727900E-01 -4.207544988E-02 -5.624515902E-02 -3.730685862E-01 -3.109056781E-01 -1.309120015E-01
2.25357142857E+09 +8.472140684E-03 -1.277602096E-01 -2.879426800E-01 -2.502282440E-01 -3.390505864E-01 +8.811141853E-03
2.26428571429E+09 -1.141547725E-01 -5.578993225E-02 -3.933554116E-01 +5.798156901E-03 -3.089529630E-01 +1.440150024E-01
2.27500000000E+09 -9.171294377E-02 +8.180194255E-02 -3.062212519E-01 +2.767249134E-01 -2.301887546E-01 +2.563769594E-01
2.28571428571E+09 +3.731537698E-02 +1.108648282E-01 -6.620032220E-02 +4.285494173E-01 -1.131633637E-01 +3.349401492E-01
2.29642857143E+09 +1.108319182E-01 +1.166179201E-02 +2.111011187E-01 +3.968211929E-01 +3.155841323E-02 +3.626228487E-01
2.30714285714E+09 +5.679953774E-02 -9.200085994E-02 +4.090909797E-01 +2.039867273E-01 +1.813104989E-01 +3.243508091E-01
2.31785714286E+09 -5.775889296E-02 -9.093635425E-02 +4.512550754E-01 -7.371729092E-02 +3.042465141E-01 +2.193251126E-01
2.32857142857E+09 -1.085748765E-01 +1.418353032E-02 +3.099184804E-01 -3.305603076E-01 +3.694418314E-01 +6.967122413E-02
2.33928571429E+09 -3.073138899E-02 +1.073393782E-01 +2.343672210E-02 -4.495046690E-01 +3.632380647E-01 -9.132629805E-02
2.35000000000E+09 +8.793676197E-02 +6.871509803E-02 -2.866087243E-01 -3.519972743E-01 +2.940050858E-01 -2.336104948E-01
2.36071428571E+09 +9.339238634E-02 -5.438072084E-02 -4.609671941E-01 -7.157086653E-02 +1.785214544E-01 -3.370394747E-01
2.37142857143E+09 -1.274651894E-02 -1.013589992E-01 -4.147281142E-01 +2.488706308E-01 +2.695215300E-02 -3.861200565E-01
2.38214285714E+09 -9.171806705E-02 -2.943375085E-02 -1.875654986E-01 +4.619353357E-01 -1.390844319E-01 -3.682505223E-01
2.39285714286E+09 -6.470197291E-02 +6.635146254E-02 +1.126870496E-01 +4.939802416E-01 -2.869520334E-01 -2.765153075E-01
2.40357142857E+09 +2.937975385E-02 +8.721388835E-02 +3.724852163E-01 +3.438196822E-01 -3.795691630E-01 -1.273250692E-01
2.41428571429E+09 +9.329811773E-02 +1.196952598E-02 +4.974820645E-01 +5.769004985E-02 -3.954445288E-01 +4.869234807E-02
2.42500000000E+09 +5.064226718E-02 -8.316211784E-02 +4.163220246E-01 -2.623676656E-01 -3.372544531E-01 +2.095808523E-01
2.43571428571E+09 -5.904473898E-02 -7.976031560E-02 +1.351212287E-01 -4.672424225E-01 -2.220024575E-01 +3.286543619E-01
2.44642857143E+09 -9.426846167E-02 +2.526759335E-02 -2.188094013E-01 -4.372775894E-01 -6.930776274E-02 +3.908847766E-01
2.45714285714E+09 -1.233347345E-02 +9.179292557E-02 -4.623469369E-01 -1.900333735E-01 +1.005739198E-01 +3.884919003E-01
2.46785714286E+09 +7.333384060E-02 +4.663657975E-02 -4.943481963E-01 +1.375804200E-01 +2.608742928E-01 +3.135493509E-01
2.47857142857E+09 +7.129311157E-02 -4.245317718E-02 -3.312522864E-01 +4.039412532E-01 +3.747702957E-01 +1.735564561E-01
2.48928571429E+09 -4.581290849E-03 -8.192944287E-02 -5.011078971E-02 +5.221796678E-01 +4.152269163E-01 -5.476963618E-03
2.50000000000E+09 -7.715302826E-02 -3.399216430E-02 +2.524368286E-01 +4.534087465E-01 +3.743490934E-01 -1.801233293E-01
2.51071428571E+09 -6.656356965E-02 +5.827000206E-02 +4.635586630E-01 +2.046395662E-01 +2.644524010E-01 -3.143583460E-01
2.52142857143E+09 +2.938110132E-02 +8.743614292E-02 +4.715440754E-01 -1.412342538E-01 +1.147157855E-01 -3.882252293E-01
2.53214285714E+09 +9.281360090E-02 +4.252507847E-03 +2.440299629E-01 -4.175531910E-01 -5.178319316E-02 -3.996687326E-01
2.54285714286E+09 +3.681376521E-02 -8.166393442E-02 -1.045287358E-01 -4.750480776E-01 -2.108937944E-01 -3.463226142E-01
2.55357142857E+09 -5.649717691E-02 -6.254689109E-02 -3.923901126E-01 -3.055573297E-01 -3.376790938E-01 -2.276148348E-01
2.56428571429E+09 -7.677148848E-02 +2.214403828E-02 -5.084235776E-01 -1.653648685E-02 -4.016630031E-01 -6.157658692E-02
2.57500000000E+09 -1.549351527E-02 +7.677117988E-02 -4.374612330E-01 +2.710230795E-01 -3.853147871E-01 +1.147459746E-01
2.58571428571E+09 +6.212555118E-02 +5.027875552E-02 -2.166696528E-01 +4.640768126E-01 -2.925315244E-01 +2.604379126E-01
2.59642857143E+09 +7.628457574E-02 -3.541560184E-02 +8.454805713E-02 +4.931634508E-01 -1.501659919E-01 +3.491812233E-01
2.60714285714E+09 -1.856911304E-03 -8.920734401E-02 +3.557585923E-01 +3.239632667E-01 +9.601012190E-03 +3.706759806E-01
2.61785714286E+09 -8.653777140E-02 -3.193609604E-02 +4.616035464E-01 +6.148827563E-03 +1.618583320E-01 +3.318276077E-01
2.62857142857E+09 -5.984745914E-02 +6.897452599E-02 +3.327336417E-01 -3.061431093E-01 +2.892335095E-01 +2.368378498E-01
2.63928571429E+09 +3.956219906E-02 +7.766052485E-02 +4.421708212E-02 -4.544624682E-01 +3.677918442E-01 +9.488666906E-02
2.65000000000E+09 +8.217118543E-02 -3.674965134E-03 -2.520235262E-01 -3.949881077E-01 +3.751647110E-01 -7.114559123E-02
2.66071428571E+09 +3.206740986E-02 -7.229900317E-02 -4.415952037E-01 -1.857795831E-01 +3.078418675E-01 -2.224341066E-01
2.67142857143E+09 -4.936569885E-02 -6.136934972E-02 -4.748271536E-01 +8.409642086E-02 +1.863162856E-01 -3.261849922E-01
2.68214285714E+09 -7.939500766E-02 +1.725312862E-02 -3.463125896E-01 +3.246428590E-01 +3.933963842E-02 -3.652362713E-01
2.69285714286E+09 -1.852756100E-02 +8.369593403E-02 -9.157197718E-02 +4.465783667E-01 -1.046742700E-01 -3.451400518E-01
2.70357142857E+09 +7.378819552E-02 +5.162106888E-02 +1.964468880E-01 +3.823297752E-01 -2.270966478E-01 -2.784366969E-01
2.71428571429E+09 +7.629078360E-02 -5.117050194E-02 +3.810372649E-01 +1.435239445E-01 -3.149353270E-01 -1.707000489E-01
2.72500000000E+09 -1.948355451E-02 -8.784074564E-02 +3.691260705E-01 -1.523239473E-01 -3.531801646E-01 -3.010900581E-02
2.73571428571E+09 -8.471224823E-02 -1.547755768E-02 +1.850520907E-01 -3.624097871E-01 -3.284941942E-01 +1.165113266E-01
2.74642857143E+09 -4.744881400E-02 +6.753397404E-02 -6.922935658E-02 -4.150277202E-01 -2.431442894E-01 +2.347924053E-01
2.75714285714E+09 +3.916672390E-02 +7.070493101E-02 -2.931427699E-01 -3.165194036E-01 -1.191873540E-01 +3.009715848E-01
2.76785714286E+09 +8.159086762E-02 -4.070895272E-03 -4.181038166E-01 -1.137609792E-01 +1.383543675E-02 +3.126392850E-01
2.77857142857E+09 +3.214033431E-02 -7.808974071E-02 -4.041156797E-01 +1.261788844E-01 +1.338582278E-01 +2.767316709E-01
2.78928571429E+09 -6.139758315E-02 -6.321155161E-02 -2.460295234E-01 +3.178207181E-01 +2.305730278E-01 +2.014251445E-01
2.80000000000E+09 -8.383247201E-02 +3.448199501E-02 +4.568690936E-03 +3.748810321E-01 +2.949130430E-01 +9.137487223E-02
2.81071428571E+09 +2.188135194E-03 +9.060348918E-02 +2.386241147E-01 +2.619889718E-01 +3.121327694E-01 -3.995998100E-02
2.82142857143E+09 +8.265179491E-02 +3.039229288E-02 +3.489728733E-01 +3.354873112E-02 +2.688561250E-01 -1.680337678E-01
2.83214285714E+09 +5.771786334E-02 -6.138074964E-02 +3.004508139E-01 -2.024225397E-01 +1.777330071E-01 -2.649128102E-01
2.84285714286E+09 -3.043166708E-02 -7.505426490E-02 +1.324232047E-01 -3.559022271E-01 +6.030839126E-02 -3.130062559E-01
2.85357142857E+09 -7.899693474E-02 -4.990931189E-03 -8.423948629E-02 -3.846685778E-01 -5.990599118E-02 -3.148113297E-01
2.86428571429E+09 -3.860580904E-02 +6.913728310E-02 -2.769973899E-01 -2.872104122E-01 -1.716906001E-01 -2.735411649E-01
2.87500000000E+09 +4.752597618E-02 +6.523717737E-02 -3.816792512E-01 -9.373220921E-02 -2.629514682E-01 -1.937734320E-01
2.88571428571E+09 +8.070444443E-02 -1.810057509E-02 -3.523475469E-01 +1.326742553E-01 -3.213651403E-01 -7.989491806E-02
2.89642857143E+09 +1.415107101E-02 -8.276344798E-02 -1.869698943E-01 +3.023538345E-01 -3.280462765E-01 +5.374642062E-02
2.90714285714E+09 -7.090811495E-02 -4.377152309E-02 +5.213801416E-02 +3.369307205E-01 -2.782854847E-01 +1.815349321E-01
2.91785714286E+09 -6.551374180E-02 +4.740130329E-02 +2.614747651E-01 +2.196538476E-01 -1.805663570E-01 +2.741019667E-01
2.92857142857E+09 +1.670570597E-02 +7.589761330E-02 +3.564064526E-01 +5.639357700E-03 -5.542085203E-02 +3.193088203E-01
2.93928571429E+09 +7.353805004E-02 +1.563065345E-02 +3.087363559E-01 -2.177482860E-01 +7.715362676E-02 +3.129658776E-01
2.95000000000E+09 +4.459345496E-02 -5.923850613E-02 +1.419951406E-01 -3.710429266E-01 +2.001543233E-01 +2.554516146E-01
2.96071428571E+09 -3.496295120E-02 -6.551234155E-02 -8.603604368E-02 -4.001024401E-01 +2.953239918E-01 +1.483043973E-01
2.97142857143E+09 -7.482747793E-02 +5.154517727E-03 -2.949918947E-01 -2.858617043E-01 +3.415405870E-01 +5.603655663E-03
2.98214285714E+09 -2.480211148E-02 +7.114573705E-02 -3.978697420E-01 -5.942773228E-02 +3.233970448E-01 -1.472922073E-01
2.99285714286E+09 +5.558194418E-02 +4.941123062E-02 -3.391498757E-01 +1.911270178E-01 +2.406471584E-01 -2.756647503E-01
3.00357142857E+09 +6.670863307E-02 -2.736089929E-02 -1.580467100E-01 +3.464993468E-01 +1.087706295E-01 -3.568167419E-01
3.01428571429E+09 +2.017157411E-03 -6.901917338E-02 +9.738417017E-02 +3.706630579E-01 -4.428500272E-02 -3.809621188E-01
3.02500000000E+09 -5.920694658E-02 -2.981040621E-02 +3.150531639E-01 +2.402200917E-01 -1.953329808E-01 -3.423807287E-01
3.03571428571E+09 -5.117383571E-02 +3.913493262E-02 +4.145881314E-01 +7.600567601E-03 -3.214884707E-01 -2.432543475E-01
3.04642857143E+09 +1.326381471E-02 +6.241663066E-02 +3.563791744E-01 -2.451049332E-01 -4.015822115E-01 -9.719089649E-02
3.05714285714E+09 +6.275457272E-02 +1.411494919E-02 +1.506709861E-01 -4.188537515E-01 -4.139589017E-01 +6.910861870E-02
3.06785714286E+09 +3.830577500E-02 -5.257559702E-02 -1.322353543E-01 -4.293626998E-01 -3.525646923E-01 +2.264315855E-01
3.07857142857E+09 -3.391285536E-02 -5.560881725E-02 -3.673686662E-01 -2.521358993E-01 -2.258409652E-01 +3.440365969E-01
3.08928571429E+09 -6.326877591E-02 +9.692345595E-03 -4.373281941E-01 +3.910898379E-02 -6.122183942E-02 +4.022610152E-01
3.10000000000E+09 -1.581381341E-02 +5.975040553E-02 -3.106725140E-01 +3.060696941E-01 +1.126489361E-01 +3.884107624E-01
3.11071428571E+09 +4.610923056E-02 +3.798612429E-02 -5.346484731E-02 +4.364756248E-01 +2.690349225E-01 +3.015638481E-01
3.12142857143E+09 +5.317443982E-02 -2.461917420E-02 +2.245798542E-01 +3.886183916E-01 +3.797161256E-01 +1.550285602E-01
3.13214285714E+09 +8.138166919E-04 -5.877113042E-02 +4.212043532E-01 +1.856953623E-01 +4.141733888E-01 -2.827619871E-02
3.14285714286E+09 -5.382248819E-02 -2.599484518E-02 +4.592997658E-01 -1.020115739E-01 +3.621585542E-01 -2.124190067E-01
3.15357142857E+09 -4.615567027E-02 +3.961252952E-02 +3.067335680E-01 -3.637072862E-01 +2.342895069E-01 -3.556282308E-01
3.16428571429E+09 +1.877328775E-02 +5.784014854E-02 +1.130584885E-02 -4.750326781E-01 +5.902337714E-02 -4.290094984E-01
3.17500000000E+09 +5.866394716E-02 +4.754747786E-03 -2.927522252E-01 -3.701331187E-01 -1.295194749E-01 -4.250485989E-01
3.18571428571E+09 +2.651197856E-02 -4.898596925E-02 -4.604386062E-01 -1.004180096E-01 -2.981403494E-01 -3.455399157E-01
3.19642857143E+09 -3.076033972E-02 -4.266755806E-02 -4.293277243E-01 +2.053414108E-01 -4.197034640E-01 -2.029265113E-01
3.20714285714E+09 -5.012189786E-02 +7.446379255E-03 -2.296508624E-01 +4.268665184E-01 -4.718977245E-01 -1.832075755E-02
3.21785714286E+09 -1.693453743E-02 +4.773416772E-02 +5.974654149E-02 +4.913358473E-01 -4.414592933E-01 +1.731803033E-01
3.22857142857E+09 +3.580253849E-02 +3.816645952E-02 +3.398095405E-01 +3.715743018E-01 -3.311063851E-01 +3.363145418E-01
3.23928571429E+09 +5.235777916E-02 -1.675643478E-02 +4.982397970E-01 +9.263457780E-02 -1.601240700E-01 +4.372947589E-01
3.25000000000E+09 +5.484583695E-03 -5.689878404E-02 +4.412131653E-01 -2.416604655E-01 +3.637555696E-02 +4.581462642E-01
3.26071428571E+09 -5.090515740E-02 -2.642534855E-02 +1.713973837E-01 -4.649870749E-01 +2.186459873E-01 +4.000168364E-01
3.27142857143E+09 -4.241092551E-02 +3.576425286E-02 -1.755425369E-01 -4.591924899E-01 +3.583306979E-01 +2.662556478E-01
3.28214285714E+09 +1.430806228E-02 +5.067354310E-02 -4.298946826E-01 -2.462883396E-01 +4.348162753E-01 +8.350412474E-02
3.29285714286E+09 +4.952949441E-02 +9.360134557E-03 -5.024157667E-01 +5.896347370E-02 +4.252551953E-01 -1.206648804E-01
3.30357142857E+09 +3.095477206E-02 -3.885427029E-02 -3.909728623E-01 +3.403465396E-01 +3.270800912E-01 -3.016029314E-01
3.31428571429E+09 -2.040784104E-02 -4.641715979E-02 -1.394334438E-01 +5.096090638E-01 +1.558661678E-01 -4.240447684E-01
3.32500000000E+09 -5.339414198E-02 -2.292475733E-03 +1.759573388E-01 +5.010911066E-01 -4.784558480E-02 -4.553359403E-01
3.33571428571E+09 -2.529831066E-02 +5.066000022E-02 +4.362191434E-01 +2.885503467E-01 -2.383734496E-01 -3.969726645E-01
3.34642857143E+09 +3.870951752E-02 +4.393881567E-02 +5.018643840E-01 -6.092797000E-02 -3.789477828E-01 -2.631840991E-01
3.35714285714E+09 +5.458742558E-02 -1.939017023E-02 +3.161832945E-01 -3.727418756E-01 -4.549842855E-01 -8.631077189E-02
3.36785714286E+09 +3.644777234E-03 -5.501578747E-02 -1.802713722E-02 -4.848161637E-01 -4.581074085E-01 +1.050774372E-01
3.37857142857E+09 -4.533321798E-02 -2.586782393E-02 -3.294414779E-01 -3.713163197E-01 -3.812711178E-01 +2.809762336E-01
3.38928571429E+09 -4.292233132E-02 +2.694840611E-02 -5.026322986E-01 -1.117056014E-01 -2.340874543E-01 +4.122748250E-01
3.40000000000E+09 +2.852652889E-03 +5.138468616E-02 -4.970051754E-01 +1.905454494E-01 -4.757900724E-02 +4.679113073E-01
3.41071428571E+09 +4.960959721E-02 +2.302616274E-02 -3.177569170E-01 +4.378385518E-01 +1.457872680E-01 +4.355635798E-01
3.42142857143E+09 +4.605807911E-02 -3.787300378E-02 -1.288749200E-02 +5.342483158E-01 +3.022514160E-01 +3.219995729E-01
3.43214285714E+09 -1.856665016E-02 -6.212807502E-02 +3.028508515E-01 +4.100374493E-01 +3.932319695E-01 +1.528683456E-01
3.44285714286E+09 -6.775479300E-02 -5.068846574E-03 +4.653883651E-01 +9.660904496E-02 +4.077982737E-01 -3.101698226E-02
3.45357142857E+09 -2.844659975E-02 +6.126233491E-02 +3.793451828E-01 -2.450752185E-01 +3.475009480E-01 -2.046833151E-01
3.46428571429E+09 +4.398545488E-02 +4.786010031E-02 +1.061871842E-01 -4.408590107E-01 +2.196008724E-01 -3.379691869E-01
3.47500000000E+09 +5.945848486E-02 -1.878854675E-02 -2.072330890E-01 -4.284808229E-01 +4.521356588E-02 -4.024676438E-01
3.48571428571E+09 +1.005319102E-02 -6.059140958E-02 -4.406365274E-01 -2.462367438E-01 -1.401051397E-01 -3.798157103E-01
3.49642857143E+09 -5.008629605E-02 -3.786537423E-02 -5.264527148E-01 +2.958503720E-02 -2.944898713E-01 -2.776879319E-01
3.50714285714E+09 -5.960002458E-02 +2.922216901E-02 -4.359345229E-01 +3.079519521E-01 -3.833382220E-01 -1.227627569E-01
3.51785714286E+09 +1.473115605E-03 +7.135967473E-02 -1.857147851E-01 +4.822464060E-01 -3.971089274E-01 +4.756526526E-02
3.52857142857E+09 +7.085783006E-02 +2.781859565E-02 +1.325605596E-01 +4.571384818E-01 -3.441547698E-01 +1.982776243E-01
3.53928571429E+09 +5.377578335E-02 -5.801580019E-02 +3.617620364E-01 +2.246182846E-01 -2.410272286E-01 +3.083864156E-01
3.55000000000E+09 -3.408612762E-02 -7.191571723E-02 +3.817540914E-01 -9.471324748E-02 -1.010910683E-01 +3.679664795E-01
3.56071428571E+09 -7.874727915E-02 +2.862948703E-03 +2.033701775E-01 -3.386860560E-01 +5.315356466E-02 +3.668818064E-01
3.57142857143E+09 -3.042600461E-02 +7.243080202E-02 -6.773032760E-02 -4.157662229E-01 +1.906118468E-01 +3.010085038E-01
3.58214285714E+09 +5.323070540E-02 +5.982937095E-02 -3.164537671E-01 -3.219115473E-01 +2.803043220E-01 +1.838205994E-01
3.59285714286E+09 +8.045366504E-02 -2.383370229E-02 -4.569810019E-01 -1.063187148E-01 +3.073332641E-01 +4.172503704E-02
3.60357142857E+09 +1.161056992E-02 -8.876153484E-02 -4.396016738E-01 +1.487715005E-01 +2.732890326E-01 -8.727221113E-02
3.61428571429E+09 -8.298216973E-02 -4.748799871E-02 -2.664453087E-01 +3.406151920E-01 +1.939623359E-01 -1.796802176E-01
3.62500000000E+09 -7.792497982E-02 +6.312330639E-02 -8.319796978E-03 +3.806069530E-01 +8.885542889E-02 -2.302283530E-01
3.63571428571E+09 +3.213980896E-02 +9.700290163E-02 +2.148410162E-01 +2.486847689E-01 -2.230152205E-02 -2.388780663E-01
3.64642857143E+09 +1.019256987E-01 +5.105220952E-03 +3.027469069E-01 +1.380333467E-02 -1.239939924E-01 -2.020088055E-01
3.65714285714E+09 +4.292015070E-02 -9.152722902E-02 +2.316863790E-01 -2.131845942E-01 -1.975867556E-01 -1.266473406E-01
3.66785714286E+09 -6.713276383E-02 -7.536634916E-02 +4.973124784E-02 -3.436159045E-01 -2.286773677E-01 -3.216625402E-02
3.67857142857E+09 -9.705439891E-02 +3.146558254E-02 -1.616711075E-01 -3.403923317E-01 -2.180224743E-01 +5.588349396E-02
3.68928571429E+09 -9.896064264E-03 +1.039350695E-01 -3.213482840E-01 -2.177939223E-01 -1.782324594E-01 +1.220667985E-01
3.70000000000E+09 +9.478820690E-02 +5.087857103E-02 -3.726777075E-01 -3.110933474E-02 -1.261596599E-01 +1.653521269E-01
3.71071428571E+09 +8.493162906E-02 -7.086709351E-02 -3.022971708E-01 +1.426770375E-01 -7.054259855E-02 +1.915524302E-01
3.72142857143E+09 -3.582662184E-02 -1.074367085E-01 -1.470218253E-01 +2.352761327E-01 -1.292584056E-02 +2.023289905E-01
3.73214285714E+09 -1.145359272E-01 -5.898066163E-03 +2.501256983E-02 +2.189593903E-01 +4.602457367E-02 +1.959842646E-01
3.74285714286E+09 -4.756109060E-02 +1.046661044E-01 +1.497983519E-01 +1.125435010E-01 +9.918126841E-02 +1.698046002E-01
3.75357142857E+09 +7.926716094E-02 +8.284724639E-02 +1.914408863E-01 -3.736617716E-02 +1.417253800E-01 +1.284894572E-01
3.76428571429E+09 +1.059834122E-01 -4.213331157E-02 +1.456844489E-01 -1.787603845E-01 +1.706181488E-01 +7.708517137E-02
3.77500000000E+09 +8.901466615E-04 -1.137019788E-01 +3.313707159E-02 -2.679283163E-01 +1.846226403E-01 +1.750599757E-02
3.78571428571E+09 -1.048873251E-01 -4.363834651E-02 -1.068793770E-01 -2.780039604E-01 +1.793078873E-01 -5.161193107E-02
3.79642857143E+09 -7.982907777E-02 +8.085313660E-02 -2.264629192E-01 -2.065044111E-01 +1.479184928E-01 -1.218221656E-01
3.80714285714E+09 +4.491566095E-02 +1.038276754E-01 -2.831178386E-01 -7.831549427E-02 +8.650683669E-02 -1.812817251E-01
3.81785714286E+09 +1.120425054E-01 -3.291787844E-03 -2.554977706E-01 +6.127561854E-02 -4.615840042E-04 -2.118703065E-01
3.82857142857E+09 +3.804558771E-02 -1.040168321E-01 -1.516807902E-01 +1.625137837E-01 -1.024390845E-01 -2.019358263E-01
3.83928571429E+09 -8.080865271E-02 -7.290099383E-02 -6.484590783E-03 +1.891622211E-01 -1.991606295E-01 -1.483156833E-01
3.85000000000E+09 -9.589383919E-02 +4.640928745E-02 +1.319299248E-01 +1.300620695E-01 -2.678083935E-01 -5.468895085E-02
3.86071428571E+09 +6.166768389E-03 +1.036859003E-01 +2.158525612E-01 +1.158018364E-03 -2.903862956E-01 +6.727889324E-02
3.87142857143E+09 +9.534416628E-02 +3.322985639E-02 +2.114834541E-01 -1.564779071E-01 -2.589915430E-01 +1.939830040E-01
3.88214285714E+09 +6.562443902E-02 -7.271778025E-02 +1.125785077E-01 -2.853051561E-01 -1.754483052E-01 +2.993396668E-01
3.89285714286E+09 -3.984548507E-02 -8.612906203E-02 -4.971893094E-02 -3.297349388E-01 -5.202677260E-02 +3.601900887E-01
3.90357142857E+09 -9.212553689E-02 +2.142099733E-03 -2.113018944E-01 -2.629200972E-01 +9.433479112E-02 +3.631074746E-01
3.91428571429E+09 -3.442074677E-02 +8.283282066E-02 -3.020989064E-01 -1.051768046E-01 +2.353635973E-01 +3.067675428E-01
3.92500000000E+09 +6.031822398E-02 +6.381687314E-02 -2.783923694E-01 +8.235150796E-02 +3.422560240E-01 +1.921710344E-01
3.93571428571E+09 +8.186422537E-02 -2.865888692E-02 -1.429623128E-01 +2.228659632E-01 +3.923691012E-01 +3.607287708E-02
3.94642857143E+09 +6.721916394E-03 -8.605377614E-02 +5.427216767E-02 +2.555522619E-01 +3.692186822E-01 -1.299413686E-01
3.95714285714E+09 -7.641864502E-02 -4.029241731E-02 +2.344264663E-01 +1.617581459E-01 +2.728942376E-01 -2.728875549E-01
3.96785714286E+09 -6.665797135E-02 +5.463455069E-02 +3.207846849E-01 -2.392149355E-02 +1.196838039E-01 -3.604378267E-01
3.97857142857E+09 +2.464879279E-02 +8.165479641E-02 +2.729687239E-01 -2.237656610E-01 -6.075225988E-02 -3.739880572E-01
3.98928571429E+09 +8.271984610E-02 +8.446728438E-03 +1.097539693E-01 -3.499318937E-01 -2.325022351E-01 -3.080639773E-01
4.00000000000E+09 +3.844358712E-02 -7.039947843E-02 -9.816645552E-02 -3.464520338E-01 -3.619241856E-01 -1.731923982E-01
4.01071428571E+09 -4.732177854E-02 -6.088862232E-02 -2.621363062E-01 -2.140478218E-01 -4.162269843E-01 +4.726216662E-03
4.02142857143E+09 -7.233478420E-02 +1.744434559E-02 -3.134802892E-01 -6.012893156E-03 -3.851273415E-01 +1.942300017E-01
4.03214285714E+09 -1.412438392E-02 +7.109978950E-02 -2.288795614E-01 +1.951232169E-01 -2.744536803E-01 +3.518724700E-01
4.04285714286E+09 +5.750349053E-02 +4.204836458E-02 -3.732979472E-02 +3.079291414E-01 -1.070300452E-01 +4.472268897E-01
4.05357142857E+09 +6.152008025E-02 -3.424951892E-02 +1.867436819E-01 +2.808214292E-01 +8.219561425E-02 +4.622949150E-01
4.06428571429E+09 -5.681963419E-03 -6.958117929E-02 +3.466040379E-01 +1.188207541E-01 +2.603370214E-01 +3.963577279E-01
4.07500000000E+09 -6.502084346E-02 -2.300705220E-02 +3.673057912E-01 -1.083186748E-01 +3.982136542E-01 +2.664508168E-01
4.08571428571E+09 -4.701573633E-02 +4.920872223E-02 +2.387311142E-01 -2.960648556E-01 +4.674113655E-01 +9.269104275E-02
4.09642857143E+09 +2.476942562E-02 +6.238600853E-02 +2.171540101E-02 -3.606749838E-01 +4.559725032E-01 -1.014656029E-01
4.10714285714E+09 +6.632904744E-02 +3.779523246E-03 -1.879559624E-01 -2.788342181E-01 +3.630050427E-01 -2.789633221E-01
4.11785714286E+09 +3.140376593E-02 -5.849451969E-02 -3.057894782E-01 -8.867531329E-02 +2.033985726E-01 -4.001176581E-01
4.12857142857E+09 -4.031233529E-02 -5.330247960E-02 -2.881091773E-01 +1.332089735E-01 +3.268138408E-03 -4.376275409E-01
4.13928571429E+09 -6.610146102E-02 +1.523518983E-02 -1.432640433E-01 +3.002631738E-01 -1.938600460E-01 -3.846823040E-01
4.15000000000E+09 -1.261479145E-02 +6.765933291E-02 +7.132829803E-02 +3.459346201E-01 -3.460956141E-01 -2.520775074E-01
4.16071428571E+09 +5.764290454E-02 +3.829322617E-02 +2.666475098E-01 +2.498446673E-01 -4.225097387E-01 -6.934945627E-02
4.17142857143E+09 +5.740485832E-02 -3.801947159E-02 +3.567941445E-01 +5.335600341E-02 -4.110427729E-01 +1.306175805E-01
4.18214285714E+09 -1.223941192E-02 -6.664005475E-02 +3.020820969E-01 -1.546354622E-01 -3.191054778E-01 +3.088198417E-01
4.19285714286E+09 -6.453686054E-02 -1.530194920E-02 +1.293905536E-01 -2.810828559E-01 -1.630077881E-01 +4.265513698E-01
4.20357142857E+09 -3.973938347E-02 +5.148609836E-02 -8.289668143E-02 -2.734573571E-01 +2.635464648E-02 +4.669086354E-01
4.21428571429E+09 +2.968654772E-02 +5.706676506E-02 -2.445888916E-01 -1.399710074E-01 +2.132906652E-01 +4.243164724E-01
4.22500000000E+09 +6.432871891E-02 -2.583552820E-03 -2.922468916E-01 +5.991010452E-02 +3.625384976E-01 +3.083345732E-01
4.23571428571E+09 +2.521087803E-02 -5.998430496E-02 -2.117132332E-01 +2.427922046E-01 +4.486946065E-01 +1.419856210E-01
4.24642857143E+09 -4.470442514E-02 -4.889903842E-02 -4.157891075E-02 +3.346920798E-01 +4.592333125E-01 -4.483736714E-02
4.25714285714E+09 -6.419832253E-02 +2.110448709E-02 +1.427398061E-01 +3.016361890E-01 +3.956971007E-01 -2.188649217E-01
4.26785714286E+09 -6.450100354E-03 +6.868405268E-02 +2.623597334E-01 +1.636819934E-01 +2.648425125E-01 -3.499324263E-01
4.27857142857E+09 +6.182907969E-02 +3.365220187E-02 +2.698665620E-01 -1.552492888E-02 +9.395666586E-02 -4.152377834E-01
4.28928571429E+09 +5.595455995E-02 -4.441391299E-02 +1.676314513E-01 -1.599296522E-01 -9.005551320E-02 -3.994212119E-01
4.30000000000E+09 -1.928632513E-02 -6.953005379E-02 +1.926992764E-03 -2.138073868E-01 -2.512517475E-01 -3.057114338E-01
4.31071428571E+09 -7.180745362E-02 -9.497322481E-03 -1.601869188E-01 -1.617909438E-01 -3.574300650E-01 -1.524997046E-01
4.32142857143E+09 -3.693498308E-02 +6.225073752E-02 -2.586054091E-01 -3.013886325E-02 -3.851936695E-01 +2.755941391E-02
4.33214285714E+09 +4.240965477E-02 +5.851876163E-02 -2.615044034E-01 +1.264869092E-01 -3.319534598E-01 +1.981249948E-01
4.34285714286E+09 +7.067458427E-02 -1.565402156E-02 -1.759184934E-01 +2.474739586E-01 -2.150482015E-01 +3.273203974E-01
4.35357142857E+09 +1.409447091E-02 -7.150130456E-02 -4.177519825E-02 +2.902632828E-01 -6.262850668E-02 +3.929596539E-01
4.36428571429E+09 -6.018568827E-02 -4.188241655E-02 +8.549326157E-02 +2.446514574E-01 +9.995278831E-02 +3.881862738E-01
4.37500000000E+09 -6.279567236E-02 +3.890347056E-02 +1.572984865E-01 +1.346966579E-01 +2.453171151E-01 +3.235526730E-01
4.38571428571E+09 +1.108492943E-02 +7.371584533E-02 +1.505888775E-01 +6.463311636E-03 +3.523295831E-01 +2.085422618E-01
4.39642857143E+09 +7.274242975E-02 +1.893396305E-02 +7.397482532E-02 -9.246128201E-02 +4.031225146E-01 +6.263561779E-02
4.40714285714E+09 +4.630752564E-02 -5.986335199E-02 -4.066178950E-02 -1.316029979E-01 +3.909404043E-01 -9.163284915E-02
4.41785714286E+09 -3.706832208E-02 -6.638591904E-02 -1.538467856E-01 -1.040826160E-01 +3.196743280E-01 -2.258528293E-01
4.42857142857E+09 -7.597367833E-02 +8.020636875E-03 -2.313443272E-01 -2.333073546E-02 +2.013708235E-01 -3.156754717E-01
4.43928571429E+09 -2.256925603E-02 +7.339060920E-02 -2.515399262E-01 +8.349298203E-02 +5.844355160E-02 -3.480353757E-01
4.45000000000E+09 +5.928856866E-02 +4.983407818E-02 -2.088381408E-01 +1.830491641E-01 -8.251277827E-02 -3.235961350E-01
4.46071428571E+09 +6.990609889E-02 -3.568214168E-02 -1.141068035E-01 +2.424389885E-01 -2.012457430E-01 -2.470173691E-01
4.47142857143E+09 -6.019829474E-03 -7.920768871E-02 +4.645604240E-03 +2.362772907E-01 -2.814482243E-01 -1.321549290E-01
4.48214285714E+09 -7.629316138E-02 -2.457232118E-02 +1.060006550E-01 +1.573071960E-01 -3.062818374E-01 +4.727949722E-03
4.49285714286E+09 -5.122218198E-02 +6.191872721E-02 +1.473955267E-01 +2.502673675E-02 -2.719871858E-01 +1.423848059E-01
4.50357142857E+09 +3.843165545E-02 +6.995032568E-02 +1.041804564E-01 -1.155082582E-01 -1.832418328E-01 +2.520074972E-01
4.51428571429E+09 +7.773970284E-02 -9.513213433E-03 -1.516683232E-02 -2.100424903E-01 -6.117296753E-02 +3.135265575E-01
4.52500000000E+09 +2.016043196E-02 -7.339008189E-02 -1.690417063E-01 -2.194842226E-01 +7.334614130E-02 +3.204480979E-01
4.53571428571E+09 -5.779039610E-02 -4.594496874E-02 -3.000954455E-01 -1.378063698E-01 +1.981612396E-01 +2.774427205E-01
4.54642857143E+09 -6.354078844E-02 +3.334081306E-02 -3.588701363E-01 +7.050515361E-03 +2.982303163E-01 +1.953639481E-01
4.55714285714E+09 +4.454807807E-03 +7.055505614E-02 -3.182827936E-01 +1.639489189E-01 +3.567828527E-01 +7.870579030E-02
4.56785714286E+09 +6.636774363E-02 +2.483124972E-02 -1.831394545E-01 +2.716422931E-01 +3.658560834E-01 -5.868414802E-02
4.57857142857E+09 +4.993541806E-02 -5.144968214E-02 +4.863550110E-03 +2.758039899E-01 +3.203646698E-01 -1.926847831E-01
4.58928571429E+09 -2.862776848E-02 -6.669212246E-02 +1.695262339E-01 +1.532685184E-01 +2.227916557E-01 -2.941641592E-01
4.60000000000E+09 -7.270942392E-02 +1.827944270E-03 +2.256854451E-01 -5.903545107E-02 +9.101419000E-02 -3.466823668E-01
4.61071428571E+09 -2.473674353E-02 +6.717193100E-02 +1.325464943E-01 -2.662140219E-01 -4.819796307E-02 -3.447563141E-01
4.62142857143E+09 +5.110788894E-02 +4.677219112E-02 -7.066450860E-02 -3.677897312E-01 -1.759558375E-01 -2.906390354E-01
4.63214285714E+09 +6.072409535E-02 -2.761739584E-02 -2.890872703E-01 -3.197099318E-01 -2.740727292E-01 -1.899895688E-01
4.64285714286E+09 -5.284157040E-04 -6.467652838E-02 -4.291873526E-01 -1.481632529E-01 -3.228837115E-01 -4.851442008E-02
4.65357142857E+09 -5.823427374E-02 -2.589087454E-02 -4.355467257E-01 +7.719455239E-02 -3.092459786E-01 +1.074964610E-01
4.66428571429E+09 -4.730946981E-02 +4.253282470E-02 -2.981651433E-01 +2.695177599E-01 -2.304389177E-01 +2.449781496E-01
4.67500000000E+09 +2.065899389E-02 +6.052622427E-02 -5.702119685E-02 +3.442103615E-01 -9.704330742E-02 +3.338357327E-01
4.68571428571E+09 +6.378086210E-02 +3.576587543E-03 +1.947768447E-01 +2.497524005E-01 +5.830782305E-02 +3.562957786E-01
4.69642857143E+09 +2.640754919E-02 -5.676162972E-02 +3.386792822E-01 +1.007400251E-02 +2.078409979E-01 +3.129936976E-01
4.70714285714E+09 -4.078654423E-02 -4.402897744E-02 +3.001437720E-01 -2.678346014E-01 +3.250912271E-01 +2.128355278E-01
4.71785714286E+09 -5.378231800E-02 +1.854712831E-02 +1.008664157E-01 -4.552144064E-01 +3.952542060E-01 +7.074993325E-02
4.72857142857E+09 -6.065524816E-03 +5.374708933E-02 -1.629946882E-01 -4.777123368E-01 +4.051728867E-01 -9.099441126E-02
4.73928571429E+09 +4.409604141E-02 +2.836648810E-02 -3.821466500E-01 -3.361405430E-01 +3.488483738E-01 -2.444410007E-01
4.75000000000E+09 +4.498554607E-02 -2.693759064E-02 -4.718432196E-01 -8.620634608E-02 +2.343474258E-01 -3.596204060E-01
4.76071428571E+09 -5.286112874E-03 -5.348325582E-02 -3.867228325E-01 +1.791244276E-01 +7.859701315E-02 -4.121682064E-01
4.77142857143E+09 -5.287737159E-02 -1.717094368E-02 -1.410232501E-01 +3.440631240E-01 -8.773547641E-02 -3.973929190E-01
4.78214285714E+09 -3.658233493E-02 +4.333492802E-02 +1.667587082E-01 +3.146303635E-01 -2.318975210E-01 -3.192874703E-01
4.79285714286E+09 +2.655961411E-02 +4.951598188E-02 +3.853956984E-01 +9.270025750E-02 -3.332874386E-01 -1.885645502E-01
4.80357142857E+09 +5.403979768E-02 -5.500750990E-03 +4.100460439E-01 -2.086447753E-01 -3.725496978E-01 -2.433392978E-02
4.81428571429E+09 +1.578110888E-02 -4.946451588E-02 +2.459844815E-01 -4.465287478E-01 -3.414614845E-01 +1.460501330E-01
4.82500000000E+09 -3.692915096E-02 -3.385324068E-02 -1.901524431E-02 -5.289968886E-01 -2.400330675E-01 +2.864931386E-01
4.83571428571E+09 -4.584881461E-02 +1.838347314E-02 -2.773098884E-01 -4.357163384E-01 -8.373191179E-02 +3.681930821E-01
4.84642857143E+09 -2.915810033E-03 +4.957727276E-02 -4.325948872E-01 -2.009050764E-01 +9.518494016E-02 +3.685614058E-01
4.85714285714E+09 +4.468418951E-02 +2.352084388E-02 -4.147088553E-01 +9.457670296E-02 +2.539992753E-01 +2.968831880E-01
4.86785714286E+09 +3.962970709E-02 -3.232520289E-02 -2.092981735E-01 +3.281780085E-01 +3.629150176E-01 +1.676066310E-01
4.87857142857E+09 -1.465566226E-02 -4.871979829E-02 +1.044413151E-01 +3.828484052E-01 +4.108497714E-01 +5.638602884E-03
4.88928571429E+09 -4.916202274E-02 -5.348914716E-03 +3.780790331E-01 +2.287581405E-01 +3.939394949E-01 -1.605747541E-01
4.90000000000E+09 -2.406941351E-02 +4.096485789E-02 +4.884990320E-01 -5.083579788E-02 +3.108046959E-01 -3.018064003E-01
4.91071428571E+09 +2.580671286E-02 +3.806823558E-02 +4.060071218E-01 -3.241886051E-01 +1.685246316E-01 -3.937999873E-01
4.92142857143E+09 +4.518643477E-02 -6.267714173E-03 +1.815719842E-01 -4.849404420E-01 +1.471819463E-03 -4.222933503E-01
4.93214285714E+09 +1.447237188E-02 -4.399879864E-02 -9.410514160E-02 -4.776391390E-01 -1.645808236E-01 -3.752199759E-01
4.94285714286E+09 -3.494949010E-02 -3.291668814E-02 -3.152388041E-01 -3.007957338E-01 -2.922690146E-01 -2.696615167E-01
4.95357142857E+09 -4.591717599E-02 +1.966937282E-02 -3.854686015E-01 -1.603682678E-02 -3.650012529E-01 -1.216151994E-01
4.96428571429E+09 +6.739049181E-04 +5.136850087E-02 -2.626626026E-01 +2.569817472E-01 -3.711034283E-01 +4.112539373E-02
4.97500000000E+09 +4.805337374E-02 +1.877886206E-02 +2.696573433E-04 +3.925436978E-01 -3.099762810E-01 +1.914206795E-01
4.98571428571E+09 +3.545392654E-02 -3.653370997E-02 +2.780344691E-01 +3.378702493E-01 -1.875719480E-01 +3.019766403E-01
4.99642857143E+09 -1.862192007E-02 -4.623782886E-02 +4.528622969E-01 +1.361521396E-01 -2.698016276E-02 +3.517499841E-01
5.00714285714E+09 -4.910367978E-02 -2.316766045E-03 +4.682587894E-01 -1.177500353E-01 +1.388288514E-01 +3.296127015E-01
5.01785714286E+09 -2.277698783E-02 +4.394467883E-02 +3.291131573E-01 -3.251197706E-01 +2.712603980E-01 +2.413370181E-01
5.02857142857E+09 +3.141285147E-02 +3.964208743E-02 +8.919925945E-02 -4.064044349E-01 +3.523153814E-01 +1.084044023E-01
5.03928571429E+09 +5.001921242E-02 -1.357200897E-02 -1.579832096E-01 -3.209264754E-01 +3.703995574E-01 -4.217027915E-02
5.05000000000E+09 +6.512579639E-03 -5.209099909E-02 -3.027186774E-01 -9.545528711E-02 +3.309197127E-01 -1.882017641E-01
5.06071428571E+09 -4.539001043E-02 -2.546091559E-02 -2.760849386E-01 +1.695031269E-01 +2.357451039E-01 -3.023321715E-01
5.07142857143E+09 -4.011040691E-02 +3.121463077E-02 -9.930158056E-02 +3.532882727E-01 +1.006297317E-01 -3.713098169E-01
5.08214285714E+09 +1.198391501E-02 +4.801499948E-02 +1.363370617E-01 +3.889287880E-01 -4.951565643E-02 -3.807137973E-01
5.09285714286E+09 +4.788704331E-02 +9.241910092E-03 +3.322572287E-01 +2.840822095E-01 -1.888218294E-01 -3.279995960E-01
5.10357142857E+09 +2.919753312E-02 -3.957135554E-02 +4.240596585E-01 +9.302727756E-02 -2.870571404E-01 -2.273501524E-01
5.11428571429E+09 -2.411692785E-02 -4.427061855E-02 +3.863891589E-01 -1.132195265E-01 -3.371150170E-01 -9.790419254E-02
5.12500000000E+09 -5.205734204E-02 +4.408746243E-03 +2.319543883E-01 -2.606819080E-01 -3.369208876E-01 +4.178855616E-02
5.13571428571E+09 -1.619675975E-02 +5.159073028E-02 +1.416509677E-02 -2.892525798E-01 -2.840667012E-01 +1.690027386E-01
5.14642857143E+09 +4.294112484E-02 +3.457035516E-02 -1.805252461E-01 -1.820917524E-01 -1.834737080E-01 +2.686449666E-01
5.15714285714E+09 +4.758386060E-02 -2.730903251E-02 -2.720901778E-01 +1.583637786E-02 -4.890087570E-02 +3.182683577E-01
5.16785714286E+09 -7.336229334E-03 -5.320889955E-02 -2.311095129E-01 +2.192367634E-01 +9.198422830E-02 +3.082291200E-01
5.17857142857E+09 -5.041936718E-02 -1.360985719E-02 -8.847912036E-02 +3.502277886E-01 +2.123567110E-01 +2.408139847E-01
5.18928571429E+09 -3.198909181E-02 +3.988918545E-02 +9.205502184E-02 +3.714566823E-01 +2.908875988E-01 +1.287112069E-01
5.20000000000E+09 +2.339896855E-02 +4.518781599E-02 +2.455484673E-01 +2.854520102E-01 +3.249037273E-01 -3.996140047E-03
5.21071428571E+09 +5.130096745E-02 -3.245407351E-03 +3.197381593E-01 +1.245980743E-01 +3.079915444E-01 -1.384490560E-01
5.22142857143E+09 +1.723734650E-02 -4.921376743E-02 +2.836598423E-01 -5.613305115E-02 +2.370416306E-01 -2.588690353E-01
5.23214285714E+09 -3.950475111E-02 -3.457146051E-02 +1.415411221E-01 -1.870273444E-01 +1.215528607E-01 -3.407029535E-01
5.24285714286E+09 -4.605592888E-02 +2.403767107E-02 -5.646162109E-02 -2.098320027E-01 -2.161480084E-02 -3.681038013E-01
5.25357142857E+09 +5.244718218E-03 +4.994413882E-02 -2.303706093E-01 -1.115533252E-01 -1.625643696E-01 -3.330688268E-01
5.26428571429E+09 +4.586513656E-02 +1.358484023E-02 -3.116271807E-01 +6.547038978E-02 -2.763647766E-01 -2.414626535E-01
5.27500000000E+09 +2.942801541E-02 -3.480889192E-02 -2.756449894E-01 +2.497095911E-01 -3.473598399E-01 -1.160686291E-01
5.28571428571E+09 -1.856149099E-02 -3.988896273E-02 -1.426520623E-01 +3.755867374E-01 -3.681056283E-01 +2.923251136E-02
5.29642857143E+09 -4.327035797E-02 -1.686930416E-04 +4.033145106E-02 +4.011792087E-01 -3.325129979E-01 +1.708793632E-01
5.30714285714E+09 -1.828377855E-02 +3.934744802E-02 +2.123862877E-01 +3.115340620E-01 -2.356026654E-01 +2.919357925E-01
5.31785714286E+09 +2.925178986E-02 +3.301782196E-02 +3.067677449E-01 +1.248678468E-01 -9.102247675E-02 +3.632415531E-01
5.32857142857E+09 +4.211597449E-02 -1.471712933E-02 +2.698778290E-01 -9.785325414E-02 +7.262569711E-02 +3.695299373E-01
5.33928571429E+09 +1.671870461E-03 -4.415862567E-02 +9.811632800E-02 -2.621304069E-01 +2.238361271E-01 +3.037092326E-01
5.35000000000E+09 -3.902825107E-02 -1.722603167E-02 -1.406967253E-01 -2.893701080E-01 +3.358333188E-01 +1.784099440E-01
5.36071428571E+09 -2.943823013E-02 +2.762619897E-02 -3.426799274E-01 -1.703625387E-01 +3.921247177E-01 +2.061564254E-02
5.37142857143E+09 +1.227503545E-02 +3.607229095E-02 -4.304121441E-01 +3.706121910E-02 +3.764462264E-01 -1.429531252E-01
5.38214285714E+09 +3.630143532E-02 +4.232958824E-03 -3.799041995E-01 +2.503512225E-01 +2.891455596E-01 -2.876472772E-01
5.39285714286E+09 +1.925599025E-02 -3.040567360E-02 -2.116523040E-01 +3.939265106E-01 +1.404048882E-01 -3.871636459E-01
5.40357142857E+09 -1.962478246E-02 -3.059017039E-02 +2.047530402E-02 +4.101561031E-01 -3.815683252E-02 -4.194662392E-01
5.41428571429E+09 -3.644366783E-02 +5.848393435E-03 +2.304976688E-01 +2.727722381E-01 -2.144864916E-01 -3.688740105E-01
5.42500000000E+09 -8.192289786E-03 +3.612820204E-02 +3.162854649E-01 +1.751998825E-02 -3.496394115E-01 -2.500542500E-01
5.43571428571E+09 +2.983604474E-02 +2.023989318E-02 +2.179364229E-01 -2.443977874E-01 -4.238184558E-01 -8.405098166E-02
5.44642857143E+09 +2.832717248E-02 -1.896601802E-02 -2.210238014E-02 -3.845282336E-01 -4.241454721E-01 +9.387921472E-02
5.45714285714E+09 -5.431901544E-03 -3.134683013E-02 -2.867251966E-01 -3.471713783E-01 -3.428464370E-01 +2.557805866E-01
5.46785714286E+09 -2.875088301E-02 -8.374745736E-03 -4.667290389E-01 -1.655507164E-01 -1.969536972E-01 +3.815664228E-01
5.47857142857E+09 -1.984143735E-02 +2.095191715E-02 -5.032984442E-01 +8.269397369E-02 -1.237780753E-02 +4.389631253E-01
5.48928571429E+09 +9.676197450E-03 +2.694098741E-02 -3.843906468E-01 +3.102505274E-01 +1.793320177E-01 +4.081936978E-01
5.50000000000E+09 +2.894450449E-02 +2.890267907E-03 -1.399112840E-01 +4.306005076E-01 +3.387426545E-01 +2.990417163E-01
5.51071428571E+09 +1.473539585E-02 -2.573457761E-02 +1.475039669E-01 +3.755472434E-01 +4.342347538E-01 +1.328660704E-01
5.52142857143E+09 -1.817343630E-02 -2.347665667E-02 +3.495294743E-01 +1.422284547E-01 +4.541203049E-01 -6.345666583E-02
5.53214285714E+09 -2.779683082E-02 +7.570458351E-03 +3.601920347E-01 -1.703217051E-01 +3.867992745E-01 -2.438550427E-01
5.54285714286E+09 -4.056122461E-03 +2.698031446E-02 +1.787759392E-01 -4.141549980E-01 +2.478807689E-01 -3.873090235E-01
5.55357142857E+09 +2.134008727E-02 +1.445015375E-02 -9.940640936E-02 -4.921561207E-01 +6.120927573E-02 -4.628844124E-01
5.56428571429E+09 +2.168354314E-02 -1.209190306E-02 -3.575651007E-01 -3.925459548E-01 -1.320175832E-01 -4.572138684E-01
5.57500000000E+09 -7.652711335E-04 -2.465076762E-02 -5.053569760E-01 -1.610465247E-01 -3.076608924E-01 -3.672879130E-01
5.58571428571E+09 -2.295395695E-02 -1.064702722E-02 -4.855352834E-01 +1.225780190E-01 -4.246420902E-01 -2.097546844E-01
5.59642857143E+09 -2.013030390E-02 +1.683102202E-02 -2.865181395E-01 +3.494680946E-01 -4.706014610E-01 -1.332372065E-02
5.60714285714E+09 +7.688472022E-03 +2.589201908E-02 +2.761107173E-02 +4.070543597E-01 -4.244031629E-01 +1.775419669E-01
5.61785714286E+09 +2.680593305E-02 +2.907185782E-03 +3.142877227E-01 +2.487103677E-01 -3.087298857E-01 +3.390211242E-01
5.62857142857E+09 +1.283652042E-02 -2.274476628E-02 +4.339426638E-01 -5.035789260E-02 -1.377145489E-01 +4.384436489E-01
5.63928571429E+09 -1.459481741E-02 -2.030953175E-02 +3.462944908E-01 -3.448154962E-01 +5.497006144E-02 +4.635206723E-01
5.65000000000E+09 -2.392335948E-02 +4.064176907E-03 +1.106441287E-01 -5.167218703E-01 +2.384044179E-01 +3.906053341E-01
5.66071428571E+09 -7.031760400E-03 +2.306054715E-02 -1.733581362E-01 -5.136614417E-01 +3.745507014E-01 +2.477448345E-01
5.67142857143E+09 +1.787797284E-02 +1.683770953E-02 -4.028654822E-01 -3.393070187E-01 +4.360136528E-01 +4.935710619E-02
5.68214285714E+09 +2.378778791E-02 -9.530316521E-03 -4.846731811E-01 -4.801273932E-02 +4.221685687E-01 -1.444536836E-01
5.69285714286E+09 +6.532946145E-04 -2.649585065E-02 -3.633867390E-01 +2.479166608E-01 +3.139622610E-01 -3.129571926E-01
5.70357142857E+09 -2.452285128E-02 -1.082601524E-02 -7.401577018E-02 +4.075253742E-01 +1.485130318E-01 -4.204552967E-01
5.71428571429E+09 -1.900557585E-02 +1.815763614E-02 +2.493330976E-01 +3.498869994E-01 -4.014491330E-02 -4.489368538E-01
5.72500000000E+09 +8.433142312E-03 +2.395978712E-02 +4.589178931E-01 +1.148637137E-01 -2.192213339E-01 -3.913284518E-01
5.73571428571E+09 +2.443477534E-02 +2.842388248E-03 +4.833660161E-01 -1.814905041E-01 -3.621820204E-01 -2.541895332E-01
5.74642857143E+09 +1.352708787E-02 -2.033963852E-02 +3.337638971E-01 -4.242876899E-01 -4.361433426E-01 -7.453587105E-02
5.75714285714E+09 -1.229734938E-02 -2.172926950E-02 +7.027771157E-02 -5.304916289E-01 -4.287802735E-01 +1.160931447E-01
5.76785714286E+09 -2.600353661E-02 +1.896042681E-03 -2.142264468E-01 -4.536304957E-01 -3.460194964E-01 +2.828909996E-01
5.77857142857E+09 -9.160437558E-03 +2.579527051E-02 -4.006996187E-01 -2.040753478E-01 -2.059415634E-01 +3.913519946E-01
5.78928571429E+09 +2.110771344E-02 +1.895292990E-02 -3.867260581E-01 +1.205624458E-01 -2.760300316E-02 +4.367847110E-01
5.80000000000E+09 +2.552190085E-02 -1.251649600E-02 -1.680096204E-01 +3.623481600E-01 +1.465152192E-01 +4.048029320E-01
5.81071428571E+09 -1.416023710E-03 -2.765060337E-02 +1.416404034E-01 +4.114605193E-01 +2.945150511E-01 +2.960254367E-01
5.82142857143E+09 -2.503456469E-02 -1.009933958E-02 +3.997305560E-01 +2.719134074E-01 +3.866376092E-01 +1.423310884E-01
5.83214285714E+09 -2.017911883E-02 +1.797636724E-02 +5.179229295E-01 +2.310661524E-02 +4.012443752E-01 -3.670546555E-02
5.84285714286E+09 +7.375081303E-03 +2.672401139E-02 +4.690580796E-01 -2.395453028E-01 +3.503999648E-01 -2.017198822E-01
5.85357142857E+09 +2.907872962E-02 +5.113928967E-03 +2.705316812E-01 -4.245794430E-01 +2.300982369E-01 -3.162765372E-01
5.86428571429E+09 +1.756588837E-02 -2.639192406E-02 -1.392176831E-02 -4.514675861E-01 +7.333085304E-02 -3.757071472E-01
5.87500000000E+09 -1.923879920E-02 -2.734642278E-02 -2.656929230E-01 -2.849233392E-01 -8.468285896E-02 -3.604637210E-01
5.88571428571E+09 -3.303672472E-02 +8.691862032E-03 -3.546703512E-01 +1.121178835E-02 -2.269720134E-01 -2.853924080E-01
5.89642857143E+09 -3.672967227E-03 +3.320233807E-02 -2.378017942E-01 +2.897401302E-01 -3.225547836E-01 -1.581860165E-01
5.90714285714E+09 +2.812690090E-02 +1.576624279E-02 +8.672939615E-03 +4.285254071E-01 -3.584178401E-01 -7.537823834E-03
5.91785714286E+09 +2.534682606E-02 -1.833678182E-02 +2.676241522E-01 +3.983898741E-01 -3.276974294E-01 +1.388226534E-01
5.92857142857E+09 -5.462966879E-03 -3.084537743E-02 +4.504742425E-01 +2.362254524E-01 -2.365251339E-01 +2.475712684E-01
5.93928571429E+09 -3.134221126E-02 -8.846590320E-03 +5.062142606E-01 +3.704101997E-03 -1.080412505E-01 +3.073365903E-01
5.95000000000E+09 -2.232703773E-02 +2.664941240E-02 +4.134119580E-01 -2.235803573E-01 +2.823176312E-02 +3.170240708E-01
5.96071428571E+09 +1.759822384E-02 +3.310379274E-02 +1.904021882E-01 -3.566357224E-01 +1.461000508E-01 +2.758966834E-01
5.97142857143E+09 +3.914867547E-02 -5.438692264E-03 -8.036774015E-02 -3.207300870E-01 +2.446197232E-01 +1.930407859E-01
5.98214285714E+09 +7.748548242E-03 -3.925985390E-02 -2.701981980E-01 -1.187561509E-01 +2.982314178E-01 +7.997291538E-02
5.99285714286E+09 -3.336807630E-02 -2.029866652E-02 -2.911831517E-01 +1.484650025E-01 +3.010929443E-01 -4.430013388E-02
6.00357142857E+09 -2.993187330E-02 +2.224169276E-02 -1.567584972E-01 +3.589504542E-01 +2.515780145E-01 -1.547066436E-01
6.01428571429E+09 +8.023032400E-03 +3.501817103E-02 +5.739316823E-02 +4.452786873E-01 +1.639572154E-01 -2.288398653E-01
6.02500000000E+09 +3.469055628E-02 +7.248023991E-03 +2.705334633E-01 +3.972150826E-01 +6.306586932E-02 -2.695523399E-01
6.03571428571E+09 +2.141898238E-02 -2.916785001E-02 +4.176490206E-01 +2.378813570E-01 -4.003604256E-02 -2.736425897E-01
6.04642857143E+09 -1.900114806E-02 -3.259629039E-02 +4.476644682E-01 +1.382682694E-02 -1.392877731E-01 -2.409365630E-01
6.05714285714E+09 -3.880210424E-02 +6.065895136E-03 +3.325868695E-01 -1.991312797E-01 -2.234600145E-01 -1.761734192E-01
6.06785714286E+09 -7.585638442E-03 +3.969909934E-02 +9.792206673E-02 -3.055445737E-01 -2.723032131E-01 -8.068186503E-02
6.07857142857E+09 +3.461514545E-02 +1.996924932E-02 -1.599401619E-01 -2.425710387E-01 -2.804695127E-01 +3.164360996E-02
6.08928571429E+09 +2.925418949E-02 -2.457715563E-02 -3.223662340E-01 -3.772934986E-02 -2.461533842E-01 +1.345909336E-01
6.10000000000E+09 -1.116823473E-02 -3.431550405E-02 -3.298132975E-01 +2.108767859E-01 -1.743071864E-01 +2.210050033E-01
6.11071428571E+09 -3.401797199E-02 -3.365723148E-03 -1.986665507E-01 +4.060538269E-01 -7.940697650E-02 +2.784827951E-01
6.12142857143E+09 -1.677883067E-02 +2.854332688E-02 +1.444508352E-02 +4.876263558E-01 +3.294539063E-02 +2.949547524E-01
6.13214285714E+09 +1.886274378E-02 +2.697766495E-02 +2.393615324E-01 +4.302617222E-01 +1.456650460E-01 +2.661892250E-01
6.14285714286E+09 +3.285754231E-02 -6.923467048E-03 +3.972371501E-01 +2.408077563E-01 +2.448478509E-01 +1.848427309E-01
6.15357142857E+09 +5.933026772E-03 -3.371356750E-02 +4.109015722E-01 -2.607986012E-02 +3.069183299E-01 +6.549073351E-02
6.16428571429E+09 -2.946984486E-02 -1.701604940E-02 +2.462583198E-01 -2.596517055E-01 +3.133218428E-01 -7.079166721E-02
6.17500000000E+09 -2.515124106E-02 +2.097354491E-02 -3.652778693E-02 -3.409434914E-01 +2.635687486E-01 -2.004347734E-01
6.18571428571E+09 +9.729625781E-03 +2.881428666E-02 -3.048074970E-01 -2.314825836E-01 +1.677387536E-01 -3.061121644E-01
6.19642857143E+09 +2.804798575E-02 +2.269335965E-03 -4.464110885E-01 +6.160671113E-03 +3.890387187E-02 -3.599224484E-01
6.20714285714E+09 +1.324610346E-02 -2.297066855E-02 -4.226887238E-01 +2.690506436E-01 -1.088513299E-01 -3.522459578E-01
6.21785714286E+09 -1.432985620E-02 -2.127762464E-02 -2.534783357E-01 +4.660273882E-01 -2.531805557E-01 -2.853716523E-01
6.22857142857E+09 -2.545189575E-02 +3.549502139E-03 +6.545460731E-03 +5.286765833E-01 -3.576698092E-01 -1.569581010E-01
6.23928571429E+09 -7.258896051E-03 +2.503686514E-02 +2.686471687E-01 +4.170632330E-01 -3.968098224E-01 -2.150000682E-03
6.25000000000E+09 +2.066905194E-02 +1.657459389E-02 +4.169929554E-01 +1.497624781E-01 -3.736385912E-01 +1.573919611E-01
6.26071428571E+09 +2.279702473E-02 -1.308610196E-02 +3.605515618E-01 -1.656993639E-01 -2.818951493E-01 +2.955039294E-01
6.27142857143E+09 -3.697943100E-03 -2.493617479E-02 +1.150314970E-01 -3.749423231E-01 -1.455296388E-01 +3.805680352E-01
6.28214285714E+09 -2.298986753E-02 -5.913707054E-03 -1.973723522E-01 -3.852260749E-01 +2.457494898E-02 +3.917975885E-01
6.29285714286E+09 -1.404159669E-02 +1.753306414E-02 -4.394434729E-01 -2.123239671E-01 +1.921014121E-01 +3.399999949E-01
6.30357142857E+09 +9.448962483E-03 +1.957059230E-02 -5.268408663E-01 +6.105607298E-02 +3.243430164E-01 +2.134051971E-01
6.31428571429E+09 +2.149851482E-02 -2.064122532E-04 -4.333602132E-01 +3.327830144E-01 +3.926967348E-01 +4.495022013E-02
6.32500000000E+09 +8.630836036E-03 -1.994283063E-02 -1.851917566E-01 +4.992526017E-01 +3.842249886E-01 -1.272111561E-01
6.33571428571E+09 -1.514261014E-02 -1.582943909E-02 +1.300503848E-01 +4.767516843E-01 +2.874034185E-01 -2.824489277E-01
6.34642857143E+09 -1.999082427E-02 +8.089813298E-03 +3.720754547E-01 +2.516754209E-01 +1.365310904E-01 -3.871115891E-01
6.35714285714E+09 -1.213046020E-04 +2.074352238E-02 +4.185124666E-01 -8.032414776E-02 -5.353402450E-02 -4.068215587E-01
6.36785714286E+09 +1.769020875E-02 +7.855190960E-03 +2.521057910E-01 -3.636220664E-01 -2.371794932E-01 -3.576051344E-01
6.37857142857E+09 +1.367680078E-02 -1.185277622E-02 -3.957861917E-02 -4.834016687E-01 -3.830278417E-01 -2.374217423E-01
6.38928571429E+09 -4.302106916E-03 -1.655994000E-02 -3.338912275E-01 -4.089249404E-01 -4.546945551E-01 -7.932846474E-02
6.40000000000E+09 -1.656623986E-02 -3.540049593E-03 -5.237815466E-01 -1.756600590E-01 -4.664842999E-01 +1.058505740E-01
6.41071428571E+09 -1.038523992E-02 +1.346303322E-02 -5.338114469E-01 +1.329930836E-01 -3.724440541E-01 +2.761896071E-01
6.42142857143E+09 +8.026372914E-03 +1.531649255E-02 -3.418102530E-01 +3.938074077E-01 -2.340452601E-01 +3.907688518E-01
6.43214285714E+09 +1.734998203E-02 -1.398668818E-03 -1.537995231E-02 +4.792578505E-01 -5.259554622E-02 +4.428917360E-01
6.44285714286E+09 +5.377687888E-03 -1.634966624E-02 +2.957124549E-01 +3.368930671E-01 +1.359200850E-01 +4.237052708E-01
6.45357142857E+09 -1.239065959E-02 -1.113881570E-02 +4.477966822E-01 +3.766674855E-02 +3.007014209E-01 +3.300976938E-01
6.46428571429E+09 -1.488443163E-02 +6.316813120E-03 +3.914771480E-01 -2.793203012E-01 +4.058592097E-01 +1.785711447E-01
6.47500000000E+09 -8.365977585E-04 +1.584245689E-02 +1.698959234E-01 -4.932935134E-01 +4.266765469E-01 -1.058160819E-02
6.48571428571E+09 +1.392939734E-02 +7.702742952E-03 -1.284189999E-01 -5.363041327E-01 +3.610696883E-01 -1.921470008E-01
6.49642857143E+09 +1.323453178E-02 -9.398053427E-03 -3.973359729E-01 -3.911814338E-01 +2.115779303E-01 -3.409785431E-01
6.50714285714E+09 -3.444889704E-03 -1.633555313E-02 -5.272693115E-01 -1.004157144E-01 +3.774359935E-02 -4.061805679E-01
6.51785714286E+09 -1.666731462E-02 -3.099243249E-03 -4.431979998E-01 +2.218860890E-01 -1.585821815E-01 -3.923262909E-01
6.52857142857E+09 -8.915052574E-03 +1.393355437E-02 -1.678225235E-01 +4.222821878E-01 -3.198147588E-01 -3.051947060E-01
6.53928571429E+09 +8.970329392E-03 +1.304412874E-02 +1.685642893E-01 +4.049899217E-01 -4.292648064E-01 -1.622244846E-01
6.55000000000E+09 +1.477289983E-02 -2.583075652E-03 +4.147558991E-01 +1.940475508E-01 -4.472751118E-01 +2.047391821E-02
6.56071428571E+09 +4.076153160E-03 -1.389526008E-02 +4.847711231E-01 -1.069533998E-01 -4.030908538E-01 +1.972850084E-01
6.57142857143E+09 -1.046925751E-02 -9.853987658E-03 +3.691013574E-01 -3.825629092E-01 -2.836012296E-01 +3.473070401E-01
6.58214285714E+09 -1.387281252E-02 +5.164749049E-03 +1.122528939E-01 -5.352354597E-01 -1.293843634E-01 +4.388086263E-01
6.59285714286E+09 -1.163372011E-03 +1.552560594E-02 -1.947225308E-01 -4.974189690E-01 +3.985275640E-02 +4.652336887E-01
6.60357142857E+09 +1.445686450E-02 +7.638767255E-03 -4.198365787E-01 -2.641065931E-01 +2.034617740E-01 +4.067270601E-01
6.61428571429E+09 +1.271028275E-02 -1.072057117E-02 -4.444211077E-01 +6.896678293E-02 +3.287796550E-01 +2.908110122E-01
6.62500000000E+09 -5.041088585E-03 -1.570993378E-02 -2.529842393E-01 +3.400623760E-01 +3.981584189E-01 +1.293002500E-01
6.63571428571E+09 -1.591692949E-02 -1.655330027E-03 +5.222854583E-02 +4.324520944E-01 +3.831012110E-01 -5.770014122E-02
6.64642857143E+09 -7.978250754E-03 +1.335444374E-02 +3.366820021E-01 +3.338117661E-01 +3.064033620E-01 -2.250130375E-01
6.65714285714E+09 +8.491719271E-03 +1.290346175E-02 +5.052961342E-01 +1.024414990E-01 +1.699504015E-01 -3.459424831E-01
6.66785714286E+09 +1.575576960E-02 -2.250593884E-03 +5.108268003E-01 -1.779684072E-01 +3.538762689E-03 -3.801992186E-01
6.67857142857E+09 +4.654134461E-03 -1.597133434E-02 +3.458562719E-01 -4.122379034E-01 -1.518009024E-01 -3.494187219E-01
6.68928571429E+09 -1.372379063E-02 -1.095491237E-02 +5.673283192E-02 -4.992050078E-01 -2.912555473E-01 -2.495265486E-01
6.70000000000E+09 -1.560529299E-02 +9.353368113E-03 -2.365527588E-01 -3.743512847E-01 -3.768048206E-01 -1.085079658E-01
6.71071428571E+09 +3.370712192E-03 +1.764575793E-02 -3.815467562E-01 -8.149478110E-02 -3.847767835E-01 +6.563562246E-02
6.72142857143E+09 +1.702100166E-02 +3.172486173E-03 -3.065009231E-01 +2.297257689E-01 -3.555144258E-01 +2.112492575E-01
6.73214285714E+09 +9.249324603E-03 -1.359065687E-02 -6.976456568E-02 +4.186936264E-01 -2.591006713E-01 +3.339233581E-01
6.74285714286E+09 -7.982944324E-03 -1.368670976E-02 +2.131348794E-01 +4.331684048E-01 -1.361293780E-01 +3.942758558E-01
6.75357142857E+09 -1.565640929E-02 +8.309668442E-04 +4.423577261E-01 +2.920419721E-01 +1.007123381E-02 +4.052904555E-01
6.76428571429E+09 -6.308719700E-03 +1.478196882E-02 +5.499524163E-01 +4.877375542E-02 +1.451539997E-01 +3.374141768E-01
6.77500000000E+09 +1.143763661E-02 +1.262883866E-02 +4.945454971E-01 -2.198790016E-01 +2.610388545E-01 +2.546361840E-01
6.78571428571E+09 +1.708928273E-02 -6.136557700E-03 +2.763526454E-01 -4.123684998E-01 +3.214642858E-01 +1.215331199E-01
6.79642857143E+09 +1.540075151E-04 -1.895768817E-02 -3.122111377E-02 -4.292446122E-01 +3.326668584E-01 -2.188911707E-02
6.80714285714E+09 -1.805187692E-02 -6.513767536E-03 -2.879207726E-01 -2.438705309E-01 +2.797544679E-01 -1.518009954E-01
6.81785714286E+09 -1.185956057E-02 +1.439692669E-02 -3.719890347E-01 +5.719155005E-02 +1.749169751E-01 -2.455795143E-01
6.82857142857E+09 +8.674489252E-03 +1.555116509E-02 -2.619734481E-01 +3.346318609E-01 +3.327891567E-02 -2.853921191E-01
6.83928571429E+09 +1.697323386E-02 -1.774867732E-03 -2.425779448E-02 +4.864140783E-01 -1.095187177E-01 -2.641513377E-01
6.85000000000E+09 +5.216582811E-03 -1.571946064E-02 +2.464684315E-01 +4.735904863E-01 -2.371189531E-01 -1.924617828E-01
6.86071428571E+09 -1.205147741E-02 -1.120923093E-02 +4.583507044E-01 +3.060936556E-01 -3.279053476E-01 -7.628272991E-02
6.87142857143E+09 -1.527986239E-02 +6.564183953E-03 +5.321013176E-01 +3.625184022E-02 -3.653342048E-01 +4.566832761E-02
6.88214285714E+09 +3.305405495E-04 +1.676039307E-02 +4.201486545E-01 -2.376714294E-01 -3.455008424E-01 +1.802174248E-01
6.89285714286E+09 +1.555177170E-02 +5.786600160E-03 +1.488327019E-01 -3.899770201E-01 -2.728904492E-01 +3.019009682E-01
6.90357142857E+09 +1.067635121E-02 -1.205115195E-02 -1.651379805E-01 -3.375912702E-01 -1.476870461E-01 +3.738010898E-01
6.91428571429E+09 -6.684093670E-03 -1.379550333E-02 -3.767059250E-01 -1.053102890E-01 -8.751552451E-03 +4.157572510E-01
6.92500000000E+09 -1.454001454E-02 +4.492236748E-04 -4.043719869E-01 +1.954810486E-01 +1.264678955E-01 +3.897994513E-01
6.93571428571E+09 -5.640568551E-03 +1.299286716E-02 -2.561034880E-01 +4.439299450E-01 +2.497572237E-01 +3.336953008E-01
6.94642857143E+09 +9.274947685E-03 +1.066393445E-02 +3.494245634E-03 +5.557333016E-01 +3.478657381E-01 +2.225095380E-01
6.95714285714E+09 +1.397707774E-02 -4.032109509E-03 +2.818975811E-01 +4.917020887E-01 +3.742514642E-01 +8.105027215E-02
6.96785714286E+09 +1.943643878E-03 -1.507048718E-02 +4.736245602E-01 +2.641850674E-01 +3.423644993E-01 -7.330218116E-02
6.97857142857E+09 -1.376064230E-02 -7.683588812E-03 +4.866341926E-01 -4.898783554E-02 +2.424424192E-01 -2.107406428E-01
6.98928571429E+09 -1.208271559E-02 +1.032261682E-02 +2.949928270E-01 -3.129231355E-01 +9.586523709E-02 -2.947206103E-01
7.00000000000E+09 +5.377353179E-03 +1.453952532E-02 -2.306059113E-02 -4.019957268E-01 -7.454227564E-02 -3.131716427E-01
7.01071428571E+09 +1.463591273E-02 +1.352869338E-04 -3.234952684E-01 -2.793065995E-01 -2.353324430E-01 -2.500225898E-01
7.02142857143E+09 +5.253052151E-03 -1.260366009E-02 -4.833849048E-01 -1.026254717E-02 -3.346101218E-01 -1.212497632E-01
7.03214285714E+09 -8.834984155E-03 -9.235582471E-03 -4.519913923E-01 +2.906373307E-01 -3.852087859E-01 +4.551540332E-02
7.04285714286E+09 -1.144462412E-02 +3.994643277E-03 -2.489773148E-01 +5.100489298E-01 -3.530422914E-01 +2.191981343E-01
7.05357142857E+09 -1.222376048E-03 +1.164033963E-02 +5.065426914E-02 +5.628535833E-01 -2.558666003E-01 +3.751522417E-01
7.06428571429E+09 +9.850915953E-03 +5.861688101E-03 +3.302426644E-01 +4.164276135E-01 -1.157665211E-01 +4.683838228E-01
7.07500000000E+09 +9.292825619E-03 -6.379531294E-03 +4.657862448E-01 +1.180039106E-01 +4.689956285E-02 +4.934756453E-01
7.08571428571E+09 -1.825231559E-03 -1.097586066E-02 +3.873169904E-01 -2.081964416E-01 +1.939408478E-01 +4.726570708E-01
7.09642857143E+09 -1.060486407E-02 -2.995996503E-03 +1.258089893E-01 -4.179886580E-01 +3.228600711E-01 +3.693331731E-01
7.10714285714E+09 -7.184141483E-03 +8.085597739E-03 -2.022750669E-01 -4.264258764E-01 +4.151352615E-01 +2.117062283E-01
7.11785714286E+09 +4.128424229E-03 +9.974379207E-03 -4.613193969E-01 -2.408288614E-01 +4.491178137E-01 +2.995962396E-02
7.12857142857E+09 +1.113864551E-02 +5.595723454E-04 -5.525243611E-01 +5.810229950E-02 +3.868707499E-01 -1.553476586E-01
7.13928571429E+09 +5.125217446E-03 -1.014476690E-02 -4.400364836E-01 +3.503384846E-01 +2.785761241E-01 -3.001308813E-01
7.15000000000E+09 -7.524885133E-03 -8.817981047E-03 -1.639914765E-01 +5.126905435E-01 +1.140671846E-01 -3.773625890E-01
7.16071428571E+09 -1.097343569E-02 +3.930046882E-03 +1.618773736E-01 +4.658756824E-01 -9.697220161E-02 -3.528068416E-01
7.17142857143E+09 -3.461935273E-04 +1.145676470E-02 +3.923956807E-01 +2.226971178E-01 -2.513973221E-01 -2.543746493E-01
7.18214285714E+09 +1.009955308E-02 +4.361062349E-03 +4.258910050E-01 -1.101518373E-01 -3.665435134E-01 -7.054982531E-02
7.19285714286E+09 +7.548567090E-03 -7.157288723E-03 +2.559417483E-01 -3.904862683E-01 -3.936735515E-01 +1.298195266E-01
7.20357142857E+09 -3.192083278E-03 -9.545162219E-03 -3.885120130E-02 -5.111753875E-01 -3.530426993E-01 +3.320207727E-01
7.21428571429E+09 -9.589111931E-03 -1.216499018E-03 -3.402886761E-01 -4.337394295E-01 -2.369219527E-01 +4.421211334E-01
7.22500000000E+09 -5.339713081E-03 +7.955846039E-03 -5.319190649E-01 -1.893229815E-01 -7.957944088E-02 +5.161567868E-01
7.23571428571E+09 +4.877381770E-03 +8.343113932E-03 -5.300071038E-01 +1.277867859E-01 +9.789016815E-02 +5.186227488E-01
7.24642857143E+09 +9.791683474E-03 -7.952168261E-04 -3.216220493E-01 +3.807528337E-01 +2.618918800E-01 +4.365448497E-01
7.25714285714E+09 +3.454553797E-03 -9.288499854E-03 +8.578139146E-03 +4.456111970E-01 +3.878958244E-01 +3.140321391E-01
7.26785714286E+09 -7.000778825E-03 -7.048740939E-03 +3.072673050E-01 +2.877991899E-01 +4.712016915E-01 +1.493332046E-01
7.27857142857E+09 -9.356344440E-03 +3.486045905E-03 +4.425691545E-01 -1.386056843E-02 +4.813625491E-01 -2.933090223E-02
7.28928571429E+09 -7.413612871E-04 +1.016800847E-02 +3.722473780E-01 -3.239945713E-01 +4.147964160E-01 -2.042137557E-01
7.30000000000E+09 +9.198918851E-03 +4.855309654E-03 +1.414535580E-01 -5.239680234E-01 +2.758234019E-01 -3.062604432E-01
7.31071428571E+09 +8.416818984E-03 -6.814768273E-03 -1.555309449E-01 -5.472071803E-01 +8.011290708E-02 -3.450372842E-01
7.32142857143E+09 -3.248651639E-03 -1.082939692E-02 -4.069222376E-01 -3.872509977E-01 -1.243156575E-01 -3.112954279E-01
7.33214285714E+09 -1.161041824E-02 -9.344345093E-04 -5.112532594E-01 -1.005764178E-01 -2.939875611E-01 -1.769856426E-01
7.34285714286E+09 -5.051263944E-03 +1.073451166E-02 -4.143320980E-01 +1.991070538E-01 -3.841646782E-01 -8.437727231E-04
7.35357142857E+09 +8.052426254E-03 +8.400680691E-03 -1.469118276E-01 +3.791085116E-01 -3.787154988E-01 +1.841834421E-01
7.36428571429E+09 +1.033163474E-02 -4.112038794E-03 +1.750456885E-01 +3.562578882E-01 -2.834783577E-01 +3.367716300E-01
7.37500000000E+09 +4.281580277E-04 -1.057385194E-02 +4.108522702E-01 +1.468547051E-01 -1.439703251E-01 +4.377136146E-01
7.38571428571E+09 -8.777721349E-03 -4.507312954E-03 +4.698796181E-01 -1.508561487E-01 +5.355816055E-02 +4.785345675E-01
7.39642857143E+09 -7.740028765E-03 +5.750281974E-03 +3.423217849E-01 -4.133105889E-01 +2.140115269E-01 +4.673892057E-01
7.40714285714E+09 +1.632783045E-03 +9.370236409E-03 +8.809388890E-02 -5.416684269E-01 +3.654490863E-01 +3.900824002E-01
7.41785714286E+09 +9.356860964E-03 +2.854314456E-03 -1.906796218E-01 -4.891302211E-01 +4.654130592E-01 +2.644083181E-01
7.42857142857E+09 +6.811328883E-03 -7.590837472E-03 -3.831562519E-01 -2.761224261E-01 +5.093217717E-01 +1.303142701E-01
7.43928571429E+09 -4.339412986E-03 -9.925100483E-03 -4.101575308E-01 +1.389348325E-02 +4.925732590E-01 -2.901360842E-02
7.45000000000E+09 -1.152357827E-02 +1.074498651E-04 -2.595135354E-01 +2.647434977E-01 +4.060650818E-01 -1.667239351E-01
7.46071428571E+09 -4.552426498E-03 +1.142853893E-02 +6.488642908E-03 +3.780759716E-01 +2.765111724E-01 -2.781258533E-01
7.47142857143E+09 +9.535225234E-03 +8.857970083E-03 +2.807770687E-01 +3.158367825E-01 +1.005280067E-01 -3.319008894E-01
7.48214285714E+09 +1.214490011E-02 -6.023046919E-03 +4.593920528E-01 +1.106856305E-01 -7.825956641E-02 -3.024123878E-01
7.49285714286E+09 -1.560213616E-03 -1.372832618E-02 +4.779918789E-01 -1.535976055E-01 -2.169675414E-01 -1.965588089E-01
7.50357142857E+09 -1.345641800E-02 -3.177891431E-03 +3.318169527E-01 -3.716760037E-01 -2.943659364E-01 -1.988379701E-02
7.51428571429E+09 -7.338990514E-03 +1.125001800E-02 +7.963930932E-02 -4.535250598E-01 -2.741224426E-01 +1.503648326E-01
7.52500000000E+09 +7.714460434E-03 +1.022135517E-02 -1.744162524E-01 -3.627875930E-01 -1.963613574E-01 +3.111261763E-01
7.53571428571E+09 +1.156686237E-02 -3.300340136E-03 -3.251486006E-01 -1.355234155E-01 -6.190867780E-02 +4.247588668E-01
7.54642857143E+09 +1.217615949E-03 -1.116161349E-02 -3.137327968E-01 +1.357331862E-01 +9.343311799E-02 +4.765853491E-01
7.55714285714E+09 -9.298230676E-03 -5.311656286E-03 -1.511494937E-01 +3.460829333E-01 +2.280171703E-01 +4.560754106E-01
7.56785714286E+09 -8.327869058E-03 +5.884622751E-03 +9.503349419E-02 +4.218231506E-01 +3.621186790E-01 +3.805346456E-01
7.57857142857E+09 +1.682830116E-03 +9.805436430E-03 +3.324398643E-01 +3.421665220E-01 +4.523489217E-01 +2.638284789E-01
7.58928571429E+09 +9.601595871E-03 +2.743295763E-03 +4.739842592E-01 +1.388067411E-01 +5.074444621E-01 +1.116250853E-01
7.60000000000E+09 +6.621530900E-03 -7.595906450E-03 +4.632777486E-01 -1.124176459E-01 +5.042831128E-01 -3.392116481E-02
7.61071428571E+09 -4.325665728E-03 -9.530735617E-03 +2.965312649E-01 -3.124462522E-01 +4.585996059E-01 -1.855584005E-01
7.62142857143E+09 -1.072423385E-02 +3.040875236E-04 +3.309721795E-02 -3.738144745E-01 +3.365559661E-01 -3.098346549E-01
7.63214285714E+09 -3.783821013E-03 +1.030928706E-02 -2.214238230E-01 -2.640338607E-01 +1.845770993E-01 -3.703248393E-01
7.64285714286E+09 +8.308641617E-03 +7.261573158E-03 -3.633852092E-01 -2.500020017E-02 +9.611037794E-04 -3.550273344E-01
7.65357142857E+09 +9.579636115E-03 -5.278164326E-03 -3.398185533E-01 +2.473492209E-01 -1.629484628E-01 -2.516440983E-01
7.66428571429E+09 -1.658256759E-03 -1.049539390E-02 -1.661646475E-01 +4.490359583E-01 -2.730712541E-01 -7.168317529E-02
7.67500000000E+09 -9.952669921E-03 -1.938767462E-03 +8.830470106E-02 +5.078264686E-01 -2.932546718E-01 +1.301394158E-01
7.68571428571E+09 -5.047788888E-03 +8.114024365E-03 +3.281428365E-01 +4.010054413E-01 -2.266564757E-01 +3.046553354E-01
7.69642857143E+09 +5.303142109E-03 +7.047779137E-03 +4.575839798E-01 +1.632545891E-01 -7.081784929E-02 +4.343040666E-01
7.70714285714E+09 +7.858780954E-03 -1.992876068E-03 +4.148830580E-01 -1.166552039E-01 +9.624057339E-02 +4.579161780E-01
7.71785714286E+09 +1.335282629E-03 -7.237198254E-03 +2.043343334E-01 -3.223962359E-01 +2.873131520E-01 +4.225633972E-01
7.72857142857E+09 -5.383265872E-03 -3.933580754E-03 -9.250847083E-02 -3.633920717E-01 +4.309151236E-01 +3.200668814E-01
7.73928571429E+09 -5.504595891E-03 +2.580048255E-03 -3.549106655E-01 -2.235582934E-01 +5.635370332E-01 +2.061239191E-01
7.75000000000E+09 -3.415938730E-04 +5.731677673E-03 -4.832523205E-01 +3.614485035E-02 +6.068589164E-01 +4.207933131E-02
7.76071428571E+09 +4.633851933E-03 +2.998892955E-03 -4.372389373E-01 +3.139926768E-01 +6.053749936E-01 -1.148325414E-01
7.77142857143E+09 +4.957811643E-03 -2.644368910E-03 -2.387340136E-01 +5.086200665E-01 +5.475788020E-01 -2.613010941E-01
7.78214285714E+09 -5.994563886E-06 -5.776772375E-03 +4.049962596E-02 +5.470214718E-01 +3.855929103E-01 -3.583552622E-01
7.79285714286E+09 -5.513227518E-03 -2.770226929E-03 +2.963845654E-01 +4.053384532E-01 +1.685592603E-01 -4.387636339E-01
7.80357142857E+09 -4.960085579E-03 +4.387943250E-03 +4.207027954E-01 +1.257642545E-01 -2.603069658E-03 -4.137059967E-01
7.81428571429E+09 +2.445001362E-03 +6.541926320E-03 +3.497079880E-01 -1.819910810E-01 -2.057198523E-01 -3.180609808E-01
7.82500000000E+09 +7.173600987E-03 -8.596308497E-05 +1.067716970E-01 -3.866406453E-01 -3.250256230E-01 -1.403498534E-01
7.83571428571E+09 +2.166099497E-03 -6.496269548E-03 -2.039028292E-01 -4.047690206E-01 -3.020441075E-01 +1.034670617E-01
7.84642857143E+09 -5.018781560E-03 -4.124298029E-03 -4.547518059E-01 -2.388251377E-01 -1.999803334E-01 +2.831135456E-01
7.85714285714E+09 -5.339406571E-03 +2.763526787E-03 -5.521925236E-01 +3.631952655E-02 +8.833044230E-03 +3.903477630E-01
7.86785714286E+09 +2.535272360E-04 +5.426267794E-03 -4.636688332E-01 +3.119703588E-01 +2.365483087E-01 +4.209617291E-01
7.87857142857E+09 +4.463024998E-03 +1.921864251E-03 -2.211122403E-01 +4.804270335E-01 +3.916858483E-01 +3.900764506E-01
7.88928571429E+09 +3.588045305E-03 -2.850704948E-03 +8.601471875E-02 +4.677712840E-01 +5.536617907E-01 +2.888285672E-01
7.90000000000E+09 -7.852019522E-04 -4.254816173E-03 +3.332270316E-01 +2.654069676E-01 +6.218697895E-01 +1.490647820E-01
7.91071428571E+09 -3.935592776E-03 -1.278925118E-03 +4.119267293E-01 -5.078956428E-02 +6.024732060E-01 -5.983010501E-03
7.92142857143E+09 -2.911880674E-03 +2.899879785E-03 +2.884612900E-01 -3.495361233E-01 +5.940129913E-01 -1.644599662E-01
7.93214285714E+09 +1.057684844E-03 +3.905548771E-03 +2.004381697E-02 -5.122216517E-01 +4.438525748E-01 -3.389473780E-01
7.94285714286E+09 +4.117979844E-03 +1.001256706E-03 -2.808032709E-01 -4.856554335E-01 +2.789820025E-01 -4.684361542E-01
7.95357142857E+09 +3.081990685E-03 -3.402386104E-03 -5.010497268E-01 -2.911735344E-01 +1.033674778E-01 -5.402376769E-01
7.96428571429E+09 -1.920907821E-03 -4.597680443E-03 -5.616771140E-01 -4.475531184E-03 -7.066190619E-02 -5.028646010E-01
7.97500000000E+09 -5.497373280E-03 -9.854101789E-05 -4.362260951E-01 +2.687352959E-01 -2.416766542E-01 -3.658520881E-01
7.98571428571E+09 -2.252615525E-03 +5.450223941E-03 -1.621517201E-01 +4.193442486E-01 -3.031903964E-01 -1.324407983E-01
7.99642857143E+09 +4.548291665E-03 +4.016702378E-03 +1.583679144E-01 +3.748696001E-01 -2.798737796E-01 +1.147295489E-01
8.00714285714E+09 +5.172571533E-03 -2.834207561E-03 +3.908115883E-01 +1.435764827E-01 -1.402221322E-01 +3.279792212E-01
8.01785714286E+09 -7.647814120E-04 -5.445946236E-03 +4.356119263E-01 -1.765757746E-01 +7.655334194E-02 +4.447344412E-01
8.02857142857E+09 -4.827335080E-03 -1.276778449E-03 +2.823213063E-01 -4.485490086E-01 +2.604125514E-01 +4.540317661E-01
8.03928571429E+09 -2.908512437E-03 +3.444780828E-03 +6.083921656E-03 -5.661774817E-01 +3.890733316E-01 +3.319874787E-01
8.05000000000E+09 +1.601432311E-03 +3.909693154E-03 -2.778936131E-01 -4.930846954E-01 +5.036970981E-01 +1.861203677E-01
8.06071428571E+09 +4.061502712E-03 +4.369533278E-04 -4.602905909E-01 -2.621390228E-01 +5.880422982E-01 -1.700937615E-03
8.07142857143E+09 +2.427463041E-03 -3.450434798E-03 -4.676024703E-01 +4.027910403E-02 +5.539802288E-01 -1.516953075E-01
8.08214285714E+09 -1.898491124E-03 -3.885856601E-03 -2.858201745E-01 +2.962202961E-01 +5.152496163E-01 -3.378384976E-01
8.09285714286E+09 -4.707949085E-03 -7.288809755E-05 +2.204943782E-02 +3.932463704E-01 +3.961926155E-01 -4.461115960E-01
8.10357142857E+09 -2.202815597E-03 +4.427287536E-03 +3.264152160E-01 +2.817573394E-01 +2.842958815E-01 -5.151334888E-01
8.11428571429E+09 +3.285185198E-03 +4.203119407E-03 +4.936845183E-01 +1.292675001E-02 +1.186905975E-01 -5.195744969E-01
8.12500000000E+09 +5.586093480E-03 -1.449303785E-03 +4.612762169E-01 -2.890580043E-01 -8.029882371E-02 -4.516979983E-01
8.13571428571E+09 +8.199735797E-04 -6.012727211E-03 +2.598295243E-01 -4.997126909E-01 -2.209259686E-01 -2.966168260E-01
8.14642857143E+09 -5.533274771E-03 -3.045400037E-03 -2.056881146E-02 -5.472824689E-01 -2.860446611E-01 -7.694928652E-02
8.15714285714E+09 -4.998906265E-03 +4.205455672E-03 -2.761634466E-01 -4.237037496E-01 -2.428029063E-01 +1.396189483E-01
8.16785714286E+09 +2.222941442E-03 +6.172922316E-03 -4.190940081E-01 -1.728263712E-01 -1.171344304E-01 +3.029649363E-01
8.17857142857E+09 +6.475937005E-03 +1.252574644E-04 -3.958437614E-01 +1.221765240E-01 +6.128493388E-02 +3.541726250E-01
8.18928571429E+09 +2.384207221E-03 -5.899310162E-03 -2.043458783E-01 +3.559221155E-01 +2.781274870E-01 +2.973053323E-01
8.20000000000E+09 -4.464436154E-03 -4.376502912E-03 +9.011855455E-02 +4.324562460E-01 +4.264048901E-01 +1.953696181E-01
8.21071428571E+09 -5.588050551E-03 +2.290862235E-03 +3.674809550E-01 +3.148318852E-01 +5.260122052E-01 +5.010988713E-02
8.22142857143E+09 -2.073524856E-04 +5.837722848E-03 +5.065207500E-01 +5.523882207E-02 +5.677588402E-01 -9.614723861E-02
8.23214285714E+09 +5.038760175E-03 +2.640954322E-03 +4.518734967E-01 -2.268397088E-01 +5.447587165E-01 -2.396816460E-01
8.24285714286E+09 +4.438277794E-03 -3.279648303E-03 +2.383776255E-01 -4.115244790E-01 +4.823625466E-01 -3.438957462E-01
8.25357142857E+09 -8.296996202E-04 -5.562026868E-03 -4.043341683E-02 -4.329367243E-01 +3.724548694E-01 -4.520862650E-01
8.26428571429E+09 -5.557015127E-03 -1.741811110E-03 -2.808588855E-01 -2.910023440E-01 +2.230168958E-01 -4.671180939E-01
8.27500000000E+09 -4.209128648E-03 +4.646133049E-03 -4.009537341E-01 -3.872718810E-02 +5.574328918E-02 -4.679565511E-01
8.28571428571E+09 +2.827579411E-03 +6.174571446E-03 -3.588562033E-01 +2.382501576E-01 -8.970501262E-02 -4.061923103E-01
8.29642857143E+09 +7.454773103E-03 -5.818189402E-04 -1.645006411E-01 +4.411680789E-01 -2.235058556E-01 -3.161732034E-01
8.30714285714E+09 +1.936701422E-03 -7.840657112E-03 +1.139773036E-01 +4.874010207E-01 -2.741256863E-01 -1.649404411E-01
8.31785714286E+09 -7.164895990E-03 -4.296815699E-03 +3.631363544E-01 +3.508227752E-01 -2.494538343E-01 +1.691370063E-02
8.32857142857E+09 -6.066241458E-03 +5.603189230E-03 +4.742829115E-01 +8.711669882E-02 -1.174766874E-01 +1.652799525E-01
8.33928571429E+09 +3.317117503E-03 +7.048431901E-03 +4.017146918E-01 -1.904076356E-01 +6.912871808E-02 +2.192743593E-01
8.35000000000E+09 +7.063877979E-03 -7.190442825E-04 +1.823479497E-01 -3.722397800E-01 +2.417327842E-01 +2.207979251E-01
8.36071428571E+09 +1.723841672E-03 -6.078826543E-03 -9.782557353E-02 -3.997193260E-01 +4.049619045E-01 +1.745312341E-01
8.37142857143E+09 -4.384615595E-03 -3.696256992E-03 -3.442027749E-01 -2.711836909E-01 +4.739332274E-01 +4.852111995E-02
8.38214285714E+09 -4.703034309E-03 +2.243890306E-03 -4.779519344E-01 -2.973611539E-02 +5.049083045E-01 -8.472448992E-02
8.39285714286E+09 +4.006345398E-05 +4.977288925E-03 -4.494915493E-01 +2.465746170E-01 +4.663588216E-01 -2.481148029E-01
8.40357142857E+09 +4.364415274E-03 +2.029644170E-03 -2.562845076E-01 +4.549719892E-01 +4.137877695E-01 -3.949563378E-01
8.41428571429E+09 +3.565349917E-03 -3.021796516E-03 +3.505294501E-02 +4.983608913E-01 +3.405562973E-01 -4.690789467E-01
8.42500000000E+09 -1.296147894E-03 -4.426910383E-03 +2.970609642E-01 +3.419697180E-01 +2.070804398E-01 -5.591433391E-01
8.43571428571E+09 -4.507709485E-03 -6.354985388E-04 +4.067776990E-01 +5.156437038E-02 +6.514132187E-02 -5.994336846E-01
8.44642857143E+09 -2.468359214E-03 +3.829216755E-03 +3.214979063E-01 -2.444474876E-01 -6.387735417E-02 -5.714931602E-01
8.45714285714E+09 +2.382866568E-03 +3.790586715E-03 +8.854963860E-02 -4.329344975E-01 -2.088230637E-01 -4.678491188E-01
8.46785714286E+09 +4.674400719E-03 -5.112510901E-04 -2.000286324E-01 -4.589640322E-01 -2.334992520E-01 -2.641970906E-01
8.47857142857E+09 +1.427463794E-03 -4.583700356E-03 -4.484262194E-01 -3.230854535E-01 -2.748415191E-01 -5.230836404E-02
8.48928571429E+09 -3.813398574E-03 -3.038503885E-03 -5.741478956E-01 -6.879883756E-02 -2.085915229E-01 +1.669401093E-01
8.50000000000E+09 -4.053754983E-03 +2.647851933E-03 -5.213466085E-01 +2.190195623E-01 -5.666872633E-02 +2.715666212E-01

[Channel0\Trace0\Marker0]
Enabled=1
Position=0.266666666666667

[Channel0\Trace1]
ReferencePosition[0]=1

[Channel0\Trace1\Marker0]
Enabled=1
Position=0.266666666666667

[Channel0\Trace2]
SPort=0
FormatType=2

[Channel0\Trace2\Marker0]
Enabled=1
Position=0.266666666666667

[Channel0\Trace3]
SPort=0
FormatType=2

[Channel0\Trace3\Marker0]
Enabled=1
Position=0.266666666666667

