[NWA State]
TriggerSource=3

[Channel0]
Points=701
FrequencyStart=1000000000
FixedPower[0]=5
FixedPower[1]=5
IFBW=1000
CorrectionEnabled=1
TraceCount=4

[Channel0\Correction\11]
Calyyyymmdd=2024/04/01
Calhhmmss=18:04:35
VNATemperature=37.7 °C
Type=3
KitLabel=ACM2509.2
KitDescription=AutoCal Module 20 kHz-9 GHz (CMT), SN: 19039185, Char: Factory, 29.5°C, ThermoComp: ON
CalIFBW=1 kHz
CalPower=5 dBm
CalPorts[0]=0
CalPorts[1]=0

[Channel0\Correction\11\Data]
1.00000000000E+09 +6.251116753E-02 +1.759337016E-01 -1.990340681E-01 -1.472261178E-02 -1.933647244E-02 -3.020988780E-01
1.01071428571E+09 +1.387501930E-01 -1.113357517E-01 -1.398123757E-01 +7.667111750E-02 -2.331221666E-01 -1.797206415E-01
1.02142857143E+09 -1.426898215E-01 -9.326723712E-02 -7.050514399E-02 +1.256588182E-01 -2.473455897E-01 +5.174808604E-02
1.03214285714E+09 -4.645358098E-02 +1.598632236E-01 +1.328964499E-02 +1.571674482E-01 -9.020821624E-02 +1.783252966E-01
1.04285714286E+09 +1.654517687E-01 -8.329902066E-04 +1.302158853E-01 +1.453154847E-01 +5.981993166E-02 +1.280298627E-01
1.05357142857E+09 -5.020451780E-02 -1.619806263E-01 +2.387308304E-01 +3.955223300E-02 +6.626323194E-02 +1.247642873E-02
1.06428571429E+09 -1.442898002E-01 +1.030080952E-01 +2.399244163E-01 -1.397124756E-01 -2.278605863E-02 +8.079077312E-03
1.07500000000E+09 +1.537477426E-01 +1.021205384E-01 +9.654083729E-02 -2.654068852E-01 -1.268234659E-02 +1.298035085E-01
1.08571428571E+09 +3.720997888E-02 -1.829742426E-01 -7.939480684E-02 -2.387476999E-01 +1.704494637E-01 +1.613042279E-01
1.09642857143E+09 -1.772366072E-01 +3.245113670E-02 -1.633426410E-01 -1.223272612E-01 +3.019749917E-01 -3.235347894E-02
1.10714285714E+09 +8.687057870E-02 +1.472653096E-01 -1.668831605E-01 -1.668086091E-02 +1.888695584E-01 -2.648159659E-01
1.11785714286E+09 +1.067122816E-01 -1.220015181E-01 -1.405348709E-01 +6.923895130E-02 -6.285383125E-02 -2.947305179E-01
1.12857142857E+09 -1.428767142E-01 -6.332415992E-02 -7.810807016E-02 +1.499888905E-01 -2.072344710E-01 -1.165561985E-01
1.13928571429E+09 -1.997239060E-02 +1.525473260E-01 +3.828098885E-02 +1.949933631E-01 -1.393056245E-01 +6.641760894E-02
1.15000000000E+09 +1.523861155E-01 -2.432011702E-02 +1.800911362E-01 +1.533848381E-01 +1.244068811E-02 +6.980203366E-02
1.16071428571E+09 -7.053682969E-02 -1.426148829E-01 +2.695490228E-01 +1.115438489E-02 +3.047307490E-02 -5.669132245E-02
1.17142857143E+09 -1.174341892E-01 +1.172461165E-01 +2.302493361E-01 -1.658488841E-01 -1.115994580E-01 -7.978521617E-02
1.18214285714E+09 +1.574568225E-01 +7.072784597E-02 +7.516548527E-02 -2.585151561E-01 -1.854944734E-01 +1.003849251E-01
1.19285714286E+09 +7.015617052E-03 -1.743024052E-01 -8.059513236E-02 -2.174312169E-01 -1.190900191E-02 +2.766416958E-01
1.20357142857E+09 -1.594719249E-01 +5.674442854E-02 -1.566600937E-01 -1.131108152E-01 +2.523195353E-01 +1.911864292E-01
1.21428571429E+09 +1.031534040E-01 +1.233564776E-01 -1.741689238E-01 -8.880488347E-03 +3.058007457E-01 -8.740564309E-02
1.22500000000E+09 +7.969155729E-02 -1.295787141E-01 -1.513479669E-01 +9.808266697E-02 +1.067000979E-01 -2.523553563E-01
1.23571428571E+09 -1.421536671E-01 -3.618494025E-02 -6.468367814E-02 +1.943255909E-01 -9.098486554E-02 -1.617636941E-01
1.24642857143E+09 +6.080774730E-03 +1.442486726E-01 +8.306785603E-02 +2.233894087E-01 -7.878996398E-02 +1.044856775E-02
1.25714285714E+09 +1.362801683E-01 -4.804092083E-02 +2.300168983E-01 +1.417850284E-01 +6.734191328E-02 +2.209402348E-02
1.26785714286E+09 -8.831056118E-02 -1.182284750E-01 +2.881648263E-01 -2.986609805E-02 +1.008532121E-01 -1.370308889E-01
1.27857142857E+09 -8.714509071E-02 +1.249791698E-01 +2.084996049E-01 -1.992616747E-01 -8.039354722E-02 -2.364085477E-01
1.28928571429E+09 +1.533470427E-01 +4.093680506E-02 +3.830934749E-02 -2.616745898E-01 -2.862937969E-01 -7.964575863E-02
1.30000000000E+09 -1.852961888E-02 -1.613806651E-01 -1.094614315E-01 -1.993633984E-01 -2.315777075E-01 +2.158166916E-01
1.31071428571E+09 -1.401112453E-01 +7.729081166E-02 -1.769204111E-01 -8.753960147E-02 +6.891167420E-02 +2.956168448E-01
1.32142857143E+09 +1.168438231E-01 +9.766916238E-02 -1.898699486E-01 +2.587193718E-02 +2.535700250E-01 +7.355417906E-02
1.33214285714E+09 +5.044334506E-02 -1.340134893E-01 -1.516666818E-01 +1.461111488E-01 +1.426504432E-01 -1.343932704E-01
1.34285714286E+09 -1.364538592E-01 -7.050969821E-03 -3.395497028E-02 +2.405429020E-01 -3.904002635E-02 -9.774363703E-02
1.35357142857E+09 +3.177185319E-02 +1.283760160E-01 +1.390597845E-01 +2.379144397E-01 -3.458783158E-02 +6.108776149E-02
1.36428571429E+09 +1.123593864E-01 -6.624161455E-02 +2.773549118E-01 +1.096798492E-01 +1.392983845E-01 +8.573911793E-02
1.37500000000E+09 -9.580727177E-02 -8.991788739E-02 +2.919297179E-01 -8.752662466E-02 +2.453473445E-01 -1.083197705E-01
1.38571428571E+09 -6.011701364E-02 +1.221346558E-01 +1.652321388E-01 -2.422260117E-01 +9.031832807E-02 -3.340460333E-01
1.39642857143E+09 +1.438961409E-01 +1.859004496E-02 -2.546472933E-02 -2.650735468E-01 -2.251151058E-01 -2.973986842E-01
1.40714285714E+09 -3.817150682E-02 -1.481937836E-01 -1.627664310E-01 -1.669459977E-01 -3.443119832E-01 +1.844481236E-02
1.41785714286E+09 -1.202326557E-01 +9.518807929E-02 -2.084037919E-01 -4.025864268E-02 -1.172115162E-01 +2.343358593E-01
1.42857142857E+09 +1.269956248E-01 +6.923077581E-02 -2.065310798E-01 +8.030284113E-02 +1.121997796E-01 +1.205008779E-01
1.43928571429E+09 +1.902949215E-02 -1.308622571E-01 -1.439175520E-01 +2.119935288E-01 +6.916672722E-02 -6.489919687E-02
1.45000000000E+09 -1.203587180E-01 +1.887992257E-02 +1.679463267E-02 +2.946084473E-01 -9.521787946E-02 -4.493743107E-02
1.46071428571E+09 +4.719422678E-02 +1.049548604E-01 +2.146016333E-01 +2.395313055E-01 -1.085353432E-01 +1.417618969E-01
1.47142857143E+09 +8.897691088E-02 -7.069929971E-02 +3.250391879E-01 +5.213969217E-02 +1.040110989E-01 +2.444355983E-01
1.48214285714E+09 -9.398456651E-02 -7.104425517E-02 +2.739848459E-01 -1.623778368E-01 +3.406052190E-01 +7.531096583E-02
1.49285714286E+09 -4.440080681E-02 +1.199805613E-01 +9.278053947E-02 -2.783887886E-01 +3.107696497E-01 -2.559047247E-01
1.50357142857E+09 +1.417355602E-01 -4.356918422E-04 -9.951550218E-02 -2.391003372E-01 -1.184451098E-02 -3.918464786E-01
1.51428571429E+09 -6.346478505E-02 -1.368378305E-01 -1.950726869E-01 -1.138917906E-01 -2.561602138E-01 -1.750151460E-01
1.52500000000E+09 -9.198615947E-02 +1.151109607E-01 -2.191239263E-01 -1.781058026E-04 -1.529031308E-01 +6.405008047E-02
1.53571428571E+09 +1.278958320E-01 +3.313557020E-02 -2.171762984E-01 +1.284590958E-01 +3.088283387E-02 +2.093024257E-02
1.54642857143E+09 -9.920564440E-03 -1.143653204E-01 -1.183602151E-01 +2.753510073E-01 -9.334883143E-03 -1.359092712E-01
1.55714285714E+09 -9.600553554E-02 +3.387723247E-02 +9.105657616E-02 +3.211975810E-01 -2.033972762E-01 -1.188022231E-01
1.56785714286E+09 +4.973793127E-02 +8.268177944E-02 +2.866304971E-01 +1.937011823E-01 -2.868562045E-01 +1.147545130E-01
1.57857142857E+09 +7.380723490E-02 -6.726427714E-02 +3.355233235E-01 -4.166169945E-02 -9.716999558E-02 +3.453700597E-01
1.58928571429E+09 -9.264098110E-02 -6.168186990E-02 +2.041067267E-01 -2.398503519E-01 +2.407354437E-01 +3.098425017E-01
1.60000000000E+09 -3.196109881E-02 +1.246055260E-01 -1.242880406E-02 -2.793104919E-01 +3.966150607E-01 -1.180149530E-02
1.61071428571E+09 +1.425436292E-01 -2.629685711E-02 -1.579979734E-01 -1.777168931E-01 +1.921020377E-01 -2.815714603E-01
1.62142857143E+09 -9.368525438E-02 -1.150626200E-01 -2.028034949E-01 -7.104197928E-02 -7.218807814E-02 -2.114630523E-01
1.63214285714E+09 -5.243671421E-02 +1.244348586E-01 -2.415925375E-01 +2.804059172E-02 -4.683819026E-02 -2.310038251E-02
1.64285714286E+09 +1.121515894E-01 -2.559186855E-05 -2.255013002E-01 +1.942534831E-01 +1.002482080E-01 -7.000914377E-02
1.65357142857E+09 -2.509459550E-02 -8.980611335E-02 -5.874443249E-02 +3.324826570E-01 +4.602779314E-02 -2.570961484E-01
1.66428571429E+09 -7.523270183E-02 +3.570923534E-02 +1.817929024E-01 +3.024167004E-01 -2.015519309E-01 -2.945346015E-01
1.67500000000E+09 +4.609052035E-02 +6.954724628E-02 +3.338138213E-01 +9.826374803E-02 -4.069693954E-01 -8.026916292E-02
1.68571428571E+09 +6.739892692E-02 -6.495930165E-02 +2.889294428E-01 -1.544598861E-01 -3.550622419E-01 +2.468116052E-01
1.69642857143E+09 -9.774099587E-02 -5.602862341E-02 +8.233501304E-02 -2.794893893E-01 -4.209212119E-02 +4.144891893E-01
1.70714285714E+09 -1.387941248E-02 +1.344398381E-01 -1.011154936E-01 -2.164191928E-01 +2.613493860E-01 +2.467009993E-01
1.71785714286E+09 +1.355221588E-01 -6.098237347E-02 -1.549315997E-01 -1.208261960E-01 +2.359995198E-01 -4.708422875E-02
1.72857142857E+09 -1.158832859E-01 -7.764406016E-02 -2.112650528E-01 -7.172629094E-02 +4.425751789E-02 -6.607261382E-02
1.73928571429E+09 -1.472470786E-02 +1.133294561E-01 -2.791474639E-01 +6.953478052E-02 +8.716829752E-02 +6.527286438E-02
1.75000000000E+09 +8.886394909E-02 -1.656185543E-02 -1.946399694E-01 +2.687402142E-01 +2.598985494E-01 -2.201081404E-02
1.76071428571E+09 -2.780835686E-02 -7.164796988E-02 +3.866614007E-02 +3.458457278E-01 +2.445117555E-01 -2.747250355E-01
1.77142857143E+09 -6.414030685E-02 +3.473308792E-02 +2.663498627E-01 +2.199267992E-01 -2.676242346E-03 -4.375490188E-01
1.78214285714E+09 +4.640336933E-02 +6.263090826E-02 +3.276701778E-01 -3.746952333E-02 -3.149491375E-01 -3.541642768E-01
1.79285714286E+09 +6.050489116E-02 -6.882806897E-02 +1.777802390E-01 -2.403081225E-01 -4.640450905E-01 -5.566972768E-02
1.80357142857E+09 -1.052008535E-01 -4.346080132E-02 -3.140915028E-02 -2.424892462E-01 -3.265410083E-01 +2.597298858E-01
1.81428571429E+09 +1.338576861E-02 +1.372942614E-01 -1.024398208E-01 -1.446109707E-01 -1.968352517E-02 +2.993710549E-01
1.82500000000E+09 +1.087852698E-01 -9.167761314E-02 -1.295403721E-01 -1.412058773E-01 +6.225324478E-02 +1.007996749E-01
1.83571428571E+09 -1.128395342E-01 -3.770024452E-02 -2.617010021E-01 -8.031395543E-02 -4.382411665E-02 +1.119561614E-01
1.84642857143E+09 +3.721602661E-03 +9.189155550E-02 -2.914803094E-01 +1.371629872E-01 +5.823216402E-02 +2.496965474E-01
1.85714285714E+09 +7.288693201E-02 -1.963219984E-02 -1.143082692E-01 +3.133684868E-01 +2.998997257E-01 +1.910385091E-01
1.86785714286E+09 -2.795859039E-02 -6.321589441E-02 +1.463324096E-01 +2.912038636E-01 +4.128319314E-01 -7.373608862E-02
1.87857142857E+09 -5.919455246E-02 +3.713063853E-02 +2.988390401E-01 +7.860018936E-02 +2.881559890E-01 -3.636530946E-01
1.88928571429E+09 +5.186079426E-02 +5.691068770E-02 +2.337184488E-01 -1.573167618E-01 -1.409221092E-02 -4.883246700E-01
1.90000000000E+09 +5.102537401E-02 -7.752884662E-02 +4.374748942E-02 -2.283909638E-01 -3.143777653E-01 -3.531495753E-01
1.91071428571E+09 -1.154738203E-01 -2.219106989E-02 -5.207371336E-02 -1.464777166E-01 -3.939807306E-01 -4.397933975E-02
1.92142857143E+09 +5.226914879E-02 +1.257494011E-01 -3.231538477E-02 -1.489020294E-01 -2.166971716E-01 +1.047109850E-01
1.93214285714E+09 +6.468665895E-02 -1.032835373E-01 -1.660096548E-01 -2.011253206E-01 -1.768835101E-01 +3.638857855E-02
1.94285714286E+09 -9.345696236E-02 -1.169744896E-02 -3.199172735E-01 -2.824266517E-02 -2.595079147E-01 +1.385338946E-01
1.95357142857E+09 +9.920634820E-03 +7.464318236E-02 -2.430257847E-01 +2.215919674E-01 -1.595447604E-01 +3.451422615E-01
1.96428571429E+09 +6.337248746E-02 -2.055828990E-02 +6.015808890E-03 +3.121982676E-01 +1.132692685E-01 +4.173182677E-01
1.97500000000E+09 -2.967007403E-02 -5.764369491E-02 +2.221179333E-01 +1.806718147E-01 +3.761932150E-01 +2.635355469E-01
1.98571428571E+09 -5.464272746E-02 +4.092937332E-02 +2.489436236E-01 -4.121405492E-02 +4.727452179E-01 -5.290904227E-02
1.99642857143E+09 +5.913735505E-02 +5.140591060E-02 +1.203475274E-01 -1.599909499E-01 +3.236161863E-01 -3.517751692E-01
2.00714285714E+09 +3.777275162E-02 -9.015163179E-02 +2.206557373E-02 -1.225913165E-01 +1.501991017E-02 -4.355770854E-01
2.01785714286E+09 -1.186414150E-01 +1.249092982E-02 +6.195394723E-02 -1.130885715E-01 -1.839791121E-01 -2.769306174E-01
2.02857142857E+09 +7.889008715E-02 +8.991050869E-02 -2.126042751E-04 -2.498517715E-01 -1.719340418E-01 -1.774258163E-01
2.03928571429E+09 +3.207539952E-02 -9.241188338E-02 -2.411736983E-01 -2.065766792E-01 -2.482218496E-01 -1.903488837E-01
2.05000000000E+09 -7.742460115E-02 +4.113463807E-04 -3.136579039E-01 +6.049080715E-02 -3.936819159E-01 -6.176894583E-02
2.06071428571E+09 +1.503019176E-02 +6.331624735E-02 -1.313258968E-01 +2.591946678E-01 -4.107402189E-01 +1.948959180E-01
2.07142857143E+09 +5.440398112E-02 -2.351350821E-02 +1.071022701E-01 +2.289557701E-01 -2.338521741E-01 +4.254108758E-01
2.08214285714E+09 -3.148551641E-02 -5.030807101E-02 +2.009387328E-01 +5.893516859E-02 +6.885416760E-02 +4.893926366E-01
2.09285714286E+09 -4.896581805E-02 +4.390542633E-02 +1.378669658E-01 -6.158490539E-02 +3.553870425E-01 +3.273197185E-01
2.10357142857E+09 +6.692083308E-02 +4.354936991E-02 +7.013808407E-02 -4.800135757E-02 +4.509313847E-01 +2.196306739E-02
2.11428571429E+09 +1.586991212E-02 -9.722851146E-02 +1.326641497E-01 -3.285745204E-02 +3.143688115E-01 -2.156635725E-01
2.12500000000E+09 -1.004313927E-01 +4.124014653E-02 +1.616131338E-01 -2.005670614E-01 +1.496538693E-01 -2.675578390E-01
2.13571428571E+09 +8.083222299E-02 +5.897347388E-02 -7.444917050E-02 -3.154405093E-01 +7.046837352E-02 -3.012234465E-01
2.14642857143E+09 +1.508759053E-02 -8.166538437E-02 -2.970679987E-01 -1.185645576E-01 -6.343102232E-02 -3.727644957E-01
2.15714285714E+09 -6.680291747E-02 +9.805947820E-03 -2.323792256E-01 +1.523125151E-01 -2.842214673E-01 -3.391581642E-01
2.16785714286E+09 +2.061458470E-02 +5.329222098E-02 -1.734069657E-02 +2.256008183E-01 -4.739025970E-01 -1.399919580E-01
2.17857142857E+09 +4.571703852E-02 -2.657822749E-02 +1.114746825E-01 +1.294716230E-01 -4.985486597E-01 +1.552539708E-01
2.18928571429E+09 -3.428129212E-02 -4.277927318E-02 +1.020015290E-01 +4.061605502E-02 -3.241182633E-01 +4.123273273E-01
2.20000000000E+09 -3.980487751E-02 +4.850597888E-02 +7.758750983E-02 +5.687663960E-02 -2.548801026E-02 +4.998630869E-01
2.21071428571E+09 +6.988718636E-02 +2.738487888E-02 +1.719524664E-01 +7.876767535E-02 +2.403861693E-01 +3.857149308E-01
2.22142857143E+09 -5.194399316E-03 -8.713164781E-02 +2.825896316E-01 -8.554284434E-02 +3.542276020E-01 +1.768949051E-01
2.23214285714E+09 -7.868218923E-02 +5.034806932E-02 +1.298382148E-01 -3.288220201E-01 +3.499185245E-01 +1.656740737E-03
2.24285714286E+09 +7.800073547E-02 +4.032034217E-02 -1.959989673E-01 -2.835409287E-01 +3.271679046E-01 -1.401045263E-01
2.25357142857E+09 +1.598176480E-03 -7.360804591E-02 -2.903143435E-01 +3.838637397E-03 +2.591923671E-01 -3.169598158E-01
2.26428571429E+09 -5.709472504E-02 +1.799883822E-02 -1.418876966E-01 +1.737229155E-01 +5.179267282E-02 -4.576246719E-01
2.27500000000E+09 +2.577592993E-02 +4.441574020E-02 -8.891576602E-03 +1.617734648E-01 -2.347758460E-01 -4.407481362E-01
2.28571428571E+09 +3.697461813E-02 -3.113210162E-02 +1.656456924E-02 +1.268533653E-01 -4.596703659E-01 -2.442930723E-01
2.29642857143E+09 -3.807967067E-02 -3.152776133E-02 +3.562703996E-02 +1.686504014E-01 -5.214876673E-01 +4.705849000E-02
2.30714285714E+09 -2.479518442E-02 +4.838871545E-02 +1.660745722E-01 +2.047469779E-01 -4.038934366E-01 +3.131071753E-01
2.31785714286E+09 +6.191856862E-02 +1.195435800E-02 +3.427000039E-01 +6.412824169E-02 -1.610303115E-01 +4.523210667E-01
2.32857142857E+09 -1.559615329E-02 -7.335946059E-02 +3.120560945E-01 -2.474382875E-01 +7.851512791E-02 +4.279628293E-01
2.33928571429E+09 -6.103266473E-02 +5.532209623E-02 -2.937363110E-02 -3.902718746E-01 +2.270222834E-01 +3.161245806E-01
2.35000000000E+09 +7.253561264E-02 +2.119128008E-02 -2.886207703E-01 -1.606636822E-01 +3.447727844E-01 +2.005358219E-01
2.36071428571E+09 -9.558384542E-03 -6.106294201E-02 -2.404163678E-01 +7.783616430E-02 +4.416218993E-01 +3.943332624E-03
2.37142857143E+09 -4.525523571E-02 +2.255799944E-02 -1.352262615E-01 +1.409779249E-01 +3.968039440E-01 -2.602739546E-01
2.38214285714E+09 +2.784085090E-02 +3.360699653E-02 -1.038317331E-01 +1.684819807E-01 +1.874289143E-01 -4.615427966E-01
2.39285714286E+09 +2.584690183E-02 -3.062075979E-02 -5.652628425E-02 +2.548595966E-01 -1.158732350E-01 -5.022075550E-01
2.40357142857E+09 -3.393071046E-02 -2.094887239E-02 +1.045332833E-01 +3.215177336E-01 -3.867302993E-01 -3.629498492E-01
2.41428571429E+09 -1.668228312E-02 +4.104539792E-02 +3.340662469E-01 +2.233312887E-01 -5.197359987E-01 -8.633818822E-02
2.42500000000E+09 +5.396882906E-02 +6.607349817E-03 +4.340055308E-01 -8.980391142E-02 -4.594596889E-01 +2.021808028E-01
2.43571428571E+09 -2.141345453E-02 -6.416868711E-02 +1.911385682E-01 -4.056921579E-01 -2.736167329E-01 +3.675619604E-01
2.44642857143E+09 -4.472192854E-02 +5.699596208E-02 -2.030123802E-01 -3.431392302E-01 -9.735598773E-02 +4.094413337E-01
2.45714285714E+09 +6.309014310E-02 +6.923164238E-03 -3.050830879E-01 -7.141503228E-02 +7.829112405E-02 +4.320424705E-01
2.46785714286E+09 -1.578265225E-02 -4.830563869E-02 -2.496633555E-01 +5.875307914E-02 +2.973051036E-01 +3.705521015E-01
2.47857142857E+09 -3.297462321E-02 +2.310297176E-02 -2.401033628E-01 +1.402876310E-01 +4.781214828E-01 +1.693143644E-01
2.48928571429E+09 +2.433866859E-02 +2.355759226E-02 -1.955348224E-01 +2.824575000E-01 +5.080920173E-01 -1.303800070E-01
2.50000000000E+09 +1.923648200E-02 -2.492794925E-02 -1.720171142E-02 +4.052565537E-01 +3.399993737E-01 -4.128307005E-01
2.51071428571E+09 -2.843104137E-02 -1.746751597E-02 +2.601567977E-01 +3.686183828E-01 +3.537710329E-02 -5.372179476E-01
2.52142857143E+09 -1.431933198E-02 +3.743238967E-02 +4.720728935E-01 +9.117455148E-02 -2.697443915E-01 -4.428580374E-01
2.53214285714E+09 +5.121647143E-02 +1.211929753E-03 +3.779129254E-01 -3.139629735E-01 -4.384120155E-01 -1.962227186E-01
2.54285714286E+09 -2.938910034E-02 -5.391853331E-02 -2.889159477E-02 -4.641046622E-01 -4.326119601E-01 +4.048265782E-02
2.55357142857E+09 -2.744437944E-02 +5.526060697E-02 -3.005817690E-01 -2.476596139E-01 -3.614507416E-01 +1.921419156E-01
2.56428571429E+09 +5.047701895E-02 -4.960261378E-03 -3.160454418E-01 -6.131717917E-02 -2.800561392E-01 +3.442235423E-01
2.57500000000E+09 -1.743085720E-02 -3.323667488E-02 -3.381227635E-01 +4.754581019E-02 -8.626322514E-02 +4.898560156E-01
2.58571428571E+09 -2.213309248E-02 +1.811937240E-02 -3.331181076E-01 +2.282647349E-01 +2.023825216E-01 +5.050884686E-01
2.59642857143E+09 +1.742622821E-02 +1.793720731E-02 -1.770482407E-01 +4.209202133E-01 +4.603205769E-01 +3.177687568E-01
2.60714285714E+09 +1.727593963E-02 -1.881516850E-02 +1.265113022E-01 +4.752051012E-01 +5.577566138E-01 -7.842877146E-03
2.61785714286E+09 -2.411825391E-02 -1.724697923E-02 +4.364121009E-01 +2.698044006E-01 +4.464185543E-01 -3.260293710E-01
2.62857142857E+09 -1.338504898E-02 +3.472998667E-02 +5.004429418E-01 -1.531923726E-01 +1.708416589E-01 -4.889489990E-01
2.63928571429E+09 +4.726018525E-02 -1.578217254E-03 +1.952346419E-01 -4.763136518E-01 -1.229780888E-01 -4.446164614E-01
2.65000000000E+09 -3.156592519E-02 -4.606109307E-02 -1.888790211E-01 -4.237842391E-01 -2.749266058E-01 -2.847704342E-01
2.66071428571E+09 -1.588134592E-02 +5.077924244E-02 -3.231703044E-01 -2.148997361E-01 -3.431625947E-01 -1.725794434E-01
2.67142857143E+09 +3.802489647E-02 -9.348895880E-03 -3.785590943E-01 -8.875128059E-02 -4.538074685E-01 -1.435855415E-02
2.68214285714E+09 -1.374699630E-02 -2.381540544E-02 -4.328223817E-01 +1.030760538E-01 -4.416883251E-01 +2.747121012E-01
2.69285714286E+09 -1.767793072E-02 +1.302475956E-02 -3.372238514E-01 +3.585659948E-01 -2.340831080E-01 +5.170215702E-01
2.70357142857E+09 +1.315859359E-02 +1.604696282E-02 -4.316963368E-02 +5.192013135E-01 +8.906851764E-02 +5.675804346E-01
2.71428571429E+09 +1.614414008E-02 -1.551359663E-02 +3.368791682E-01 +4.173862443E-01 +3.959225049E-01 +4.106374217E-01
2.72500000000E+09 -2.090410196E-02 -1.575896841E-02 +5.443300470E-01 +3.440244040E-02 +5.511724219E-01 +1.137831562E-01
2.73571428571E+09 -1.243622001E-02 +3.042429885E-02 +3.930663389E-01 -3.814163052E-01 +4.838835602E-01 -1.964198056E-01
2.74642857143E+09 +4.339066843E-02 -1.226870711E-03 +1.255447969E-02 -5.236114891E-01 +2.571424098E-01 -3.620296332E-01
2.75714285714E+09 -3.260558094E-02 -3.971357450E-02 -2.588740161E-01 -3.739514403E-01 +8.689174308E-02 -3.550700536E-01
2.76785714286E+09 -7.814306370E-03 +4.240724541E-02 -3.565630486E-01 -2.272670689E-01 -2.928137947E-02 -4.144182609E-01
2.77857142857E+09 +2.866156836E-02 -7.415065631E-03 -4.649329628E-01 -5.622713399E-02 -2.850148275E-01 -4.004589380E-01
2.78928571429E+09 -9.354228793E-03 -1.969562970E-02 -4.586600414E-01 +2.309581475E-01 -5.081226316E-01 -1.638903656E-01
2.80000000000E+09 -1.607196780E-02 +9.564555697E-03 -2.198107535E-01 +4.913564724E-01 -5.378053227E-01 +1.717052129E-01
2.81071428571E+09 +1.045130816E-02 +1.488570784E-02 +1.840473199E-01 +5.173163383E-01 -3.501821027E-01 +4.398763193E-01
2.82142857143E+09 +1.488157150E-02 -1.248265383E-02 +5.065742285E-01 +2.301954970E-01 -2.851407184E-02 +5.507149286E-01
2.83214285714E+09 -1.702260387E-02 -1.567220208E-02 +5.280077506E-01 -1.986319948E-01 +2.846324261E-01 +4.523922755E-01
2.84285714286E+09 -1.506862631E-02 +2.761064512E-02 +2.548229040E-01 -4.981523202E-01 +4.483649236E-01 +1.931778082E-01
2.85357142857E+09 +4.461113919E-02 -9.423667027E-04 -9.792843892E-02 -5.043147373E-01 +3.876567720E-01 -3.211880034E-02
2.86428571429E+09 -3.439098827E-02 -3.265197932E-02 -2.815094441E-01 -3.555272137E-01 +3.500976889E-01 -1.012157860E-01
2.87500000000E+09 -4.780065685E-03 +3.419890153E-02 -4.268794218E-01 -2.170818160E-01 +3.527344315E-01 -3.128802656E-01
2.88571428571E+09 +2.365599160E-02 -4.207437104E-03 -5.204347694E-01 +6.137711728E-02 +1.313044939E-01 -5.169044022E-01
2.89642857143E+09 -6.147352043E-03 -1.781984740E-02 -3.771691445E-01 +3.965229187E-01 -2.084113459E-01 -5.091961109E-01
2.90714285714E+09 -1.511331946E-02 +6.757700693E-03 -2.450979136E-03 +5.552218346E-01 -4.798522043E-01 -2.961201286E-01
2.91785714286E+09 +7.478798179E-03 +1.440101587E-02 +3.903066805E-01 +4.033607151E-01 -5.564773730E-01 +2.906124766E-02
2.92857142857E+09 +1.569236898E-02 -9.241601230E-03 +5.702550854E-01 +3.050110299E-02 -4.138986916E-01 +3.324955573E-01
2.93928571429E+09 -1.454969636E-02 -1.909354758E-02 +4.565887022E-01 -3.526138330E-01 -1.208338924E-01 +4.759397959E-01
2.95000000000E+09 -1.947574841E-02 +3.053787422E-02 +1.282406958E-01 -5.398167399E-01 +1.430547934E-01 +3.904332404E-01
2.96071428571E+09 +4.811887572E-02 -7.578608912E-03 -1.662795008E-01 -4.579901542E-01 +1.947631000E-01 +2.616525217E-01
2.97142857143E+09 -3.430926541E-02 -2.393702402E-02 -3.360442287E-01 -3.341127094E-01 +3.107545470E-01 +2.542522133E-01
2.98214285714E+09 -3.605695006E-03 +2.812491970E-02 -5.074870101E-01 -1.083818146E-01 +5.029420927E-01 +5.064540353E-02
2.99285714286E+09 +2.002035303E-02 -2.045303267E-03 -4.845136285E-01 +2.535080702E-01 +4.857548530E-01 -2.655855886E-01
3.00357142857E+09 -2.221709717E-03 -1.590213428E-02 -2.241029338E-01 +5.107945711E-01 +2.467493036E-01 -5.037325417E-01
3.01428571429E+09 -1.450813691E-02 +2.295235906E-03 +1.752455182E-01 +5.379243711E-01 -9.097931042E-02 -5.515855098E-01
3.02500000000E+09 +2.501515715E-03 +1.553699309E-02 +4.922715969E-01 +3.005772010E-01 -3.835330619E-01 -3.863377759E-01
3.03571428571E+09 +1.979762339E-02 -4.294058105E-03 +5.805092971E-01 -8.256363682E-02 -5.025313990E-01 -8.764685116E-02
3.04642857143E+09 -1.316818847E-02 -2.741146450E-02 +3.882445433E-01 -4.274792209E-01 -3.758552413E-01 +1.918923906E-01
3.05714285714E+09 -2.395477357E-02 +3.971490918E-02 +3.599711928E-02 -5.211408490E-01 -1.731502075E-01 +2.580299252E-01
3.06785714286E+09 +4.792648461E-02 -1.634404381E-02 -2.071530597E-01 -4.181910687E-01 -1.488958256E-01 +2.711083150E-01
3.07857142857E+09 -3.145573192E-02 -1.864313620E-02 -4.215625026E-01 -2.637554507E-01 -3.936411351E-03 +4.219395160E-01
3.08928571429E+09 -4.007791056E-03 +2.365551598E-02 -5.302571971E-01 +6.966618757E-02 +3.032929876E-01 +3.965172576E-01
3.10000000000E+09 +1.728754409E-02 +4.378191994E-04 -3.657648205E-01 +4.166557851E-01 +5.104973810E-01 +1.456380742E-01
3.11071428571E+09 +1.264332670E-04 -1.464689682E-02 -8.983875095E-03 +5.676095594E-01 +5.104458969E-01 -1.848574879E-01
3.12142857143E+09 -1.482869288E-02 -5.445061790E-04 +3.593561420E-01 +4.559242098E-01 +3.056395515E-01 -4.453871177E-01
3.13214285714E+09 -3.555550676E-04 +1.822403541E-02 +5.760247561E-01 +1.305383892E-01 -6.862294837E-03 -5.210168148E-01
3.14285714286E+09 +2.638154483E-02 -3.530839998E-03 +5.200801251E-01 -2.683042213E-01 -2.687502023E-01 -3.835016584E-01
3.15357142857E+09 -2.217741701E-02 -3.549014120E-02 +2.009715889E-01 -5.018505920E-01 -3.256037206E-01 -1.370595524E-01
3.16428571429E+09 -1.338913658E-02 +5.325125365E-02 -1.128338668E-01 -4.516061870E-01 -2.638850464E-01 -5.447007664E-02
3.17500000000E+09 +3.941708647E-02 -2.519270248E-02 -3.236226688E-01 -3.324672050E-01 -3.688367630E-01 +8.336228782E-03
3.18571428571E+09 -2.733881728E-02 -1.455514388E-02 -5.050086224E-01 -8.135626059E-02 -3.619512730E-01 +2.771275199E-01
3.19642857143E+09 -5.893008989E-03 +2.029973972E-02 -4.740012131E-01 +2.709813783E-01 -1.094570756E-01 +4.809158297E-01
3.20714285714E+09 +1.640160080E-02 +4.039155964E-03 -2.161478972E-01 +5.261442930E-01 +2.218158331E-01 +4.517513835E-01
3.21785714286E+09 +4.307321640E-03 -1.572863086E-02 +1.514271716E-01 +5.658414572E-01 +4.536314306E-01 +2.278618109E-01
3.22857142857E+09 -1.823742943E-02 -4.768066281E-03 +4.767287963E-01 +3.563238857E-01 +4.715995526E-01 -9.266253122E-02
3.23928571429E+09 -3.242045963E-03 +2.544066036E-02 +5.856190065E-01 -3.851631139E-02 +2.900555065E-01 -3.360133096E-01
3.25000000000E+09 +3.727722508E-02 -7.882457801E-03 +3.756452885E-01 -3.963472151E-01 +4.240687823E-02 -3.717560238E-01
3.26071428571E+09 -3.857138915E-02 -3.650475828E-02 +2.331983777E-02 -4.734912004E-01 -6.632864230E-02 -2.492461153E-01
3.27142857143E+09 +2.244718246E-03 +5.450469213E-02 -2.175054690E-01 -3.846073935E-01 -6.752620374E-02 -2.760904428E-01
3.28214285714E+09 +3.061208892E-02 -2.448868616E-02 -4.340260497E-01 -2.229965160E-01 -2.819025999E-01 -3.103780989E-01
3.29285714286E+09 -2.204332374E-02 -1.468346321E-02 -5.306038076E-01 +8.714183176E-02 -4.754466630E-01 -8.048628261E-02
3.30357142857E+09 -9.948829459E-03 +1.804962023E-02 -4.012937502E-01 +4.064576749E-01 -4.240097322E-01 +2.411320749E-01
3.31428571429E+09 +1.689594731E-02 +9.136040512E-03 -8.931015373E-02 +5.845975581E-01 -1.723290473E-01 +4.462747586E-01
3.32500000000E+09 +9.541327254E-03 -1.900441571E-02 +2.888279014E-01 +5.213901810E-01 +1.303291872E-01 +4.356306823E-01
3.33571428571E+09 -2.554833286E-02 -8.752801202E-03 +5.420002063E-01 +1.979383089E-01 +3.295165278E-01 +2.255121453E-01
3.34642857143E+09 -1.694071520E-03 +3.692902591E-02 +4.829714569E-01 -2.165135919E-01 +3.345371918E-01 -3.160497699E-02
3.35714285714E+09 +4.620244874E-02 -2.064723346E-02 +1.728155786E-01 -4.289745004E-01 +1.926882366E-01 -1.467831605E-01
3.36785714286E+09 -5.241288877E-02 -2.790828107E-02 -1.024941112E-01 -4.019452456E-01 +1.480590135E-01 -1.105654318E-01
3.37857142857E+09 +9.723606771E-03 +5.049476716E-02 -3.128042859E-01 -3.155089774E-01 +1.993895520E-01 -2.390916879E-01
3.38928571429E+09 +2.999631802E-02 -2.146836829E-02 -4.987750024E-01 -1.027706854E-01 +7.481420856E-03 -4.236179030E-01
3.40000000000E+09 -2.054753279E-02 -1.970788555E-02 -5.129966045E-01 +2.190109690E-01 -2.872660113E-01 -3.702044950E-01
3.41071428571E+09 -1.656236111E-02 +1.985974672E-02 -3.042481432E-01 +4.970845822E-01 -4.472205648E-01 -1.096221048E-01
3.42142857143E+09 +2.240774127E-02 +1.590829502E-02 +6.376355258E-02 +5.768299485E-01 -3.944294355E-01 +1.805420834E-01
3.43214285714E+09 +1.426467392E-02 -2.931388593E-02 +4.063845869E-01 +3.645705009E-01 -1.853580026E-01 +3.408387181E-01
3.44285714286E+09 -4.028575466E-02 -7.434697717E-03 +4.868940232E-01 -3.280260037E-02 +4.714275304E-02 +2.992152713E-01
3.45357142857E+09 +1.058995399E-02 +5.074296622E-02 +2.754083581E-01 -3.301612332E-01 +1.382008641E-01 +1.420202534E-01
3.46428571429E+09 +4.662274363E-02 -4.147679692E-02 -5.614917258E-04 -3.932655680E-01 +7.967936907E-02 +8.049395178E-02
3.47500000000E+09 -6.089898592E-02 -1.472648545E-02 -2.084338665E-01 -3.504277869E-01 +1.442594487E-01 +1.461131892E-01
3.48571428571E+09 +1.389710203E-02 +5.009230992E-02 -4.120508358E-01 -2.317771159E-01 +3.164197822E-01 +9.095758284E-03
3.49642857143E+09 +3.464015738E-02 -2.279062731E-02 -5.339595565E-01 +2.940650243E-02 +2.613878436E-01 -2.689331979E-01
3.50714285714E+09 -2.535638308E-02 -2.652861449E-02 -4.488673195E-01 +3.441684399E-01 +1.269595127E-02 -3.939650019E-01
3.51785714286E+09 -2.258266509E-02 +2.903606499E-02 -1.477296184E-01 +5.364750601E-01 -2.333178121E-01 -2.924286294E-01
3.52857142857E+09 +3.579529026E-02 +1.827885818E-02 +2.229356224E-01 +4.555082297E-01 -3.346283989E-01 -7.681337181E-02
3.53928571429E+09 +9.934815293E-03 -4.556554571E-02 +4.164222383E-01 +1.325630458E-01 -2.613038642E-01 +1.076386130E-01
3.55000000000E+09 -5.516115244E-02 +6.053381983E-03 +3.266518244E-01 -1.921090296E-01 -1.126886791E-01 +1.512432566E-01
3.56071428571E+09 +3.294576128E-02 +5.659077095E-02 +1.007099209E-01 -3.349270057E-01 -6.311783679E-02 +8.544365842E-02
3.57142857143E+09 +3.730784006E-02 -6.147768552E-02 -9.712348462E-02 -3.428780460E-01 -1.204704453E-01 +1.155115327E-01
3.58214285714E+09 -6.896523877E-02 -3.305012356E-03 -2.812316439E-01 -2.934440831E-01 -3.749799148E-02 +2.562829932E-01
3.59285714286E+09 +2.145724970E-02 +5.805924446E-02 -4.505238762E-01 -1.264485170E-01 +1.837885189E-01 +2.225167940E-01
3.60357142857E+09 +4.433400534E-02 -3.474442914E-02 -4.754294010E-01 +1.565576563E-01 +2.814415050E-01 +2.405658310E-03
3.61428571429E+09 -4.364241815E-02 -3.233587152E-02 -2.741897413E-01 +4.030231297E-01 +1.791852735E-01 -1.900372012E-01
3.62500000000E+09 -2.042224051E-02 +5.106415933E-02 +6.096784170E-02 +4.298260796E-01 -1.123799975E-02 -2.279772807E-01
3.63571428571E+09 +5.745735235E-02 +6.049272215E-03 +3.047063670E-01 +2.081708338E-01 -1.347110048E-01 -1.332514324E-01
3.64642857143E+09 -1.220542513E-02 -6.216270707E-02 +3.143139893E-01 -8.631538116E-02 -1.278283979E-01 -2.223664288E-02
3.65714285714E+09 -6.068703854E-02 +3.642167362E-02 +1.592890960E-01 -2.677222443E-01 -6.379515099E-02 -1.459396829E-02
3.66785714286E+09 +6.359799958E-02 +4.464381577E-02 -1.188314716E-02 -3.168275308E-01 -9.825974774E-02 -7.084033023E-02
3.67857142857E+09 +1.389766913E-02 -7.892519777E-02 -1.639671959E-01 -3.075396881E-01 -2.072335657E-01 -8.006449738E-03
3.68928571429E+09 -7.578863526E-02 +1.864911204E-02 -3.231833698E-01 -2.240978758E-01 -1.943918946E-01 +1.584457358E-01
3.70000000000E+09 +4.323252768E-02 +6.145636479E-02 -4.150492399E-01 -2.433353087E-02 -3.777245153E-02 +2.295011739E-01
3.71071428571E+09 +4.195081999E-02 -5.978153392E-02 -3.335120010E-01 +2.123948919E-01 +9.846159175E-02 +1.554275104E-01
3.72142857143E+09 -6.975913889E-02 -2.023195935E-02 -9.315436212E-02 +3.250461179E-01 +1.159270549E-01 +3.577582675E-02
3.73214285714E+09 +2.819793400E-03 +7.294275050E-02 +1.497867612E-01 +2.289865228E-01 +5.129209700E-02 -2.443567081E-02
3.74285714286E+09 +7.026142014E-02 -2.666337555E-02 +2.378395314E-01 +9.624107224E-03 +5.882152967E-03 -4.176753662E-03
3.75357142857E+09 -5.117333141E-02 -6.089237210E-02 +1.614502512E-01 -1.677151221E-01 +3.008263146E-02 +1.850676708E-02
3.76428571429E+09 -4.063191788E-02 +7.401238301E-02 +3.844731286E-02 -2.291526638E-01 +6.580993523E-02 -2.987396520E-02
3.77500000000E+09 +8.811691232E-02 +8.952025677E-03 -5.178742771E-02 -2.346723026E-01 +2.195974373E-02 -1.039808598E-01
3.78571428571E+09 -2.679071391E-02 -8.556696195E-02 -1.453505111E-01 -2.278900796E-01 -7.972884781E-02 -1.061038210E-01
3.79642857143E+09 -6.789902492E-02 +5.735941496E-02 -2.538783577E-01 -1.531487037E-01 -1.388637548E-01 -3.588577818E-02
3.80714285714E+09 +7.677963721E-02 +4.113940162E-02 -2.874491010E-01 +8.292539038E-03 -1.264482551E-01 +3.581627291E-02
3.81785714286E+09 +1.059748744E-02 -8.524096296E-02 -1.817193881E-01 +1.575667576E-01 -9.234028160E-02 +6.868522859E-02
3.82857142857E+09 -8.267365224E-02 +1.957274543E-02 +1.502568746E-03 +1.787683796E-01 -7.438657497E-02 +7.804766254E-02
3.83928571429E+09 +4.670279060E-02 +7.027023393E-02 +1.252312601E-01 +6.506228907E-02 -6.377224783E-02 +9.705694702E-02
3.85000000000E+09 +4.960924101E-02 -6.833264846E-02 +1.171044459E-01 -6.712623629E-02 -3.673798078E-02 +1.239349328E-01
3.86071428571E+09 -8.153117384E-02 -2.250619411E-02 +5.065918198E-02 -1.103422918E-01 +1.407215795E-02 +1.356998003E-01
3.87142857143E+09 +7.895623845E-03 +8.430196651E-02 +3.626198626E-02 -1.032892120E-01 +7.473942649E-02 +1.190896915E-01
3.88214285714E+09 +7.631840831E-02 -3.720654096E-02 +4.719381912E-02 -1.489158131E-01 +1.217877191E-01 +6.783339615E-02
3.89285714286E+09 -6.215840012E-02 -5.809298460E-02 -2.404350054E-02 -2.195123247E-01 +1.359615904E-01 -1.612480409E-02
3.90357142857E+09 -3.217272729E-02 +7.927191450E-02 -1.590664876E-01 -1.882967083E-01 +9.837478201E-02 -1.028781130E-01
3.91428571429E+09 +8.636563161E-02 +6.055429419E-04 -2.144591896E-01 -4.053340994E-02 +4.181112274E-03 -1.491127750E-01
3.92500000000E+09 -3.257518354E-02 -8.090722099E-02 -1.262157228E-01 +8.620530021E-02 -1.045475889E-01 -1.236098836E-01
3.93571428571E+09 -6.096450657E-02 +6.179515205E-02 +3.082849235E-04 +8.468291371E-02 -1.583701447E-01 -4.373832150E-02
3.94642857143E+09 +7.842083690E-02 +2.963599009E-02 +3.726850321E-02 +1.973061891E-02 -1.556796527E-01 +2.550360848E-02
3.95714285714E+09 -2.851571534E-03 -7.800889131E-02 +2.185004168E-02 +1.968810289E-02 -1.561003830E-01 +6.914605197E-02
3.96785714286E+09 -6.621529076E-02 +2.739730379E-02 +8.068673044E-02 +5.630862063E-02 -1.572049680E-01 +1.428762956E-01
3.97857142857E+09 +4.320770514E-02 +5.099049426E-02 +1.927384533E-01 -8.617798108E-03 -9.971875333E-02 +2.446355420E-01
3.98928571429E+09 +3.548149089E-02 -5.408032275E-02 +1.983450662E-01 -1.827214812E-01 +4.213961851E-02 +2.933861926E-01
4.00000000000E+09 -6.298671735E-02 -1.925939749E-02 +3.225057165E-02 -2.975317752E-01 +2.105705890E-01 +2.272982923E-01
4.01071428571E+09 +1.425854186E-03 +7.006277830E-02 -1.628820932E-01 -2.193242457E-01 +2.996518365E-01 +5.268951266E-02
4.02142857143E+09 +7.083711497E-02 -3.012807262E-02 -2.028067062E-01 -3.127253173E-02 +2.284398265E-01 -1.328257408E-01
4.03214285714E+09 -6.245542400E-02 -5.294718401E-02 -1.069766464E-01 +6.903855168E-02 +6.794789900E-02 -1.934603848E-01
4.04285714286E+09 -1.519141192E-02 +7.776548779E-02 -5.631603070E-02 +7.173970106E-02 -2.148521160E-02 -1.495456667E-01
4.05357142857E+09 +6.643117881E-02 -1.881442600E-02 -4.311697120E-02 +1.334530896E-01 -5.872453938E-02 -1.475554780E-01
4.06428571429E+09 -3.523383351E-02 -4.572769295E-02 +8.220129745E-02 +2.139622469E-01 -1.612044286E-01 -1.507955790E-01
4.07500000000E+09 -2.861645358E-02 +3.966195935E-02 +2.798397640E-01 +1.442787421E-01 -2.906703140E-01 -4.454918553E-02
4.08571428571E+09 +4.012890000E-02 +1.686144481E-02 +3.585905429E-01 -9.082867804E-02 -3.292504703E-01 +1.570430685E-01
4.09642857143E+09 +8.530992799E-03 -4.094073096E-02 +2.124309884E-01 -3.167763735E-01 -2.042954447E-01 +3.492823147E-01
4.10714285714E+09 -4.438638502E-02 -3.718040050E-04 -6.017596019E-02 -3.476060882E-01 +3.335427521E-02 +4.271626907E-01
4.11785714286E+09 +1.379717481E-02 +5.039304680E-02 -2.449565698E-01 -1.665786868E-01 +2.613853131E-01 +3.182742966E-01
4.12857142857E+09 +4.877023432E-02 -4.138455109E-02 -2.209208543E-01 +3.742595183E-02 +3.290429335E-01 +9.762072862E-02
4.13928571429E+09 -6.646874265E-02 -1.797372849E-02 -1.486757836E-01 +9.901791876E-02 +2.483961413E-01 -3.049309312E-02
4.15000000000E+09 +1.918204180E-02 +5.627592311E-02 -1.470451609E-01 +1.934088424E-01 +2.272714649E-01 -7.212797205E-02
4.16071428571E+09 +3.305490854E-02 -3.180875115E-02 -5.833109877E-03 +3.438624279E-01 +2.127633479E-01 -1.989514881E-01
4.17142857143E+09 -3.168889186E-02 -1.796894659E-02 +2.615976217E-01 +3.201186445E-01 +5.577626081E-02 -3.283503297E-01
4.18214285714E+09 -9.775576920E-03 +2.936325059E-02 +4.312994576E-01 +7.533294949E-02 -1.979964454E-01 -3.201716860E-01
4.19285714286E+09 +2.834260953E-02 +4.808055428E-03 +3.573810077E-01 -2.258497265E-01 -3.942164533E-01 -1.399093294E-01
4.20357142857E+09 +5.867107340E-04 -2.983344333E-02 +8.575493023E-02 -3.758396296E-01 -4.180114221E-01 +1.467441093E-01
4.21428571429E+09 -3.453586877E-02 +6.168569707E-03 -1.962768909E-01 -2.832399013E-01 -2.504893640E-01 +3.826646806E-01
4.22500000000E+09 +2.299120331E-02 +3.924147014E-02 -2.978390323E-01 -4.779993331E-02 +1.529272219E-02 +4.292207832E-01
4.23571428571E+09 +2.414751982E-02 -5.070047378E-02 -2.375043726E-01 +9.842782900E-02 +1.739386703E-01 +3.015486531E-01
4.24642857143E+09 -4.955612104E-02 +1.383326119E-02 -2.366200961E-01 +1.965766252E-01 +2.047760332E-01 +2.360607016E-01
4.25714285714E+09 +2.650144766E-02 +2.580139546E-02 -1.279200519E-01 +3.957977047E-01 +3.268192120E-01 +1.890207615E-01
4.26785714286E+09 +1.236041341E-02 -2.354157121E-02 +1.670015287E-01 +4.426002451E-01 +4.339143034E-01 +8.401323568E-03
4.27857142857E+09 -2.020841343E-02 -7.142704210E-03 +4.137266702E-01 +2.305907614E-01 +3.744132719E-01 -2.479118323E-01
4.28928571429E+09 -4.842367783E-03 +1.888153282E-02 +4.278885718E-01 -1.036788382E-01 +1.489726028E-01 -4.357798256E-01
4.30000000000E+09 +1.992002750E-02 +3.074209053E-03 +2.006787618E-01 -3.484016481E-01 -1.506927011E-01 -4.419326544E-01
4.31071428571E+09 +1.065516375E-04 -2.383658968E-02 -1.211636252E-01 -3.619723744E-01 -3.940213137E-01 -2.406539692E-01
4.32142857143E+09 -3.043840582E-02 +8.448243997E-03 -3.334989741E-01 -1.645472254E-01 -4.379260089E-01 +6.537748052E-02
4.33214285714E+09 +3.100923967E-02 +3.003185331E-02 -3.400794845E-01 +4.841780534E-02 -2.701708325E-01 +2.713955567E-01
4.34285714286E+09 -9.315858598E-04 -4.601013223E-02 -3.262519760E-01 +1.579592915E-01 -1.397915449E-01 +2.923722399E-01
4.35357142857E+09 -2.511694565E-02 +2.128881574E-02 -2.822462794E-01 +3.698119116E-01 -6.599902396E-02 +3.756981062E-01
4.36428571429E+09 +1.860038796E-02 +1.057252736E-02 -1.218957572E-02 +5.116647149E-01 +1.468943568E-01 +4.403495588E-01
4.37500000000E+09 +5.883875155E-03 -1.461065398E-02 +2.995105523E-01 +3.903180545E-01 +3.793374715E-01 +3.407973215E-01
4.38571428571E+09 -1.284993426E-02 -4.542968603E-03 +4.338906230E-01 +7.186278981E-02 +5.064392316E-01 +8.687813707E-02
4.39642857143E+09 -4.110989475E-03 +1.313044487E-02 +3.049661177E-01 -2.513453482E-01 +4.772695736E-01 -2.071499898E-01
4.40714285714E+09 +1.570886718E-02 +3.515077648E-03 -4.790506314E-03 -3.876235524E-01 +2.645559120E-01 -4.300360572E-01
4.41785714286E+09 +5.846955896E-04 -2.155653226E-02 -2.924828739E-01 -2.751518264E-01 -4.301380282E-02 -4.777589450E-01
4.42857142857E+09 -2.923431502E-02 +1.246701081E-02 -3.868053049E-01 -4.972603443E-02 -2.837067755E-01 -2.974519111E-01
4.43928571429E+09 +3.789232615E-02 +1.538566799E-02 -3.723849288E-01 +8.139742509E-02 -3.172718248E-01 -8.533739824E-02
4.45000000000E+09 -1.449200086E-02 -2.942390705E-02 -3.886908580E-01 +2.673964904E-01 -3.529278462E-01 +1.187392303E-02
4.46071428571E+09 -1.163960158E-02 +1.658803895E-02 -1.830046127E-01 +4.856233443E-01 -3.644102977E-01 +2.277717564E-01
4.47142857143E+09 +1.232404728E-02 +5.322494147E-03 +1.545896393E-01 +4.672987254E-01 -2.008709761E-01 +4.533756571E-01
4.48214285714E+09 +3.583379716E-03 -9.840105703E-03 +3.869399901E-01 +2.037292775E-01 +7.479040907E-02 +5.285119723E-01
4.49285714286E+09 -9.029725045E-03 -3.219631990E-03 +3.720476402E-01 -1.508240865E-01 +3.477772412E-01 +4.335065633E-01
4.50357142857E+09 -3.426714107E-03 +9.662726310E-03 +1.248781470E-01 -3.913736147E-01 +5.191624343E-01 +1.927930543E-01
4.51428571429E+09 +1.231734285E-02 +3.631713855E-03 -1.924410377E-01 -3.951246118E-01 +5.286791311E-01 -1.134997950E-01
4.52500000000E+09 +1.194384514E-03 -1.882807895E-02 -3.855396349E-01 -2.104230752E-01 +3.670104331E-01 -3.639711375E-01
4.53571428571E+09 -2.569640733E-02 +1.433168533E-02 -4.014145452E-01 -3.594633416E-02 +1.073662940E-01 -4.062177879E-01
4.54642857143E+09 +3.235733795E-02 +5.318294869E-03 -4.396181523E-01 +8.939969656E-02 -4.745143592E-02 -3.593208617E-01
4.55714285714E+09 -1.180772665E-02 -1.937830782E-02 -3.620581919E-01 +3.498689962E-01 -2.263871226E-01 -3.512354936E-01
4.56785714286E+09 -9.141890344E-03 +1.174854707E-02 -4.732186018E-02 +4.691658170E-01 -4.242751418E-01 -1.678340712E-01
4.57857142857E+09 +9.682104232E-03 +5.173602105E-03 +2.690966129E-01 +3.083097551E-01 -4.705482088E-01 +1.383119524E-01
4.58928571429E+09 +3.597467825E-03 -8.485678044E-03 +3.778731752E-01 -3.181721732E-02 -3.181776132E-01 +4.117030115E-01
4.60000000000E+09 -8.216500618E-03 -3.068788463E-03 +2.239786454E-01 -3.374457814E-01 -4.385836214E-02 +5.518409559E-01
4.61071428571E+09 -3.055401389E-03 +9.156520439E-03 -6.907416580E-02 -4.402377240E-01 +2.476864698E-01 +4.968360622E-01
4.62142857143E+09 +1.222901780E-02 +2.748975371E-03 -3.104627459E-01 -3.305074430E-01 +4.699265579E-01 +2.812958099E-01
4.63214285714E+09 -2.351602993E-03 -1.899121848E-02 -3.859759200E-01 -1.491916716E-01 +5.232339515E-01 +1.091426810E-02
4.64285714286E+09 -1.720017733E-02 +2.039870034E-02 -4.080648511E-01 -4.456842343E-02 +4.188945935E-01 -1.687793579E-01
4.65357142857E+09 +2.236809403E-02 -3.054300941E-03 -4.400418208E-01 +1.808779668E-01 +3.403084001E-01 -3.119936014E-01
4.66428571429E+09 -8.707698506E-03 -1.191402231E-02 -1.984034183E-01 +4.119337588E-01 +1.636442112E-01 -4.682466705E-01
4.67500000000E+09 -6.822210626E-03 +7.967868552E-03 +1.583260534E-01 +3.701331209E-01 -1.209462084E-01 -4.868411913E-01
4.68571428571E+09 +7.039474199E-03 +4.723209220E-03 +3.736262902E-01 +8.901142238E-02 -3.802971063E-01 -3.296957416E-01
4.69642857143E+09 +3.811988288E-03 -6.627938883E-03 +3.363167565E-01 -2.395699119E-01 -4.997907469E-01 -2.076067453E-02
4.70714285714E+09 -7.008996360E-03 -3.564968892E-03 +1.132114383E-01 -4.317656478E-01 -4.374797466E-01 +2.985774221E-01
4.71785714286E+09 -3.702260589E-03 +8.667206116E-03 -1.384738832E-01 -4.257149609E-01 -1.993480521E-01 +4.883832238E-01
4.72857142857E+09 +1.285087882E-02 +2.812094660E-03 -2.849085783E-01 -2.891104418E-01 +1.248989230E-01 +5.087251818E-01
4.73928571429E+09 -5.174178092E-03 -1.940487362E-02 -3.181850044E-01 -1.683192803E-01 +3.469824818E-01 +3.665675699E-01
4.75000000000E+09 -1.168986093E-02 +2.124281583E-02 -3.949120792E-01 -4.308150919E-02 +4.314818466E-01 +1.965359379E-01
4.76071428571E+09 +1.821424395E-02 -4.424894954E-03 -3.216825981E-01 +2.493183908E-01 +5.123347219E-01 +1.422179007E-02
4.77142857143E+09 -7.763900086E-03 -9.946063947E-03 +2.016285699E-02 +3.648261908E-01 +4.930100372E-01 -2.451789427E-01
4.78214285714E+09 -6.037660489E-03 +6.922586824E-03 +3.149861418E-01 +1.795613295E-01 +3.236756059E-01 -4.782449522E-01
4.79285714286E+09 +6.007653381E-03 +4.473320398E-03 +3.785840693E-01 -1.240089295E-01 +5.326458312E-02 -5.495101325E-01
4.80357142857E+09 +4.051244436E-03 -5.898865345E-03 +2.408785224E-01 -3.506159140E-01 -2.485675045E-01 -4.416850619E-01
4.81428571429E+09 -6.942602984E-03 -4.130492416E-03 +2.811946461E-02 -4.168317355E-01 -4.762871202E-01 -2.039359857E-01
4.82500000000E+09 -4.222742189E-03 +9.798259007E-03 -1.367323210E-01 -3.492807389E-01 -4.823950487E-01 +1.010355012E-01
4.83571428571E+09 +1.540994406E-02 +1.172461098E-03 -2.110927704E-01 -2.503007670E-01 -3.091802459E-01 +3.571183762E-01
4.84642857143E+09 -1.120628824E-02 -1.837373258E-02 -2.950732831E-01 -1.675688023E-01 -7.285456939E-02 +4.505109485E-01
4.85714285714E+09 -4.425044969E-03 +2.122472055E-02 -3.618199192E-01 +8.303915402E-02 +1.327648098E-01 +4.440777124E-01
4.86785714286E+09 +1.405373011E-02 -6.613918825E-03 -1.178412400E-01 +3.401917416E-01 +3.589950599E-01 +3.719346007E-01
4.87857142857E+09 -7.301255285E-03 -7.368407833E-03 +2.206388953E-01 +2.896784832E-01 +5.366217025E-01 +1.502643745E-01
4.88928571429E+09 -4.609779258E-03 +5.950185200E-03 +3.818414403E-01 +5.002338643E-02 +5.901026889E-01 -1.299199585E-01
4.90000000000E+09 +5.155771358E-03 +3.677031776E-03 +3.459681807E-01 -1.812908031E-01 +4.618531654E-01 -3.619091356E-01
4.91071428571E+09 +3.662096964E-03 -5.453005376E-03 +2.061257749E-01 -3.047997617E-01 +1.917102117E-01 -5.199395481E-01
4.92142857143E+09 -6.822680371E-03 -3.997969014E-03 +6.240595159E-02 -3.182219058E-01 -1.187724294E-01 -5.316992840E-01
4.93214285714E+09 -3.756905979E-03 +1.014249316E-02 -3.725711228E-02 -2.833386471E-01 -3.568775078E-01 -3.718349965E-01
4.94285714286E+09 +1.586577185E-02 -5.875930418E-04 -1.422877759E-01 -2.484107348E-01 -4.555172390E-01 -9.874365526E-02
4.95357142857E+09 -1.365428916E-02 -1.621740819E-02 -3.004399934E-01 -9.745396408E-02 -4.041101013E-01 +1.486786595E-01
4.96428571429E+09 -1.334214238E-03 +2.035203371E-02 -2.457946041E-01 +2.304206532E-01 -2.868094528E-01 +3.357343898E-01
4.97500000000E+09 +1.253576711E-02 -7.451244347E-03 +6.869073164E-02 +3.459942013E-01 -6.932838753E-02 +4.727573571E-01
4.98571428571E+09 -7.476742549E-03 -6.519474153E-03 +2.925706616E-01 +2.072734279E-01 +2.377729059E-01 +4.673178409E-01
4.99642857143E+09 -3.937366005E-03 +6.303539497E-03 +3.431531836E-01 +2.186608026E-02 +4.816346068E-01 +3.164919394E-01
5.00714285714E+09 +5.797174264E-03 +3.049090155E-03 +2.935922223E-01 -1.081866533E-01 +5.695275274E-01 +4.649503999E-02
5.01785714286E+09 +2.917127103E-03 -6.157309400E-03 +2.167530779E-01 -1.768549577E-01 +5.149592403E-01 -2.589702305E-01
5.02857142857E+09 -7.540211523E-03 -2.962243988E-03 +1.372229366E-01 -2.203589264E-01 +3.352883164E-01 -4.780507178E-01
5.03928571429E+09 -1.891604954E-03 +1.060072374E-02 +1.891944171E-02 -2.559253937E-01 +5.722578516E-02 -5.452908517E-01
5.05000000000E+09 +1.528768247E-02 -3.773790543E-03 -1.817282245E-01 -2.012443002E-01 -1.956692874E-01 -4.612366755E-01
5.06071428571E+09 -1.626311026E-02 -1.169325589E-02 -3.034351205E-01 +8.482126916E-02 -3.521989434E-01 -2.925573287E-01
5.07142857143E+09 +2.553268333E-03 +1.751784559E-02 -9.315438043E-02 +3.419825034E-01 -4.511244448E-01 -8.746665526E-02
5.08214285714E+09 +9.863108989E-03 -7.748245724E-03 +1.536243127E-01 +3.145132712E-01 -4.336249677E-01 +1.733846237E-01
5.09285714286E+09 -7.311743044E-03 -5.098219001E-03 +2.584406916E-01 +1.975807235E-01 -2.404981970E-01 +4.239917613E-01
5.10357142857E+09 -3.051175982E-03 +6.358653895E-03 +2.894232288E-01 +9.772918300E-02 +4.809043872E-02 +5.172943431E-01
5.11428571429E+09 +5.984283164E-03 +2.247122014E-03 +2.966108886E-01 +4.350994986E-03 +3.308278783E-01 +4.001505416E-01
5.12500000000E+09 +1.996674583E-03 -6.270542257E-03 +2.694644148E-01 -1.083273618E-01 +5.229818316E-01 +1.494228923E-01
5.13571428571E+09 -7.484964295E-03 -1.747046318E-03 +1.629539930E-01 -2.271410117E-01 +5.517654763E-01 -1.265070279E-01
5.14642857143E+09 -1.983222901E-04 +1.051896130E-02 -5.381610552E-02 -2.727181267E-01 +4.244445746E-01 -3.736139322E-01
5.15714285714E+09 +1.380647047E-02 -6.472996817E-03 -2.993162059E-01 -1.085470373E-01 +2.022619653E-01 -4.884998555E-01
5.16785714286E+09 -1.698814280E-02 -6.963665014E-03 -2.928134612E-01 +2.224182255E-01 -1.245393069E-02 -4.917755295E-01
5.17857142857E+09 +5.343650253E-03 +1.414760834E-02 -6.740342005E-02 +3.413681847E-01 -2.297371266E-01 -4.531062059E-01
5.18928571429E+09 +6.951591274E-03 -7.607487567E-03 +6.343551795E-02 +3.085228033E-01 -4.230819453E-01 -2.925761227E-01
5.20000000000E+09 -6.502567275E-03 -3.575951071E-03 +1.513584482E-01 +2.764924809E-01 -5.047276985E-01 +2.230576944E-03
5.21071428571E+09 -2.376409461E-03 +5.611892101E-03 +2.476307788E-01 +2.063047511E-01 -4.131756295E-01 +2.979098773E-01
5.22142857143E+09 +5.435380216E-03 +1.972675671E-03 +3.062784180E-01 +6.007152447E-02 -1.529771331E-01 +4.628964276E-01
5.23214285714E+09 +1.747797300E-03 -6.026106184E-03 +2.537786975E-01 -1.334826466E-01 +1.618372474E-01 +4.704169378E-01
5.24285714286E+09 -7.708077594E-03 -1.115194083E-03 +5.085402082E-02 -2.750024020E-01 +4.117728207E-01 +2.905242582E-01
5.25357142857E+09 +1.345763915E-03 +1.079401617E-02 -2.387654595E-01 -2.292197395E-01 +5.205426851E-01 +2.613811164E-02
5.26428571429E+09 +1.219915327E-02 -9.447270605E-03 -4.038273763E-01 +4.695750087E-02 +4.461476090E-01 -2.001995130E-01
5.27500000000E+09 -1.736466087E-02 -1.352394847E-03 -2.757710539E-01 +3.012209238E-01 +3.166740795E-01 -3.515415118E-01
5.28571428571E+09 +7.962490305E-03 +9.897777457E-03 -1.199918824E-01 +3.445636119E-01 +1.663315601E-01 -5.043697435E-01
5.29642857143E+09 +3.891506268E-03 -6.919505135E-03 -6.237663206E-03 +3.715102540E-01 -8.815708396E-02 -5.489027121E-01
5.30714285714E+09 -5.278967649E-03 -2.138054078E-03 +1.556590807E-01 +3.466152250E-01 -3.556905018E-01 -4.216406500E-01
5.31785714286E+09 -1.734729980E-03 +4.543263692E-03 +3.044431597E-01 +1.987953586E-01 -5.138302551E-01 -1.712847887E-01
5.32857142857E+09 +4.738174213E-03 +1.637891108E-03 +3.332024008E-01 -5.124765794E-02 -4.984075116E-01 +1.333377817E-01
5.33928571429E+09 +1.557090149E-03 -5.666811897E-03 +1.730510321E-01 -2.907232675E-01 -3.281064634E-01 +3.614504388E-01
5.35000000000E+09 -7.720425436E-03 -9.709216432E-04 -1.301893607E-01 -3.664911770E-01 -1.756456288E-02 +4.463286412E-01
5.36071428571E+09 +2.328402078E-03 +1.108710462E-02 -4.060771600E-01 -2.030203227E-01 +2.400990315E-01 +3.655892589E-01
5.37142857143E+09 +1.041880038E-02 -1.284464931E-02 -4.566832612E-01 +9.159714052E-02 +3.438511387E-01 +1.873067740E-01
5.38214285714E+09 -1.527834768E-02 +4.420799805E-03 -3.288098883E-01 +2.501957783E-01 +4.245612232E-01 +2.691506254E-02
5.39285714286E+09 +7.599824510E-03 +6.037270514E-03 -2.212833776E-01 +3.438152200E-01 +4.637144212E-01 -2.120492306E-01
5.40357142857E+09 +2.504828810E-03 -5.399167534E-03 -3.285757158E-02 +4.051109804E-01 +2.942554290E-01 -4.530412693E-01
5.41428571429E+09 -4.198798642E-03 -1.645777372E-03 +2.000482571E-01 +3.189224230E-01 +2.140084227E-02 -5.521692465E-01
5.42500000000E+09 -1.449457852E-03 +3.733411452E-03 +3.402771733E-01 +6.743841037E-02 -2.715710734E-01 -5.112843940E-01
5.43571428571E+09 +3.995467019E-03 +1.467079232E-03 +2.709106439E-01 -2.397811422E-01 -4.679654507E-01 -3.001772907E-01
5.44642857143E+09 +1.560111049E-03 -4.894217895E-03 +4.655589431E-03 -4.251699320E-01 -5.067075937E-01 -4.812515182E-02
5.45714285714E+09 -7.035923082E-03 -1.260117621E-03 -3.116340891E-01 -3.826004290E-01 -3.791116797E-01 +2.324570279E-01
5.46785714286E+09 +2.461422173E-03 +1.119698497E-02 -5.012435638E-01 -1.440214533E-01 -1.701687245E-01 +3.614104045E-01
5.47857142857E+09 +7.555152316E-03 -1.465652212E-02 -4.652600071E-01 +1.115930306E-01 -3.353499628E-02 +3.358096885E-01
5.48928571429E+09 -1.146233461E-02 +5.919384884E-03 -3.605891951E-01 +2.597406688E-01 +1.624469094E-01 +3.655435852E-01
5.50000000000E+09 +6.312780187E-03 +4.328818483E-03 -1.838548353E-01 +3.946284421E-01 +4.311909168E-01 +2.186647107E-01
5.51071428571E+09 +2.021908626E-03 -4.693724446E-03 +9.663878720E-02 +3.964587307E-01 +5.252597126E-01 -7.837916107E-02
5.52142857143E+09 -3.701103566E-03 -1.419415362E-03 +3.400254046E-01 +1.926172905E-01 +3.810264823E-01 -3.286104618E-01
5.53214285714E+09 -1.236205753E-03 +3.405219638E-03 +3.921507065E-01 -1.380521590E-01 +1.244150118E-01 -4.869318346E-01
5.54285714286E+09 +3.602840555E-03 +1.338884337E-03 +2.158470104E-01 -4.210030858E-01 -1.538948807E-01 -5.125189449E-01
5.55357142857E+09 +1.688166039E-03 -4.638914281E-03 -9.008841543E-02 -5.194648188E-01 -3.320000133E-01 -3.744718960E-01
5.56428571429E+09 -7.612147986E-03 -1.370111297E-03 -3.750068972E-01 -4.006763249E-01 -4.171678390E-01 -1.040033887E-01
5.57500000000E+09 +5.355862680E-03 +1.220236821E-02 -4.955195343E-01 -1.374246701E-01 -3.592306897E-01 +5.156525236E-02
5.58571428571E+09 +2.162631795E-03 -1.509583776E-02 -4.446462946E-01 +8.932644104E-02 -3.585167867E-01 +1.351559681E-01
5.59642857143E+09 -8.301650545E-03 +5.740024600E-03 -3.169067160E-01 +2.921808095E-01 -2.485692726E-01 +3.671011038E-01
5.60714285714E+09 +5.215876055E-03 +3.734366487E-03 -3.778879844E-02 +4.072969900E-01 +4.854206510E-02 +4.412733481E-01
5.61785714286E+09 +2.197635361E-03 -4.145050647E-03 +2.793411922E-01 +2.990406793E-01 +3.469256653E-01 +3.580091603E-01
5.62857142857E+09 -3.374485219E-03 -1.615600098E-03 +4.493249017E-01 +1.996651575E-03 +4.392724524E-01 +9.961441379E-02
5.63928571429E+09 -1.421725138E-03 +3.176984521E-03 +3.885347223E-01 -3.251818045E-01 +3.439811027E-01 -2.474175581E-01
5.65000000000E+09 +3.705553544E-03 +1.675075091E-03 +1.454234631E-01 -5.312511404E-01 +1.919965593E-01 -4.348112821E-01
5.66071428571E+09 +2.006570155E-03 -5.519176548E-03 -1.652608783E-01 -5.382717394E-01 -3.202903244E-02 -4.274743064E-01
5.67142857143E+09 -9.847461605E-03 -1.332320023E-04 -4.046441286E-01 -3.437171880E-01 -1.951443928E-01 -3.073505217E-01
5.68214285714E+09 +1.102579829E-02 +9.963471002E-03 -4.552063147E-01 -6.457795055E-02 -2.318704181E-01 -2.454127069E-01
5.69285714286E+09 -2.830180996E-03 -1.189197468E-02 -3.793109924E-01 +1.846573523E-01 -4.079734390E-01 -1.970724383E-01
5.70357142857E+09 -5.427839881E-03 +5.257233409E-03 -1.451853893E-01 +3.922397404E-01 -4.679658934E-01 +6.491259080E-02
5.71428571429E+09 +4.200772514E-03 +2.870064651E-03 +1.971954812E-01 +3.967280952E-01 -3.071038343E-01 +3.317666939E-01
5.72500000000E+09 +2.046892033E-03 -3.279881150E-03 +4.591031499E-01 +1.791257312E-01 -5.919860038E-02 +4.846763112E-01
5.73571428571E+09 -2.798502532E-03 -1.779350256E-03 +5.243125093E-01 -1.403095272E-01 +1.070694650E-01 +4.075141769E-01
5.74642857143E+09 -1.877623189E-03 +3.126484453E-03 +3.862907816E-01 -4.220211305E-01 +2.900001150E-01 +1.537578774E-01
5.75714285714E+09 +4.263067117E-03 +2.295167318E-03 +1.060124089E-01 -5.602015638E-01 +2.956757334E-01 -1.094431101E-01
5.76785714286E+09 +2.173767821E-03 -7.307216700E-03 -2.075745519E-01 -4.891769689E-01 +1.714792705E-01 -2.304491762E-01
5.77857142857E+09 -1.223851076E-02 +3.533723354E-03 -3.996333686E-01 -2.284829688E-01 +8.767195059E-02 -2.009790729E-01
5.78928571429E+09 +1.425867256E-02 +4.996364469E-03 -3.966566351E-01 +6.925577879E-02 +7.107591361E-02 -2.930868328E-01
5.80000000000E+09 -4.932227248E-03 -9.259230614E-03 -2.395511088E-01 +3.345693628E-01 -1.549219026E-01 -4.060814012E-01
5.81071428571E+09 -4.131405307E-03 +4.959907286E-03 +7.356543111E-02 +4.554910923E-01 -3.778886185E-01 -2.484159323E-01
5.82142857143E+09 +3.754457494E-03 +2.584272409E-03 +3.867002636E-01 +3.490118743E-01 -4.144536107E-01 +3.842634980E-02
5.83214285714E+09 +2.108891083E-03 -2.925834425E-03 +5.596276274E-01 +8.542224034E-02 -3.588400325E-01 +2.881436886E-01
5.84285714286E+09 -2.913024738E-03 -2.116748008E-03 +5.400760132E-01 -2.207870777E-01 -1.875757561E-01 +3.549343346E-01
5.85357142857E+09 -2.377030859E-03 +3.810786274E-03 +3.354682640E-01 -4.571864695E-01 +4.013173458E-02 +2.728483596E-01
5.86428571429E+09 +5.933411845E-03 +2.474681869E-03 +1.096390700E-02 -5.166953192E-01 +1.505968219E-01 +1.392627891E-01
5.87500000000E+09 +5.736761832E-05 -1.001306874E-02 -2.859772281E-01 -3.431518613E-01 +1.181183091E-01 +5.943258585E-02
5.88571428571E+09 -1.077543944E-02 +9.107234907E-03 -3.947472902E-01 -2.738964531E-02 +1.515035756E-01 +1.000968724E-01
5.89642857143E+09 +1.345095995E-02 -2.978207992E-04 -3.075548786E-01 +2.725481258E-01 +2.778117479E-01 -4.930158279E-02
5.90714285714E+09 -5.709999168E-03 -7.010690100E-03 -6.387840629E-02 +4.741366986E-01 +1.670540306E-01 -3.333549477E-01
5.91785714286E+09 -3.289514214E-03 +4.896664717E-03 +2.487594698E-01 +4.855342737E-01 -8.526907083E-02 -3.536205674E-01
5.92857142857E+09 +3.783302738E-03 +2.246866417E-03 +4.960975119E-01 +3.143878880E-01 -2.770573822E-01 -1.762271956E-01
5.93928571429E+09 +1.990294530E-03 -3.340535238E-03 +5.948531384E-01 +3.359925740E-02 -3.564845839E-01 +8.458399583E-03
5.95000000000E+09 -3.775510063E-03 -2.010454575E-03 +5.036311960E-01 -2.623158022E-01 -2.713393608E-01 +1.078416747E-01
5.96071428571E+09 -1.765966517E-03 +5.255381408E-03 +2.301600807E-01 -4.511035522E-01 -1.213493492E-01 +1.199931564E-01
5.97142857143E+09 +7.759029601E-03 +5.131317254E-04 -1.195181422E-01 -4.148395058E-01 -8.922656037E-02 +9.679809991E-02
5.98214285714E+09 -4.124299303E-03 -9.986484282E-03 -3.556858641E-01 -1.567186369E-01 -1.190229589E-01 +1.428871177E-01
5.99285714286E+09 -6.740954328E-03 +1.106976183E-02 -3.732911635E-01 +1.667257215E-01 -6.414310988E-02 +2.997695376E-01
6.00357142857E+09 +1.178112877E-02 -2.027840338E-03 -2.173475653E-01 +4.207543135E-01 +1.879983339E-01 +2.636390000E-01
6.01428571429E+09 -5.906947571E-03 -6.828655600E-03 +4.679522717E-02 +5.400903719E-01 +2.918728109E-01 -1.572059823E-02
6.02500000000E+09 -3.627844932E-03 +5.709680409E-03 +3.283587647E-01 +4.825171587E-01 +1.548973352E-01 -1.678094370E-01
6.03571428571E+09 +5.012076547E-03 +2.418816924E-03 +5.245966690E-01 +2.657707439E-01 -3.180464191E-02 -1.312865551E-01
6.04642857143E+09 +1.630748690E-03 -5.095593246E-03 +5.527927030E-01 -4.220440171E-02 -9.901523918E-02 -9.225607596E-02
6.05714285714E+09 -5.688104807E-03 -8.834255020E-04 +3.700871521E-01 -3.206639465E-01 -8.639112394E-02 -6.197094045E-02
6.06785714286E+09 +6.253617998E-04 +6.862522760E-03 +3.408446054E-02 -4.188833969E-01 -6.960911896E-02 -9.924788810E-02
6.07857142857E+09 +7.731264172E-03 -3.566788193E-03 -2.804488549E-01 -2.724677002E-01 -1.370746574E-01 -1.250782005E-01
6.08928571429E+09 -7.830920920E-03 -6.787574575E-03 -4.186827001E-01 +1.768631246E-02 -2.983972038E-01 -1.625726477E-02
6.10000000000E+09 -1.576373933E-03 +1.113994564E-02 -3.670298153E-01 +3.013577894E-01 -3.018226730E-01 +2.100738430E-01
6.11071428571E+09 +9.276897952E-03 -4.762308529E-03 -1.819928970E-01 +4.987808584E-01 -5.983217266E-02 +3.144607341E-01
6.12142857143E+09 -6.970512113E-03 -4.796578630E-03 +8.585671959E-02 +5.596876654E-01 +1.229029476E-01 +1.991092307E-01
6.13214285714E+09 -2.021355938E-03 +6.495258024E-03 +3.516199724E-01 +4.429353594E-01 +9.840850555E-02 +9.326600408E-02
6.14285714286E+09 +5.785214027E-03 +6.038229600E-04 +4.993317231E-01 +1.675200392E-01 +4.566256769E-02 +5.249884515E-02
6.15357142857E+09 -4.678869045E-04 -5.518696389E-03 +4.335190784E-01 -1.603828519E-01 +7.724291537E-02 +8.038488274E-02
6.16428571429E+09 -5.520712456E-03 +1.627974734E-03 +1.613037226E-01 -3.720469781E-01 +1.417469013E-01 +1.275603125E-02
6.17500000000E+09 +3.205942540E-03 +5.667240603E-03 -1.738417167E-01 -3.552751026E-01 +1.567801889E-01 -1.230065070E-01
6.18571428571E+09 +5.578914772E-03 -5.540454600E-03 -4.038799380E-01 -1.496301483E-01 +5.204703410E-02 -2.481560319E-01
6.19642857143E+09 -8.894272463E-03 -3.806142408E-03 -4.610334883E-01 +1.189482152E-01 -2.060819881E-01 -2.543161414E-01
6.20714285714E+09 +1.789573881E-03 +1.102579440E-02 -3.734097983E-01 +3.525775254E-01 -3.546936396E-01 -4.985738759E-02
6.21785714286E+09 +7.540849246E-03 -7.774928667E-03 -1.756047543E-01 +5.096305944E-01 -2.603359680E-01 +1.294837770E-01
6.22857142857E+09 -8.592727165E-03 -2.181114055E-03 +1.049729416E-01 +5.252578808E-01 -1.553402069E-01 +1.668843423E-01
6.23928571429E+09 +7.177988379E-04 +6.900775224E-03 +3.556988882E-01 +3.422665749E-01 -1.396092389E-01 +2.096452963E-01
6.25000000000E+09 +5.330305774E-03 -1.781902249E-03 +4.294150868E-01 +2.150788496E-02 -1.125669298E-01 +2.678683644E-01
6.26071428571E+09 -2.295243888E-03 -4.341481923E-03 +2.714819473E-01 -2.700230484E-01 +1.299622137E-02 +2.887693907E-01
6.27142857143E+09 -3.959175038E-03 +2.869332944E-03 -2.378196288E-02 -3.834728694E-01 +2.123518422E-01 +2.428813411E-01
6.28214285714E+09 +3.883149386E-03 +3.987009453E-03 -2.991510199E-01 -2.950578995E-01 +3.666392273E-01 +9.974293856E-02
6.29285714286E+09 +3.931686242E-03 -5.937485879E-03 -4.481586627E-01 -8.295827882E-02 +3.366110239E-01 -1.269627895E-01
6.30357142857E+09 -9.486455803E-03 -1.711942811E-03 -4.498837366E-01 +1.509179192E-01 +1.108870996E-01 -3.281281622E-01
6.31428571429E+09 +5.669662872E-03 +1.068106341E-02 -3.357234504E-01 +3.483593820E-01 -1.242020877E-01 -2.855582950E-01
6.32500000000E+09 +3.600679115E-03 -1.083384644E-02 -1.028264822E-01 +4.700352648E-01 -1.924439858E-01 -1.629683479E-01
6.33571428571E+09 -8.392167222E-03 +2.217859848E-03 +1.940478239E-01 +4.007156826E-01 -2.466954908E-01 -7.775190126E-02
6.34642857143E+09 +3.519411929E-03 +5.085697052E-03 +3.711929671E-01 +1.353932402E-01 -3.617612194E-01 +2.492244499E-02
6.35714285714E+09 +3.243013881E-03 -3.438575375E-03 +3.288842459E-01 -1.707807936E-01 -3.822053226E-01 +1.952114638E-01
6.36785714286E+09 -3.205103814E-03 -2.397722863E-03 +1.196910457E-01 -3.655335544E-01 -2.311211668E-01 +3.250768504E-01
6.37857142857E+09 -2.183164683E-03 +3.501267910E-03 -1.372342786E-01 -3.909735779E-01 -1.064279665E-02 +4.352299827E-01
6.38928571429E+09 +4.506732670E-03 +2.139466319E-03 -3.379334932E-01 -2.734181956E-01 +2.276071427E-01 +4.200650128E-01
6.40000000000E+09 +1.453459988E-03 -6.784381095E-03 -4.298044325E-01 -8.196925731E-02 +3.871593421E-01 +2.038360830E-01
6.41071428571E+09 -9.397256861E-03 +2.926454752E-03 -4.167159841E-01 +1.253968017E-01 +3.789486583E-01 -5.949630852E-02
6.42142857143E+09 +1.029254314E-02 +5.597769635E-03 -2.801873324E-01 +3.335055445E-01 +2.502823034E-01 -2.236967903E-01
6.43214285714E+09 -2.705522476E-03 -9.590317056E-03 +1.812872399E-02 +4.101017064E-01 +1.210067428E-01 -2.819602940E-01
6.44285714286E+09 -4.938011970E-03 +5.022339449E-03 +2.869643825E-01 +2.413965526E-01 -5.898289722E-02 -3.119707289E-01
6.45357142857E+09 +4.258300542E-03 +2.331416154E-03 +3.662535620E-01 -3.868593183E-02 -3.079383656E-01 -2.849870568E-01
6.46428571429E+09 +1.183474916E-03 -3.478827344E-03 +2.706167143E-01 -2.784836488E-01 -4.334785450E-01 -1.308238354E-01
6.47500000000E+09 -3.131117898E-03 -7.685362872E-04 +7.854103686E-02 -4.044043808E-01 -4.341873685E-01 +1.110237418E-01
6.48571428571E+09 -4.691887682E-04 +3.455349739E-03 -1.309164437E-01 -4.031753414E-01 -3.198442383E-01 +3.791788235E-01
6.49642857143E+09 +4.206544176E-03 +6.402762178E-05 -2.995606056E-01 -2.961587014E-01 -1.173082070E-01 +5.132844907E-01
6.50714285714E+09 -1.415011735E-03 -5.474413894E-03 -3.962410710E-01 -1.139191986E-01 +1.245592226E-01 +4.966337310E-01
6.51785714286E+09 -5.539613250E-03 +5.490963193E-03 -3.835084178E-01 +1.311237734E-01 +3.118715763E-01 +3.337038116E-01
6.52857142857E+09 +8.698689327E-03 +1.980443854E-04 -1.689184379E-01 +3.510345145E-01 +4.001932177E-01 +1.492303823E-01
6.53928571429E+09 -4.376445789E-03 -5.505941739E-03 +1.515327004E-01 +3.330447266E-01 +4.058361709E-01 -3.428537363E-02
6.55000000000E+09 -2.174103982E-03 +4.429749059E-03 +3.414164846E-01 +1.295775451E-01 +2.827787759E-01 -2.516880395E-01
6.56071428571E+09 +3.477007386E-03 +6.460208658E-04 +3.711148999E-01 -1.024609267E-01 +6.795878830E-02 -4.301844019E-01
6.57142857143E+09 -9.055544428E-05 -2.879794956E-03 +2.843889176E-01 -2.916189844E-01 -1.546653908E-01 -4.128574695E-01
6.58214285714E+09 -2.560956357E-03 +4.773939716E-04 +1.184940375E-01 -4.033591991E-01 -3.370806467E-01 -2.383974675E-01
6.59285714286E+09 +7.709016281E-04 +2.715839066E-03 -8.910745747E-02 -4.098074411E-01 -4.524234095E-01 +6.644683194E-02
6.60357142857E+09 +2.960334893E-03 -1.467297182E-03 -2.851547120E-01 -2.884189628E-01 -4.331805956E-01 +3.164819787E-01
6.61428571429E+09 -2.935309101E-03 -3.007266229E-03 -3.865972633E-01 -4.041735313E-02 -2.590791844E-01 +5.045069536E-01
6.62500000000E+09 -1.484559266E-03 +5.205622451E-03 -2.869948919E-01 +2.564383189E-01 +5.058335019E-02 +5.215061335E-01
6.63571428571E+09 +5.073949376E-03 -2.661548589E-03 +1.371943973E-02 +3.937435849E-01 +2.433197246E-01 +4.703654702E-01
6.64642857143E+09 -3.983584127E-03 -1.885425518E-03 +2.787255729E-01 +2.942034433E-01 +3.501875619E-01 +3.485171511E-01
6.65714285714E+09 -1.099434505E-04 +2.911068652E-03 +4.114942377E-01 +1.119166936E-01 +4.092388157E-01 +6.535405790E-02
6.66785714286E+09 +2.074122557E-03 -5.162510192E-04 +4.422623198E-01 -9.343103826E-02 +5.368564121E-01 -2.437747221E-01
6.67857142857E+09 -7.810098541E-04 -1.625076453E-03 +3.606731304E-01 -2.942220410E-01 +3.756500617E-01 -4.038619483E-01
6.68928571429E+09 -1.641150087E-03 +9.009215374E-04 +1.599066914E-01 -4.263792693E-01 +3.699662049E-02 -4.311328182E-01
6.70000000000E+09 +1.276011878E-03 +1.698584440E-03 -1.122294090E-01 -4.061548945E-01 -3.402547793E-01 -2.844478018E-01
6.71071428571E+09 +1.776067325E-03 -1.845934193E-03 -3.321866534E-01 -1.921243449E-01 -5.293754560E-01 -1.161607685E-01
6.72142857143E+09 -2.817485350E-03 -1.268748464E-03 -3.546692384E-01 +1.406131712E-01 -5.260962280E-01 +1.400448566E-01
6.73214285714E+09 +6.717093750E-04 +3.850686600E-03 -1.342252746E-01 +4.024817038E-01 -3.265087705E-01 +3.735164187E-01
6.74285714286E+09 +2.166394501E-03 -3.257790686E-03 +1.722812080E-01 +4.285768329E-01 -1.386534769E-01 +5.247617302E-01
6.75357142857E+09 -2.592873271E-03 +1.839148136E-04 +3.796341793E-01 +3.055859109E-01 +2.507606102E-02 +5.435836196E-01
6.76428571429E+09 +6.837916031E-04 +1.385060795E-03 +5.046577705E-01 +1.173852895E-01 +2.511770774E-01 +3.591741543E-01
6.77500000000E+09 +9.669224674E-04 -5.997509021E-04 +5.146251550E-01 -1.302690751E-01 +5.770955409E-01 +2.044182781E-01
6.78571428571E+09 -6.012801307E-04 -8.225232955E-04 +3.601335747E-01 -3.624773026E-01 +6.455267083E-01 +1.658304769E-02
6.79642857143E+09 -9.003016599E-04 +6.917029488E-04 +6.328287004E-02 -4.585336461E-01 +4.742183087E-01 -1.472780376E-01
6.80714285714E+09 +8.311466514E-04 +1.127465812E-03 -2.502159846E-01 -3.310943736E-01 -2.279318254E-02 -4.216376765E-01
6.81785714286E+09 +1.191210936E-03 -1.217215220E-03 -4.101943943E-01 -1.885388838E-02 -2.598533180E-01 -4.631393164E-01
6.82857142857E+09 -2.037326342E-03 -8.919099343E-04 -3.278599894E-01 +3.197834796E-01 -4.551452824E-01 -3.689958507E-01
6.83928571429E+09 +1.085214567E-03 +2.777586073E-03 -5.722461143E-02 +5.058004418E-01 -4.303903024E-01 -2.800023523E-03
6.85000000000E+09 +5.479688522E-04 -2.636359222E-03 +2.149915598E-01 +4.829346424E-01 -4.288350997E-01 +2.720808685E-01
6.86071428571E+09 -1.357155136E-03 +6.540639946E-04 +4.247201354E-01 +3.511488611E-01 -3.905025613E-01 +4.044600933E-01
6.87142857143E+09 +5.089154407E-04 +6.553840242E-04 +5.448551456E-01 +1.031369782E-01 -6.993342642E-03 +4.485735252E-01
6.88214285714E+09 +4.415569300E-04 -4.779079216E-04 +4.825925282E-01 -1.990864360E-01 +5.430464004E-01 +6.162358409E-01
6.89285714286E+09 -4.587040342E-04 -4.565084656E-04 +2.201985541E-01 -4.106567113E-01 +5.915975497E-01 +6.716866432E-01
6.90357142857E+09 -6.351341625E-04 +4.584989660E-04 -1.342077867E-01 -4.017117170E-01 +5.971227107E-01 +7.071972232E-01
6.91428571429E+09 +4.745354905E-04 +6.975940802E-04 -4.013250557E-01 -1.651787287E-01 +3.837563905E-01 +3.424808357E-02
6.92500000000E+09 +9.439923807E-04 -6.950989796E-04 -4.569091399E-01 +1.778757515E-01 +2.070933487E-01 -3.443793272E-01
6.93571428571E+09 -1.589198124E-03 -8.281043727E-04 -2.895651835E-01 +4.659914602E-01 +2.961257730E-02 -5.792737600E-01
6.94642857143E+09 +1.420079905E-03 +1.910226024E-03 -4.538166226E-03 +5.670019839E-01 -5.955718845E-02 -3.822038858E-01
6.95714285714E+09 -1.819077666E-04 -1.678950322E-03 +2.576138095E-01 +5.110715233E-01 -4.140802867E-01 -1.705437266E-01
6.96785714286E+09 -7.767934658E-04 +3.890658020E-04 +4.720048791E-01 +3.091466240E-01 -5.188243917E-01 +9.997194485E-02
6.97857142857E+09 +2.366909795E-04 +3.480999113E-04 +5.232082047E-01 -1.388401569E-02 -3.723488930E-01 +3.641527027E-01
6.98928571429E+09 +1.808848300E-04 -2.866032395E-04 +3.473479186E-01 -3.159840136E-01 +4.159700430E-01 +7.020260697E-01
7.00000000000E+09 -2.703207964E-04 -2.686774714E-04 +1.016207691E-02 -4.414252630E-01 +1.372681289E-01 +1.121696272E+00
7.01071428571E+09 -3.794399239E-04 +3.284622274E-04 -3.286184950E-01 -3.276919100E-01 +2.804714122E-01 +9.481226344E-01
7.02142857143E+09 +1.262148535E-04 +4.536470598E-04 -5.187702477E-01 -3.717461082E-02 -3.266452459E-02 +3.815696259E-01
7.03214285714E+09 +6.852371806E-04 -3.140882954E-04 -4.892649845E-01 +2.986848096E-01 +4.643726141E-01 -2.279738865E-02
7.04285714286E+09 -1.125908452E-03 -7.356156013E-04 -2.577076242E-01 +5.318666752E-01 +5.012934612E-01 -2.623144317E-01
7.05357142857E+09 +1.230416091E-03 +1.237661025E-03 +4.034183881E-02 +5.654372419E-01 +3.192576394E-01 -3.072205759E-01
7.06428571429E+09 -1.624649449E-04 -1.096871952E-03 +3.151634987E-01 +4.439533554E-01 -1.554656988E-01 -4.010684365E-01
7.07500000000E+09 -6.028056194E-04 +3.130486220E-04 +4.812979544E-01 +1.529759597E-01 -6.275220532E-01 -5.408342805E-01
7.08571428571E+09 +1.489326908E-04 +4.023346967E-04 +4.252694926E-01 -1.952636998E-01 -3.074242333E-01 -7.607360520E-01
7.09642857143E+09 +1.403129633E-04 -1.538356632E-04 +1.616805164E-01 -4.352635748E-01 +3.256585809E-01 +9.378632160E-02
7.10714285714E+09 -1.850241918E-04 -2.134753678E-04 -1.883722263E-01 -4.625164382E-01 -3.676504688E-02 +4.552887466E-01
7.11785714286E+09 -2.867225128E-04 +3.459624916E-04 -4.752514622E-01 -2.750528174E-01 +3.441296948E-01 +1.162567577E+00
7.12857142857E+09 +1.985319079E-04 +4.136170383E-04 -5.839792923E-01 +4.474732977E-02 +1.533882438E-01 +7.592749077E-01
7.13928571429E+09 +6.954284856E-04 -4.240114512E-04 -4.638418480E-01 +3.617062772E-01 +2.519007288E-01 +4.681954706E-01
7.15000000000E+09 -1.218508123E-03 -2.143173979E-04 -1.718791360E-01 +5.172241543E-01 +5.817036369E-01 +1.671320566E-01
7.16071428571E+09 +1.016242757E-03 +2.455541820E-04 +1.351410082E-01 +4.826208175E-01 +6.483699544E-01 +1.326631203E-01
7.17142857143E+09 -9.776836469E-05 -5.995216327E-04 +3.921472367E-01 +2.643303086E-01 +5.042139810E-01 -1.317708824E-01
7.18214285714E+09 -4.667264205E-04 -3.595790627E-06 +4.583427457E-01 -8.196829268E-02 +2.536355381E-01 -7.706206364E-01
7.19285714286E+09 -3.619367270E-05 +2.887659124E-04 +2.980647205E-01 -3.932345661E-01 -6.247105091E-02 -9.021559625E-01
7.20357142857E+09 +1.327943368E-04 +3.330018517E-05 -1.026142079E-02 -5.407853511E-01 +5.070052490E-01 -4.303984436E-01
7.21428571429E+09 -4.159661458E-05 -2.009883861E-04 -3.384883303E-01 -4.739167228E-01 -4.845936536E-01 +6.141323003E-02
7.22500000000E+09 -3.548459657E-04 +6.485775632E-06 -5.567399001E-01 -2.195451759E-01 -8.381779951E-01 +5.256821964E-01
7.23571428571E+09 -1.769843919E-05 +4.942956447E-04 -5.655963842E-01 +1.233996078E-01 -7.596144739E-01 +3.101971969E-01
7.24642857143E+09 +7.713245877E-04 -4.356322751E-04 -3.429812485E-01 +3.950410715E-01 -1.076249903E-01 +3.708256538E-01
7.25714285714E+09 -1.120783924E-03 +1.934521713E-04 -1.436177325E-02 +4.552561966E-01 +3.610478388E-01 +5.052217495E-01
7.26785714286E+09 +7.598881355E-04 +4.721393921E-05 +2.911290595E-01 +3.313378699E-01 +4.391414795E-01 +6.064740225E-01
7.27857142857E+09 -2.995873555E-05 -4.910426190E-04 +4.693330946E-01 +3.053079272E-02 +1.284232067E-01 +3.616450382E-02
7.28928571429E+09 -2.718677763E-04 +2.332758838E-05 +4.233987444E-01 -3.117433279E-01 +4.484248485E-01 -2.068108326E-01
7.30000000000E+09 -1.640758034E-04 +3.885471444E-04 +1.873415129E-01 -5.493859267E-01 +4.322942443E-01 -1.345565230E+00
7.31071428571E+09 +4.858435672E-05 +2.476155921E-04 -1.378023320E-01 -5.968251123E-01 +1.528896491E+00 -1.078600825E+00
7.32142857143E+09 -6.111836870E-05 -7.425176025E-05 -4.266277663E-01 -4.361534198E-01 +7.049173878E-01 +9.570075542E-01
7.33214285714E+09 -4.233074409E-04 -8.729082191E-05 -5.578434806E-01 -1.227503757E-01 -5.615307859E-01 +1.521494546E-01
7.34285714286E+09 -4.720344248E-05 +6.183477697E-04 -4.588092105E-01 +2.134001993E-01 -7.341035247E-01 -6.531584121E-03
7.35357142857E+09 +8.126070061E-04 -7.404383846E-04 -1.694539327E-01 +4.055394529E-01 -3.633973979E-01 +1.444920047E-01
7.36428571429E+09 -7.347522963E-04 +7.556487772E-04 +1.539091341E-01 +3.980904867E-01 -5.933402081E-02 +6.735092900E-01
7.37500000000E+09 +7.051652984E-04 +6.009865106E-05 +4.326749332E-01 +2.046412366E-01 -2.895398445E-01 +7.557299275E-01
7.38571428571E+09 +4.400343390E-05 -3.774224564E-04 +5.303523050E-01 -1.242782878E-01 -3.635066237E-02 +3.048994133E-01
7.39642857143E+09 -2.789274296E-04 -1.095311795E-04 +4.069065384E-01 -4.353337498E-01 +4.240741445E-01 -2.028446361E-01
7.40714285714E+09 -1.113463822E-04 +2.180622076E-04 +1.231303294E-01 -6.027199102E-01 +8.809127198E-01 -3.605929571E-01
7.41785714286E+09 +1.024534901E-04 +1.541080749E-05 -2.052387353E-01 -5.601658770E-01 +2.552009992E-01 +3.092471607E-01
7.42857142857E+09 +7.182255638E-05 -3.002330870E-05 -4.428863378E-01 -3.197885896E-01 +1.368611212E+00 -4.962899439E-01
7.43928571429E+09 -2.530596183E-04 -1.031076776E-04 -4.830663483E-01 +2.316937277E-02 +1.601987602E-01 +2.729740805E-02
7.45000000000E+09 -8.015150580E-05 +6.616946151E-04 -3.024084913E-01 +3.170812005E-01 -4.108220282E-01 -4.449512198E-01
7.46071428571E+09 +8.330288988E-04 -9.442581621E-04 -1.781492393E-03 +4.340907404E-01 -3.800682347E-01 -3.481062981E-01
7.47142857143E+09 -7.685853566E-04 +6.222825738E-04 +3.046131203E-01 +3.840737203E-01 -4.061957504E-01 +2.425894460E-01
7.48214285714E+09 +5.717397498E-04 +1.987443869E-04 +5.360791746E-01 +1.486936901E-01 -6.714423436E-01 +4.696871208E-01
7.49285714286E+09 +1.144335178E-04 -3.840148477E-04 +5.652448878E-01 -1.810348329E-01 -4.080962108E-01 +4.036286208E-01
7.50357142857E+09 -2.527215014E-04 -1.003791521E-04 +3.791658892E-01 -4.541517231E-01 -7.017462238E-02 +4.372199355E-01
7.51428571429E+09 -2.425143115E-04 +1.491584926E-04 +5.814332118E-02 -5.490054053E-01 +8.598230762E-01 +2.412496425E-01
7.52500000000E+09 -3.980050018E-05 +2.530340173E-04 -2.565253004E-01 -4.191868812E-01 +1.581650492E+00 +2.754239752E-01
7.53571428571E+09 +1.490576573E-04 -3.356601607E-06 -4.236201065E-01 -1.199885121E-01 +1.232507858E+00 +6.350101266E-01
7.54642857143E+09 -3.582085732E-04 -1.232183790E-04 -3.716140719E-01 +2.127282300E-01 +3.194768516E-01 -5.553115788E-02
7.55714285714E+09 +1.207205590E-04 +9.201286163E-04 -1.431226159E-01 +4.301318066E-01 +2.030297316E-01 -5.461849843E-01
7.56785714286E+09 +4.290178878E-04 -1.132152702E-03 +1.356971933E-01 +4.869814811E-01 +4.871092301E-02 -5.860023275E-01
7.57857142857E+09 -6.054937495E-04 +4.301618466E-04 +4.208543170E-01 +3.802064776E-01 -2.356293502E-01 -3.945694796E-01
7.58928571429E+09 +4.170426988E-04 +2.190776007E-04 +5.761132364E-01 +1.010444917E-01 -4.685384714E-01 -2.163391017E-01
7.60000000000E+09 +1.824279293E-04 -4.303036563E-04 +5.137924529E-01 -2.170344204E-01 -8.240307454E-01 +4.044429061E-01
7.61071428571E+09 -2.987019779E-04 -1.805858632E-04 +2.589319811E-01 -4.271494765E-01 -4.166029601E-01 +8.894135372E-02
7.62142857143E+09 -2.116425486E-04 +1.824059275E-04 -7.525560771E-02 -4.313245224E-01 +1.913060021E-01 +2.677237591E-01
7.63214285714E+09 +7.472368343E-05 +2.489623748E-04 -3.387736319E-01 -2.304851585E-01 +8.593764808E-01 +6.412098455E-01
7.64285714286E+09 +8.654889658E-05 -2.298220742E-04 -4.230792987E-01 +7.792951053E-02 +3.274845597E-01 +6.140588034E-01
7.65357142857E+09 -4.970598641E-04 -6.606116048E-05 -3.126953330E-01 +3.555864773E-01 +2.860102289E-01 +2.742947219E-01
7.66428571429E+09 +3.878207171E-04 +1.041382984E-03 -8.920548384E-02 +5.028813110E-01 +5.625425418E-01 -1.904293060E-01
7.67500000000E+09 +3.309430174E-04 -1.152977223E-03 +1.738636308E-01 +5.222778448E-01 +5.963138612E-01 -3.712292940E-01
7.68571428571E+09 -6.847598649E-04 +3.536751512E-04 +4.233822051E-01 +3.566864769E-01 +3.228821171E-01 -3.673833450E-01
7.69642857143E+09 +3.167617810E-04 +4.763442724E-04 +5.032285001E-01 +5.344105865E-02 -3.344183475E-01 -5.855727221E-01
7.70714285714E+09 +2.936060008E-04 -2.948946502E-04 +3.688784220E-01 -2.350100642E-01 -3.898624156E-01 -5.919050325E-01
7.71785714286E+09 -2.676644231E-04 -2.227279334E-04 +8.523552529E-02 -3.769791204E-01 -1.518960594E-01 -5.662326252E-01
7.72857142857E+09 -2.369021832E-04 +2.702683420E-04 -2.165662649E-01 -3.198200804E-01 -8.279097613E-03 +1.469898245E-01
7.73928571429E+09 +2.002107770E-04 +2.064844058E-04 -4.132733962E-01 -1.082029383E-01 +2.142161863E-01 +7.310987750E-01
7.75000000000E+09 +6.771466445E-05 -4.298956880E-04 -4.470410722E-01 +1.548512822E-01 +5.028758200E-02 +7.516070963E-01
7.76071428571E+09 -8.941962219E-04 +1.568034841E-04 -3.386737140E-01 +3.690139085E-01 +2.496826348E-01 +3.878938835E-01
7.77142857143E+09 +9.756241490E-04 +9.605282392E-04 -1.474334010E-01 +4.951089286E-01 +5.210006722E-01 +2.173420814E-01
7.78214285714E+09 -4.378192598E-05 -1.185419817E-03 +1.183484605E-01 +4.972803075E-01 +4.835076609E-01 +1.184960363E-01
7.79285714286E+09 -6.299029525E-04 +4.513939870E-04 +3.365284295E-01 +2.990953427E-01 +5.613026604E-01 -3.108986598E-01
7.80357142857E+09 +5.082783172E-04 +3.228330164E-04 +3.705875193E-01 +7.552833109E-03 +3.814818545E-01 -4.178822429E-01
7.81428571429E+09 +2.318679117E-04 -4.184242192E-04 +2.236954882E-01 -2.335554437E-01 +2.375616886E-01 -7.037389431E-01
7.82500000000E+09 -3.990519280E-04 -2.286015766E-04 -2.145485064E-02 -3.337532150E-01 +2.633252740E-02 -6.920408649E-01
7.83571428571E+09 -2.334424278E-04 +5.300930300E-04 -2.581790290E-01 -2.785369486E-01 -3.804763777E-01 -2.650206985E-01
7.84642857143E+09 +7.275517081E-04 +7.139945194E-05 -4.072913318E-01 -1.149655527E-01 -5.389333452E-01 +5.302767525E-02
7.85714285714E+09 -2.553005669E-04 -1.072918774E-03 -4.399752875E-01 +8.781329805E-02 -4.424947953E-01 +2.628577320E-01
7.86785714286E+09 -1.246415324E-03 +1.011612258E-03 -3.624740466E-01 +2.795707480E-01 -1.073752961E-01 +4.115607550E-01
7.87857142857E+09 +1.949953759E-03 +1.576684706E-04 -1.609344406E-01 +4.140185937E-01 +2.170337853E-01 +4.767136650E-01
7.88928571429E+09 -1.002579623E-03 -1.055940634E-03 +1.113412487E-01 +3.652261968E-01 +3.745892555E-01 +4.799326929E-01
7.90000000000E+09 -1.724677316E-04 +8.947591479E-04 +2.718860055E-01 +1.553449416E-01 +3.958741307E-01 +1.426520729E-01
7.91071428571E+09 +6.758440016E-04 -4.739142188E-05 +2.819027335E-01 -8.536563716E-02 +5.996665794E-01 -1.775160124E-01
7.92142857143E+09 -8.447575713E-05 -5.288460939E-04 +1.717310628E-01 -2.810130673E-01 +6.600431325E-01 -3.479617621E-01
7.93214285714E+09 -4.741948191E-04 +4.409179289E-05 -1.454154048E-02 -3.851042662E-01 +4.268488450E-01 -3.528181311E-01
7.94285714286E+09 +1.284272237E-04 +5.382000365E-04 -2.210181684E-01 -3.747742651E-01 -1.011554868E-01 -3.665099566E-01
7.95357142857E+09 +6.454369933E-04 -2.229313993E-04 -3.886249621E-01 -2.531155256E-01 -1.410418737E-01 -5.101392758E-01
7.96428571429E+09 -7.004944386E-04 -1.007630484E-03 -4.617685341E-01 -4.765985485E-02 -5.942654751E-01 -3.678030415E-01
7.97500000000E+09 -7.001381499E-04 +1.623363353E-03 -3.913585673E-01 +1.848301878E-01 -3.430654101E-01 -3.890353073E-02
7.98571428571E+09 +1.839095182E-03 -1.050548411E-03 -1.632828184E-01 +3.284996638E-01 -2.140232198E-01 +3.309179579E-01
7.99642857143E+09 -1.606006886E-03 -2.508763747E-05 +9.372233146E-02 +2.873330698E-01 -8.687241204E-02 +4.701103693E-01
8.00714285714E+09 +6.497574430E-04 +9.328941547E-04 +2.721343899E-01 +1.261636594E-01 +3.078382781E-01 +3.206380977E-01
8.01785714286E+09 +5.157667681E-04 -5.067957481E-04 +3.393922561E-01 -1.034737003E-01 +5.689093367E-01 +3.217553567E-01
8.02857142857E+09 -4.073358029E-04 -3.565844222E-04 +2.648551568E-01 -3.327569812E-01 +6.543025144E-01 +1.968783892E-01
8.03928571429E+09 -2.920277211E-04 +3.608289856E-04 +6.906152610E-02 -4.738135653E-01 +4.685443572E-01 -6.348597849E-04
8.05000000000E+09 +3.953737036E-04 +2.908403986E-04 -1.747034216E-01 -4.676545188E-01 +3.279137666E-01 -3.649062004E-01
8.06071428571E+09 +3.910633350E-04 -5.840337237E-04 -3.707812358E-01 -3.083910444E-01 +1.072425929E-01 -5.679796346E-01
8.07142857143E+09 -9.941691314E-04 -3.442648304E-04 -4.314999053E-01 -4.691870580E-02 +4.971554051E-02 -4.847278573E-01
8.08214285714E+09 +3.518771257E-04 +1.503786403E-03 -3.077464084E-01 +2.107062457E-01 -8.734942030E-02 -3.645497535E-01
8.09285714286E+09 +5.177767996E-04 -1.630982570E-03 -4.739177435E-02 +3.331903526E-01 -3.327458636E-01 -1.544875654E-01
8.10357142857E+09 -1.119171510E-03 +7.368586409E-04 +2.265476762E-01 +2.837246329E-01 -4.323006499E-01 +4.524649861E-03
8.11428571429E+09 +6.902614898E-04 +4.786472342E-04 +4.239007267E-01 +8.530426446E-02 -9.833220563E-02 +2.860549975E-01
8.12500000000E+09 +2.201981033E-04 -4.488837081E-04 +4.611500617E-01 -1.928309642E-01 +1.029783436E-01 +4.631664017E-01
8.13571428571E+09 -3.428075904E-04 -1.202049070E-04 +3.204400433E-01 -4.327556808E-01 +2.035484972E-02 +1.585422914E-01
8.14642857143E+09 +3.504438262E-05 +2.021829313E-04 +6.340920089E-02 -5.366806308E-01 +6.973577907E-01 +1.837580621E-01
8.15714285714E+09 +3.035050355E-04 +4.484326175E-05 -2.086080729E-01 -4.663572911E-01 +4.908611749E-01 -3.684778165E-01
8.16785714286E+09 -4.955329872E-05 -4.030327414E-04 -3.944292155E-01 -2.449048281E-01 +6.439302594E-01 -2.104849696E-01
8.17857142857E+09 -4.617456800E-04 +2.286405275E-04 -4.199545423E-01 +5.344034838E-02 +7.238660765E-01 -9.848145136E-02
8.18928571429E+09 +7.465429503E-04 +4.549850870E-04 -2.629594284E-01 +3.161074224E-01 +4.369395090E-02 -2.968697817E-01
8.20000000000E+09 -3.594427784E-04 -1.070356677E-03 +1.603800145E-02 +4.356870839E-01 -8.123061888E-03 -7.929097297E-01
8.21071428571E+09 -5.162248574E-04 +7.050739384E-04 +3.102879445E-01 +3.698844776E-01 -4.720200947E-02 -6.279631080E-01
8.22142857143E+09 +5.272248463E-04 +1.068262531E-04 +5.032608482E-01 +1.361200003E-01 +2.180324772E-02 -1.837812731E-01
8.23214285714E+09 -7.164442649E-05 -3.817934025E-04 +5.042754876E-01 -1.672166828E-01 -9.131663137E-02 +1.130334000E-01
8.24285714286E+09 -2.021157389E-04 +1.145239682E-04 +3.139408667E-01 -4.034078218E-01 -1.190056390E-01 +4.706718346E-01
8.25357142857E+09 +2.215722786E-04 +1.510375999E-04 +1.816642868E-02 -4.748243037E-01 -1.066403607E-01 +2.658551405E-02
8.26428571429E+09 +2.015710003E-04 -2.563220217E-04 -2.648464406E-01 -3.574519259E-01 -2.151864137E-01 +2.562113279E-01
8.27500000000E+09 -3.026631306E-04 -2.562136199E-04 -4.305014880E-01 -9.642746359E-02 +4.207978708E-01 +3.012263575E-01
8.28571428571E+09 -1.991775389E-04 +3.641741515E-04 -4.154858964E-01 +2.146754936E-01 +5.809320592E-01 +4.389661474E-03
8.29642857143E+09 +5.145529858E-04 -8.730070493E-05 -2.197542295E-01 +4.574924117E-01 +4.482926847E-01 -2.168615836E-01
8.30714285714E+09 -4.233598196E-04 -3.638426815E-04 +8.091461542E-02 +5.326156645E-01 +5.408334963E-01 -4.939533820E-01
8.31785714286E+09 -5.799679445E-05 +3.577625570E-04 +3.663209266E-01 +4.072762063E-01 +2.942075483E-01 -1.429206644E-01
8.32857142857E+09 +2.682604716E-04 -1.172895632E-05 +5.133336874E-01 +1.270964159E-01 -8.674608698E-02 -1.236171848E-01
8.33928571429E+09 +2.986901249E-05 -1.362718694E-04 +4.554523910E-01 -1.863507253E-01 -5.081288680E-01 +2.832986672E-01
8.35000000000E+09 +2.592828378E-04 -7.042434833E-05 +2.235112467E-01 -4.028827577E-01 -3.286696525E+00 -6.941101535E-01
8.36071428571E+09 +2.688422820E-04 +2.057340989E-04 -8.692509363E-02 -4.475910421E-01 +7.800302035E-01 -1.188107299E+00
8.37142857143E+09 +9.534325456E-05 -1.349758135E-04 -3.661422043E-01 -3.131204987E-01 +6.858539416E-01 +1.709161487E-01
8.38214285714E+09 -2.105691169E-04 -1.360719305E-04 -5.206174961E-01 -4.658963888E-02 +4.904595862E-01 +5.828951771E-01
8.39285714286E+09 -1.264255913E-04 +2.106359680E-04 -4.906510113E-01 +2.615501262E-01 -1.038688548E-01 +4.356023633E-01
8.40357142857E+09 +1.955006238E-04 -1.581395098E-04 -2.760147511E-01 +4.897453775E-01 +6.837087342E-01 -4.885531050E-02
8.41428571429E+09 -2.531595296E-04 +6.465894333E-05 +3.958919570E-02 +5.353212152E-01 +8.357357986E-01 +2.171611066E-01
8.42500000000E+09 +8.174850753E-05 -8.236102491E-05 +3.231817627E-01 +3.673712050E-01 +1.225782746E+00 +8.997289055E-01
8.43571428571E+09 -1.507268733E-05 -5.562764254E-05 +4.411645825E-01 +5.341693107E-02 +1.345925397E+00 +1.024391752E+00
8.44642857143E+09 -6.139744962E-06 -1.155720537E-04 +3.466619951E-01 -2.634969469E-01 +1.820829895E+00 +2.593191547E+00
8.45714285714E+09 +5.374043071E-04 +9.305795515E-04 +9.565777537E-02 -4.610088321E-01 +3.933480263E+00 -7.959143399E+00
8.46785714286E+09 +1.327221213E-04 +8.847851873E-05 -2.106683236E-01 -4.840907703E-01 +1.110954993E+00 -5.489849337E-01
8.47857142857E+09 +6.705529273E-05 -1.007729027E-04 -4.714111401E-01 -3.361079485E-01 +3.406527890E-01 +3.411809115E-01
8.48928571429E+09 -2.028889750E-05 -1.248147949E-04 -5.997159842E-01 -6.473104331E-02 -9.007059969E-01 +3.270067560E-01
8.50000000000E+09 -6.628748952E-05 +1.282280538E-04 -5.370112759E-01 +2.377659302E-01 +7.444273041E-01 -3.984375730E-01

[Channel0\Trace0\Marker0]
Enabled=1
Position=0.266666666666667

[Channel0\Trace1]
ReferencePosition[0]=1

[Channel0\Trace1\Marker0]
Enabled=1
Position=0.266666666666667

[Channel0\Trace2]
SPort=0
FormatType=2

[Channel0\Trace2\Marker0]
Enabled=1
Position=0.266666666666667

[Channel0\Trace3]
SPort=0
FormatType=2

[Channel0\Trace3\Marker0]
Enabled=1
Position=0.266666666666667

