[NWA State]
TriggerSource=3

[Channel0]
Points=701
FrequencyStart=1000000000
FixedPower[0]=5
FixedPower[1]=5
IFBW=1000
CorrectionEnabled=1
TraceCount=4

[Channel0\Correction\11]
Calyyyymmdd=2024/04/01
Calhhmmss=17:45:29
VNATemperature=37.7 °C
Type=3
KitLabel=ACM2509.2
KitDescription=AutoCal Module 20 kHz-9 GHz (CMT), SN: 19039185, Char: Factory, 28.8°C, ThermoComp: ON
CalIFBW=1 kHz
CalPower=5 dBm
CalPorts[0]=0
CalPorts[1]=0

[Channel0\Correction\11\Data]
1.00000000000E+09 +6.019389312E-02 -1.664690973E-01 -1.933054241E-01 -7.730114852E-03 -1.641427656E-01 +2.277904500E-01
1.01071428571E+09 -1.647465927E-01 -1.927686860E-02 -1.267462801E-01 +7.431991341E-02 +5.305123372E-02 +2.774010677E-01
1.02142857143E+09 +1.158327479E-02 +1.560618839E-01 -6.680935983E-02 +1.129428405E-01 +2.100785120E-01 +1.525840272E-01
1.03214285714E+09 +1.476949463E-01 -3.721043610E-02 +6.809265100E-03 +1.502270807E-01 +2.092308765E-01 -1.697788765E-02
1.04285714286E+09 -6.204310946E-02 -1.405093939E-01 +1.262917493E-01 +1.441779837E-01 +1.011630643E-01 -9.654823551E-02
1.05357142857E+09 -1.303147642E-01 +9.025668136E-02 +2.339791387E-01 +3.531422943E-02 +1.156728028E-02 -4.369179831E-02
1.06428571429E+09 +1.226800172E-01 +1.120840897E-01 +2.274777916E-01 -1.375128911E-01 +5.448598971E-02 +4.837331408E-02
1.07500000000E+09 +8.074872464E-02 -1.515890593E-01 +9.277353668E-02 -2.497644381E-01 +1.879091890E-01 +1.665586750E-02
1.08571428571E+09 -1.678081847E-01 -3.724454287E-02 -6.707407305E-02 -2.306481592E-01 +2.205028615E-01 -1.655653274E-01
1.09642857143E+09 +7.495465834E-03 +1.680066191E-01 -1.562618346E-01 -1.277206984E-01 +5.537607345E-02 -3.131587204E-01
1.10714285714E+09 +1.543662236E-01 -4.595839671E-02 -1.674174474E-01 -1.768584384E-02 -1.704823195E-01 -2.603868564E-01
1.11785714286E+09 -7.570998740E-02 -1.337601994E-01 -1.347328857E-01 +7.052734659E-02 -2.559887193E-01 -5.720171233E-02
1.12857142857E+09 -1.114765116E-01 +9.666027333E-02 -7.156549117E-02 +1.416307985E-01 -1.568830688E-01 +1.109360675E-01
1.13928571429E+09 +1.119455480E-01 +8.956650250E-02 +3.369475979E-02 +1.834126778E-01 +3.410235809E-03 +1.143011681E-01
1.15000000000E+09 +6.864590324E-02 -1.260671325E-01 +1.685122787E-01 +1.503627281E-01 +5.552922558E-02 -7.647910937E-03
1.16071428571E+09 -1.409290159E-01 -4.559793834E-02 +2.605524621E-01 +1.644634020E-02 -4.585440865E-02 -8.321721660E-02
1.17142857143E+09 -1.393692579E-02 +1.544631253E-01 +2.265055000E-01 -1.569363230E-01 -1.684519047E-01 +1.284602874E-02
1.18214285714E+09 +1.592982712E-01 -2.710486896E-02 +7.797720957E-02 -2.485934733E-01 -1.210546503E-01 +2.088633130E-01
1.19285714286E+09 -7.000578710E-02 -1.460356012E-01 -7.121564508E-02 -2.123806324E-01 +1.085957894E-01 +2.762165657E-01
1.20357142857E+09 -1.175264138E-01 +1.031396536E-01 -1.476661584E-01 -1.159753883E-01 +2.984372322E-01 +1.071447060E-01
1.21428571429E+09 +1.215411556E-01 +8.451847085E-02 -1.695626287E-01 -1.508169749E-02 +2.666343745E-01 -1.377254621E-01
1.22500000000E+09 +5.358142433E-02 -1.291658832E-01 -1.499930194E-01 +9.064644993E-02 +6.940774146E-02 -2.313724517E-01
1.23571428571E+09 -1.318356964E-01 -2.667377365E-02 -6.815606026E-02 +1.859789668E-01 -7.801761896E-02 -1.235914605E-01
1.24642857143E+09 -2.316350016E-03 +1.317671281E-01 +7.329842932E-02 +2.188541310E-01 -4.225788804E-02 +2.271642910E-02
1.25714285714E+09 +1.294443855E-01 -2.182167811E-02 +2.188833078E-01 +1.462940825E-01 +1.020040024E-01 +2.556595767E-02
1.26785714286E+09 -4.655248832E-02 -1.253165972E-01 +2.843996974E-01 -1.795437970E-02 +1.610860942E-01 -1.331573319E-01
1.27857142857E+09 -1.171997158E-01 +7.318375315E-02 +2.154023039E-01 -1.897271081E-01 +2.346338179E-02 -2.878562345E-01
1.28928571429E+09 +1.028881040E-01 +1.017812967E-01 +4.741269232E-02 -2.620244579E-01 -2.181928405E-01 -2.498432396E-01
1.30000000000E+09 +7.385395010E-02 -1.310714113E-01 -1.070310124E-01 -2.026902377E-01 -3.313076568E-01 +1.455060383E-03
1.31071428571E+09 -1.462116110E-01 -3.265899682E-02 -1.736994366E-01 -8.667172971E-02 -1.725659567E-01 +2.279729963E-01
1.32142857143E+09 +8.904190241E-03 +1.417396851E-01 -1.819261020E-01 +2.037706969E-02 +7.256637749E-02 +1.938883870E-01
1.33214285714E+09 +1.252283453E-01 -3.886001175E-02 -1.533334159E-01 +1.321685179E-01 +1.292245475E-01 +3.984682237E-03
1.34285714286E+09 -5.816949400E-02 -1.074088315E-01 -4.858679337E-02 +2.349705403E-01 -1.626300595E-03 -8.739134410E-02
1.35357142857E+09 -9.260252956E-02 +7.234527135E-02 +1.280255707E-01 +2.474574873E-01 -1.228085742E-01 +1.042931294E-02
1.36428571429E+09 +8.547144208E-02 +7.898884742E-02 +2.794230066E-01 +1.208301988E-01 -7.408782770E-02 +1.833002630E-01
1.37500000000E+09 +6.482324070E-02 -1.000012245E-01 +2.982002044E-01 -8.458677380E-02 +1.365677561E-01 +2.404660353E-01
1.38571428571E+09 -1.163802333E-01 -4.681518403E-02 +1.681219280E-01 -2.425029560E-01 +3.368651462E-01 +7.242627485E-02
1.39642857143E+09 -1.982093305E-02 +1.321891995E-01 -2.301867750E-02 -2.643297648E-01 +3.085119125E-01 -2.176923678E-01
1.40714285714E+09 +1.396117473E-01 -1.897896530E-02 -1.592034653E-01 -1.670427781E-01 +4.460731010E-02 -3.453028233E-01
1.41785714286E+09 -6.150968291E-02 -1.268110939E-01 -2.032775426E-01 -4.203923249E-02 -1.690740567E-01 -1.880511039E-01
1.42857142857E+09 -9.549011453E-02 +9.061312586E-02 -2.018445970E-01 +7.149240075E-02 -1.136967657E-01 +1.013162345E-02
1.43928571429E+09 +9.997107154E-02 +6.242971674E-02 -1.512786742E-01 +1.994553179E-01 +4.870760579E-02 +1.815496830E-03
1.45000000000E+09 +3.802179864E-02 -9.781773919E-02 -2.673754914E-04 +2.954722282E-01 +7.362776999E-02 -1.536239982E-01
1.46071428571E+09 -9.451915274E-02 -2.325568520E-02 +2.077758574E-01 +2.554300493E-01 -8.129706762E-02 -2.548779254E-01
1.47142857143E+09 -1.390015723E-02 +9.539836407E-02 +3.355420942E-01 +6.346197460E-02 -2.912454939E-01 -1.712487129E-01
1.48214285714E+09 +1.032408981E-01 +3.340401165E-03 +2.847570514E-01 -1.674949222E-01 -3.709752105E-01 +8.576909572E-02
1.49285714286E+09 -1.766129529E-02 -1.168351647E-01 +8.885273146E-02 -2.851110419E-01 -1.971692852E-01 +3.322418598E-01
1.50357142857E+09 -1.224821602E-01 +5.780631176E-02 -1.022171747E-01 -2.313251626E-01 +1.203002680E-01 +3.230107887E-01
1.51428571429E+09 +1.044232973E-01 +9.773540677E-02 -1.820039960E-01 -1.123224472E-01 +2.429163364E-01 +6.532369571E-02
1.52500000000E+09 +4.936173806E-02 -1.255301717E-01 -2.150637397E-01 -1.479061487E-02 +8.587720857E-02 -8.475385582E-02
1.53571428571E+09 -1.166513845E-01 -7.649508036E-03 -2.275671725E-01 +1.200052818E-01 -3.987338682E-02 +1.128654123E-02
1.54642857143E+09 +1.521992580E-02 +9.824651885E-02 -1.289274775E-01 +2.775038643E-01 +4.429048867E-02 +1.435325978E-01
1.55714285714E+09 +8.305951275E-02 -2.444519564E-02 +8.522999733E-02 +3.292468063E-01 +2.352257576E-01 +1.118549230E-01
1.56785714286E+09 -2.848501034E-02 -7.547212890E-02 +2.887998689E-01 +2.039180944E-01 +3.378685372E-01 -1.000199485E-01
1.57857142857E+09 -7.603049138E-02 +3.375732192E-02 +3.458159184E-01 -3.808743956E-02 +2.323967014E-01 -3.451572970E-01
1.58928571429E+09 +4.674651529E-02 +8.257195841E-02 +2.102117406E-01 -2.485275333E-01 -4.846261996E-02 -4.410007239E-01
1.60000000000E+09 +8.607147388E-02 -7.643931590E-02 -2.182502527E-02 -2.837104390E-01 -3.123339222E-01 -2.805754333E-01
1.61071428571E+09 -1.203812277E-01 -6.293257213E-02 -1.576599966E-01 -1.635044140E-01 -3.182719743E-01 +6.000694795E-03
1.62142857143E+09 -3.476085210E-03 +1.388610847E-01 -1.832423851E-01 -7.607230954E-02 -1.097482248E-01 +9.737587379E-02
1.63214285714E+09 +1.108816527E-01 -4.557215193E-02 -2.467621827E-01 +7.138968209E-03 -4.417806554E-02 -3.918282725E-02
1.64285714286E+09 -5.795862246E-02 -7.519576640E-02 -2.432112715E-01 +1.943807801E-01 -1.860508784E-01 -8.624161757E-02
1.65357142857E+09 -5.493676088E-02 +5.455303651E-02 -6.398798142E-02 +3.438315359E-01 -3.042364858E-01 +6.722466122E-02
1.66428571429E+09 +5.090534677E-02 +4.785696112E-02 +1.859881883E-01 +3.095222027E-01 -2.392295759E-01 +2.929711089E-01
1.67500000000E+09 +4.810875718E-02 -5.270750636E-02 +3.391520053E-01 +9.913541582E-02 +6.688529622E-04 +4.200504209E-01
1.68571428571E+09 -6.404376176E-02 -5.079099008E-02 +2.912146978E-01 -1.571095683E-01 +2.842443516E-01 +3.322831756E-01
1.69642857143E+09 -4.745635173E-02 +8.914411891E-02 +7.973223614E-02 -2.806358115E-01 +4.209672033E-01 +5.779175633E-02
1.70714285714E+09 +1.228493447E-01 +2.008734477E-02 -1.010445494E-01 -2.094037511E-01 +2.862556149E-01 -2.104222418E-01
1.71785714286E+09 -4.102438144E-02 -1.307781709E-01 -1.408774169E-01 -1.206602348E-01 +4.588212490E-02 -2.164506695E-01
1.72857142857E+09 -8.752538434E-02 +8.813160682E-02 -2.091313547E-01 -8.972644275E-02 +3.063798555E-02 -6.365197781E-02
1.73928571429E+09 +8.765728171E-02 +3.965754142E-02 -2.947486670E-01 +6.371430511E-02 +1.595637843E-01 -1.038687207E-01
1.75000000000E+09 +1.866366901E-02 -7.147326699E-02 -2.035793183E-01 +2.777327562E-01 +1.322359889E-01 -2.923542841E-01
1.76071428571E+09 -6.056477846E-02 -1.363493739E-02 +4.058863432E-02 +3.545218107E-01 -7.529095385E-02 -3.999999313E-01
1.77142857143E+09 -1.379682310E-02 +5.803849537E-02 +2.718849748E-01 +2.222860685E-01 -3.268033704E-01 -3.265118819E-01
1.78214285714E+09 +6.373493750E-02 +1.443182026E-02 +3.306634172E-01 -3.996697497E-02 -4.755905057E-01 -9.572577475E-02
1.79285714286E+09 +1.000446814E-02 -7.888697635E-02 +1.750411749E-01 -2.422025254E-01 -4.323929401E-01 +1.918628995E-01
1.80357142857E+09 -1.018915464E-01 +1.141076194E-02 -3.397446406E-02 -2.350373800E-01 -2.011993607E-01 +3.694668920E-01
1.81428571429E+09 +6.568533806E-02 +1.090409030E-01 -8.694633712E-02 -1.386665466E-01 +4.410795930E-02 +2.883869430E-01
1.82500000000E+09 +5.783348588E-02 -1.127848587E-01 -1.208077797E-01 -1.628048346E-01 +3.022145768E-02 +1.227174475E-01
1.83571428571E+09 -9.907125706E-02 -2.901537556E-03 -2.806735279E-01 -9.068697285E-02 -4.349632895E-02 +1.990470112E-01
1.84642857143E+09 +1.360744080E-02 +7.205634502E-02 -3.032233733E-01 +1.482487823E-01 +9.263323644E-02 +3.137007467E-01
1.85714285714E+09 +5.791299473E-02 -1.503920464E-02 -1.108800060E-01 +3.238884799E-01 +3.169416913E-01 +2.559447517E-01
1.86785714286E+09 -1.446010737E-02 -5.382237429E-02 +1.534188428E-01 +2.920309290E-01 +4.501394663E-01 +3.955756767E-02
1.87857142857E+09 -5.589764387E-02 +1.597291789E-02 +3.001054998E-01 +7.434178612E-02 +4.144026558E-01 -2.327394131E-01
1.88928571429E+09 +2.243983956E-02 +6.263309138E-02 +2.290872938E-01 -1.576932468E-01 +2.154393771E-01 -4.336024196E-01
1.90000000000E+09 +7.272235908E-02 -4.043379874E-02 +4.181413667E-02 -2.199566378E-01 -6.747761900E-02 -4.570612992E-01
1.91071428571E+09 -8.056779295E-02 -7.208416367E-02 -3.776678445E-02 -1.384809555E-01 -2.597549508E-01 -2.691204305E-01
1.92142857143E+09 -2.259997981E-02 +1.199073747E-01 -1.737755408E-02 -1.689409611E-01 -2.044981851E-01 -9.918844629E-02
1.93214285714E+09 +9.553154756E-02 -3.450917558E-02 -1.848926188E-01 -2.182645913E-01 -1.725039033E-01 -1.533388974E-01
1.94285714286E+09 -4.435310001E-02 -5.882912516E-02 -3.368026392E-01 -1.784698945E-02 -3.217728446E-01 -1.419226949E-01
1.95357142857E+09 -4.195043633E-02 +3.889366445E-02 -2.416321124E-01 +2.358823817E-01 -4.269325720E-01 +4.467862942E-02
1.96428571429E+09 +3.484311799E-02 +3.620355830E-02 +1.554685687E-02 +3.163469678E-01 -3.789762537E-01 +2.836610460E-01
1.97500000000E+09 +3.535233658E-02 -3.447260584E-02 +2.280133276E-01 +1.755201237E-01 -1.896162844E-01 +4.606169676E-01
1.98571428571E+09 -3.881597854E-02 -3.775548081E-02 +2.457483731E-01 -4.745656423E-02 +7.692398348E-02 +5.008361553E-01
1.99642857143E+09 -4.175699653E-02 +5.124777119E-02 +1.116889576E-01 -1.565632448E-01 +3.208271661E-01 +3.646187662E-01
2.00714285714E+09 +7.905313766E-02 +3.751167879E-02 +2.663765458E-02 -1.068889453E-01 +4.126330344E-01 +1.090761837E-01
2.01785714286E+09 -2.945200039E-03 -1.090126578E-01 +8.771083269E-02 -1.204554976E-01 +3.052522571E-01 -6.150908485E-02
2.02857142857E+09 -8.555565482E-02 +5.819670459E-02 -1.044134230E-02 -2.790775765E-01 +2.516615330E-01 -5.678168665E-02
2.03928571429E+09 +6.711113153E-02 +4.325343596E-02 -2.658911964E-01 -2.002103452E-01 +3.088124575E-01 -1.441506530E-01
2.05000000000E+09 +2.217049005E-02 -5.692187437E-02 -3.140968123E-01 +7.839642205E-02 +2.587178563E-01 -3.309542481E-01
2.06071428571E+09 -4.861598012E-02 -1.400698462E-02 -1.206480437E-01 +2.637891060E-01 +7.214771772E-02 -4.695408436E-01
2.07142857143E+09 -1.108341025E-02 +4.459700588E-02 +1.124485397E-01 +2.240717553E-01 -1.744157533E-01 -4.717976308E-01
2.08214285714E+09 +4.501904630E-02 +1.052924666E-02 +1.992408752E-01 +5.419581299E-02 -3.983189003E-01 -3.259626447E-01
2.09285714286E+09 +1.002938490E-02 -5.147320719E-02 +1.322781224E-01 -6.150787831E-02 -5.069234857E-01 -8.081811005E-02
2.10357142857E+09 -6.638248401E-02 -3.156775745E-03 +6.770299309E-02 -3.831460806E-02 -4.469961719E-01 +1.708072771E-01
2.11428571429E+09 +2.435934264E-02 +8.202128008E-02 +1.503927964E-01 -2.591850476E-02 -2.692060533E-01 +3.001200302E-01
2.12500000000E+09 +6.633850866E-02 -6.653635761E-02 +1.714065895E-01 -2.269356016E-01 -1.462849768E-01 +3.001601495E-01
2.13571428571E+09 -7.839118025E-02 -2.533543606E-02 -1.023582843E-01 -3.252326625E-01 -8.994707554E-02 +3.415038392E-01
2.14642857143E+09 +5.597432792E-04 +6.560708805E-02 -3.071579767E-01 -9.648890383E-02 +4.012391072E-02 +4.148282543E-01
2.15714285714E+09 +5.176074479E-02 -9.968494639E-03 -2.183472221E-01 +1.621634814E-01 +2.426470719E-01 +3.955514885E-01
2.16785714286E+09 -1.207556788E-02 -4.326661041E-02 -9.017783032E-03 +2.181898525E-01 +4.330648748E-01 +2.454450525E-01
2.17857142857E+09 -4.034665455E-02 +1.256046782E-02 +1.078354414E-01 +1.230218273E-01 +5.187189175E-01 +5.063199404E-03
2.18928571429E+09 +1.467862235E-02 +4.231144762E-02 +9.614140368E-02 +4.244769774E-02 +4.567969947E-01 -2.490238580E-01
2.20000000000E+09 +4.766532533E-02 -2.207148336E-02 +7.718252704E-02 +6.416501667E-02 +2.673585511E-01 -4.239484412E-01
2.21071428571E+09 -3.941713951E-02 -5.128593435E-02 +1.823002986E-01 +8.402783544E-02 +3.360715484E-02 -4.587385410E-01
2.22142857143E+09 -4.040459809E-02 +6.479840394E-02 +2.953070449E-01 -9.981048760E-02 -1.383576945E-01 -3.861027001E-01
2.23214285714E+09 +7.936596683E-02 +8.792708266E-03 +1.119138417E-01 -3.480880380E-01 -2.259830855E-01 -3.028539276E-01
2.24285714286E+09 -2.260726505E-02 -6.747788514E-02 -2.170274895E-01 -2.651625339E-01 -3.200546562E-01 -2.364505092E-01
2.25357142857E+09 -4.565219489E-02 +3.409166483E-02 -2.761770915E-01 +2.280792345E-02 -4.359507267E-01 -1.059423708E-01
2.26428571429E+09 +3.330007912E-02 +3.133621770E-02 -1.260078771E-01 +1.656573701E-01 -4.788232892E-01 +1.088675806E-01
2.27500000000E+09 +2.505005399E-02 -3.083173494E-02 -1.199099026E-02 +1.487961397E-01 -3.899684369E-01 +3.332291638E-01
2.28571428571E+09 -3.073851783E-02 -2.288226362E-02 +5.824710149E-03 +1.264095177E-01 -1.891262638E-01 +4.844121097E-01
2.29642857143E+09 -2.212052545E-02 +3.392307380E-02 +3.208829656E-02 +1.777836490E-01 +5.991318487E-02 +5.113496627E-01
2.30714285714E+09 +4.098808143E-02 +2.045478497E-02 +1.737638012E-01 +2.121088958E-01 +2.843210586E-01 +4.159699213E-01
2.31785714286E+09 +1.405657408E-02 -5.309970878E-02 +3.554098984E-01 +5.826452197E-02 +4.123804848E-01 +2.342702911E-01
2.32857142857E+09 -6.581411220E-02 +4.830402947E-03 +3.076555643E-01 -2.668167964E-01 +4.289865660E-01 +4.307422224E-02
2.33928571429E+09 +3.580032429E-02 +5.989586279E-02 -5.362447372E-02 -3.849668264E-01 +3.984820270E-01 -9.099055297E-02
2.35000000000E+09 +3.308473806E-02 -5.027129058E-02 -2.822365582E-01 -1.373437817E-01 +3.787439816E-01 -2.256109353E-01
2.36071428571E+09 -4.516920837E-02 -1.350658286E-02 -2.210018201E-01 +7.348422053E-02 +2.818079278E-01 -3.925225936E-01
2.37142857143E+09 -5.261188964E-03 +3.782364952E-02 -1.361283365E-01 +1.249906112E-01 +8.506288835E-02 -5.058030519E-01
2.38214285714E+09 +3.335176400E-02 +2.113546404E-03 -1.169264988E-01 +1.658062263E-01 -1.590033905E-01 -5.029194704E-01
2.39285714286E+09 +8.423560552E-04 -3.163071158E-02 -6.270605395E-02 +2.649706655E-01 -3.768901272E-01 -3.854150812E-01
2.40357142857E+09 -3.299484010E-02 +3.808931656E-05 +1.109912147E-01 +3.312371866E-01 -5.046040084E-01 -1.723013579E-01
2.41428571429E+09 +2.656307446E-03 +3.844368902E-02 +3.474917449E-01 +2.214951043E-01 -5.071873399E-01 +8.029324870E-02
2.42500000000E+09 +4.745585636E-02 -1.327668247E-02 +4.376203986E-01 -1.076793363E-01 -3.861866984E-01 +2.823670741E-01
2.43571428571E+09 -3.865938277E-02 -4.769403831E-02 +1.671030288E-01 -4.127277845E-01 -2.234245588E-01 +3.679352608E-01
2.44642857143E+09 -2.190261908E-02 +5.798032840E-02 -2.081535229E-01 -3.151768348E-01 -9.757501826E-02 +3.975982893E-01
2.45714285714E+09 +5.023919048E-02 -4.266032345E-03 -2.798124447E-01 -6.863591741E-02 +5.087933782E-02 +4.401532203E-01
2.46785714286E+09 -1.353051353E-02 -3.600922528E-02 -2.458828871E-01 +3.890277663E-02 +2.523403026E-01 +4.116312179E-01
2.47857142857E+09 -2.638629372E-02 +1.422249998E-02 -2.541481063E-01 +1.337432014E-01 +4.363962915E-01 +2.751465488E-01
2.48928571429E+09 +1.277906581E-02 +2.193853783E-02 -2.045766236E-01 +2.905047121E-01 +5.326138990E-01 +4.808734393E-02
2.50000000000E+09 +2.149029265E-02 -1.150374453E-02 -1.514127721E-02 +4.154070828E-01 +4.981644464E-01 -2.107142453E-01
2.51071428571E+09 -1.215910261E-02 -2.425177286E-02 +2.699651191E-01 +3.722829093E-01 +3.446145388E-01 -4.257618601E-01
2.52142857143E+09 -2.938899241E-02 +1.788211145E-02 +4.812052749E-01 +8.227415309E-02 +1.119182051E-01 -5.182934198E-01
2.53214285714E+09 +3.388069104E-02 +3.110413043E-02 +3.678376960E-01 -3.285226614E-01 -1.123126638E-01 -4.664956334E-01
2.54285714286E+09 +1.380885761E-02 -5.329254811E-02 -4.691189723E-02 -4.482273819E-01 -2.428928463E-01 -3.532291269E-01
2.55357142857E+09 -4.949653983E-02 +1.552570461E-02 -2.785089636E-01 -2.318572055E-01 -3.281530809E-01 -2.688281882E-01
2.56428571429E+09 +2.645850025E-02 +2.942264265E-02 -3.041394871E-01 -8.294015472E-02 -4.371220370E-01 -1.576540799E-01
2.57500000000E+09 +1.636756120E-02 -2.315527306E-02 -3.538212213E-01 +3.607686822E-02 -5.058267728E-01 +4.432294793E-02
2.58571428571E+09 -1.826648048E-02 -1.186288987E-02 -3.454754075E-01 +2.362281080E-01 -4.450306035E-01 +2.887747370E-01
2.59642857143E+09 -1.147607790E-02 +1.569031196E-02 -1.766191550E-01 +4.325710584E-01 -2.674899554E-01 +4.850500719E-01
2.60714285714E+09 +1.573266462E-02 +1.312302852E-02 +1.348720614E-01 +4.807719390E-01 -1.214698662E-02 +5.511284632E-01
2.61785714286E+09 +1.576028002E-02 -1.923783792E-02 +4.453974701E-01 +2.661406907E-01 +2.463238259E-01 +4.680673948E-01
2.62857142857E+09 -2.808594497E-02 -1.662097145E-02 +5.006797238E-01 -1.639334109E-01 +4.193709601E-01 +2.720419007E-01
2.63928571429E+09 -8.080916137E-03 +4.187067366E-02 +1.817738356E-01 -4.775293294E-01 +4.526755398E-01 +5.301303320E-02
2.65000000000E+09 +4.650272113E-02 -1.661866904E-02 -1.857737011E-01 -4.058713112E-01 +3.897309014E-01 -8.384720128E-02
2.66071428571E+09 -3.445310914E-02 -2.546514012E-02 -3.044717586E-01 -2.250486363E-01 +3.756695691E-01 -1.797156715E-01
2.67142857143E+09 -7.618174658E-03 +2.877515632E-02 -3.886938247E-01 -1.050365859E-01 +3.226633372E-01 -3.589404212E-01
2.68214285714E+09 +2.069139533E-02 +3.179226336E-03 -4.476074190E-01 +1.072597958E-01 +1.403963609E-01 -5.212521655E-01
2.69285714286E+09 +3.426209299E-03 -1.674882383E-02 -3.400206136E-01 +3.708611866E-01 -1.112973049E-01 -5.497376680E-01
2.70357142857E+09 -1.600332973E-02 -4.542029897E-03 -3.569213726E-02 +5.271439823E-01 -3.521732178E-01 -4.327951314E-01
2.71428571429E+09 -5.590991436E-03 +1.774622278E-02 +3.466530282E-01 +4.157714747E-01 -5.122117757E-01 -2.129784881E-01
2.72500000000E+09 +2.223253521E-02 +5.474995116E-03 +5.476184037E-01 +2.544045516E-02 -5.321994439E-01 +4.165328639E-02
2.73571428571E+09 +1.851374950E-03 -3.025072446E-02 +3.845922512E-01 -3.878273556E-01 -4.125336817E-01 +2.553678076E-01
2.74642857143E+09 -3.865369646E-02 +1.296814764E-02 +4.589265369E-03 -5.113323205E-01 -2.231043939E-01 +3.350688639E-01
2.75714285714E+09 +3.650244103E-02 +2.575334253E-02 -2.380719247E-01 -3.693137566E-01 -1.315008382E-01 +3.302692323E-01
2.76785714286E+09 +1.796904978E-03 -3.339401667E-02 -3.569359660E-01 -2.500545023E-01 -3.953217841E-02 +4.285698429E-01
2.77857142857E+09 -2.224759597E-02 +4.348791451E-03 -4.839578166E-01 -5.880018916E-02 +1.851228074E-01 +4.547212096E-01
2.78928571429E+09 +3.742040243E-03 +1.697256090E-02 -4.670971893E-01 +2.442534506E-01 +4.131724981E-01 +3.088270798E-01
2.80000000000E+09 +1.520908949E-02 -2.585290862E-03 -2.140183415E-01 +5.033089163E-01 +5.373362950E-01 +5.846584771E-02
2.81071428571E+09 -1.994246218E-03 -1.528518817E-02 +1.952070383E-01 +5.188497122E-01 +5.187419171E-01 -2.087563559E-01
2.82142857143E+09 -1.684716837E-02 +2.101581935E-03 +5.130173821E-01 +2.230010058E-01 +3.460606777E-01 -4.096750048E-01
2.83214285714E+09 +3.647174631E-03 +2.076087860E-02 +5.251576827E-01 -2.070997765E-01 +1.012986103E-01 -5.040822874E-01
2.84285714286E+09 +2.760901605E-02 -1.077631177E-02 +2.445410689E-01 -4.970798658E-01 -1.274758740E-01 -4.405170034E-01
2.85357142857E+09 -3.180420306E-02 -2.571786266E-02 -9.209759374E-02 -4.895502932E-01 -2.044219383E-01 -3.136530849E-01
2.86428571429E+09 +8.989166063E-04 +3.757420570E-02 -2.665691454E-01 -3.713953701E-01 -2.532451526E-01 -3.155814767E-01
2.87500000000E+09 +2.270604251E-02 -1.073620207E-02 -4.427983018E-01 -2.300735400E-01 -4.359375162E-01 -2.310667211E-01
2.88571428571E+09 -9.445157165E-03 -1.498652838E-02 -5.348469818E-01 +7.070943991E-02 -5.492275145E-01 +4.109079580E-03
2.89642857143E+09 -1.238652229E-02 +7.569082342E-03 -3.761002194E-01 +4.106996959E-01 -5.032244368E-01 +2.502911304E-01
2.90714285714E+09 +6.343251288E-03 +1.189393002E-02 +7.738219476E-03 +5.608446142E-01 -3.141778528E-01 +4.421400917E-01
2.91785714286E+09 +1.273523266E-02 -5.752192636E-03 +3.987021999E-01 +3.993523092E-01 -5.171677376E-02 +5.226279347E-01
2.92857142857E+09 -6.153260152E-03 -1.538144417E-02 +5.714111958E-01 +2.305396115E-02 +2.106107580E-01 +4.546163739E-01
2.93928571429E+09 -2.078116322E-02 +1.004075823E-02 +4.506564501E-01 -3.558140639E-01 +3.705288791E-01 +2.607507411E-01
2.95000000000E+09 +2.534670699E-02 +2.488535913E-02 +1.260278986E-01 -5.307461556E-01 +3.441645863E-01 +5.428404593E-02
2.96071428571E+09 +2.968863183E-03 -4.381473214E-02 -1.481419603E-01 -4.623944150E-01 +2.904666842E-01 +1.801443018E-02
2.97142857143E+09 -2.824423327E-02 +1.868010327E-02 -3.462436086E-01 -3.551584150E-01 +3.947469086E-01 -8.873271081E-02
2.98214285714E+09 +1.733624571E-02 +1.401648980E-02 -5.275726891E-01 -1.032698382E-01 +3.627241624E-01 -3.256472049E-01
2.99285714286E+09 +9.020249638E-03 -1.325539363E-02 -4.881442280E-01 +2.700651985E-01 +1.558442857E-01 -4.917669250E-01
3.00357142857E+09 -9.971531650E-03 -8.402095765E-03 -2.154811572E-01 +5.213188895E-01 -1.205072520E-01 -5.212577444E-01
3.01428571429E+09 -8.849725671E-03 +8.426057593E-03 +1.861937037E-01 +5.382066604E-01 -3.556516340E-01 -4.113972006E-01
3.02500000000E+09 +8.084257087E-03 +1.089340397E-02 +4.986247775E-01 +2.939886511E-01 -4.953002177E-01 -1.996913215E-01
3.03571428571E+09 +1.516160709E-02 -1.006211105E-02 +5.792760510E-01 -9.067459865E-02 -4.820217322E-01 +5.006064854E-02
3.04642857143E+09 -1.979330711E-02 -2.070215782E-02 +3.800995797E-01 -4.276942326E-01 -3.367166438E-01 +2.246767317E-01
3.05714285714E+09 -1.012332909E-02 +4.168744390E-02 +4.331677191E-02 -5.107454684E-01 -2.057495467E-01 +2.232042552E-01
3.06785714286E+09 +3.568104815E-02 -2.156830250E-02 -1.988440892E-01 -4.388954316E-01 -2.416046117E-01 +2.645921575E-01
3.07857142857E+09 -2.488940093E-02 -1.419359033E-02 -4.439329621E-01 -2.705975950E-01 -1.255471655E-01 +4.303532453E-01
3.08928571429E+09 -6.323274232E-03 +1.824401724E-02 -5.413970218E-01 +8.571916904E-02 +1.357550732E-01 +4.755462733E-01
3.10000000000E+09 +1.382144848E-02 +4.779464690E-03 -3.595022452E-01 +4.307576081E-01 +3.715847090E-01 +3.496931695E-01
3.11071428571E+09 +5.343210458E-03 -1.180024660E-02 +2.771619254E-03 +5.707819909E-01 +4.862077744E-01 +1.072550177E-01
3.12142857143E+09 -1.173313273E-02 -7.132981051E-03 +3.675782412E-01 +4.507041948E-01 +4.527899913E-01 -1.511287050E-01
3.13214285714E+09 -9.942303391E-03 +1.418060592E-02 +5.771070803E-01 +1.228917890E-01 +2.732330242E-01 -3.507187426E-01
3.14285714286E+09 +2.246640482E-02 +1.273193129E-02 +5.154269462E-01 -2.712161925E-01 +4.082064381E-02 -3.955227741E-01
3.15357142857E+09 +5.238388263E-03 -4.014104227E-02 +2.021094604E-01 -4.964276407E-01 -8.959040204E-02 -2.809305274E-01
3.16428571429E+09 -4.133640257E-02 +2.702401244E-02 -1.011419319E-01 -4.624939430E-01 -6.285898120E-02 -2.381973190E-01
3.17500000000E+09 +3.666132041E-02 +1.194848135E-02 -3.406338844E-01 -3.483020978E-01 -1.782056012E-01 -3.298904879E-01
3.18571428571E+09 -4.967088638E-04 -2.480834493E-02 -5.236154888E-01 -6.998921380E-02 -4.026404446E-01 -2.479383926E-01
3.19642857143E+09 -1.724516622E-02 +1.179509998E-03 -4.740959887E-01 +2.892327225E-01 -5.019963275E-01 -1.161769029E-02
3.20714285714E+09 -5.552757693E-04 +1.437012720E-02 -2.044205189E-01 +5.362848640E-01 -4.348187115E-01 +2.414100447E-01
3.21785714286E+09 +1.419214870E-02 +2.733439560E-03 +1.650645182E-01 +5.646036295E-01 -2.441876001E-01 +4.170075698E-01
3.22857142857E+09 +4.895550318E-03 -1.680725554E-02 +4.840736146E-01 +3.464214112E-01 -5.539713497E-03 +4.583661043E-01
3.23928571429E+09 -2.397298106E-02 -5.596627103E-03 +5.820403976E-01 -4.818083164E-02 +1.841278024E-01 +3.432502488E-01
3.25000000000E+09 +2.118375740E-03 +3.712634819E-02 +3.696803318E-01 -3.943909177E-01 +2.303574965E-01 +1.498836974E-01
3.26071428571E+09 +4.087556529E-02 -2.931725726E-02 +3.230130537E-02 -4.743869805E-01 +1.546194117E-01 +8.466120551E-02
3.27142857143E+09 -4.636079154E-02 -1.273036641E-02 -2.247729880E-01 -4.025864521E-01 +2.239826795E-01 +1.439371095E-01
3.28214285714E+09 +6.971004354E-03 +3.315581888E-02 -4.547456327E-01 -2.185925637E-01 +3.752929811E-01 -1.414539713E-04
3.29285714286E+09 +2.162837682E-02 -8.539537297E-03 -5.361343637E-01 +1.045520888E-01 +3.348722582E-01 -2.586826311E-01
3.30357142857E+09 -6.333602869E-03 -1.722239669E-02 -3.932049371E-01 +4.198461689E-01 +1.201213917E-01 -4.264282493E-01
3.31428571429E+09 -1.690585245E-02 +4.478265897E-03 -7.579555730E-02 +5.881767447E-01 -1.314997412E-01 -4.266448050E-01
3.32500000000E+09 +3.583251006E-03 +1.942596332E-02 +2.997857867E-01 +5.151210896E-01 -3.141685613E-01 -2.745505150E-01
3.33571428571E+09 +2.482693118E-02 -5.213530711E-03 +5.441392742E-01 +1.874559954E-01 -3.669451545E-01 -5.586202246E-02
3.34642857143E+09 -1.355606682E-02 -3.206498812E-02 +4.783808288E-01 -2.213565227E-01 -2.878775961E-01 +1.117204237E-01
3.35714285714E+09 -3.329329618E-02 +3.367270736E-02 +1.743242511E-01 -4.290481422E-01 -1.616162740E-01 +1.217656533E-01
3.36785714286E+09 +5.225782335E-02 +1.087577724E-02 -1.019804704E-01 -4.157339647E-01 -1.890586382E-01 +6.101013107E-02
3.37857142857E+09 -1.439363599E-02 -4.225402148E-02 -3.340777152E-01 -3.213142957E-01 -2.699961534E-01 +1.978475147E-01
3.38928571429E+09 -2.682210616E-02 +1.842582953E-02 -5.134564860E-01 -8.564421337E-02 -1.323206123E-01 +3.896759154E-01
3.40000000000E+09 +1.595605396E-02 +2.046889058E-02 -5.085760211E-01 +2.391996130E-01 +1.145673807E-01 +4.084062738E-01
3.41071428571E+09 +1.947830962E-02 -1.449231122E-02 -2.877763432E-01 +5.064166508E-01 +2.966480544E-01 +2.566914989E-01
3.42142857143E+09 -1.584127704E-02 -2.111334858E-02 +7.986154052E-02 +5.713368191E-01 +3.399989770E-01 +2.922030755E-02
3.43214285714E+09 -2.351548586E-02 +2.110538414E-02 +4.111958075E-01 +3.518202757E-01 +2.455492091E-01 -1.502625052E-01
3.44285714286E+09 +3.121260170E-02 +2.402899280E-02 +4.834711521E-01 -3.964934929E-02 +8.382339591E-02 -1.915373396E-01
3.45357142857E+09 +1.743253295E-02 -4.532689244E-02 +2.762505453E-01 -3.333208325E-01 -1.563623893E-02 -1.093635606E-01
3.46428571429E+09 -5.673594181E-02 +2.544312980E-03 -1.601376204E-03 -4.057981659E-01 +3.993341138E-02 -5.177057902E-02
3.47500000000E+09 +2.801330851E-02 +4.903870873E-02 -2.271435155E-01 -3.591406250E-01 +7.828175502E-02 -1.784171884E-01
3.48571428571E+09 +2.935874027E-02 -3.714893847E-02 -4.314437000E-01 -2.187468971E-01 -1.034842460E-01 -2.817635104E-01
3.49642857143E+09 -3.455795933E-02 -1.771228441E-02 -5.357440935E-01 +5.237818645E-02 -3.008389778E-01 -1.577118735E-01
3.50714285714E+09 -1.344634943E-02 +3.208186108E-02 -4.335639887E-01 +3.601357381E-01 -3.367034471E-01 +6.780361817E-02
3.51785714286E+09 +3.301144391E-02 +1.154332829E-02 -1.271898912E-01 +5.355231606E-01 -2.286070823E-01 +2.326460233E-01
3.52857142857E+09 +8.804171366E-03 -3.739445833E-02 +2.331857290E-01 +4.419704436E-01 -6.136264491E-02 +2.577654128E-01
3.53928571429E+09 -4.387039468E-02 -2.860792458E-03 +4.147695417E-01 +1.223938317E-01 +5.873111979E-02 +1.782716136E-01
3.55000000000E+09 +8.415282568E-03 +5.051860608E-02 +3.276025681E-01 -1.964043370E-01 +5.292837155E-02 +7.272484771E-02
3.56071428571E+09 +5.265701981E-02 -2.635778510E-02 +1.029357084E-01 -3.495968769E-01 -3.155381493E-02 +7.237073831E-02
3.57142857143E+09 -4.636949229E-02 -4.279008233E-02 -1.168442602E-01 -3.608933064E-01 -1.628205671E-02 +1.896946763E-01
3.58214285714E+09 -2.350959671E-02 +5.726760315E-02 -3.131512374E-01 -2.832760518E-01 +1.505853876E-01 +2.083506369E-01
3.59285714286E+09 +5.700077890E-02 +5.515455734E-03 -4.601956738E-01 -9.335655103E-02 +2.582449269E-01 +4.279781841E-02
3.60357142857E+09 -6.963998880E-03 -5.303013536E-02 -4.566136026E-01 +1.829728689E-01 +1.898009737E-01 -1.322837661E-01
3.61428571429E+09 -4.913099529E-02 +1.613302269E-02 -2.455955837E-01 +4.059182470E-01 +3.124185394E-02 -1.723323718E-01
3.62500000000E+09 +2.435899430E-02 +4.507995447E-02 +7.904590918E-02 +4.150622502E-01 -8.211370165E-02 -9.986533967E-02
3.63571428571E+09 +4.118990519E-02 -3.281702927E-02 +3.096316942E-01 +1.914962224E-01 -8.722937760E-02 +2.269180779E-03
3.64642857143E+09 -4.223763767E-02 -3.692050653E-02 +3.146194893E-01 -1.021711473E-01 -1.166010221E-02 +3.929837582E-02
3.65714285714E+09 -2.983658935E-02 +5.406446955E-02 +1.500480250E-01 -2.884918266E-01 +3.680983906E-02 -2.375684232E-02
3.66785714286E+09 +6.722130396E-02 +1.547092878E-02 -4.167854878E-02 -3.277783118E-01 -3.082642640E-02 -1.032647236E-01
3.67857142857E+09 -7.049190467E-03 -7.326955889E-02 -1.945351244E-01 -2.879176430E-01 -1.567445565E-01 -5.609011723E-02
3.68928571429E+09 -6.723627894E-02 +3.050674394E-02 -3.271858073E-01 -1.890102107E-01 -1.790963173E-01 +8.803314329E-02
3.70000000000E+09 +4.732104181E-02 +5.367812880E-02 -3.946895005E-01 +8.032357115E-04 -7.680095726E-02 +1.680172313E-01
3.71071428571E+09 +3.786691474E-02 -5.745603139E-02 -3.041297218E-01 +2.168790994E-01 +2.419912578E-02 +1.412321416E-01
3.72142857143E+09 -6.309181502E-02 -2.252441123E-02 -7.038224437E-02 +3.106941344E-01 +4.685724498E-02 +7.367770325E-02
3.73214285714E+09 -8.109295101E-03 +6.508162818E-02 +1.581954199E-01 +2.072101426E-01 +5.232870420E-03 +4.199379742E-02
3.74285714286E+09 +6.534374285E-02 -5.503166481E-03 +2.358143902E-01 -1.181282199E-02 -2.724384357E-02 +7.880759492E-02
3.75357142857E+09 -1.953694577E-02 -6.497274032E-02 +1.479585145E-01 -1.903478450E-01 +7.992941625E-03 +1.391314796E-01
3.76428571429E+09 -6.248079160E-02 +3.558180056E-02 +3.694220111E-03 -2.409113501E-01 +1.002867245E-01 +1.427543848E-01
3.77500000000E+09 +5.427146158E-02 +5.440759632E-02 -8.952005431E-02 -2.090824661E-01 +1.709761543E-01 +6.599190114E-02
3.78571428571E+09 +3.822967490E-02 -7.149860829E-02 -1.438596812E-01 -1.813401123E-01 +1.595723198E-01 -3.318775868E-02
3.79642857143E+09 -8.101533100E-02 -1.451820340E-02 -2.219521006E-01 -1.331744538E-01 +9.292115813E-02 -8.984603560E-02
3.80714285714E+09 +1.053116521E-02 +8.084046177E-02 -2.643502845E-01 +4.002300579E-03 +3.297140377E-02 -9.285981596E-02
3.81785714286E+09 +7.188759406E-02 -3.215067981E-02 -1.644405280E-01 +1.524922745E-01 +6.756628189E-03 -7.761996623E-02
3.82857142857E+09 -4.832265664E-02 -5.842864661E-02 +2.314671505E-02 +1.611680050E-01 -1.101074259E-02 -7.907860488E-02
3.83928571429E+09 -4.308869649E-02 +5.935988212E-02 +1.286103747E-01 +2.782966487E-02 -4.696233162E-02 -9.156440376E-02
3.85000000000E+09 +6.609129261E-02 +2.700240408E-02 +8.849431314E-02 -9.721187101E-02 -1.077408756E-01 -8.171930142E-02
3.86071428571E+09 +1.066227359E-02 -6.930973552E-02 +8.492266881E-03 -1.106556653E-01 -1.732487432E-01 -2.907542966E-02
3.87142857143E+09 -6.940071669E-02 +5.621221999E-03 +5.043654237E-03 -7.378880361E-02 -2.017123059E-01 +6.320338301E-02
3.88214285714E+09 +2.178965894E-02 +6.665134926E-02 +4.677937582E-02 -1.046941520E-01 -1.713370120E-01 +1.735070019E-01
3.89285714286E+09 +6.070126011E-02 -3.788025597E-02 +7.683488002E-03 -1.924018929E-01 -8.190996524E-02 +2.539477798E-01
3.90357142857E+09 -5.383189881E-02 -4.999304857E-02 -1.274755054E-01 -1.926557396E-01 +3.328096154E-02 +2.678196850E-01
3.91428571429E+09 -3.345518543E-02 +6.766950183E-02 -1.977319055E-01 -4.986457051E-02 +1.358774382E-01 +2.202087563E-01
3.92500000000E+09 +7.520084833E-02 +1.040851234E-02 -1.002567452E-01 +7.190344950E-02 +1.871327287E-01 +1.457397309E-01
3.93571428571E+09 -1.444072236E-02 -7.153567587E-02 +1.217912874E-02 +3.380443002E-02 +1.982216578E-01 +8.577791629E-02
3.94642857143E+09 -5.785065344E-02 +3.249490361E-02 -1.094940871E-02 -2.515069863E-02 +2.199636432E-01 +4.082181964E-02
3.95714285714E+09 +4.060272355E-02 +4.245618646E-02 -4.101042879E-02 +3.906676995E-02 +2.497332330E-01 -3.524520018E-02
3.96785714286E+09 +3.091502279E-02 -4.320581900E-02 +6.389882491E-02 +1.100404900E-01 +2.329912797E-01 -1.595180751E-01
3.97857142857E+09 -4.534412718E-02 -2.277354096E-02 +2.159200128E-01 +2.870146267E-02 +1.318547172E-01 -2.726486649E-01
3.98928571429E+09 -1.566044228E-02 +4.914636045E-02 +2.295790125E-01 -1.737375075E-01 -3.843062901E-02 -3.079888835E-01
4.00000000000E+09 +5.470384341E-02 +6.882952347E-03 +5.423617679E-02 -3.043152257E-01 -2.104089423E-01 -2.307767337E-01
4.01071428571E+09 -7.622832224E-03 -6.055128655E-02 -1.478907542E-01 -2.275771911E-01 -3.008079705E-01 -6.954393084E-02
4.02142857143E+09 -6.034626666E-02 +3.058690727E-02 -1.811608269E-01 -4.642898248E-02 -2.584511683E-01 +9.072567188E-02
4.03214285714E+09 +5.422051421E-02 +4.253142246E-02 -9.893852432E-02 +2.249500081E-02 -1.691294008E-01 +1.551701041E-01
4.04285714286E+09 +1.381464125E-02 -5.878293745E-02 -1.041772048E-01 +3.311522321E-02 -1.429644356E-01 +1.769140287E-01
4.05357142857E+09 -4.756586671E-02 +4.129830312E-03 -9.972403723E-02 +1.564043712E-01 -1.181683593E-01 +2.629822560E-01
4.06428571429E+09 +1.010910643E-02 +3.665688709E-02 +7.113062009E-02 +2.642613116E-01 -6.346261216E-03 +3.545494740E-01
4.07500000000E+09 +3.046282161E-02 -1.132539584E-02 +3.039009455E-01 +1.761320599E-01 +1.746647098E-01 +3.608973806E-01
4.08571428571E+09 -1.206366021E-02 -2.815145074E-02 +3.873113034E-01 -8.603493359E-02 +3.485963263E-01 +2.587957039E-01
4.09642857143E+09 -2.879663168E-02 +1.421620419E-02 +2.296807985E-01 -3.255894985E-01 +4.428533442E-01 +7.500739922E-02
4.10714285714E+09 +2.029511577E-02 +3.178532876E-02 -5.197485403E-02 -3.540526342E-01 +4.043408453E-01 -1.409591884E-01
4.11785714286E+09 +3.246972140E-02 -3.526670567E-02 -2.259336270E-01 -1.710319315E-01 +2.471496825E-01 -2.887886973E-01
4.12857142857E+09 -5.559571076E-02 -1.474556603E-02 -1.998803798E-01 -6.796516324E-03 +8.279746318E-02 -2.797708679E-01
4.13928571429E+09 +1.671494348E-02 +5.025424197E-02 -2.014768307E-01 +5.218968125E-02 +4.073223535E-02 -2.494787885E-01
4.15000000000E+09 +2.892302875E-02 -2.660407675E-02 -2.033346884E-01 +2.259420973E-01 -3.205757056E-02 -3.015830291E-01
4.16071428571E+09 -2.338703735E-02 -1.688350127E-02 -5.839776297E-03 +3.915082643E-01 -2.016418341E-01 -2.912708922E-01
4.17142857143E+09 -1.220560088E-02 +1.964670075E-02 +2.856763381E-01 +3.414806525E-01 -3.717249437E-01 -1.568071198E-01
4.18214285714E+09 +1.761067250E-02 +1.068318098E-02 +4.527493011E-01 +7.646122810E-02 -4.283530994E-01 +4.935779052E-02
4.19285714286E+09 +1.070416868E-02 -1.772098183E-02 +3.701979204E-01 -2.326187709E-01 -3.482515880E-01 +2.743239983E-01
4.20357142857E+09 -2.069080894E-02 -1.152187045E-02 +9.147895938E-02 -3.823610075E-01 -1.581438120E-01 +4.282741950E-01
4.21428571429E+09 -1.078559374E-02 +2.893002380E-02 -1.879338870E-01 -2.841629776E-01 +7.728283734E-02 +4.392411370E-01
4.22500000000E+09 +4.232297355E-02 -1.676860086E-03 -2.723743208E-01 -6.602046541E-02 +2.363402030E-01 +3.089325711E-01
4.23571428571E+09 -2.989260212E-02 -3.507737908E-02 -2.595707167E-01 +4.044249979E-02 +2.508913439E-01 +2.024189884E-01
4.24642857143E+09 -9.258451783E-03 +3.272434804E-02 -2.998600852E-01 +2.105939374E-01 +3.185095352E-01 +1.768902207E-01
4.25714285714E+09 +2.232302920E-02 -1.810664320E-04 -1.363395133E-01 +4.405273875E-01 +4.359934563E-01 +5.851630902E-02
4.26785714286E+09 -1.124624020E-03 -1.624320142E-02 +1.845094450E-01 +4.647482003E-01 +4.505853755E-01 -1.360403376E-01
4.27857142857E+09 -1.366887530E-02 +2.227344242E-04 +4.308581418E-01 +2.362197138E-01 +3.337410389E-01 -3.402083173E-01
4.28928571429E+09 -7.305571661E-04 +1.318892188E-02 +4.413021348E-01 -1.048361161E-01 +1.379957044E-01 -4.726870880E-01
4.30000000000E+09 +1.489769961E-02 +1.373950190E-03 +2.106833989E-01 -3.533951107E-01 -1.028039167E-01 -4.731267348E-01
4.31071428571E+09 +6.291417489E-04 -1.986614853E-02 -1.134404166E-01 -3.666352874E-01 -3.150563207E-01 -3.379397398E-01
4.32142857143E+09 -2.852815574E-02 +7.382330670E-03 -3.149957781E-01 -1.732595014E-01 -3.938449650E-01 -1.109174588E-01
4.33214285714E+09 +3.095361101E-02 +2.410825091E-02 -3.363451337E-01 -4.845807987E-03 -3.155013906E-01 +4.563691876E-02
4.34285714286E+09 -3.310445495E-03 -3.222375015E-02 -3.961735891E-01 +1.479362709E-01 -3.143975440E-01 +9.779715404E-02
4.35357142857E+09 -1.722417225E-02 +9.939001688E-03 -3.021868462E-01 +4.177083965E-01 -3.141436410E-01 +2.544830482E-01
4.36428571429E+09 +7.635264318E-03 +1.052345065E-02 +3.729450793E-03 +5.375370418E-01 -1.652121844E-01 +4.235460741E-01
4.37500000000E+09 +8.295871583E-03 -5.515543001E-03 +3.153399588E-01 +3.977671822E-01 +5.430428504E-02 +4.986960878E-01
4.38571428571E+09 -4.158280381E-03 -7.994448428E-03 +4.465893048E-01 +7.434913487E-02 +2.784778861E-01 +4.443311934E-01
4.39642857143E+09 -8.893077359E-03 +3.581779783E-03 +3.189077746E-01 -2.530538298E-01 +4.562303251E-01 +2.712108686E-01
4.40714285714E+09 +3.929983581E-03 +1.122838695E-02 +7.829212538E-03 -3.970564685E-01 +5.249592162E-01 +4.097346459E-02
4.41785714286E+09 +1.566781142E-02 -7.430891540E-03 -2.846644878E-01 -2.893386031E-01 +4.616971454E-01 -1.922248319E-01
4.42857142857E+09 -2.103778846E-02 -1.730818683E-02 -3.807110737E-01 -7.767943828E-02 +2.947313643E-01 -3.258959012E-01
4.43928571429E+09 +4.635564565E-03 +3.023642515E-02 -4.198867716E-01 +4.966608141E-02 +1.943506216E-01 -3.212813148E-01
4.45000000000E+09 +1.406130895E-02 -1.448199499E-02 -4.237927462E-01 +3.071532421E-01 +9.821524879E-02 -4.113140991E-01
4.46071428571E+09 -1.034131693E-02 -6.553349852E-03 -1.714141873E-01 +5.159537534E-01 -1.047359834E-01 -4.758090706E-01
4.47142857143E+09 -4.751390071E-03 +7.337855741E-03 +1.701655243E-01 +4.756740256E-01 -3.099950545E-01 -3.907302124E-01
4.48214285714E+09 +5.912473064E-03 +4.534821551E-03 +3.973237491E-01 +2.062868634E-01 -4.565356121E-01 -1.783645599E-01
4.49285714286E+09 +5.052916512E-03 -5.478923722E-03 +3.831416307E-01 -1.492234629E-01 -4.874455512E-01 +7.068832013E-02
4.50357142857E+09 -5.943177610E-03 -6.178604720E-03 +1.387912268E-01 -3.954142381E-01 -3.879331192E-01 +3.073940071E-01
4.51428571429E+09 -8.122612968E-03 +8.245136320E-03 -1.803819780E-01 -4.076438450E-01 -1.849809681E-01 +4.628072587E-01
4.52500000000E+09 +1.559952052E-02 +9.224610309E-03 -3.772094982E-01 -2.329716712E-01 +4.793598114E-02 +4.579549219E-01
4.53571428571E+09 -3.845952690E-03 -2.576988166E-02 -4.236690680E-01 -8.014744975E-02 +1.926702029E-01 +3.455641517E-01
4.54642857143E+09 -1.140031986E-02 +1.779141486E-02 -4.996526992E-01 +1.099022473E-01 +2.809241073E-01 +3.239440587E-01
4.55714285714E+09 +1.223182365E-02 +1.998749488E-03 -3.614939796E-01 +3.939979644E-01 +4.281046427E-01 +2.272286802E-01
4.56785714286E+09 +8.696025117E-04 -7.990546615E-03 -2.785261521E-02 +4.854105419E-01 +5.127975437E-01 +6.933547643E-03
4.57857142857E+09 -6.155495135E-03 -1.049528749E-03 +2.834511705E-01 +3.116669637E-01 +4.927772931E-01 -2.194435300E-01
4.58928571429E+09 -1.597426178E-03 +5.469998699E-03 +3.905323368E-01 -3.082276995E-02 +3.601693581E-01 -4.224986909E-01
4.60000000000E+09 +5.539874906E-03 +2.402715142E-03 +2.389930124E-01 -3.420285767E-01 +1.533618846E-01 -5.544901087E-01
4.61071428571E+09 +3.357540292E-03 -6.434068814E-03 -5.691448588E-02 -4.549633553E-01 -6.253135776E-02 -5.416743689E-01
4.62142857143E+09 -9.838392858E-03 -4.242047402E-03 -3.084152692E-01 -3.523028889E-01 -2.888137063E-01 -4.002615835E-01
4.63214285714E+09 -4.818557916E-04 +1.800981919E-02 -3.985039539E-01 -1.761237308E-01 -3.996627030E-01 -1.938320812E-01
4.64285714286E+09 +1.608515235E-02 -1.620624380E-02 -4.575987189E-01 -5.014181193E-02 -3.909520544E-01 -7.033955015E-02
4.65357142857E+09 -1.585970964E-02 -1.020337191E-03 -4.548271146E-01 +2.238402619E-01 -4.290381433E-01 +7.275207463E-02
4.66428571429E+09 +2.193475970E-03 +9.610099458E-03 -1.817859821E-01 +4.328293446E-01 -3.898108262E-01 +2.893323006E-01
4.67500000000E+09 +6.797097460E-03 -1.905212625E-03 +1.715396717E-01 +3.756077150E-01 -2.173031325E-01 +4.613996623E-01
4.68571428571E+09 -1.289603853E-03 -5.704082094E-03 +3.851349984E-01 +9.288874374E-02 +1.291797977E-02 +5.249280875E-01
4.69642857143E+09 -5.545427073E-03 +6.849691302E-04 +3.520515158E-01 -2.401924824E-01 +2.505419648E-01 +4.542660834E-01
4.70714285714E+09 +4.533761543E-05 +6.086370183E-03 +1.287502222E-01 -4.431756631E-01 +4.405900894E-01 +2.733277411E-01
4.71785714286E+09 +7.862010046E-03 +2.020289283E-04 -1.315236684E-01 -4.462154740E-01 +5.391420273E-01 +4.963538623E-02
4.72857142857E+09 -1.870468910E-03 -1.215495051E-02 -2.890103566E-01 -3.144341414E-01 +4.876324155E-01 -1.506512948E-01
4.73928571429E+09 -1.466155867E-02 +1.279658111E-02 -3.518905675E-01 -1.994195304E-01 +3.458267787E-01 -2.856385377E-01
4.75000000000E+09 +1.893370760E-02 +7.035280123E-04 -4.493450173E-01 -7.250939061E-03 +2.597528943E-01 -3.748654621E-01
4.76071428571E+09 -5.643221666E-03 -1.095230492E-02 -3.062597764E-01 +2.949491840E-01 +1.241408396E-01 -4.854535457E-01
4.77142857143E+09 -6.504179195E-03 +5.029913351E-03 +4.351165698E-02 +3.737018662E-01 -9.556795303E-02 -5.143282837E-01
4.78214285714E+09 +3.838899349E-03 +4.864392175E-03 +3.289531136E-01 +1.818770342E-01 -3.017812840E-01 -4.195561676E-01
4.79285714286E+09 +4.380049255E-03 -3.013615836E-03 +3.955802194E-01 -1.236977048E-01 -4.608020403E-01 -2.108849127E-01
4.80357142857E+09 -2.586269937E-03 -4.743607168E-03 +2.599271966E-01 -3.620544134E-01 -5.236961707E-01 +3.044113474E-02
4.81428571429E+09 -5.960234746E-03 +2.640269487E-03 +3.710496704E-02 -4.412603327E-01 -4.468362109E-01 +2.511009654E-01
4.82500000000E+09 +4.140957780E-03 +8.270118028E-03 -1.454559097E-01 -3.761208848E-01 -2.505897177E-01 +4.042222427E-01
4.83571428571E+09 +1.038419281E-02 -1.035041221E-02 -2.364896307E-01 -2.721588594E-01 -3.494977286E-02 +4.506328876E-01
4.84642857143E+09 -1.954896888E-02 -1.831663426E-03 -3.487546037E-01 -1.605500007E-01 +1.125938642E-01 +4.092467398E-01
4.85714285714E+09 +9.758281167E-03 +1.304663635E-02 -3.702073102E-01 +1.415691428E-01 +2.642273587E-01 +3.689298226E-01
4.86785714286E+09 +5.334165337E-03 -9.239255049E-03 -8.754394731E-02 +3.612149820E-01 +4.329692004E-01 +2.416727637E-01
4.87857142857E+09 -6.685074526E-03 -2.796130970E-03 +2.395132559E-01 +2.921562724E-01 +5.399376805E-01 +2.716342604E-02
4.88928571429E+09 -2.327747333E-03 +5.050705407E-03 +4.007958520E-01 +5.099426163E-02 +5.386128924E-01 -1.962703200E-01
4.90000000000E+09 +4.273759225E-03 +2.481131455E-03 +3.686925719E-01 -1.923898576E-01 +4.116934106E-01 -3.499252433E-01
4.91071428571E+09 +3.002643299E-03 -4.491590941E-03 +2.186978119E-01 -3.326656625E-01 +1.541152337E-01 -4.743296401E-01
4.92142857143E+09 -5.742583964E-03 -4.243161991E-03 +5.224209105E-02 -3.503339148E-01 -7.714645298E-02 -5.210529483E-01
4.93214285714E+09 -5.218022339E-03 +9.154446522E-03 -6.600539194E-02 -3.030821186E-01 -2.625195817E-01 -4.268214238E-01
4.94285714286E+09 +1.590719853E-02 +1.360641547E-03 -1.870335176E-01 -2.503128623E-01 -3.756116391E-01 -2.643088717E-01
4.95357142857E+09 -1.099489792E-02 -1.498919821E-02 -3.386234130E-01 -4.144087486E-02 -4.222226662E-01 -1.191986729E-01
4.96428571429E+09 -4.130211062E-03 +1.353198754E-02 -2.068844183E-01 +2.776963225E-01 -4.658051993E-01 +5.121524800E-02
4.97500000000E+09 +9.419859691E-03 -1.816423409E-04 +1.024996464E-01 +3.434565486E-01 -4.243926313E-01 +2.549179110E-01
4.98571428571E+09 -5.795003784E-04 -6.738913027E-03 +3.115285202E-01 +2.011148030E-01 -2.483974641E-01 +4.205596205E-01
4.99642857143E+09 -5.526158626E-03 +2.276758588E-04 +3.640494002E-01 +9.371084829E-03 +2.937114570E-04 +4.986645451E-01
5.00714285714E+09 -1.437407297E-04 +5.355873686E-03 +3.061580082E-01 -1.371737659E-01 +2.253929458E-01 +4.786898179E-01
5.01785714286E+09 +6.071205876E-03 +4.067837540E-04 +2.046291215E-01 -2.113436460E-01 +3.953306576E-01 +3.368501761E-01
5.02857142857E+09 +3.521408479E-04 -7.919834184E-03 +1.032659842E-01 -2.378184837E-01 +4.961957105E-01 +1.185604080E-01
5.03928571429E+09 -1.142294555E-02 +1.631820814E-03 -1.877388485E-02 -2.494752904E-01 +4.879644882E-01 -1.020059520E-01
5.05000000000E+09 +9.846285422E-03 +1.336849394E-02 -2.170648821E-01 -1.660978697E-01 +3.925331056E-01 -2.674160151E-01
5.06071428571E+09 +3.554456016E-03 -1.702829980E-02 -2.835933628E-01 +1.464265505E-01 +2.976405817E-01 -3.772511450E-01
5.07142857143E+09 -1.149662162E-02 +4.212700440E-03 -4.621399395E-02 +3.458276354E-01 +1.541386699E-01 -4.707106604E-01
5.08214285714E+09 +4.569648583E-03 +6.733095678E-03 +1.751232183E-01 +3.020989852E-01 -7.766170573E-02 -5.050890690E-01
5.09285714286E+09 +4.902245818E-03 -3.636762387E-03 +2.766430914E-01 +1.833643894E-01 -2.999168324E-01 -4.531847239E-01
5.10357142857E+09 -2.917936270E-03 -4.511604011E-03 +3.004146876E-01 +7.006698032E-02 -4.322789806E-01 -2.823632895E-01
5.11428571429E+09 -4.741482539E-03 +2.578791180E-03 +2.852322790E-01 -2.835701335E-02 -5.092142797E-01 -4.182050849E-02
5.12500000000E+09 +2.768905682E-03 +5.654176490E-03 +2.372345251E-01 -1.257073695E-01 -4.692740411E-01 +1.845912410E-01
5.13571428571E+09 +7.423434155E-03 -4.095490429E-03 +1.273781637E-01 -2.199995750E-01 -3.292190900E-01 +3.541781245E-01
5.14642857143E+09 -8.707065114E-03 -9.360348173E-03 -8.159810534E-02 -2.457769342E-01 -1.288300032E-01 +4.291149144E-01
5.15714285714E+09 -4.759268795E-03 +1.752726939E-02 -3.019870992E-01 -5.451381402E-02 +4.753387970E-02 +4.061111823E-01
5.16785714286E+09 +1.571834191E-02 -7.961577271E-03 -2.400574820E-01 +2.466295628E-01 +1.987197263E-01 +3.782007533E-01
5.17857142857E+09 -1.023838941E-02 -6.586594338E-03 -3.880939048E-02 +3.234763886E-01 +3.603898849E-01 +3.071734632E-01
5.18928571429E+09 -2.651311611E-03 +7.873988759E-03 +7.971534770E-02 +2.926614024E-01 +4.636664181E-01 +1.017882721E-01
5.20000000000E+09 +6.017100727E-03 +1.820613564E-03 +1.618298867E-01 +2.501631820E-01 +4.696365670E-01 -1.477747205E-01
5.21071428571E+09 +1.951337174E-03 -5.219310344E-03 +2.378592088E-01 +1.750174693E-01 +4.026298939E-01 -3.602215377E-01
5.22142857143E+09 -5.081958122E-03 -2.408485367E-03 +2.769463405E-01 +4.216406474E-02 +2.181296505E-01 -4.721850554E-01
5.23214285714E+09 -2.998215271E-03 +5.917654620E-03 +2.203808193E-01 -1.288779357E-01 -2.845778122E-02 -5.011156833E-01
5.24285714286E+09 +8.536080914E-03 +3.362901275E-03 +2.518569082E-02 -2.533994502E-01 -2.270176424E-01 -4.253911208E-01
5.25357142857E+09 +6.632811048E-04 -1.357248662E-02 -2.534577432E-01 -1.873706903E-01 -3.600837896E-01 -2.712963372E-01
5.26428571429E+09 -1.450836750E-02 +9.873461691E-03 -3.636026871E-01 +9.912281690E-02 -4.008827917E-01 -1.416847851E-01
5.27500000000E+09 +1.424558078E-02 +3.738880755E-03 -2.221062056E-01 +2.796961428E-01 -4.361719725E-01 +3.103109885E-04
5.28571428571E+09 -1.679045974E-03 -9.339670732E-03 -1.083905171E-01 +3.178673320E-01 -4.343215003E-01 +2.099930645E-01
5.29642857143E+09 -6.132509314E-03 +1.936799527E-03 -4.955193141E-04 +3.464372958E-01 -3.274682299E-01 +3.791003732E-01
5.30714285714E+09 +1.345175398E-03 +4.925933373E-03 +1.454504784E-01 +3.176800844E-01 -1.053753404E-01 +4.680135127E-01
5.31785714286E+09 +4.669931943E-03 -7.392848613E-04 +2.755305079E-01 +1.819334546E-01 +1.405962429E-01 +4.629122153E-01
5.32857142857E+09 -3.028286158E-04 -5.168052355E-03 +2.998494969E-01 -4.458016328E-02 +3.587928050E-01 +3.606371553E-01
5.33928571429E+09 -6.536924814E-03 +3.324282923E-04 +1.526372154E-01 -2.653910100E-01 +4.838087728E-01 +1.524962526E-01
5.35000000000E+09 +1.578485894E-03 +9.012593363E-03 -1.336236099E-01 -3.350701017E-01 +4.693997243E-01 -3.093293801E-02
5.36071428571E+09 +1.171777736E-02 -7.461567977E-03 -3.879800962E-01 -1.663155513E-01 +3.537841203E-01 -1.801078301E-01
5.37142857143E+09 -1.672800103E-02 -4.270953382E-03 -4.020842689E-01 +9.447438412E-02 +2.614140756E-01 -2.759324097E-01
5.38214285714E+09 +5.890819410E-03 +1.152156677E-02 -3.126421424E-01 +2.164436044E-01 +1.941631963E-01 -4.049586484E-01
5.39285714286E+09 +5.528965580E-03 -5.626873725E-03 -2.195841372E-01 +3.217011153E-01 -1.140088875E-02 -4.708261077E-01
5.40357142857E+09 -4.062958345E-03 -3.661698207E-03 -4.019681375E-02 +3.811082423E-01 -2.546334212E-01 -4.242548527E-01
5.41428571429E+09 -3.269234450E-03 +3.172951329E-03 +1.767412868E-01 +3.024034710E-01 -4.161806085E-01 -2.803140843E-01
5.42500000000E+09 +2.895159016E-03 +3.451449188E-03 +3.104476282E-01 +7.067377163E-02 -4.848012021E-01 -6.020739702E-02
5.43571428571E+09 +4.114464192E-03 -3.017743101E-03 +2.512052228E-01 -2.184007456E-01 -4.337150697E-01 +1.405824479E-01
5.44642857143E+09 -3.796174948E-03 -5.267622765E-03 +1.610561056E-03 -3.982688985E-01 -2.751627954E-01 +3.183499719E-01
5.45714285714E+09 -6.639792596E-03 +6.450803629E-03 -3.009805171E-01 -3.557434563E-01 -9.650528313E-02 +4.103873763E-01
5.46785714286E+09 +1.378546436E-02 +4.068280856E-03 -4.639593784E-01 -1.243632473E-01 +1.504370579E-02 +3.513460415E-01
5.47857142857E+09 -8.339876161E-03 -1.306764985E-02 -4.303892994E-01 +8.010766889E-02 +1.018269981E-01 +3.439863097E-01
5.48928571429E+09 -4.087803615E-03 +9.212805791E-03 -3.633040588E-01 +2.335572951E-01 +3.062163820E-01 +3.287111199E-01
5.50000000000E+09 +6.130338729E-03 +1.504142833E-03 -1.913034938E-01 +3.757015848E-01 +4.603923194E-01 +1.716994326E-01
5.51071428571E+09 +1.215782032E-03 -4.588250687E-03 +7.891084396E-02 +3.819236550E-01 +4.854008334E-01 -3.741039624E-02
5.52142857143E+09 -3.930280492E-03 -1.307613030E-03 +3.154143018E-01 +1.922517716E-01 +3.934196270E-01 -2.600908499E-01
5.53214285714E+09 -1.614189726E-03 +3.846491028E-03 +3.730516810E-01 -1.226969778E-01 +1.928023122E-01 -3.910680206E-01
5.54285714286E+09 +4.461064662E-03 +2.072603372E-03 +2.099332070E-01 -3.982474670E-01 -1.867952779E-02 -4.361822802E-01
5.55357142857E+09 +2.784944077E-03 -6.241315423E-03 -8.340468048E-02 -4.963277697E-01 -1.649430589E-01 -3.724722017E-01
5.56428571429E+09 -1.088894049E-02 -1.777051205E-03 -3.514266033E-01 -3.798042288E-01 -2.367124955E-01 -2.121117765E-01
5.57500000000E+09 +8.160582877E-03 +1.322130894E-02 -4.528103914E-01 -1.498787981E-01 -2.539868935E-01 -1.688699596E-01
5.58571428571E+09 +2.657335283E-03 -1.229785285E-02 -4.434033544E-01 +5.509633063E-02 -3.866345675E-01 -1.090213427E-01
5.59642857143E+09 -7.791871003E-03 +1.353568691E-03 -3.261469726E-01 +2.762277489E-01 -4.149201488E-01 +1.119312725E-01
5.60714285714E+09 +1.496172859E-03 +5.272215985E-03 -5.108910702E-02 +3.951926398E-01 -3.062814799E-01 +3.147538381E-01
5.61785714286E+09 +4.326037896E-03 -1.006086332E-03 +2.598012259E-01 +2.961701155E-01 -8.436219217E-02 +4.403559383E-01
5.62857142857E+09 -5.818695520E-04 -4.052913478E-03 +4.317294709E-01 +1.192242060E-02 +1.514396950E-01 +4.610796166E-01
5.63928571429E+09 -4.211780475E-03 +1.241888107E-04 +3.802355810E-01 -3.070137384E-01 +2.702449917E-01 +3.630355053E-01
5.65000000000E+09 +1.410624122E-04 +5.104023666E-03 +1.482684757E-01 -5.112815596E-01 +3.109807042E-01 +1.335963921E-01
5.66071428571E+09 +7.752021405E-03 -1.034740889E-03 -1.504054108E-01 -5.201514552E-01 +2.901590750E-01 -4.220739082E-02
5.67142857143E+09 -6.860233607E-03 -1.090208117E-02 -3.725837733E-01 -3.398205159E-01 +2.313093487E-01 -7.622157448E-02
5.68214285714E+09 -3.114484283E-03 +1.479148361E-02 -4.379974902E-01 -9.482152658E-02 +2.821819065E-01 -1.061513372E-01
5.69285714286E+09 +9.658514921E-03 -4.763951074E-03 -3.868168761E-01 +1.659455009E-01 +2.414523919E-01 -3.133080821E-01
5.70357142857E+09 -4.824428708E-03 -5.067413852E-03 -1.556126267E-01 +3.797180295E-01 +2.087894738E-02 -4.277243072E-01
5.71428571429E+09 -3.397903665E-03 +3.766446971E-03 +1.805362384E-01 +3.911231532E-01 -1.797163354E-01 -3.926955217E-01
5.72500000000E+09 +2.936025286E-03 +3.012473186E-03 +4.420595179E-01 +1.847197853E-01 -2.851235096E-01 -2.171571861E-01
5.73571428571E+09 +3.238426073E-03 -2.423180423E-03 +5.136969048E-01 -1.259141045E-01 -3.262803776E-01 +1.924300132E-03
5.74642857143E+09 -2.331503014E-03 -3.785029780E-03 +3.851989111E-01 -4.037906320E-01 -3.039195025E-01 +1.678753815E-01
5.75714285714E+09 -5.110380130E-03 +3.417611641E-03 +1.159515652E-01 -5.422081817E-01 -1.870479829E-01 +1.960379061E-01
5.76785714286E+09 +7.320974630E-03 +6.410138656E-03 -1.830052965E-01 -4.790746535E-01 -9.218233289E-02 +1.601137204E-01
5.77857142857E+09 +1.667214420E-03 -1.389722318E-02 -3.718015945E-01 -2.480013010E-01 -1.172371204E-01 +1.731397835E-01
5.78928571429E+09 -1.068251695E-02 +7.794801877E-03 -4.031131461E-01 +4.320587566E-02 -3.386308962E-02 +3.312229808E-01
5.80000000000E+09 +8.140912576E-03 +3.895939419E-03 -2.500016992E-01 +3.254728288E-01 +1.853396068E-01 +3.518943194E-01
5.81071428571E+09 +1.416355452E-03 -5.791191340E-03 +6.202737483E-02 +4.494194079E-01 +3.075847661E-01 +1.601214342E-01
5.82142857143E+09 -4.345649102E-03 -9.329396768E-04 +3.722362234E-01 +3.496650370E-01 +3.190082922E-01 -7.849796527E-02
5.83214285714E+09 -1.123202826E-03 +3.914529967E-03 +5.473856990E-01 +9.458877774E-02 +2.592149644E-01 -2.086581267E-01
5.84285714286E+09 +4.036939624E-03 +1.580306387E-03 +5.346469912E-01 -2.055390696E-01 +1.367132807E-01 -2.300214526E-01
5.85357142857E+09 +2.138216444E-03 -4.952286366E-03 +3.399520665E-01 -4.398226105E-01 +1.430984830E-02 -1.642512652E-01
5.86428571429E+09 -7.288825955E-03 -2.032944134E-03 +2.782304184E-02 -5.036829611E-01 -2.536258220E-02 -1.204019865E-01
5.87500000000E+09 +1.222519318E-03 +1.095204246E-02 -2.604561129E-01 -3.470787016E-01 +1.350046931E-02 -1.593981095E-01
5.88571428571E+09 +9.975662927E-03 -9.212069401E-03 -3.841160724E-01 -5.156255453E-02 -7.545445342E-02 -2.638473571E-01
5.89642857143E+09 -1.181831523E-02 -2.163270609E-03 -3.156223095E-01 +2.560423685E-01 -2.664844329E-01 -1.827747262E-01
5.90714285714E+09 +1.869558659E-03 +8.177262308E-03 -7.501552404E-02 +4.644561619E-01 -3.177625957E-01 +5.437760209E-02
5.91785714286E+09 +5.515682210E-03 -2.239079980E-03 +2.332044620E-01 +4.822053093E-01 -2.194717066E-01 +2.149225649E-01
5.92857142857E+09 -1.885293192E-03 -4.311813666E-03 +4.804040323E-01 +3.209334020E-01 -9.315848054E-02 +1.874673209E-01
5.93928571429E+09 -4.256631428E-03 +1.685915582E-03 +5.853157809E-01 +4.916455316E-02 +3.779462966E-02 +1.147508846E-01
5.95000000000E+09 +1.769092065E-03 +4.836624891E-03 +5.056890812E-01 -2.424210235E-01 +5.412192826E-02 +5.880860769E-02
5.96071428571E+09 +5.990860968E-03 -2.684918876E-03 +2.460646785E-01 -4.355311620E-01 +4.818036310E-02 +9.783151067E-02
5.97142857143E+09 -5.247369562E-03 -6.988446511E-03 -9.486260865E-02 -4.146134191E-01 +2.752946785E-02 +1.597544187E-01
5.98214285714E+09 -5.494899294E-03 +9.636846297E-03 -3.381398959E-01 -1.759939245E-01 +1.389109996E-01 +1.871402558E-01
5.99285714286E+09 +1.205479410E-02 -4.412762738E-04 -3.770080243E-01 +1.428629939E-01 +2.890617725E-01 +2.949705303E-02
6.00357142857E+09 -5.632018865E-03 -8.670809744E-03 -2.320440323E-01 +4.096886024E-01 +2.647752300E-01 -1.922695860E-01
6.01428571429E+09 -4.817050654E-03 +6.126611073E-03 +3.203633290E-02 +5.378567180E-01 +6.416211126E-02 -2.307050884E-01
6.02500000000E+09 +5.121826601E-03 +2.933150111E-03 +3.141403963E-01 +4.872479320E-01 -6.574744893E-02 -1.484904809E-01
6.03571428571E+09 +2.176026249E-03 -4.472004484E-03 +5.142698140E-01 +2.786054479E-01 -5.822215700E-02 -1.232397859E-01
6.04642857143E+09 -4.414167771E-03 -2.069941615E-03 +5.521810684E-01 -2.408274305E-02 -5.050771949E-02 -1.332759597E-01
6.05714285714E+09 -1.940141495E-03 +4.975448345E-03 +3.826264552E-01 -3.052212510E-01 -3.937702165E-02 -1.660792842E-01
6.06785714286E+09 +6.120435546E-03 +1.589107734E-03 +5.462038805E-02 -4.162510986E-01 -1.224704817E-01 -1.758793583E-01
6.07857142857E+09 +4.282652050E-04 -7.723904140E-03 -2.642673856E-01 -2.843080099E-01 -2.575004963E-01 -8.913803046E-02
6.08928571429E+09 -8.995562079E-03 +2.395175958E-03 -4.140971882E-01 -3.175870675E-04 -3.315677579E-01 +9.603618096E-02
6.10000000000E+09 +6.987757582E-03 +7.747757397E-03 -3.735751048E-01 +2.847916552E-01 -2.208322114E-01 +2.704592727E-01
6.11071428571E+09 +2.967678880E-03 -9.248580027E-03 -1.970249255E-01 +4.896483346E-01 -3.554974062E-04 +2.414499773E-01
6.12142857143E+09 -7.791649443E-03 +5.867643013E-04 +6.875741621E-02 +5.613740714E-01 +6.035707230E-02 +1.680009033E-01
6.13214285714E+09 +1.555981123E-03 +5.872384522E-03 +3.385652734E-01 +4.541887173E-01 +2.865324068E-02 +1.445772011E-01
6.14285714286E+09 +4.862058570E-03 -1.878579717E-03 +4.953155388E-01 +1.852455983E-01 +5.768534199E-02 +1.811229463E-01
6.15357142857E+09 -2.017766250E-03 -4.453899112E-03 +4.421109728E-01 -1.431740956E-01 +1.307414288E-01 +1.653346464E-01
6.16428571429E+09 -4.383875305E-03 +2.411570308E-03 +1.796294934E-01 -3.646797475E-01 +2.594890707E-01 +6.851207476E-02
6.17500000000E+09 +3.107549672E-03 +4.697274733E-03 -1.554878092E-01 -3.614731454E-01 +3.329577936E-01 -1.023095681E-01
6.18571428571E+09 +5.122172648E-03 -4.656865290E-03 -3.933727033E-01 -1.653252461E-01 +2.506761140E-01 -2.471349729E-01
6.19642857143E+09 -7.474266851E-03 -4.647613697E-03 -4.616551034E-01 +9.958371696E-02 +3.271476634E-02 -3.385754547E-01
6.20714285714E+09 -5.257295028E-04 +1.026352681E-02 -3.877737003E-01 +3.371071836E-01 -1.642787838E-01 -2.662991406E-01
6.21785714286E+09 +8.234599304E-03 -4.642791571E-03 -1.956385525E-01 +5.094084156E-01 -1.858101502E-01 -1.507746247E-01
6.22857142857E+09 -5.883718443E-03 -4.505166075E-03 +9.151069255E-02 +5.354927696E-01 -1.738083014E-01 -1.077583729E-01
6.23928571429E+09 -2.513696449E-03 +5.118811847E-03 +3.494613948E-01 +3.569623757E-01 -2.411806709E-01 -6.358524800E-02
6.25000000000E+09 +4.385523280E-03 +1.751671213E-03 +4.322016785E-01 +3.838003038E-02 -3.357648289E-01 +5.471254614E-02
6.26071428571E+09 +1.440014742E-03 -3.959886559E-03 +2.848663571E-01 -2.569674856E-01 -3.754518438E-01 +2.105357597E-01
6.27142857143E+09 -3.966861165E-03 -1.343677996E-03 -3.858022280E-03 -3.810967416E-01 -2.674929172E-01 +3.124680949E-01
6.28214285714E+09 -1.224507889E-03 +4.544602203E-03 -2.803211455E-01 -3.057474495E-01 -4.085434555E-02 +3.692005148E-01
6.29285714286E+09 +6.179483664E-03 +6.956509371E-04 -4.383143724E-01 -1.056936920E-01 +1.944595755E-01 +3.721257454E-01
6.30357142857E+09 -2.055972172E-03 -8.392326677E-03 -4.604481560E-01 +1.223666107E-01 +3.112916953E-01 +2.294642762E-01
6.31428571429E+09 -6.613091829E-03 +7.500259311E-03 -3.683283077E-01 +3.400676200E-01 +2.992398801E-01 +5.660329458E-02
6.32500000000E+09 +8.402014002E-03 +9.253025769E-04 -1.236064644E-01 +4.876282706E-01 +2.907011296E-01 -2.863196546E-02
6.33571428571E+09 -1.631408527E-03 -5.920588601E-03 +1.894862843E-01 +4.199562664E-01 +3.194504289E-01 -1.278023444E-01
6.34642857143E+09 -4.175447284E-03 +1.957251788E-03 +3.752767868E-01 +1.532048857E-01 +2.656397734E-01 -2.533255071E-01
6.35714285714E+09 +1.721026834E-03 +3.425401371E-03 +3.424383618E-01 -1.566917759E-01 +1.287117213E-01 -3.300939350E-01
6.36785714286E+09 +3.134159492E-03 -1.388019275E-03 +1.405770121E-01 -3.612203473E-01 -1.126433759E-01 -3.849554262E-01
6.37857142857E+09 -1.446549281E-03 -3.202855664E-03 -1.156888649E-01 -4.007628255E-01 -2.813519786E-01 -3.739482069E-01
6.38928571429E+09 -3.796688315E-03 +2.065420587E-03 -3.253303813E-01 -2.976999088E-01 -3.939154028E-01 -2.347974002E-01
6.40000000000E+09 +4.013365504E-03 +4.495659034E-03 -4.392103029E-01 -1.136131161E-01 -4.134796784E-01 -2.957596520E-03
6.41071428571E+09 +3.125061020E-03 -7.723516375E-03 -4.526218198E-01 +1.128442371E-01 -3.568786057E-01 +1.918712192E-01
6.42142857143E+09 -8.302719096E-03 +2.185345403E-03 -3.041897634E-01 +3.557078454E-01 -2.822466688E-01 +2.642487449E-01
6.43214285714E+09 +4.690790864E-03 +4.415509137E-03 +1.711393106E-02 +4.294110044E-01 -1.940403055E-01 +3.383568910E-01
6.44285714286E+09 +1.909617828E-03 -4.028367526E-03 +2.893613083E-01 +2.563544971E-01 -3.288065206E-02 +3.700840259E-01
6.45357142857E+09 -3.144551923E-03 -1.011165584E-03 +3.761498987E-01 -2.323857390E-02 +1.857988210E-01 +4.000169974E-01
6.46428571429E+09 -8.750579362E-04 +2.697810147E-03 +2.908638686E-01 -2.700325804E-01 +3.228248271E-01 +3.242585507E-01
6.47500000000E+09 +2.550801788E-03 +9.006507924E-04 +1.031196162E-01 -4.112460948E-01 +4.135156194E-01 +1.437490799E-01
6.48571428571E+09 +9.624241093E-04 -2.700522803E-03 -1.144885066E-01 -4.277867834E-01 +3.754770820E-01 -1.054939946E-01
6.49642857143E+09 -3.598196814E-03 -6.916902132E-04 -3.059874718E-01 -3.302273813E-01 +2.927026741E-01 -3.363059099E-01
6.50714285714E+09 +4.935480281E-04 +5.027690282E-03 -4.312468096E-01 -1.328948228E-01 +1.568453185E-01 -4.208157809E-01
6.51785714286E+09 +5.424291295E-03 -3.790186353E-03 -4.176213350E-01 +1.518627525E-01 -4.756954769E-02 -4.005654725E-01
6.52857142857E+09 -5.987816196E-03 -2.067799478E-03 -1.690180821E-01 +3.781699126E-01 -2.264578439E-01 -3.620369623E-01
6.53928571429E+09 +7.946080665E-04 +4.453405419E-03 +1.567784334E-01 +3.472811825E-01 -3.772706974E-01 -2.857798574E-01
6.55000000000E+09 +2.679811170E-03 -1.269182702E-03 +3.512049556E-01 +1.446166014E-01 -4.318590506E-01 -1.856539408E-01
6.56071428571E+09 -1.176410898E-03 -1.882926127E-03 +3.918537466E-01 -9.409396362E-02 -4.155996691E-01 +3.740476167E-02
6.57142857143E+09 -1.661837996E-03 +1.093890495E-03 +3.087841083E-01 -2.995838383E-01 -3.911859142E-01 +3.536345540E-01
6.58214285714E+09 +8.237818448E-04 +1.699380914E-03 +1.330355563E-01 -4.280046232E-01 -2.254382815E-01 +5.001688749E-01
6.59285714286E+09 +1.924875037E-03 -9.393028724E-04 -9.627758655E-02 -4.407303433E-01 -1.537728534E-01 +5.825303749E-01
6.60357142857E+09 -1.401286243E-03 -2.444686895E-03 -3.154095909E-01 -3.058538368E-01 +6.250839706E-02 +4.751559322E-01
6.61428571429E+09 -2.608525992E-03 +2.794797341E-03 -4.207061951E-01 -2.633893168E-02 +2.774918668E-01 +3.806140376E-01
6.62500000000E+09 +4.740251651E-03 +1.108191297E-03 -2.912799435E-01 +2.878537978E-01 +4.014719160E-01 +2.759341289E-01
6.63571428571E+09 -1.884360438E-03 -4.355326368E-03 +2.393190082E-02 +4.054035999E-01 +4.035567742E-01 +1.061301122E-01
6.64642857143E+09 -2.061611889E-03 +2.524983254E-03 +2.842360038E-01 +3.060806997E-01 +3.661019950E-01 -1.224868301E-01
6.65714285714E+09 +1.889312334E-03 +8.414253457E-04 +4.293128066E-01 +1.226918754E-01 +3.157860494E-01 -3.652922442E-01
6.66785714286E+09 +3.522051440E-04 -1.552924942E-03 +4.665390553E-01 -9.892495128E-02 +2.355995446E-01 -4.532955967E-01
6.67857142857E+09 -1.417829124E-03 -4.276968282E-04 +3.758550393E-01 -3.170821712E-01 -1.933260796E-02 -4.040664912E-01
6.68928571429E+09 -4.172530840E-04 +1.420273565E-03 +1.543590054E-01 -4.556527511E-01 -2.570025376E-01 -2.320281228E-01
6.70000000000E+09 +1.585246176E-03 +5.470441830E-04 -1.389543557E-01 -4.237312118E-01 -4.980622110E-01 -1.606724695E-01
6.71071428571E+09 +5.625895228E-04 -2.070343974E-03 -3.642352794E-01 -1.831517947E-01 -6.153588090E-01 -9.795300001E-02
6.72142857143E+09 -2.653658424E-03 +9.631981997E-05 -3.657719539E-01 +1.704871274E-01 -4.956304664E-01 +1.155881211E-01
6.73214285714E+09 +1.969285839E-03 +2.654714088E-03 -1.191496317E-01 +4.199516708E-01 -3.272018835E-01 +3.044922137E-01
6.74285714286E+09 +5.788762901E-04 -2.833627807E-03 +1.780773473E-01 +4.321851616E-01 -2.120450132E-01 +5.098223568E-01
6.75357142857E+09 -1.834582454E-03 +4.571678142E-04 +3.915048033E-01 +3.163459375E-01 -1.080726976E-01 +5.375520731E-01
6.76428571429E+09 +4.597330787E-04 +1.099596776E-03 +5.263100067E-01 +1.151111974E-01 +1.173219376E-01 +4.242468748E-01
6.77500000000E+09 +8.395647918E-04 -3.812203643E-04 +5.294201139E-01 -1.491942677E-01 +4.898513771E-01 +3.099484010E-01
6.78571428571E+09 -3.159373779E-04 -7.993018018E-04 +3.572904240E-01 -3.878131296E-01 +5.897473908E-01 +2.256413041E-01
6.79642857143E+09 -8.984779535E-04 +3.194280816E-04 +4.277570833E-02 -4.749764444E-01 +6.340912318E-01 +7.298773682E-02
6.80714285714E+09 +2.529145096E-04 +1.224282699E-03 -2.759894946E-01 -3.279814693E-01 +3.730818475E-01 -3.329781145E-03
6.81785714286E+09 +1.530377975E-03 -4.039791341E-04 -4.250065584E-01 +7.429382816E-04 +1.607000138E-01 -3.093227418E-01
6.82857142857E+09 -9.969951851E-04 -1.854677718E-03 -3.239671020E-01 +3.409582313E-01 -7.993974543E-03 -4.909758133E-01
6.83928571429E+09 -9.783950157E-04 +2.354826343E-03 -4.626304231E-02 +5.137600420E-01 -8.848385909E-02 -4.472612032E-01
6.85000000000E+09 +1.869485888E-03 -1.087345762E-03 +2.250880303E-01 +4.919923492E-01 -3.198300697E-01 -2.316252423E-01
6.86071428571E+09 -9.946812036E-04 -8.609194193E-04 +4.450275484E-01 +3.507076132E-01 -4.952872159E-01 -1.492396576E-01
6.87142857143E+09 -4.719483809E-04 +6.615369457E-04 +5.598779476E-01 +8.644400337E-02 -6.725766442E-01 +9.141194881E-02
6.88214285714E+09 +4.163541215E-04 +4.190086641E-04 +4.817306897E-01 -2.224424641E-01 -6.294298632E-01 +1.594881501E-01
6.89285714286E+09 +3.992459586E-04 -3.227851997E-04 +2.031781015E-01 -4.271871553E-01 -1.430758143E-01 +4.734061918E-02
6.90357142857E+09 -3.698245567E-04 -4.213867231E-04 -1.576008145E-01 -4.020157739E-01 +1.436933431E-02 +6.178131465E-01
6.91428571429E+09 -6.092791786E-04 +4.116953881E-04 -4.181488133E-01 -1.496552926E-01 +1.364835126E-01 +8.236186699E-01
6.92500000000E+09 +5.845219277E-04 +9.062038042E-04 -4.578987067E-01 +2.003596310E-01 +1.148794777E-01 +7.219100429E-01
6.93571428571E+09 +9.327132599E-04 -1.459454145E-03 -2.738083779E-01 +4.791641018E-01 +2.785452685E-01 +3.648094043E-01
6.94642857143E+09 -1.714021204E-03 +6.927655523E-04 +5.565803776E-03 +5.669910518E-01 +4.492342443E-01 +1.483968713E-01
6.95714285714E+09 +1.190512528E-03 +3.997898281E-04 +2.709322295E-01 +5.109384225E-01 +5.846094808E-01 +1.111483926E-01
6.96785714286E+09 +3.835805494E-05 -8.717092794E-04 +4.838804511E-01 +2.979285052E-01 +4.065697057E-01 +1.361147737E-03
6.97857142857E+09 -6.771940581E-04 -6.300555556E-05 +5.246938774E-01 -3.098810844E-02 +6.555025429E-02 -1.713635262E-01
6.98928571429E+09 -1.619852742E-04 +5.195882070E-04 +3.371870011E-01 -3.300916302E-01 -3.443260287E-01 -4.328130957E-01
7.00000000000E+09 +4.042220487E-04 +2.570590758E-04 -6.762111822E-03 -4.454753165E-01 -3.850999736E-01 -6.645848665E-01
7.01071428571E+09 +3.121721918E-04 -3.498946636E-04 -3.440376019E-01 -3.198209876E-01 -2.291708678E-01 -5.771595222E-01
7.02142857143E+09 -4.345532276E-04 -2.654027854E-04 -5.252371717E-01 -2.107005850E-02 -1.911576068E-01 -2.869275845E-02
7.03214285714E+09 -3.139954075E-04 +8.312467753E-04 -4.825154066E-01 +3.149034648E-01 -4.758914176E-01 +2.419668665E-01
7.04285714286E+09 +1.590861077E-03 -3.409645357E-04 -2.436369634E-01 +5.349804627E-01 -4.191703137E-01 +3.553715603E-01
7.05357142857E+09 -1.326033359E-03 -5.227566433E-04 +4.803727287E-02 +5.676838990E-01 -2.173345968E-01 +3.915994488E-01
7.06428571429E+09 +1.378755493E-04 +6.304790700E-04 +3.294168443E-01 +4.391329378E-01 -1.221033781E-01 +7.064241041E-01
7.07500000000E+09 +3.681835839E-04 -1.544385098E-04 +4.883314715E-01 +1.378326123E-01 -1.416286989E-01 +7.888562237E-01
7.08571428571E+09 -1.670235581E-04 -4.126137488E-04 +4.199886432E-01 -2.113898017E-01 +9.983802037E-02 +9.482990827E-01
7.09642857143E+09 -4.229886806E-04 -2.322089755E-06 +1.471110453E-01 -4.439624289E-01 +6.932860971E-02 +7.493022523E-01
7.10714285714E+09 -2.246542760E-04 +3.449699514E-04 -2.051516529E-01 -4.597038612E-01 +5.744576773E-02 +2.863840613E-01
7.11785714286E+09 +3.778256323E-04 +2.696690498E-04 -4.863984415E-01 -2.619727279E-01 +6.182642398E-02 -7.167649104E-02
7.12857142857E+09 +3.661469350E-04 -4.064415039E-04 -5.836488590E-01 +6.245171094E-02 +4.688927098E-01 -4.513618323E-01
7.13928571429E+09 -9.380652717E-04 -2.963841496E-04 -4.508793598E-01 +3.734695182E-01 +3.162935291E-01 -4.810932370E-01
7.15000000000E+09 +1.276437328E-03 +1.238391767E-03 -1.601683042E-01 +5.169620801E-01 +7.248676505E-02 -3.179528837E-01
7.16071428571E+09 -3.415050774E-04 -1.304807559E-03 +1.486803322E-01 +4.800833955E-01 -3.105783026E-01 -4.113264384E-01
7.17142857143E+09 -4.488797761E-04 +3.724028856E-04 +4.016298355E-01 +2.510223245E-01 -4.876305387E-01 -4.945957747E-01
7.18214285714E+09 +2.126899289E-04 +1.984782700E-04 +4.564748332E-01 -9.850054812E-02 -1.446951370E-01 +2.205720111E-02
7.19285714286E+09 +1.689345640E-04 -1.851906739E-04 +2.859670071E-01 -4.047768471E-01 -8.800235802E-01 +9.876392927E-01
7.20357142857E+09 -3.600256503E-05 -1.415331355E-04 -2.714869601E-02 -5.422050147E-01 -1.196192038E+00 +1.765825816E-01
7.21428571429E+09 -3.079874101E-04 +5.770984990E-05 -3.529648621E-01 -4.638991532E-01 -7.521952866E-01 +4.675579848E-01
7.22500000000E+09 -7.553186161E-05 +3.984509587E-04 -5.614995452E-01 -2.014460706E-01 -4.206314532E-01 +4.429472557E-01
7.23571428571E+09 +5.078200139E-04 +1.181313883E-04 -5.554579895E-01 +1.408715932E-01 +7.527407239E-02 +2.247484922E-01
7.24642857143E+09 -2.018834000E-04 -9.097473462E-04 -3.239163706E-01 +3.960398090E-01 +4.627202661E-01 +1.684116871E-01
7.25714285714E+09 +2.432777533E-04 +1.126117507E-03 -7.139884553E-03 +4.524126460E-01 +5.668215002E-01 +4.175177634E-01
7.26785714286E+09 +5.474881635E-04 -6.140024838E-04 +3.033346225E-01 +3.225388130E-01 +3.425281074E-01 +1.655868887E-01
7.27857142857E+09 -4.073889706E-04 -3.662501244E-04 +4.714692111E-01 +1.396066892E-02 +2.504014238E-01 -4.013278943E-01
7.28928571429E+09 -3.656436211E-05 +3.369824636E-04 +4.138898391E-01 -3.255994958E-01 -8.069878026E-01 -1.670254753E+00
7.30000000000E+09 +5.644614761E-05 +2.412488416E-04 +1.711553969E-01 -5.542435720E-01 +2.912827777E-01 -8.124927254E-01
7.31071428571E+09 +1.493628645E-04 +7.426697126E-08 -1.540411079E-01 -5.903621806E-01 +5.081896346E-01 -4.372356533E-01
7.32142857143E+09 -3.350576902E-05 -1.973373746E-04 -4.356149610E-01 -4.200372291E-01 -3.496185687E-01 -2.232126435E-02
7.33214285714E+09 -4.540222734E-04 +1.109379227E-04 -5.536726133E-01 -1.035133124E-01 -6.777043187E-01 -5.687571192E-02
7.34285714286E+09 +3.498382736E-04 +7.877969057E-04 -4.411034797E-01 +2.239633444E-01 -5.761517516E-01 +4.860826790E-02
7.35357142857E+09 +4.893269631E-04 -1.311642864E-03 -1.548349385E-01 +3.990952288E-01 -3.201226277E-01 +1.634232425E-01
7.36428571429E+09 -5.563310912E-04 +8.991257448E-04 +1.645722705E-01 +3.922888591E-01 -1.972495023E-01 +6.635005238E-01
7.37500000000E+09 +6.597205353E-04 +1.753095207E-06 +4.391759178E-01 +1.892700716E-01 -3.451293427E-01 +7.901402446E-01
7.38571428571E+09 +8.673528451E-05 -3.943598249E-04 +5.246590659E-01 -1.412430953E-01 -3.075053141E-01 +2.969858927E-01
7.39642857143E+09 -2.600217234E-04 -1.685508649E-04 +3.911133802E-01 -4.452369403E-01 -2.470995530E-02 +1.647619147E-01
7.40714285714E+09 -3.491295915E-04 +1.732600662E-04 +1.036411276E-01 -6.004182019E-01 +3.823329948E-01 -5.194409679E-01
7.41785714286E+09 +7.793969897E-05 +1.666266648E-04 -2.196462949E-01 -5.452204533E-01 +5.360018709E-01 +3.527612450E-01
7.42857142857E+09 +1.821036486E-04 +2.057384053E-04 -4.441756882E-01 -2.976285414E-01 +1.484591253E+00 +1.822926012E-01
7.43928571429E+09 -1.297923937E-04 -2.051069687E-04 -4.678685807E-01 +4.107963143E-02 +6.763573082E-01 +3.756992927E-01
7.45000000000E+09 -6.261750231E-04 +7.171603551E-04 -2.792794230E-01 +3.166738375E-01 +2.758957060E-01 -1.746338494E-01
7.46071428571E+09 +1.738421019E-03 -2.934505836E-04 +7.595774585E-03 +4.240200323E-01 +1.874554904E-01 -4.636039239E-01
7.47142857143E+09 -1.050361355E-03 -5.922975421E-04 +3.152726706E-01 +3.719394819E-01 +3.486861111E-01 -4.573201604E-01
7.48214285714E+09 -1.483424697E-05 +6.627735305E-04 +5.360287538E-01 +1.279204201E-01 -2.478314125E-01 +6.693139145E-02
7.49285714286E+09 +4.663571325E-04 +3.149878525E-05 +5.501143375E-01 -1.981509425E-01 -8.011320162E-01 -1.700020375E-01
7.50357142857E+09 +5.432642428E-05 -3.346821967E-04 +3.548117258E-01 -4.575676273E-01 -5.341928338E-01 -3.268256082E-01
7.51428571429E+09 -3.068503176E-04 -1.738013244E-04 +3.628585237E-02 -5.347076178E-01 -3.423743675E-01 -2.048591778E-01
7.52500000000E+09 -2.397691645E-04 +2.929812174E-04 -2.636781863E-01 -3.926258748E-01 -3.647632183E-02 -3.369330931E-02
7.53571428571E+09 +2.971848965E-04 +2.944526989E-04 -4.102252962E-01 -9.466184373E-02 +2.808602070E-01 +3.312970620E-01
7.54642857143E+09 +3.046484653E-04 -4.726140483E-04 -3.437139698E-01 +2.209491928E-01 +4.572299163E-01 +5.696400984E-01
7.55714285714E+09 -1.249684187E-03 +3.398764128E-04 -1.218696200E-01 +4.163902160E-01 +2.836734316E-01 +4.828681699E-01
7.56785714286E+09 +1.545525938E-03 +7.146981153E-04 +1.453540996E-01 +4.725348276E-01 +4.199588247E-01 +2.321844117E-01
7.57857142857E+09 -4.690662602E-05 -9.632521863E-04 +4.249230891E-01 +3.572643485E-01 +7.129576283E-01 +1.174921901E-01
7.58928571429E+09 -4.874469754E-04 +6.799105269E-05 +5.620851139E-01 +7.684697432E-02 +7.198356246E-01 +2.104126801E-01
7.60000000000E+09 +7.476965808E-05 +3.316329808E-04 +4.842216915E-01 -2.268164159E-01 +4.337087868E-01 -8.320281080E-02
7.61071428571E+09 +3.182577983E-04 -6.257845135E-05 +2.280193841E-01 -4.132592177E-01 +3.359407183E-01 +1.240666456E-01
7.62142857143E+09 -4.789090024E-05 -4.587752729E-04 -8.907462776E-02 -3.981079414E-01 +5.200083225E-02 -3.602803431E-01
7.63214285714E+09 -6.722958236E-04 -6.636483337E-05 -3.249323001E-01 -1.954358390E-01 -1.469709800E-01 -4.151450306E-01
7.64285714286E+09 -7.917230447E-05 +8.945039836E-04 -3.873243010E-01 +9.293990460E-02 -1.648440251E-01 -5.507579827E-01
7.65357142857E+09 +1.508663824E-03 -4.865663215E-04 -2.797204344E-01 +3.386686572E-01 -1.812148735E-01 -4.546623380E-02
7.66428571429E+09 -2.335729210E-03 -9.421457191E-04 -8.351623770E-02 +4.787864766E-01 -3.050323761E-01 +1.487643044E-01
7.67500000000E+09 +1.190842957E-03 +1.829883363E-03 +1.803543577E-01 +5.018320110E-01 -3.291385394E-01 +2.489466319E-01
7.68571428571E+09 +7.011688343E-04 -1.070093122E-03 +4.120108882E-01 +3.251507702E-01 -7.019531195E-02 +3.163673640E-01
7.69642857143E+09 -5.232591220E-04 -3.180880178E-04 +4.671375995E-01 +3.662682279E-02 +2.648399741E-01 +6.061855808E-01
7.70714285714E+09 -2.470861383E-04 +2.990231871E-04 +3.277453407E-01 -2.199891225E-01 +4.584593517E-01 +7.288569393E-01
7.71785714286E+09 +2.812843423E-04 +1.280538914E-04 +6.575600887E-02 -3.349355234E-01 +3.116924984E-01 +6.411332994E-01
7.72857142857E+09 +1.787477008E-04 -3.857847027E-04 -2.000723311E-01 -2.748745306E-01 +2.344814710E-01 +3.341878412E-01
7.73928571429E+09 -4.931087564E-04 -3.596380245E-04 -3.691490984E-01 -8.823035566E-02 +4.218339998E-01 -6.619689044E-02
7.75000000000E+09 -6.702727750E-04 +7.410649177E-04 -4.032999941E-01 +1.366614044E-01 +5.583038573E-01 -2.234830104E-01
7.76071428571E+09 +1.440906645E-03 +7.715635672E-04 -3.259311997E-01 +3.299299379E-01 +5.107939979E-01 -2.794453608E-01
7.77142857143E+09 -5.532820334E-04 -2.244501437E-03 -1.540820220E-01 +4.708389501E-01 +3.718816590E-01 -3.262561784E-01
7.78214285714E+09 -1.120950810E-03 +1.855808300E-03 +1.071611262E-01 +4.663297083E-01 +1.681424066E-01 -4.426587623E-01
7.79285714286E+09 +1.651092927E-03 +8.306354649E-05 +2.941457255E-01 +2.790709196E-01 -4.013988864E-03 -4.579530823E-01
7.80357142857E+09 -1.378418739E-04 -1.197537079E-03 +3.211655043E-01 +2.871680607E-02 -1.007151981E-01 -2.968648859E-01
7.81428571429E+09 -9.216559291E-04 +2.397195327E-04 +2.051112129E-01 -1.795045384E-01 -1.870485068E-01 +3.612604478E-02
7.82500000000E+09 +2.672984466E-04 +8.488901210E-04 +6.176637384E-03 -2.825527272E-01 -2.505315454E-01 +1.302738861E-01
7.83571428571E+09 +9.588035737E-04 -4.698503352E-04 -2.028062726E-01 -2.639048598E-01 -2.944208583E-01 +2.288105367E-01
7.84642857143E+09 -5.503818918E-04 -1.075893065E-03 -3.611453848E-01 -1.438377061E-01 -4.348857656E-03 +3.139169644E-01
7.85714285714E+09 -1.357890221E-03 +8.325579105E-04 -4.306460923E-01 +4.039250165E-02 +1.854098514E-01 +3.646223924E-01
7.86785714286E+09 +1.706630555E-03 +1.301343198E-03 -3.816242652E-01 +2.479632777E-01 +3.704752941E-01 +3.416091358E-01
7.87857142857E+09 -1.560277112E-04 -2.492692972E-03 -1.831084922E-01 +3.938400244E-01 +3.963539136E-01 +2.865565344E-01
7.88928571429E+09 -1.364148486E-03 +1.478864376E-03 +6.737254797E-02 +3.559737919E-01 +4.861997468E-01 +1.401177348E-01
7.90000000000E+09 +1.263302205E-03 +4.622274632E-04 +2.293513686E-01 +1.893089144E-01 +5.894855787E-01 -1.243850647E-01
7.91071428571E+09 +2.430557861E-04 -9.345823813E-04 +2.807359668E-01 -2.927155229E-02 +6.425093170E-01 -2.100055869E-01
7.92142857143E+09 -7.195448656E-04 -2.376008409E-04 +2.113057700E-01 -2.441254748E-01 +4.947863587E-01 -2.505989552E-01
7.93214285714E+09 -2.028941821E-04 +6.435660057E-04 +3.557037303E-02 -3.880965460E-01 +2.622697074E-01 -3.049992199E-01
7.94285714286E+09 +7.797535670E-04 +2.095947291E-04 -1.911077694E-01 -4.085825664E-01 +3.556892182E-02 -4.320131207E-01
7.95357142857E+09 +2.215269187E-04 -9.751726541E-04 -3.902176583E-01 -2.922124401E-01 +1.340372466E-01 -4.034658222E-01
7.96428571429E+09 -1.636996711E-03 -2.397238600E-05 -4.835500432E-01 -7.081246376E-02 -3.185652659E-02 -2.268790920E-01
7.97500000000E+09 +1.070317980E-03 +2.138858661E-03 -4.143732982E-01 +1.771550933E-01 -9.587115856E-02 -6.394469511E-02
7.98571428571E+09 +6.521944455E-04 -2.850735531E-03 -1.931208520E-01 +3.278928568E-01 -2.095580693E-01 +3.831163564E-02
7.99642857143E+09 -1.885949744E-03 +1.256268738E-03 +6.551038293E-02 +3.164648750E-01 -1.473177747E-01 +2.019809369E-01
8.00714285714E+09 +1.249290483E-03 +8.093961185E-04 +2.775863226E-01 +1.679222704E-01 +1.587842361E-01 +1.791816810E-01
8.01785714286E+09 +4.008411175E-04 -8.922668189E-04 +3.718005682E-01 -8.104708414E-02 +4.413852928E-01 +3.323483157E-01
8.02857142857E+09 -6.191337656E-04 -3.121795779E-04 +2.997616280E-01 -3.392181653E-01 +3.808794915E-01 +4.259144872E-01
8.03928571429E+09 -2.336876051E-04 +4.756785433E-04 +8.773913362E-02 -4.990033011E-01 +2.772876662E-01 +1.963817498E-01
8.05000000000E+09 +4.923202550E-04 +2.686062158E-04 -1.769348670E-01 -4.950413645E-01 +3.264762330E-01 -2.160734009E-01
8.06071428571E+09 +3.129074010E-04 -6.879745898E-04 -3.871656457E-01 -3.256689294E-01 +4.362240991E-01 -2.210871442E-01
8.07142857143E+09 -9.700896715E-04 -3.730847316E-04 -4.516677225E-01 -5.139987553E-02 +4.762365640E-01 -2.978948212E-01
8.08214285714E+09 +1.360648158E-04 +1.407556566E-03 -3.278144652E-01 +2.160036520E-01 +4.802268278E-01 -2.458844937E-01
8.09285714286E+09 +1.072961332E-03 -1.085422267E-03 -6.242376456E-02 +3.537527421E-01 +2.811973149E-01 -3.713784119E-01
8.10357142857E+09 -1.194252454E-03 -1.262836751E-04 +2.322791894E-01 +3.092157343E-01 +1.354116350E-01 -4.946469584E-01
8.11428571429E+09 +1.605267109E-04 +8.558810266E-04 +4.440181408E-01 +9.761034535E-02 +1.288563018E-01 -4.817295662E-01
8.12500000000E+09 +5.800819786E-04 -1.876190422E-04 +4.813672816E-01 -1.968007764E-01 +1.448642353E-01 -2.076457931E-01
8.13571428571E+09 -1.007206641E-04 -3.948696452E-04 +3.316410531E-01 -4.466721516E-01 -5.291607253E-02 +2.463107429E-01
8.14642857143E+09 -3.053720811E-04 +1.598107614E-04 +6.376107173E-02 -5.523636270E-01 -3.624347713E-01 -2.038291446E-03
8.15714285714E+09 +2.522651164E-04 +3.701345912E-04 -2.163560118E-01 -4.779688870E-01 -2.997481894E-01 -3.468135149E-01
8.16785714286E+09 +3.681257484E-04 -3.365880836E-04 -4.060877848E-01 -2.500613492E-01 -1.171382017E-01 -1.521556477E-01
8.17857142857E+09 -5.775966246E-04 -5.234127769E-04 -4.324565078E-01 +5.478279577E-02 +2.091949192E-01 -3.981906360E-02
8.18928571429E+09 -3.005890520E-04 +9.366797635E-04 -2.736258667E-01 +3.249383689E-01 +4.638340270E-01 +2.667564229E-01
8.20000000000E+09 +8.541982376E-04 -4.628864724E-04 +1.365726258E-02 +4.504736039E-01 +3.421170264E-01 +2.151094401E-01
8.21071428571E+09 -6.914817580E-04 -2.229727516E-04 +3.186210363E-01 +3.822867366E-01 +3.711728570E-01 -9.887198751E-02
8.22142857143E+09 -5.562527724E-05 +5.196648530E-04 +5.171245781E-01 +1.393891078E-01 +3.810679959E-01 -3.415508020E-01
8.23214285714E+09 +3.448199566E-04 -5.086528915E-05 +5.159296859E-01 -1.735451461E-01 +1.554941967E-01 -1.185423918E-01
8.24285714286E+09 +4.559341662E-05 -2.398555006E-04 +3.183883089E-01 -4.147008602E-01 +3.584246673E-01 -3.090802912E-02
8.25357142857E+09 -1.308230826E-04 -1.871189429E-05 +1.505654151E-02 -4.854969441E-01 +3.512446509E-01 +5.619071233E-01
8.26428571429E+09 +4.233775338E-05 +8.831858666E-05 -2.730815025E-01 -3.637071350E-01 -7.701991380E-01 -3.659614654E-01
8.27500000000E+09 +3.239064133E-04 -8.005468416E-05 -4.402540687E-01 -9.673654915E-02 -8.180075109E-02 -8.763132470E-01
8.28571428571E+09 +7.886995251E-05 -4.129629713E-04 -4.232082132E-01 +2.201722290E-01 +4.634358494E-01 -6.294612376E-01
8.29642857143E+09 -6.485564273E-04 +1.965320083E-04 -2.220718852E-01 +4.655454223E-01 +2.174178619E-02 -2.281925829E-01
8.30714285714E+09 +5.521723153E-04 +1.221281576E-04 +8.213703564E-02 +5.401834377E-01 -4.396275642E-01 -2.298860199E-02
8.31785714286E+09 -2.753080589E-04 -3.098656354E-04 +3.729388072E-01 +4.137040665E-01 -3.811136891E-01 -2.129588375E-01
8.32857142857E+09 -4.217840064E-05 +1.808507378E-04 +5.229241639E-01 +1.269316141E-01 +8.577927261E-01 +1.917064195E-01
8.33928571429E+09 +1.397533252E-04 +1.024857555E-04 +4.621245887E-01 -1.923410805E-01 +7.452026174E-01 +5.190278206E-02
8.35000000000E+09 +1.010001049E-04 -1.654946930E-04 +2.249688739E-01 -4.110727017E-01 +5.577693217E-01 +6.727456901E-01
8.36071428571E+09 -1.419374158E-04 -1.990141127E-04 -9.028103553E-02 -4.544729960E-01 +9.933603028E-01 +1.664649388E+00
8.37142857143E+09 -2.890129971E-04 +8.929550787E-05 -3.723439900E-01 -3.166152912E-01 +1.189359773E-01 +2.092259176E+00
8.38214285714E+09 +2.560007632E-04 +2.664962599E-04 -5.275533841E-01 -4.595394098E-02 +3.329906928E+00 -3.801284393E+00
8.39285714286E+09 +1.216112145E-04 -7.614391272E-05 -4.958914191E-01 +2.661538152E-01 +1.204449336E+00 -2.194678262E-01
8.40357142857E+09 -2.308068232E-04 -1.005311559E-04 -2.771731383E-01 +4.965207984E-01 +7.595386219E-01 +6.408822398E-02
8.41428571429E+09 +7.887106434E-05 +2.083080618E-04 +4.223346249E-02 +5.419788886E-01 +7.597501096E-03 -3.066772009E-01
8.42500000000E+09 +9.241401784E-05 -2.293901842E-04 +3.305442062E-01 +3.707151045E-01 +2.072704423E+00 -1.146860131E+00
8.43571428571E+09 -2.634223803E-04 -3.902323504E-05 +4.483882649E-01 +5.093659735E-02 +2.309180104E+00 -1.511588432E+00
8.44642857143E+09 -1.901323653E-04 +6.082657645E-05 +3.503459467E-01 -2.693896789E-01 +2.027446798E+00 -3.157257009E-01
8.45714285714E+09 -5.025241961E-05 +2.576728830E-05 +9.514957338E-02 -4.673048046E-01 +1.669108868E+00 +4.676685553E-01
8.46785714286E+09 +1.756064369E-05 -2.097361611E-05 -2.143902286E-01 -4.884343117E-01 +1.190811761E+00 +5.860356500E-01
8.47857142857E+09 -1.371517605E-04 -1.598407638E-04 -4.766315569E-01 -3.373571771E-01 +3.704563511E-01 +1.419573178E+00
8.48928571429E+09 -3.313800609E-04 -1.420773087E-04 -6.043964663E-01 -6.263567644E-02 -1.404753086E+00 +2.687919660E+00
8.50000000000E+09 +1.130576963E-04 +1.981905795E-06 -5.393186249E-01 +2.419057092E-01 -1.435880040E-01 -1.318550806E-01

[Channel0\Trace0\Marker0]
Enabled=1
Position=0.266666666666667

[Channel0\Trace1]
ReferencePosition[0]=1

[Channel0\Trace1\Marker0]
Enabled=1
Position=0.266666666666667

[Channel0\Trace2]
SPort=0
FormatType=2

[Channel0\Trace2\Marker0]
Enabled=1
Position=0.266666666666667

[Channel0\Trace3]
SPort=0
FormatType=2

[Channel0\Trace3\Marker0]
Enabled=1
Position=0.266666666666667

