[NWA State]
TriggerSource=3

[Channel0]
Points=701
FrequencyStart=1000000000
FixedPower[0]=5
FixedPower[1]=5
IFBW=1000
CorrectionEnabled=1
TraceCount=4

[Channel0\Correction\11]
Calyyyymmdd=2024/04/01
Calhhmmss=17:58:51
VNATemperature=37.7 °C
Type=3
KitLabel=ACM2509.2
KitDescription=AutoCal Module 20 kHz-9 GHz (CMT), SN: 19039185, Char: Factory, 29.2°C, ThermoComp: ON
CalIFBW=1 kHz
CalPower=5 dBm
CalPorts[0]=0
CalPorts[1]=0

[Channel0\Correction\11\Data]
1.00000000000E+09 +1.363485405E-01 -1.233926741E-01 -2.037973576E-01 +4.261500497E-03 -2.246626932E-01 +1.393463360E-01
1.01071428571E+09 -1.417580380E-01 -9.653681338E-02 -1.194061660E-01 +8.716400055E-02 -5.501520784E-02 +2.647755652E-01
1.02142857143E+09 -6.367381046E-02 +1.475283769E-01 -5.401638088E-02 +1.098891359E-01 +1.359613103E-01 +2.154897865E-01
1.03214285714E+09 +1.498846086E-01 +3.703044608E-02 +6.312469614E-03 +1.384938280E-01 +2.075298596E-01 +6.240557092E-02
1.04285714286E+09 +1.326000194E-02 -1.538099572E-01 +1.147821721E-01 +1.435664601E-01 +1.449832381E-01 -6.418265140E-02
1.05357142857E+09 -1.588765139E-01 +1.302032263E-02 +2.322638878E-01 +4.823971476E-02 +3.489569779E-02 -7.063870937E-02
1.06428571429E+09 +4.788497171E-02 +1.613587921E-01 +2.426705950E-01 -1.333186599E-01 +8.150635835E-03 +2.149343606E-02
1.07500000000E+09 +1.530426109E-01 -9.041160456E-02 +1.009226466E-01 -2.662098780E-01 +1.162853005E-01 +6.924008015E-02
1.08571428571E+09 -1.305974413E-01 -1.247336411E-01 -8.217040318E-02 -2.430083545E-01 +2.248550102E-01 -4.947644955E-02
1.09642857143E+09 -8.228151715E-02 +1.565310071E-01 -1.714717764E-01 -1.167687700E-01 +1.564190936E-01 -2.371150928E-01
1.10714285714E+09 +1.637009194E-01 +3.859338886E-02 -1.619874576E-01 -2.081513777E-03 -5.305738245E-02 -2.877004041E-01
1.11785714286E+09 +1.140720819E-03 -1.579748876E-01 -1.209816227E-01 +7.009146596E-02 -2.123750839E-01 -1.509728457E-01
1.12857142857E+09 -1.473172535E-01 +2.764247818E-02 -6.881835203E-02 +1.307196745E-01 -1.981560400E-01 +4.264656465E-02
1.13928571429E+09 +4.975560017E-02 +1.357131691E-01 +2.501855082E-02 +1.790516975E-01 -5.419227363E-02 +1.266171538E-01
1.15000000000E+09 +1.256733177E-01 -7.016759557E-02 +1.628127461E-01 +1.582372147E-01 +6.320122947E-02 +5.198899241E-02
1.16071428571E+09 -9.354927550E-02 -1.164472623E-01 +2.684347037E-01 +2.471950569E-02 +3.562587210E-02 -7.264264397E-02
1.17142857143E+09 -1.009452813E-01 +1.221738016E-01 +2.388333545E-01 -1.642380681E-01 -1.050205279E-01 -7.911271718E-02
1.18214285714E+09 +1.525608204E-01 +7.086997582E-02 +7.284918150E-02 -2.653735008E-01 -1.735100995E-01 +8.236255028E-02
1.19285714286E+09 +2.538651185E-02 -1.701860497E-01 -9.086757702E-02 -2.112157697E-01 -3.702881622E-02 +2.463758954E-01
1.20357142857E+09 -1.647472222E-01 +2.367717023E-02 -1.512444686E-01 -9.655672448E-02 +1.949386672E-01 +2.056424555E-01
1.21428571429E+09 +6.065023047E-02 +1.431207126E-01 -1.534316427E-01 -7.490721876E-03 +2.826878349E-01 -1.539973465E-02
1.22500000000E+09 +1.176642969E-01 -8.267210240E-02 -1.403652654E-01 +7.924395744E-02 +1.566934606E-01 -1.908712792E-01
1.23571428571E+09 -9.648841993E-02 -9.552456781E-02 -7.527134966E-02 +1.764087885E-01 -2.698480326E-02 -1.739993121E-01
1.24642857143E+09 -7.707757723E-02 +1.079124252E-01 +6.485267732E-02 +2.233376343E-01 -8.498759937E-02 -2.614194797E-02
1.25714285714E+09 +1.193306964E-01 +5.881463200E-02 +2.222658433E-01 +1.541153877E-01 +2.362097400E-02 +6.980721112E-02
1.26785714286E+09 +3.774553592E-02 -1.317769625E-01 +2.928154757E-01 -2.045185480E-02 +1.605659599E-01 -5.993210239E-03
1.27857142857E+09 -1.433280248E-01 -1.154191201E-02 +2.148483829E-01 -1.995290542E-01 +1.526510339E-01 -1.931983700E-01
1.28928571429E+09 +2.325362889E-02 +1.498722583E-01 +3.671083065E-02 -2.650058044E-01 -4.623494311E-02 -2.989353333E-01
1.30000000000E+09 +1.438892589E-01 -6.577661491E-02 -1.143486577E-01 -1.927658640E-01 -2.645269258E-01 -1.654683780E-01
1.31071428571E+09 -1.047089371E-01 -1.175368661E-01 -1.666674366E-01 -7.575070834E-02 -2.579475406E-01 +9.917806204E-02
1.32142857143E+09 -7.803523647E-02 +1.253081029E-01 -1.695642267E-01 +1.757567475E-02 -3.908696767E-02 +2.013953613E-01
1.33214285714E+09 +1.274923017E-01 +4.267919299E-02 -1.520250261E-01 +1.207255427E-01 +1.163596815E-01 +7.060517905E-02
1.34285714286E+09 +1.762946866E-02 -1.223628958E-01 -5.772263088E-02 +2.309584125E-01 +6.348549769E-02 -8.656322568E-02
1.35357142857E+09 -1.183933654E-01 +6.867373331E-04 +1.230279032E-01 +2.543693551E-01 -9.036703413E-02 -8.998388531E-02
1.36428571429E+09 +1.706912304E-02 +1.170283058E-01 +2.852801476E-01 +1.259188357E-01 -1.664901069E-01 +6.169814743E-02
1.37500000000E+09 +1.174184635E-01 -3.649859381E-02 +3.037922127E-01 -9.057902890E-02 -5.690122426E-02 +2.325947331E-01
1.38571428571E+09 -6.256938932E-02 -1.162699079E-01 +1.617008491E-01 -2.497407605E-01 +1.854965469E-01 +2.329297621E-01
1.39642857143E+09 -1.056102097E-01 +9.610637353E-02 -3.265200219E-02 -2.583194448E-01 +3.365523930E-01 +1.436388138E-03
1.40714285714E+09 +1.289725261E-01 +7.577354938E-02 -1.551564099E-01 -1.556525424E-01 +2.066959994E-01 -2.526189395E-01
1.41785714286E+09 +3.060709622E-02 -1.440982170E-01 -1.921311798E-01 -4.290156652E-02 -5.514004903E-02 -2.446445971E-01
1.42857142857E+09 -1.351064238E-01 +1.174433636E-02 -1.994945547E-01 +6.284729498E-02 -1.293480953E-01 -4.775718495E-02
1.43928571429E+09 +3.878531511E-02 +1.144581567E-01 -1.563300426E-01 +1.951206986E-01 +6.125289331E-03 +5.119089607E-02
1.45000000000E+09 +9.467363075E-02 -5.171829956E-02 -4.820370525E-03 +2.972076605E-01 +1.313464941E-01 -4.430194433E-02
1.46071428571E+09 -5.826978740E-02 -8.124103710E-02 +2.076179885E-01 +2.591227177E-01 +9.251651710E-02 -2.171133059E-01
1.47142857143E+09 -7.515402417E-02 +6.483572345E-02 +3.387306600E-01 +6.413080472E-02 -1.038156659E-01 -2.906556240E-01
1.48214285714E+09 +7.761644347E-02 +7.359996321E-02 +2.856712237E-01 -1.715667915E-01 -3.161981870E-01 -1.613980742E-01
1.49285714286E+09 +6.801911725E-02 -1.030109724E-01 +8.251745282E-02 -2.874626196E-01 -3.472529861E-01 +1.220734244E-01
1.50357142857E+09 -1.371078010E-01 -4.106191508E-02 -1.077238747E-01 -2.225477280E-01 -1.092411372E-01 +3.082781762E-01
1.51428571429E+09 +1.448245812E-02 +1.507729002E-01 -1.724775997E-01 -1.032802292E-01 +1.452732539E-01 +1.872139424E-01
1.52500000000E+09 +1.251359883E-01 -6.507278299E-02 -2.038368521E-01 -2.192152350E-02 +1.183716588E-01 -2.868683039E-02
1.53571428571E+09 -8.491353534E-02 -8.631654631E-02 -2.300261225E-01 +1.090704013E-01 -4.642353930E-02 -4.023131044E-02
1.54642857143E+09 -5.691520291E-02 +8.524580272E-02 -1.369568572E-01 +2.754542619E-01 -8.203821328E-02 +1.104423532E-01
1.55714285714E+09 +8.038474845E-02 +4.065427814E-02 +8.112940021E-02 +3.327949396E-01 +6.833579261E-02 +2.165093916E-01
1.56785714286E+09 +3.317103401E-02 -7.814735551E-02 +2.885275638E-01 +2.069527491E-01 +2.751620930E-01 +1.397897815E-01
1.57857142857E+09 -8.298246907E-02 -2.931090657E-02 +3.459990154E-01 -3.660502114E-02 +3.624516749E-01 -1.024506690E-01
1.58928571429E+09 -2.309437648E-02 +9.791454404E-02 +2.100167228E-01 -2.464567957E-01 +2.207223712E-01 -3.482832759E-01
1.60000000000E+09 +1.212736705E-01 +2.019388680E-03 -1.995472184E-02 -2.807432483E-01 -7.841542921E-02 -3.929018282E-01
1.61071428571E+09 -4.733511826E-02 -1.330362979E-01 -1.534442876E-01 -1.627894219E-01 -2.658186012E-01 -1.780837111E-01
1.62142857143E+09 -1.014838496E-01 +1.019265240E-01 -1.788486679E-01 -7.837894462E-02 -1.587469525E-01 +2.758976771E-02
1.63214285714E+09 +1.152851227E-01 +4.542770159E-02 -2.447756800E-01 +4.587000759E-04 -8.603300729E-03 -2.760999300E-02
1.64285714286E+09 +1.074046989E-02 -9.785833672E-02 -2.487775717E-01 +1.880382975E-01 -7.037977833E-02 -1.616488404E-01
1.65357142857E+09 -7.972805507E-02 +8.988124372E-04 -7.260152693E-02 +3.451986519E-01 -2.519668870E-01 -1.366888473E-01
1.66428571429E+09 +2.747688172E-03 +7.125245487E-02 +1.824748669E-01 +3.171175686E-01 -3.573834857E-01 +5.734953037E-02
1.67500000000E+09 +7.247357306E-02 -2.994090367E-03 +3.432533943E-01 +1.056345144E-01 -2.736031272E-01 +2.974516395E-01
1.68571428571E+09 -7.754048617E-03 -8.280184784E-02 +2.978545007E-01 -1.577777641E-01 -2.170468807E-02 +4.227459100E-01
1.69642857143E+09 -9.960243780E-02 +2.659728680E-02 +8.016332333E-02 -2.858218299E-01 +2.592726542E-01 +3.203926782E-01
1.70714285714E+09 +7.073761063E-02 +1.072371541E-01 -1.055919171E-01 -2.081038270E-01 +3.487058792E-01 +4.503296042E-02
1.71785714286E+09 +7.179173764E-02 -1.235200601E-01 -1.368207785E-01 -1.147235580E-01 +1.769816458E-01 -1.338894696E-01
1.72857142857E+09 -1.301994082E-01 -4.672584936E-03 -2.004441659E-01 -9.472473195E-02 +5.031642249E-02 -4.074397748E-02
1.73928571429E+09 +3.183770875E-02 +9.563056967E-02 -2.967942408E-01 +5.265272075E-02 +1.600606107E-01 +2.969769915E-02
1.75000000000E+09 +6.764044073E-02 -3.656605127E-02 -2.142972305E-01 +2.740373654E-01 +2.733899102E-01 -1.096472674E-01
1.76071428571E+09 -3.269543452E-02 -5.556732644E-02 +3.150509428E-02 +3.611214835E-01 +2.063025937E-01 -3.221411270E-01
1.77142857143E+09 -5.348929159E-02 +3.018601160E-02 +2.719168217E-01 +2.335015263E-01 -1.515316616E-02 -4.383385873E-01
1.78214285714E+09 +3.298184855E-02 +5.792046786E-02 +3.400092117E-01 -3.396920594E-02 -2.782509526E-01 -3.795217270E-01
1.79285714286E+09 +6.627770757E-02 -4.549728422E-02 +1.840866767E-01 -2.477325340E-01 -4.413312827E-01 -1.578784778E-01
1.80357142857E+09 -7.580114641E-02 -7.069650633E-02 -3.733417447E-02 -2.438941860E-01 -4.022606359E-01 +1.267931889E-01
1.81428571429E+09 -4.310030602E-02 +1.225059353E-01 -9.398434789E-02 -1.326968608E-01 -1.755537945E-01 +2.503209423E-01
1.82500000000E+09 +1.295230067E-01 -2.829504858E-02 -1.091483793E-01 -1.579488980E-01 -5.741638351E-02 +1.267587937E-01
1.83571428571E+09 -6.505961499E-02 -8.101249091E-02 -2.751523270E-01 -1.053428503E-01 -1.563092190E-01 +1.109593117E-01
1.84642857143E+09 -4.741621335E-02 +5.984914218E-02 -3.158110830E-01 +1.376718437E-01 -1.467820284E-01 +2.776359411E-01
1.85714285714E+09 +5.027491186E-02 +3.512678008E-02 -1.265433134E-01 +3.295161473E-01 +4.206605524E-02 +3.884240206E-01
1.86785714286E+09 +3.217104490E-02 -4.643363133E-02 +1.492475598E-01 +3.084620281E-01 +2.850640341E-01 +3.349658570E-01
1.87857142857E+09 -4.846072063E-02 -3.290848820E-02 +3.116879390E-01 +8.722251327E-02 +4.468914685E-01 +1.308835882E-01
1.88928571429E+09 -3.454932521E-02 +5.708357976E-02 +2.463714752E-01 -1.610069289E-01 +4.486622985E-01 -1.488265788E-01
1.90000000000E+09 +7.597492953E-02 +3.243969634E-02 +4.617450670E-02 -2.371895707E-01 +2.734093162E-01 -3.699016866E-01
1.91071428571E+09 +1.057261618E-02 -1.073361390E-01 -5.410363764E-02 -1.460191690E-01 +5.909743542E-03 -3.904810252E-01
1.92142857143E+09 -1.145724157E-01 +5.155418092E-02 -2.082842080E-02 -1.514641200E-01 -1.025475333E-01 -2.243219664E-01
1.93214285714E+09 +8.990994817E-02 +6.093512311E-02 -1.670618547E-01 -2.213846509E-01 -3.851553910E-02 -2.110040151E-01
1.94285714286E+09 +2.091195803E-02 -7.595055008E-02 -3.398666723E-01 -3.663351176E-02 -1.361591305E-01 -3.037583308E-01
1.95357142857E+09 -5.951124196E-02 -8.998657315E-03 -2.613407946E-01 +2.322203289E-01 -3.325039727E-01 -2.574283959E-01
1.96428571429E+09 -6.611619770E-03 +5.143227789E-02 +2.438633321E-03 +3.329143388E-01 -4.617548610E-01 -6.442666706E-02
1.97500000000E+09 +4.968469697E-02 +6.375075384E-03 +2.359091119E-01 +1.959831291E-01 -4.550990483E-01 +1.888408721E-01
1.98571428571E+09 +6.142437002E-03 -5.323009396E-02 +2.678556118E-01 -4.372349763E-02 -3.020184277E-01 +4.027506275E-01
1.99642857143E+09 -6.431293488E-02 -3.015029400E-03 +1.256010221E-01 -1.747296283E-01 -4.535406883E-02 +4.905299699E-01
2.00714285714E+09 +1.318599625E-02 +8.410721403E-02 +1.331821701E-02 -1.261868742E-01 +2.037256401E-01 +3.883675431E-01
2.01785714286E+09 +9.053500050E-02 -6.069235101E-02 +6.962458990E-02 -1.068445173E-01 +2.758253575E-01 +1.842172395E-01
2.02857142857E+09 -9.879211140E-02 -4.310353472E-02 +6.988785100E-03 -2.681586168E-01 +2.283829585E-01 +1.237965927E-01
2.03928571429E+09 +1.611675437E-03 +8.425987690E-02 -2.582263933E-01 -2.196940176E-01 +3.091635323E-01 +1.115647723E-01
2.05000000000E+09 +6.254952766E-02 -1.520763313E-02 -3.331494344E-01 +6.615900434E-02 +4.047858736E-01 -4.054910584E-02
2.06071428571E+09 -1.729889499E-02 -4.977045995E-02 -1.408089837E-01 +2.773749772E-01 +3.776457160E-01 -2.639184413E-01
2.07142857143E+09 -4.376089669E-02 +1.718399795E-02 +1.147380839E-01 +2.493496786E-01 +2.154695617E-01 -4.494867194E-01
2.08214285714E+09 +1.748577588E-02 +4.301011695E-02 +2.225790361E-01 +6.559630928E-02 -3.054869498E-02 -5.143075300E-01
2.09285714286E+09 +4.737989471E-02 -2.054802057E-02 +1.545254619E-01 -7.619634072E-02 -2.829545777E-01 -4.299681198E-01
2.10357142857E+09 -3.246281746E-02 -5.570113061E-02 +6.328153258E-02 -6.555607634E-02 -4.384529807E-01 -2.191576162E-01
2.11428571429E+09 -5.645057116E-02 +6.163523152E-02 +1.230975673E-01 -2.611775095E-02 -4.261852758E-01 +5.677866488E-03
2.12500000000E+09 +9.119865769E-02 +2.429284329E-02 +1.760361367E-01 -2.028835869E-01 -3.342122443E-01 +1.118136427E-01
2.13571428571E+09 -1.831095638E-02 -8.302121312E-02 -8.124653869E-02 -3.373625601E-01 -3.104600884E-01 +1.784095871E-01
2.14642857143E+09 -5.763304655E-02 +3.578292633E-02 -3.216723577E-01 -1.200382125E-01 -2.692857450E-01 +3.131688559E-01
2.15714285714E+09 +3.690161574E-02 +3.934753413E-02 -2.476140058E-01 +1.709028907E-01 -1.251138000E-01 +4.498585227E-01
2.16785714286E+09 +3.027064479E-02 -3.386909989E-02 -1.352311593E-02 +2.497603998E-01 +1.012921624E-01 +4.879940408E-01
2.17857142857E+09 -3.188766912E-02 -2.723284439E-02 +1.335325040E-01 +1.430432134E-01 +3.348091070E-01 +3.920614761E-01
2.18928571429E+09 -2.774516478E-02 +3.360963477E-02 +1.271409509E-01 +3.044003120E-02 +4.893304515E-01 +1.830208276E-01
2.20000000000E+09 +4.137323026E-02 +2.912189740E-02 +8.086550307E-02 +3.072832211E-02 +5.041787786E-01 -7.278184394E-02
2.21071428571E+09 +2.511486868E-02 -5.689757500E-02 +1.531550728E-01 +6.998532270E-02 +3.847411202E-01 -2.788523264E-01
2.22142857143E+09 -7.430579934E-02 -6.054749885E-03 +2.805280904E-01 -7.563505691E-02 +2.110137072E-01 -3.698467798E-01
2.23214285714E+09 +2.746564020E-02 +7.465799841E-02 +1.356687852E-01 -3.400769536E-01 +7.367022154E-02 -3.888220031E-01
2.24285714286E+09 +5.105666869E-02 -5.149280278E-02 -2.159420016E-01 -2.929972058E-01 -4.031046411E-02 -4.086025002E-01
2.25357142857E+09 -5.278923455E-02 -2.528658230E-02 -3.086832832E-01 +2.050784937E-02 -2.054946229E-01 -4.031255276E-01
2.26428571429E+09 -1.201403063E-02 +4.487497412E-02 -1.389916117E-01 +1.983610648E-01 -3.943164773E-01 -2.995777103E-01
2.27500000000E+09 +3.906311365E-02 +7.366954492E-03 +1.238066202E-02 +1.759144410E-01 -5.115112250E-01 -9.261459576E-02
2.28571428571E+09 +5.758674559E-03 -3.736623640E-02 +4.211787562E-02 +1.184103386E-01 -5.051775237E-01 +1.547652330E-01
2.29642857143E+09 -3.931981164E-02 -4.021931713E-03 +4.269107782E-02 +1.423163228E-01 -3.759370519E-01 +3.667754257E-01
2.30714285714E+09 -1.874162680E-04 +4.444386096E-02 +1.475290173E-01 +1.880349902E-01 -1.628080175E-01 +4.822658672E-01
2.31785714286E+09 +5.178551370E-02 -9.152752399E-03 +3.260938116E-01 +7.430302966E-02 +7.024665032E-02 +4.824649048E-01
2.32857142857E+09 -2.917372848E-02 -5.639307883E-02 +3.208487579E-01 -2.380308561E-01 +2.405850389E-01 +3.803271730E-01
2.33928571429E+09 -4.243838115E-02 +5.531450392E-02 -2.794791218E-02 -4.055015580E-01 +3.320627607E-01 +2.547659064E-01
2.35000000000E+09 +6.118460043E-02 +1.226746012E-02 -3.111425064E-01 -1.610259458E-01 +4.128096371E-01 +1.390558985E-01
2.36071428571E+09 -6.051011275E-03 -4.901109404E-02 -2.494617531E-01 +1.021766546E-01 +4.777399331E-01 -3.599606109E-02
2.37142857143E+09 -3.795035635E-02 +1.148355275E-02 -1.178076249E-01 +1.619488510E-01 +4.415051014E-01 -2.546702374E-01
2.38214285714E+09 +1.270429463E-02 +3.165791911E-02 -7.653889069E-02 +1.652434669E-01 +2.948111423E-01 -4.401597280E-01
2.39285714286E+09 +2.890437640E-02 -1.314765448E-02 -4.491533482E-02 +2.313927113E-01 +6.670932868E-02 -5.329678145E-01
2.40357142857E+09 -1.402164280E-02 -2.892805548E-02 +9.226903716E-02 +3.016947738E-01 -1.820539008E-01 -5.144745817E-01
2.41428571429E+09 -3.174022222E-02 +1.747901895E-02 +3.150858162E-01 +2.248349984E-01 -3.821422952E-01 -3.742149734E-01
2.42500000000E+09 +2.764839162E-02 +3.568248943E-02 +4.322917640E-01 -7.644111579E-02 -4.823975902E-01 -1.592224201E-01
2.43571428571E+09 +3.054873534E-02 -4.759616086E-02 +2.005030679E-01 -4.104973363E-01 -4.634259957E-01 +4.726263575E-02
2.44642857143E+09 -6.013852844E-02 -4.725797623E-03 -2.177158371E-01 -3.538502644E-01 -4.019106163E-01 +1.866738648E-01
2.45714285714E+09 +1.881374912E-02 +4.844800674E-02 -3.231326516E-01 -5.325049985E-02 -3.276164927E-01 +3.177531726E-01
2.46785714286E+09 +3.188061817E-02 -2.546103629E-02 -2.384634558E-01 +8.563350313E-02 -1.887048405E-01 +4.500760491E-01
2.47857142857E+09 -2.399177559E-02 -2.148998914E-02 -2.106648749E-01 +1.433589524E-01 +2.694060099E-02 +5.106740989E-01
2.48928571429E+09 -1.667402283E-02 +2.102125890E-02 -1.782965557E-01 +2.606310082E-01 +2.652957220E-01 +4.663871356E-01
2.50000000000E+09 +1.948761675E-02 +1.563891772E-02 -2.465059207E-02 +3.811666786E-01 +4.552350939E-01 +3.031071829E-01
2.51071428571E+09 +1.727370272E-02 -2.051031452E-02 +2.387241977E-01 +3.623648056E-01 +5.409400624E-01 +5.538003129E-02
2.52142857143E+09 -2.607476682E-02 -1.968026565E-02 +4.596143589E-01 +1.048056901E-01 +4.950076950E-01 -2.029120016E-01
2.53214285714E+09 -1.738065465E-02 +3.871858666E-02 +3.863132512E-01 -3.045879627E-01 +3.384984018E-01 -3.801478463E-01
2.54285714286E+09 +5.171346996E-02 +2.514731447E-04 -2.781336853E-02 -4.743308237E-01 +1.515086502E-01 -4.375103259E-01
2.55357142857E+09 -2.540855845E-02 -4.546173023E-02 -3.178175321E-01 -2.431813720E-01 +4.699229742E-03 -4.442789411E-01
2.56428571429E+09 -2.428972525E-02 +3.527648641E-02 -3.146129031E-01 -3.751116815E-02 -1.448516525E-01 -4.441590291E-01
2.57500000000E+09 +2.977659779E-02 +1.000581804E-02 -3.143884748E-01 +5.635499832E-02 -3.352125613E-01 -3.875878657E-01
2.58571428571E+09 +5.398139121E-03 -2.302981207E-02 -3.139253923E-01 +2.133669566E-01 -4.974621911E-01 -2.204108195E-01
2.59642857143E+09 -1.947514491E-02 -5.275982209E-03 -1.776606782E-01 +3.979867117E-01 -5.521037376E-01 +3.109318408E-02
2.60714285714E+09 -6.510724750E-03 +1.917232708E-02 +1.085852775E-01 +4.629191728E-01 -4.840207156E-01 +2.903567970E-01
2.61785714286E+09 +2.215442881E-02 +7.713459692E-03 +4.182377671E-01 +2.782318493E-01 -2.997754426E-01 +4.717729763E-01
2.62857142857E+09 +6.657157858E-03 -2.903573507E-02 +5.020234626E-01 -1.367519564E-01 -5.011043897E-02 +5.232382759E-01
2.63928571429E+09 -3.844560001E-02 +1.440882924E-03 +2.067770683E-01 -4.786067056E-01 +1.787081264E-01 +4.466474773E-01
2.65000000000E+09 +2.147304327E-02 +4.131574784E-02 -1.989330976E-01 -4.330790533E-01 +3.027360705E-01 +3.048695021E-01
2.66071428571E+09 +2.288015513E-02 -3.954835110E-02 -3.345008235E-01 -1.967288414E-01 +3.631335058E-01 +2.036198174E-01
2.67142857143E+09 -3.394415550E-02 -2.059964835E-03 -3.609896817E-01 -7.192321003E-02 +4.622410585E-01 +8.208438062E-02
2.68214285714E+09 +3.251244725E-03 +2.358033953E-02 -4.106553492E-01 +9.545727682E-02 +4.917483130E-01 -1.465733461E-01
2.69285714286E+09 +1.848851350E-02 -2.569251730E-03 -3.308913620E-01 +3.371315980E-01 +3.969549190E-01 -3.927274564E-01
2.70357142857E+09 -1.252344357E-03 -1.701131832E-02 -5.628407939E-02 +5.017558557E-01 +1.866621085E-01 -5.446745252E-01
2.71428571429E+09 -1.786085927E-02 +6.571240006E-04 +3.159533465E-01 +4.187076170E-01 -7.819027064E-02 -5.619955808E-01
2.72500000000E+09 +1.281529554E-03 +2.071305654E-02 +5.367873595E-01 +5.148046503E-02 -3.221108559E-01 -4.527610068E-01
2.73571428571E+09 +2.558928190E-02 -4.612920744E-03 +4.042072196E-01 -3.718656221E-01 -4.688952809E-01 -2.504233880E-01
2.74642857143E+09 -1.499449449E-02 -3.165456246E-02 +1.787632224E-02 -5.336136537E-01 -4.779418286E-01 -2.716457406E-02
2.75714285714E+09 -2.480170936E-02 +3.578470945E-02 -2.744264236E-01 -3.714217566E-01 -3.979407019E-01 +9.893613533E-02
2.76785714286E+09 +3.778609121E-02 -7.722101078E-04 -3.498757902E-01 -2.071570323E-01 -3.878730285E-01 +1.953827968E-01
2.77857142857E+09 -9.415680607E-03 -2.391728145E-02 -4.439111574E-01 -5.646330149E-02 -3.191705621E-01 +3.941404029E-01
2.78928571429E+09 -1.682208695E-02 +8.430506136E-03 -4.479737124E-01 +2.139223238E-01 -1.169087252E-01 +5.295774349E-01
2.80000000000E+09 +6.855651738E-03 +1.453200636E-02 -2.269772377E-01 +4.729516289E-01 +1.502529141E-01 +5.210308719E-01
2.81071428571E+09 +1.423554419E-02 -5.927902776E-03 +1.653837849E-01 +5.125397838E-01 +3.900416424E-01 +3.788873396E-01
2.82142857143E+09 -5.878855991E-03 -1.515740402E-02 +4.933170260E-01 +2.423023308E-01 +5.276178066E-01 +1.444770940E-01
2.83214285714E+09 -1.764813025E-02 +6.971229804E-03 +5.316841807E-01 -1.830877950E-01 +5.184490432E-01 -1.137376494E-01
2.84285714286E+09 +1.176462772E-02 +2.267834485E-02 +2.688418610E-01 -4.975423492E-01 +3.693092140E-01 -3.188193471E-01
2.85357142857E+09 +2.489269420E-02 -2.773248391E-02 -1.019300111E-01 -5.179758151E-01 +1.717374709E-01 -3.746294036E-01
2.86428571429E+09 -4.285213383E-02 -2.024634510E-03 -2.939189648E-01 -3.397829590E-01 +9.305876234E-02 -3.672220789E-01
2.87500000000E+09 +1.603160780E-02 +2.704738846E-02 -4.081963135E-01 -2.051943333E-01 -1.654935027E-02 -4.671784394E-01
2.88571428571E+09 +1.503872454E-02 -1.470005843E-02 -5.038030404E-01 +4.887058427E-02 -2.559758472E-01 -4.587358798E-01
2.89642857143E+09 -1.153526328E-02 -1.089767029E-02 -3.789137422E-01 +3.771046603E-01 -4.713410660E-01 -3.012949849E-01
2.90714285714E+09 -9.729743448E-03 +9.550889558E-03 -1.828400120E-02 +5.460798107E-01 -5.699313867E-01 -6.035228098E-02
2.91785714286E+09 +8.439600113E-03 +1.013018123E-02 +3.750331159E-01 +4.100606286E-01 -5.310571442E-01 +1.927570741E-01
2.92857142857E+09 +1.201559217E-02 -8.370646548E-03 +5.671803294E-01 +4.528673071E-02 -3.660108164E-01 +3.987650666E-01
2.93928571429E+09 -1.059342925E-02 -1.608785577E-02 +4.671556067E-01 -3.435198671E-01 -1.219770012E-01 +4.881931144E-01
2.95000000000E+09 -2.139020279E-02 +2.058822177E-02 +1.379379114E-01 -5.488588273E-01 +1.063403594E-01 +4.186704738E-01
2.96071428571E+09 +4.206328845E-02 +9.713674670E-03 -1.816411088E-01 -4.614432022E-01 +1.686382162E-01 +2.988907900E-01
2.97142857143E+09 -2.024334425E-02 -3.444690749E-02 -3.305449570E-01 -3.143773362E-01 +2.353720185E-01 +3.019996105E-01
2.98214285714E+09 -1.506054313E-02 +2.236610260E-02 -4.870447251E-01 -1.118300754E-01 +4.263476100E-01 +1.949982701E-01
2.99285714286E+09 +1.669610726E-02 +7.894765673E-03 -4.791437642E-01 +2.348012757E-01 +5.203918772E-01 -4.467084890E-02
3.00357142857E+09 +6.772101402E-03 -1.233344198E-02 -2.348677654E-01 +4.962320521E-01 +4.375768027E-01 -2.994364151E-01
3.01428571429E+09 -1.019159512E-02 -6.926413513E-03 +1.583436744E-01 +5.373765295E-01 +2.369301954E-01 -4.792447544E-01
3.02500000000E+09 -8.422220958E-03 +9.439025466E-03 +4.817014427E-01 +3.128618872E-01 -2.142600357E-02 -5.322924315E-01
3.03571428571E+09 +1.063633118E-02 +1.153652179E-02 +5.845994377E-01 -6.689455470E-02 -2.688846523E-01 -4.482984109E-01
3.04642857143E+09 +1.633994368E-02 -1.681414061E-02 +4.048579793E-01 -4.255718630E-01 -4.038397035E-01 -2.503052917E-01
3.05714285714E+09 -3.512560374E-02 -1.436696910E-02 +3.478551576E-02 -5.382626327E-01 -3.717081369E-01 -5.923023200E-02
3.06785714286E+09 +1.710163614E-02 +4.288798853E-02 -2.200047372E-01 -4.044132918E-01 -3.421383528E-01 -2.367204281E-02
3.07857142857E+09 +1.681760053E-02 -2.980122778E-02 -4.038588604E-01 -2.558872023E-01 -4.403447896E-01 +8.806615407E-02
3.08928571429E+09 -2.149427240E-02 -4.584055282E-03 -5.194144052E-01 +5.589361295E-02 -3.922280950E-01 +3.148637847E-01
3.10000000000E+09 -2.573883294E-03 +1.526014573E-02 -3.711097642E-01 +4.017546630E-01 -1.968426394E-01 +4.845593107E-01
3.11071428571E+09 +1.233369115E-02 +3.400157676E-03 -2.295833866E-02 +5.625821520E-01 +6.927381220E-02 +5.188832727E-01
3.12142857143E+09 +5.188898990E-03 -1.158979798E-02 +3.463336807E-01 +4.629881445E-01 +3.102132019E-01 +4.204389156E-01
3.13214285714E+09 -1.298816243E-02 -7.748143789E-03 +5.730970784E-01 +1.460224096E-01 +4.487946699E-01 +2.047745407E-01
3.14285714286E+09 -1.080570422E-02 +1.859037224E-02 +5.333414014E-01 -2.570381288E-01 +4.340816861E-01 -4.504141786E-02
3.15357142857E+09 +3.295617376E-02 +9.052536411E-03 +2.150970810E-01 -5.140883212E-01 +2.876145243E-01 -2.126550639E-01
3.16428571429E+09 -1.628011239E-02 -4.640584902E-02 -1.296180568E-01 -4.583335794E-01 +1.733489461E-01 -2.055475198E-01
3.17500000000E+09 -2.037366394E-02 +4.072040594E-02 -3.179375680E-01 -3.147805079E-01 +2.016627207E-01 -2.594920591E-01
3.18571428571E+09 +2.967807911E-02 -8.529193796E-04 -4.885712255E-01 -8.811452255E-02 +7.594916998E-02 -4.294918353E-01
3.19642857143E+09 -3.310833157E-03 -1.887044707E-02 -4.735017619E-01 +2.549099171E-01 -1.855951969E-01 -4.563561161E-01
3.20714285714E+09 -1.438673573E-02 +1.529845083E-03 -2.279048128E-01 +5.166168271E-01 -4.032990777E-01 -3.245023100E-01
3.21785714286E+09 -6.643349020E-04 +1.342328864E-02 +1.362314726E-01 +5.683846429E-01 -5.053414349E-01 -9.377614765E-02
3.22857142857E+09 +1.469610489E-02 +2.955604493E-03 +4.682878200E-01 +3.708489901E-01 -4.606484165E-01 +1.584587532E-01
3.23928571429E+09 +4.738704964E-03 -1.916793828E-02 +5.945412147E-01 -2.161341810E-02 -3.050795359E-01 +3.427893247E-01
3.25000000000E+09 -2.906533738E-02 -2.744124108E-03 +3.967222614E-01 -3.999553000E-01 -1.019762248E-01 +3.863506251E-01
3.26071428571E+09 +1.381484944E-02 +4.133757109E-02 +1.748520798E-02 -4.943885275E-01 +2.534086753E-02 +2.852065433E-01
3.27142857143E+09 +2.731267851E-02 -4.320596084E-02 -2.313221096E-01 -3.697206879E-01 +5.291611077E-03 +2.567277105E-01
3.28214285714E+09 -3.935083218E-02 +2.144964009E-03 -4.167220702E-01 -2.157411346E-01 +1.176565754E-01 +3.540066708E-01
3.29285714286E+09 +8.452368459E-03 +2.457200927E-02 -5.207597280E-01 +7.331051411E-02 +3.460773245E-01 +2.840666060E-01
3.30357142857E+09 +1.804967682E-02 -6.549080619E-03 -4.074083523E-01 +3.912920449E-01 +4.591845316E-01 +5.204694862E-02
3.31428571429E+09 -4.321355531E-03 -1.637190918E-02 -1.055836846E-01 +5.794450441E-01 +3.973508565E-01 -2.073152902E-01
3.32500000000E+09 -1.778677040E-02 +3.060624309E-03 +2.727934243E-01 +5.320007073E-01 +2.097405625E-01 -3.818333673E-01
3.33571428571E+09 +3.448530617E-03 +2.191579675E-02 +5.420214879E-01 +2.201259210E-01 -1.884968093E-02 -4.133274194E-01
3.34642857143E+09 +2.864622184E-02 -7.735642616E-03 +5.055557690E-01 -2.064104570E-01 -1.971105074E-01 -2.940507777E-01
3.35714285714E+09 -2.110616892E-02 -3.488913088E-02 +1.868441958E-01 -4.493822275E-01 -2.466771027E-01 -1.261724227E-01
3.36785714286E+09 -2.644854763E-02 +4.539998224E-02 -1.218518982E-01 -4.095861746E-01 -1.786638919E-01 -7.205278017E-02
3.37857142857E+09 +5.005221469E-02 -4.813519500E-03 -3.096097355E-01 -2.989864642E-01 -2.495446954E-01 -1.271343268E-01
3.38928571429E+09 -1.807325842E-02 -3.166877269E-02 -4.837390620E-01 -1.084801685E-01 -3.982835152E-01 +1.288513219E-02
3.40000000000E+09 -2.136448555E-02 +1.579859241E-02 -5.129838113E-01 +2.026530506E-01 -3.592896221E-01 +2.598080084E-01
3.41071428571E+09 +1.291715226E-02 +1.864634154E-02 -3.188377860E-01 +4.870294355E-01 -1.724534932E-01 +4.223522063E-01
3.42142857143E+09 +1.942287618E-02 -1.207884132E-02 +4.462442618E-02 +5.834822781E-01 +5.047278763E-02 +4.328102507E-01
3.43214285714E+09 -1.427759832E-02 -2.208050088E-02 +4.009054811E-01 +3.873038964E-01 +2.285412190E-01 +3.037882240E-01
3.44285714286E+09 -2.527070332E-02 +2.037906281E-02 +5.063159534E-01 -1.613766371E-02 +2.916023250E-01 +1.163051116E-01
3.45357142857E+09 +3.226255012E-02 +2.626976561E-02 +2.975547365E-01 -3.431014421E-01 +2.264828455E-01 -3.287775233E-02
3.46428571429E+09 +1.767401585E-02 -4.989111390E-02 -1.004920224E-02 -4.139608058E-01 +1.198309390E-01 -3.977017761E-02
3.47500000000E+09 -5.821777967E-02 +8.908952034E-03 -2.224076676E-01 -3.391632285E-01 +1.621925208E-01 +1.072774478E-02
3.48571428571E+09 +3.039284047E-02 +4.243575377E-02 -3.981977593E-01 -2.228946881E-01 +2.446152141E-01 -1.267328100E-01
3.49642857143E+09 +2.559706404E-02 -3.250372922E-02 -5.226421647E-01 +1.526139591E-02 +1.170270866E-01 -3.173614768E-01
3.50714285714E+09 -2.983298160E-02 -1.844818760E-02 -4.581583502E-01 +3.253973116E-01 -1.113825192E-01 -3.326206186E-01
3.51785714286E+09 -1.618419247E-02 +2.916888104E-02 -1.723039726E-01 +5.344660328E-01 -2.770036548E-01 -1.859503747E-01
3.52857142857E+09 +3.137103783E-02 +1.483657584E-02 +2.065010774E-01 +4.788855586E-01 -3.140292581E-01 +7.725417287E-03
3.53928571429E+09 +1.263339793E-02 -3.665332825E-02 +4.307977413E-01 +1.600861619E-01 -2.329395182E-01 +1.505401951E-01
3.55000000000E+09 -4.495348886E-02 -7.772669500E-03 +3.572118053E-01 -1.944900847E-01 -9.577729807E-02 +1.836247628E-01
3.56071428571E+09 +4.391671357E-03 +5.517172700E-02 +1.058939257E-01 -3.603445904E-01 -2.991912601E-02 +1.168356841E-01
3.57142857143E+09 +5.805701673E-02 -2.867637523E-02 -1.133293815E-01 -3.465644681E-01 -8.924233202E-02 +8.825829000E-02
3.58214285714E+09 -5.033361057E-02 -4.093771946E-02 -2.777354204E-01 -2.845952167E-01 -1.039220638E-01 +2.165394026E-01
3.59285714286E+09 -1.914912148E-02 +5.408023293E-02 -4.412483584E-01 -1.357539091E-01 +5.588188628E-02 +3.005250942E-01
3.60357142857E+09 +4.999285048E-02 +6.122749150E-03 -4.833810009E-01 +1.400121839E-01 +2.263584104E-01 +2.006127663E-01
3.61428571429E+09 -1.451969319E-03 -4.682019876E-02 -2.975115043E-01 +4.004854242E-01 +2.694208849E-01 +1.869504899E-02
3.62500000000E+09 -4.581891868E-02 +7.753509728E-03 +4.249675872E-02 +4.519063631E-01 +1.846899754E-01 -1.148797407E-01
3.63571428571E+09 +1.428610279E-02 +4.571185026E-02 +3.152220846E-01 +2.403121975E-01 +4.792768538E-02 -1.445779047E-01
3.64642857143E+09 +4.631235991E-02 -2.258452117E-02 +3.511982766E-01 -7.934849817E-02 -3.788389007E-02 -7.867268640E-02
3.65714285714E+09 -3.497039017E-02 -4.677337722E-02 +1.811311828E-01 -2.993674280E-01 -1.964645114E-02 +8.920031482E-04
3.66785714286E+09 -4.200384091E-02 +5.283762901E-02 -3.367708133E-02 -3.432994999E-01 +5.051144278E-02 -1.678960811E-02
3.67857142857E+09 +7.086688069E-02 +2.393837733E-02 -1.840788757E-01 -2.933385285E-01 +2.972476510E-02 -1.186330600E-01
3.68928571429E+09 -2.852732499E-03 -7.573110158E-02 -3.101109830E-01 -2.148648682E-01 -1.045975371E-01 -1.290665127E-01
3.70000000000E+09 -6.666933140E-02 +2.470186637E-02 -4.115061152E-01 -4.254359699E-02 -1.872940332E-01 -7.691724885E-03
3.71071428571E+09 +3.780304748E-02 +5.425100169E-02 -3.575275662E-01 +2.042238575E-01 -1.400967487E-01 +1.103625905E-01
3.72142857143E+09 +4.299224781E-02 -4.555656830E-02 -1.135297104E-01 +3.476535236E-01 -3.559538433E-02 +1.422860302E-01
3.73214285714E+09 -5.169753328E-02 -3.325235308E-02 +1.603661859E-01 +2.611904743E-01 +3.261316441E-02 +9.535278409E-02
3.74285714286E+09 -2.417783580E-02 +5.798975730E-02 +2.733207974E-01 +1.857084549E-02 +2.392042524E-02 +3.324418552E-02
3.75357142857E+09 +6.514633246E-02 +1.362252351E-02 +1.890051606E-01 -1.949002774E-01 -2.906295334E-02 +2.908357348E-02
3.76428571429E+09 -1.752207840E-03 -7.212897244E-02 +2.659128167E-02 -2.661820773E-01 -5.079910770E-02 +9.205080352E-02
3.77500000000E+09 -7.462682942E-02 +2.298121188E-02 -8.664833423E-02 -2.361538709E-01 +7.837270822E-03 +1.450333524E-01
3.78571428571E+09 +4.656557910E-02 +6.715412775E-02 -1.511569098E-01 -2.021930080E-01 +9.442508643E-02 +1.244773552E-01
3.79642857143E+09 +4.998132628E-02 -6.564381092E-02 -2.357827404E-01 -1.527817990E-01 +1.264240802E-01 +5.293604024E-02
3.80714285714E+09 -7.503426112E-02 -2.794321878E-02 -2.956951811E-01 -1.095108326E-02 +9.888287622E-02 +6.670588195E-05
3.81785714286E+09 -6.612729562E-03 +7.674110608E-02 -2.101961426E-01 +1.681477852E-01 +6.788568856E-02 -1.097634567E-02
3.82857142857E+09 +7.349158857E-02 -1.142689269E-02 +2.930552516E-03 +2.173928900E-01 +6.777364609E-02 -5.459876514E-03
3.83928571429E+09 -2.695561453E-02 -6.772768189E-02 +1.655260723E-01 +8.218294273E-02 +8.124831547E-02 -2.394991872E-02
3.85000000000E+09 -5.995210094E-02 +4.148715214E-02 +1.532343974E-01 -9.570861799E-02 +7.754021418E-02 -6.903167132E-02
3.86071428571E+09 +5.505649261E-02 +4.947721537E-02 +4.392510932E-02 -1.558332194E-01 +3.657830797E-02 -1.103442220E-01
3.87142857143E+09 +3.523842434E-02 -6.643467738E-02 -4.185162082E-03 -1.186560986E-01 -3.372525713E-02 -1.237041842E-01
3.88214285714E+09 -7.419254395E-02 -1.751713646E-02 +1.943359377E-02 -1.238973506E-01 -1.038973567E-01 -9.933302431E-02
3.89285714286E+09 +2.267807822E-03 +7.675575850E-02 -1.506480436E-02 -1.932299601E-01 -1.516161431E-01 -3.640334668E-02
3.90357142857E+09 +7.400948024E-02 -2.223706564E-02 -1.433651550E-01 -1.903968800E-01 -1.670213786E-01 +4.556655788E-02
3.91428571429E+09 -4.074164891E-02 -6.562498749E-02 -2.214333584E-01 -4.661731916E-02 -1.425224729E-01 +1.241376090E-01
3.92500000000E+09 -5.223574485E-02 +5.734277719E-02 -1.319148121E-01 +1.045107911E-01 -8.017800530E-02 +1.777131289E-01
3.93571428571E+09 +6.964470268E-02 +3.332535053E-02 +2.658698981E-02 +1.006740591E-01 -6.443771285E-03 +1.930368413E-01
3.94642857143E+09 +1.072757004E-02 -7.367677477E-02 +6.767845454E-02 -3.322605775E-03 +4.763082315E-02 +1.830239933E-01
3.95714285714E+09 -6.859827576E-02 +9.601191270E-03 +1.365594536E-02 -1.944710042E-02 +9.437895655E-02 +1.761225819E-01
3.96785714286E+09 +2.351602030E-02 +5.892192173E-02 +4.458165788E-02 +4.565451134E-02 +1.619159717E-01 +1.627390825E-01
3.97857142857E+09 +4.958316306E-02 -3.219751444E-02 +1.691157155E-01 +1.409028740E-02 +2.400327196E-01 +1.019200396E-01
3.98928571429E+09 -3.891196446E-02 -4.183067526E-02 +2.054057971E-01 -1.575964891E-01 +2.852452017E-01 -1.572390823E-02
4.00000000000E+09 -3.475982272E-02 +4.600405734E-02 +5.017250357E-02 -2.958150169E-01 +2.577993893E-01 -1.556341614E-01
4.01071428571E+09 +5.510776227E-02 +2.672405189E-02 -1.631295312E-01 -2.301983107E-01 +1.392584621E-01 -2.598558250E-01
4.02142857143E+09 +1.323789345E-02 -6.577808647E-02 -2.153849403E-01 -2.186651990E-02 -1.950514546E-02 -2.765914088E-01
4.03214285714E+09 -7.164610779E-02 +1.060553759E-02 -8.977396258E-02 +9.382515221E-02 -1.329833418E-01 -1.979699469E-01
4.04285714286E+09 +3.753493547E-02 +6.068989946E-02 -1.621375581E-02 +5.641043244E-02 -1.622086889E-01 -1.151887635E-01
4.05357142857E+09 +3.718104848E-02 -4.998995677E-02 -4.413333222E-02 +8.579694010E-02 -1.895097871E-01 -7.926653605E-02
4.06428571429E+09 -4.804109917E-02 -1.842693335E-02 +4.066555493E-02 +1.945989141E-01 -2.505608412E-01 -1.110773371E-02
4.07500000000E+09 -8.157337038E-03 +4.239791063E-02 +2.456856197E-01 +1.672033871E-01 -2.826833233E-01 +1.262898119E-01
4.08571428571E+09 +3.822562936E-02 +2.982131182E-03 +3.587102444E-01 -5.522848713E-02 -2.246020035E-01 +2.783648225E-01
4.09642857143E+09 -3.849185170E-05 -3.673231045E-02 +2.371238276E-01 -3.002216066E-01 -6.510253818E-02 +3.837042515E-01
4.10714285714E+09 -3.850010881E-02 +3.203680055E-03 -3.901001930E-02 -3.576005723E-01 +1.370064827E-01 +3.895455993E-01
4.11785714286E+09 +1.037110836E-02 +4.390654876E-02 -2.471259883E-01 -1.825534961E-01 +3.077446085E-01 +2.724298417E-01
4.12857142857E+09 +4.788751303E-02 -2.839391577E-02 -2.299597393E-01 +4.479164884E-02 +3.565194027E-01 +8.691339755E-02
4.13928571429E+09 -5.274105950E-02 -3.223282738E-02 -1.265061285E-01 +1.050658988E-01 +2.963642276E-01 -3.158544932E-02
4.15000000000E+09 -1.954371653E-03 +5.399029647E-02 -1.373581827E-01 +1.610466126E-01 +2.745601007E-01 -7.198266097E-02
4.16071428571E+09 +3.870146564E-02 -1.237898352E-02 -3.522377532E-02 +3.234721378E-01 +2.879238984E-01 -1.728735884E-01
4.17142857143E+09 -1.444513747E-02 -2.772455638E-02 +2.318536525E-01 +3.351440112E-01 +2.114728713E-01 -3.081134829E-01
4.18214285714E+09 -2.257528180E-02 +1.353185878E-02 +4.275291280E-01 +1.046970270E-01 +3.492954395E-02 -3.956963517E-01
4.19285714286E+09 +1.286751382E-02 +2.080704266E-02 +3.756626061E-01 -2.081739190E-01 -1.813025472E-01 -3.791800098E-01
4.20357142857E+09 +2.163623346E-02 -1.394453105E-02 +1.063190117E-01 -3.791582239E-01 -3.580938723E-01 -2.400914356E-01
4.21428571429E+09 -1.877397592E-02 -2.443647756E-02 -1.901149713E-01 -2.974292447E-01 -4.226552726E-01 -1.338799355E-02
4.22500000000E+09 -2.557377885E-02 +3.177084218E-02 -3.045061515E-01 -5.226969984E-02 -3.409944189E-01 +2.008025375E-01
4.23571428571E+09 +5.070897319E-02 +8.994752596E-03 -2.300088402E-01 +1.045368244E-01 -1.766377896E-01 +2.778366901E-01
4.24642857143E+09 -2.178372207E-02 -4.290846678E-02 -2.246948451E-01 +1.763966168E-01 -1.098241369E-01 +2.791192750E-01
4.25714285714E+09 -2.006429922E-02 +2.723930890E-02 -1.485500612E-01 +3.743268933E-01 -4.491052830E-02 +3.536935289E-01
4.26785714286E+09 +2.095024692E-02 +9.702901929E-03 +1.375179854E-01 +4.507299266E-01 +1.265187798E-01 +3.997358048E-01
4.27857142857E+09 +6.792167991E-03 -1.610568921E-02 +4.038187367E-01 +2.584942599E-01 +3.271430505E-01 +3.407417328E-01
4.28928571429E+09 -1.373124497E-02 -6.590285178E-03 +4.432662796E-01 -8.009082580E-02 +4.608404275E-01 +1.745193658E-01
4.30000000000E+09 -7.542499874E-03 +1.332743308E-02 +2.269029271E-01 -3.465625853E-01 +4.966768800E-01 -5.408847077E-02
4.31071428571E+09 +1.539056736E-02 +9.335897003E-03 -1.065997820E-01 -3.806814485E-01 +4.135710307E-01 -2.751936720E-01
4.32142857143E+09 +1.061066574E-02 -2.221228513E-02 -3.426010781E-01 -1.815358339E-01 +2.133504308E-01 -4.169567603E-01
4.33214285714E+09 -3.607100446E-02 -2.410847029E-03 -3.491310458E-01 +5.595220406E-02 -3.585715875E-03 -4.085008957E-01
4.34285714286E+09 +2.533616014E-02 +3.324292009E-02 -3.123716289E-01 +1.526678079E-01 -9.230493161E-02 -3.140311512E-01
4.35357142857E+09 +8.199858959E-03 -2.955800123E-02 -2.925955097E-01 +3.502042236E-01 -1.758428634E-01 -3.055174825E-01
4.36428571429E+09 -1.948697559E-02 +2.990885074E-04 -3.618761401E-02 +5.127295824E-01 -3.493656212E-01 -2.445762322E-01
4.37500000000E+09 +9.295594656E-04 +1.372863757E-02 +2.855214402E-01 +4.108419533E-01 -4.547855376E-01 -6.630148012E-02
4.38571428571E+09 +1.125608824E-02 -2.710440829E-04 +4.411080667E-01 +9.669504525E-02 -4.435982099E-01 +1.768086714E-01
4.39642857143E+09 +6.343484029E-04 -1.071213266E-02 +3.298472763E-01 -2.410124983E-01 -3.127764724E-01 +3.816451035E-01
4.40714285714E+09 -1.165367680E-02 -1.404208223E-03 +1.895621663E-02 -4.023402963E-01 -9.991689502E-02 +4.996808651E-01
4.41785714286E+09 -1.709123542E-03 +1.498482421E-02 -2.941470952E-01 -3.036322878E-01 +1.449924867E-01 +4.952927098E-01
4.42857142857E+09 +2.234301772E-02 -1.845739207E-03 -4.144305229E-01 -5.306143999E-02 +3.289802737E-01 +3.511643496E-01
4.43928571429E+09 -1.964804450E-02 -2.555650860E-02 -3.625178709E-01 +1.046183359E-01 +3.849715024E-01 +1.643610350E-01
4.45000000000E+09 -3.107341167E-03 +2.905267659E-02 -3.779848338E-01 +2.427507704E-01 +4.023099401E-01 +8.415305673E-02
4.46071428571E+09 +1.690333570E-02 -6.497721935E-03 -2.073854706E-01 +4.745233011E-01 +4.579265616E-01 -5.097610084E-02
4.47142857143E+09 -5.323652213E-03 -1.042459860E-02 +1.336190609E-01 +4.828732908E-01 +4.186102565E-01 -2.675749514E-01
4.48214285714E+09 -8.102770408E-03 +3.714278346E-03 +3.862635603E-01 +2.302497300E-01 +2.691938904E-01 -4.399638721E-01
4.49285714286E+09 +2.621222826E-03 +7.604134481E-03 +3.928325685E-01 -1.325743482E-01 +4.744729415E-02 -5.238908363E-01
4.50357142857E+09 +8.161967384E-03 -1.883378947E-03 +1.534475595E-01 -3.962321253E-01 -1.945014802E-01 -4.984751769E-01
4.51428571429E+09 -1.694981676E-03 -9.909847842E-03 -1.789051982E-01 -4.224320242E-01 -3.780106902E-01 -3.405323766E-01
4.52500000000E+09 -1.383950368E-02 +3.425835046E-03 -4.043866084E-01 -2.361755855E-01 -4.645203853E-01 -9.401864619E-02
4.53571428571E+09 +1.306470560E-02 +1.879712003E-02 -4.264111759E-01 -2.027458851E-02 -4.103077472E-01 +1.336006688E-01
4.54642857143E+09 +5.331310818E-03 -2.818774140E-02 -4.200146737E-01 +9.396477954E-02 -3.045089829E-01 +2.217252813E-01
4.55714285714E+09 -1.765342712E-02 +1.037605513E-02 -3.729461211E-01 +3.318597470E-01 -2.491646070E-01 +3.343293487E-01
4.56785714286E+09 +9.313369619E-03 +8.447487435E-03 -6.970506086E-02 +4.767759597E-01 -9.764426996E-02 +4.696447478E-01
4.57857142857E+09 +5.564262149E-03 -6.837902655E-03 +2.630035644E-01 +3.331180153E-01 +1.337208948E-01 +4.965058606E-01
4.58928571429E+09 -5.332576989E-03 -4.803257908E-03 +3.949312575E-01 -1.034643966E-02 +3.510027231E-01 +4.056909125E-01
4.60000000000E+09 -4.968354483E-03 +4.548524903E-03 +2.530027216E-01 -3.372626007E-01 +4.877978281E-01 +2.268564929E-01
4.61071428571E+09 +4.183091763E-03 +5.892451338E-03 -5.004775599E-02 -4.642938568E-01 +5.393908321E-01 -3.027167561E-02
4.62142857143E+09 +7.725701475E-03 -4.924580763E-03 -3.205592778E-01 -3.618363138E-01 +4.881475451E-01 -2.661695525E-01
4.63214285714E+09 -9.294854461E-03 -1.056667665E-02 -4.210071242E-01 -1.502329952E-01 +3.248770863E-01 -4.094444053E-01
4.64285714286E+09 -6.402939880E-03 +2.113002333E-02 -4.014985045E-01 -1.465341853E-02 +1.228845839E-01 -4.335898796E-01
4.65357142857E+09 +1.859210577E-02 -1.078882113E-02 -4.297262095E-01 +1.604070475E-01 -4.574947847E-03 -4.484983730E-01
4.66428571429E+09 -1.177201301E-02 -7.070887075E-03 -2.226414302E-01 +4.070194662E-01 -1.714241580E-01 -4.620090449E-01
4.67500000000E+09 -3.296467434E-03 +8.401858935E-03 +1.434054576E-01 +3.929137400E-01 -3.692245040E-01 -3.471762040E-01
4.68571428571E+09 +6.374492462E-03 +2.471866944E-03 +3.850708120E-01 +1.159538968E-01 -4.932799349E-01 -1.513306826E-01
4.69642857143E+09 +2.545183142E-03 -5.335790758E-03 +3.660575836E-01 -2.316552792E-01 -4.958412131E-01 +1.027595261E-01
4.70714285714E+09 -5.028620725E-03 -3.080366892E-03 +1.393200756E-01 -4.505291731E-01 -4.097091103E-01 +3.407239882E-01
4.71785714286E+09 -4.200525395E-03 +5.535186369E-03 -1.368996159E-01 -4.595997440E-01 -2.163018796E-01 +4.801318898E-01
4.72857142857E+09 +7.798650215E-03 +5.751628673E-03 -3.145854866E-01 -3.093124078E-01 +4.021651451E-02 +4.995289139E-01
4.73928571429E+09 +5.162120784E-03 -1.469215390E-02 -3.438790593E-01 -1.453378758E-01 +2.558838201E-01 +4.149501872E-01
4.75000000000E+09 -2.002333493E-02 +7.519598217E-03 -3.751334600E-01 -3.464205222E-02 +3.493766710E-01 +2.835633978E-01
4.76071428571E+09 +1.575150799E-02 +7.786979256E-03 -3.343300108E-01 +2.342574296E-01 +4.402589205E-01 +1.667828497E-01
4.77142857143E+09 +6.109319244E-04 -1.124857138E-02 -8.475394378E-04 +3.823064048E-01 +5.130692314E-01 -2.419303510E-02
4.78214285714E+09 -7.632711580E-03 +4.495372897E-04 +3.219828832E-01 +2.106460726E-01 +4.854134141E-01 -2.640332100E-01
4.79285714286E+09 +1.220894275E-04 +5.819901226E-03 +4.104007987E-01 -1.105552460E-01 +3.592731504E-01 -4.550504026E-01
4.80357142857E+09 +5.093730767E-03 +4.593209773E-04 +2.731315273E-01 -3.679532944E-01 +1.635876722E-01 -5.330153612E-01
4.81428571429E+09 +1.020890760E-03 -5.374291694E-03 +3.530826284E-02 -4.551686002E-01 -1.063400353E-01 -5.112737892E-01
4.82500000000E+09 -6.837006512E-03 -1.671779555E-03 -1.661322870E-01 -3.791516661E-01 -3.423776852E-01 -4.027032416E-01
4.83571428571E+09 -1.500668510E-03 +1.057161867E-02 -2.519344118E-01 -2.353270784E-01 -4.592995634E-01 -2.123667527E-01
4.84642857143E+09 +1.585924728E-02 -4.790164885E-03 -2.840987207E-01 -1.327927053E-01 -4.649946957E-01 -2.987686530E-03
4.85714285714E+09 -1.653389453E-02 -9.822359627E-03 -3.502918414E-01 +6.430911463E-02 -4.186337680E-01 +1.545523226E-01
4.86785714286E+09 +1.627335507E-03 +1.419360180E-02 -1.442111768E-01 +3.440898561E-01 -3.514184671E-01 +3.194855340E-01
4.87857142857E+09 +8.493881568E-03 -3.828760646E-03 +2.183101156E-01 +3.232817290E-01 -2.021376552E-01 +4.674453501E-01
4.88928571429E+09 -3.009549544E-03 -5.839561452E-03 +4.130192241E-01 +7.168556904E-02 +3.068888589E-02 +5.061799033E-01
4.90000000000E+09 -4.848492813E-03 +2.032920690E-03 +3.852704355E-01 -1.941289363E-01 +2.850470357E-01 +4.463251246E-01
4.91071428571E+09 +1.433252766E-03 +4.718623424E-03 +2.217016842E-01 -3.468219367E-01 +4.814858995E-01 +3.205598117E-01
4.92142857143E+09 +5.445426116E-03 -1.189481110E-03 +3.577318452E-02 -3.590094145E-01 +5.508437026E-01 +1.052921075E-01
4.93214285714E+09 -1.631153963E-03 -7.372629105E-03 -8.898150048E-02 -2.814146305E-01 +5.218953017E-01 -1.386902383E-01
4.94285714286E+09 -1.037240652E-02 +4.437600768E-03 -1.576852095E-01 -2.010038735E-01 +4.015808751E-01 -3.330768265E-01
4.95357142857E+09 +1.270396875E-02 +1.021586818E-02 -2.666346690E-01 -8.798244207E-02 +2.394067042E-01 -4.358095110E-01
4.96428571429E+09 -7.797568237E-04 -1.697874304E-02 -2.585868539E-01 +2.145655719E-01 +8.387397192E-02 -4.815977767E-01
4.97500000000E+09 -1.007970314E-02 +6.774033946E-03 +5.723965823E-02 +3.732807319E-01 -9.004769302E-02 -4.953114428E-01
4.98571428571E+09 +6.023743286E-03 +5.476883188E-03 +3.197377360E-01 +2.326658191E-01 -3.062022217E-01 -4.205616895E-01
4.99642857143E+09 +4.012064807E-03 -4.704429236E-03 +3.842885547E-01 +1.205692000E-02 -4.721366404E-01 -2.535295277E-01
5.00714285714E+09 -3.935051825E-03 -3.842305321E-03 +3.123751391E-01 -1.509568416E-01 -5.166567228E-01 -2.401028487E-02
5.01785714286E+09 -4.117450938E-03 +3.696492699E-03 +1.919401747E-01 -2.211295549E-01 -4.639161343E-01 +2.194645159E-01
5.02857142857E+09 +4.278376070E-03 +4.928414058E-03 +8.357184600E-02 -2.253746124E-01 -3.212418177E-01 +4.054212780E-01
5.03928571429E+09 +6.156238064E-03 -6.166126717E-03 -1.200677202E-02 -2.107399073E-01 -1.004095987E-01 +4.932069811E-01
5.05000000000E+09 -1.103239157E-02 -6.233482739E-03 -1.504651790E-01 -1.631640189E-01 +1.219226367E-01 +4.681679385E-01
5.06071428571E+09 +8.594744813E-04 +1.709211600E-02 -2.840993494E-01 +5.945364307E-02 +2.829913711E-01 +3.626253272E-01
5.07142857143E+09 +1.159509995E-02 -1.077885392E-02 -1.171490563E-01 +3.513834977E-01 +4.125402934E-01 +2.407692965E-01
5.08214285714E+09 -1.001028477E-02 -3.776639482E-03 +1.719052922E-01 +3.456288528E-01 +5.179627320E-01 +8.213788273E-02
5.09285714286E+09 -1.309998059E-03 +6.981844621E-03 +3.005790180E-01 +1.924571223E-01 +5.230841135E-01 -1.093750239E-01
5.10357142857E+09 +5.575844432E-03 +8.081976739E-04 +3.102288120E-01 +5.636311857E-02 +3.908317292E-01 -3.489374563E-01
5.11428571429E+09 +1.073329658E-03 -4.944555670E-03 +2.748803913E-01 -3.934689686E-02 +2.184467052E-01 -5.014051814E-01
5.12500000000E+09 -4.893383467E-03 -1.546475624E-03 +2.200971552E-01 -1.178329102E-01 -3.063683767E-03 -5.401057148E-01
5.13571428571E+09 -2.023768336E-03 +5.688687426E-03 +1.263688840E-01 -1.918430188E-01 -2.253315860E-01 -4.743891725E-01
5.14642857143E+09 +7.884953320E-03 +2.157541221E-03 -4.055933109E-02 -2.251174624E-01 -3.995865146E-01 -3.307849029E-01
5.15714285714E+09 -2.561132373E-04 -1.205507205E-02 -2.576848219E-01 -1.111633412E-01 -4.733613905E-01 -1.281251009E-01
5.16785714286E+09 -1.307733614E-02 +9.148068737E-03 -3.086735621E-01 +2.000755206E-01 -4.635865686E-01 +4.755001527E-02
5.17857142857E+09 +1.393376659E-02 +3.961524919E-03 -6.956215151E-02 +3.766358119E-01 -4.174394233E-01 +2.038108888E-01
5.18928571429E+09 -1.779266683E-03 -9.709077672E-03 +1.089889876E-01 +3.133654246E-01 -3.070086275E-01 +3.956348588E-01
5.20000000000E+09 -6.348210467E-03 +2.435911454E-03 +1.771736908E-01 +2.347979355E-01 -1.215267500E-01 +5.148595667E-01
5.21071428571E+09 +2.015049082E-03 +4.973979942E-03 +2.280596213E-01 +1.609011008E-01 +1.014379577E-01 +4.985965434E-01
5.22142857143E+09 +4.628501470E-03 -1.464944122E-03 +2.586178587E-01 +4.737532635E-02 +3.310556596E-01 +3.863431749E-01
5.23214285714E+09 -1.160474664E-03 -4.930516641E-03 +2.146479751E-01 -1.040094179E-01 +4.735470852E-01 +2.015037694E-01
5.24285714286E+09 -5.975177736E-03 +1.275377937E-03 +5.242225489E-02 -2.274591133E-01 +5.137475507E-01 -2.937431983E-02
5.25357142857E+09 +2.611286804E-03 +8.011549056E-03 -2.002903214E-01 -2.104540253E-01 +4.609477238E-01 -2.437046149E-01
5.26428571429E+09 +9.809028869E-03 -7.382317470E-03 -3.865382376E-01 +2.164613697E-02 +3.109710342E-01 -3.656916409E-01
5.27500000000E+09 -1.496588991E-02 -4.120347646E-03 -2.938763312E-01 +3.103201280E-01 +1.446639011E-01 -4.283943693E-01
5.28571428571E+09 +5.530683464E-03 +1.159798099E-02 -8.569082287E-02 +3.600670278E-01 -6.273245988E-03 -4.794355760E-01
5.29642857143E+09 +5.424966083E-03 -5.995433771E-03 +2.158480323E-02 +3.363367826E-01 -2.106004285E-01 -4.600371463E-01
5.30714285714E+09 -4.350418844E-03 -3.251599197E-03 +1.402096533E-01 +3.037495882E-01 -4.148711420E-01 -3.283077648E-01
5.31785714286E+09 -2.759164694E-03 +3.337840298E-03 +2.612429187E-01 +1.844344025E-01 -5.249457478E-01 -1.251567992E-01
5.32857142857E+09 +2.876974137E-03 +2.881478127E-03 +2.946069861E-01 -2.703707233E-02 -5.294752507E-01 +9.455678474E-02
5.33928571429E+09 +3.361256200E-03 -2.926853972E-03 +1.683716939E-01 -2.461038559E-01 -4.211875035E-01 +3.086075458E-01
5.35000000000E+09 -3.543048254E-03 -4.339395601E-03 -9.799492347E-02 -3.388673901E-01 -2.144444104E-01 +4.286740681E-01
5.36071428571E+09 -5.722321113E-03 +5.510661335E-03 -3.720395363E-01 -2.178382623E-01 +2.595614862E-02 +4.720383737E-01
5.37142857143E+09 +1.117690857E-02 +4.895401144E-03 -4.690801830E-01 +6.918822491E-02 +1.835918747E-01 +4.145554149E-01
5.38214285714E+09 -5.836742071E-03 -1.390690296E-02 -3.215930130E-01 +2.749766297E-01 +2.605589309E-01 +3.195365716E-01
5.39285714286E+09 -4.637740730E-03 +9.745924682E-03 -1.892917203E-01 +3.228570090E-01 +4.196900821E-01 +2.023942217E-01
5.40357142857E+09 +6.447184805E-03 +1.208541304E-03 -3.982873553E-02 +3.656971287E-01 +5.278153217E-01 +1.458563371E-02
5.41428571429E+09 +7.120478011E-04 -4.568472820E-03 +1.639539147E-01 +3.013498882E-01 +5.007564122E-01 -2.157325033E-01
5.42500000000E+09 -3.759356351E-03 -8.641375734E-04 +3.037696935E-01 +8.418799418E-02 +3.369379709E-01 -3.996627262E-01
5.43571428571E+09 -1.182190712E-03 +3.524647063E-03 +2.608150780E-01 -2.019704308E-01 +1.171874861E-01 -4.759310183E-01
5.44642857143E+09 +3.755600401E-03 +1.586669054E-03 +2.641299686E-02 -3.953073698E-01 -1.311146484E-01 -4.649951796E-01
5.45714285714E+09 +2.187023120E-03 -4.866650126E-03 -2.778912532E-01 -3.824421688E-01 -3.134409008E-01 -3.656106182E-01
5.46785714286E+09 -7.927628716E-03 -2.456028995E-03 -4.896870166E-01 -1.698483556E-01 -3.861362096E-01 -1.801230169E-01
5.47857142857E+09 +3.076379704E-03 +1.310503014E-02 -4.803314784E-01 +1.137566297E-01 -3.737260433E-01 -2.168618211E-02
5.48928571429E+09 +5.400775705E-03 -1.239734708E-02 -3.350005225E-01 +2.587014482E-01 -4.067192313E-01 +7.024269792E-02
5.50000000000E+09 -8.094475780E-03 +1.299965200E-03 -1.817240414E-01 +3.619807963E-01 -3.797286242E-01 +2.629843490E-01
5.51071428571E+09 +1.569355647E-03 +4.937919233E-03 +6.933881510E-02 +3.769023324E-01 -1.939703973E-01 +4.189538195E-01
5.52142857143E+09 +3.729921242E-03 -1.011093961E-03 +3.078036343E-01 +2.014390904E-01 +3.549217623E-02 +4.877315450E-01
5.53214285714E+09 -4.812307374E-04 -3.306101022E-03 +3.778803339E-01 -1.089206563E-01 +3.038283265E-01 +4.532420333E-01
5.54285714286E+09 -3.215862537E-03 -3.943507968E-05 +2.272009728E-01 -3.922070498E-01 +4.431217690E-01 +3.390113695E-01
5.55357142857E+09 -3.633596566E-04 +3.593256973E-03 -6.246350371E-02 -5.090308288E-01 +4.479268501E-01 +1.060078794E-01
5.56428571429E+09 +5.240958244E-03 +5.391584809E-04 -3.517299635E-01 -4.160999533E-01 +3.916266217E-01 -1.238574148E-01
5.57500000000E+09 -1.504322852E-03 -9.311986980E-03 -5.037875024E-01 -1.574492670E-01 +2.877328265E-01 -2.665229431E-01
5.58571428571E+09 -8.524757853E-03 +1.177131186E-02 -4.388564112E-01 +1.019519017E-01 +2.214136738E-01 -2.829828178E-01
5.59642857143E+09 +1.065617106E-02 -2.912720207E-03 -3.033218316E-01 +2.671793787E-01 +1.409095508E-01 -4.121966155E-01
5.60714285714E+09 -4.007952212E-03 -5.098753782E-03 -5.829449807E-02 +3.837179456E-01 -8.828219511E-02 -4.641639293E-01
5.61785714286E+09 -3.064658284E-03 +2.932583197E-03 +2.490158096E-01 +3.018454392E-01 -2.982071762E-01 -3.945844452E-01
5.62857142857E+09 +2.150396732E-03 +2.527711028E-03 +4.321984931E-01 +2.530932674E-02 -4.362311386E-01 -2.241001878E-01
5.63928571429E+09 +2.625454276E-03 -1.575065427E-03 +3.927908903E-01 -2.980798533E-01 -4.131621076E-01 +1.984180703E-02
5.65000000000E+09 -1.110858427E-03 -2.920066393E-03 +1.666940048E-01 -5.154267871E-01 -3.669489216E-01 +2.240326187E-01
5.66071428571E+09 -3.886630855E-03 +8.883491972E-04 -1.393845287E-01 -5.433153030E-01 -2.176133550E-01 +3.944068919E-01
5.67142857143E+09 +2.067150903E-03 +6.133186988E-03 -3.967874813E-01 -3.677978175E-01 -5.338798343E-02 +3.715748191E-01
5.68214285714E+09 +8.009584492E-03 -8.572174097E-03 -4.700535178E-01 -6.535367542E-02 +6.055011767E-02 +2.804556115E-01
5.69285714286E+09 -1.385431985E-02 +2.590834282E-03 -3.610958456E-01 +1.798021102E-01 +1.226219776E-01 +3.236677425E-01
5.70357142857E+09 +6.906798256E-03 +5.634517527E-03 -1.540356450E-01 +3.657704942E-01 +3.283622263E-01 +2.995646225E-01
5.71428571429E+09 +2.241957716E-03 -4.704630389E-03 +1.699068224E-01 +3.917846686E-01 +4.543945497E-01 +1.340388024E-01
5.72500000000E+09 -3.108916548E-03 -1.470741570E-03 +4.389272217E-01 +1.954997812E-01 +4.298234534E-01 -1.123452507E-01
5.73571428571E+09 -1.549688603E-03 +2.473564956E-03 +5.212565966E-01 -1.159595027E-01 +2.851979391E-01 -3.134167839E-01
5.74642857143E+09 +2.184447114E-03 +1.937807413E-03 +3.998454423E-01 -4.024652390E-01 +1.495157070E-01 -4.275321787E-01
5.75714285714E+09 +2.851678078E-03 -2.307275299E-03 +1.294596964E-01 -5.550598624E-01 -2.359929978E-02 -3.983691328E-01
5.76785714286E+09 -3.391196313E-03 -4.232135367E-03 -1.881417510E-01 -5.033134454E-01 -1.657644552E-01 -2.770916389E-01
5.77857142857E+09 -5.099610810E-03 +7.813892748E-03 -4.015292622E-01 -2.477986708E-01 -2.052045861E-01 -1.785924264E-01
5.78928571429E+09 +1.331904465E-02 -2.757986060E-03 -3.974711955E-01 +6.534090759E-02 -2.114899847E-01 -1.800095367E-01
5.80000000000E+09 -9.734291954E-03 -5.202524120E-03 -2.435286280E-01 +3.165807998E-01 -3.605233302E-01 -1.198854508E-01
5.81071428571E+09 -4.259865437E-04 +6.647779485E-03 +5.195566085E-02 +4.479632253E-01 -3.649873387E-01 +1.341326178E-01
5.82142857143E+09 +4.168728351E-03 -8.057629984E-05 +3.665395100E-01 +3.599444663E-01 -2.307955896E-01 +3.273521060E-01
5.83214285714E+09 +3.553835434E-04 -2.957712671E-03 +5.523425339E-01 +1.066831375E-01 -1.310876020E-01 +4.213093935E-01
5.84285714286E+09 -2.696738234E-03 -5.766255166E-04 +5.484899169E-01 -1.995498785E-01 +9.400276492E-02 +3.374978971E-01
5.85357142857E+09 -9.637197455E-04 +3.000976193E-03 +3.569661941E-01 -4.465486957E-01 +2.466998399E-01 +1.843056211E-01
5.86428571429E+09 +4.016088809E-03 +1.654440545E-03 +3.465867851E-02 -5.253998035E-01 +2.538393533E-01 +2.927961257E-02
5.87500000000E+09 +1.696934968E-03 -6.497414324E-03 -2.795911747E-01 -3.663876157E-01 +2.191418776E-01 -4.131994729E-02
5.88571428571E+09 -1.041011544E-02 +1.825867290E-03 -4.054957616E-01 -3.815298072E-02 +1.739549016E-01 -3.679486504E-02
5.89642857143E+09 +1.017707180E-02 +7.337633961E-03 -3.091576953E-01 +2.656959217E-01 +2.492960633E-01 -6.254654370E-02
5.90714285714E+09 -7.382781690E-04 -9.120598685E-03 -7.763986969E-02 +4.631747597E-01 +2.166770575E-01 -3.090145804E-01
5.91785714286E+09 -5.313704712E-03 +2.202839132E-03 +2.287723771E-01 +4.896076153E-01 +2.399753154E-02 -3.855864837E-01
5.92857142857E+09 +1.531426994E-03 +3.799476358E-03 +4.838292586E-01 +3.315096279E-01 -1.617751529E-01 -2.815023648E-01
5.93928571429E+09 +3.258692452E-03 -9.120501122E-04 +5.966353894E-01 +5.566062881E-02 -2.884110869E-01 -1.315801947E-01
5.95000000000E+09 -6.205591175E-04 -3.293418013E-03 +5.208671827E-01 -2.456546543E-01 -3.112665441E-01 -8.167977476E-03
5.96071428571E+09 -4.038254383E-03 +6.973846395E-04 +2.560745141E-01 -4.512901453E-01 -2.224533517E-01 +7.982020782E-02
5.97142857143E+09 +1.551810728E-03 +5.427283070E-03 -1.023629722E-01 -4.348916007E-01 -1.266802638E-01 +8.826765008E-02
5.98214285714E+09 +6.850286951E-03 -4.287368098E-03 -3.596432768E-01 -1.796363577E-01 -1.038732225E-01 +5.872587920E-02
5.99285714286E+09 -9.426846256E-03 -5.261776812E-03 -3.860548931E-01 +1.558933365E-01 -1.561550287E-01 +1.376435712E-01
6.00357142857E+09 +1.455118275E-03 +1.044445993E-02 -2.314896321E-01 +4.155443593E-01 -9.968002861E-02 +3.262307541E-01
6.01428571429E+09 +6.077897787E-03 -4.504595790E-03 +2.990085302E-02 +5.436745285E-01 +1.296788859E-01 +2.929252367E-01
6.02500000000E+09 -4.125944403E-03 -3.465842566E-03 +3.159491165E-01 +4.965823498E-01 +2.900550935E-01 +1.163920122E-01
6.03571428571E+09 -2.784292221E-03 +3.511400519E-03 +5.230576788E-01 +2.863310472E-01 +2.674535741E-01 -3.923468429E-02
6.04642857143E+09 +3.106639335E-03 +2.734188258E-03 +5.661564186E-01 -2.336072657E-02 +1.772499760E-01 -1.106620088E-01
6.05714285714E+09 +2.866775035E-03 -3.257953979E-03 +3.953482570E-01 -3.156533601E-01 +8.044762334E-02 -1.098146076E-01
6.06785714286E+09 -4.056251221E-03 -3.033934542E-03 +5.625987753E-02 -4.349833866E-01 +4.469285508E-02 -7.773233806E-02
6.07857142857E+09 -2.811394908E-03 +5.524817041E-03 -2.781588334E-01 -2.990135411E-01 +7.375135495E-02 -1.108562650E-01
6.08928571429E+09 +7.750237074E-03 +1.475292219E-03 -4.340997507E-01 +1.098417499E-03 +1.031756333E-01 -1.931274269E-01
6.10000000000E+09 -2.198359924E-03 -9.397762817E-03 -3.834108094E-01 +2.990206136E-01 -2.630180893E-03 -3.038184651E-01
6.11071428571E+09 -7.210048337E-03 +6.368152735E-03 -1.953808906E-01 +5.015281864E-01 -2.432510147E-01 -2.266288708E-01
6.12142857143E+09 +7.126202527E-03 +3.116765720E-03 +7.250631789E-02 +5.690145565E-01 -3.020823905E-01 -2.899499007E-02
6.13214285714E+09 +8.864381416E-04 -5.900266060E-03 +3.447998578E-01 +4.615992443E-01 -2.160701192E-01 +4.766930253E-02
6.14285714286E+09 -5.083389305E-03 +2.472626366E-06 +5.074082032E-01 +1.897498613E-01 -6.330236280E-02 +3.726831782E-02
6.15357142857E+09 +3.397495587E-04 +4.792373181E-03 +4.580003395E-01 -1.483246467E-01 -5.138081971E-02 +6.126161758E-02
6.16428571429E+09 +4.763020319E-03 -5.844779046E-04 +1.893096681E-01 -3.823978472E-01 -8.330300226E-02 +9.718418616E-02
6.17500000000E+09 -8.677633145E-04 -4.915189499E-03 -1.621182779E-01 -3.836017132E-01 -9.789990430E-02 +1.801023144E-01
6.18571428571E+09 -5.510870833E-03 +1.626423451E-03 -4.163334558E-01 -1.763134762E-01 -7.859010550E-02 +2.382157635E-01
6.19642857143E+09 +3.479431988E-03 +6.271411614E-03 -4.859638193E-01 +1.112205125E-01 +1.109941095E-01 +2.294758221E-01
6.20714285714E+09 +5.677659960E-03 -7.240798557E-03 -3.909930321E-01 +3.611011570E-01 +2.953754529E-01 +1.065680254E-01
6.21785714286E+09 -9.754260422E-03 -1.232750834E-03 -1.854130669E-01 +5.199230358E-01 +2.695796462E-01 -7.669273085E-02
6.22857142857E+09 +2.879175915E-03 +7.631792907E-03 +9.699126738E-02 +5.409576084E-01 +1.012418624E-01 -1.395698521E-01
6.23928571429E+09 +4.877413309E-03 -3.909227165E-03 +3.593600191E-01 +3.654190412E-01 +5.504055330E-02 -1.429420456E-01
6.25000000000E+09 -3.822394721E-03 -3.284630340E-03 +4.519388438E-01 +3.909258114E-02 +6.639708769E-02 -1.735191669E-01
6.26071428571E+09 -2.520587058E-03 +3.563601158E-03 +3.036912068E-01 -2.742655627E-01 +5.591788754E-02 -2.152356929E-01
6.27142857143E+09 +3.395548952E-03 +2.339983570E-03 -3.071663109E-03 -4.114235477E-01 -2.166197730E-02 -2.671161162E-01
6.28214285714E+09 +2.543485692E-03 -3.425796851E-03 -3.052080124E-01 -3.305491943E-01 -2.006412749E-01 -2.398472094E-01
6.29285714286E+09 -4.003531892E-03 -2.920544329E-03 -4.788670168E-01 -1.025097273E-01 -3.762974319E-01 -1.548561242E-01
6.30357142857E+09 -2.836822813E-03 +5.947650361E-03 -4.818590522E-01 +1.620398837E-01 -4.116320844E-01 +5.717684981E-03
6.31428571429E+09 +9.140753003E-03 +2.062572559E-04 -3.432104963E-01 +3.703596954E-01 -3.061932961E-01 +1.975093039E-01
6.32500000000E+09 -5.857275693E-03 -8.375770183E-03 -1.063972409E-01 +4.828549102E-01 -1.456826009E-01 +2.628784787E-01
6.33571428571E+09 -3.206085743E-03 +7.509436447E-03 +1.945516650E-01 +4.245267269E-01 -1.024561660E-01 +2.423052955E-01
6.34642857143E+09 +5.691315034E-03 +5.724449272E-04 +3.948718071E-01 +1.575300457E-01 -9.031880865E-02 +2.447452154E-01
6.35714285714E+09 -1.563762257E-04 -4.172879527E-03 +3.661580286E-01 -1.731469078E-01 +2.657288310E-02 +2.823823676E-01
6.36785714286E+09 -3.490945175E-03 +1.449014350E-04 +1.459646245E-01 -3.963038949E-01 +2.197259171E-01 +2.246822339E-01
6.37857142857E+09 -1.975275663E-05 +3.444731040E-03 -1.412769853E-01 -4.340265464E-01 +3.447165240E-01 +1.474285232E-01
6.38928571429E+09 +3.931328244E-03 +1.293001923E-04 -3.747355177E-01 -3.012703543E-01 +3.777290019E-01 -2.346870903E-02
6.40000000000E+09 -8.843334328E-05 -5.081502277E-03 -4.760538290E-01 -6.920004274E-02 +2.764235053E-01 -2.207401259E-01
6.41071428571E+09 -6.879411087E-03 +2.135345227E-03 -4.266487269E-01 +1.674566920E-01 +1.062395834E-01 -3.607170180E-01
6.42142857143E+09 +7.342674828E-03 +6.249669357E-03 -2.622156378E-01 +3.462481992E-01 -7.989083597E-02 -3.576634670E-01
6.43214285714E+09 -1.706948819E-04 -9.489076598E-03 +1.449174303E-02 +4.198497545E-01 -1.643866159E-01 -2.647839824E-01
6.44285714286E+09 -5.866792921E-03 +3.511534502E-03 +3.029911718E-01 +2.676462409E-01 -2.447984594E-01 -2.056767853E-01
6.45357142857E+09 +3.132932330E-03 +3.360491205E-03 +4.064930107E-01 -3.525250219E-02 -3.908549177E-01 -1.161657249E-01
6.46428571429E+09 +2.351071694E-03 -2.260285813E-03 +3.030980650E-01 -3.105530643E-01 -4.643089541E-01 -4.415822161E-02
6.47500000000E+09 -1.795682334E-03 -2.059335500E-03 +7.644408136E-02 -4.541560513E-01 -4.082332293E-01 +8.358990609E-02
6.48571428571E+09 -2.277106054E-03 +1.830244216E-03 -1.725564184E-01 -4.368657445E-01 -3.306297403E-01 +3.095774379E-01
6.49642857143E+09 +2.141584460E-03 +2.787264874E-03 -3.547068439E-01 -2.834915184E-01 -1.086646738E-01 +4.620228608E-01
6.50714285714E+09 +3.587360420E-03 -3.518025754E-03 -4.151321108E-01 -6.158407164E-02 +4.512464268E-02 +4.753163642E-01
6.51785714286E+09 -6.584786708E-03 -3.125799796E-03 -3.527892677E-01 +1.610296725E-01 +2.080020312E-01 +3.682476270E-01
6.52857142857E+09 +1.777837773E-03 +8.801753051E-03 -1.579837618E-01 +3.456549487E-01 +3.076064875E-01 +1.949464974E-01
6.53928571429E+09 +4.860990336E-03 -5.939323949E-03 +1.584267092E-01 +3.527027911E-01 +3.515200614E-01 +8.144922986E-02
6.55000000000E+09 -5.173499449E-03 -1.435695236E-03 +3.803567454E-01 +1.364184845E-01 +3.564887421E-01 -1.891073343E-02
6.56071428571E+09 -4.597652087E-04 +3.756255905E-03 +4.060851732E-01 -1.367857652E-01 +2.671551774E-01 -1.879180130E-01
6.57142857143E+09 +2.928723397E-03 +1.996581228E-04 +2.790222986E-01 -3.458340692E-01 +1.619296952E-01 -3.630490566E-01
6.58214285714E+09 +1.951362361E-04 -2.607624066E-03 +6.989843935E-02 -4.356213188E-01 -4.524499709E-02 -4.536416597E-01
6.59285714286E+09 -2.715663321E-03 -7.484081321E-05 -1.465406624E-01 -3.907145249E-01 -2.184343542E-01 -3.919655359E-01
6.60357142857E+09 +1.916273352E-04 +3.252910527E-03 -3.023909188E-01 -2.316540606E-01 -3.808478551E-01 -2.156313897E-01
6.61428571429E+09 +4.087463987E-03 -9.264900559E-04 -3.512034667E-01 -2.826453792E-03 -4.546889408E-01 -1.072993528E-02
6.62500000000E+09 -3.082837863E-03 -4.597813207E-03 -2.572180097E-01 +2.436629884E-01 -4.748834028E-01 +1.846347848E-01
6.63571428571E+09 -2.458080819E-03 +5.524897727E-03 +9.188199863E-03 +3.948274069E-01 -3.769355085E-01 +2.896354695E-01
6.64642857143E+09 +4.792671134E-03 -7.750634609E-04 +3.075242484E-01 +3.084518059E-01 -2.296337063E-01 +3.943192639E-01
6.65714285714E+09 -1.713142510E-03 -3.007966550E-03 +4.485575478E-01 +8.072269338E-02 -9.004592705E-02 +5.142737931E-01
6.66785714286E+09 -2.117514428E-03 +1.514282547E-03 +4.351008989E-01 -1.484512020E-01 +3.849710748E-02 +5.115701903E-01
6.67857142857E+09 +1.258756658E-03 +1.737186508E-03 +3.095507252E-01 -3.228445635E-01 +2.051852670E-01 +3.918598573E-01
6.68928571429E+09 +1.659141082E-03 -1.223683683E-03 +1.053089517E-01 -4.031686249E-01 +3.736962684E-01 +1.990464719E-01
6.70000000000E+09 -1.375992300E-03 -1.713357945E-03 -1.255088395E-01 -3.506173176E-01 +4.865557816E-01 -2.436567822E-03
6.71071428571E+09 -1.917074017E-03 +1.937448638E-03 -2.979823160E-01 -1.544469052E-01 +4.928054892E-01 -1.544631891E-01
6.72142857143E+09 +3.082261957E-03 +1.862901090E-03 -3.165856448E-01 +1.332192337E-01 +3.281324320E-01 -2.970682704E-01
6.73214285714E+09 +7.632325203E-04 -4.612345800E-03 -1.303404676E-01 +3.847574569E-01 +8.085372922E-02 -3.846379449E-01
6.74285714286E+09 -4.389224302E-03 +1.892541512E-03 +1.813292655E-01 +4.367439604E-01 -1.193953876E-01 -4.390601899E-01
6.75357142857E+09 +3.044520238E-03 +1.808166486E-03 +4.096401452E-01 +2.838660779E-01 -2.289526119E-01 -3.728459048E-01
6.76428571429E+09 +3.730298017E-04 -2.327689036E-03 +4.966382281E-01 +7.083288836E-02 -3.451498671E-01 -1.665126573E-01
6.77500000000E+09 -1.755199792E-03 -4.021000481E-05 +4.693700977E-01 -1.511328746E-01 -4.607486897E-01 +7.388249567E-02
6.78571428571E+09 -7.337681451E-05 +1.419537442E-03 +3.160487941E-01 -3.396798025E-01 -5.613865721E-01 +2.402817632E-01
6.79642857143E+09 +1.226239639E-03 +2.208212588E-04 +5.430270504E-02 -4.116051587E-01 -4.331345710E-01 +3.919746624E-01
6.80714285714E+09 +1.889976708E-04 -1.197542602E-03 -2.210721721E-01 -2.983094284E-01 -3.119686693E-01 +4.248059798E-01
6.81785714286E+09 -1.401476861E-03 -1.885405868E-04 -3.731306324E-01 -2.224858734E-02 +4.675917270E-02 +4.820765935E-01
6.82857142857E+09 -5.237466483E-05 +1.921045832E-03 -3.159664903E-01 +2.948606682E-01 +2.387901177E-01 +5.569209352E-01
6.83928571429E+09 +2.785242726E-03 -6.979904424E-04 -6.773785259E-02 +5.009720525E-01 +3.371401574E-01 +4.566117029E-01
6.85000000000E+09 -2.607282376E-03 -2.310760929E-03 +2.362046308E-01 +4.836951842E-01 +3.522604772E-01 +2.469860617E-01
6.86071428571E+09 -7.646798233E-05 +2.567196426E-03 +4.275353830E-01 +3.130458803E-01 +4.413997492E-01 -1.246163232E-02
6.87142857143E+09 +1.546655885E-03 -7.184822519E-04 +5.090553547E-01 +8.259490091E-02 +5.099936711E-01 -1.484881871E-01
6.88214285714E+09 -7.305437950E-04 -1.121405590E-03 +4.462048607E-01 -1.820403407E-01 +3.379345505E-01 -2.554886323E-01
6.89285714286E+09 -8.983642576E-04 +6.454111756E-04 +2.113589567E-01 -3.739021040E-01 +5.715145147E-02 -2.465976722E-01
6.90357142857E+09 +4.890132837E-04 +9.667504188E-04 -1.138379025E-01 -3.743617071E-01 -2.351180863E-01 -4.809051728E-01
6.91428571429E+09 +9.890138881E-04 -3.948743110E-04 -3.718172040E-01 -1.630774950E-01 -4.773538012E-01 -4.782613945E-01
6.92500000000E+09 -4.067682843E-04 -1.051439760E-03 -4.402589712E-01 +1.599974899E-01 -4.845542245E-01 -2.076307059E-01
6.93571428571E+09 -1.334869363E-03 +7.852360642E-04 -2.953507606E-01 +4.502992047E-01 -4.352379836E-01 +3.730305361E-02
6.94642857143E+09 +2.044769487E-03 +1.235734057E-03 -2.318612905E-03 +5.749715424E-01 -4.306816742E-01 +2.733784178E-01
6.95714285714E+09 -5.835906636E-04 -2.462266386E-03 +2.718289173E-01 +4.846383921E-01 -3.794727533E-01 +4.160605527E-01
6.96785714286E+09 -9.958024173E-04 +1.136945817E-03 +4.443548729E-01 +2.857372774E-01 -1.639907113E-01 +4.384343680E-01
6.97857142857E+09 +7.450021640E-04 +3.874680091E-04 +4.905144790E-01 -2.621646843E-03 +7.425900757E-02 +5.031026212E-01
6.98928571429E+09 +1.838528576E-04 -6.322725635E-04 +3.367820911E-01 -2.861525020E-01 +5.157390455E-01 +7.395127533E-01
7.00000000000E+09 -6.428935594E-04 -2.735634773E-04 +2.374214229E-02 -4.164956773E-01 +5.864563131E-01 +8.026019756E-01
7.01071428571E+09 -4.658617468E-04 +5.379392482E-04 -3.045189359E-01 -3.211203577E-01 +3.743369972E-01 +5.858599212E-01
7.02142857143E+09 +4.420725474E-04 +6.325574136E-04 -4.998182095E-01 -4.814354121E-02 +4.331871970E-01 +1.728602446E-01
7.03214285714E+09 +9.650338899E-04 -4.219227365E-04 -4.856546866E-01 +2.807895585E-01 +2.874761381E-01 -2.852705181E-01
7.04285714286E+09 -9.419912233E-04 -1.221322183E-03 -2.670905722E-01 +5.257578910E-01 +3.202177750E-01 -4.201999208E-01
7.05357142857E+09 -1.569264429E-04 +2.337458608E-03 +5.200354380E-02 +5.624659393E-01 +1.467718208E-01 -3.733388578E-01
7.06428571429E+09 +1.179558912E-03 -1.757327901E-03 +3.016997320E-01 +4.183883401E-01 -1.439192916E-01 -3.415231244E-01
7.07500000000E+09 -1.193622046E-03 -1.679483670E-04 +4.517206754E-01 +1.564301717E-01 -4.375950558E-01 -3.336612522E-01
7.08571428571E+09 -7.263568746E-05 +7.372733680E-04 +4.117955457E-01 -1.716078618E-01 -4.339635527E-01 -3.077984760E-01
7.09642857143E+09 +4.314016688E-04 +4.016647441E-05 +1.692250515E-01 -4.119012186E-01 -8.686726841E-02 -9.318925565E-02
7.10714285714E+09 +1.241179105E-05 -3.348969127E-04 -1.685123226E-01 -4.521986550E-01 -2.145411444E-01 +4.322453101E-01
7.11785714286E+09 -4.123553884E-04 +1.224474002E-05 -4.554266165E-01 -2.809466573E-01 -5.801806542E-02 +8.480558378E-01
7.12857142857E+09 -1.786236098E-04 +4.093580499E-04 -5.750012747E-01 +2.768359208E-02 -1.017514066E-01 +6.430247529E-01
7.13928571429E+09 +6.007446663E-04 +4.893374122E-04 -4.722243291E-01 +3.463472277E-01 -3.832416561E-02 +7.498723021E-01
7.15000000000E+09 +5.801559494E-04 -1.055812772E-03 -1.792258408E-01 +5.246212744E-01 +1.985238440E-01 +5.067837534E-01
7.16071428571E+09 -1.503980530E-03 +6.664094127E-04 +1.438712332E-01 +4.646002924E-01 +4.351051197E-01 +3.481182561E-01
7.17142857143E+09 +1.198746683E-03 -1.937602322E-05 +3.661616178E-01 +2.560237561E-01 +6.069202074E-01 +3.864517466E-01
7.18214285714E+09 -2.658111676E-04 -8.016580645E-04 +4.411931819E-01 -6.447036167E-02 +3.923980010E-01 +2.527388354E-01
7.19285714286E+09 -5.718647113E-04 +8.389615532E-05 +2.999289745E-01 -3.718811437E-01 +1.601436325E-01 -1.713633214E-01
7.20357142857E+09 -7.141441808E-05 +3.765421669E-04 +4.338678453E-03 -5.281658067E-01 +4.220210097E-01 -4.876144753E-01
7.21428571429E+09 +2.830460615E-04 +9.950413702E-05 -3.206477510E-01 -4.742985315E-01 +1.944766806E-01 -6.727396036E-01
7.22500000000E+09 +1.566542295E-04 -2.786786553E-04 -5.445785368E-01 -2.313252606E-01 +5.323335015E-02 -5.077878550E-01
7.23571428571E+09 -4.697185077E-04 -1.492220083E-04 -5.659393625E-01 +1.073418235E-01 -2.481444966E-02 -1.659685935E-01
7.24642857143E+09 -1.904257538E-04 +9.541365145E-04 -3.550776761E-01 +3.894087471E-01 -3.741333223E-01 +9.698728690E-02
7.25714285714E+09 +1.609284010E-03 -5.914906688E-04 -8.036133739E-03 +4.581733454E-01 -4.657776279E-01 +1.681221781E-01
7.26785714286E+09 -1.675313005E-03 -2.158995289E-04 +2.770695681E-01 +3.122944830E-01 -2.532899157E-01 +2.548358391E-01
7.27857142857E+09 +6.625278537E-04 +6.284002822E-04 +4.472826398E-01 +4.141694116E-02 -2.149056600E-02 +7.578555430E-01
7.28928571429E+09 +5.509614529E-04 -3.837355004E-04 +4.200962521E-01 -2.907714788E-01 -6.185021895E-01 +8.276895959E-01
7.30000000000E+09 -1.558571036E-04 -5.157778890E-04 +1.985402960E-01 -5.341811544E-01 -5.514823676E-01 +1.081260814E+00
7.31071428571E+09 -3.827070657E-04 +8.806365684E-05 -1.207189774E-01 -5.933098785E-01 -1.314716097E-01 +5.192519641E-01
7.32142857143E+09 -1.104751395E-04 +3.787491695E-04 -4.122769594E-01 -4.444854642E-01 +2.478589567E-01 +6.740390835E-02
7.33214285714E+09 +3.858169234E-04 +1.971640374E-04 -5.534025451E-01 -1.381980270E-01 +3.868909295E-01 -1.160245020E-01
7.34285714286E+09 +3.332267459E-04 -4.238794204E-04 -4.672370414E-01 +2.012322510E-01 +7.589738309E-01 -2.659128375E-01
7.35357142857E+09 -7.543315305E-04 -1.087877492E-04 -1.777101395E-01 +4.091951700E-01 +6.743240567E-01 -7.706105393E-02
7.36428571429E+09 +1.213899310E-03 +1.160378486E-03 +1.566135074E-01 +3.851463981E-01 +2.987722363E-01 -2.437591468E-01
7.37500000000E+09 -2.701096943E-04 -1.345960471E-03 +4.087253302E-01 +2.044487724E-01 +8.379719032E-02 -4.811946409E-01
7.38571428571E+09 -5.149199691E-04 +3.791043996E-04 +5.203411093E-01 -1.043521253E-01 +2.378670860E-01 -5.658833817E-01
7.39642857143E+09 +2.104167031E-04 +2.053840309E-04 +4.144033674E-01 -4.168047414E-01 -2.350641866E-01 -6.640631894E-02
7.40714285714E+09 +1.365485065E-04 -2.359743268E-04 +1.399220023E-01 -5.950063537E-01 -6.128870387E-01 +4.355671159E-02
7.41785714286E+09 -2.132293041E-04 -2.605079689E-04 -1.884527504E-01 -5.653701449E-01 -5.312629347E-01 -9.551681394E-03
7.42857142857E+09 -3.502859863E-04 +1.326800081E-04 -4.343235443E-01 -3.344476236E-01 -6.639956088E-01 +5.311629966E-02
7.43928571429E+09 +4.958816533E-05 +4.281491082E-04 -4.873530904E-01 +7.329164349E-03 -3.237791137E-01 +1.671577732E-01
7.45000000000E+09 +5.916132304E-04 -1.219392998E-05 -3.162110992E-01 +3.119859059E-01 +5.956203154E-02 +2.134682388E-01
7.46071428571E+09 -3.780259469E-04 -8.127037921E-04 -2.255653571E-03 +4.394242859E-01 +4.311391361E-01 +4.052877189E-01
7.47142857143E+09 +2.019804608E-04 +1.338279723E-03 +2.922169651E-01 +3.704645426E-01 +3.565076259E-01 +5.064905229E-01
7.48214285714E+09 +6.512765734E-04 -7.807876606E-04 +5.164987269E-01 +1.635287251E-01 +4.436063547E-01 +1.932353306E-01
7.49285714286E+09 -4.842983571E-04 -3.989551956E-04 +5.668657790E-01 -1.580832481E-01 +7.049214312E-01 -1.190110884E-01
7.50357142857E+09 -3.335497121E-04 +3.128506732E-04 +3.958605631E-01 -4.406174866E-01 +9.888078796E-01 -4.472858891E-01
7.51428571429E+09 -7.615405114E-05 +2.109014192E-04 +7.877107130E-02 -5.507960043E-01 +1.350792707E+00 +7.094160363E-01
7.52500000000E+09 +1.752786095E-04 -2.083741156E-05 -2.432134547E-01 -4.343566017E-01 +1.231362425E+00 -1.292485515E-02
7.53571428571E+09 -1.842926138E-04 -2.916467079E-04 -4.249346414E-01 -1.396643146E-01 +7.743715642E-02 -9.113949497E-02
7.54642857143E+09 -5.637748957E-04 +2.382144214E-04 -3.869705839E-01 +2.013840397E-01 -3.205712148E-01 -4.001364064E-01
7.55714285714E+09 +5.389531856E-04 +9.215243457E-04 -1.566438872E-01 +4.385224407E-01 -1.936134869E-01 -3.739892483E-01
7.56785714286E+09 +9.110877703E-04 -1.596096020E-03 +1.422240640E-01 +4.833365803E-01 -2.496118716E-01 -1.134237768E-01
7.57857142857E+09 -1.554280387E-03 +1.205355253E-03 +3.978421401E-01 +3.784744393E-01 -3.912902744E-01 +2.057373718E-01
7.58928571429E+09 +1.170576402E-03 +3.667794258E-04 +5.675482112E-01 +1.255740522E-01 -4.449159974E-01 +2.088789093E-01
7.60000000000E+09 +8.932118779E-05 -6.023627976E-04 +5.280870403E-01 -1.968019870E-01 +3.912508416E-02 +3.265877046E-01
7.61071428571E+09 -3.673593974E-04 -2.394689899E-04 +2.823680745E-01 -4.240184803E-01 +4.709971162E-01 +4.468754265E-01
7.62142857143E+09 -3.257851805E-04 +3.476871187E-04 -5.712827469E-02 -4.450615216E-01 +7.645279954E-01 +2.006035050E-01
7.63214285714E+09 +1.361298728E-04 +3.696848167E-04 -3.356275120E-01 -2.522464585E-01 +1.092650869E+00 +5.328735406E-01
7.64285714286E+09 +1.602255748E-04 -4.439597092E-05 -4.359256747E-01 +6.135036654E-02 +6.407140750E-01 +9.582353820E-01
7.65357142857E+09 -3.549600705E-04 -3.494202713E-04 -3.318096330E-01 +3.557261041E-01 +5.147209770E-01 +2.477010123E-01
7.66428571429E+09 -5.314372320E-04 +9.565655821E-04 -9.144238231E-02 +5.134617442E-01 +4.731368439E-01 -1.622354942E-01
7.67500000000E+09 +1.900843788E-03 -1.876675700E-04 +1.650764878E-01 +5.114843273E-01 +5.226319582E-01 -3.235177109E-01
7.68571428571E+09 -1.414534307E-03 -1.068249933E-03 +4.019525012E-01 +3.772134113E-01 +4.953862488E-01 -2.773872789E-01
7.69642857143E+09 -2.197535344E-04 +1.065100241E-03 +5.137160530E-01 +8.359756371E-02 +7.640292334E-02 -4.363382649E-01
7.70714285714E+09 +8.867696943E-04 +4.480722066E-05 +3.983902393E-01 -2.253718763E-01 -2.346380116E-01 -4.243132554E-01
7.71785714286E+09 +5.118383530E-05 -7.373861372E-04 +1.111426870E-01 -3.921863707E-01 -2.576555104E-01 -5.864151871E-01
7.72857142857E+09 -7.146722730E-04 -1.140821232E-04 -2.101975215E-01 -3.478795967E-01 -2.233841623E-01 -3.896888550E-01
7.73928571429E+09 -1.499858366E-04 +7.331675412E-04 -4.285427785E-01 -1.309106952E-01 -2.312984527E-02 -6.487820732E-02
7.75000000000E+09 +7.955941212E-04 +1.281133552E-05 -4.722384405E-01 +1.517110411E-01 -1.564690348E-01 +5.431218739E-01
7.76071428571E+09 -2.983485192E-04 -1.288344370E-03 -3.522750861E-01 +3.844981843E-01 -9.398251822E-02 +4.995071877E-01
7.77142857143E+09 -1.760759470E-03 +1.351311274E-03 -1.438726833E-01 +5.005417797E-01 +7.146360533E-02 +3.930324479E-01
7.78214285714E+09 +2.434213763E-03 +5.863533069E-04 +1.016791958E-01 +5.031018714E-01 +3.316313564E-01 +3.520333987E-01
7.79285714286E+09 -5.337676547E-04 -1.669786467E-03 +3.390546361E-01 +3.305682086E-01 +5.406961831E-01 +3.609246678E-01
7.80357142857E+09 -9.187662778E-04 +5.728866604E-04 +4.026261395E-01 +2.208509162E-02 +6.053836894E-01 +3.222747177E-01
7.81428571429E+09 +4.689077360E-04 +5.844872167E-04 +2.544415258E-01 -2.508463936E-01 +3.279518654E-01 +1.423535626E-01
7.82500000000E+09 +6.299370714E-04 -4.574036180E-04 -1.552811795E-02 -3.673167757E-01 +4.828940515E-01 -1.945598453E-01
7.83571428571E+09 -3.801788200E-04 -6.733163460E-04 -2.785386184E-01 -3.031898543E-01 +4.436524648E-01 -5.077361386E-01
7.84642857143E+09 -9.015060753E-04 +3.903447601E-04 -4.365070576E-01 -1.153111990E-01 +3.911713694E-01 -4.652325812E-01
7.85714285714E+09 +6.459779752E-04 +1.199783753E-03 -4.554767324E-01 +1.077227552E-01 +2.411790855E-01 -3.602221636E-01
7.86785714286E+09 +1.504918586E-03 -1.465147956E-03 -3.556803999E-01 +2.952684769E-01 -5.915056657E-02 -3.695437986E-01
7.87857142857E+09 -3.015774518E-03 -8.298838727E-04 -1.620639544E-01 +4.121265257E-01 -1.689444041E-01 -3.557539149E-01
7.88928571429E+09 +1.534890877E-03 +3.197224526E-03 +1.054123258E-01 +3.886637897E-01 -2.764629502E-01 -2.110498379E-01
7.90000000000E+09 +1.392538210E-03 -2.506580074E-03 +3.031178259E-01 +1.728420168E-01 -2.549054724E-01 +1.836607080E-02
7.91071428571E+09 -1.994406072E-03 -1.546458629E-04 +3.128001325E-01 -1.061304329E-01 -1.459060768E-01 +2.837271298E-01
7.92142857143E+09 +3.343525444E-04 +1.425572024E-03 +1.717650452E-01 -3.158465274E-01 -9.449137696E-02 +4.347497481E-01
7.93214285714E+09 +1.184733011E-03 -4.701569757E-04 -3.898123647E-02 -4.042547349E-01 +1.131935602E-01 +3.471960591E-01
7.94285714286E+09 -4.501265440E-04 -1.112695490E-03 -2.474225488E-01 -3.694425560E-01 +3.824539723E-01 +2.665508164E-01
7.95357142857E+09 -1.111327179E-03 +3.927255526E-04 -3.998797179E-01 -2.334526230E-01 +5.111542679E-01 +1.104721192E-01
7.96428571429E+09 +5.440132251E-04 +1.334631207E-03 -4.557162911E-01 -3.104831774E-02 +5.502006110E-01 +1.645827043E-01
7.97500000000E+09 +1.582316933E-03 -1.069667042E-03 -3.818683995E-01 +1.869606539E-01 +5.457322422E-01 +1.880117943E-02
7.98571428571E+09 -2.076008372E-03 -1.451219841E-03 -1.664363645E-01 +3.337718302E-01 +4.804681795E-01 -2.005932949E-01
7.99642857143E+09 -1.391599861E-04 +2.869234919E-03 +1.120040315E-01 +3.024770282E-01 +4.798841303E-01 -3.456061829E-01
8.00714285714E+09 +2.232020093E-03 -1.153851105E-03 +2.971095847E-01 +1.094259185E-01 +4.160734624E-01 -4.127834531E-01
8.01785714286E+09 -1.514840853E-03 -1.422630666E-03 +3.364290503E-01 -1.317119741E-01 +1.700444913E-01 -4.333563906E-01
8.02857142857E+09 -8.830894042E-04 +1.497531431E-03 +2.437261948E-01 -3.449817174E-01 -6.526788707E-02 -4.458364572E-01
8.03928571429E+09 +1.519733435E-03 +6.089789081E-04 +4.979967103E-02 -4.672822647E-01 -2.517895861E-01 -3.687470919E-01
8.05000000000E+09 +4.734397225E-04 -1.636932795E-03 -1.819411635E-01 -4.525309666E-01 -3.158778428E-01 -2.430210327E-01
8.06071428571E+09 -1.654196466E-03 -3.639131750E-04 -3.665271866E-01 -2.955286768E-01 -1.563886439E-01 +2.044970510E-02
8.07142857143E+09 +4.758279680E-06 +2.000300476E-03 -4.227501257E-01 -4.249300910E-02 -9.611945156E-02 +1.634045598E-01
8.08214285714E+09 +2.236754347E-03 -8.137253803E-04 -3.041011727E-01 +2.108187321E-01 -5.411946978E-02 +2.812374118E-01
8.09285714286E+09 -2.231278770E-03 -1.795189635E-03 -3.933277809E-02 +3.399335917E-01 +7.716928066E-02 +2.559511103E-01
8.10357142857E+09 -1.195537029E-04 +2.828403604E-03 +2.437317767E-01 +2.739001469E-01 +3.187470041E-01 +2.640071371E-01
8.11428571429E+09 +1.889044022E-03 -9.567745269E-04 +4.212962521E-01 +6.433987638E-02 +4.790425060E-01 +2.176600273E-01
8.12500000000E+09 -1.021599788E-03 -9.865309265E-04 +4.444489268E-01 -2.006471493E-01 +5.207586169E-01 +9.622114724E-02
8.13571428571E+09 -5.021928997E-04 +8.391419262E-04 +3.067294844E-01 -4.262506112E-01 +5.554075478E-01 -1.139181208E-01
8.14642857143E+09 +7.079477377E-04 +4.528405749E-04 +5.934318251E-02 -5.248308424E-01 +4.273397630E-01 -4.131761679E-01
8.15714285714E+09 +3.764681894E-04 -7.005781050E-04 -2.040948908E-01 -4.569434787E-01 +4.523874029E-01 -3.244645519E-01
8.16785714286E+09 -6.032203152E-04 -3.759305070E-04 -3.860576534E-01 -2.420670542E-01 +5.268712608E-01 -3.685699321E-01
8.17857142857E+09 -3.706380899E-04 +7.406452348E-04 -4.143362608E-01 +4.957284260E-02 +2.590173771E-01 -2.180119994E-01
8.18928571429E+09 +1.032708304E-03 +1.832109287E-04 -2.639077624E-01 +3.132987100E-01 -1.117077490E-01 -2.956977475E-01
8.20000000000E+09 -2.702860837E-04 -1.468907888E-03 +1.912573630E-02 +4.377998104E-01 -2.115834984E-01 -5.193021473E-01
8.21071428571E+09 -1.430869224E-03 +1.048929612E-03 +3.162245097E-01 +3.628929533E-01 -1.867242058E-01 -4.287754576E-01
8.22142857143E+09 +1.484713446E-03 +6.140170893E-04 +4.976543390E-01 +1.265792313E-01 -1.780168124E-01 -1.243346525E-01
8.23214285714E+09 -1.956256777E-04 -1.169110981E-03 +4.940440566E-01 -1.670087460E-01 -1.487092216E-01 +1.390934651E-01
8.24285714286E+09 -6.804152441E-04 +3.600817565E-04 +3.089566251E-01 -3.965650159E-01 -1.745886035E-01 +3.144339761E-01
8.25357142857E+09 +4.188213021E-04 +4.373807039E-04 +1.949547339E-02 -4.680472471E-01 -1.858332034E-01 +1.130822137E-01
8.26428571429E+09 +4.050818702E-04 -4.335608235E-04 -2.602483125E-01 -3.542622478E-01 +1.217832277E-01 -4.605086455E-02
8.27500000000E+09 -3.354335680E-04 -4.170504114E-04 -4.261085196E-01 -9.735874236E-02 +4.621622157E-01 -6.974508642E-02
8.28571428571E+09 -3.321259749E-04 +3.079789920E-04 -4.142678064E-01 +2.120747554E-01 +6.476056759E-01 +3.642360786E-01
8.29642857143E+09 +4.018552785E-04 +3.370507654E-04 -2.202939256E-01 +4.575818467E-01 +3.717435348E-01 +2.762161739E-02
8.30714285714E+09 +1.793286554E-04 -6.180299440E-04 +8.505225128E-02 +5.325436488E-01 +5.230826726E-01 -3.591939991E-01
8.31785714286E+09 -7.910916207E-04 +1.770517328E-04 +3.674473318E-01 +3.995263809E-01 +5.520106362E-01 -3.794465762E-01
8.32857142857E+09 +4.430113358E-04 +5.049206025E-04 +5.055286087E-01 +1.236337702E-01 +3.421659718E-01 -5.019397828E-01
8.33928571429E+09 +1.555346534E-04 -3.333696470E-04 +4.500322221E-01 -1.818925847E-01 +1.196908398E-01 -2.125940477E-02
8.35000000000E+09 -7.155616403E-05 +5.207099770E-05 +2.237759425E-01 -3.975765121E-01 -1.200173581E+00 -2.771151351E-01
8.36071428571E+09 +4.029109007E-04 +7.430870194E-04 -8.377512307E-02 -4.449941944E-01 -1.131820200E-01 -4.282384565E+00
8.37142857143E+09 +6.786690530E-04 +6.917525081E-05 -3.628807860E-01 -3.134650755E-01 -5.270667017E-03 -2.505579059E+00
8.38214285714E+09 +1.480140155E-04 -3.207514532E-04 -5.192844876E-01 -4.884015975E-02 +4.405548405E-01 -6.801035312E-01
8.39285714286E+09 -2.917944301E-04 -1.786438191E-04 -4.921110667E-01 +2.600418344E-01 +1.206499892E-01 +1.879427512E-01
8.40357142857E+09 -1.979908137E-04 +3.765820979E-04 -2.767453295E-01 +4.924399896E-01 -2.911172672E-01 +5.878237170E-01
8.41428571429E+09 +5.620996398E-04 +5.030599814E-05 +4.527262063E-02 +5.345762233E-01 -6.365804485E-01 +5.265450743E-01
8.42500000000E+09 -5.456467950E-04 -3.495916644E-04 +3.216377768E-01 +3.603240905E-01 +3.882541240E-01 +5.000484277E-02
8.43571428571E+09 +1.292797715E-04 +3.648596881E-04 +4.354262667E-01 +5.382670581E-02 +6.566969338E-01 +3.008798427E-01
8.44642857143E+09 +1.579794483E-04 -1.720594353E-04 +3.451201051E-01 -2.599599938E-01 +5.068713411E-01 +6.681362396E-01
8.45714285714E+09 -3.109438250E-05 -2.071724866E-04 +9.683489758E-02 -4.587358371E-01 -1.522040520E+00 +1.765646568E+00
8.46785714286E+09 -4.374371615E-04 +3.019111089E-04 -2.090138645E-01 -4.834944753E-01 +4.480113815E+00 +3.542261420E-01
8.47857142857E+09 +1.053496726E-04 +2.063761648E-04 -4.702832310E-01 -3.366998840E-01 +2.067592615E+00 -4.502653345E-01
8.48928571429E+09 +1.474749183E-04 +1.376055325E-04 -5.997845107E-01 -6.562487748E-02 +2.076568404E+00 -1.903516877E-02
8.50000000000E+09 +1.002018325E-04 -1.669956053E-04 -5.383205594E-01 +2.385313755E-01 +1.046047191E+00 -2.958708933E-01

[Channel0\Trace0\Marker0]
Enabled=1
Position=0.266666666666667

[Channel0\Trace1]
ReferencePosition[0]=1

[Channel0\Trace1\Marker0]
Enabled=1
Position=0.266666666666667

[Channel0\Trace2]
SPort=0
FormatType=2

[Channel0\Trace2\Marker0]
Enabled=1
Position=0.266666666666667

[Channel0\Trace3]
SPort=0
FormatType=2

[Channel0\Trace3\Marker0]
Enabled=1
Position=0.266666666666667

