[NWA State]
TriggerSource=3

[Channel0]
Points=501
FrequencyStart=2000000000
FrequencyStop=7000000000
FixedPower[0]=5
FixedPower[1]=5
IFBW=1000
CorrectionEnabled=1
TraceCount=4

[Channel0\Correction\11]
Calyyyymmdd=2022/04/02
Calhhmmss=11:20:42
VNATemperature=38.5 °C
Type=3
KitLabel=ACM2509.2
KitDescription=AutoCal Module 20 kHz-9 GHz (CMT), SN: 19039185, Char: Factory, 27.7°C, ThermoComp: ON
CalIFBW=1 kHz
CalPower=5 dBm
CalPorts[0]=0
CalPorts[1]=0

[Channel0\Correction\11\Data]
2.00000000000E+09 +1.009465067E-01 -1.338731753E-01 -2.323385071E-02 -1.163667767E-02 -2.373956735E-01 +2.815141683E-03
2.01000000000E+09 -1.007383061E-01 -1.336021180E-01 -4.113103594E-02 -2.670159454E-03 -2.438205700E-01 +4.184487191E-02
2.02000000000E+09 -1.576946161E-01 +6.140729176E-02 -2.699819629E-02 +3.475202599E-02 -2.147020044E-01 +7.569846252E-02
2.03000000000E+09 +1.946906456E-02 +1.711835818E-01 +3.012877542E-02 +4.069722747E-02 -1.677033180E-01 +7.442733371E-02
2.04000000000E+09 +1.720763404E-01 +2.279503947E-02 +6.815316077E-02 -1.371233354E-02 -1.399504536E-01 +3.924360201E-02
2.05000000000E+09 +6.305411853E-02 -1.602103809E-01 +3.769163459E-02 -7.181857778E-02 -1.468895780E-01 -1.385118461E-03
2.06000000000E+09 -1.370121912E-01 -9.928940350E-02 -2.041071234E-02 -6.800482288E-02 -1.759627980E-01 -2.545339077E-02
2.07000000000E+09 -1.284829485E-01 +1.048080809E-01 -3.328591020E-02 -2.094984179E-02 -2.119426077E-01 -3.194998617E-02
2.08000000000E+09 +6.541906691E-02 +1.486343194E-01 +2.496930292E-03 -1.773565045E-03 -2.506972242E-01 -1.787767785E-02
2.09000000000E+09 +1.581534727E-01 -2.116874676E-02 +2.340342402E-02 -3.164592469E-02 -2.796357664E-01 +2.239738377E-02
2.10000000000E+09 +2.498886549E-02 -1.572904870E-01 -5.719788975E-03 -5.747284117E-02 -2.756089067E-01 +8.033472888E-02
2.11000000000E+09 -1.464364122E-01 -6.923802700E-02 -4.417634841E-02 -3.192897411E-02 -2.294483546E-01 +1.236873916E-01
2.12000000000E+09 -1.078513453E-01 +1.268654521E-01 -3.351657234E-02 +1.910796270E-02 -1.638142233E-01 +1.218103606E-01
2.13000000000E+09 +9.897690922E-02 +1.375610909E-01 +1.739487367E-02 +2.916558734E-02 -1.204404781E-01 +7.463555603E-02
2.14000000000E+09 +1.566380354E-01 -6.416429894E-02 +3.921612262E-02 -1.002664117E-02 -1.216872248E-01 +1.481042443E-02
2.15000000000E+09 -2.433692481E-02 -1.644539447E-01 +8.120395200E-03 -3.206609420E-02 -1.568966561E-01 -2.831591582E-02
2.16000000000E+09 -1.608425848E-01 -1.695762497E-02 -1.648435215E-02 +4.778801663E-04 -2.084606862E-01 -4.422099346E-02
2.17000000000E+09 -5.703207173E-02 +1.457708215E-01 +1.557698402E-02 +3.849466995E-02 -2.647782137E-01 -2.742144504E-02
2.18000000000E+09 +1.202409923E-01 +9.317079984E-02 +6.974034368E-02 +2.045744641E-02 -3.055116029E-01 +2.454400569E-02
2.19000000000E+09 +1.235109179E-01 -8.641448977E-02 +7.719790360E-02 -3.962085881E-02 -3.054659216E-01 +9.695018881E-02
2.20000000000E+09 -4.731198641E-02 -1.457148720E-01 +2.702746269E-02 -7.368511851E-02 -2.567943388E-01 +1.548805391E-01
2.21000000000E+09 -1.584507595E-01 +6.193363154E-03 -2.242495900E-02 -4.675271561E-02 -1.813545726E-01 +1.652128365E-01
2.22000000000E+09 -3.415116045E-02 +1.598426818E-01 -1.931792048E-02 -1.649044425E-03 -1.208561248E-01 +1.248341586E-01
2.23000000000E+09 +1.495556596E-01 +7.130810797E-02 +8.727700600E-03 +1.924832007E-03 -1.016121554E-01 +6.094651103E-02
2.24000000000E+09 +1.032936296E-01 -1.282187198E-01 -4.876778094E-04 -1.956585209E-02 -1.213150403E-01 +2.513339657E-03
2.25000000000E+09 -9.796877435E-02 -1.278205539E-01 -3.919385265E-02 -1.279032658E-03 -1.693503453E-01 -3.460458373E-02
2.26000000000E+09 -1.431460954E-01 +6.039144631E-02 -3.821022599E-02 +6.077345265E-02 -2.350318475E-01 -3.645351467E-02
2.27000000000E+09 +1.812835616E-02 +1.484877937E-01 +2.436463348E-02 +9.658441558E-02 -2.927531889E-01 +5.325421918E-03
2.28000000000E+09 +1.440659027E-01 +2.582466420E-02 +8.844943034E-02 +6.254866101E-02 -3.112337114E-01 +7.635157901E-02
2.29000000000E+09 +6.771503653E-02 -1.306455971E-01 +9.278794424E-02 -3.428069686E-03 -2.791661426E-01 +1.404414782E-01
2.30000000000E+09 -1.092845417E-01 -1.046974731E-01 +4.748663009E-02 -3.321719685E-02 -2.170320563E-01 +1.655879738E-01
2.31000000000E+09 -1.335102910E-01 +8.059690725E-02 +1.651415891E-02 -1.302227427E-02 -1.602989307E-01 +1.484919725E-01
2.32000000000E+09 +4.632363219E-02 +1.525433653E-01 +2.819217271E-02 +1.658526988E-03 -1.292404021E-01 +1.087936557E-01
2.33000000000E+09 +1.606107026E-01 -8.668254216E-03 +3.335644038E-02 -2.567579754E-02 -1.227153909E-01 +6.339538194E-02
2.34000000000E+09 +2.902867390E-02 -1.575677634E-01 -1.356138395E-02 -4.924608117E-02 -1.419724544E-01 +1.888176754E-02
2.35000000000E+09 -1.428119931E-01 -6.438949825E-02 -7.296698835E-02 -9.794244581E-03 -1.906286729E-01 -7.895519619E-03
2.36000000000E+09 -9.545203723E-02 +1.173624314E-01 -7.224560349E-02 +6.806318152E-02 -2.497118145E-01 +5.408744553E-03
2.37000000000E+09 +8.355689326E-02 +1.208218347E-01 -1.201766269E-02 +1.075520196E-01 -2.836437016E-01 +5.494617327E-02
2.38000000000E+09 +1.386692936E-01 -4.474509846E-02 +4.053297289E-02 +8.371516006E-02 -2.741525508E-01 +1.084745312E-01
2.39000000000E+09 -3.633841949E-03 -1.472914024E-01 +4.239159398E-02 +4.530663225E-02 -2.371228324E-01 +1.373119005E-01
2.40000000000E+09 -1.449844881E-01 -3.727698182E-02 +2.420999342E-02 +4.297480242E-02 -2.023484090E-01 +1.393358162E-01
2.41000000000E+09 -7.517773999E-02 +1.322423125E-01 +3.962019159E-02 +5.725957197E-02 -1.781832517E-01 +1.302251251E-01
2.42000000000E+09 +1.102569054E-01 +1.080542117E-01 +7.727302706E-02 +2.949468413E-02 -1.586984314E-01 +1.147410251E-01
2.43000000000E+09 +1.333928526E-01 -8.163270461E-02 +6.904975991E-02 -4.231486956E-02 -1.488191160E-01 +8.472986961E-02
2.44000000000E+09 -4.772760623E-02 -1.484418131E-01 -1.014035205E-02 -8.404468244E-02 -1.664385101E-01 +5.012689435E-02
2.45000000000E+09 -1.522351076E-01 +1.016465185E-02 -9.325445416E-02 -4.390520074E-02 -2.075014178E-01 +4.047535948E-02
2.46000000000E+09 -2.926695361E-02 +1.454758717E-01 -1.104959988E-01 +3.366687741E-02 -2.386041927E-01 +6.452043833E-02
2.47000000000E+09 +1.297535233E-01 +6.711241578E-02 -7.715630300E-02 +7.769672796E-02 -2.375073215E-01 +9.759693811E-02
2.48000000000E+09 +9.998911497E-02 -1.058531845E-01 -5.267925956E-02 +8.205289660E-02 -2.179837373E-01 +1.135250070E-01
2.49000000000E+09 -7.508538029E-02 -1.249359698E-01 -5.114381678E-02 +9.442168646E-02 -2.066094818E-01 +1.133585610E-01
2.50000000000E+09 -1.411438838E-01 +3.847591939E-02 -2.639470538E-02 +1.309887412E-01 -2.045455766E-01 +1.161884605E-01
2.51000000000E+09 -9.779740705E-04 +1.476351669E-01 +4.790651755E-02 +1.394478935E-01 -1.961923444E-01 +1.231390541E-01
2.52000000000E+09 +1.450821325E-01 +3.968071680E-02 +1.193242115E-01 +6.903553170E-02 -1.808409498E-01 +1.160559104E-01
2.53000000000E+09 +7.430381065E-02 -1.326312904E-01 +1.074071524E-01 -4.613487060E-02 -1.813925234E-01 +9.384272458E-02
2.54000000000E+09 -1.100813317E-01 -1.028247552E-01 +1.105318157E-02 -1.097865887E-01 -2.050199599E-01 +8.339640450E-02
2.55000000000E+09 -1.245401741E-01 +7.843700360E-02 -8.350153506E-02 -8.448705189E-02 -2.242415066E-01 +1.027750707E-01
2.56000000000E+09 +4.122572231E-02 +1.387137118E-01 -1.192463498E-01 -2.625760968E-02 -2.154362131E-01 +1.307823860E-01
2.57000000000E+09 +1.438850664E-01 -1.832991773E-03 -1.223304958E-01 +1.022728689E-02 -1.899277580E-01 +1.385219274E-01
2.58000000000E+09 +3.677766443E-02 -1.391498115E-01 -1.351652135E-01 +3.828062725E-02 -1.766757121E-01 +1.259431733E-01
2.59000000000E+09 -1.239730150E-01 -7.307567302E-02 -1.411707327E-01 +9.671675635E-02 -1.797485225E-01 +1.153500412E-01
2.60000000000E+09 -1.043046439E-01 +1.002313418E-01 -8.806896001E-02 +1.675248864E-01 -1.825895623E-01 +1.144698646E-01
2.61000000000E+09 +7.087531703E-02 +1.289273160E-01 +2.392539100E-02 +1.777911690E-01 -1.799294623E-01 +1.052772480E-01
2.62000000000E+09 +1.438873970E-01 -3.786270184E-02 +1.139959427E-01 +8.964208773E-02 -1.904444540E-01 +8.562692909E-02
2.63000000000E+09 -2.447945336E-03 -1.472121500E-01 +1.051438689E-01 -3.370513518E-02 -2.234720430E-01 +8.264993002E-02
2.64000000000E+09 -1.389434501E-01 -3.409527829E-02 +2.370941724E-02 -9.779918593E-02 -2.509803747E-01 +1.162866462E-01
2.65000000000E+09 -6.939622636E-02 +1.214134472E-01 -4.784292657E-02 -9.258145332E-02 -2.431305162E-01 +1.645984960E-01
2.66000000000E+09 +9.638843276E-02 +1.001205732E-01 -8.174090966E-02 -7.351111801E-02 -2.047666206E-01 +1.919921592E-01
2.67000000000E+09 +1.236493854E-01 -6.553835766E-02 -1.139317898E-01 -6.679603543E-02 -1.665605378E-01 +1.867839868E-01
2.68000000000E+09 -2.979377064E-02 -1.379456104E-01 -1.654728089E-01 -3.729169080E-02 -1.438821695E-01 +1.667427041E-01
2.69000000000E+09 -1.427167619E-01 -7.794185058E-03 -1.925870319E-01 +4.510001750E-02 -1.317080210E-01 +1.427698245E-01
2.70000000000E+09 -4.462800928E-02 +1.389733448E-01 -1.397087585E-01 +1.380810045E-01 -1.269399734E-01 +1.072732587E-01
2.71000000000E+09 +1.261409357E-01 +7.707148296E-02 -2.550862454E-02 +1.591010650E-01 -1.481403358E-01 +6.471148766E-02
2.72000000000E+09 +1.025917512E-01 -1.036935163E-01 +5.887487530E-02 +8.866709986E-02 -2.043992743E-01 +4.801517371E-02
2.73000000000E+09 -7.260938262E-02 -1.205000731E-01 +6.191615595E-02 +1.501300639E-03 -2.625705233E-01 +8.415623452E-02
2.74000000000E+09 -1.312895113E-01 +3.574815886E-02 +2.766904419E-02 -4.026756442E-02 -2.795561203E-01 +1.505542843E-01
2.75000000000E+09 -3.458283844E-03 +1.339442216E-01 +1.008433672E-02 -5.575517665E-02 -2.506858040E-01 +2.067709048E-01
2.76000000000E+09 +1.278170314E-01 +4.180704552E-02 -1.227220828E-03 -8.826231005E-02 -2.002976367E-01 +2.302026241E-01
2.77000000000E+09 +7.678831812E-02 -1.124316648E-01 -5.089353877E-02 -1.273364050E-01 -1.517921756E-01 +2.254480287E-01
2.78000000000E+09 -8.954359314E-02 -1.063538061E-01 -1.362817250E-01 -1.151939066E-01 -1.114573788E-01 +1.979986330E-01
2.79000000000E+09 -1.293554512E-01 +6.116347221E-02 -1.893633187E-01 -3.010869802E-02 -8.580564375E-02 +1.466345653E-01
2.80000000000E+09 +2.978826175E-02 +1.428205546E-01 -1.549493479E-01 +6.719693446E-02 -9.885446360E-02 +8.129681138E-02
2.81000000000E+09 +1.447273357E-01 +2.818997419E-03 -6.775766512E-02 +9.728488006E-02 -1.625558539E-01 +4.073357074E-02
2.82000000000E+09 +3.561869160E-02 -1.351776685E-01 -9.534454448E-03 +6.412798524E-02 -2.419363986E-01 +6.142834514E-02
2.83000000000E+09 -1.162049605E-01 -6.759156560E-02 +3.642340969E-03 +3.322363340E-02 -2.836241197E-01 +1.278050433E-01
2.84000000000E+09 -9.563324485E-02 +8.970449193E-02 +1.919278390E-02 +2.563670946E-02 -2.729493530E-01 +1.986995788E-01
2.85000000000E+09 +5.775681229E-02 +1.171207956E-01 +5.741063312E-02 +6.582889828E-04 -2.271838263E-01 +2.436160025E-01
2.86000000000E+09 +1.300400092E-01 -2.206148022E-02 +7.479560056E-02 -6.935354272E-02 -1.694675054E-01 +2.585187346E-01
2.87000000000E+09 +1.499641841E-02 -1.342185407E-01 +2.397411297E-02 -1.428203154E-01 -1.107294138E-01 +2.406888965E-01
2.88000000000E+09 -1.298288338E-01 -5.112890876E-02 -7.198505101E-02 -1.499074105E-01 -6.636020919E-02 +1.894028543E-01
2.89000000000E+09 -8.248181416E-02 +1.169869599E-01 -1.333355382E-01 -8.117144660E-02 -6.488274100E-02 +1.145136786E-01
2.90000000000E+09 +9.585707821E-02 +1.064584245E-01 -1.191287820E-01 -6.593011484E-03 -1.208259327E-01 +5.719921968E-02
2.91000000000E+09 +1.222208657E-01 -6.700447052E-02 -7.741473540E-02 +1.771059892E-02 -2.044501477E-01 +5.697820962E-02
2.92000000000E+09 -3.212028472E-02 -1.302715335E-01 -6.150464290E-02 +1.994533284E-02 -2.608938214E-01 +1.093212225E-01
2.93000000000E+09 -1.300771724E-01 -5.218846971E-03 -5.201374735E-02 +4.529675161E-02 -2.695094984E-01 +1.769394942E-01
2.94000000000E+09 -4.187035871E-02 +1.215351431E-01 -3.326799611E-03 +7.608465926E-02 -2.389894618E-01 +2.310524643E-01
2.95000000000E+09 +1.045609028E-01 +7.527162289E-02 +7.428532541E-02 +5.558922575E-02 -1.884801125E-01 +2.612115459E-01
2.96000000000E+09 +1.036590490E-01 -8.073544896E-02 +1.136436280E-01 -2.761591935E-02 -1.291238465E-01 +2.602376503E-01
2.97000000000E+09 -5.152998062E-02 -1.253064484E-01 +7.224473032E-02 -1.108352687E-01 -7.745178304E-02 +2.231541698E-01
2.98000000000E+09 -1.380914890E-01 +1.997875991E-02 -9.971617501E-03 -1.256742283E-01 -6.107510475E-02 +1.576914105E-01
2.99000000000E+09 -1.211947380E-02 +1.403655129E-01 -5.616335790E-02 -8.151007927E-02 -9.744032048E-02 +9.947146490E-02
3.00000000000E+09 +1.290690633E-01 +5.099532102E-02 -5.029770453E-02 -4.916264389E-02 -1.633294729E-01 +8.390407877E-02
3.01000000000E+09 +7.979110613E-02 -1.086812376E-01 -5.145539917E-02 -4.384477181E-02 -2.155438007E-01 +1.134155098E-01
3.02000000000E+09 -8.083005226E-02 -1.032652534E-01 -7.819025060E-02 -2.452574123E-02 -2.344975445E-01 +1.608923674E-01
3.03000000000E+09 -1.195212628E-01 +4.804878719E-02 -8.604581901E-02 +3.653826401E-02 -2.236809118E-01 +2.071666008E-01
3.04000000000E+09 +1.245376556E-02 +1.270901308E-01 -3.178964586E-02 +9.585666196E-02 -1.938019447E-01 +2.422533253E-01
3.05000000000E+09 +1.264607374E-01 +2.348119322E-02 +5.534497936E-02 +9.009127839E-02 -1.485802213E-01 +2.567564729E-01
3.06000000000E+09 +5.745756428E-02 -1.180927113E-01 +1.003674887E-01 +2.041353485E-02 -1.017584698E-01 +2.394638570E-01
3.07000000000E+09 -1.031941598E-01 -8.678215117E-02 +7.314869580E-02 -4.317867827E-02 -7.825804821E-02 +1.943423723E-01
3.08000000000E+09 -1.095264960E-01 +8.167249199E-02 +2.574994367E-02 -4.895941007E-02 -9.406363677E-02 +1.489186109E-01
3.09000000000E+09 +5.454267268E-02 +1.245672674E-01 +1.591561745E-02 -2.952914307E-02 -1.319081343E-01 +1.314912245E-01
3.10000000000E+09 +1.321256681E-01 -2.268507894E-02 +2.348549445E-02 -3.972535429E-02 -1.633419107E-01 +1.414794378E-01
3.11000000000E+09 +1.069748506E-02 -1.315690673E-01 -5.041985489E-03 -6.521403733E-02 -1.780739453E-01 +1.610638666E-01
3.12000000000E+09 -1.225446643E-01 -4.367435645E-02 -6.240228284E-02 -4.775993991E-02 -1.832410066E-01 +1.827653563E-01
3.13000000000E+09 -7.336985538E-02 +1.048671164E-01 -8.469782985E-02 +2.042191836E-02 -1.804811954E-01 +2.081278437E-01
3.14000000000E+09 +8.006861403E-02 +9.854889070E-02 -4.276414438E-02 +7.756963756E-02 -1.616251173E-01 +2.298281123E-01
3.15000000000E+09 +1.172385025E-01 -5.006927734E-02 +1.630430250E-02 +7.454796507E-02 -1.312853342E-01 +2.315512625E-01
3.16000000000E+09 -1.742619153E-02 -1.279486645E-01 +3.212927232E-02 +3.681315688E-02 -1.109109349E-01 +2.116167760E-01
3.17000000000E+09 -1.287971868E-01 -1.602195177E-02 +9.915018988E-03 +2.635128006E-02 -1.140612033E-01 +1.904634296E-01
3.18000000000E+09 -4.819483492E-02 +1.200884103E-01 +8.461488032E-03 +5.217780199E-02 -1.275547712E-01 +1.867404979E-01
3.19000000000E+09 +1.028497579E-01 +7.787277276E-02 +4.807656248E-02 +5.881660865E-02 -1.299895159E-01 +1.931167889E-01
3.20000000000E+09 +1.023035601E-01 -7.917313607E-02 +7.752800880E-02 +1.252061815E-02 -1.244404200E-01 +1.920490788E-01
3.21000000000E+09 -5.065770997E-02 -1.192781919E-01 +4.645860838E-02 -4.490956005E-02 -1.282404219E-01 +1.845100841E-01
3.22000000000E+09 -1.270537408E-01 +1.900535848E-02 -2.061742145E-02 -4.971780088E-02 -1.417090237E-01 +1.874650063E-01
3.23000000000E+09 -1.437102580E-02 +1.260843428E-01 -5.681000203E-02 -4.839851573E-03 -1.455436184E-01 +2.026127619E-01
3.24000000000E+09 +1.167660637E-01 +4.694376355E-02 -4.640089401E-02 +3.086657901E-02 -1.325005078E-01 +2.117242396E-01
3.25000000000E+09 +7.605789720E-02 -1.000944839E-01 -3.622288037E-02 +3.124630320E-02 -1.204865427E-01 +2.052267186E-01
3.26000000000E+09 -7.639649814E-02 -9.876994289E-02 -5.733291124E-02 +3.532779856E-02 -1.250423173E-01 +1.970085357E-01
3.27000000000E+09 -1.143526108E-01 +4.714695529E-02 -7.335528517E-02 +8.059785591E-02 -1.343206230E-01 +2.046601104E-01
3.28000000000E+09 +1.373258182E-02 +1.222665986E-01 -3.402196874E-02 +1.360153816E-01 -1.279770888E-01 +2.198118511E-01
3.29000000000E+09 +1.224281749E-01 +2.023095521E-02 +4.666466948E-02 +1.369126253E-01 -1.110481108E-01 +2.224615123E-01
3.30000000000E+09 +5.209678250E-02 -1.146391209E-01 +9.812736315E-02 +6.842908530E-02 -1.040015884E-01 +2.093195423E-01
3.31000000000E+09 -9.879051883E-02 -7.913304228E-02 +7.617054892E-02 -9.529276655E-03 -1.143472453E-01 +2.016239919E-01
3.32000000000E+09 -1.009049995E-01 +7.539985733E-02 +1.719230613E-02 -3.702134848E-02 -1.188671338E-01 +2.110237582E-01
3.33000000000E+09 +4.649946266E-02 +1.161103102E-01 -2.137846594E-02 -2.708826923E-02 -1.052536698E-01 +2.199191001E-01
3.34000000000E+09 +1.239607232E-01 -1.479509479E-02 -4.121199241E-02 -2.506653072E-02 -8.927988776E-02 +2.096846077E-01
3.35000000000E+09 +1.714402489E-02 -1.227486416E-01 -8.157367031E-02 -2.856453589E-02 -9.284637980E-02 +1.913656108E-01
3.36000000000E+09 -1.127442943E-01 -4.783136038E-02 -1.391404104E-01 +8.560823922E-03 -1.103849307E-01 +1.877295764E-01
3.37000000000E+09 -7.578333210E-02 +9.425696595E-02 -1.558513799E-01 +9.558034914E-02 -1.190830450E-01 +2.002205332E-01
3.38000000000E+09 +6.996273040E-02 +9.878086470E-02 -9.514316179E-02 +1.737192958E-01 -1.159529271E-01 +2.100121881E-01
3.39000000000E+09 +1.149397499E-01 -4.159319053E-02 +4.449034617E-03 +1.780118230E-01 -1.165791192E-01 +2.093187337E-01
3.40000000000E+09 -1.118204182E-02 -1.223376073E-01 +6.622876466E-02 +1.119938881E-01 -1.260733811E-01 +2.152370978E-01
3.41000000000E+09 -1.206659168E-01 -2.040419827E-02 +6.292167031E-02 +4.098090136E-02 -1.238043170E-01 +2.382684110E-01
3.42000000000E+09 -5.127696640E-02 +1.106470747E-01 +3.609420268E-02 +4.158345381E-03 -9.561106207E-02 +2.605393268E-01
3.43000000000E+09 +9.361411550E-02 +7.919772681E-02 +1.884729681E-02 -2.272154472E-02 -5.594018316E-02 +2.528885020E-01
3.44000000000E+09 +1.011535623E-01 -7.058944511E-02 -1.243070706E-02 -6.462896559E-02 -3.586990983E-02 +2.186934706E-01
3.45000000000E+09 -4.293291058E-02 -1.157429279E-01 -8.841712012E-02 -8.933846987E-02 -4.494925866E-02 +1.829547540E-01
3.46000000000E+09 -1.217637556E-01 +1.186354458E-02 -1.773139996E-01 -4.553165671E-02 -6.858551503E-02 +1.669105700E-01
3.47000000000E+09 -1.984864623E-02 +1.199251784E-01 -2.080108048E-01 +5.611044661E-02 -9.403929630E-02 +1.631631411E-01
3.48000000000E+09 +1.103315090E-01 +5.003272721E-02 -1.558796829E-01 +1.432894386E-01 -1.213896290E-01 +1.673800171E-01
3.49000000000E+09 +7.580125406E-02 -9.323698609E-02 -7.112101494E-02 +1.618584997E-01 -1.485968678E-01 +1.900570308E-01
3.50000000000E+09 -6.930767817E-02 -9.613266754E-02 -1.498609180E-02 +1.305181297E-01 -1.553211932E-01 +2.358107542E-01
3.51000000000E+09 -1.104629007E-01 +4.019075410E-02 +1.024665128E-02 +9.758406396E-02 -1.248012863E-01 +2.842048147E-01
3.52000000000E+09 +7.914982451E-03 +1.179489995E-01 +3.757935926E-02 +6.702746829E-02 -6.790692327E-02 +2.987587908E-01
3.53000000000E+09 +1.175281115E-01 +2.418385377E-02 +6.361133070E-02 +5.861758927E-03 -1.769649421E-02 +2.718234874E-01
3.54000000000E+09 +5.397131864E-02 -1.093155632E-01 +3.975152018E-02 -8.491093478E-02 +2.257334493E-03 +2.213149515E-01
3.55000000000E+09 -9.307866149E-02 -7.970520477E-02 -5.524185427E-02 -1.427470285E-01 -9.710765386E-03 +1.753048100E-01
3.56000000000E+09 -1.000667893E-01 +7.061465103E-02 -1.660574367E-01 -1.138572370E-01 -4.381127973E-02 +1.443281608E-01
3.57000000000E+09 +4.335101765E-02 +1.135847083E-01 -2.174781267E-01 -2.310024856E-02 -8.952177986E-02 +1.342417219E-01
3.58000000000E+09 +1.188556571E-01 -1.357455928E-02 -1.972884900E-01 +5.832874537E-02 -1.371240468E-01 +1.554567487E-01
3.59000000000E+09 +1.717264614E-02 -1.157513450E-01 -1.528850635E-01 +9.752095664E-02 -1.621766427E-01 +2.087055933E-01
3.60000000000E+09 -1.049524474E-01 -4.748714494E-02 -1.142634851E-01 +1.190766367E-01 -1.463169948E-01 +2.709601386E-01
3.61000000000E+09 -7.520750231E-02 +8.687642718E-02 -6.124469841E-02 +1.403581691E-01 -9.392457790E-02 +3.091723663E-01
3.62000000000E+09 +6.340326187E-02 +9.751637125E-02 +2.332144474E-02 +1.293813387E-01 -3.478214976E-02 +3.047964919E-01
3.63000000000E+09 +1.131717151E-01 -3.627883040E-02 +9.925956838E-02 +4.731466673E-02 +7.941038609E-03 +2.648788549E-01
3.64000000000E+09 -6.856291692E-03 -1.207406776E-01 +9.705794492E-02 -8.025668615E-02 +1.942433387E-02 +2.142803037E-01
3.65000000000E+09 -1.200546462E-01 -2.303926932E-02 +4.793665734E-03 -1.695057302E-01 +1.559082392E-03 +1.689444123E-01
3.66000000000E+09 -5.137320801E-02 +1.109466517E-01 -1.098040343E-01 -1.692777193E-01 -3.703373852E-02 +1.431491865E-01
3.67000000000E+09 +9.427011347E-02 +7.580445328E-02 -1.787023198E-01 -1.100961706E-01 -8.502429573E-02 +1.465015687E-01
3.68000000000E+09 +9.513012499E-02 -7.118393685E-02 -2.003115172E-01 -4.753050599E-02 -1.188702370E-01 +1.824482498E-01
3.69000000000E+09 -4.288556971E-02 -1.088039234E-01 -2.058951314E-01 +9.470268525E-03 -1.212057190E-01 +2.341060010E-01
3.70000000000E+09 -1.152187241E-01 +1.115486193E-02 -1.907027380E-01 +8.160303873E-02 -9.251436620E-02 +2.742317311E-01
3.71000000000E+09 -2.067399089E-02 +1.142151124E-01 -1.195405988E-01 +1.529922855E-01 -5.002901633E-02 +2.831605259E-01
3.72000000000E+09 +1.060929242E-01 +5.096082209E-02 +4.894050937E-03 +1.632119616E-01 -1.077591405E-02 +2.624466582E-01
3.73000000000E+09 +7.754990449E-02 -9.095032054E-02 +1.126193155E-01 +7.714888985E-02 +8.643177326E-03 +2.291777059E-01
3.74000000000E+09 -6.973804049E-02 -9.890701020E-02 +1.299775647E-01 -5.750366746E-02 +4.741309166E-03 +1.949710040E-01
3.75000000000E+09 -1.132472449E-01 +4.370157212E-02 +6.097900318E-02 -1.543160853E-01 -1.837493181E-02 +1.723227707E-01
3.76000000000E+09 +1.498369355E-02 +1.198388814E-01 -2.774492070E-02 -1.798906841E-01 -4.894285351E-02 +1.692974987E-01
3.77000000000E+09 +1.185557879E-01 +1.488577174E-02 -9.366674941E-02 -1.669008578E-01 -7.251797483E-02 +1.880708675E-01
3.78000000000E+09 +4.442076045E-02 -1.093704201E-01 -1.495004406E-01 -1.420170947E-01 -7.847626895E-02 +2.172244651E-01
3.79000000000E+09 -9.254882815E-02 -7.093126988E-02 -2.050868671E-01 -8.618636696E-02 -6.665668554E-02 +2.420019646E-01
3.80000000000E+09 -9.254623218E-02 +7.010377573E-02 -2.222098500E-01 +1.592730493E-02 -4.475979259E-02 +2.487044574E-01
3.81000000000E+09 +4.314615734E-02 +1.081955302E-01 -1.567894164E-01 +1.209051277E-01 -1.956080773E-02 +2.408201741E-01
3.82000000000E+09 +1.164980333E-01 -1.351486316E-02 -2.855273839E-02 +1.544883791E-01 -4.309954291E-03 +2.242764544E-01
3.83000000000E+09 +1.683466633E-02 -1.170381642E-01 +8.294019572E-02 +9.346364927E-02 -4.601120512E-03 +2.043087940E-01
3.84000000000E+09 -1.095598050E-01 -4.572507701E-02 +1.197034674E-01 -7.846263424E-03 -1.754155736E-02 +1.895073368E-01
3.85000000000E+09 -7.138924250E-02 +9.477182417E-02 +9.822966912E-02 -8.506360267E-02 -3.474827268E-02 +1.877973248E-01
3.86000000000E+09 +7.348387349E-02 +9.235221850E-02 +6.433138972E-02 -1.311359113E-01 -4.731586680E-02 +1.998210099E-01
3.87000000000E+09 +1.072074321E-01 -4.705131470E-02 +2.294184478E-02 -1.717546098E-01 -4.992800701E-02 +2.150816902E-01
3.88000000000E+09 -1.768419089E-02 -1.144928997E-01 -5.127558691E-02 -1.973076756E-01 -4.567666711E-02 +2.261693968E-01
3.89000000000E+09 -1.141956064E-01 -1.243974769E-02 -1.462099871E-01 -1.628948327E-01 -3.516350444E-02 +2.310230741E-01
3.90000000000E+09 -4.183831804E-02 +1.060771824E-01 -1.984134880E-01 -5.861415819E-02 -1.896274674E-02 +2.340613667E-01
3.91000000000E+09 +9.091674044E-02 +6.817568938E-02 -1.622287862E-01 +5.677651812E-02 -2.680084627E-03 +2.303076122E-01
3.92000000000E+09 +9.005818729E-02 -7.005666306E-02 -6.509927271E-02 +1.128070116E-01 +8.013082114E-03 +2.156849795E-01
3.93000000000E+09 -4.484537469E-02 -1.059087279E-01 +2.558234542E-02 +9.873032193E-02 +5.921701323E-03 +1.960515822E-01
3.94000000000E+09 -1.146436327E-01 +1.676493246E-02 +7.774804548E-02 +5.756394548E-02 -7.013526241E-03 +1.823033824E-01
3.95000000000E+09 -1.234076402E-02 +1.154522603E-01 +1.117627337E-01 +1.738238708E-02 -2.354333907E-02 +1.805427119E-01
3.96000000000E+09 +1.085969546E-01 +4.046382144E-02 +1.412565613E-01 -3.969342800E-02 -3.891821575E-02 +1.862413333E-01
3.97000000000E+09 +6.547128989E-02 -9.450918784E-02 +1.332386288E-01 -1.253237398E-01 -5.144846834E-02 +1.968558851E-01
3.98000000000E+09 -7.418703510E-02 -8.571511796E-02 +5.592405744E-02 -1.946685701E-01 -5.604633503E-02 +2.159806125E-01
3.99000000000E+09 -9.987742643E-02 +4.852821182E-02 -5.690678770E-02 -1.869046417E-01 -4.638220992E-02 +2.435030295E-01
4.00000000000E+09 +1.971786539E-02 +1.073121023E-01 -1.297751160E-01 -1.024517421E-01 -1.945813275E-02 +2.637127290E-01
4.01000000000E+09 +1.080470869E-01 +1.057963131E-02 -1.268061345E-01 -3.304456677E-03 +1.652717256E-02 +2.620294355E-01
4.02000000000E+09 +4.009727120E-02 -1.017753380E-01 -7.821321228E-02 +5.803331456E-02 +4.468128232E-02 +2.356979622E-01
4.03000000000E+09 -8.878522915E-02 -6.677107045E-02 -2.840255274E-02 +8.430690037E-02 +5.343443302E-02 +1.967161920E-01
4.04000000000E+09 -8.849259499E-02 +6.994042742E-02 +1.865236860E-02 +1.027146578E-01 +3.757091948E-02 +1.606632668E-01
4.05000000000E+09 +4.658776159E-02 +1.040072100E-01 +8.487496394E-02 +1.073506220E-01 +4.071400505E-03 +1.386546299E-01
4.06000000000E+09 +1.120060838E-01 -2.032974937E-02 +1.575596390E-01 +6.260867533E-02 -3.813684204E-02 +1.386859008E-01
4.07000000000E+09 +7.064189106E-03 -1.119713831E-01 +1.815679315E-01 -3.121166481E-02 -7.403266613E-02 +1.677002808E-01
4.08000000000E+09 -1.037364867E-01 -3.384508733E-02 +1.287825430E-01 -1.141379139E-01 -8.663863790E-02 +2.194726594E-01
4.09000000000E+09 -5.844932300E-02 +8.869533198E-02 +4.037300834E-02 -1.322223636E-01 -6.389715270E-02 +2.702884183E-01
4.10000000000E+09 +6.767342840E-02 +7.971879727E-02 -2.340484761E-02 -9.517330566E-02 -1.465318302E-02 +2.951348243E-01
4.11000000000E+09 +9.562180772E-02 -4.237292779E-02 -4.855403552E-02 -4.873350273E-02 +4.148774617E-02 +2.816636837E-01
4.12000000000E+09 -1.466856057E-02 -1.053020256E-01 -6.224933511E-02 -1.222980419E-02 +7.864547284E-02 +2.375128744E-01
4.13000000000E+09 -1.079037099E-01 -1.339371134E-02 -7.738721236E-02 +3.547812387E-02 +8.074174164E-02 +1.818746919E-01
4.14000000000E+09 -4.019281271E-02 +1.033335970E-01 -6.451500158E-02 +1.068225823E-01 +4.790608559E-02 +1.369720736E-01
4.15000000000E+09 +9.161525805E-02 +6.373680568E-02 +4.154400255E-03 +1.638480832E-01 -5.121121070E-03 +1.223233737E-01
4.16000000000E+09 +8.250123733E-02 -7.341538906E-02 +9.786937847E-02 +1.549626519E-01 -5.633445387E-02 +1.481937402E-01
4.17000000000E+09 -5.007345806E-02 -9.549642599E-02 +1.515119346E-01 +8.577892961E-02 -8.044696390E-02 +2.048591516E-01
4.18000000000E+09 -1.026607971E-01 +2.291748045E-02 +1.421196854E-01 +1.358797696E-02 -6.222579091E-02 +2.650530991E-01
4.19000000000E+09 -6.355053587E-03 +1.030431600E-01 +1.033985418E-01 -2.411939565E-02 -7.941059031E-03 +2.980164337E-01
4.20000000000E+09 +9.708692829E-02 +3.511902772E-02 +6.834439866E-02 -3.993269995E-02 +5.991160370E-02 +2.874485415E-01
4.21000000000E+09 +6.160064459E-02 -8.525834295E-02 +2.988894204E-02 -5.571666906E-02 +1.082549740E-01 +2.367518199E-01
4.22000000000E+09 -6.842469389E-02 -8.370262356E-02 -3.289138956E-02 -5.737814138E-02 +1.112846537E-01 +1.660165634E-01
4.23000000000E+09 -9.977440677E-02 +4.744416388E-02 -1.027318487E-01 -9.124853004E-03 +6.558959847E-02 +1.072215744E-01
4.24000000000E+09 +2.357510255E-02 +1.081711587E-01 -1.252821862E-01 +8.538462988E-02 -6.317314202E-03 +9.436503029E-02
4.25000000000E+09 +1.087122680E-01 +1.922416531E-03 -7.668497121E-02 +1.674937778E-01 -6.889052039E-02 +1.343290939E-01
4.26000000000E+09 +2.756243074E-02 -1.018011435E-01 +2.002878883E-03 +1.895103704E-01 -9.142257339E-02 +2.065719820E-01
4.27000000000E+09 -8.799862875E-02 -5.221037061E-02 +5.836938389E-02 +1.640243232E-01 -6.384101807E-02 +2.752634399E-01
4.28000000000E+09 -7.337093981E-02 +6.810140035E-02 +8.459879134E-02 +1.291760874E-01 +4.319554562E-03 +3.118661871E-01
4.29000000000E+09 +4.425288729E-02 +9.015375014E-02 +1.017806765E-01 +9.493372165E-02 +8.638371006E-02 +2.988229427E-01
4.30000000000E+09 +1.014699914E-01 -1.756864364E-02 +1.114172779E-01 +4.375574350E-02 +1.465783515E-01 +2.355567880E-01
4.31000000000E+09 +9.494416235E-03 -1.064882209E-01 +8.422754629E-02 -2.466553819E-02 +1.514615291E-01 +1.431202681E-01
4.32000000000E+09 -1.045178002E-01 -3.497245696E-02 +3.330063092E-03 -6.841230679E-02 +8.989201786E-02 +6.367373902E-02
4.33000000000E+09 -5.690168910E-02 +9.503810805E-02 -9.276262702E-02 -4.418508957E-02 -9.854234439E-03 +4.572143542E-02
4.34000000000E+09 +7.819622774E-02 +7.459106061E-02 -1.431338155E-01 +3.189054836E-02 -9.536955541E-02 +9.997763769E-02
4.35000000000E+09 +8.750610299E-02 -5.543661847E-02 -1.364115639E-01 +1.037485111E-01 -1.261555206E-01 +1.942083610E-01
4.36000000000E+09 -2.830319146E-02 -9.499111830E-02 -1.071722159E-01 +1.455531531E-01 -9.272305957E-02 +2.813793028E-01
4.37000000000E+09 -9.606019705E-02 -4.577975458E-04 -7.677483572E-02 +1.721905846E-01 -1.352473861E-02 +3.308751673E-01
4.38000000000E+09 -2.934383016E-02 +9.124554986E-02 -3.371766166E-02 +1.938445085E-01 +8.253805500E-02 +3.266928171E-01
4.39000000000E+09 +8.021397588E-02 +5.645637433E-02 +3.201388537E-02 +1.896502279E-01 +1.611952490E-01 +2.664501987E-01
4.40000000000E+09 +7.968905142E-02 -6.458633161E-02 +9.456620012E-02 +1.323847249E-01 +1.852096482E-01 +1.655127236E-01
4.41000000000E+09 -4.545880921E-02 -9.748131731E-02 +1.041397480E-01 +3.371071852E-02 +1.355317792E-01 +6.386784516E-02
4.42000000000E+09 -1.077776836E-01 +2.399762841E-02 +4.229582741E-02 -4.843674467E-02 +3.092205560E-02 +2.028908911E-02
4.43000000000E+09 +6.003717134E-04 +1.095682442E-01 -4.818697299E-02 -6.891690230E-02 -7.251945938E-02 +5.997041616E-02
4.44000000000E+09 +1.032726285E-01 +2.365501059E-02 -1.167278076E-01 -4.234835145E-02 -1.219247832E-01 +1.521698942E-01
4.45000000000E+09 +4.737927874E-02 -8.983971021E-02 -1.582616727E-01 -2.975878831E-03 -1.025923641E-01 +2.435464635E-01
4.46000000000E+09 -7.078868292E-02 -6.816627019E-02 -1.866922025E-01 +4.529644796E-02 -3.468594892E-02 +3.010528066E-01
4.47000000000E+09 -8.512582427E-02 +4.720538668E-02 -1.919384959E-01 +1.123797652E-01 +5.158318458E-02 +3.094956149E-01
4.48000000000E+09 +2.043661390E-02 +9.637419544E-02 -1.482638528E-01 +1.816765519E-01 +1.258307136E-01 +2.672109280E-01
4.49000000000E+09 +1.019289448E-01 +7.112309272E-03 -5.672880899E-02 +2.081322641E-01 +1.551416999E-01 +1.846111972E-01
4.50000000000E+09 +3.380314305E-02 -1.012507654E-01 +3.560706118E-02 +1.607819105E-01 +1.217201554E-01 +9.577687962E-02
4.51000000000E+09 -9.372872309E-02 -5.712377852E-02 +7.108159611E-02 +6.436361772E-02 +3.778398143E-02 +5.523903468E-02
4.52000000000E+09 -7.591981591E-02 +7.919209923E-02 +4.187752011E-02 -2.055446474E-02 -4.637907762E-02 +8.839613092E-02
4.53000000000E+09 +5.839969670E-02 +8.974809682E-02 -1.160674116E-02 -6.580077063E-02 -8.199316157E-02 +1.653999979E-01
4.54000000000E+09 +9.821103970E-02 -3.297000110E-02 -6.409512985E-02 -8.732521384E-02 -5.768474754E-02 +2.365311732E-01
4.55000000000E+09 -5.375761982E-03 -1.007598705E-01 -1.232357466E-01 -9.382682700E-02 +3.563762155E-03 +2.739948153E-01
4.56000000000E+09 -9.729186053E-02 -2.273762497E-02 -1.882718110E-01 -6.671231982E-02 +7.240068425E-02 +2.672844199E-01
4.57000000000E+09 -4.903602055E-02 +8.769523955E-02 -2.265268897E-01 +3.812150120E-03 +1.227253517E-01 +2.210579923E-01
4.58000000000E+09 +7.339573426E-02 +7.221748233E-02 -2.041096645E-01 +8.669809192E-02 +1.292236164E-01 +1.452438497E-01
4.59000000000E+09 +9.033716437E-02 -5.479424068E-02 -1.295947066E-01 +1.296563526E-01 +8.328767584E-02 +7.595491785E-02
4.60000000000E+09 -3.340324107E-02 -1.014270322E-01 -5.328348027E-02 +1.122513298E-01 -2.014366035E-03 +6.003047788E-02
4.61000000000E+09 -1.049633968E-01 +9.908891230E-03 -1.194580674E-02 +6.546020577E-02 -7.558697689E-02 +1.143424941E-01
4.62000000000E+09 -1.488141980E-02 +1.011737258E-01 +5.737321283E-03 +2.221314672E-02 -9.264896529E-02 +2.017564087E-01
4.63000000000E+09 +9.075873074E-02 +3.919769861E-02 +1.928403508E-02 -2.321807737E-02 -4.802133014E-02 +2.737471609E-01
4.64000000000E+09 +6.101368678E-02 -7.478010640E-02 +1.525830536E-02 -8.504254148E-02 +2.875563895E-02 +3.024531832E-01
4.65000000000E+09 -5.421433322E-02 -7.882811518E-02 -3.086967976E-02 -1.439838621E-01 +1.071877205E-01 +2.836085180E-01
4.66000000000E+09 -9.132275271E-02 +3.044450305E-02 -1.097027090E-01 -1.593006388E-01 +1.595571657E-01 +2.222504266E-01
4.67000000000E+09 +4.915224898E-03 +9.813148072E-02 -1.755439568E-01 -1.162970526E-01 +1.687166582E-01 +1.316805641E-01
4.68000000000E+09 +9.823511449E-02 +2.036286309E-02 -1.910337887E-01 -4.641789497E-02 +1.209830841E-01 +4.796860297E-02
4.69000000000E+09 +4.308221162E-02 -9.188445636E-02 -1.633322443E-01 +7.401091100E-03 +2.479667868E-02 +1.447665078E-02
4.70000000000E+09 -7.903591050E-02 -6.242784999E-02 -1.232931285E-01 +3.597888334E-02 -7.340778170E-02 +5.441022160E-02
4.71000000000E+09 -7.741065663E-02 +6.019916441E-02 -7.828274830E-02 +5.499175215E-02 -1.225407355E-01 +1.451220166E-01
4.72000000000E+09 +3.705013393E-02 +8.738710315E-02 -1.484417913E-02 +5.934782353E-02 -1.050773980E-01 +2.373381058E-01
4.73000000000E+09 +9.169630794E-02 -1.153703134E-02 +5.703311912E-02 +2.238662692E-02 -4.167005052E-02 +2.987610892E-01
4.74000000000E+09 +1.461259618E-02 -8.986099064E-02 +9.556265791E-02 -5.970115136E-02 +3.947760196E-02 +3.173364806E-01
4.75000000000E+09 -8.191484264E-02 -3.957234804E-02 +7.084472081E-02 -1.462109409E-01 +1.153846957E-01 +2.886471974E-01
4.76000000000E+09 -6.200401160E-02 +6.831138218E-02 +1.590499601E-03 -1.874590287E-01 +1.678990230E-01 +2.188592275E-01
4.77000000000E+09 +5.020442329E-02 +7.984569848E-02 -6.321815681E-02 -1.721688791E-01 +1.734989732E-01 +1.318526673E-01
4.78000000000E+09 +9.223538150E-02 -2.937686259E-02 -9.369800546E-02 -1.305268470E-01 +1.237320936E-01 +5.843860630E-02
4.79000000000E+09 -6.770353188E-03 -9.806477840E-02 -9.950680499E-02 -9.118590049E-02 +3.974906477E-02 +3.253833095E-02
4.80000000000E+09 -9.676846045E-02 -1.634916820E-02 -9.598529536E-02 -5.146944716E-02 -4.038835938E-02 +5.991460037E-02
4.81000000000E+09 -3.818719044E-02 +8.882422919E-02 -7.257301325E-02 -2.534633320E-03 -8.450393342E-02 +1.194771880E-01
4.82000000000E+09 +7.489867920E-02 +5.765894019E-02 -1.332613031E-02 +3.317687002E-02 -8.768534023E-02 +1.904863820E-01
4.83000000000E+09 +7.324578886E-02 -5.593057849E-02 +6.151656171E-02 +2.355460807E-02 -5.671811243E-02 +2.513133362E-01
4.84000000000E+09 -3.325770961E-02 -8.406225792E-02 +1.085490073E-01 -2.807229834E-02 +7.229425279E-04 +2.839869679E-01
4.85000000000E+09 -8.924305029E-02 +8.197787122E-03 +1.099343515E-01 -8.248740598E-02 +7.009679432E-02 +2.782567369E-01
4.86000000000E+09 -1.691896621E-02 +8.839274408E-02 +8.870324392E-02 -1.093929868E-01 +1.230326817E-01 +2.375175725E-01
4.87000000000E+09 +8.205531779E-02 +4.079464927E-02 +7.487620605E-02 -1.163845098E-01 +1.399327844E-01 +1.780460218E-01
4.88000000000E+09 +6.162734741E-02 -6.999653090E-02 +6.741835497E-02 -1.276561536E-01 +1.190855428E-01 +1.221076831E-01
4.89000000000E+09 -5.336869793E-02 -7.815658582E-02 +4.340051192E-02 -1.422682155E-01 +7.491675533E-02 +8.467611710E-02
4.90000000000E+09 -8.944469294E-02 +3.295491596E-02 +9.648852207E-04 -1.323241619E-01 +2.268295561E-02 +7.557206688E-02
4.91000000000E+09 +1.049763243E-02 +9.432975515E-02 -2.823530873E-02 -8.562815424E-02 -2.709187352E-02 +9.974816495E-02
4.92000000000E+09 +9.279394366E-02 +1.253806235E-02 -1.866842556E-02 -2.844986172E-02 -5.758072477E-02 +1.523882045E-01
4.93000000000E+09 +3.504296418E-02 -8.492378191E-02 +1.696091509E-02 +7.565440504E-03 -4.925423048E-02 +2.102608726E-01
4.94000000000E+09 -7.115059360E-02 -5.538708394E-02 +5.192904286E-02 +2.246575826E-02 -4.423528516E-03 +2.482405418E-01
4.95000000000E+09 -7.200676628E-02 +5.290750602E-02 +8.337816198E-02 +3.376391581E-02 +5.000542712E-02 +2.508699127E-01
4.96000000000E+09 +3.124494138E-02 +8.383845677E-02 +1.267083868E-01 +3.945244229E-02 +8.924058294E-02 +2.241389117E-01
4.97000000000E+09 +8.970086126E-02 -7.751031255E-03 +1.783157043E-01 +1.570405307E-02 +1.027910444E-01 +1.805900419E-01
4.98000000000E+09 +1.634958493E-02 -8.974718718E-02 +2.042365512E-01 -4.521554129E-02 +9.253995036E-02 +1.358734296E-01
4.99000000000E+09 -8.337994439E-02 -3.936943810E-02 +1.758110698E-01 -1.110803717E-01 +6.021539810E-02 +1.052951387E-01
5.00000000000E+09 -5.899406952E-02 +7.158328618E-02 +1.066934676E-01 -1.367599351E-01 +1.030334011E-02 +1.053365662E-01
5.01000000000E+09 +5.511864949E-02 +7.449830376E-02 +4.098995678E-02 -1.105605870E-01 -3.199565289E-02 +1.419166718E-01
5.02000000000E+09 +8.495344967E-02 -3.434001427E-02 +5.572576869E-03 -5.869852764E-02 -3.556983763E-02 +1.968507920E-01
5.03000000000E+09 -1.088820399E-02 -8.968429433E-02 -6.203023079E-03 -4.195099358E-03 +3.572830586E-03 +2.364451345E-01
5.04000000000E+09 -8.862643010E-02 -1.330992938E-02 -2.212110490E-03 +5.416958083E-02 +5.774912352E-02 +2.384570726E-01
5.05000000000E+09 -3.647645117E-02 +8.178249366E-02 +3.004717512E-02 +1.159182993E-01 +9.506766444E-02 +2.058989053E-01
5.06000000000E+09 +6.965758802E-02 +5.689939286E-02 +1.001626071E-01 +1.547848447E-01 +1.015089103E-01 +1.547588860E-01
5.07000000000E+09 +7.362588757E-02 -5.277346542E-02 +1.831874021E-01 +1.389181562E-01 +7.918670027E-02 +1.079614541E-01
5.08000000000E+09 -3.219473611E-02 -8.478404827E-02 +2.317840917E-01 +7.197384146E-02 +3.082967101E-02 +8.456736830E-02
5.09000000000E+09 -8.985502742E-02 +1.029948400E-02 +2.218986740E-01 -4.111244244E-03 -3.237808006E-02 +9.966443137E-02
5.10000000000E+09 -1.224708366E-02 +8.877532072E-02 +1.725796832E-01 -5.101239918E-02 -7.783869077E-02 +1.578712834E-01
5.11000000000E+09 +8.098317196E-02 +3.421625309E-02 +1.149451025E-01 -6.561808962E-02 -7.154173202E-02 +2.366522996E-01
5.12000000000E+09 +5.406543825E-02 -6.765282097E-02 +5.667548259E-02 -6.097128259E-02 -1.006840537E-02 +2.909999168E-01
5.13000000000E+09 -4.988742121E-02 -7.055711780E-02 -6.576201553E-03 -3.250636836E-02 +7.252308833E-02 +2.937331714E-01
5.14000000000E+09 -8.223777814E-02 +2.897048362E-02 -5.823388925E-02 +3.497262140E-02 +1.339543831E-01 +2.448448915E-01
5.15000000000E+09 +6.345478334E-03 +8.821343399E-02 -6.199661721E-02 +1.308730580E-01 +1.532672877E-01 +1.695421533E-01
5.16000000000E+09 +8.790314020E-02 +1.697022366E-02 -3.289128157E-03 +2.090349197E-01 +1.293339807E-01 +9.735953653E-02
5.17000000000E+09 +3.865702526E-02 -8.109974138E-02 +8.567667260E-02 +2.277805320E-01 +6.560485751E-02 +5.359647859E-02
5.18000000000E+09 -6.910674682E-02 -5.720694577E-02 +1.554033248E-01 +1.896304579E-01 -2.124340663E-02 +5.881414780E-02
5.19000000000E+09 -7.194172160E-02 +5.201363834E-02 +1.845899405E-01 +1.281763790E-01 -9.159131002E-02 +1.187202960E-01
5.20000000000E+09 +3.076713486E-02 +8.141309920E-02 +1.828662809E-01 +6.562374049E-02 -1.034714876E-01 +2.127733888E-01
5.21000000000E+09 +8.584081531E-02 -7.202621447E-03 +1.552431937E-01 +2.944882086E-03 -4.860385337E-02 +2.879888028E-01
5.22000000000E+09 +1.727253116E-02 -8.481831720E-02 +9.016698327E-02 -5.089191172E-02 +3.959799508E-02 +3.097240423E-01
5.23000000000E+09 -7.834307469E-02 -4.034124011E-02 -1.089074306E-02 -6.274260126E-02 +1.124230272E-01 +2.726824426E-01
5.24000000000E+09 -6.058417975E-02 +6.674543894E-02 -1.072646367E-01 -5.756630419E-03 +1.445087719E-01 +2.023135809E-01
5.25000000000E+09 +5.019736390E-02 +7.647641042E-02 -1.441835413E-01 +9.809236512E-02 +1.315529715E-01 +1.332914411E-01
5.26000000000E+09 +8.668666155E-02 -3.019140720E-02 -1.088040514E-01 +1.890437551E-01 +8.075685909E-02 +8.951141342E-02
5.27000000000E+09 -8.346775223E-03 -9.121798182E-02 -3.926882922E-02 +2.276302037E-01 +7.838908719E-03 +8.568634967E-02
5.28000000000E+09 -8.940084125E-02 -1.438478340E-02 +2.328114115E-02 +2.215051732E-01 -5.325134382E-02 +1.292416406E-01
5.29000000000E+09 -3.631613052E-02 +8.114416036E-02 +7.048799746E-02 +1.930417791E-01 -6.498588504E-02 +2.032256277E-01
5.30000000000E+09 +6.776088653E-02 +5.664402875E-02 +1.067734207E-01 +1.441582233E-01 -1.748023549E-02 +2.629900804E-01
5.31000000000E+09 +7.374398832E-02 -4.990414371E-02 +1.173815108E-01 +6.879667840E-02 +5.535587876E-02 +2.720175165E-01
5.32000000000E+09 -2.959793012E-02 -8.616907252E-02 +7.622743358E-02 -1.295379198E-02 +1.077269289E-01 +2.278454857E-01
5.33000000000E+09 -9.303233967E-02 +7.925014390E-03 -1.343427127E-02 -5.464446832E-02 +1.126707362E-01 +1.609715838E-01
5.34000000000E+09 -1.383607818E-02 +9.321644710E-02 -1.032290137E-01 -3.061800321E-02 +7.514517302E-02 +1.125890802E-01
5.35000000000E+09 +8.675845251E-02 +3.424179948E-02 -1.469424338E-01 +2.993216836E-02 +1.278237048E-02 +1.029641502E-01
5.36000000000E+09 +5.217179928E-02 -7.458370940E-02 -1.483498586E-01 +8.120103308E-02 -4.733809954E-02 +1.324022114E-01
5.37000000000E+09 -5.717832029E-02 -6.659443821E-02 -1.380098363E-01 +1.135687994E-01 -7.799516259E-02 +1.965330284E-01
5.38000000000E+09 -7.646623218E-02 +3.587397345E-02 -1.227833171E-01 +1.440568663E-01 -5.525279467E-02 +2.719403466E-01
5.39000000000E+09 +1.179113040E-02 +8.177176103E-02 -8.550566713E-02 +1.719589457E-01 +1.797970443E-02 +3.197963406E-01
5.40000000000E+09 +8.158005948E-02 +1.295664588E-02 -2.425386439E-02 +1.707178251E-01 +1.059106246E-01 +3.092640149E-01
5.41000000000E+09 +3.631740494E-02 -7.685295901E-02 +2.996323109E-02 +1.219728950E-01 +1.644609717E-01 +2.411817782E-01
5.42000000000E+09 -6.751507252E-02 -5.686282472E-02 +3.917412099E-02 +4.608851102E-02 +1.652388891E-01 +1.484454702E-01
5.43000000000E+09 -7.284526133E-02 +5.397388515E-02 +1.913994514E-03 -1.133274438E-02 +1.101470817E-01 +7.962005397E-02
5.44000000000E+09 +3.677192977E-02 +8.323187163E-02 -4.470116039E-02 -3.036751617E-02 +2.473903156E-02 +5.984392603E-02
5.45000000000E+09 +8.746913678E-02 -1.711636405E-02 -7.661929714E-02 -3.232662696E-02 -5.733626710E-02 +9.182501333E-02
5.46000000000E+09 +3.869329675E-03 -8.568754185E-02 -1.062184584E-01 -3.322614526E-02 -1.059169694E-01 +1.650954698E-01
5.47000000000E+09 -7.799896063E-02 -2.477091584E-02 -1.421552045E-01 -1.745942886E-02 -9.839184176E-02 +2.560240351E-01
5.48000000000E+09 -4.433548507E-02 +6.509553211E-02 -1.611115956E-01 +2.742603283E-02 -3.865483885E-02 +3.283774566E-01
5.49000000000E+09 +4.812536920E-02 +6.059630133E-02 -1.362548446E-01 +7.892383451E-02 +4.710925051E-02 +3.501544050E-01
5.50000000000E+09 +7.294671339E-02 -2.863088971E-02 -7.531156460E-02 +9.695455759E-02 +1.249893979E-01 +3.180844377E-01
5.51000000000E+09 -7.398666112E-03 -8.028691149E-02 -1.954305045E-02 +6.649552092E-02 +1.704622533E-01 +2.498731251E-01
5.52000000000E+09 -8.206559824E-02 -1.388854588E-02 -1.862292679E-03 +1.584138691E-02 +1.711891877E-01 +1.761399757E-01
5.53000000000E+09 -3.404970865E-02 +7.815600251E-02 -1.159623603E-02 -1.717874198E-02 +1.317058890E-01 +1.136844282E-01
5.54000000000E+09 +6.904360597E-02 +5.148226231E-02 -1.653416915E-02 -3.108870468E-02 +6.673249473E-02 +8.044284802E-02
5.55000000000E+09 +6.535658616E-02 -5.534350947E-02 -1.259163135E-02 -5.096024274E-02 -5.747503403E-03 +8.923840353E-02
5.56000000000E+09 -3.762908365E-02 -7.446916606E-02 -2.295309656E-02 -7.927246238E-02 -5.886881479E-02 +1.410517246E-01
5.57000000000E+09 -7.879896885E-02 +1.744790298E-02 -5.112401973E-02 -9.046644154E-02 -7.293664726E-02 +2.105767681E-01
5.58000000000E+09 -3.613717398E-03 +7.790739662E-02 -6.974832380E-02 -7.501306077E-02 -5.153272291E-02 +2.687650890E-01
5.59000000000E+09 +7.221637883E-02 +2.403392720E-02 -6.147252322E-02 -5.772944574E-02 -9.049916932E-03 +3.045864231E-01
5.60000000000E+09 +4.245933492E-02 -6.161664617E-02 -4.563017995E-02 -6.271935988E-02 +4.439544281E-02 +3.196481816E-01
5.61000000000E+09 -4.675799368E-02 -5.770344807E-02 -5.150868361E-02 -7.726580882E-02 +9.670124494E-02 +3.135030386E-01
5.62000000000E+09 -6.891857064E-02 +2.882056590E-02 -7.474241547E-02 -6.692648033E-02 +1.431742440E-01 +2.779501694E-01
5.63000000000E+09 +9.471348492E-03 +7.542613780E-02 -7.739286890E-02 -2.304357331E-02 +1.638385455E-01 +2.185168817E-01
5.64000000000E+09 +7.722116591E-02 +1.016726182E-02 -3.353592203E-02 +1.969684260E-02 +1.509613894E-01 +1.541571761E-01
5.65000000000E+09 +2.844543639E-02 -7.351060644E-02 +3.588768007E-02 +2.032913377E-02 +1.028130796E-01 +1.125331546E-01
5.66000000000E+09 -6.472972615E-02 -4.429035170E-02 +8.695909409E-02 -2.068470360E-02 +3.825604194E-02 +1.041773116E-01
5.67000000000E+09 -5.669778622E-02 +5.140513293E-02 +1.048103649E-01 -7.091626353E-02 -2.127418423E-02 +1.299192009E-01
5.68000000000E+09 +3.479466868E-02 +6.499195409E-02 +1.044655681E-01 -1.148332112E-01 -5.710361389E-02 +1.848037413E-01
5.69000000000E+09 +6.881508448E-02 -1.567869028E-02 +8.927579353E-02 -1.594548304E-01 -5.507864166E-02 +2.581248249E-01
5.70000000000E+09 +4.597950901E-03 -6.794661613E-02 +4.346644196E-02 -1.976632862E-01 -1.143179545E-02 +3.188282096E-01
5.71000000000E+09 -6.237279374E-02 -2.426398928E-02 -3.222971536E-02 -1.969350506E-01 +6.013429310E-02 +3.411386855E-01
5.72000000000E+09 -4.187493267E-02 +5.316567928E-02 -9.967444509E-02 -1.331468727E-01 +1.253918983E-01 +3.159722514E-01
5.73000000000E+09 +4.074999609E-02 +5.656625848E-02 -1.073746755E-01 -2.662482588E-02 +1.654245571E-01 +2.560116850E-01
5.74000000000E+09 +6.686632447E-02 -2.586311917E-02 -4.024892700E-02 +6.283498067E-02 +1.634494854E-01 +1.924179210E-01
5.75000000000E+09 -9.408851549E-03 -7.219861756E-02 +6.130183662E-02 +8.969540813E-02 +1.224401806E-01 +1.420164983E-01
5.76000000000E+09 -7.199817046E-02 -7.382759826E-03 +1.464598979E-01 +6.188865110E-02 +6.211122634E-02 +1.229050790E-01
5.77000000000E+09 -2.354638897E-02 +6.661816550E-02 +2.013665150E-01 +9.723127332E-03 +1.771804907E-03 +1.481652400E-01
5.78000000000E+09 +5.637205282E-02 +3.831468097E-02 +2.312997204E-01 -5.738730104E-02 -2.563116448E-02 +2.108016415E-01
5.79000000000E+09 +5.081053669E-02 -4.178414944E-02 +2.243352565E-01 -1.387558551E-01 -7.029735578E-03 +2.778534613E-01
5.80000000000E+09 -2.455629830E-02 -5.988567619E-02 +1.619461030E-01 -2.093177156E-01 +4.915407737E-02 +3.117522898E-01
5.81000000000E+09 -6.561756618E-02 +6.327008310E-03 +5.521310029E-02 -2.244712428E-01 +1.077325690E-01 +2.964038099E-01
5.82000000000E+09 -1.197283243E-02 +6.725449553E-02 -4.408651567E-02 -1.594126354E-01 +1.410128059E-01 +2.461065172E-01
5.83000000000E+09 +6.437913909E-02 +2.853533837E-02 -7.806189124E-02 -4.310616625E-02 +1.305033735E-01 +1.969050442E-01
5.84000000000E+09 +4.260600972E-02 -5.701753200E-02 -3.781895023E-02 +6.142605546E-02 +9.061185201E-02 +1.668651460E-01
5.85000000000E+09 -4.538891316E-02 -5.310136273E-02 +3.734059455E-02 +1.206611364E-01 +3.976594048E-02 +1.689859903E-01
5.86000000000E+09 -5.976404008E-02 +3.058084211E-02 +1.185536102E-01 +1.435374755E-01 +3.205530536E-03 +2.059917265E-01
5.87000000000E+09 +1.309236314E-02 +6.220123056E-02 +2.042464925E-01 +1.342690835E-01 -2.433953427E-04 +2.693939234E-01
5.88000000000E+09 +6.014587268E-02 +5.567438955E-03 +2.820069383E-01 +7.860278213E-02 +4.108754174E-02 +3.246679956E-01
5.89000000000E+09 +2.381602624E-02 -5.416432906E-02 +3.152941696E-01 -2.213347829E-02 +1.108299399E-01 +3.401216942E-01
5.90000000000E+09 -4.506245405E-02 -4.051944978E-02 +2.730924508E-01 -1.304555275E-01 +1.747225378E-01 +2.977323147E-01
5.91000000000E+09 -5.467021357E-02 +3.340704964E-02 +1.629544193E-01 -1.894898527E-01 +2.030152221E-01 +2.208019896E-01
5.92000000000E+09 +2.052979374E-02 +6.469651722E-02 +3.782926538E-02 -1.636950604E-01 +1.685098495E-01 +1.508663900E-01
5.93000000000E+09 +6.985606782E-02 -6.853597160E-03 -4.232896319E-02 -7.326861566E-02 +9.621349679E-02 +1.163734366E-01
5.94000000000E+09 +7.011077920E-03 -6.898559979E-02 -6.337982072E-02 +3.317277270E-02 +1.984878080E-02 +1.341717466E-01
5.95000000000E+09 -6.278938758E-02 -2.064669148E-02 -4.066797850E-02 +1.331236027E-01 -2.947673157E-02 +1.954518602E-01
5.96000000000E+09 -3.326177091E-02 +5.155111036E-02 +2.554276949E-02 +2.177803926E-01 -3.251062591E-02 +2.813123458E-01
5.97000000000E+09 +3.658556829E-02 +4.373035010E-02 +1.337535701E-01 +2.583866169E-01 +1.772014066E-02 +3.556033664E-01
5.98000000000E+09 +5.130544918E-02 -1.919373023E-02 +2.505955036E-01 +2.258565233E-01 +1.011071562E-01 +3.824753645E-01
5.99000000000E+09 -6.458367547E-04 -5.558234086E-02 +3.235456870E-01 +1.239731788E-01 +1.862646439E-01 +3.469891053E-01
6.00000000000E+09 -5.626113007E-02 -1.814408429E-02 +3.139336705E-01 -4.201694797E-03 +2.348746695E-01 +2.695197768E-01
6.01000000000E+09 -3.511400608E-02 +5.362551107E-02 +2.252444674E-01 -9.677200453E-02 +2.182639586E-01 +1.823521736E-01
6.02000000000E+09 +4.775425583E-02 +4.940400625E-02 +1.064376597E-01 -1.160902730E-01 +1.537232265E-01 +1.276153168E-01
6.03000000000E+09 +5.908501255E-02 -3.809666243E-02 +6.337653228E-03 -7.637720282E-02 +7.320928295E-02 +1.263762519E-01
6.04000000000E+09 -2.519400324E-02 -6.432768311E-02 -6.493196617E-02 -3.837772246E-03 +1.299425379E-02 +1.724283599E-01
6.05000000000E+09 -6.467784394E-02 +9.539518958E-03 -1.008555101E-01 +9.796225622E-02 -6.919649445E-03 +2.494089973E-01
6.06000000000E+09 -7.555715455E-03 +6.072622934E-02 -7.580956755E-02 +2.118897293E-01 +2.127859192E-02 +3.212021892E-01
6.07000000000E+09 +5.286514789E-02 +2.449040090E-02 +1.526691429E-02 +2.897633344E-01 +8.950952397E-02 +3.572039300E-01
6.08000000000E+09 +4.022029102E-02 -4.196014008E-02 +1.336825567E-01 +2.909685503E-01 +1.648802279E-01 +3.395130114E-01
6.09000000000E+09 -2.833179463E-02 -5.346261945E-02 +2.209811770E-01 +2.161000531E-01 +2.093309152E-01 +2.831321189E-01
6.10000000000E+09 -6.312323694E-02 +1.375007436E-02 +2.380376399E-01 +1.091403963E-01 +2.027929832E-01 +2.137390629E-01
6.11000000000E+09 -1.604772291E-03 +6.864618464E-02 +1.938530684E-01 +2.362414688E-02 +1.535449806E-01 +1.728770336E-01
6.12000000000E+09 +6.853145500E-02 +1.613545075E-02 +1.263283286E-01 -2.459366863E-02 +9.775210782E-02 +1.795919254E-01
6.13000000000E+09 +2.979293637E-02 -6.336909647E-02 +4.836823445E-02 -4.878951890E-02 +6.180155796E-02 +2.151297105E-01
6.14000000000E+09 -5.314701499E-02 -4.157980560E-02 -4.669044095E-02 -3.889128794E-02 +5.617018391E-02 +2.679894943E-01
6.15000000000E+09 -5.111143895E-02 +3.895356940E-02 -1.318290284E-01 +3.026941864E-02 +8.560291704E-02 +3.140776036E-01
6.16000000000E+09 +2.180449755E-02 +5.761784834E-02 -1.562026291E-01 +1.414762754E-01 +1.412170195E-01 +3.300115905E-01
6.17000000000E+09 +6.095623229E-02 -3.201285867E-03 -1.035920946E-01 +2.369457031E-01 +2.013646209E-01 +3.021704140E-01
6.18000000000E+09 +1.544366651E-02 -6.065986322E-02 -9.206402158E-03 +2.690731121E-01 +2.258053113E-01 +2.435924491E-01
6.19000000000E+09 -5.729355698E-02 -3.244261253E-02 +7.214732571E-02 +2.360191226E-01 +2.005846364E-01 +1.793379596E-01
6.20000000000E+09 -4.703225287E-02 +5.016044308E-02 +1.127688683E-01 +1.743851363E-01 +1.383144955E-01 +1.500250703E-01
6.21000000000E+09 +3.975447668E-02 +5.714526558E-02 +1.259249830E-01 +1.104740137E-01 +7.207274861E-02 +1.708164286E-01
6.22000000000E+09 +6.324336737E-02 -2.637304801E-02 +1.188283783E-01 +3.651785224E-02 +3.723713861E-02 +2.276764234E-01
6.23000000000E+09 -1.092309838E-02 -6.464137659E-02 +6.682620129E-02 -4.194951183E-02 +4.019894180E-02 +2.965834635E-01
6.24000000000E+09 -6.186497172E-02 -5.682908365E-03 -3.572193648E-02 -7.878366359E-02 +8.306689392E-02 +3.517106379E-01
6.25000000000E+09 -2.220944594E-02 +5.482246342E-02 -1.397001967E-01 -3.921890917E-02 +1.525858250E-01 +3.745851860E-01
6.26000000000E+09 +4.435007033E-02 +3.748787071E-02 -1.855994521E-01 +5.231227736E-02 +2.272004625E-01 +3.528756608E-01
6.27000000000E+09 +5.023224569E-02 -3.101524247E-02 -1.594757949E-01 +1.365709989E-01 +2.758586113E-01 +2.918103694E-01
6.28000000000E+09 -1.634634000E-02 -5.992794957E-02 -9.642869908E-02 +1.722856696E-01 +2.778652017E-01 +2.149310005E-01
6.29000000000E+09 -6.573612071E-02 +5.287898829E-04 -4.083602444E-02 +1.645025830E-01 +2.325719961E-01 +1.463878612E-01
6.30000000000E+09 -1.424556246E-02 +6.692975871E-02 -1.800729294E-03 +1.430300303E-01 +1.569680138E-01 +1.206176045E-01
6.31000000000E+09 +6.335642510E-02 +2.788796601E-02 +3.748783325E-02 +1.100347908E-01 +7.970100792E-02 +1.454019317E-01
6.32000000000E+09 +3.907114679E-02 -5.485230406E-02 +6.445394928E-02 +4.525849427E-02 +3.101667726E-02 +2.130656191E-01
6.33000000000E+09 -4.219855594E-02 -4.799542576E-02 +4.130050015E-02 -3.476176813E-02 +3.175635256E-02 +2.975211963E-01
6.34000000000E+09 -5.382565184E-02 +2.631387523E-02 -2.995414253E-02 -7.748514309E-02 +8.165640937E-02 +3.649236788E-01
6.35000000000E+09 +8.729117038E-03 +5.665425778E-02 -9.860207403E-02 -5.945747044E-02 +1.577418666E-01 +3.902688800E-01
6.36000000000E+09 +5.552002281E-02 +9.234300790E-03 -1.220503985E-01 -1.149424660E-02 +2.335228510E-01 +3.740644327E-01
6.37000000000E+09 +2.640633216E-02 -5.097005364E-02 -1.054881911E-01 +2.030960250E-02 +2.863998846E-01 +3.220468403E-01
6.38000000000E+09 -4.268394523E-02 -4.187697916E-02 -8.597977563E-02 +2.286636167E-02 +3.063989312E-01 +2.504198411E-01
6.39000000000E+09 -5.453829305E-02 +3.190505812E-02 -8.361231261E-02 +2.250197024E-02 +2.873413480E-01 +1.794936402E-01
6.40000000000E+09 +1.910239488E-02 +6.374358928E-02 -7.608474139E-02 +4.118090694E-02 +2.257123234E-01 +1.300244470E-01
6.41000000000E+09 +6.808693783E-02 -5.836927189E-03 -3.700351851E-02 +5.547951935E-02 +1.428073308E-01 +1.299128714E-01
6.42000000000E+09 +8.002319233E-03 -6.734411889E-02 +1.107778302E-02 +2.953060121E-02 +7.777979601E-02 +1.822870378E-01
6.43000000000E+09 -6.121923795E-02 -2.156951629E-02 +2.416418424E-02 -2.179607362E-02 +6.340845914E-02 +2.621098181E-01
6.44000000000E+09 -3.452392524E-02 +5.109549279E-02 +4.163037037E-03 -5.357485544E-02 +9.749702447E-02 +3.290598226E-01
6.45000000000E+09 +3.758249242E-02 +4.535768964E-02 -1.040181162E-02 -5.603123668E-02 +1.577707017E-01 +3.608753056E-01
6.46000000000E+09 +5.341443736E-02 -2.196249165E-02 -3.476666679E-03 -5.946055666E-02 +2.217796519E-01 +3.565190671E-01
6.47000000000E+09 -4.702705928E-03 -5.778506788E-02 +1.289586511E-05 -8.398001565E-02 +2.757980540E-01 +3.213117501E-01
6.48000000000E+09 -5.860584007E-02 -1.283594227E-02 -2.693179030E-02 -1.077947697E-01 +3.017321235E-01 +2.644364796E-01
6.49000000000E+09 -2.957639136E-02 +5.571359265E-02 -7.004547685E-02 -9.279556800E-02 +2.876425527E-01 +2.020176396E-01
6.50000000000E+09 +4.980072130E-02 +4.360521346E-02 -8.087610524E-02 -3.766813248E-02 +2.333246308E-01 +1.656321639E-01
6.51000000000E+09 +5.437966266E-02 -4.035324804E-02 -3.754524820E-02 +7.015666934E-03 +1.715405621E-01 +1.724900769E-01
6.52000000000E+09 -2.765310852E-02 -6.068546351E-02 +1.919533273E-02 +2.990620731E-03 +1.376358964E-01 +2.183933738E-01
6.53000000000E+09 -6.332232192E-02 +1.230225319E-02 +4.622282183E-02 -2.520074998E-02 +1.408089170E-01 +2.691165765E-01
6.54000000000E+09 -4.145657655E-03 +6.183291281E-02 +5.434208330E-02 -4.021720563E-02 +1.711284763E-01 +3.020604520E-01
6.55000000000E+09 +5.684090274E-02 +2.054246076E-02 +7.338775232E-02 -4.774158451E-02 +2.118860850E-01 +3.114498408E-01
6.56000000000E+09 +3.571247409E-02 -4.809607516E-02 +9.773571218E-02 -7.668978136E-02 +2.539639674E-01 +2.969783079E-01
6.57000000000E+09 -3.659670600E-02 -4.882939890E-02 +9.172473414E-02 -1.258026112E-01 +2.756715750E-01 +2.619463673E-01
6.58000000000E+09 -5.877860299E-02 +2.317782193E-02 +4.170540013E-02 -1.527192429E-01 +2.658299608E-01 +2.200923077E-01
6.59000000000E+09 +9.434203256E-03 +6.488413338E-02 -1.280740196E-02 -1.220289959E-01 +2.233748725E-01 +1.994092662E-01
6.60000000000E+09 +6.586721499E-02 +4.697437989E-03 -1.779564190E-02 -5.858635439E-02 +1.834722262E-01 +2.161504591E-01
6.61000000000E+09 +1.839262331E-02 -6.164992002E-02 +2.231891854E-02 -2.150192894E-02 +1.732959830E-01 +2.631291934E-01
6.62000000000E+09 -5.297352050E-02 -3.166177093E-02 +5.670753660E-02 -2.234666723E-02 +1.971477333E-01 +3.003354985E-01
6.63000000000E+09 -4.299916263E-02 +4.087741675E-02 +6.736043608E-02 -2.388848099E-02 +2.393003411E-01 +3.131354731E-01
6.64000000000E+09 +2.631926364E-02 +5.180358243E-02 +8.277053256E-02 -8.004256089E-03 +2.805853026E-01 +3.005036206E-01
6.65000000000E+09 +5.719353053E-02 -9.990078017E-03 +1.231402725E-01 -1.260787570E-03 +3.140744570E-01 +2.690212113E-01
6.66000000000E+09 +7.166701573E-03 -5.912005288E-02 +1.635234260E-01 -3.304824997E-02 +3.217935109E-01 +2.209098793E-01
6.67000000000E+09 -5.761802857E-02 -2.356541628E-02 +1.606302059E-01 -8.832664533E-02 +2.967400038E-01 +1.736475010E-01
6.68000000000E+09 -3.768651886E-02 +5.316544977E-02 +1.103512705E-01 -1.145398938E-01 +2.334254772E-01 +1.519221246E-01
6.69000000000E+09 +4.494928766E-02 +4.818719302E-02 +6.358716709E-02 -8.572749428E-02 +1.757262898E-01 +1.816456856E-01
6.70000000000E+09 +5.480036948E-02 -3.320898987E-02 +6.022485654E-02 -4.095739309E-02 +1.592969269E-01 +2.475112781E-01
6.71000000000E+09 -1.821953990E-02 -5.798342115E-02 +7.553300535E-02 -2.116989033E-02 +1.883761570E-01 +3.035556900E-01
6.72000000000E+09 -5.773665703E-02 +1.980392265E-03 +7.480419852E-02 -1.146075895E-02 +2.404633281E-01 +3.274286894E-01
6.73000000000E+09 -1.436049530E-02 +5.398172333E-02 +7.011859650E-02 +1.926032728E-02 +2.948442762E-01 +3.202727040E-01
6.74000000000E+09 +4.660417957E-02 +2.968120762E-02 +9.653981242E-02 +6.160606946E-02 +3.399172171E-01 +2.915524894E-01
6.75000000000E+09 +4.322938647E-02 -3.599140297E-02 +1.551285730E-01 +7.271320674E-02 +3.631491381E-01 +2.405980466E-01
6.76000000000E+09 -2.320033691E-02 -5.404830669E-02 +2.011946126E-01 +3.076579310E-02 +3.526455193E-01 +1.845457130E-01
6.77000000000E+09 -6.180331115E-02 +9.534957030E-03 +1.901614404E-01 -3.075962514E-02 +3.019312338E-01 +1.419756072E-01
6.78000000000E+09 -4.057355906E-03 +6.486417953E-02 +1.335927264E-01 -5.253420909E-02 +2.419487629E-01 +1.436187405E-01
6.79000000000E+09 +6.305017288E-02 +1.688091566E-02 +9.036931354E-02 -2.391183674E-02 +2.024558390E-01 +1.895806532E-01
6.80000000000E+09 +2.932576581E-02 -5.615614282E-02 +8.331402929E-02 +8.453876429E-03 +2.059902040E-01 +2.423437233E-01
6.81000000000E+09 -4.562517257E-02 -4.032269462E-02 +7.950898157E-02 +2.168716176E-02 +2.337281433E-01 +2.744774650E-01
6.82000000000E+09 -4.916650028E-02 +3.228260585E-02 +6.109349552E-02 +4.297770848E-02 +2.720238684E-01 +2.848675355E-01
6.83000000000E+09 +1.704013792E-02 +5.484920073E-02 +5.773918624E-02 +9.044028235E-02 +3.079794568E-01 +2.797966639E-01
6.84000000000E+09 +5.712753323E-02 -6.211653851E-04 +9.848828568E-02 +1.325059778E-01 +3.367311348E-01 +2.571024947E-01
6.85000000000E+09 +1.567379749E-02 -5.587729301E-02 +1.604788872E-01 +1.230143270E-01 +3.451929948E-01 +2.259646491E-01
6.86000000000E+09 -5.150010416E-02 -3.077562545E-02 +1.854063180E-01 +6.261417114E-02 +3.298534060E-01 +1.926394781E-01
6.87000000000E+09 -4.320986197E-02 +4.382406929E-02 +1.461319499E-01 +8.527997201E-03 +3.069391485E-01 +1.818102987E-01
6.88000000000E+09 +3.341235881E-02 +5.244347383E-02 +8.463026779E-02 +9.419670321E-03 +2.871564521E-01 +1.929384334E-01
6.89000000000E+09 +5.816254923E-02 -2.012156494E-02 +5.571252093E-02 +4.417886228E-02 +2.868772925E-01 +2.081876204E-01
6.90000000000E+09 -5.381314455E-03 -6.045215444E-02 +5.459013253E-02 +6.464594745E-02 +2.933668395E-01 +2.130930425E-01
6.91000000000E+09 -5.919076656E-02 -9.785807221E-03 +4.324698113E-02 +6.931450098E-02 +3.009720060E-01 +2.128159915E-01
6.92000000000E+09 -2.407882331E-02 +5.437031971E-02 +2.033638337E-02 +9.273342784E-02 +3.043048388E-01 +2.133690788E-01
6.93000000000E+09 +4.602445423E-02 +3.693122471E-02 +2.507389373E-02 +1.384879676E-01 +3.087837202E-01 +2.110339188E-01
6.94000000000E+09 +4.724535105E-02 -3.510139652E-02 +7.268552189E-02 +1.611308804E-01 +3.098560324E-01 +2.095525504E-01
6.95000000000E+09 -2.222199722E-02 -5.474570039E-02 +1.196940442E-01 +1.261933895E-01 +3.064738919E-01 +2.042466753E-01
6.96000000000E+09 -5.828048244E-02 +8.298741793E-03 +1.131646352E-01 +6.315384474E-02 +3.043694625E-01 +2.105874930E-01
6.97000000000E+09 -5.910146803E-03 +5.802308705E-02 +6.037560391E-02 +3.311724404E-02 +3.094577053E-01 +2.200007440E-01
6.98000000000E+09 +5.369096383E-02 +1.991158011E-02 +1.681365232E-02 +4.933717581E-02 +3.239626646E-01 +2.246493477E-01
6.99000000000E+09 +3.266479778E-02 -4.616664416E-02 +7.761542511E-03 +6.960107386E-02 +3.384567197E-01 +2.190505238E-01
7.00000000000E+09 -3.578983681E-02 -4.327596368E-02 +3.119761041E-03 +6.599813836E-02 +3.472612966E-01 +2.087296780E-01

[Channel0\Trace0\Marker0]
Enabled=1
Position=0.2

[Channel0\Trace1]
ReferencePosition[0]=1

[Channel0\Trace1\Marker0]
Enabled=1
Position=0.2

[Channel0\Trace2]
SPort=0
FormatType=2

[Channel0\Trace2\Marker0]
Enabled=1
Position=0.2

[Channel0\Trace3]
SPort=0
FormatType=2

[Channel0\Trace3\Marker0]
Enabled=1
Position=0.2

