[NWA State]
TriggerSource=3

[Channel0]
Points=701
FrequencyStart=1000000000
FixedPower[0]=5
FixedPower[1]=5
IFBW=1000
CorrectionEnabled=1
TraceCount=4

[Channel0\Correction\11]
Calyyyymmdd=2024/04/01
Calhhmmss=16:59:52
VNATemperature=37.3 °C
Type=3
KitLabel=ACM2509.2
KitDescription=AutoCal Module 20 kHz-9 GHz (CMT), SN: 19039185, Char: Factory, 26.1°C, ThermoComp: ON
CalIFBW=1 kHz
CalPower=5 dBm
CalPorts[0]=0
CalPorts[1]=0

[Channel0\Correction\11\Data]
1.00000000000E+09 -5.779181393E-02 +2.194481456E-01 -2.760604252E-01 -4.425864283E-02 -7.899538050E-02 +4.577546270E-02
1.01071428571E+09 +1.782164632E-01 +1.380995985E-01 -2.261953454E-01 +1.321667507E-01 -5.637205479E-02 +7.806599665E-02
1.02142857143E+09 +1.948696861E-01 -1.076684159E-01 -7.781705802E-02 +2.399310804E-01 -1.738459593E-02 +1.017943126E-01
1.03214285714E+09 -1.996587182E-02 -2.184197893E-01 +1.038995279E-01 +2.334059102E-01 +3.213943334E-02 +1.059337281E-01
1.04285714286E+09 -2.050004254E-01 -6.995740227E-02 +2.409065661E-01 +1.187092577E-01 +7.736735446E-02 +8.752678435E-02
1.05357142857E+09 -1.466889815E-01 +1.574363347E-01 +2.779571327E-01 -5.244812412E-02 +1.080968252E-01 +5.409105155E-02
1.06428571429E+09 +8.449787371E-02 +1.978957770E-01 +2.031668324E-01 -2.070597216E-01 +1.245046032E-01 +1.491350033E-02
1.07500000000E+09 +2.160343774E-01 +2.106430764E-03 +5.189846393E-02 -2.808101399E-01 +1.302431811E-01 -2.473130721E-02
1.08571428571E+09 +8.828290387E-02 -1.974422212E-01 -1.089499463E-01 -2.461976075E-01 +1.225487756E-01 -6.661292342E-02
1.09642857143E+09 -1.454191624E-01 -1.588010995E-01 -2.122661743E-01 -1.238236914E-01 +9.688032246E-02 -1.076596529E-01
1.10714285714E+09 -2.018392233E-01 +6.953556774E-02 -2.208084190E-01 +3.136009816E-02 +5.379713227E-02 -1.375607489E-01
1.11785714286E+09 -1.696825655E-02 +2.109224034E-01 -1.385505559E-01 +1.576518711E-01 +4.918675039E-04 -1.474056478E-01
1.12857142857E+09 +1.850976969E-01 +9.998406577E-02 -1.766489969E-03 +2.107659571E-01 -5.231325981E-02 -1.351381940E-01
1.13928571429E+09 +1.658247010E-01 -1.285970501E-01 +1.374847137E-01 +1.749938536E-01 -9.686966305E-02 -1.052612828E-01
1.15000000000E+09 -5.099586202E-02 -2.035473354E-01 +2.278907501E-01 +6.559184918E-02 -1.286922133E-01 -6.023767525E-02
1.16071428571E+09 -2.067911204E-01 -3.454192177E-02 +2.348979145E-01 -7.507634240E-02 -1.423922603E-01 -1.636237688E-03
1.17142857143E+09 -1.129718027E-01 +1.755129794E-01 +1.556649261E-01 -1.903278237E-01 -1.312963863E-01 +6.335738571E-02
1.18214285714E+09 +1.162753825E-01 +1.716153154E-01 +2.390916940E-02 -2.325895669E-01 -9.090878977E-02 +1.213287929E-01
1.19285714286E+09 +2.018769142E-01 -3.875251734E-02 -1.037119705E-01 -1.864691414E-01 -2.651027815E-02 +1.591687169E-01
1.20357142857E+09 +4.436516666E-02 -1.986575919E-01 -1.755062656E-01 -7.562441943E-02 +4.946505301E-02 +1.672378245E-01
1.21428571429E+09 -1.624912165E-01 -1.190431197E-01 -1.676667882E-01 +5.157048092E-02 +1.255166898E-01 +1.435587589E-01
1.22500000000E+09 -1.723717508E-01 +9.995726665E-02 -9.020741210E-02 +1.463762414E-01 +1.892719494E-01 +8.844401394E-02
1.23571428571E+09 +2.226024588E-02 +1.958608097E-01 +2.301432163E-02 +1.780838554E-01 +2.271614939E-01 +6.212641187E-03
1.24642857143E+09 +1.863197609E-01 +5.712147602E-02 +1.304567399E-01 +1.410285608E-01 +2.265190760E-01 -9.134675636E-02
1.25714285714E+09 +1.254218156E-01 -1.464968497E-01 +1.966159380E-01 +5.161730970E-02 +1.824817915E-01 -1.837783140E-01
1.26785714286E+09 -8.279326044E-02 -1.718609329E-01 +2.005129040E-01 -5.887499202E-02 +1.015160436E-01 -2.497938184E-01
1.27857142857E+09 -1.882830860E-01 +6.122319277E-03 +1.402851898E-01 -1.527444727E-01 -1.691996155E-03 -2.761163943E-01
1.28928571429E+09 -7.003782633E-02 +1.724062687E-01 +3.511754690E-02 -1.959355154E-01 -1.106168350E-01 -2.584458916E-01
1.30000000000E+09 +1.279662087E-01 +1.329197761E-01 -7.854924936E-02 -1.697823033E-01 -2.074180694E-01 -1.961662951E-01
1.31071428571E+09 +1.728404264E-01 -6.293706406E-02 -1.578283793E-01 -8.004315406E-02 -2.741615812E-01 -9.258858959E-02
1.32142857143E+09 +1.187396790E-02 -1.836260571E-01 -1.695073394E-01 +4.176826994E-02 -2.913829446E-01 +3.864429732E-02
1.33214285714E+09 -1.638236996E-01 -8.386569648E-02 -1.057355164E-01 +1.482319409E-01 -2.459976205E-01 +1.694523610E-01
1.34285714286E+09 -1.407908589E-01 +1.171477708E-01 +9.737986851E-03 +1.957023747E-01 -1.418226891E-01 +2.673199841E-01
1.35357142857E+09 +5.220815466E-02 +1.730265112E-01 +1.305715550E-01 +1.644646914E-01 -4.100164805E-03 +3.083092291E-01
1.36428571429E+09 +1.760190042E-01 +1.936468258E-02 +2.087316081E-01 +6.748323838E-02 +1.377007013E-01 +2.850292059E-01
1.37500000000E+09 +8.569687791E-02 -1.500040370E-01 +2.145871822E-01 -5.732866057E-02 +2.594002078E-01 +2.039997804E-01
1.38571428571E+09 -9.988031465E-02 -1.357687156E-01 +1.455991106E-01 -1.635673354E-01 +3.410950046E-01 +7.719710515E-02
1.39642857143E+09 -1.614895399E-01 +3.420971344E-02 +2.453831776E-02 -2.116878925E-01 +3.624923411E-01 -7.831821604E-02
1.40714285714E+09 -3.528841625E-02 +1.586276287E-01 -1.071977949E-01 -1.796568825E-01 +3.110189066E-01 -2.344246071E-01
1.41785714286E+09 +1.288106246E-01 +9.681689656E-02 -1.995574640E-01 -7.164789150E-02 +1.918945119E-01 -3.546179228E-01
1.42857142857E+09 +1.402928439E-01 -7.762622112E-02 -2.097515433E-01 +7.696147492E-02 +3.007284815E-02 -4.089914473E-01
1.43928571429E+09 -1.428087388E-02 -1.587838270E-01 -1.238791708E-01 +2.060711055E-01 -1.394847575E-01 -3.864834726E-01
1.45000000000E+09 -1.494922082E-01 -5.042709810E-02 +2.759025878E-02 +2.556377139E-01 -2.857430410E-01 -2.959750929E-01
1.46071428571E+09 -1.051978170E-01 +1.142763185E-01 +1.792083049E-01 +1.994602963E-01 -3.842504469E-01 -1.535731434E-01
1.47142857143E+09 +5.999131369E-02 +1.405700934E-01 +2.640546907E-01 +6.062091683E-02 -4.153280838E-01 +2.285658200E-02
1.48214285714E+09 +1.510865090E-01 +3.636295161E-03 +2.461937879E-01 -1.019577459E-01 -3.672427540E-01 +2.034244666E-01
1.49285714286E+09 +6.570111711E-02 -1.355502926E-01 +1.326610669E-01 -2.221467068E-01 -2.376613322E-01 +3.478463191E-01
1.50357142857E+09 -9.706267283E-02 -1.157068577E-01 -3.315967328E-02 -2.508542311E-01 -5.010234049E-02 +4.191206831E-01
1.51428571429E+09 -1.452361538E-01 +4.269710510E-02 -1.862726075E-01 -1.723273788E-01 +1.511233299E-01 +3.965482771E-01
1.52500000000E+09 -1.786396520E-02 +1.497019049E-01 -2.617637842E-01 -1.363692875E-02 +3.191882499E-01 +2.885090371E-01
1.53571428571E+09 +1.284171570E-01 +7.385540952E-02 -2.234949264E-01 +1.607663453E-01 +4.215582908E-01 +1.210485044E-01
1.54642857143E+09 +1.154821519E-01 -8.607612660E-02 -8.474145563E-02 +2.753457708E-01 +4.456566570E-01 -7.313066467E-02
1.55714285714E+09 -3.023371746E-02 -1.361960592E-01 +9.584107818E-02 +2.800767607E-01 +3.854121145E-01 -2.612974496E-01
1.56785714286E+09 -1.324825129E-01 -2.939527858E-02 +2.421915614E-01 +1.725761441E-01 +2.468762819E-01 -4.093431800E-01
1.57857142857E+09 -8.246395589E-02 +1.052175964E-01 +2.935701865E-01 -4.106563409E-03 +5.208922060E-02 -4.848224016E-01
1.58928571429E+09 +5.921477562E-02 +1.196978725E-01 +2.255227334E-01 -1.796885716E-01 -1.579726933E-01 -4.676693157E-01
1.60000000000E+09 +1.347789334E-01 -3.036221724E-03 +5.960722238E-02 -2.795975906E-01 -3.382262185E-01 -3.596158271E-01
1.61071428571E+09 +5.317620332E-02 -1.255457670E-01 -1.372013853E-01 -2.540799237E-01 -4.533996220E-01 -1.872052733E-01
1.62142857143E+09 -9.404692193E-02 -9.964260956E-02 -2.755161625E-01 -1.086071212E-01 -4.853000180E-01 +1.413440669E-02
1.63214285714E+09 -1.282457918E-01 +4.600829361E-02 -2.904155422E-01 +9.017290549E-02 -4.295293608E-01 +2.127372716E-01
1.64285714286E+09 -1.004950506E-02 +1.342047744E-01 -1.795751423E-01 +2.506049248E-01 -2.940348036E-01 +3.759779638E-01
1.65357142857E+09 +1.166103328E-01 +6.418218185E-02 +2.052517813E-03 +3.065720763E-01 -9.616939183E-02 +4.687738069E-01
1.66428571429E+09 +1.068688285E-01 -7.834611068E-02 +1.771945449E-01 +2.416418754E-01 +1.269633627E-01 +4.634476643E-01
1.67500000000E+09 -2.667066740E-02 -1.304814219E-01 +2.778113330E-01 +8.463739040E-02 +3.250763853E-01 +3.548572526E-01
1.68571428571E+09 -1.316507556E-01 -2.961964752E-02 +2.631920072E-01 -1.035131480E-01 +4.508789946E-01 +1.717979433E-01
1.69642857143E+09 -8.081485410E-02 +1.099231894E-01 +1.343508144E-01 -2.459113454E-01 +4.808074086E-01 -4.196085765E-02
1.70714285714E+09 +6.917131317E-02 +1.177467795E-01 -5.736145141E-02 -2.776339345E-01 +4.169453440E-01 -2.436444226E-01
1.71785714286E+09 +1.337311801E-01 -1.647674996E-02 -2.258629438E-01 -1.817888322E-01 +2.780959575E-01 -4.019688511E-01
1.72857142857E+09 +3.851898261E-02 -1.258915000E-01 -2.949375711E-01 -4.474616930E-03 +8.754867936E-02 -4.905790511E-01
1.73928571429E+09 -9.591654586E-02 -8.608482750E-02 -2.394005266E-01 +1.724286796E-01 -1.256780722E-01 -4.887586529E-01
1.75000000000E+09 -1.179788909E-01 +4.895056585E-02 -8.970373590E-02 +2.746744350E-01 -3.193031579E-01 -3.943552012E-01
1.76071428571E+09 -7.061572555E-03 +1.285889572E-01 +8.915126542E-02 +2.637730410E-01 -4.490175197E-01 -2.234696371E-01
1.77142857143E+09 +1.159448873E-01 +6.251357370E-02 +2.236483412E-01 +1.458950431E-01 -4.908086967E-01 -1.436552719E-02
1.78214285714E+09 +1.075856288E-01 -8.223839337E-02 +2.567386787E-01 -2.965329990E-02 -4.402452507E-01 +1.874114300E-01
1.79285714286E+09 -3.324447999E-02 -1.344659552E-01 +1.741530029E-01 -1.858504576E-01 -3.147258931E-01 +3.476387260E-01
1.80357142857E+09 -1.380003353E-01 -2.246605906E-02 +1.670799552E-02 -2.541669996E-01 -1.370464082E-01 +4.420771384E-01
1.81428571429E+09 -7.499354706E-02 +1.178787390E-01 -1.414791507E-01 -2.118563634E-01 +6.734464802E-02 +4.542510807E-01
1.82500000000E+09 +7.733794184E-02 +1.157665045E-01 -2.346745472E-01 -8.825212629E-02 +2.604121882E-01 +3.760268147E-01
1.83571428571E+09 +1.373234914E-01 -2.302360707E-02 -2.335399432E-01 +5.862757469E-02 +3.975608419E-01 +2.160930565E-01
1.84642857143E+09 +3.603194616E-02 -1.356087932E-01 -1.474582324E-01 +1.708738149E-01 +4.454771556E-01 +1.115741910E-02
1.85714285714E+09 -1.106238694E-01 -8.954375782E-02 -1.405635447E-02 +2.078714550E-01 +3.993043341E-01 -1.861237769E-01
1.86785714286E+09 -1.284930631E-01 +6.669400015E-02 +1.127249891E-01 +1.570785694E-01 +2.783729174E-01 -3.354487903E-01
1.87857142857E+09 +1.113505280E-02 +1.460802671E-01 +1.805089979E-01 +4.122558090E-02 +1.150773751E-01 -4.190081091E-01
1.88928571429E+09 +1.393668023E-01 +4.668697469E-02 +1.627997965E-01 -8.732347485E-02 -6.330626016E-02 -4.311192638E-01
1.90000000000E+09 +9.738628634E-02 -1.091403140E-01 +7.459432768E-02 -1.724018343E-01 -2.334307299E-01 -3.674178210E-01
1.91071428571E+09 -6.021906316E-02 -1.320178506E-01 -3.802282335E-02 -1.845072536E-01 -3.645692088E-01 -2.338618891E-01
1.92142857143E+09 -1.446655914E-01 +6.867290850E-04 -1.266074314E-01 -1.310140561E-01 -4.235348075E-01 -5.633145271E-02
1.93214285714E+09 -5.940678216E-02 +1.326980159E-01 -1.625894845E-01 -4.368008517E-02 -3.973867139E-01 +1.225557770E-01
1.94285714286E+09 +9.826588616E-02 +1.101481590E-01 -1.430343818E-01 +4.055326164E-02 -2.992781886E-01 +2.632434165E-01
1.95357142857E+09 +1.433914401E-01 -4.651458607E-02 -8.481292963E-02 +9.451342603E-02 -1.618984896E-01 +3.458871613E-01
1.96428571429E+09 +1.415994819E-02 -1.531487875E-01 -1.303049454E-02 +1.076770487E-01 -1.117779746E-02 +3.677682330E-01
1.97500000000E+09 -1.378487860E-01 -7.372785334E-02 +5.018552053E-02 +8.453077219E-02 +1.357831744E-01 +3.318624508E-01
1.98571428571E+09 -1.221322236E-01 +9.974960342E-02 +9.143681307E-02 +3.715042879E-02 +2.608763975E-01 +2.395597068E-01
1.99642857143E+09 +4.552437507E-02 +1.514499635E-01 +1.051050632E-01 -2.108181992E-02 +3.352656917E-01 +1.010238836E-01
2.00714285714E+09 +1.569609515E-01 +1.630901308E-02 +9.046998198E-02 -7.758489311E-02 +3.391800981E-01 -5.374573545E-02
2.01785714286E+09 +7.558885341E-02 -1.374297469E-01 +5.056286688E-02 -1.205523910E-01 +2.749136059E-01 -1.849166802E-01
2.02857142857E+09 -9.585292567E-02 -1.226651045E-01 -7.417235395E-03 -1.390997709E-01 +1.691365505E-01 -2.690828552E-01
2.03928571429E+09 -1.495893976E-01 +3.918442277E-02 -7.095692885E-02 -1.247888747E-01 +4.991590092E-02 -3.046294054E-01
2.05000000000E+09 -2.348181882E-02 +1.527376055E-01 -1.225602084E-01 -7.509877274E-02 -6.857160428E-02 -2.991201034E-01
2.06071428571E+09 +1.314154500E-01 +8.248712196E-02 -1.421985646E-01 +2.833193068E-03 -1.800639259E-01 -2.525350513E-01
2.07142857143E+09 +1.281514569E-01 -8.909710918E-02 -1.129174621E-01 +8.910118405E-02 -2.675831596E-01 -1.640559491E-01
2.08214285714E+09 -3.289223607E-02 -1.530831928E-01 -3.068056627E-02 +1.512558151E-01 -3.091478982E-01 -4.454391397E-02
2.09285714286E+09 -1.532217670E-01 -2.761574016E-02 +8.430922805E-02 +1.543851242E-01 -2.933805140E-01 +7.744076312E-02
2.10357142857E+09 -8.251936846E-02 +1.292796862E-01 +1.872911986E-01 +8.197878370E-02 -2.316263202E-01 +1.758621519E-01
2.11428571429E+09 +8.522277978E-02 +1.234296619E-01 +2.277286495E-01 -4.712153886E-02 -1.463382881E-01 +2.409063543E-01
2.12500000000E+09 +1.439418568E-01 -2.829706788E-02 +1.774003014E-01 -1.820973520E-01 -4.902350237E-02 +2.755552635E-01
2.13571428571E+09 +3.237936554E-02 -1.408107334E-01 +4.665024330E-02 -2.631140965E-01 +5.813001808E-02 +2.766336164E-01
2.14642857143E+09 -1.149490793E-01 -8.637963602E-02 -1.182920183E-01 -2.463024338E-01 +1.651752238E-01 +2.360612691E-01
2.15714285714E+09 -1.257355872E-01 +7.170305145E-02 -2.487893646E-01 -1.221570424E-01 +2.494506377E-01 +1.512430091E-01
2.16785714286E+09 +1.815385280E-02 +1.445059323E-01 -2.763316939E-01 +7.118517647E-02 +2.876038535E-01 +3.690807959E-02
2.17857142857E+09 +1.401544213E-01 +3.680253977E-02 -1.691156811E-01 +2.502232125E-01 +2.737237668E-01 -8.093259432E-02
2.18928571429E+09 +8.459195740E-02 -1.134024496E-01 +3.575133905E-02 +3.235494968E-01 +2.201343913E-01 -1.812649380E-01
2.20000000000E+09 -6.899499478E-02 -1.171112996E-01 +2.447020858E-01 +2.495214453E-01 +1.365388141E-01 -2.560324567E-01
2.21071428571E+09 -1.295006098E-01 +1.521333632E-02 +3.627947163E-01 +5.963185566E-02 +2.627225254E-02 -2.983756811E-01
2.22142857143E+09 -3.900553862E-02 +1.204959626E-01 +3.389532473E-01 -1.664386154E-01 -9.900639280E-02 -2.960682587E-01
2.23214285714E+09 +9.223281131E-02 +8.509282582E-02 +1.764471037E-01 -3.373888166E-01 -2.160670879E-01 -2.364252412E-01
2.24285714286E+09 +1.159978250E-01 -4.967256789E-02 -7.023905867E-02 -3.749414729E-01 -2.974804665E-01 -1.268722896E-01
2.25357142857E+09 -5.333379062E-04 -1.270686541E-01 -3.002828658E-01 -2.418222746E-01 -3.234989364E-01 +6.696458863E-03
2.26428571429E+09 -1.170147468E-01 -4.698686090E-02 -3.968259206E-01 +2.071288916E-02 -2.937946683E-01 +1.357926704E-01
2.27500000000E+09 -8.465732810E-02 +8.772887388E-02 -2.987960417E-01 +2.898889023E-01 -2.178745893E-01 +2.432948602E-01
2.28571428571E+09 +4.533663238E-02 +1.068401362E-01 -5.249521542E-02 +4.332562344E-01 -1.044623375E-01 +3.181573293E-01
2.29642857143E+09 +1.105452638E-01 +2.901373559E-03 +2.239884577E-01 +3.919518753E-01 +3.558378465E-02 +3.430260421E-01
2.30714285714E+09 +4.883533017E-02 -9.557105965E-02 +4.159416045E-01 +1.926013057E-01 +1.801256773E-01 +3.030803669E-01
2.31785714286E+09 -6.465334606E-02 -8.512813010E-02 +4.498059293E-01 -8.668028165E-02 +2.972024866E-01 +1.984617546E-01
2.32857142857E+09 -1.059481681E-01 +2.335698779E-02 +3.009109273E-01 -3.398598082E-01 +3.565955119E-01 +5.205199277E-02
2.33928571429E+09 -2.069484132E-02 +1.083919915E-01 +1.080191048E-02 -4.511205675E-01 +3.461172953E-01 -1.037174107E-01
2.35000000000E+09 +9.247349540E-02 +5.943254093E-02 -2.968781653E-01 -3.454112115E-01 +2.754907537E-01 -2.398863112E-01
2.36071428571E+09 +8.643249724E-02 -6.162447181E-02 -4.642317025E-01 -6.073599197E-02 +1.604437754E-01 -3.372122019E-01
2.37142857143E+09 -2.147345004E-02 -9.782596454E-02 -4.105638645E-01 +2.583349939E-01 +1.073091115E-02 -3.814072393E-01
2.38214285714E+09 -9.202640391E-02 -2.069741664E-02 -1.788989437E-01 +4.662536007E-01 -1.512233046E-01 -3.589055957E-01
2.39285714286E+09 -5.741823261E-02 +7.032689689E-02 +1.220493314E-01 +4.918858576E-01 -2.932015143E-01 -2.647791673E-01
2.40357142857E+09 +3.615324072E-02 +8.262662055E-02 +3.788668261E-01 +3.358709089E-01 -3.799758517E-01 -1.159318698E-01
2.41428571429E+09 +9.223323241E-02 +3.559367546E-03 +4.974093209E-01 +4.640334828E-02 -3.912563619E-01 +5.560340213E-02
2.42500000000E+09 +4.215971428E-02 -8.577607667E-02 +4.080864648E-01 -2.719601565E-01 -3.310391890E-01 +2.118839152E-01
2.43571428571E+09 -6.479769031E-02 -7.261131185E-02 +1.215961583E-01 -4.691632952E-01 -2.167227101E-01 +3.261860515E-01
2.44642857143E+09 -8.969884399E-02 +3.311175702E-02 -2.303535517E-01 -4.296803940E-01 -6.554313021E-02 +3.851106984E-01
2.45714285714E+09 -3.820126223E-03 +9.062191383E-02 -4.660346298E-01 -1.775195607E-01 +1.017657343E-01 +3.799466974E-01
2.46785714286E+09 +7.578566337E-02 +3.889080156E-02 -4.899144217E-01 +1.484882241E-01 +2.593464577E-01 +3.041568993E-01
2.47857142857E+09 +6.574242063E-02 -4.798239228E-02 -3.221480884E-01 +4.094083000E-01 +3.691523353E-01 +1.632646420E-01
2.48928571429E+09 -1.217366921E-02 -7.960052474E-02 -4.032338753E-02 +5.211367249E-01 +4.053264566E-01 -1.378721753E-02
2.50000000000E+09 -7.863058583E-02 -2.575343878E-02 +2.591932125E-01 +4.467490004E-01 +3.602873677E-01 -1.846999172E-01
2.51071428571E+09 -5.914534479E-02 +6.336041627E-02 +4.643601346E-01 +1.951255451E-01 +2.501920376E-01 -3.139223550E-01
2.52142857143E+09 +3.732974388E-02 +8.209979317E-02 +4.655490639E-01 -1.489551862E-01 +1.010679110E-01 -3.840723081E-01
2.53214285714E+09 +9.046737726E-02 -5.198399075E-03 +2.343147301E-01 -4.190579300E-01 -6.307965485E-02 -3.925833277E-01
2.54285714286E+09 +2.748779231E-02 -8.266067147E-02 -1.125253949E-01 -4.697735024E-01 -2.191451750E-01 -3.366834888E-01
2.55357142857E+09 -6.069844968E-02 -5.490190081E-02 -3.949818803E-01 -2.968111387E-01 -3.426304256E-01 -2.165655907E-01
2.56428571429E+09 -7.203503046E-02 +2.879535978E-02 -5.051447328E-01 -8.428902168E-03 -4.025829005E-01 -5.196535245E-02
2.57500000000E+09 -7.608092925E-03 +7.569182092E-02 -4.300312290E-01 +2.753661476E-01 -3.825803533E-01 +1.200407759E-01
2.58571428571E+09 +6.490165734E-02 +4.268207779E-02 -2.078470406E-01 +4.628553141E-01 -2.897432712E-01 +2.615243168E-01
2.59642857143E+09 +7.037044802E-02 -4.167501482E-02 +9.103214726E-02 +4.860423322E-01 -1.495213522E-01 +3.486744923E-01
2.60714285714E+09 -1.055332466E-02 -8.607266381E-02 +3.559475916E-01 +3.133402642E-01 +7.227249169E-03 +3.696643149E-01
2.61785714286E+09 -8.676909917E-02 -2.226875243E-02 +4.540936992E-01 -2.473098739E-03 +1.578123013E-01 +3.317416116E-01
2.62857142857E+09 -5.096166550E-02 +7.256995612E-02 +3.212626462E-01 -3.076119740E-01 +2.843982132E-01 +2.374372420E-01
2.63928571429E+09 +4.591787929E-02 +7.110412578E-02 +3.500383893E-02 -4.486648211E-01 +3.616444620E-01 +9.619407664E-02
2.65000000000E+09 +7.905096881E-02 -1.173365935E-02 -2.554651387E-01 -3.858860245E-01 +3.679759475E-01 -6.887549688E-02
2.66071428571E+09 +2.370865781E-02 -7.313250100E-02 -4.393690926E-01 -1.776535604E-01 +3.002087303E-01 -2.186954729E-01
2.67142857143E+09 -5.396496770E-02 -5.418643920E-02 -4.691225236E-01 +8.847145241E-02 +1.787509189E-01 -3.199889490E-01
2.68214285714E+09 -7.481770338E-02 +2.489732027E-02 -3.402128259E-01 +3.241482331E-01 +3.331013258E-02 -3.570504871E-01
2.69285714286E+09 -9.061275481E-03 +8.251511929E-02 -8.834562909E-02 +4.422514330E-01 -1.103346501E-01 -3.372835016E-01
2.70357142857E+09 +7.633501642E-02 +4.193935671E-02 +1.948623139E-01 +3.773426756E-01 -2.312920417E-01 -2.694153140E-01
2.71428571429E+09 +6.796562970E-02 -5.700985575E-02 +3.759837539E-01 +1.415960735E-01 -3.179173324E-01 -1.604914937E-01
2.72500000000E+09 -2.775595539E-02 -8.234914289E-02 +3.640183542E-01 -1.500052421E-01 -3.538391650E-01 -1.817905551E-02
2.73571428571E+09 -8.291298350E-02 -6.083099024E-03 +1.825471501E-01 -3.575975540E-01 -3.247503673E-01 +1.276919333E-01
2.74642857143E+09 -3.848462640E-02 +6.976902038E-02 -6.872141825E-02 -4.100549497E-01 -2.363045862E-01 +2.441398722E-01
2.75714285714E+09 +4.502682990E-02 +6.369341628E-02 -2.905258084E-01 -3.129043275E-01 -1.098488029E-01 +3.076502542E-01
2.76785714286E+09 +7.772624496E-02 -1.254263737E-02 -4.145714858E-01 -1.121882274E-01 +2.451174574E-02 +3.163072943E-01
2.77857142857E+09 +2.243136677E-02 -7.810886227E-02 -4.009032734E-01 +1.257555675E-01 +1.463107433E-01 +2.763050323E-01
2.78928571429E+09 -6.533576671E-02 -5.381241691E-02 -2.442233926E-01 +3.160238757E-01 +2.433377395E-01 +1.947133169E-01
2.80000000000E+09 -7.621811099E-02 +4.175429409E-02 +4.594058262E-03 +3.730153682E-01 +3.053310384E-01 +7.824288817E-02
2.81071428571E+09 +1.168724523E-02 +8.600377575E-02 +2.376305172E-01 +2.611614362E-01 +3.146588195E-01 -5.858386286E-02
2.82142857143E+09 +8.178947203E-02 +2.014317514E-02 +3.480263281E-01 +3.383890656E-02 +2.629880841E-01 -1.886287753E-01
2.83214285714E+09 +4.835717740E-02 -6.434163335E-02 +3.001061271E-01 -2.016829042E-01 +1.629566498E-01 -2.832205008E-01
2.84285714286E+09 -3.666340600E-02 -6.794685174E-02 +1.325817573E-01 -3.552605256E-01 +3.799276911E-02 -3.269481659E-01
2.85357142857E+09 -7.525785318E-02 +3.426801092E-03 -8.384432177E-02 -3.843732979E-01 -8.811910110E-02 -3.196128327E-01
2.86428571429E+09 -2.942062653E-02 +6.922210429E-02 -2.766418047E-01 -2.872305204E-01 -2.027610857E-01 -2.688608364E-01
2.87500000000E+09 +5.138278611E-02 +5.681261906E-02 -3.814358274E-01 -9.398057998E-02 -2.923140534E-01 -1.782969185E-01
2.88571428571E+09 +7.438133200E-02 -2.496978522E-02 -3.523502552E-01 +1.322135759E-01 -3.431967166E-01 -5.382698661E-02
2.89642857143E+09 +5.465999652E-03 -7.943790069E-02 -1.873879797E-01 +3.018100922E-01 -3.388233431E-01 +8.568572132E-02
2.90714285714E+09 -7.093925686E-02 -3.468167842E-02 +5.132602085E-02 +3.366299796E-01 -2.770599797E-01 +2.138725457E-01
2.91785714286E+09 -5.749236065E-02 +5.069859409E-02 +2.605714349E-01 +2.196940572E-01 -1.683313059E-01 +3.016175195E-01
2.92857142857E+09 +2.259744623E-02 +7.016635838E-02 +3.555773745E-01 +5.772739386E-03 -3.521656489E-02 +3.382118581E-01
2.93928571429E+09 +7.094021594E-02 +8.307641419E-03 +3.077479909E-01 -2.177194540E-01 +1.018475143E-01 +3.207374909E-01
2.95000000000E+09 +3.715180582E-02 -5.996528883E-02 +1.404477178E-01 -3.708985388E-01 +2.237560407E-01 +2.503997288E-01
2.96071428571E+09 -3.872893708E-02 -5.922372059E-02 -8.826165608E-02 -3.991566858E-01 +3.123929640E-01 +1.313990695E-01
2.97142857143E+09 -7.068279849E-02 +1.116743381E-02 -2.971662216E-01 -2.833431176E-01 +3.460758254E-01 -1.787192171E-02
2.98214285714E+09 -1.767024279E-02 +6.977880623E-02 -3.986259398E-01 -5.534602655E-02 +3.129897274E-01 -1.713194765E-01
2.99285714286E+09 +5.711369776E-02 +4.245842309E-02 -3.373178635E-01 +1.954562364E-01 +2.172732164E-01 -2.933748427E-01
3.00357142857E+09 +6.144843984E-02 -3.167736059E-02 -1.540940202E-01 +3.492631630E-01 +7.693918260E-02 -3.641632821E-01
3.01428571429E+09 -3.751172701E-03 -6.624902370E-02 +1.019900804E-01 +3.705387506E-01 -7.978002834E-02 -3.732497234E-01
3.02500000000E+09 -5.921591059E-02 -2.371672229E-02 +3.182829316E-01 +2.374885647E-01 -2.265360280E-01 -3.185532245E-01
3.03571428571E+09 -4.596307743E-02 +4.181185945E-02 +4.152228851E-01 +3.695804813E-03 -3.443158644E-01 -2.064670554E-01
3.04642857143E+09 +1.793133533E-02 +5.899992649E-02 +3.542338644E-01 -2.483041636E-01 -4.097215639E-01 -5.347281255E-02
3.05714285714E+09 +6.165797572E-02 +8.371874832E-03 +1.467431235E-01 -4.196182140E-01 -4.034963305E-01 +1.145018613E-01
3.06785714286E+09 +3.252596185E-02 -5.396089679E-02 -1.358380282E-01 -4.269809205E-01 -3.244881520E-01 +2.641954268E-01
3.07857142857E+09 -3.745910870E-02 -5.083481808E-02 -3.684110383E-01 -2.476667258E-01 -1.855522558E-01 +3.680843998E-01
3.08928571429E+09 -6.025383115E-02 +1.478599935E-02 -4.350833637E-01 +4.322185822E-02 -1.753835936E-02 +4.075522553E-01
3.10000000000E+09 -1.015409134E-02 +5.912545094E-02 -3.064308846E-01 +3.077861252E-01 +1.541662260E-01 +3.738942747E-01
3.11071428571E+09 +4.791319746E-02 +3.278951168E-02 -4.928358148E-02 +4.352662680E-01 +3.002163056E-01 +2.702905311E-01
3.12142857143E+09 +4.932805802E-02 -2.849017178E-02 +2.269862893E-01 +3.853119825E-01 +3.921952261E-01 +1.133238290E-01
3.13214285714E+09 -4.309823383E-03 -5.700198793E-02 +4.211587605E-01 +1.816735851E-01 +4.076414993E-01 -7.033061271E-02
3.14285714286E+09 -5.442918421E-02 -2.055124037E-02 +4.567559134E-01 -1.052316469E-01 +3.355884325E-01 -2.465292512E-01
3.15357142857E+09 -4.142009265E-02 +4.239654025E-02 +3.025065943E-01 -3.646782534E-01 +1.943493186E-01 -3.746585987E-01
3.16428571429E+09 +2.313676649E-02 +5.457341823E-02 +7.174489468E-03 -4.729974955E-01 +1.455563568E-02 -4.283962802E-01
3.17500000000E+09 +5.745569509E-02 -2.260148700E-04 -2.947289866E-01 -3.658371861E-01 -1.710397088E-01 -4.053769718E-01
3.18571428571E+09 +2.180991747E-02 -4.992995422E-02 -4.593630433E-01 -9.592164813E-02 -3.284973261E-01 -3.098162604E-01
3.19642857143E+09 -3.354018772E-02 -3.917893879E-02 -4.260107838E-01 +2.080964019E-01 -4.333546484E-01 -1.575585746E-01
3.20714285714E+09 -4.852942998E-02 +1.144012282E-02 -2.256518259E-01 +4.270122976E-01 -4.672991080E-01 +2.793467977E-02
3.21785714286E+09 -1.275575873E-02 +4.835882543E-02 +6.278194868E-02 +4.890678468E-01 -4.173731034E-01 +2.129208665E-01
3.22857142857E+09 +3.847155582E-02 +3.463797393E-02 +3.405221638E-01 +3.677161995E-01 -2.940134728E-01 +3.613961186E-01
3.23928571429E+09 +5.028146367E-02 -2.101194862E-02 +4.958446197E-01 +8.895368030E-02 -1.175237002E-01 +4.437303775E-01
3.25000000000E+09 +4.890627447E-04 -5.678237305E-02 +4.361473354E-01 -2.429681876E-01 +7.662163758E-02 +4.454807354E-01
3.26071428571E+09 -5.287587645E-02 -2.168652433E-02 +1.658816848E-01 -4.623442009E-01 +2.489729180E-01 +3.694590476E-01
3.27142857143E+09 -3.898306468E-02 +3.938995350E-02 -1.787373763E-01 -4.531298111E-01 +3.719889790E-01 +2.270751754E-01
3.28214285714E+09 +1.887979781E-02 +4.918769026E-02 -4.291749119E-01 -2.391796347E-01 +4.289437342E-01 +4.033468185E-02
3.29285714286E+09 +5.036495627E-02 +4.751436181E-03 -4.979883165E-01 +6.469902818E-02 +4.016162203E-01 -1.562922765E-01
3.30357142857E+09 +2.728606172E-02 -4.176896905E-02 -3.842974003E-01 +3.430042229E-01 +2.885220534E-01 -3.234920784E-01
3.31428571429E+09 -2.500704989E-02 -4.450914521E-02 -1.326115840E-01 +5.081587889E-01 +1.099541095E-01 -4.234290731E-01
3.32500000000E+09 -5.375327966E-02 +2.951177441E-03 +1.804085005E-01 +4.960565069E-01 -8.976465738E-02 -4.358727592E-01
3.33571428571E+09 -2.036080282E-02 +5.330616697E-02 +4.361010109E-01 +2.821245548E-01 -2.693188776E-01 -3.608066844E-01
3.34642857143E+09 +4.329836265E-02 +4.033006710E-02 +4.971376266E-01 -6.513006149E-02 -3.934151612E-01 -2.195792816E-01
3.35714285714E+09 +5.302686479E-02 -2.498085256E-02 +3.099090958E-01 -3.720459572E-01 -4.513479305E-01 -4.083263936E-02
3.36785714286E+09 -1.828404378E-03 -5.592271521E-02 -2.220735411E-02 -4.798135985E-01 -4.366959727E-01 +1.431723612E-01
3.37857142857E+09 -4.859396186E-02 -2.162876399E-02 -3.296209104E-01 -3.645154260E-01 -3.463165605E-01 +3.056095875E-01
3.38928571429E+09 -4.087317651E-02 +3.189541773E-02 -4.987306056E-01 -1.057482688E-01 -1.928990338E-01 +4.196931887E-01
3.40000000000E+09 +8.422014164E-03 +5.220881674E-02 -4.900728495E-01 +1.935682449E-01 -8.857986306E-03 +4.564916952E-01
3.41071428571E+09 +5.341383957E-02 +1.808584639E-02 -3.099014786E-01 +4.361307555E-01 +1.741236448E-01 +4.066099126E-01
3.42142857143E+09 +4.298416271E-02 -4.424453817E-02 -7.630372186E-03 +5.274286610E-01 +3.138708143E-01 +2.832728104E-01
3.43214285714E+09 -2.650931004E-02 -6.185836655E-02 +3.016400845E-01 +4.008449162E-01 +3.856251081E-01 +1.144750922E-01
3.44285714286E+09 -7.050877825E-02 +3.091966924E-03 +4.573315794E-01 +9.100644423E-02 +3.826288516E-01 -6.210047807E-02
3.45357142857E+09 -2.167153020E-02 +6.704804055E-02 +3.692069495E-01 -2.430232842E-01 +3.077439452E-01 -2.203385648E-01
3.46428571429E+09 +5.203384566E-02 +4.387804937E-02 +9.976528872E-02 -4.322568007E-01 +1.735222594E-01 -3.325248047E-01
3.47500000000E+09 +5.936264809E-02 -2.789545161E-02 -2.072651517E-01 -4.174246082E-01 +8.034473881E-04 -3.761109108E-01
3.48571428571E+09 +1.590061711E-03 -6.468310686E-02 -4.344912627E-01 -2.366311496E-01 -1.719705200E-01 -3.328943732E-01
3.49642857143E+09 -5.807326856E-02 -3.168146596E-02 -5.157262266E-01 +3.473751218E-02 -3.047754625E-01 -2.195957419E-01
3.50714285714E+09 -5.714677993E-02 +4.011991388E-02 -4.235686002E-01 +3.063973561E-01 -3.679215629E-01 -6.394626528E-02
3.51785714286E+09 +1.372037588E-02 +7.355929009E-02 -1.763312478E-01 +4.734021660E-01 -3.591864945E-01 +9.541761543E-02
3.52857142857E+09 +7.795450833E-02 +1.628208490E-02 +1.340154606E-01 +4.442641858E-01 -2.910265848E-01 +2.280718226E-01
3.53928571429E+09 +4.494059048E-02 -6.920536473E-02 +3.541117649E-01 +2.147775021E-01 -1.808622060E-01 +3.135137365E-01
3.55000000000E+09 -4.788703137E-02 -6.762614957E-02 +3.699232511E-01 -9.593781262E-02 -4.489904813E-02 +3.516997211E-01
3.56071428571E+09 -8.014862249E-02 +1.729242949E-02 +1.943658354E-01 -3.313280019E-01 +9.474082920E-02 +3.317837070E-01
3.57142857143E+09 -1.763371304E-02 +7.966422016E-02 -6.948731555E-02 -4.041293298E-01 +2.120231862E-01 +2.528608887E-01
3.58214285714E+09 +6.572185538E-02 +5.085411531E-02 -3.100097711E-01 -3.112211185E-01 +2.764189417E-01 +1.349099575E-01
3.59285714286E+09 +7.718025809E-02 -4.001846397E-02 -4.444221257E-01 -1.014941369E-01 +2.821314724E-01 +4.564484430E-03
3.60357142857E+09 -5.957617354E-03 -9.225518114E-02 -4.256914947E-01 +1.445667722E-01 +2.354019423E-01 -1.039898290E-01
3.61428571429E+09 -9.333705406E-02 -3.118182092E-02 -2.578391230E-01 +3.279246226E-01 +1.544479408E-01 -1.741334819E-01
3.62500000000E+09 -6.545195391E-02 +7.924571040E-02 -1.017854199E-02 +3.649854145E-01 +5.928005041E-02 -2.070908645E-01
3.63571428571E+09 +5.212123529E-02 +9.053375095E-02 +2.030126825E-01 +2.385615584E-01 -3.586713772E-02 -2.042064384E-01
3.64642857143E+09 +1.029699207E-01 -1.607806347E-02 +2.876655431E-01 +1.460548606E-02 -1.192101857E-01 -1.636228673E-01
3.65714285714E+09 +2.354581502E-02 -1.004254739E-01 +2.216335942E-01 -2.024141750E-01 -1.750367742E-01 -9.333056024E-02
3.66785714286E+09 -8.296315897E-02 -6.067781288E-02 +4.987834868E-02 -3.289182750E-01 -1.940964032E-01 -1.329234707E-02
3.67857142857E+09 -8.937960829E-02 +5.229557604E-02 -1.511005575E-01 -3.293957519E-01 -1.795550391E-01 +5.739752219E-02
3.68928571429E+09 +1.313701029E-02 +1.046723255E-01 -3.051377391E-01 -2.168199292E-01 -1.467327642E-01 +1.080521159E-01
3.70000000000E+09 +1.041410839E-01 +2.876142300E-02 -3.591339478E-01 -4.217907375E-02 -1.088912236E-01 +1.428599769E-01
3.71071428571E+09 +6.692849454E-02 -8.808759355E-02 -2.998585525E-01 +1.241191858E-01 -6.735683443E-02 +1.696315852E-01
3.72142857143E+09 -5.870319066E-02 -9.628205378E-02 -1.586048043E-01 +2.192307396E-01 -1.992419324E-02 +1.871183307E-01
3.73214285714E+09 -1.118015684E-01 +1.970248859E-02 +4.772715929E-03 +2.151101129E-01 +3.354836596E-02 +1.909642976E-01
3.74285714286E+09 -2.250303640E-02 +1.110034572E-01 +1.319135433E-01 +1.238060767E-01 +8.771507408E-02 +1.759513083E-01
3.75357142857E+09 +9.394029592E-02 +6.166891764E-02 +1.857333594E-01 -1.664763749E-02 +1.373062583E-01 +1.433501424E-01
3.76428571429E+09 +9.153366767E-02 -6.332803272E-02 +1.551517080E-01 -1.593570848E-01 +1.773177484E-01 +9.628201892E-02
3.77500000000E+09 -2.389649885E-02 -1.079638809E-01 +5.280418241E-02 -2.594899576E-01 +2.035427119E-01 +3.342948553E-02
3.78571428571E+09 -1.085227069E-01 -1.870342888E-02 -8.704247208E-02 -2.841428484E-01 +2.066787306E-01 -4.429709338E-02
3.79642857143E+09 -5.819547582E-02 +9.305280758E-02 -2.160926599E-01 -2.231436193E-01 +1.768625749E-01 -1.262575735E-01
3.80714285714E+09 +6.394530175E-02 +8.822850376E-02 -2.862293239E-01 -9.601463715E-02 +1.099068087E-01 -1.960906746E-01
3.81785714286E+09 +1.046360186E-01 -2.637730739E-02 -2.684331871E-01 +5.183557923E-02 +1.379248528E-02 -2.321291744E-01
3.82857142857E+09 +1.438832329E-02 -1.056106169E-01 -1.655808773E-01 +1.651410865E-01 -9.878528026E-02 -2.212734739E-01
3.83928571429E+09 -9.086278150E-02 -5.197912107E-02 -1.285797933E-02 +2.002198261E-01 -2.022387226E-01 -1.620053465E-01
3.85000000000E+09 -8.059349624E-02 +6.313356483E-02 +1.360532969E-01 +1.415406096E-01 -2.734245870E-01 -5.921632791E-02
3.86071428571E+09 +2.687488480E-02 +9.593732600E-02 +2.272144237E-01 +5.883123541E-03 -2.929717612E-01 +7.119109943E-02
3.87142857143E+09 +9.603714928E-02 +1.160725621E-02 +2.230893954E-01 -1.611699424E-01 -2.530202513E-01 +2.039856748E-01
3.88214285714E+09 +4.642248252E-02 -8.134949820E-02 +1.181684164E-01 -2.966309338E-01 -1.585884888E-01 +3.088432996E-01
3.89285714286E+09 -5.475401652E-02 -7.214577771E-02 -5.264734040E-02 -3.417687104E-01 -2.367050269E-02 +3.635578440E-01
3.90357142857E+09 -8.518840980E-02 +2.071185097E-02 -2.208168759E-01 -2.699837642E-01 +1.287850848E-01 +3.563809039E-01
3.91428571429E+09 -1.521513167E-02 +8.362363487E-02 -3.132733492E-01 -1.045630138E-01 +2.691298244E-01 +2.858676631E-01
3.92500000000E+09 +6.836305577E-02 +4.690887524E-02 -2.860455334E-01 +8.966071231E-02 +3.690005728E-01 +1.572243162E-01
3.93571428571E+09 +6.978370800E-02 -4.243510781E-02 -1.439089901E-01 +2.329800981E-01 +4.053524534E-01 -6.599419992E-03
3.94642857143E+09 -1.033672274E-02 -8.050370407E-02 +6.014460414E-02 +2.635426237E-01 +3.656793132E-01 -1.736056719E-01
3.95714285714E+09 -7.787267643E-02 -2.275350164E-02 +2.440227968E-01 +1.638023915E-01 +2.538507112E-01 -3.091737155E-01
3.96785714286E+09 -5.136143481E-02 +6.251308346E-02 +3.291407965E-01 -2.870928603E-02 +9.072136287E-02 -3.842116647E-01
3.97857142857E+09 +3.733119060E-02 +7.081733296E-02 +2.757698326E-01 -2.326038035E-01 -9.134686913E-02 -3.825094867E-01
3.98928571429E+09 +7.789291593E-02 -6.807410125E-03 +1.058275743E-01 -3.576944006E-01 -2.581819567E-01 -3.002397732E-01
4.00000000000E+09 +2.337639734E-02 -7.193903649E-02 -1.058963563E-01 -3.488594652E-01 -3.762066577E-01 -1.545554831E-01
4.01071428571E+09 -5.451192158E-02 -4.853837034E-02 -2.688294322E-01 -2.102004539E-01 -4.145340843E-01 +2.930644260E-02
4.02142857143E+09 -6.463057371E-02 +2.865293703E-02 -3.152563534E-01 +1.476180671E-03 -3.666785026E-01 +2.155915561E-01
4.03214285714E+09 -1.057444413E-03 +6.920102179E-02 -2.246891411E-01 +2.017810869E-01 -2.437962123E-01 +3.644111818E-01
4.04285714286E+09 +6.142451052E-02 +2.964701106E-02 -2.961528169E-02 +3.100483310E-01 -6.836695716E-02 +4.451789885E-01
4.05357142857E+09 +5.204787524E-02 -4.308920650E-02 +1.938092279E-01 +2.774603518E-01 +1.209161805E-01 +4.430749113E-01
4.06428571429E+09 -1.768124638E-02 -6.463712872E-02 +3.495494235E-01 +1.122371353E-01 +2.925491703E-01 +3.621440291E-01
4.07500000000E+09 -6.548746438E-02 -1.010590823E-02 +3.653952434E-01 -1.141993144E-01 +4.159133874E-01 +2.213473283E-01
4.08571428571E+09 -3.569640273E-02 +5.483162233E-02 +2.341469032E-01 -2.981662307E-01 +4.683023662E-01 +4.090915720E-02
4.09642857143E+09 +3.441363560E-02 +5.458485907E-02 +1.804149276E-02 -3.585648735E-01 +4.387964789E-01 -1.519978362E-01
4.10714285714E+09 +6.341475744E-02 -8.108880066E-03 -1.881671927E-01 -2.744860855E-01 +3.313583677E-01 -3.189729209E-01
4.11785714286E+09 +1.948712659E-02 -6.090761661E-02 -3.019134419E-01 -8.504245053E-02 +1.629963950E-01 -4.221573747E-01
4.12857142857E+09 -4.763325130E-02 -4.353305904E-02 -2.814984418E-01 +1.334664720E-01 -3.715710262E-02 -4.411185633E-01
4.13928571429E+09 -6.028384721E-02 +2.609265516E-02 -1.366609318E-01 +2.957128780E-01 -2.249070355E-01 -3.723096885E-01
4.15000000000E+09 -2.073766698E-04 +6.681047699E-02 +7.443544083E-02 +3.371793558E-01 -3.626992505E-01 -2.302854824E-01
4.16071428571E+09 +6.201552647E-02 +2.659724404E-02 +2.635683124E-01 +2.400632507E-01 -4.239733072E-01 -4.390423076E-02
4.17142857143E+09 +4.847959871E-02 -4.674280506E-02 +3.479099889E-01 +4.734538695E-02 -3.984625618E-01 +1.523420534E-01
4.18214285714E+09 -2.374991059E-02 -6.216405261E-02 +2.913345848E-01 -1.534253296E-01 -2.959444062E-01 +3.197425433E-01
4.19285714286E+09 -6.536173410E-02 -3.057831936E-03 +1.223454449E-01 -2.730097609E-01 -1.338859445E-01 +4.231980426E-01
4.20357142857E+09 -2.901235204E-02 +5.744232391E-02 -8.245693643E-02 -2.628288650E-01 +5.495644083E-02 +4.490407410E-01
4.21428571429E+09 +3.977676593E-02 +4.995874509E-02 -2.368032999E-01 -1.324425472E-01 +2.344188797E-01 +3.923287481E-01
4.22500000000E+09 +6.224821675E-02 -1.501428036E-02 -2.810095004E-01 +6.007962815E-02 +3.709978959E-01 +2.662866298E-01
4.23571428571E+09 +1.267540205E-02 -6.347218165E-02 -2.029123910E-01 +2.350228370E-01 +4.425221915E-01 +9.764592459E-02
4.24642857143E+09 -5.335648408E-02 -3.854482656E-02 -4.013122486E-02 +3.226860662E-01 +4.388334101E-01 -8.461835398E-02
4.25714285714E+09 -5.802467549E-02 +3.367841829E-02 +1.356547556E-01 +2.914802769E-01 +3.621819698E-01 -2.457279531E-01
4.26785714286E+09 +7.991288050E-03 +6.801407125E-02 +2.501444734E-01 +1.610938780E-01 +2.266759878E-01 -3.628976356E-01
4.27857142857E+09 +6.697856638E-02 +1.981573317E-02 +2.591629000E-01 -8.658290724E-03 +5.783858260E-02 -4.110453233E-01
4.28928571429E+09 +4.508007695E-02 -5.476436731E-02 +1.649157409E-01 -1.468928027E-01 -1.180332121E-01 -3.814202510E-01
4.30000000000E+09 -3.324245094E-02 -6.357689455E-02 +9.856034905E-03 -2.017755087E-01 -2.658766602E-01 -2.803437139E-01
4.31071428571E+09 -7.191887868E-02 +5.835933314E-03 -1.446809669E-01 -1.581815969E-01 -3.550796766E-01 -1.278165931E-01
4.32142857143E+09 -2.280290707E-02 +6.867250785E-02 -2.430988265E-01 -3.853636432E-02 -3.691624322E-01 +4.533186319E-02
4.33214285714E+09 +5.429761132E-02 +4.808639793E-02 -2.543868750E-01 +1.086629926E-01 -3.081896682E-01 +2.037496918E-01
4.34285714286E+09 +6.594464840E-02 -3.108701551E-02 -1.819331313E-01 +2.279536294E-01 -1.899416630E-01 +3.185890435E-01
4.35357142857E+09 -2.358305889E-03 -7.341821535E-02 -5.936927536E-02 +2.784620555E-01 -4.081587978E-02 +3.713655750E-01
4.36428571429E+09 -6.878996416E-02 -2.702881647E-02 +6.421788281E-02 +2.469845408E-01 +1.145921884E-01 +3.575039928E-01
4.37500000000E+09 -5.217461351E-02 +5.318030841E-02 +1.432051498E-01 +1.504864027E-01 +2.482685744E-01 +2.867453957E-01
4.38571428571E+09 +2.896053729E-02 +6.934926564E-02 +1.515174380E-01 +2.731803374E-02 +3.432485228E-01 +1.703981127E-01
4.39642857143E+09 +7.560734627E-02 +1.455943731E-04 +8.965775627E-02 -7.857814025E-02 +3.817450144E-01 +2.753707395E-02
4.40714285714E+09 +2.949805192E-02 -6.993069441E-02 -1.905427518E-02 -1.332444300E-01 +3.585555995E-01 -1.190445223E-01
4.41785714286E+09 -5.303444620E-02 -5.428638956E-02 -1.387014621E-01 -1.212470578E-01 +2.798721395E-01 -2.407196648E-01
4.42857142857E+09 -7.045434577E-02 +2.772025196E-02 -2.315926832E-01 -4.749667232E-02 +1.616285683E-01 -3.160850522E-01
4.43928571429E+09 -1.919266285E-03 +7.553519147E-02 -2.677992205E-01 +6.431808112E-02 +2.430801188E-02 -3.374298452E-01
4.45000000000E+09 +6.900868210E-02 +3.133422773E-02 -2.339668521E-01 +1.778355705E-01 -1.064188846E-01 -3.058347127E-01
4.46071428571E+09 +5.626596081E-02 -5.156293843E-02 -1.372485247E-01 +2.536933554E-01 -2.161151209E-01 -2.270501318E-01
4.47142857143E+09 -2.588928073E-02 -7.239991701E-02 -6.343956523E-03 +2.592768048E-01 -2.871276584E-01 -1.144587879E-01
4.48214285714E+09 -7.734533452E-02 -3.454863097E-03 +1.124057244E-01 +1.814806934E-01 -3.064710868E-01 +1.979244702E-02
4.49285714286E+09 -3.204478477E-02 +7.068344702E-02 +1.682646912E-01 +3.828966019E-02 -2.664435443E-01 +1.513917333E-01
4.50357142857E+09 +5.359624672E-02 +5.536102472E-02 +1.283482653E-01 -1.207319059E-01 -1.770068898E-01 +2.543322688E-01
4.51428571429E+09 +6.986252646E-02 -2.865328469E-02 -1.695302502E-03 -2.313998127E-01 -5.555450820E-02 +3.102429633E-01
4.52500000000E+09 -2.713879503E-05 -7.316127856E-02 -1.746690935E-01 -2.449846016E-01 +7.556404501E-02 +3.140372319E-01
4.53571428571E+09 -6.496359721E-02 -2.775519313E-02 -3.225202043E-01 -1.531333074E-01 +1.986598824E-01 +2.704745055E-01
4.54642857143E+09 -5.002392331E-02 +4.667345290E-02 -3.867773174E-01 +1.051247855E-02 +2.960113715E-01 +1.851972614E-01
4.55714285714E+09 +2.173333132E-02 +6.373988707E-02 -3.378677612E-01 +1.854033360E-01 +3.508662278E-01 +6.610050186E-02
4.56785714286E+09 +6.711637731E-02 +6.395047435E-03 -1.843006528E-01 +3.014633180E-01 +3.553362842E-01 -7.324004947E-02
4.57857142857E+09 +3.312003953E-02 -5.948403800E-02 +2.390321133E-02 +2.997303352E-01 +3.045993157E-01 -2.053965162E-01
4.58928571429E+09 -4.272462809E-02 -5.397933208E-02 +2.000457642E-01 +1.585364391E-01 +2.014238434E-01 -3.018429631E-01
4.60000000000E+09 -6.586258525E-02 +1.962407553E-02 +2.516625731E-01 -7.561044145E-02 +6.860277267E-02 -3.493827548E-01
4.61071428571E+09 -5.934540353E-03 +6.698778043E-02 +1.403680621E-01 -2.951495425E-01 -7.250051586E-02 -3.421089521E-01
4.62142857143E+09 +5.738391929E-02 +2.990729671E-02 -8.345547812E-02 -3.935737794E-01 -1.979543639E-01 -2.832455528E-01
4.63214285714E+09 +4.827291431E-02 -3.905386168E-02 -3.144717268E-01 -3.305051757E-01 -2.906142917E-01 -1.763922771E-01
4.64285714286E+09 -1.508716339E-02 -5.824757003E-02 -4.547106563E-01 -1.404570736E-01 -3.356160559E-01 -3.120255442E-02
4.65357142857E+09 -5.846526501E-02 -1.067741485E-02 -4.500747617E-01 +9.911957621E-02 -3.164267157E-01 +1.236198734E-01
4.66428571429E+09 -3.394471633E-02 +4.900264258E-02 -2.949588701E-01 +2.958883925E-01 -2.319568081E-01 +2.565667105E-01
4.67500000000E+09 +3.203001470E-02 +5.112070584E-02 -3.651586300E-02 +3.620910320E-01 -9.527190400E-02 +3.390100836E-01
4.68571428571E+09 +5.972506097E-02 -1.047685095E-02 +2.225073984E-01 +2.487722066E-01 +6.062825379E-02 +3.558949157E-01
4.69642857143E+09 +1.213769404E-02 -5.842969315E-02 +3.581819127E-01 -9.724940460E-03 +2.069361907E-01 +3.054975502E-01
4.70714285714E+09 -4.757866675E-02 -3.204382103E-02 +3.009128284E-01 -2.948010048E-01 +3.203319233E-01 +2.014194488E-01
4.71785714286E+09 -4.605480606E-02 +2.910186535E-02 +8.451340634E-02 -4.749543030E-01 +3.845560440E-01 +5.645464848E-02
4.72857142857E+09 +6.310088135E-03 +5.148388242E-02 -1.867433067E-01 -4.821656767E-01 +3.849134339E-01 -1.040784469E-01
4.73928571429E+09 +4.766455098E-02 +1.653622639E-02 -4.023707737E-01 -3.252515179E-01 +3.172172420E-01 -2.529643821E-01
4.75000000000E+09 +3.595490214E-02 -3.562061907E-02 -4.803771940E-01 -6.569580110E-02 +1.940441466E-01 -3.583230653E-01
4.76071428571E+09 -1.745219941E-02 -4.886234641E-02 -3.800969125E-01 +2.000760775E-01 +3.546656300E-02 -3.976123883E-01
4.77142857143E+09 -5.346009133E-02 -3.553217339E-03 -1.220011614E-01 +3.552750462E-01 -1.268907123E-01 -3.702999657E-01
4.78214285714E+09 -2.371717570E-02 +4.893357025E-02 +1.883955374E-01 +3.097631357E-01 -2.625791259E-01 -2.814472170E-01
4.79285714286E+09 +3.617464570E-02 +3.962120292E-02 +3.977644123E-01 +7.440568581E-02 -3.504160243E-01 -1.438345440E-01
4.80357142857E+09 +4.861266868E-02 -1.753198818E-02 +4.070958467E-01 -2.301886369E-01 -3.757709215E-01 +1.988534185E-02
4.81428571429E+09 +3.423342456E-03 -4.919251573E-02 +2.300890302E-01 -4.608866744E-01 -3.330244308E-01 +1.830290107E-01
4.82500000000E+09 -4.168482632E-02 -2.326900537E-02 -4.031536256E-02 -5.302810229E-01 -2.211697764E-01 +3.123188374E-01
4.83571428571E+09 -3.869030201E-02 +2.705847961E-02 -2.950802442E-01 -4.233765360E-01 -6.213034653E-02 +3.783054675E-01
4.84642857143E+09 +7.819287689E-03 +4.708913796E-02 -4.387719065E-01 -1.795198974E-01 +1.099882750E-01 +3.713386515E-01
4.85714285714E+09 +4.716937455E-02 +1.256295975E-02 -4.052768877E-01 +1.155915917E-01 +2.599093616E-01 +2.938640447E-01
4.86785714286E+09 +3.054778435E-02 -3.921707925E-02 -1.876814220E-01 +3.378066107E-01 +3.606094156E-01 +1.629336697E-01
4.87857142857E+09 -2.468118237E-02 -4.322607429E-02 +1.269872031E-01 +3.752150027E-01 +3.999212579E-01 +1.813455256E-03
4.88928571429E+09 -4.819352446E-02 +5.862596615E-03 +3.893479567E-01 +2.084043941E-01 +3.752670439E-01 -1.593970794E-01
4.90000000000E+09 -1.378908270E-02 +4.484605879E-02 +4.839631039E-01 -7.267157785E-02 +2.858395401E-01 -2.933865610E-01
4.91071428571E+09 +3.368824206E-02 +3.070283487E-02 +3.895647529E-01 -3.376872809E-01 +1.438153849E-01 -3.745471663E-01
4.92142857143E+09 +4.200268941E-02 -1.681017330E-02 +1.613834310E-01 -4.855755218E-01 -2.501542521E-02 -3.936791796E-01
4.93214285714E+09 +3.285785621E-03 -4.594752319E-02 -1.096425805E-01 -4.662125588E-01 -1.799066481E-01 -3.406161881E-01
4.94285714286E+09 -4.178153065E-02 -2.295372528E-02 -3.198376883E-01 -2.830395842E-01 -2.973687047E-01 -2.313384119E-01
4.95357142857E+09 -3.907787591E-02 +3.034050050E-02 -3.776378010E-01 -6.026997709E-04 -3.594787888E-01 -8.507110986E-02
4.96428571429E+09 +1.349149063E-02 +4.889395425E-02 -2.473364549E-01 +2.623624901E-01 -3.567977535E-01 +7.133868924E-02
4.97500000000E+09 +5.049970105E-02 +6.023954871E-03 +1.408247411E-02 +3.857957267E-01 -2.889485867E-01 +2.136252851E-01
4.98571428571E+09 +2.486946305E-02 -4.355704901E-02 +2.829485136E-01 +3.236364150E-01 -1.667475772E-01 +3.142287299E-01
4.99642857143E+09 -2.913009906E-02 -3.961085148E-02 +4.465813799E-01 +1.221906612E-01 -1.306992057E-02 +3.569105001E-01
5.00714285714E+09 -4.771684170E-02 +9.909096956E-03 +4.537261056E-01 -1.244512062E-01 +1.419588884E-01 +3.306510083E-01
5.01785714286E+09 -1.099771143E-02 +4.809124410E-02 +3.128024228E-01 -3.206984703E-01 +2.644828226E-01 +2.429792160E-01
5.02857142857E+09 +4.042108026E-02 +3.046996204E-02 +7.905094083E-02 -3.918537295E-01 +3.396415560E-01 +1.165101380E-01
5.03928571429E+09 +4.512599101E-02 -2.603054788E-02 -1.558928839E-01 -3.029217119E-01 +3.579233986E-01 -2.836877478E-02
5.05000000000E+09 -7.375358680E-03 -5.238827311E-02 -2.892089241E-01 -8.407194438E-02 +3.165574543E-01 -1.686953840E-01
5.06071428571E+09 -5.107076428E-02 -1.260768056E-02 -2.595617108E-01 +1.681922847E-01 +2.250512630E-01 -2.772092097E-01
5.07142857143E+09 -3.055849768E-02 +4.149591425E-02 -8.952074794E-02 +3.417673800E-01 +9.539553356E-02 -3.412622691E-01
5.08214285714E+09 +2.530693128E-02 +4.344388921E-02 +1.353927925E-01 +3.752292573E-01 -4.928895371E-02 -3.468302740E-01
5.09285714286E+09 +4.933989736E-02 -4.965132508E-03 +3.230104260E-01 +2.754666950E-01 -1.788559080E-01 -2.928458108E-01
5.10357142857E+09 +1.638305338E-02 -4.682688483E-02 +4.120292747E-01 +9.264994166E-02 -2.734599783E-01 -1.925252398E-01
5.11428571429E+09 -3.647108599E-02 -3.499081980E-02 +3.774892906E-01 -1.059866356E-01 -3.175852562E-01 -6.416368113E-02
5.12500000000E+09 -4.790558610E-02 +2.015516502E-02 +2.300403841E-01 -2.498738376E-01 -3.142347582E-01 +6.838393086E-02
5.13571428571E+09 +6.235588650E-04 +5.340686955E-02 +1.976120658E-02 -2.804348159E-01 -2.580884500E-01 +1.900200139E-01
5.14642857143E+09 +5.051401084E-02 +1.919363072E-02 -1.708034739E-01 -1.798289307E-01 -1.553768627E-01 +2.829766229E-01
5.15714285714E+09 +3.593609741E-02 -3.956672359E-02 -2.639466718E-01 +1.064406155E-02 -2.136776285E-02 +3.267583598E-01
5.16785714286E+09 -2.248467105E-02 -4.693044791E-02 -2.290882909E-01 +2.099214345E-01 +1.159960695E-01 +3.105114018E-01
5.17857142857E+09 -5.030080660E-02 +2.176629498E-03 -9.340097910E-02 +3.419780667E-01 +2.339480979E-01 +2.409891025E-01
5.18928571429E+09 -1.775144450E-02 +4.578547725E-02 +8.288289079E-02 +3.684956950E-01 +3.106318677E-01 +1.296884755E-01
5.20000000000E+09 +3.425367335E-02 +3.482253616E-02 +2.368339763E-01 +2.891663967E-01 +3.437865276E-01 -4.058058082E-03
5.21071428571E+09 +4.608580737E-02 -1.728282549E-02 +3.160532134E-01 +1.327510088E-01 +3.223889960E-01 -1.418080068E-01
5.22142857143E+09 +2.233976328E-03 -4.982788049E-02 +2.868310700E-01 -4.867324303E-02 +2.471348780E-01 -2.640011926E-01
5.23214285714E+09 -4.568071159E-02 -2.092977493E-02 +1.487094586E-01 -1.854368771E-01 +1.261276146E-01 -3.437570832E-01
5.24285714286E+09 -3.580578613E-02 +3.470037313E-02 -5.148199090E-02 -2.151483739E-01 -2.100274706E-02 -3.675451049E-01
5.25357142857E+09 +1.856443405E-02 +4.450616145E-02 -2.321146949E-01 -1.194374709E-01 -1.649905948E-01 -3.274582302E-01
5.26428571429E+09 +4.592685315E-02 -2.159510428E-04 -3.195095475E-01 +6.088531594E-02 -2.801531525E-01 -2.324146235E-01
5.27500000000E+09 +1.739886586E-02 -4.010649708E-02 -2.853362818E-01 +2.514946706E-01 -3.499536355E-01 -1.019617997E-01
5.28571428571E+09 -2.799734653E-02 -3.143704001E-02 -1.495084619E-01 +3.829944801E-01 -3.631403412E-01 +5.055814397E-02
5.29642857143E+09 -3.954123261E-02 +1.166089228E-02 +3.897438346E-02 +4.110475405E-01 -3.168150567E-01 +1.978524718E-01
5.30714285714E+09 -6.001516765E-03 +4.081008734E-02 +2.168503439E-01 +3.199688956E-01 -2.082776494E-01 +3.158608219E-01
5.31785714286E+09 +3.546760760E-02 +2.224599824E-02 +3.149111512E-01 +1.282953711E-01 -5.418514672E-02 +3.799886058E-01
5.32857142857E+09 +3.439477637E-02 -2.451261539E-02 +2.772834588E-01 -1.009098414E-01 +1.131676359E-01 +3.730704809E-01
5.33928571429E+09 -9.908440108E-03 -4.051898784E-02 +1.002686362E-01 -2.692574261E-01 +2.635185315E-01 +2.948763480E-01
5.35000000000E+09 -3.977032047E-02 -5.791699839E-03 -1.452122988E-01 -2.954234548E-01 +3.697584307E-01 +1.608345252E-01
5.36071428571E+09 -1.986494970E-02 +3.238108719E-02 -3.508784370E-01 -1.708362010E-01 +4.160139056E-01 -5.382520824E-03
5.37142857143E+09 +1.985793369E-02 +2.988074890E-02 -4.374228277E-01 +4.309853172E-02 +3.872883936E-01 -1.701154527E-01
5.38214285714E+09 +3.422285510E-02 -4.692752111E-03 -3.816428754E-01 +2.605215773E-01 +2.881333354E-01 -3.142031570E-01
5.39285714286E+09 +1.070829790E-02 -3.252291628E-02 -2.062191727E-01 +4.038840982E-01 +1.314726315E-01 -4.085553427E-01
5.40357142857E+09 -2.517383712E-02 -2.399561799E-02 +3.197222935E-02 +4.148700963E-01 -5.185852302E-02 -4.298182942E-01
5.41428571429E+09 -3.285127371E-02 +1.375950922E-02 +2.430685812E-01 +2.684685834E-01 -2.245850763E-01 -3.674584204E-01
5.42500000000E+09 +4.965168231E-04 +3.601429034E-02 +3.226289907E-01 +5.152730166E-03 -3.551529151E-01 -2.402467589E-01
5.43571428571E+09 +3.299395266E-02 +1.236945274E-02 +2.135196450E-01 -2.578629573E-01 -4.222195657E-01 -7.153936582E-02
5.44642857143E+09 +2.270709688E-02 -2.462594492E-02 -3.471813414E-02 -3.909718564E-01 -4.123576180E-01 +1.088636218E-01
5.45714285714E+09 -1.239449289E-02 -2.886814190E-02 -3.003695817E-01 -3.434618602E-01 -3.241910515E-01 +2.720937633E-01
5.46785714286E+09 -2.971308643E-02 -1.478272904E-03 -4.749878355E-01 -1.539777410E-01 -1.710810972E-01 +3.900574563E-01
5.47857142857E+09 -1.430975771E-02 +2.499202084E-02 -5.027899913E-01 +9.720113514E-02 +1.448498841E-02 +4.326958946E-01
5.48928571429E+09 +1.580270019E-02 +2.395091691E-02 -3.749979584E-01 +3.218494328E-01 +2.011637960E-01 +3.932056577E-01
5.50000000000E+09 +2.906859109E-02 -4.099483907E-03 -1.249486199E-01 +4.339023197E-01 +3.533726196E-01 +2.745501548E-01
5.51071428571E+09 +8.291564165E-03 -2.900060836E-02 +1.611195626E-01 +3.681410718E-01 +4.384169354E-01 +1.028231680E-01
5.52142857143E+09 -2.385705617E-02 -1.879693345E-02 +3.542005860E-01 +1.277690690E-01 +4.441623156E-01 -8.908989535E-02
5.53214285714E+09 -2.583139479E-02 +1.449458195E-02 +3.535756632E-01 -1.833172924E-01 +3.630645174E-01 -2.663355754E-01
5.54285714286E+09 +2.826564576E-03 +2.808893778E-02 +1.654729820E-01 -4.186805399E-01 +2.171469417E-01 -3.962030578E-01
5.55357142857E+09 +2.533814889E-02 +8.902794748E-03 -1.120681673E-01 -4.867858999E-01 +2.999100305E-02 -4.575053313E-01
5.56428571429E+09 +1.871299202E-02 -1.809279931E-02 -3.640339191E-01 -3.800543373E-01 -1.659852157E-01 -4.316642031E-01
5.57500000000E+09 -7.676044096E-03 -2.487661818E-02 -5.027197410E-01 -1.466044524E-01 -3.278414780E-01 -3.237099261E-01
5.58571428571E+09 -2.640630381E-02 -4.193821449E-03 -4.739416162E-01 +1.329609474E-01 -4.274638238E-01 -1.514573349E-01
5.59642857143E+09 -1.535346651E-02 +2.302233446E-02 -2.701690865E-01 +3.502762381E-01 -4.452927521E-01 +4.934647991E-02
5.60714285714E+09 +1.562256936E-02 +2.364457573E-02 +4.069940278E-02 +3.965205763E-01 -3.821722920E-01 +2.327065883E-01
5.61785714286E+09 +2.768233235E-02 -5.400405826E-03 +3.168108504E-01 +2.321314335E-01 -2.455392782E-01 +3.730461702E-01
5.62857142857E+09 +5.746102851E-03 -2.660728645E-02 +4.249056160E-01 -6.411631849E-02 -6.509406106E-02 +4.503386885E-01
5.63928571429E+09 -2.079783170E-02 -1.563543053E-02 +3.306588410E-01 -3.494041264E-01 +1.277025368E-01 +4.458311094E-01
5.65000000000E+09 -2.234965462E-02 +1.130022997E-02 +9.516917036E-02 -5.105316120E-01 +2.926161613E-01 +3.525974488E-01
5.66071428571E+09 +1.029957096E-05 +2.494587156E-02 -1.826589345E-01 -4.985796344E-01 +4.132903127E-01 +1.955577034E-01
5.67142857143E+09 +2.293354195E-02 +1.143808727E-02 -4.013159217E-01 -3.199691278E-01 +4.587016409E-01 +5.753644166E-03
5.68214285714E+09 +2.093262804E-02 -1.650389833E-02 -4.704723190E-01 -3.205110837E-02 +4.219866927E-01 -1.846371253E-01
5.69285714286E+09 -7.036715271E-03 -2.676723836E-02 -3.404682208E-01 +2.514513393E-01 +3.123645656E-01 -3.419682523E-01
5.70357142857E+09 -2.796415286E-02 -3.962523253E-03 -5.350176902E-02 +3.943384411E-01 +1.454406264E-01 -4.351343620E-01
5.71428571429E+09 -1.440248045E-02 +2.413151651E-02 +2.559813311E-01 +3.260241925E-01 -3.775982634E-02 -4.528959127E-01
5.72500000000E+09 +1.571488259E-02 +2.264912394E-02 +4.483568055E-01 +9.248365401E-02 -2.093142093E-01 -3.913315854E-01
5.73571428571E+09 +2.690452757E-02 -4.352300507E-03 +4.606631976E-01 -1.921212701E-01 -3.453137550E-01 -2.610327008E-01
5.74642857143E+09 +8.036623872E-03 -2.619816759E-02 +3.085017949E-01 -4.185195214E-01 -4.169906071E-01 -8.080814979E-02
5.75714285714E+09 -2.077195119E-02 -1.931939475E-02 +5.275044312E-02 -5.093138805E-01 -4.017312753E-01 +1.027467307E-01
5.76785714286E+09 -2.766878288E-02 +1.155178045E-02 -2.148927339E-01 -4.242743721E-01 -3.128910234E-01 +2.619584399E-01
5.77857142857E+09 +6.915051495E-05 +3.164708705E-02 -3.813906978E-01 -1.800350249E-01 -1.712780808E-01 +3.572796287E-01
5.78928571429E+09 +3.051813028E-02 +1.183908628E-02 -3.559251804E-01 +1.255915294E-01 +1.483203870E-03 +3.906164883E-01
5.80000000000E+09 +2.201526761E-02 -2.418186341E-02 -1.429478997E-01 +3.456517556E-01 +1.684780275E-01 +3.458125567E-01
5.81071428571E+09 -1.353846527E-02 -2.884917294E-02 +1.480654604E-01 +3.839209256E-01 +2.977539849E-01 +2.356607813E-01
5.82142857143E+09 -3.082933307E-02 +6.002683942E-04 +3.867317199E-01 +2.486691450E-01 +3.731709956E-01 +7.248899559E-02
5.83214285714E+09 -1.268219134E-02 +2.809539484E-02 +4.930441992E-01 +1.461312790E-02 +3.758084940E-01 -8.485247566E-02
5.84285714286E+09 +2.024240091E-02 +2.419732085E-02 +4.435504987E-01 -2.291054731E-01 +3.045591209E-01 -2.303444732E-01
5.85357142857E+09 +3.214571411E-02 -8.589679791E-03 +2.568507382E-01 -3.977024218E-01 +1.866125378E-01 -3.277207186E-01
5.86428571429E+09 +5.025744399E-03 -3.498042650E-02 -5.417671008E-03 -4.189570194E-01 +3.784187178E-02 -3.682067153E-01
5.87500000000E+09 -3.248367383E-02 -1.804679059E-02 -2.346400280E-01 -2.649605968E-01 -1.049747060E-01 -3.503578355E-01
5.88571428571E+09 -2.865065259E-02 +2.467585745E-02 -3.165783873E-01 +4.381535015E-03 -2.310185490E-01 -2.765360506E-01
5.89642857143E+09 +1.275220757E-02 +3.480642482E-02 -2.143668906E-01 +2.591202911E-01 -3.171478450E-01 -1.600143169E-01
5.90714285714E+09 +3.595705565E-02 +1.385451671E-03 +6.363169255E-03 +3.910247689E-01 -3.443485484E-01 -1.901974619E-02
5.91785714286E+09 +1.535021504E-02 -3.141950395E-02 +2.424860840E-01 +3.718247990E-01 -3.142174217E-01 +1.066610865E-01
5.92857142857E+09 -2.202252039E-02 -2.706444207E-02 +4.141789958E-01 +2.316147480E-01 -2.323712405E-01 +2.085595890E-01
5.93928571429E+09 -3.473976455E-02 +8.796593382E-03 +4.743477481E-01 +2.415487462E-02 -1.249934354E-01 +2.704200159E-01
5.95000000000E+09 -6.037698251E-03 +3.728999226E-02 +4.023652025E-01 -1.847100623E-01 -8.259004672E-03 +2.899863759E-01
5.96071428571E+09 +3.447581777E-02 +2.056165522E-02 +2.105328013E-01 -3.179150976E-01 +1.074739624E-01 +2.670672542E-01
5.97142857143E+09 +3.226054559E-02 -2.646319326E-02 -3.624678917E-02 -3.065337485E-01 +2.032415102E-01 +1.987863733E-01
5.98214285714E+09 -1.479068654E-02 -3.927787294E-02 -2.283858469E-01 -1.404659943E-01 +2.675736760E-01 +9.971348929E-02
5.99285714286E+09 -4.051644073E-02 +7.894827395E-04 -2.767584634E-01 +1.048642416E-01 +2.847624847E-01 -1.303170102E-02
6.00357142857E+09 -1.307766968E-02 +3.587307961E-02 -1.744202222E-01 +3.188950544E-01 +2.531059093E-01 -1.249203007E-01
6.01428571429E+09 +2.642186432E-02 +2.465310451E-02 +2.002147618E-02 +4.269472234E-01 +1.882101298E-01 -2.149400305E-01
6.02500000000E+09 +3.217695919E-02 -1.350653316E-02 +2.313272442E-01 +4.062286656E-01 +9.977181315E-02 -2.760776267E-01
6.03571428571E+09 +1.122825431E-03 -3.479151588E-02 +3.932121834E-01 +2.694295195E-01 -6.198135347E-03 -3.025369956E-01
6.04642857143E+09 -3.198095801E-02 -1.525614946E-02 +4.497832301E-01 +5.410995780E-02 -1.248744311E-01 -2.905062041E-01
6.05714285714E+09 -2.682408530E-02 +2.484128198E-02 +3.621820759E-01 -1.707660150E-01 -2.268924428E-01 -2.304658969E-01
6.06785714286E+09 +1.427508715E-02 +3.432502266E-02 +1.387370613E-01 -3.067151576E-01 -3.025849313E-01 -1.271805592E-01
6.07857142857E+09 +3.638759100E-02 -2.174665451E-03 -1.338465538E-01 -2.720479434E-01 -3.280979057E-01 -1.538423195E-03
6.08928571429E+09 +9.956960584E-03 -3.314141472E-02 -3.254974339E-01 -7.450863279E-02 -3.045644436E-01 +1.274489202E-01
6.10000000000E+09 -2.495213322E-02 -2.000257437E-02 -3.557687500E-01 +1.885138210E-01 -2.293378504E-01 +2.387956320E-01
6.11071428571E+09 -2.643658048E-02 +1.362773151E-02 -2.310512746E-01 +4.069344806E-01 -1.207842922E-01 +3.184011187E-01
6.12142857143E+09 +1.073746723E-03 +2.828543554E-02 -9.188051040E-03 +5.088361517E-01 +2.004571334E-02 +3.433310404E-01
6.13214285714E+09 +2.564789509E-02 +1.084845332E-02 +2.344063350E-01 +4.620927246E-01 +1.590964364E-01 +3.078650146E-01
6.14285714286E+09 +2.056334436E-02 -1.901937777E-02 +4.144504866E-01 +2.695583209E-01 +2.862395747E-01 +1.939098967E-01
6.15357142857E+09 -1.010575780E-02 -2.656441225E-02 +4.436164731E-01 -1.517891579E-02 +3.493519645E-01 +5.802532707E-02
6.16428571429E+09 -2.814829404E-02 +1.981420796E-04 +2.778768843E-01 -2.734103208E-01 +3.504641909E-01 -1.036513661E-01
6.17500000000E+09 -9.191858407E-03 +2.516836563E-02 -2.314499032E-02 -3.708316458E-01 +2.864039207E-01 -2.563383465E-01
6.18571428571E+09 +1.848105499E-02 +1.637156240E-02 -3.137901927E-01 -2.599051485E-01 +1.661061069E-01 -3.622910870E-01
6.19642857143E+09 +2.060285442E-02 -9.331008971E-03 -4.691026005E-01 -7.861395315E-03 +6.724075177E-03 -4.078768271E-01
6.20714285714E+09 +6.178454249E-04 -2.106155299E-02 -4.467373209E-01 +2.725340663E-01 -1.630207757E-01 -3.834497956E-01
6.21785714286E+09 -1.777136868E-02 -9.884894863E-03 -2.689243028E-01 +4.831861021E-01 -3.166781175E-01 -2.858356356E-01
6.22857142857E+09 -1.668260965E-02 +1.139513451E-02 +5.674237206E-03 +5.514283927E-01 -4.153546387E-01 -1.381786026E-01
6.23928571429E+09 +3.239375441E-03 +2.020388655E-02 +2.831638069E-01 +4.352075082E-01 -4.539495611E-01 +3.073467960E-02
6.25000000000E+09 +2.023300915E-02 +5.005477696E-03 +4.400026975E-01 +1.538407122E-01 -4.022190299E-01 +2.029725513E-01
6.26071428571E+09 +1.214194001E-02 -1.675491205E-02 +3.798125779E-01 -1.774798617E-01 -2.955819924E-01 +3.424924681E-01
6.27142857143E+09 -1.055543441E-02 -1.678519099E-02 +1.212607329E-01 -3.946907496E-01 -1.264939106E-01 +4.129301238E-01
6.28214285714E+09 -1.852632630E-02 +2.897381566E-03 -2.044775705E-01 -4.019858317E-01 +5.884443721E-02 +4.207482039E-01
6.29285714286E+09 -4.929934379E-03 +1.707771766E-02 -4.538407464E-01 -2.194655708E-01 +2.346987588E-01 +3.398321981E-01
6.30357142857E+09 +1.286590595E-02 +1.147680141E-02 -5.409923694E-01 +6.487596314E-02 +3.574201844E-01 +1.966222794E-01
6.31428571429E+09 +1.584923086E-02 -6.539619441E-03 -4.407987704E-01 +3.448685196E-01 +4.205496975E-01 +1.200049800E-02
6.32500000000E+09 +6.279262492E-04 -1.739213435E-02 -1.821633846E-01 +5.136303634E-01 +3.755104883E-01 -1.676676519E-01
6.33571428571E+09 -1.587976635E-02 -7.509573082E-03 +1.428262161E-01 +4.855426647E-01 +2.632165314E-01 -3.215936606E-01
6.34642857143E+09 -1.274990577E-02 +1.171826299E-02 +3.879272683E-01 +2.495598689E-01 +9.415568194E-02 -4.129106857E-01
6.35714285714E+09 +5.608136380E-03 +1.555532033E-02 +4.288768610E-01 -9.198784630E-02 -1.034522188E-01 -4.234435143E-01
6.36785714286E+09 +1.543893836E-02 +1.218625701E-03 +2.527475295E-01 -3.781428472E-01 -2.884161564E-01 -3.510110614E-01
6.37857142857E+09 +7.343721544E-03 -1.254730804E-02 -4.715840143E-02 -4.942164939E-01 -4.246132352E-01 -2.191004231E-01
6.38928571429E+09 -7.580550899E-03 -1.168582984E-02 -3.453781618E-01 -4.123714196E-01 -4.847830797E-01 -4.109345000E-02
6.40000000000E+09 -1.360241391E-02 +1.297776114E-03 -5.343436565E-01 -1.712241214E-01 -4.627280344E-01 +1.165154596E-01
6.41071428571E+09 -5.017511611E-03 +1.319389911E-02 -5.384520582E-01 +1.432271460E-01 -3.743654230E-01 +2.951840509E-01
6.42142857143E+09 +1.017970252E-02 +1.020538165E-02 -3.381801289E-01 +4.047743141E-01 -2.172987260E-01 +4.119371369E-01
6.43214285714E+09 +1.362581975E-02 -5.521840110E-03 -5.082175511E-03 +4.850183058E-01 -3.920214594E-02 +4.646508127E-01
6.44285714286E+09 +3.735044521E-04 -1.461973349E-02 +3.070550563E-01 +3.344895819E-01 +1.571568034E-01 +4.191451185E-01
6.45357142857E+09 -1.286057308E-02 -5.961067682E-03 +4.549477825E-01 +2.939843451E-02 +3.166784814E-01 +3.284694406E-01
6.46428571429E+09 -1.069939169E-02 +8.918962125E-03 +3.926868218E-01 -2.890074955E-01 +4.089609823E-01 +1.629082132E-01
6.47500000000E+09 +3.236638900E-03 +1.340301268E-02 +1.664320369E-01 -5.010392096E-01 +4.091296131E-01 -2.687981228E-02
6.48571428571E+09 +1.357166690E-02 +3.095614784E-03 -1.341914217E-01 -5.403892086E-01 +3.365729302E-01 -2.048366419E-01
6.49642857143E+09 +8.804410706E-03 -1.117947410E-02 -4.031820268E-01 -3.916624888E-01 +1.839210226E-01 -3.499024963E-01
6.50714285714E+09 -6.937728375E-03 -1.283378776E-02 -5.313565224E-01 -9.798396558E-02 -1.758258260E-03 -4.160089214E-01
6.51785714286E+09 -1.478056209E-02 +1.514539782E-03 -4.442640315E-01 +2.253627201E-01 -1.909302909E-01 -3.925513806E-01
6.52857142857E+09 -4.103308920E-03 +1.397756347E-02 -1.662576710E-01 +4.244741121E-01 -3.447135538E-01 -3.000678073E-01
6.53928571429E+09 +1.089027734E-02 +8.897814684E-03 +1.708570592E-01 +4.046454537E-01 -4.398304204E-01 -1.506073796E-01
6.55000000000E+09 +1.206103439E-02 -5.911896070E-03 +4.157150009E-01 +1.918505058E-01 -4.527702513E-01 +3.937344788E-02
6.56071428571E+09 +2.076033962E-05 -1.309309656E-02 +4.836469230E-01 -1.093447331E-01 -3.975065921E-01 +2.179128387E-01
6.57142857143E+09 -1.172197213E-02 -6.015294041E-03 +3.664397489E-01 -3.834768289E-01 -2.832692192E-01 +3.675046161E-01
6.58214285714E+09 -1.104433110E-02 +8.244304413E-03 +1.095904975E-01 -5.338991941E-01 -1.368847787E-01 +4.511537539E-01
6.59285714286E+09 +3.036453130E-03 +1.430761221E-02 -1.956346462E-01 -4.943391058E-01 +3.457838100E-02 +4.620572347E-01
6.60357142857E+09 +1.517094576E-02 +3.001944683E-03 -4.180989139E-01 -2.610804772E-01 +1.926374760E-01 +3.981290860E-01
6.61428571429E+09 +8.563170638E-03 -1.339635244E-02 -4.408761213E-01 +7.001866831E-02 +3.162629881E-01 +2.707653075E-01
6.62500000000E+09 -9.251295014E-03 -1.293738996E-02 -2.494089567E-01 +3.387327176E-01 +3.788406804E-01 +1.056191982E-01
6.63571428571E+09 -1.500674227E-02 +3.411133117E-03 +5.463508661E-02 +4.294953386E-01 +3.554579232E-01 -7.812463278E-02
6.64642857143E+09 -2.899792229E-03 +1.472931764E-02 +3.376152435E-01 +3.301900338E-01 +2.728256681E-01 -2.342662167E-01
6.65714285714E+09 +1.198992767E-02 +8.855719846E-03 +5.047607026E-01 +9.881166286E-02 +1.279518758E-01 -3.353390650E-01
6.66785714286E+09 +1.318496281E-02 -7.329355127E-03 +5.090494750E-01 -1.810640857E-01 -3.023506500E-02 -3.659899157E-01
6.67857142857E+09 -1.356288294E-03 -1.577586842E-02 +3.434127772E-01 -4.141361038E-01 -1.898910460E-01 -3.087528453E-01
6.68928571429E+09 -1.583486647E-02 -4.819973452E-03 +5.456283900E-02 -5.000435049E-01 -3.180836543E-01 -1.973780540E-01
6.70000000000E+09 -1.033858002E-02 +1.348458929E-02 -2.379661172E-01 -3.750171407E-01 -3.849332500E-01 -5.138289140E-02
6.71071428571E+09 +8.979664318E-03 +1.418706179E-02 -3.830899860E-01 -8.291235942E-02 -3.989698854E-01 +1.165783157E-01
6.72142857143E+09 +1.569518115E-02 -3.014937544E-03 -3.091405457E-01 +2.284071278E-01 -3.402678456E-01 +2.606991662E-01
6.73214285714E+09 +3.395850205E-03 -1.470571404E-02 -7.336815661E-02 +4.188423667E-01 -2.388010771E-01 +3.660867793E-01
6.74285714286E+09 -1.124003798E-02 -9.052950679E-03 +2.100869476E-01 +4.354459730E-01 -1.070648236E-01 +4.121060313E-01
6.75357142857E+09 -1.298586794E-02 +5.889679242E-03 +4.415725672E-01 +2.956918944E-01 +3.397748733E-02 +4.022968306E-01
6.76428571429E+09 -5.362784430E-04 +1.460077072E-02 +5.521111311E-01 +5.212635081E-02 +1.661546211E-01 +3.355631572E-01
6.77500000000E+09 +1.385402039E-02 +6.968904700E-03 +4.992732159E-01 -2.191464534E-01 +2.764781597E-01 +2.464162079E-01
6.78571428571E+09 +1.250480615E-02 -1.082161840E-02 +2.814101287E-01 -4.160312405E-01 +3.346263409E-01 +1.110819343E-01
6.79642857143E+09 -6.107608915E-03 -1.618623457E-02 -2.941225887E-02 -4.369174685E-01 +3.370698459E-01 -3.601514025E-02
6.80714285714E+09 -1.737707415E-02 +6.478866578E-04 -2.916527204E-01 -2.523241523E-01 +2.826570064E-01 -1.623782027E-01
6.81785714286E+09 -5.165553645E-03 +1.603015176E-02 -3.804993914E-01 +5.182830622E-02 +1.558471284E-01 -2.537171530E-01
6.82857142857E+09 +1.238680205E-02 +1.013056406E-02 -2.723505965E-01 +3.345064564E-01 +5.176469060E-03 -2.848222924E-01
6.83928571429E+09 +1.344623254E-02 -7.126354980E-03 -3.327357013E-02 +4.916895532E-01 -1.514265265E-01 -2.536515844E-01
6.85000000000E+09 -8.633883242E-04 -1.463952690E-02 +2.417400843E-01 +4.827571731E-01 -2.809613570E-01 -1.759620962E-01
6.86071428571E+09 -1.340502790E-02 -5.282027532E-03 +4.596332205E-01 +3.159660378E-01 -3.661017280E-01 -4.627048450E-02
6.87142857143E+09 -1.028620621E-02 +1.005925464E-02 +5.390002410E-01 +4.267951361E-02 -3.845764618E-01 +9.264252091E-02
6.88214285714E+09 +5.309327882E-03 +1.342886693E-02 +4.289605545E-01 -2.380639802E-01 -3.402946690E-01 +2.307509750E-01
6.89285714286E+09 +1.422910329E-02 +1.075669686E-04 +1.537310023E-01 -3.966249311E-01 -2.430085226E-01 +3.514506160E-01
6.90357142857E+09 +5.165453092E-03 -1.277316603E-02 -1.673180863E-01 -3.451681027E-01 -1.035678251E-01 +4.162744910E-01
6.91428571429E+09 -9.237402579E-03 -9.312939448E-03 -3.838098307E-01 -1.083638981E-01 +4.057124925E-02 +4.420814214E-01
6.92500000000E+09 -1.171338201E-02 +4.340978648E-03 -4.114782395E-01 +1.986173054E-01 +1.910646346E-01 +4.118626015E-01
6.93571428571E+09 -1.140410855E-03 +1.212418215E-02 -2.591958182E-01 +4.511472998E-01 +3.080771634E-01 +3.298188291E-01
6.94642857143E+09 +1.038444833E-02 +6.344131215E-03 +5.929657721E-03 +5.633968411E-01 +3.823345571E-01 +1.820149901E-01
6.95714285714E+09 +1.046929412E-02 -6.936474592E-03 +2.890605422E-01 +4.960747867E-01 +3.959503187E-01 +2.556761068E-02
6.96785714286E+09 -2.267029254E-03 -1.296312371E-02 +4.823545866E-01 +2.626143896E-01 +3.375443707E-01 -1.321338528E-01
6.97857142857E+09 -1.333117365E-02 -2.807064408E-03 +4.923550604E-01 -5.634517510E-02 +2.151188767E-01 -2.608941964E-01
6.98928571429E+09 -7.345105118E-03 +1.156851578E-02 +2.942956678E-01 -3.227042753E-01 +4.453374624E-02 -3.333295611E-01
7.00000000000E+09 +8.051150513E-03 +1.053810930E-02 -3.021346260E-02 -4.090625167E-01 -1.345448371E-01 -3.219357583E-01
7.01071428571E+09 +1.195857411E-02 -3.492743695E-03 -3.336194635E-01 -2.801313425E-01 -2.826313126E-01 -2.286214243E-01
7.02142857143E+09 +1.292606216E-03 -1.153899504E-02 -4.918729704E-01 -4.466360487E-03 -3.748745110E-01 -7.191811414E-02
7.03214285714E+09 -9.293923388E-03 -5.569746358E-03 -4.552310936E-01 +3.004900085E-01 -3.932879773E-01 +1.092991641E-01
7.04285714286E+09 -8.568873795E-03 +5.700470554E-03 -2.454594005E-01 +5.200304175E-01 -3.414439594E-01 +2.908138336E-01
7.05357142857E+09 +1.428991040E-03 +9.843031114E-03 +5.966589846E-02 +5.685630939E-01 -2.261579891E-01 +4.225696507E-01
7.06428571429E+09 +9.334603715E-03 +3.000683023E-03 +3.408722371E-01 +4.152170709E-01 -7.771863872E-02 +5.200651361E-01
7.07500000000E+09 +6.613808715E-03 -7.118153143E-03 +4.730311886E-01 +1.105177297E-01 +8.326178583E-02 +5.271403628E-01
7.08571428571E+09 -3.556124904E-03 -9.027054951E-03 +3.881017022E-01 -2.179582032E-01 +2.355065145E-01 +4.679295060E-01
7.09642857143E+09 -9.629005205E-03 -7.603346819E-04 +1.205681177E-01 -4.253956982E-01 +3.591925017E-01 +3.448146898E-01
7.10714285714E+09 -4.857992862E-03 +8.357181511E-03 -2.102702591E-01 -4.285482726E-01 +4.405966949E-01 +1.859396595E-01
7.11785714286E+09 +5.479446679E-03 +8.220885028E-03 -4.683757565E-01 -2.375627927E-01 +4.362458957E-01 -1.224355081E-02
7.12857142857E+09 +9.949954010E-03 -1.569079050E-03 -5.558526196E-01 +6.470971300E-02 +3.791754871E-01 -1.807157235E-01
7.13928571429E+09 +2.688256929E-03 -1.011982313E-02 -4.384565151E-01 +3.574173658E-01 +2.401391620E-01 -3.210793500E-01
7.15000000000E+09 -8.597586857E-03 -6.451036058E-03 -1.583921854E-01 +5.171942079E-01 +4.940620636E-02 -3.696331433E-01
7.16071428571E+09 -9.210568520E-03 +5.756508651E-03 +1.691293587E-01 +4.659661939E-01 -1.386972992E-01 -3.164309630E-01
7.17142857143E+09 +2.096520156E-03 +1.037804802E-02 +3.980843991E-01 +2.186861191E-01 -3.031355055E-01 -1.782281309E-01
7.18214285714E+09 +9.947603589E-03 +1.830771412E-03 +4.281226045E-01 -1.164115850E-01 -3.870578775E-01 +2.037591036E-02
7.19285714286E+09 +5.374717350E-03 -7.890743198E-03 +2.544707396E-01 -3.965700971E-01 -3.933066235E-01 +2.190571645E-01
7.20357142857E+09 -4.616671090E-03 -7.786221177E-03 -4.302612173E-02 -5.151106026E-01 -3.114597586E-01 +3.968239933E-01
7.21428571429E+09 -8.679852784E-03 +5.879638272E-04 -3.455266238E-01 -4.345310635E-01 -1.761005125E-01 +4.847473182E-01
7.22500000000E+09 -3.421122685E-03 +7.990963892E-03 -5.362406390E-01 -1.870349801E-01 -1.748988818E-02 +5.316953862E-01
7.23571428571E+09 +5.632772037E-03 +6.728523061E-03 -5.316505815E-01 +1.320420100E-01 +1.643444774E-01 +4.967163796E-01
7.24642857143E+09 +8.633167800E-03 -2.209500962E-03 -3.197646536E-01 +3.848335321E-01 +3.266885949E-01 +4.043415018E-01
7.25714285714E+09 +1.756495610E-03 -8.959359337E-03 +1.307544368E-02 +4.469569511E-01 +4.381488919E-01 +2.767663013E-01
7.26785714286E+09 -7.552774862E-03 -5.378758930E-03 +3.118103216E-01 +2.850922408E-01 +5.015986306E-01 +1.134480761E-01
7.27857142857E+09 -8.171844432E-03 +4.783893176E-03 +4.443403536E-01 -1.967210006E-02 +4.876520384E-01 -5.731625249E-02
7.28928571429E+09 +1.076753161E-03 +9.702333090E-03 +3.698754615E-01 -3.304025971E-01 +3.913336365E-01 -2.112465119E-01
7.30000000000E+09 +9.626644589E-03 +3.100470893E-03 +1.352239973E-01 -5.281672812E-01 +2.394624518E-01 -3.097068787E-01
7.31071428571E+09 +6.941367754E-03 -8.011850456E-03 -1.633738328E-01 -5.473406854E-01 +4.237678548E-02 -3.379569020E-01
7.32142857143E+09 -5.026548598E-03 -9.863062491E-03 -4.137837718E-01 -3.830679400E-01 -1.554968519E-01 -2.719091578E-01
7.33214285714E+09 -1.135782461E-02 +1.173196577E-03 -5.148350393E-01 -9.352458234E-02 -3.104705773E-01 -1.261558634E-01
7.34285714286E+09 -2.931063687E-03 +1.124973369E-02 -4.134028004E-01 +2.065215924E-01 -3.565552363E-01 +7.644277930E-02
7.35357142857E+09 +9.230845752E-03 +6.581755457E-03 -1.422031695E-01 +3.843047800E-01 -3.219092809E-01 +2.502466212E-01
7.36428571429E+09 +9.191808089E-03 -5.783701635E-03 +1.813446645E-01 +3.574269841E-01 -2.112483646E-01 +3.879841319E-01
7.37500000000E+09 -1.487587044E-03 -1.023958435E-02 +4.161284645E-01 +1.441247332E-01 -5.874190094E-02 +4.725467485E-01
7.38571428571E+09 -9.333767111E-03 -2.883084476E-03 +4.721454732E-01 -1.560220373E-01 +1.225684359E-01 +4.885101333E-01
7.39642857143E+09 -6.562786499E-03 +6.869689442E-03 +3.410156540E-01 -4.188223817E-01 +2.849542200E-01 +4.439856613E-01
7.40714285714E+09 +3.138281959E-03 +8.935592905E-03 +8.387931342E-02 -5.453784336E-01 +4.155810990E-01 +3.530537966E-01
7.41785714286E+09 +9.781202301E-03 +1.159668334E-03 -1.961268817E-01 -4.898879689E-01 +4.769664805E-01 +2.254828850E-01
7.42857142857E+09 +5.631770289E-03 -8.690888528E-03 -3.878550100E-01 -2.738260566E-01 +5.103158815E-01 +7.859416615E-02
7.43928571429E+09 -6.025973342E-03 -9.344213573E-03 -4.125333906E-01 +1.810108932E-02 +4.677318927E-01 -7.364406470E-02
7.45000000000E+09 -1.183957312E-02 +1.985171282E-03 -2.588278391E-01 +2.691145709E-01 +3.697541955E-01 -2.025684914E-01
7.46071428571E+09 -2.665104015E-03 +1.262661777E-02 +1.006983737E-02 +3.807336125E-01 +2.039546980E-01 -2.970625097E-01
7.47142857143E+09 +1.153167231E-02 +7.503449514E-03 +2.855422015E-01 +3.147996286E-01 +4.592530379E-02 -3.080057899E-01
7.48214285714E+09 +1.147624439E-02 -8.578369049E-03 +4.627343166E-01 +1.054888826E-01 -1.157153123E-01 -2.551479856E-01
7.49285714286E+09 -4.353441687E-03 -1.400428860E-02 +4.769036034E-01 -1.614366564E-01 -2.304404897E-01 -1.157120129E-01
7.50357142857E+09 -1.460318278E-02 -4.868957541E-04 +3.247863570E-01 -3.784565388E-01 -2.734106267E-01 +5.711862059E-02
7.51428571429E+09 -5.141845019E-03 +1.326655053E-02 +6.856614764E-02 -4.549606903E-01 -2.345473109E-01 +2.319181482E-01
7.52500000000E+09 +1.004271300E-02 +9.094229198E-03 -1.846233153E-01 -3.569919177E-01 -1.235855767E-01 +3.546541966E-01
7.53571428571E+09 +1.141819558E-02 -5.716121901E-03 -3.296219223E-01 -1.249709668E-01 +2.032912860E-02 +4.311513115E-01
7.54642857143E+09 -8.365929520E-04 -1.199943871E-02 -3.109186336E-01 +1.458107905E-01 +1.684291043E-01 +4.504344852E-01
7.55714285714E+09 -1.072287997E-02 -3.929280444E-03 -1.434512071E-01 +3.510740642E-01 +3.068854730E-01 +4.060511532E-01
7.56785714286E+09 -7.782775497E-03 +7.839206586E-03 +1.031925328E-01 +4.201953344E-01 +4.064708140E-01 +3.186165285E-01
7.57857142857E+09 +3.676610280E-03 +1.027722065E-02 +3.369445330E-01 +3.354062940E-01 +4.792482792E-01 +1.922496853E-01
7.58928571429E+09 +1.089590689E-02 +1.150396032E-03 +4.725598701E-01 +1.301486757E-01 +5.111857995E-01 +5.356622174E-02
7.60000000000E+09 +5.844398233E-03 -9.670168176E-03 +4.559794125E-01 -1.191546619E-01 +4.959578205E-01 -8.948645058E-02
7.61071428571E+09 -6.824630839E-03 -9.540328497E-03 +2.852305629E-01 -3.139753112E-01 +4.245001717E-01 -2.425379479E-01
7.62142857143E+09 -1.185485213E-02 +2.638206052E-03 +2.191760412E-02 -3.684615980E-01 +3.059749157E-01 -3.225004752E-01
7.63214285714E+09 -1.905951300E-03 +1.232543591E-02 -2.281016643E-01 -2.529822592E-01 +1.489673257E-01 -3.604085018E-01
7.64285714286E+09 +1.102420599E-02 +6.149337491E-03 -3.628287989E-01 -1.226639692E-02 -1.981635027E-02 -3.249744226E-01
7.65357142857E+09 +9.495622029E-03 -8.240621329E-03 -3.327394647E-01 +2.567900662E-01 -1.749325179E-01 -2.091063708E-01
7.66428571429E+09 -4.483448530E-03 -1.145868157E-02 -1.562440754E-01 +4.518839415E-01 -2.582095600E-01 -2.429339052E-02
7.67500000000E+09 -1.176737015E-02 +3.116176942E-04 +9.617548749E-02 +5.043066792E-01 -2.561841427E-01 +1.709248491E-01
7.68571428571E+09 -3.613609306E-03 +1.051989185E-02 +3.306231557E-01 +3.942690353E-01 -1.640653346E-01 +3.269624224E-01
7.69642857143E+09 +7.819541764E-03 +6.653474011E-03 +4.545097045E-01 +1.576639744E-01 -6.132314281E-03 +4.284937684E-01
7.70714285714E+09 +8.490661777E-03 -4.370377123E-03 +4.087417856E-01 -1.179865249E-01 +1.671090188E-01 +4.302099899E-01
7.71785714286E+09 -4.097573340E-04 -8.685420666E-03 +1.986623349E-01 -3.191036756E-01 +3.463824859E-01 +3.752079930E-01
7.72857142857E+09 -7.360083905E-03 -3.070833062E-03 -9.519598247E-02 -3.572345863E-01 +4.826516936E-01 +2.632287199E-01
7.73928571429E+09 -5.632143365E-03 +4.746951919E-03 -3.537556817E-01 -2.169183164E-01 +5.733382925E-01 +1.206721548E-01
7.75000000000E+09 +1.468045691E-03 +6.786312864E-03 -4.790562786E-01 +4.106531603E-02 +5.976638558E-01 -3.414344070E-02
7.76071428571E+09 +6.441738154E-03 +1.945156310E-03 -4.316313058E-01 +3.157933424E-01 +5.596176556E-01 -1.680085690E-01
7.77142857143E+09 +4.809089821E-03 -4.785134522E-03 -2.338241522E-01 +5.070503228E-01 +4.618509340E-01 -3.061706177E-01
7.78214285714E+09 -2.173220292E-03 -6.743444428E-03 +4.277661214E-02 +5.431075658E-01 +3.068070000E-01 -4.013275043E-01
7.79285714286E+09 -7.526091522E-03 -9.432453906E-04 +2.947522029E-01 +4.012335866E-01 +1.283273230E-01 -4.320862520E-01
7.80357142857E+09 -3.997192011E-03 +7.078476321E-03 +4.160787274E-01 +1.242210639E-01 -8.076116033E-02 -3.809678475E-01
7.81428571429E+09 +5.480778155E-03 +6.566426565E-03 +3.443224378E-01 -1.794497743E-01 -2.506445454E-01 -2.444594767E-01
7.82500000000E+09 +8.084239351E-03 -3.135319561E-03 +1.032876943E-01 -3.804065305E-01 -3.260021013E-01 -4.138100702E-02
7.83571428571E+09 -3.145120827E-04 -8.336306004E-03 -2.037949718E-01 -3.965806340E-01 -2.719699041E-01 +1.700223859E-01
7.84642857143E+09 -7.218017556E-03 -2.489022428E-03 -4.505397174E-01 -2.308187633E-01 -1.147702910E-01 +3.393370313E-01
7.85714285714E+09 -4.581086337E-03 +5.103188493E-03 -5.442111854E-01 +4.215492296E-02 +8.169668531E-02 +4.298407608E-01
7.86785714286E+09 +2.456133837E-03 +5.695274130E-03 -4.530064596E-01 +3.136514253E-01 +2.854223982E-01 +4.272531112E-01
7.87857142857E+09 +5.812356628E-03 +3.774925980E-04 -2.104319077E-01 +4.762734467E-01 +4.742735522E-01 +3.310672293E-01
7.88928571429E+09 +2.799833215E-03 -4.645610510E-03 +9.269684230E-02 +4.582773630E-01 +5.713355088E-01 +2.202801898E-01
7.90000000000E+09 -2.642995903E-03 -4.452902322E-03 +3.328915526E-01 +2.540270496E-01 +6.018979199E-01 +5.992073484E-02
7.91071428571E+09 -5.037096465E-03 +2.649241076E-04 +4.046666372E-01 -5.889274335E-02 +5.888394953E-01 -1.109522521E-01
7.92142857143E+09 -2.207252505E-03 +4.587785492E-03 +2.780150886E-01 -3.507004068E-01 +5.177895154E-01 -2.363572357E-01
7.93214285714E+09 +2.972660795E-03 +4.147505180E-03 +1.161231147E-02 -5.061973447E-01 +3.834645688E-01 -4.056698958E-01
7.94285714286E+09 +5.307815173E-03 -6.685784775E-04 -2.832949746E-01 -4.753653514E-01 +2.349217706E-01 -5.042785886E-01
7.95357142857E+09 +1.956565528E-03 -5.429772471E-03 -4.962107851E-01 -2.811664116E-01 +6.019377694E-02 -5.140618689E-01
7.96428571429E+09 -4.377137333E-03 -4.528654007E-03 -5.510579656E-01 +8.082841335E-04 -1.039260771E-01 -4.772894861E-01
7.97500000000E+09 -6.470789443E-03 +2.681204598E-03 -4.240067308E-01 +2.660911754E-01 -2.417489810E-01 -2.764068135E-01
7.98571428571E+09 +2.741103409E-04 +7.528050219E-03 -1.540268342E-01 +4.091195731E-01 -2.861808730E-01 -6.094517546E-02
7.99642857143E+09 +7.406714132E-03 +2.243936623E-03 +1.581041139E-01 +3.614712991E-01 -2.228232124E-01 +1.749611113E-01
8.00714285714E+09 +4.403970298E-03 -6.140440510E-03 +3.818688826E-01 +1.332941099E-01 -5.247018328E-02 +3.441035464E-01
8.01785714286E+09 -4.057581711E-03 -5.844952587E-03 +4.221926632E-01 -1.788230604E-01 +1.427686116E-01 +3.964769110E-01
8.02857142857E+09 -6.354509348E-03 +1.394652010E-03 +2.702891838E-01 -4.419170490E-01 +3.214985772E-01 +3.619866718E-01
8.03928571429E+09 -1.296519559E-03 +5.829071096E-03 +5.550355714E-04 -5.533711769E-01 +4.461611817E-01 +2.455528740E-01
8.05000000000E+09 +4.264202324E-03 +3.584958157E-03 -2.742859895E-01 -4.792439614E-01 +5.354331805E-01 +6.407404903E-02
8.06071428571E+09 +5.081699500E-03 -1.966990984E-03 -4.484046817E-01 -2.532231519E-01 +5.533970303E-01 -1.051351850E-01
8.07142857143E+09 +6.169118641E-04 -5.421866459E-03 -4.520296953E-01 +3.934159897E-02 +5.413826803E-01 -2.721604037E-01
8.08214285714E+09 -4.814192745E-03 -3.221212844E-03 -2.741289090E-01 +2.842651009E-01 +4.625946001E-01 -3.906821272E-01
8.09285714286E+09 -5.347678224E-03 +3.062062395E-03 +2.257703254E-02 +3.753000560E-01 +3.585938799E-01 -4.834097688E-01
8.10357142857E+09 +5.725519716E-04 +6.630402856E-03 +3.137891812E-01 +2.672736740E-01 +2.041748970E-01 -5.235190383E-01
8.11428571429E+09 +6.717166956E-03 +2.233813739E-03 +4.738500697E-01 +1.043065705E-02 +3.842387081E-02 -4.868649380E-01
8.12500000000E+09 +4.892161429E-03 -5.702345670E-03 +4.441782305E-01 -2.780542986E-01 -1.188832333E-01 -3.831676820E-01
8.13571428571E+09 -3.760165116E-03 -6.940077958E-03 +2.533212839E-01 -4.806628685E-01 -2.536863464E-01 -2.263809342E-01
8.14642857143E+09 -8.106228231E-03 +1.164892271E-03 -1.438869849E-02 -5.285338787E-01 -2.910727692E-01 -2.445196449E-02
8.15714285714E+09 -1.781089224E-03 +8.217007348E-03 -2.602152692E-01 -4.125426151E-01 -2.134401821E-01 +1.514223602E-01
8.16785714286E+09 +7.158871040E-03 +4.514021708E-03 -3.996247172E-01 -1.735544240E-01 -7.427606722E-02 +2.605780678E-01
8.17857142857E+09 +6.694209280E-03 -5.159648878E-03 -3.807401845E-01 +1.090760637E-01 +1.127636059E-01 +2.852544408E-01
8.18928571429E+09 -2.330505236E-03 -7.885214319E-03 -2.012611550E-01 +3.349854160E-01 +2.776377610E-01 +2.344818400E-01
8.20000000000E+09 -7.953191961E-03 -6.500547470E-04 +7.738265826E-02 +4.138367930E-01 +4.217052787E-01 +1.366329554E-01
8.21071428571E+09 -3.494538361E-03 +6.842394862E-03 +3.438070040E-01 +3.100161349E-01 +5.067153735E-01 -4.452394781E-04
8.22142857143E+09 +4.719963090E-03 +5.601035991E-03 +4.852204228E-01 +6.910164510E-02 +5.248427202E-01 -1.301176401E-01
8.23214285714E+09 +6.850020308E-03 -1.883906313E-03 +4.461063883E-01 -2.011982140E-01 +4.726250823E-01 -2.670833839E-01
8.24285714286E+09 +1.101494206E-03 -6.733385131E-03 +2.519595094E-01 -3.883803845E-01 +4.016406842E-01 -3.492463905E-01
8.25357142857E+09 -5.518386093E-03 -3.824310376E-03 -1.459752627E-02 -4.249133930E-01 +2.833758824E-01 -4.378960684E-01
8.26428571429E+09 -5.910762661E-03 +3.380120409E-03 -2.560430554E-01 -3.022326275E-01 +1.404256936E-01 -4.732314113E-01
8.27500000000E+09 +6.797511367E-04 +7.102950053E-03 -3.895879662E-01 -6.348280492E-02 -2.522078690E-02 -4.765822182E-01
8.28571428571E+09 +7.217577993E-03 +2.273284058E-03 -3.665308566E-01 +2.121213286E-01 -1.496351253E-01 -4.259819484E-01
8.29642857143E+09 +5.084816918E-03 -6.256501310E-03 -1.870647467E-01 +4.266372668E-01 -2.329387866E-01 -3.159696642E-01
8.30714285714E+09 -4.400608417E-03 -7.290583584E-03 +8.809490086E-02 +4.910332739E-01 -2.651142859E-01 -1.586547662E-01
8.31785714286E+09 -8.429238724E-03 +2.098335582E-03 +3.467962828E-01 +3.698241514E-01 -2.226842086E-01 +5.059381925E-03
8.32857142857E+09 -4.846235354E-04 +8.419405711E-03 +4.744702746E-01 +1.107952483E-01 -9.473463111E-02 +1.526937941E-01
8.33928571429E+09 +7.274960889E-03 +2.812990749E-03 +4.166088195E-01 -1.737281414E-01 +7.665912966E-02 +2.391580319E-01
8.35000000000E+09 +4.584238853E-03 -5.240137620E-03 +2.033489105E-01 -3.696399910E-01 +2.478137795E-01 +2.420687849E-01
8.36071428571E+09 -2.724875152E-03 -5.504334327E-03 -8.090299619E-02 -4.111715855E-01 +3.809683103E-01 +1.651828414E-01
8.37142857143E+09 -5.458927596E-03 +2.664488248E-04 -3.389879990E-01 -2.904263885E-01 +4.575581020E-01 +4.130798916E-02
8.38214285714E+09 -2.003241063E-03 +4.650230467E-03 -4.864074779E-01 -4.764397320E-02 +4.737930694E-01 -1.293520441E-01
8.39285714286E+09 +3.134672689E-03 +3.607629166E-03 -4.674481605E-01 +2.383712439E-01 +4.387408487E-01 -2.911881788E-01
8.40357142857E+09 +4.483401964E-03 -1.184713829E-03 -2.749649794E-01 +4.602146360E-01 +3.719330938E-01 -4.395154906E-01
8.41428571429E+09 +8.362204654E-04 -4.485663381E-03 +2.465772870E-02 +5.136711498E-01 +2.720094617E-01 -5.167399461E-01
8.42500000000E+09 -3.646350488E-03 -2.592653473E-03 +2.988240952E-01 +3.586504675E-01 +1.224826954E-01 -5.741979907E-01
8.43571428571E+09 -3.877258799E-03 +2.164212279E-03 +4.171488552E-01 +6.142953056E-02 -1.259985225E-02 -5.749814899E-01
8.44642857143E+09 +3.134031759E-04 +4.403409436E-03 +3.330858118E-01 -2.439867903E-01 -1.358080389E-01 -5.006728034E-01
8.45714285714E+09 +4.060366469E-03 +1.681679812E-03 +9.542895749E-02 -4.390752853E-01 -2.476656755E-01 -3.225953464E-01
8.46785714286E+09 +3.239938182E-03 -3.017407830E-03 -1.997547746E-01 -4.667439400E-01 -3.150079763E-01 -1.474437388E-01
8.47857142857E+09 -1.475563435E-03 -4.234300739E-03 -4.539147706E-01 -3.283768414E-01 -2.884746940E-01 +7.382428288E-02
8.48928571429E+09 -4.445896134E-03 -1.708946336E-04 -5.826538122E-01 -6.897007106E-02 -1.775520205E-01 +2.412578092E-01
8.50000000000E+09 -1.641664523E-03 +4.043518446E-03 -5.293119847E-01 +2.248245269E-01 +3.655437033E-02 +2.857498810E-01

[Channel0\Trace0\Marker0]
Enabled=1
Position=0.266666666666667

[Channel0\Trace1]
ReferencePosition[0]=1

[Channel0\Trace1\Marker0]
Enabled=1
Position=0.266666666666667

[Channel0\Trace2]
SPort=0
FormatType=2

[Channel0\Trace2\Marker0]
Enabled=1
Position=0.266666666666667

[Channel0\Trace3]
SPort=0
FormatType=2

[Channel0\Trace3\Marker0]
Enabled=1
Position=0.266666666666667

