[Channel0]
TraceLayout=1
Points=701
FrequencyStart=1000000000
FixedPower[0]=5
FixedPower[1]=5
IFBW=1000
ActiveTraceIndex=1
TraceCount=4

[Channel0\Trace0\Marker0]
Enabled=1
Position=0.266666666666667

[Channel0\Trace1]
ReferencePosition[0]=1

[Channel0\Trace1\Marker0]
Enabled=1
Position=0.266666666666667

[Channel0\Trace2]
SPort=0
FormatType=2

[Channel0\Trace2\Marker0]
Enabled=1
Position=0.266666666666667

[Channel0\Trace3]
SPort=0
FormatType=2

[Channel0\Trace3\Marker0]
Enabled=1
Position=0.266666666666667

