[NWA State]
TriggerSource=3

[Channel0]
Points=501
FrequencyStart=2000000000
FrequencyStop=7000000000
FixedPower[0]=5
FixedPower[1]=5
IFBW=1000
CorrectionEnabled=1
TraceCount=4

[Channel0\Correction\11]
Calyyyymmdd=2022/04/09
Calhhmmss=14:00:50
VNATemperature=35 °C
Type=3
KitLabel=ACM2509.2
KitDescription=AutoCal Module 20 kHz-9 GHz (CMT), SN: 19039185, Char: Factory, 29.9°C, ThermoComp: ON
CalIFBW=1 kHz
CalPower=5 dBm
CalPorts[0]=0
CalPorts[1]=0

[Channel0\Correction\11\Data]
2.00000000000E+09 +5.717586953E-02 +1.668904842E-01 -2.321030099E-02 +2.168230043E-02 -1.687348931E-01 +5.440912406E-02
2.01000000000E+09 +1.763332542E-01 -1.274151305E-02 +7.662377058E-03 -9.529711267E-03 -1.599710836E-01 +1.749849561E-02
2.02000000000E+09 +3.298302715E-02 -1.715730224E-01 -1.643016243E-02 -3.707369477E-02 -1.819099052E-01 -8.019660589E-03
2.03000000000E+09 -1.540980461E-01 -7.709464689E-02 -4.720555239E-02 -1.013542414E-02 -2.093741335E-01 -8.004106816E-03
2.04000000000E+09 -1.152745364E-01 +1.257910200E-01 -2.348981119E-02 +3.719284869E-02 -2.252303093E-01 +4.308874665E-03
2.05000000000E+09 +8.859826250E-02 +1.443988715E-01 +3.911751701E-02 +3.502425431E-02 -2.339773223E-01 +1.815163011E-02
2.06000000000E+09 +1.620692868E-01 -4.468007575E-02 +6.749694717E-02 -2.327726082E-02 -2.405614307E-01 +3.757487691E-02
2.07000000000E+09 +2.810528289E-03 -1.678405028E-01 +3.215480986E-02 -7.084090354E-02 -2.335911142E-01 +6.416334497E-02
2.08000000000E+09 -1.615806820E-01 -4.984916245E-02 -1.536599905E-02 -6.007158797E-02 -2.064323600E-01 +8.055904041E-02
2.09000000000E+09 -9.232530404E-02 +1.440677411E-01 -1.705102920E-02 -2.375995280E-02 -1.736003047E-01 +6.868631564E-02
2.10000000000E+09 +1.154572745E-01 +1.269483584E-01 +1.058506178E-02 -2.383967984E-02 -1.623765053E-01 +3.690953170E-02
2.11000000000E+09 +1.515672379E-01 -7.771792411E-02 +3.749453364E-03 -5.610083427E-02 -1.768240972E-01 +1.173613913E-02
2.12000000000E+09 -3.376119457E-02 -1.651918055E-01 -4.589686941E-02 -5.457425511E-02 -1.977977351E-01 +5.837086530E-03
2.13000000000E+09 -1.668174667E-01 -1.187855043E-02 -7.195764223E-02 +6.746895452E-03 -2.122703274E-01 +7.860384800E-03
2.14000000000E+09 -5.580713709E-02 +1.560752023E-01 -2.577184989E-02 +6.823255430E-02 -2.278337598E-01 +1.085965353E-02
2.15000000000E+09 +1.330132006E-01 +9.487542611E-02 +5.064305881E-02 +6.092051570E-02 -2.486253280E-01 +2.268596238E-02
2.16000000000E+09 +1.270011264E-01 -9.971220499E-02 +7.852505553E-02 +6.085060876E-04 -2.609553156E-01 +5.014534522E-02
2.17000000000E+09 -5.916354954E-02 -1.497894256E-01 +4.647944712E-02 -3.800011047E-02 -2.515818696E-01 +7.935437364E-02
2.18000000000E+09 -1.615253283E-01 +1.494747792E-02 +1.627966342E-02 -2.275106825E-02 -2.275003618E-01 +9.325941535E-02
2.19000000000E+09 -3.004867108E-02 +1.604421706E-01 +3.263879826E-02 -1.171500115E-03 -2.076341098E-01 +9.183640305E-02
2.20000000000E+09 +1.469416923E-01 +7.281322348E-02 +5.951661116E-02 -2.626181720E-02 -1.959228435E-01 +8.842763791E-02
2.21000000000E+09 +1.107266145E-01 -1.223963698E-01 +3.535239896E-02 -7.345074398E-02 -1.813760736E-01 +8.581860715E-02
2.22000000000E+09 -8.971547271E-02 -1.403338755E-01 -3.186773370E-02 -7.262402651E-02 -1.629634184E-01 +7.073388708E-02
2.23000000000E+09 -1.590572349E-01 +5.128665308E-02 -6.828924329E-02 -8.749428583E-03 -1.598587498E-01 +3.889676555E-02
2.24000000000E+09 +9.425528426E-03 +1.649355671E-01 -3.536380131E-02 +5.059165083E-02 -1.842315457E-01 +1.008484224E-02
2.25000000000E+09 +1.583429938E-01 +3.353431741E-02 +1.498638080E-02 +5.033115922E-02 -2.211818777E-01 +5.257469800E-03
2.26000000000E+09 +7.401475588E-02 -1.401407981E-01 +2.117699653E-02 +2.330730615E-02 -2.490325845E-01 +2.078900449E-02
2.27000000000E+09 -1.120069038E-01 -1.083943211E-01 +4.982990597E-05 +3.195404038E-02 -2.645222708E-01 +4.362369203E-02
2.28000000000E+09 -1.337176438E-01 +7.529464330E-02 +1.543493249E-02 +7.245265127E-02 -2.749532268E-01 +7.203927630E-02
2.29000000000E+09 +3.251957159E-02 +1.486517269E-01 +7.892946111E-02 +7.798323117E-02 -2.738648805E-01 +1.108326932E-01
2.30000000000E+09 +1.525880848E-01 +1.336351723E-02 +1.258783370E-01 +1.439344509E-02 -2.461550004E-01 +1.499437545E-01
2.31000000000E+09 +5.791279968E-02 -1.460716142E-01 +9.611803715E-02 -6.871745044E-02 -1.935870759E-01 +1.639120519E-01
2.32000000000E+09 -1.295243126E-01 -9.750614642E-02 +1.044136643E-02 -9.243700793E-02 -1.441194975E-01 +1.365336587E-01
2.33000000000E+09 -1.285667334E-01 +1.032530177E-01 -5.015897954E-02 -4.464702788E-02 -1.278422673E-01 +8.525844229E-02
2.34000000000E+09 +6.853123948E-02 +1.495836007E-01 -5.059849738E-02 +7.539255008E-03 -1.438572034E-01 +4.236100986E-02
2.35000000000E+09 +1.593401035E-01 -2.835145118E-02 -3.925238779E-02 +2.216105941E-02 -1.721001611E-01 +1.853043710E-02
2.36000000000E+09 +1.351987403E-02 -1.574161456E-01 -5.489405271E-02 +3.684436543E-02 -2.069852366E-01 +8.521542819E-03
2.37000000000E+09 -1.432039359E-01 -5.404640005E-02 -6.011777428E-02 +9.070723430E-02 -2.500563403E-01 +1.733637331E-02
2.38000000000E+09 -9.068249499E-02 +1.177443567E-01 -3.859276473E-03 +1.464619607E-01 -2.867689652E-01 +5.486879649E-02
2.39000000000E+09 +8.324128476E-02 +1.208271893E-01 +9.112645872E-02 +1.341576052E-01 -2.912369577E-01 +1.104685266E-01
2.40000000000E+09 +1.425190460E-01 -4.303643692E-02 +1.441559603E-01 +4.415362328E-02 -2.590671533E-01 +1.542388776E-01
2.41000000000E+09 -9.445724754E-04 -1.535495998E-01 +1.053392173E-01 -5.417648460E-02 -2.124955598E-01 +1.633100546E-01
2.42000000000E+09 -1.522933449E-01 -4.031619863E-02 +1.467491150E-02 -8.114242038E-02 -1.803508739E-01 +1.451104039E-01
2.43000000000E+09 -7.871370509E-02 +1.386680428E-01 -4.355933387E-02 -4.249662449E-02 -1.660151661E-01 +1.239267063E-01
2.44000000000E+09 +1.142336891E-01 +1.116086606E-01 -5.177433581E-02 -8.350564049E-03 -1.567559362E-01 +1.057210869E-01
2.45000000000E+09 +1.363983659E-01 -8.190254535E-02 -6.323419587E-02 -2.664449423E-03 -1.550219188E-01 +7.972725412E-02
2.46000000000E+09 -4.356402513E-02 -1.504095667E-01 -1.002703222E-01 +2.207076683E-02 -1.765016086E-01 +5.361532800E-02
2.47000000000E+09 -1.527475226E-01 +1.365844995E-03 -1.111184440E-01 +9.271873747E-02 -2.154053267E-01 +5.130651268E-02
2.48000000000E+09 -4.149476504E-02 +1.437930698E-01 -5.143748202E-02 +1.567570970E-01 -2.403294893E-01 +7.713768000E-02
2.49000000000E+09 +1.256727986E-01 +8.128945081E-02 +4.197371240E-02 +1.470561296E-01 -2.373982699E-01 +1.044531274E-01
2.50000000000E+09 +1.145574497E-01 -9.925403179E-02 +8.772729155E-02 +6.815669330E-02 -2.227980811E-01 +1.113608620E-01
2.51000000000E+09 -6.580099552E-02 -1.377323068E-01 +5.505985096E-02 -2.457258996E-03 -2.219587528E-01 +1.072601923E-01
2.52000000000E+09 -1.496961422E-01 +2.656545509E-02 +2.495701504E-03 -1.069070688E-02 -2.316213635E-01 +1.170284241E-01
2.53000000000E+09 -1.533355784E-02 +1.505515689E-01 -8.635510232E-03 +7.060160161E-03 -2.273589301E-01 +1.400285213E-01
2.54000000000E+09 +1.411439537E-01 +5.618103803E-02 +1.216841102E-03 -9.168708156E-03 -2.048355754E-01 +1.520508611E-01
2.55000000000E+09 +9.201847936E-02 -1.213827407E-01 -2.937501185E-02 -4.904559402E-02 -1.867360510E-01 +1.439456551E-01
2.56000000000E+09 -9.190470077E-02 -1.202744206E-01 -1.020288854E-01 -4.482652062E-02 -1.853140709E-01 +1.335277204E-01
2.57000000000E+09 -1.395000909E-01 +5.470711879E-02 -1.457928540E-01 +2.502475119E-02 -1.846915904E-01 +1.349217697E-01
2.58000000000E+09 +1.366050330E-02 +1.496603826E-01 -1.144793389E-01 +9.917476421E-02 -1.695397364E-01 +1.328483048E-01
2.59000000000E+09 +1.492909004E-01 +2.769742588E-02 -4.641261232E-02 +1.124206600E-01 -1.550060144E-01 +1.090570038E-01
2.60000000000E+09 +6.539243444E-02 -1.374077963E-01 -1.261151777E-02 +7.608369188E-02 -1.707392696E-01 +7.745884460E-02
2.61000000000E+09 -1.141890505E-01 -9.784120519E-02 -2.091883004E-02 +5.528883084E-02 -2.114916653E-01 +7.185578695E-02
2.62000000000E+09 -1.234027964E-01 +8.178156216E-02 -1.422632094E-02 +6.694838820E-02 -2.416365888E-01 +9.905795897E-02
2.63000000000E+09 +4.378625058E-02 +1.405451756E-01 +3.106123572E-02 +5.671686063E-02 -2.423925727E-01 +1.315299649E-01
2.64000000000E+09 +1.468812219E-01 -3.638647750E-03 +6.026516580E-02 -1.349629380E-02 -2.307042419E-01 +1.483288515E-01
2.65000000000E+09 +3.609814087E-02 -1.412362448E-01 +1.243440649E-02 -9.575117201E-02 -2.235156449E-01 +1.584990997E-01
2.66000000000E+09 -1.239087562E-01 -7.330522707E-02 -8.634349044E-02 -1.089173261E-01 -2.130027941E-01 +1.752127199E-01
2.67000000000E+09 -1.059005577E-01 +9.761063266E-02 -1.510684783E-01 -4.511815267E-02 -1.834261488E-01 +1.865256137E-01
2.68000000000E+09 +6.462114073E-02 +1.309463208E-01 -1.420201690E-01 +2.671821949E-02 -1.465679786E-01 +1.712282233E-01
2.69000000000E+09 +1.454650258E-01 -2.814815847E-02 -1.017213201E-01 +4.969208399E-02 -1.361893383E-01 +1.312606301E-01
2.70000000000E+09 +1.037119837E-02 -1.481769251E-01 -8.790563576E-02 +4.504360479E-02 -1.619884932E-01 +1.031007762E-01
2.71000000000E+09 -1.391421215E-01 -4.880381320E-02 -8.806283521E-02 +6.565089487E-02 -1.949108242E-01 +1.061043816E-01
2.72000000000E+09 -8.431428145E-02 +1.204003648E-01 -4.741920730E-02 +1.017481373E-01 -2.077733481E-01 +1.228061676E-01
2.73000000000E+09 +9.367779382E-02 +1.131997724E-01 +3.399069944E-02 +8.769902650E-02 -2.081497890E-01 +1.303554319E-01
2.74000000000E+09 +1.327119860E-01 -6.033406188E-02 +8.138882055E-02 +6.128529191E-05 -2.145216842E-01 +1.348097011E-01
2.75000000000E+09 -2.187369783E-02 -1.413892347E-01 +4.103795758E-02 -9.257634384E-02 -2.229936078E-01 +1.529132372E-01
2.76000000000E+09 -1.399590433E-01 -1.885405821E-02 -4.400995537E-02 -1.144302944E-01 -2.124315696E-01 +1.783197251E-01
2.77000000000E+09 -5.829286959E-02 +1.287074024E-01 -9.461567150E-02 -7.420423270E-02 -1.845124691E-01 +1.878650750E-01
2.78000000000E+09 +1.086181686E-01 +9.235292924E-02 -9.207025835E-02 -3.884294974E-02 -1.635410476E-01 +1.737559955E-01
2.79000000000E+09 +1.187958171E-01 -8.009002292E-02 -8.765192172E-02 -3.978586481E-02 -1.661582593E-01 +1.561602551E-01
2.80000000000E+09 -4.490475444E-02 -1.358847025E-01 -1.169729873E-01 -3.409984192E-02 -1.785572133E-01 +1.543953159E-01
2.81000000000E+09 -1.435620256E-01 +5.933985868E-03 -1.394595299E-01 +2.127126881E-02 -1.782353423E-01 +1.594094439E-01
2.82000000000E+09 -3.299674867E-02 +1.412212688E-01 -9.547832398E-02 +9.253321045E-02 -1.708142599E-01 +1.547363813E-01
2.83000000000E+09 +1.282748800E-01 +6.864048670E-02 +1.083792742E-03 +1.019673508E-01 -1.737714412E-01 +1.447716637E-01
2.84000000000E+09 +9.839084313E-02 -1.049166278E-01 +6.648452455E-02 +3.287306236E-02 -1.893226370E-01 +1.487319301E-01
2.85000000000E+09 -7.331520135E-02 -1.213568289E-01 +5.557187526E-02 -4.437539080E-02 -1.947222398E-01 +1.670145238E-01
2.86000000000E+09 -1.359426605E-01 +3.622725605E-02 +1.253086905E-02 -7.037082687E-02 -1.821195174E-01 +1.807078975E-01
2.87000000000E+09 -2.695639740E-03 +1.407780437E-01 -4.029974427E-03 -6.543200460E-02 -1.666278569E-01 +1.766183266E-01
2.88000000000E+09 +1.347168639E-01 +4.103760199E-02 -2.305398254E-03 -8.222516276E-02 -1.642333997E-01 +1.659369492E-01
2.89000000000E+09 +7.589709017E-02 -1.182832020E-01 -3.544294053E-02 -1.169964325E-01 -1.705958445E-01 +1.613636996E-01
2.90000000000E+09 -9.328123584E-02 -1.056780342E-01 -1.092427124E-01 -1.082611029E-01 -1.720064232E-01 +1.603215763E-01
2.91000000000E+09 -1.275034939E-01 +6.198985101E-02 -1.559550676E-01 -2.748803833E-02 -1.720214664E-01 +1.543835020E-01
2.92000000000E+09 +2.664555766E-02 +1.390886881E-01 -1.164808395E-01 +6.618301539E-02 -1.839403400E-01 +1.503921211E-01
2.93000000000E+09 +1.390321233E-01 +1.034327884E-02 -2.401824724E-02 +9.089493091E-02 -2.046837816E-01 +1.639255861E-01
2.94000000000E+09 +4.707656953E-02 -1.285978137E-01 +3.689344705E-02 +4.629980732E-02 -2.117316368E-01 +1.944041443E-01
2.95000000000E+09 -1.086348489E-01 -8.098746443E-02 +4.000468259E-02 +8.107093551E-04 -1.935214001E-01 +2.226135861E-01
2.96000000000E+09 -1.090874176E-01 +8.115175970E-02 +3.266609932E-02 -8.411093854E-03 -1.600441864E-01 +2.317841733E-01
2.97000000000E+09 +4.768733138E-02 +1.287555282E-01 +5.337267518E-02 -1.559861383E-02 -1.296813952E-01 +2.220646386E-01
2.98000000000E+09 +1.387594373E-01 -1.111615227E-02 +7.153091904E-02 -6.305825846E-02 -1.089360747E-01 +1.991588262E-01
2.99000000000E+09 +2.638790157E-02 -1.390711070E-01 +3.209180684E-02 -1.248350604E-01 -9.935485805E-02 +1.651191038E-01
3.00000000000E+09 -1.255015343E-01 -6.868519883E-02 -4.739007147E-02 -1.326677761E-01 -1.121018710E-01 +1.251373174E-01
3.01000000000E+09 -9.707287468E-02 +1.035954779E-01 -1.078600221E-01 -6.620852481E-02 -1.559012322E-01 +1.009513242E-01
3.02000000000E+09 +7.332815332E-02 +1.165726216E-01 -9.287095403E-02 +1.179560954E-02 -2.135039970E-01 +1.156456591E-01
3.03000000000E+09 +1.273495465E-01 -3.748399908E-02 -4.320386203E-02 +3.777612597E-02 -2.492001765E-01 +1.645730820E-01
3.04000000000E+09 +1.158321682E-03 -1.288089514E-01 -2.083410002E-02 +2.867349541E-02 -2.459049806E-01 +2.232286307E-01
3.05000000000E+09 -1.210858804E-01 -3.879364559E-02 -2.329476463E-02 +3.875914281E-02 -2.109455165E-01 +2.682442572E-01
3.06000000000E+09 -7.300579525E-02 +1.045436214E-01 +7.196586928E-04 +7.376963472E-02 -1.591219027E-01 +2.911263823E-01
3.07000000000E+09 +8.093145390E-02 +1.019796614E-01 +6.866891911E-02 +7.917413596E-02 -9.940913150E-02 +2.862934799E-01
3.08000000000E+09 +1.246384800E-01 -5.182211459E-02 +1.263622091E-01 +1.598538956E-02 -4.509986280E-02 +2.457363251E-01
3.09000000000E+09 -2.034518238E-02 -1.387742093E-01 +1.089531185E-01 -7.604333453E-02 -2.392732801E-02 +1.721872236E-01
3.10000000000E+09 -1.425843319E-01 -1.165917204E-02 +2.818273654E-02 -1.151816239E-01 -6.109467075E-02 +9.902523801E-02
3.11000000000E+09 -4.209162354E-02 +1.346490938E-01 -3.745946324E-02 -8.365318829E-02 -1.418015064E-01 +7.118915914E-02
3.12000000000E+09 +1.160971343E-01 +7.093170041E-02 -5.323937248E-02 -4.210865234E-02 -2.150364582E-01 +1.003507620E-01
3.13000000000E+09 +9.543392121E-02 -8.868451463E-02 -6.110556912E-02 -2.505085135E-02 -2.497182362E-01 +1.599173408E-01
3.14000000000E+09 -5.509722331E-02 -1.131856612E-01 -8.977763529E-02 +1.946523555E-03 -2.465936386E-01 +2.220661316E-01
3.15000000000E+09 -1.219212561E-01 +1.731917668E-02 -1.025432640E-01 +7.104644189E-02 -2.156264765E-01 +2.753656593E-01
3.16000000000E+09 -2.205828293E-02 +1.211917986E-01 -4.987297155E-02 +1.485550379E-01 -1.603289661E-01 +3.100297795E-01
3.17000000000E+09 +1.111489393E-01 +6.048304330E-02 +5.663037351E-02 +1.646018720E-01 -9.021425975E-02 +3.072174708E-01
3.18000000000E+09 +9.430049535E-02 -9.358994656E-02 +1.423955566E-01 +9.193439079E-02 -3.325157557E-02 +2.580215130E-01
3.19000000000E+09 -6.999683538E-02 -1.204618146E-01 +1.418440216E-01 -1.482501766E-02 -2.666389731E-02 +1.822930044E-01
3.20000000000E+09 -1.358738089E-01 +4.138003004E-02 +7.427245953E-02 -7.246395730E-02 -7.381697526E-02 +1.277708860E-01
3.21000000000E+09 +8.492067935E-03 +1.403448632E-01 +1.390872502E-02 -7.078061458E-02 -1.339014134E-01 +1.216146395E-01
3.22000000000E+09 +1.343809756E-01 +2.616383157E-02 -1.942822535E-02 -6.199379717E-02 -1.712175775E-01 +1.479042088E-01
3.23000000000E+09 +5.920081925E-02 -1.191800287E-01 -6.440949152E-02 -5.852510190E-02 -1.855754460E-01 +1.810045057E-01
3.24000000000E+09 -9.500402225E-02 -8.762891060E-02 -1.267996332E-01 -1.701919554E-02 -1.863096174E-01 +2.164469588E-01
3.25000000000E+09 -1.096826736E-01 +6.361499076E-02 -1.507034720E-01 +7.899667680E-02 -1.696130555E-01 +2.521190975E-01
3.26000000000E+09 +2.708277639E-02 +1.238863492E-01 -9.092285399E-02 +1.739891606E-01 -1.308829884E-01 +2.707963123E-01
3.27000000000E+09 +1.296949828E-01 +1.063721134E-02 +2.250650704E-02 +1.936331877E-01 -8.939820871E-02 +2.571235095E-01
3.28000000000E+09 +4.656951002E-02 -1.264059268E-01 +1.051617963E-01 +1.247878719E-01 -7.659573691E-02 +2.180602676E-01
3.29000000000E+09 -1.131101056E-01 -7.753671850E-02 +1.053909972E-01 +3.604225874E-02 -9.999463984E-02 +1.900708348E-01
3.30000000000E+09 -1.027302120E-01 +9.018890610E-02 +6.251229763E-02 -5.482743939E-03 -1.267623282E-01 +1.961194671E-01
3.31000000000E+09 +5.973319418E-02 +1.210785434E-01 +3.635531643E-02 -1.556927174E-02 -1.290706402E-01 +2.192967301E-01
3.32000000000E+09 +1.315427857E-01 -2.504618605E-02 +1.844457732E-02 -4.095187149E-02 -1.141979347E-01 +2.301815504E-01
3.33000000000E+09 +1.101612150E-02 -1.321426960E-01 -3.634029087E-02 -7.055858896E-02 -1.030366228E-01 +2.282724838E-01
3.34000000000E+09 -1.228417495E-01 -4.606142516E-02 -1.204441589E-01 -4.751528067E-02 -9.821278176E-02 +2.260964118E-01
3.35000000000E+09 -7.816776720E-02 +1.041430736E-01 -1.658209469E-01 +4.053879519E-02 -8.795646468E-02 +2.239494352E-01
3.36000000000E+09 +7.879585222E-02 +1.046848600E-01 -1.294833443E-01 +1.313196853E-01 -7.847468267E-02 +2.075431753E-01
3.37000000000E+09 +1.234611232E-01 -4.875041535E-02 -4.854238746E-02 +1.572154085E-01 -9.064315382E-02 +1.793660377E-01
3.38000000000E+09 -1.596625961E-02 -1.315861577E-01 +3.270453180E-03 +1.227213946E-01 -1.293105634E-01 +1.716689515E-01
3.39000000000E+09 -1.291163592E-01 -1.832682909E-02 +8.074576946E-03 +9.068628635E-02 -1.614567990E-01 +2.029277830E-01
3.40000000000E+09 -5.233740491E-02 +1.168181992E-01 +1.425388946E-02 +8.603432160E-02 -1.572252963E-01 +2.535218150E-01
3.41000000000E+09 +9.648960562E-02 +8.307514781E-02 +4.730821767E-02 +6.678329112E-02 -1.215069733E-01 +2.841446184E-01
3.42000000000E+09 +1.069974231E-01 -6.957222578E-02 +6.417011105E-02 -6.375453305E-04 -8.183798636E-02 +2.847891463E-01
3.43000000000E+09 -3.800324066E-02 -1.223557815E-01 +1.205580611E-02 -7.678572129E-02 -5.451669811E-02 +2.681596899E-01
3.44000000000E+09 -1.282893226E-01 +2.918301087E-03 -8.842160133E-02 -8.880857506E-02 -3.391722204E-02 +2.467212839E-01
3.45000000000E+09 -3.251749596E-02 +1.251508211E-01 -1.595985661E-01 -2.526110430E-02 -2.282409039E-02 +2.130277513E-01
3.46000000000E+09 +1.134668196E-01 +6.517652862E-02 -1.596201641E-01 +5.225278912E-02 -3.573014136E-02 +1.687614362E-01
3.47000000000E+09 +9.157019090E-02 -9.357935111E-02 -1.237867283E-01 +8.757648500E-02 -8.238084662E-02 +1.423147797E-01
3.48000000000E+09 -6.646562610E-02 -1.106978972E-01 -1.040275886E-01 +9.535358792E-02 -1.361124186E-01 +1.609075658E-01
3.49000000000E+09 -1.219913110E-01 +3.338812481E-02 -9.149204489E-02 +1.187083944E-01 -1.582191401E-01 +2.147138662E-01
3.50000000000E+09 -2.519708967E-03 +1.248584462E-01 -4.240486435E-02 +1.468129690E-01 -1.409349220E-01 +2.640026924E-01
3.51000000000E+09 +1.187965636E-01 +3.752796758E-02 +3.862035555E-02 +1.233062033E-01 -1.057051644E-01 +2.867886416E-01
3.52000000000E+09 +6.890768632E-02 -1.042204745E-01 +8.376638991E-02 +2.959775326E-02 -7.205195183E-02 +2.857387946E-01
3.53000000000E+09 -8.145840996E-02 -9.505463415E-02 +4.151086867E-02 -7.234767623E-02 -4.048077223E-02 +2.755032364E-01
3.54000000000E+09 -1.145093491E-01 +5.248706163E-02 -5.391058001E-02 -1.070041121E-01 -1.432419089E-02 +2.518249106E-01
3.55000000000E+09 +1.971318703E-02 +1.259612152E-01 -1.258624687E-01 -7.214514770E-02 -4.076789768E-03 +2.097521083E-01
3.56000000000E+09 +1.278919779E-01 +1.343012094E-02 -1.460498279E-01 -2.609267960E-02 -2.743620252E-02 +1.682869819E-01
3.57000000000E+09 +4.502988004E-02 -1.202198653E-01 -1.518487931E-01 -3.022717785E-03 -7.418295365E-02 +1.568454811E-01
3.58000000000E+09 -1.028931699E-01 -7.380335058E-02 -1.714534884E-01 +2.630109130E-02 -1.131481052E-01 +1.847662580E-01
3.59000000000E+09 -9.752918567E-02 +7.754568520E-02 -1.708684874E-01 +8.990384652E-02 -1.228574129E-01 +2.273087155E-01
3.60000000000E+09 +4.702999436E-02 +1.140976148E-01 -1.067775349E-01 +1.506173790E-01 -1.089622493E-01 +2.590626239E-01
3.61000000000E+09 +1.223592266E-01 -1.377217972E-02 -2.381582755E-03 +1.421164304E-01 -8.313268254E-02 +2.729387704E-01
3.62000000000E+09 +2.049142069E-02 -1.213270973E-01 +6.360074908E-02 +5.567758620E-02 -5.162202380E-02 +2.786591714E-01
3.63000000000E+09 -1.114176778E-01 -5.348072169E-02 +4.742841158E-02 -4.123832672E-02 -1.898111833E-02 +2.701714575E-01
3.64000000000E+09 -8.293261845E-02 +9.338543290E-02 -1.317743101E-02 -8.588601788E-02 +5.910957602E-03 +2.407108892E-01
3.65000000000E+09 +6.920514937E-02 +1.058841602E-01 -5.827742150E-02 -8.654104785E-02 +5.955107213E-03 +1.970169857E-01
3.66000000000E+09 +1.209025293E-01 -4.057467559E-02 -8.264882668E-02 -8.921738718E-02 -2.363542716E-02 +1.645256812E-01
3.67000000000E+09 -8.794112680E-03 -1.265865982E-01 -1.251792861E-01 -9.715657827E-02 -6.747499996E-02 +1.646527910E-01
3.68000000000E+09 -1.224959886E-01 -2.389438094E-02 -1.870567952E-01 -6.429876864E-02 -1.008513360E-01 +1.913368032E-01
3.69000000000E+09 -5.463799339E-02 +1.095701879E-01 -2.100969957E-01 +2.352191924E-02 -1.127358050E-01 +2.275551732E-01
3.70000000000E+09 +8.896528703E-02 +8.136270720E-02 -1.524637497E-01 +1.083780795E-01 -9.954737626E-02 +2.611678351E-01
3.71000000000E+09 +1.019344045E-01 -6.180899807E-02 -5.036258973E-02 +1.222466880E-01 -6.759584784E-02 +2.882590860E-01
3.72000000000E+09 -3.029431284E-02 -1.153417102E-01 +2.086570237E-02 +6.600527693E-02 -2.498772186E-02 +2.972806814E-01
3.73000000000E+09 -1.205609650E-01 -3.795920261E-03 +3.254191105E-02 -5.009335709E-04 +1.799222160E-02 +2.788353878E-01
3.74000000000E+09 -3.735376005E-02 +1.173149922E-01 +2.030636801E-02 -3.771874473E-02 +4.207235044E-02 +2.333550342E-01
3.75000000000E+09 +1.059158888E-01 +6.787381299E-02 +1.902080045E-02 -6.632711454E-02 +3.395201025E-02 +1.808444641E-01
3.76000000000E+09 +9.282174641E-02 -8.685440835E-02 +7.118198596E-03 -1.169624820E-01 -6.505727876E-03 +1.475138885E-01
3.77000000000E+09 -6.119559497E-02 -1.104772212E-01 -5.493620653E-02 -1.623242320E-01 -6.169442276E-02 +1.460123823E-01
3.78000000000E+09 -1.196144745E-01 +3.097141731E-02 -1.456663742E-01 -1.432835845E-01 -1.057340538E-01 +1.771184940E-01
3.79000000000E+09 -1.775636385E-03 +1.198852324E-01 -1.924348194E-01 -5.719430941E-02 -1.177021815E-01 +2.293242797E-01
3.80000000000E+09 +1.112932430E-01 +3.444293433E-02 -1.608632478E-01 +2.987201675E-02 -9.548587732E-02 +2.836923200E-01
3.81000000000E+09 +6.469153087E-02 -9.500597150E-02 -9.074284027E-02 +6.240731771E-02 -4.583507886E-02 +3.163096348E-01
3.82000000000E+09 -7.151682418E-02 -9.063822803E-02 -3.813712550E-02 +5.008707027E-02 +1.328563885E-02 +3.140630308E-01
3.83000000000E+09 -1.098230109E-01 +4.291607396E-02 -1.058282324E-02 +3.582527491E-02 +6.229803677E-02 +2.746703161E-01
3.84000000000E+09 +1.139697535E-02 +1.211108212E-01 +2.458746870E-02 +2.931777217E-02 +8.155116738E-02 +2.121338888E-01
3.85000000000E+09 +1.235421983E-01 +2.038262646E-02 +7.584637499E-02 -5.637553323E-03 +5.764274021E-02 +1.498086955E-01
3.86000000000E+09 +5.012415930E-02 -1.166457512E-01 +9.594155069E-02 -8.767133764E-02 -3.086248753E-03 +1.137640467E-01
3.87000000000E+09 -1.004833246E-01 -7.548703077E-02 +4.278153720E-02 -1.669705240E-01 -7.420829786E-02 +1.239602698E-01
3.88000000000E+09 -9.506510726E-02 +7.615531018E-02 -5.057113477E-02 -1.781674518E-01 -1.191248300E-01 +1.804821975E-01
3.89000000000E+09 +4.586331814E-02 +1.077297931E-01 -1.126987422E-01 -1.240933017E-01 -1.185548125E-01 +2.548288766E-01
3.90000000000E+09 +1.132659327E-01 -1.216375641E-02 -1.198550338E-01 -6.118587744E-02 -7.376469972E-02 +3.116777189E-01
3.91000000000E+09 +2.273218409E-02 -1.107092851E-01 -1.046297228E-01 -2.238115541E-02 -7.616531053E-03 +3.301949197E-01
3.92000000000E+09 -1.000234468E-01 -5.572681370E-02 -9.450836505E-02 +1.002744690E-02 +5.513521772E-02 +3.035542719E-01
3.93000000000E+09 -8.462591037E-02 +8.219573384E-02 -7.139758827E-02 +5.951562118E-02 +9.451231261E-02 +2.455617026E-01
3.94000000000E+09 +5.874992028E-02 +1.073240111E-01 -1.348638743E-03 +1.028997138E-01 +9.249426150E-02 +1.760640970E-01
3.95000000000E+09 +1.220524401E-01 -3.133675065E-02 +1.004318863E-01 +8.448286022E-02 +4.609157241E-02 +1.207032402E-01
3.96000000000E+09 -2.053805195E-03 -1.269771148E-01 +1.628240547E-01 -7.808764088E-03 -2.700555388E-02 +1.091359299E-01
3.97000000000E+09 -1.216846919E-01 -2.747353347E-02 +1.395493736E-01 -1.101143416E-01 -8.927820441E-02 +1.525632308E-01
3.98000000000E+09 -5.549881930E-02 +1.070794662E-01 +6.545328471E-02 -1.566799508E-01 -1.060134098E-01 +2.280636767E-01
3.99000000000E+09 +8.480452987E-02 +8.076717743E-02 +1.374293843E-04 -1.501288423E-01 -7.098550068E-02 +2.929059530E-01
4.00000000000E+09 +1.006720277E-01 -5.612931060E-02 -4.348718451E-02 -1.280059531E-01 -6.582173638E-03 +3.180443459E-01
4.01000000000E+09 -2.389662018E-02 -1.133754935E-01 -8.704651722E-02 -9.804703395E-02 +5.762202403E-02 +2.954021622E-01
4.02000000000E+09 -1.181238037E-01 -9.884955978E-03 -1.287472195E-01 -3.445911215E-02 +9.742878397E-02 +2.400367183E-01
4.03000000000E+09 -4.269042974E-02 +1.144254252E-01 -1.249911670E-01 +6.792388779E-02 +9.627459823E-02 +1.743177135E-01
4.04000000000E+09 +1.023991228E-01 +7.212296667E-02 -4.207093826E-02 +1.563570304E-01 +5.276725547E-02 +1.239266195E-01
4.05000000000E+09 +9.528675568E-02 -8.266122763E-02 +8.393697940E-02 +1.636593651E-01 -1.497128244E-02 +1.141573705E-01
4.06000000000E+09 -5.658644421E-02 -1.109477190E-01 +1.718955540E-01 +8.803078531E-02 -7.219537717E-02 +1.551564889E-01
4.07000000000E+09 -1.185068428E-01 +2.576696895E-02 +1.844480719E-01 -6.255967367E-03 -8.682877563E-02 +2.270935625E-01
4.08000000000E+09 -8.048908819E-03 +1.179769911E-01 +1.521278390E-01 -7.044774373E-02 -5.043061792E-02 +2.884713701E-01
4.09000000000E+09 +1.089594872E-01 +4.146185584E-02 +1.094934590E-01 -1.102388458E-01 +1.720965681E-02 +3.074824327E-01
4.10000000000E+09 +7.179834782E-02 -9.304748768E-02 +5.142668345E-02 -1.410974475E-01 +8.310538026E-02 +2.762692903E-01
4.11000000000E+09 -7.112168750E-02 -9.708555033E-02 -3.725932316E-02 -1.424256738E-01 +1.153003573E-01 +2.114212288E-01
4.12000000000E+09 -1.151108000E-01 +4.472677975E-02 -1.287820008E-01 -7.601934582E-02 +9.831140393E-02 +1.425477831E-01
4.13000000000E+09 +1.559299111E-02 +1.243071163E-01 -1.572559363E-01 +4.962236562E-02 +3.796857555E-02 +1.006154697E-01
4.14000000000E+09 +1.238507883E-01 +1.395314352E-02 -9.228725680E-02 +1.619148226E-01 -3.645876304E-02 +1.084172969E-01
4.15000000000E+09 +4.251421110E-02 -1.142035511E-01 +1.749716147E-02 +1.968463269E-01 -8.792731407E-02 +1.663234451E-01
4.16000000000E+09 -9.602304171E-02 -6.857671767E-02 +1.022448482E-01 +1.637234192E-01 -9.019885475E-02 +2.470156532E-01
4.17000000000E+09 -9.038290578E-02 +7.046940310E-02 +1.437166631E-01 +1.109683975E-01 -3.936906797E-02 +3.095344231E-01
4.18000000000E+09 +4.005861753E-02 +1.059121602E-01 +1.637997637E-01 +5.832811858E-02 +4.360176129E-02 +3.240216005E-01
4.19000000000E+09 +1.147462466E-01 -7.242435901E-03 +1.672889872E-01 -8.011989743E-03 +1.228176094E-01 +2.821079537E-01
4.20000000000E+09 +2.591484092E-02 -1.158394627E-01 +1.262453044E-01 -8.621797914E-02 +1.597583687E-01 +1.986967787E-01
4.21000000000E+09 -1.091653146E-01 -5.617899547E-02 +2.509118258E-02 -1.302981663E-01 +1.319855428E-01 +1.078352978E-01
4.22000000000E+09 -8.130304554E-02 +9.481183906E-02 -9.181615353E-02 -9.085360818E-02 +4.800880327E-02 +5.571811960E-02
4.23000000000E+09 +7.341949258E-02 +9.944332246E-02 -1.499444106E-01 +1.560796077E-02 -5.066793576E-02 +7.144499348E-02
4.24000000000E+09 +1.101930907E-01 -4.604160780E-02 -1.284187433E-01 +1.172488075E-01 -1.145036291E-01 +1.475529234E-01
4.25000000000E+09 -1.465835126E-02 -1.131759171E-01 -7.134139633E-02 +1.713210726E-01 -1.161742384E-01 +2.450959324E-01
4.26000000000E+09 -1.079778844E-01 -1.816188625E-02 -1.704722318E-02 +1.920698892E-01 -5.780125560E-02 +3.210668087E-01
4.27000000000E+09 -4.929138536E-02 +9.529482015E-02 +3.801141722E-02 +1.996617961E-01 +3.644471383E-02 +3.471482165E-01
4.28000000000E+09 +7.620309202E-02 +7.733961118E-02 +1.056476711E-01 +1.813650399E-01 +1.323336713E-01 +3.130061393E-01
4.29000000000E+09 +9.986847509E-02 -5.164351224E-02 +1.635634653E-01 +1.119542943E-01 +1.910094409E-01 +2.260903752E-01
4.30000000000E+09 -2.451775602E-02 -1.153303049E-01 +1.618298310E-01 +2.970674600E-03 +1.800157993E-01 +1.176138784E-01
4.31000000000E+09 -1.223437643E-01 -3.380832215E-03 +7.895864312E-02 -8.317625157E-02 +9.674646742E-02 +3.644839451E-02
4.32000000000E+09 -3.018405341E-02 +1.195244475E-01 -3.708352886E-02 -9.045596675E-02 -1.874492636E-02 +2.980846964E-02
4.33000000000E+09 +1.068084673E-01 +5.496663497E-02 -1.178498695E-01 -3.340764254E-02 -1.063230778E-01 +1.003821764E-01
4.34000000000E+09 +7.645812461E-02 -8.555445600E-02 -1.494039872E-01 +3.547732767E-02 -1.276016196E-01 +2.041035713E-01
4.35000000000E+09 -5.782873233E-02 -9.282388181E-02 -1.568929809E-01 +9.710952413E-02 -8.329030921E-02 +2.930762892E-01
4.36000000000E+09 -1.027482655E-01 +2.636270373E-02 -1.454161866E-01 +1.630382713E-01 +4.322048470E-03 +3.376452573E-01
4.37000000000E+09 -7.222521444E-03 +1.054897379E-01 -9.392775460E-02 +2.268981959E-01 +1.023098372E-01 +3.268987467E-01
4.38000000000E+09 +1.003823648E-01 +4.019446934E-02 +1.779414009E-03 +2.496233302E-01 +1.770732624E-01 +2.606367441E-01
4.39000000000E+09 +7.014895740E-02 -8.893018585E-02 +1.002312172E-01 +1.964499577E-01 +1.942430454E-01 +1.591215718E-01
4.40000000000E+09 -7.164645415E-02 -9.491849184E-02 +1.380228151E-01 +8.409308361E-02 +1.394349053E-01 +6.251563280E-02
4.41000000000E+09 -1.117133881E-01 +4.957928551E-02 +9.241646816E-02 -2.034573302E-02 +3.711873568E-02 +2.585843787E-02
4.42000000000E+09 +2.346522561E-02 +1.194092592E-01 +6.840034491E-03 -6.661575002E-02 -5.739005159E-02 +6.780342620E-02
4.43000000000E+09 +1.180527913E-01 +5.286625648E-03 -6.958688081E-02 -6.629376143E-02 -9.946770827E-02 +1.536775994E-01
4.44000000000E+09 +3.456479631E-02 -1.082324342E-01 -1.327778077E-01 -4.629761391E-02 -8.038744650E-02 +2.366571222E-01
4.45000000000E+09 -9.111255029E-02 -6.159914945E-02 -1.909053889E-01 -1.968479090E-03 -1.840824206E-02 +2.887151802E-01
4.46000000000E+09 -8.457359969E-02 +6.753768300E-02 -2.218576249E-01 +7.859504570E-02 +5.856201584E-02 +2.982692717E-01
4.47000000000E+09 +3.930528084E-02 +1.012703104E-01 -1.908433385E-01 +1.713337439E-01 +1.264512955E-01 +2.629207257E-01
4.48000000000E+09 +1.114097806E-01 -8.787477678E-03 -9.832227162E-02 +2.212205212E-01 +1.560077613E-01 +1.904951770E-01
4.49000000000E+09 +2.221200351E-02 -1.137745434E-01 +4.246676795E-03 +1.923128226E-01 +1.328376608E-01 +1.104377865E-01
4.50000000000E+09 -1.078007893E-01 -5.056243071E-02 +5.622422290E-02 +1.077549129E-01 +6.583829858E-02 +6.853334631E-02
4.51000000000E+09 -7.480152995E-02 +9.364091218E-02 +4.732652853E-02 +2.595604699E-02 -5.499499031E-03 +8.708156802E-02
4.52000000000E+09 +7.201263159E-02 +9.378113787E-02 +1.372910922E-02 -2.654978950E-02 -4.217291572E-02 +1.427134430E-01
4.53000000000E+09 +1.065171452E-01 -4.467080839E-02 -2.462642764E-02 -6.520695221E-02 -3.454012976E-02 +1.980963259E-01
4.54000000000E+09 -1.424100898E-02 -1.119536514E-01 -8.089813624E-02 -9.464302274E-02 +2.248453844E-03 +2.327150021E-01
4.55000000000E+09 -1.097312240E-01 -1.729322690E-02 -1.561641814E-01 -8.835593469E-02 +4.901851928E-02 +2.408867190E-01
4.56000000000E+09 -4.715152424E-02 +9.979463234E-02 -2.132116952E-01 -2.956531764E-02 +8.988489617E-02 +2.212032120E-01
4.57000000000E+09 +8.354751059E-02 +7.381677113E-02 -2.117217472E-01 +5.233475672E-02 +1.081337868E-01 +1.744792030E-01
4.58000000000E+09 +9.504471705E-02 -6.153781440E-02 -1.555874912E-01 +1.040252224E-01 +9.342147237E-02 +1.220835207E-01
4.59000000000E+09 -3.602279018E-02 -1.087048041E-01 -9.086862005E-02 +1.024660989E-01 +4.635279027E-02 +9.691757329E-02
4.60000000000E+09 -1.142421336E-01 +8.072970324E-03 -5.279847938E-02 +7.422570724E-02 -4.051429042E-03 +1.163822405E-01
4.61000000000E+09 -2.062035709E-02 +1.111770560E-01 -3.056771583E-02 +4.973353995E-02 -2.674238795E-02 +1.621526776E-01
4.62000000000E+09 +1.001910439E-01 +4.819495085E-02 -2.865637596E-03 +2.078001977E-02 -1.261570460E-02 +2.036279456E-01
4.63000000000E+09 +7.223034258E-02 -8.236171291E-02 +1.670640319E-02 -3.415001665E-02 +2.136897761E-02 +2.259158437E-01
4.64000000000E+09 -5.887629576E-02 -9.109266551E-02 -4.873919561E-03 -1.017439866E-01 +5.945138194E-02 +2.279042294E-01
4.65000000000E+09 -1.031474773E-01 +3.138038086E-02 -6.831254183E-02 -1.379595169E-01 +9.112244696E-02 +2.089760994E-01
4.66000000000E+09 +1.730022345E-03 +1.081368231E-01 -1.319531507E-01 -1.201759392E-01 +1.091289178E-01 +1.683912150E-01
4.67000000000E+09 +1.051729385E-01 +2.780381644E-02 -1.574268955E-01 -7.287566737E-02 +1.018662428E-01 +1.201092202E-01
4.68000000000E+09 +5.450421432E-02 -9.504699391E-02 -1.484946409E-01 -3.492797755E-02 +6.329361287E-02 +8.918609305E-02
4.69000000000E+09 -7.807743666E-02 -7.699891380E-02 -1.336329043E-01 -1.347541889E-02 +1.143427255E-02 +9.389908319E-02
4.70000000000E+09 -9.356041340E-02 +5.524623054E-02 -1.183307105E-01 +1.139536530E-02 -2.528720508E-02 +1.291203252E-01
4.71000000000E+09 +2.833647539E-02 +1.034303379E-01 -8.048610048E-02 +4.055348653E-02 -3.093296292E-02 +1.707202762E-01
4.72000000000E+09 +1.058604581E-01 +4.967658091E-04 -1.473050418E-02 +4.295530915E-02 -1.217760820E-02 +2.055644440E-01
4.73000000000E+09 +2.902920830E-02 -1.006006064E-01 +4.446222277E-02 -2.723591222E-03 +1.804314274E-02 +2.267134313E-01
4.74000000000E+09 -8.794135222E-02 -5.519306574E-02 +5.816974052E-02 -7.290137660E-02 +5.441137154E-02 +2.303875082E-01
4.75000000000E+09 -7.745137830E-02 +6.873972759E-02 +2.868035642E-02 -1.225121171E-01 +9.123591960E-02 +2.105364149E-01
4.76000000000E+09 +4.462708788E-02 +9.377305655E-02 -7.866241918E-03 -1.350312096E-01 +1.135042906E-01 +1.701448652E-01
4.77000000000E+09 +1.032734580E-01 -1.779992850E-02 -2.839017019E-02 -1.313997193E-01 +1.059602993E-01 +1.258269566E-01
4.78000000000E+09 +1.012874835E-02 -1.050521528E-01 -4.468934312E-02 -1.308598416E-01 +7.069926537E-02 +9.714502666E-02
4.79000000000E+09 -9.909726838E-02 -3.696139006E-02 -7.240113976E-02 -1.207207786E-01 +2.601237212E-02 +9.273441279E-02
4.80000000000E+09 -6.135071937E-02 +8.569693318E-02 -9.470377841E-02 -8.043340563E-02 -9.850952120E-03 +1.095556865E-01
4.81000000000E+09 +6.630339419E-02 +8.062814270E-02 -8.004395578E-02 -2.129663174E-02 -2.950628335E-02 +1.427066915E-01
4.82000000000E+09 +9.382659703E-02 -4.229902945E-02 -2.467670069E-02 +1.587176879E-02 -3.009406325E-02 +1.869419518E-01
4.83000000000E+09 -1.524178236E-02 -1.001314363E-01 +3.616091280E-02 +1.020327997E-02 -5.251865955E-03 +2.248879116E-01
4.84000000000E+09 -9.910845713E-02 -1.314481490E-02 +7.230154214E-02 -1.856078578E-02 +4.212320367E-02 +2.391010760E-01
4.85000000000E+09 -4.027989559E-02 +9.090726235E-02 +8.904990682E-02 -4.327033986E-02 +9.116821057E-02 +2.218194144E-01
4.86000000000E+09 +7.647262016E-02 +6.443811901E-02 +1.058835568E-01 -6.472457717E-02 +1.175557429E-01 +1.807610735E-01
4.87000000000E+09 +8.353191450E-02 -5.639972159E-02 +1.190137289E-01 -1.010348177E-01 +1.115709085E-01 +1.328993877E-01
4.88000000000E+09 -3.258926974E-02 -9.646829140E-02 +1.025646666E-01 -1.487367862E-01 +8.076137045E-02 +9.464361291E-02
4.89000000000E+09 -1.023793515E-01 +6.107544137E-03 +4.851540106E-02 -1.737970114E-01 +3.753967579E-02 +7.677825698E-02
4.90000000000E+09 -2.045315861E-02 +1.003805823E-01 -1.225579729E-02 -1.495842068E-01 -9.186770367E-03 +8.953838859E-02
4.91000000000E+09 +9.119195370E-02 +4.504404715E-02 -4.026640390E-02 -9.011069540E-02 -4.283964814E-02 +1.343225387E-01
4.92000000000E+09 +6.656831954E-02 -7.516551019E-02 -2.922230888E-02 -3.205297461E-02 -4.220371935E-02 +1.919930106E-01
4.93000000000E+09 -5.335591518E-02 -8.339147772E-02 -7.143256752E-04 +8.493683423E-03 -4.222287713E-04 +2.323111666E-01
4.94000000000E+09 -9.420106287E-02 +2.774487681E-02 +3.414567455E-02 +4.016943905E-02 +5.782315398E-02 +2.354636415E-01
4.95000000000E+09 +3.101999045E-04 +9.835003280E-02 +8.480501246E-02 +6.375650811E-02 +1.009668632E-01 +2.020884952E-01
4.96000000000E+09 +9.523142836E-02 +2.670337410E-02 +1.519155721E-01 +5.774955979E-02 +1.091596905E-01 +1.493940268E-01
4.97000000000E+09 +5.164479721E-02 -8.541162782E-02 +2.053760667E-01 +6.165043882E-03 +8.532190884E-02 +1.003155473E-01
4.98000000000E+09 -6.890862235E-02 -7.277362059E-02 +2.084166308E-01 -6.922247311E-02 +4.020627450E-02 +7.481958514E-02
4.99000000000E+09 -8.776203116E-02 +4.765719936E-02 +1.591905163E-01 -1.223463757E-01 -1.762340468E-02 +8.594415982E-02
5.00000000000E+09 +2.330828437E-02 +9.626985344E-02 +9.330324690E-02 -1.280829716E-01 -6.124355450E-02 +1.374273442E-01
5.01000000000E+09 +9.748966925E-02 +3.184737867E-03 +4.308187158E-02 -1.000430878E-01 -6.018778928E-02 +2.087902221E-01
5.02000000000E+09 +2.969033941E-02 -9.139947657E-02 +1.058637065E-02 -5.995734062E-02 -7.533128385E-03 +2.605969070E-01
5.03000000000E+09 -7.882323389E-02 -5.415067011E-02 -1.165965512E-02 -8.345786826E-03 +7.054618628E-02 +2.636942809E-01
5.04000000000E+09 -7.463792276E-02 +6.079083199E-02 -1.167946504E-02 +6.079100753E-02 +1.295012862E-01 +2.166147553E-01
5.05000000000E+09 +3.869946211E-02 +8.932617292E-02 +3.163117795E-02 +1.292230886E-01 +1.428050986E-01 +1.410360707E-01
5.06000000000E+09 +9.742723119E-02 -1.396289438E-02 +1.121096917E-01 +1.579142936E-01 +1.088614295E-01 +7.054234372E-02
5.07000000000E+09 +1.187892847E-02 -9.768745227E-02 +1.877673515E-01 +1.278357908E-01 +4.052109996E-02 +3.429399918E-02
5.08000000000E+09 -9.044304967E-02 -3.583720241E-02 +2.195160266E-01 +6.361317017E-02 -4.433377711E-02 +5.009075427E-02
5.09000000000E+09 -5.706290648E-02 +7.659959825E-02 +2.069326005E-01 +4.842792263E-03 -1.087853224E-01 +1.197557227E-01
5.10000000000E+09 +5.643615472E-02 +7.397969057E-02 +1.732272702E-01 -3.415499409E-02 -1.146420114E-01 +2.192469017E-01
5.11000000000E+09 +8.531676801E-02 -3.187429664E-02 +1.278258205E-01 -6.054549332E-02 -5.170241558E-02 +2.996971879E-01
5.12000000000E+09 -4.927386993E-03 -9.072430108E-02 +6.315921781E-02 -7.069348935E-02 +5.168153742E-02 +3.215335496E-01
5.13000000000E+09 -8.958981705E-02 -2.230031319E-02 -1.488847313E-02 -4.154278380E-02 +1.432624334E-01 +2.768409129E-01
5.14000000000E+09 -4.751106265E-02 +8.190804678E-02 -7.004082371E-02 +3.878062775E-02 +1.852902431E-01 +1.852066367E-01
5.15000000000E+09 +6.799114451E-02 +6.906433546E-02 -6.324753315E-02 +1.403103349E-01 +1.669100771E-01 +8.708065342E-02
5.16000000000E+09 +8.489698751E-02 -4.852545831E-02 +2.392051360E-03 +2.093008191E-01 +9.597021488E-02 +1.973867481E-02
5.17000000000E+09 -2.576255960E-02 -9.380668695E-02 +8.311372959E-02 +2.194678171E-01 -7.341301927E-03 +9.404544277E-03
5.18000000000E+09 -9.574448562E-02 +9.032122265E-04 +1.421023752E-01 +1.880428036E-01 -1.029030385E-01 +6.476892945E-02
5.19000000000E+09 -2.448185286E-02 +8.988188793E-02 +1.752731598E-01 +1.393853946E-01 -1.416083994E-01 +1.699636834E-01
5.20000000000E+09 +7.725673870E-02 +4.831246794E-02 +1.871489973E-01 +7.710532330E-02 -1.023449353E-01 +2.736252836E-01
5.21000000000E+09 +6.937519664E-02 -5.899469795E-02 +1.644377385E-01 +2.114896565E-03 -4.416156563E-03 +3.268557789E-01
5.22000000000E+09 -3.643229717E-02 -8.547936370E-02 +9.011545603E-02 -6.009234878E-02 +9.776014798E-02 +3.083063560E-01
5.23000000000E+09 -9.534582505E-02 +1.162156860E-02 -2.081911837E-02 -6.584205658E-02 +1.594450591E-01 +2.341451238E-01
5.24000000000E+09 -1.404317456E-02 +9.811010404E-02 -1.132211161E-01 +1.726632528E-03 +1.646100398E-01 +1.416195366E-01
5.25000000000E+09 +9.290755204E-02 +3.859611579E-02 -1.384639850E-01 +1.034574923E-01 +1.174199790E-01 +7.096367551E-02
5.26000000000E+09 +6.008785074E-02 -8.072053795E-02 -1.022941022E-01 +1.815948218E-01 +3.591312824E-02 +4.351661158E-02
5.27000000000E+09 -6.242216819E-02 -7.738632137E-02 -4.539360477E-02 +2.155695672E-01 -5.110023164E-02 +7.055264347E-02
5.28000000000E+09 -8.892845458E-02 +3.890110528E-02 +8.870111428E-03 +2.200084897E-01 -9.894854651E-02 +1.469608201E-01
5.29000000000E+09 +1.224824060E-02 +9.431591711E-02 +6.284199000E-02 +2.023322103E-01 -8.064082198E-02 +2.340217241E-01
5.30000000000E+09 +9.349873093E-02 +1.609894005E-02 +1.105070912E-01 +1.509601018E-01 -7.949573701E-03 +2.854491456E-01
5.31000000000E+09 +4.316741708E-02 -8.625833467E-02 +1.220800491E-01 +6.524182649E-02 +7.231557921E-02 +2.745371259E-01
5.32000000000E+09 -7.374026970E-02 -6.685395073E-02 +7.179079945E-02 -1.927592124E-02 +1.156835461E-01 +2.157725901E-01
5.33000000000E+09 -8.541596852E-02 +5.611021550E-02 -2.188502030E-02 -5.202671250E-02 +1.086408395E-01 +1.485400263E-01
5.34000000000E+09 +3.432074134E-02 +9.713693689E-02 -1.027236877E-01 -2.176003673E-02 +6.519507896E-02 +1.094547376E-01
5.35000000000E+09 +1.014675643E-01 -1.004060436E-02 -1.372637198E-01 +3.152427276E-02 +5.904111760E-03 +1.076885866E-01
5.36000000000E+09 +1.507808766E-02 -9.850972071E-02 -1.422401379E-01 +7.200035006E-02 -4.377463225E-02 +1.412834472E-01
5.37000000000E+09 -8.808530275E-02 -3.917245890E-02 -1.418651595E-01 +1.039944922E-01 -5.928704354E-02 +2.018717135E-01
5.38000000000E+09 -6.078737281E-02 +7.148211721E-02 -1.293095576E-01 +1.420804534E-01 -2.413533395E-02 +2.618996433E-01
5.39000000000E+09 +4.939772202E-02 +7.854451334E-02 -8.644307678E-02 +1.730320351E-01 +4.633154327E-02 +2.866971672E-01
5.40000000000E+09 +9.059786925E-02 -2.437378179E-02 -2.224817474E-02 +1.662100674E-01 +1.138390539E-01 +2.541697099E-01
5.41000000000E+09 +1.510968417E-03 -9.684257696E-02 +2.465822058E-02 +1.128923793E-01 +1.370971366E-01 +1.803797285E-01
5.42000000000E+09 -9.600179963E-02 -2.659756522E-02 +2.444315642E-02 +4.514363332E-02 +1.052914095E-01 +1.093418229E-01
5.43000000000E+09 -4.905849993E-02 +8.795743304E-02 -8.220987961E-03 +3.127275727E-03 +3.763793876E-02 +8.215254083E-02
5.44000000000E+09 +7.298973860E-02 +6.760379129E-02 -3.711574222E-02 -1.239796501E-02 -3.052162832E-02 +1.021260454E-01
5.45000000000E+09 +8.108249483E-02 -5.267960270E-02 -5.716228112E-02 -2.744056430E-02 -7.398853016E-02 +1.556403065E-01
5.46000000000E+09 -2.839600468E-02 -8.873188560E-02 -9.036192183E-02 -4.309529786E-02 -7.745488851E-02 +2.244721494E-01
5.47000000000E+09 -8.989962140E-02 +1.958132942E-03 -1.366344862E-01 -3.230607627E-02 -3.677244396E-02 +2.881848008E-01
5.48000000000E+09 -2.473808972E-02 +8.447249566E-02 -1.628192014E-01 +1.461249727E-02 +3.408516854E-02 +3.174591045E-01
5.49000000000E+09 +7.325677761E-02 +4.910915899E-02 -1.417868031E-01 +6.829608029E-02 +1.050403550E-01 +2.951834156E-01
5.50000000000E+09 +6.995601764E-02 -5.744915369E-02 -8.638622554E-02 +8.831418558E-02 +1.445598798E-01 +2.310476583E-01
5.51000000000E+09 -3.766994167E-02 -8.530340052E-02 -3.787165243E-02 +6.610997953E-02 +1.388657929E-01 +1.590707973E-01
5.52000000000E+09 -9.408242386E-02 +1.560544407E-02 -1.902544042E-02 +3.217753459E-02 +9.356953398E-02 +1.125589700E-01
5.53000000000E+09 -7.693374037E-03 +9.552043191E-02 -1.110743179E-02 +1.166347517E-02 +3.240766550E-02 +1.017662780E-01
5.54000000000E+09 +8.987706040E-02 +3.016471615E-02 +7.163822403E-03 -9.404530145E-03 -2.104276894E-02 +1.247816768E-01
5.55000000000E+09 +5.066304117E-02 -7.752671058E-02 +1.985669492E-02 -5.193775355E-02 -5.038718486E-02 +1.736563472E-01
5.56000000000E+09 -5.935779967E-02 -6.739091541E-02 -8.364585801E-04 -9.998519429E-02 -4.465068761E-02 +2.319940155E-01
5.57000000000E+09 -7.939813926E-02 +3.709462564E-02 -4.729889693E-02 -1.174484314E-01 -9.969016248E-03 +2.734240766E-01
5.58000000000E+09 +1.261803609E-02 +8.565058477E-02 -8.193060556E-02 -9.658262373E-02 +3.444793928E-02 +2.831056249E-01
5.59000000000E+09 +8.591576752E-02 +1.223160863E-02 -8.316864762E-02 -6.717658653E-02 +7.127928336E-02 +2.647249979E-01
5.60000000000E+09 +3.579024270E-02 -7.979058082E-02 -6.943149143E-02 -5.728447519E-02 +9.261967869E-02 +2.387763705E-01
5.61000000000E+09 -6.770873642E-02 -5.657427551E-02 -6.925166010E-02 -5.685799820E-02 +9.658682247E-02 +2.150015900E-01
5.62000000000E+09 -7.305362182E-02 +5.057419028E-02 -7.673335048E-02 -3.613367271E-02 +9.108585907E-02 +1.909736443E-01
5.63000000000E+09 +3.033033492E-02 +8.407375347E-02 -5.729291664E-02 +4.688490300E-03 +7.362558852E-02 +1.694350699E-01
5.64000000000E+09 +8.903603450E-02 -8.006891564E-03 +1.068364447E-03 +2.700417442E-02 +4.882532998E-02 +1.614111136E-01
5.65000000000E+09 +1.455507098E-02 -8.709767095E-02 +6.438414034E-02 +2.484120752E-03 +2.413243304E-02 +1.725217357E-01
5.66000000000E+09 -7.885477890E-02 -3.598302710E-02 +9.390610308E-02 -5.008450223E-02 +1.011332926E-02 +1.914034228E-01
5.67000000000E+09 -5.439001019E-02 +6.509540670E-02 +9.094544796E-02 -9.413776722E-02 +5.059476767E-03 +2.079430734E-01
5.68000000000E+09 +4.709637897E-02 +6.852442658E-02 +8.036420433E-02 -1.222757455E-01 +6.270190585E-03 +2.252884400E-01
5.69000000000E+09 +7.746247670E-02 -2.575404082E-02 +6.633085183E-02 -1.507309196E-01 +1.674913939E-02 +2.506077130E-01
5.70000000000E+09 -2.350706387E-03 -8.059753118E-02 +2.908211893E-02 -1.777820589E-01 +4.119761635E-02 +2.707736899E-01
5.71000000000E+09 -7.763649382E-02 -2.092322855E-02 -3.469805158E-02 -1.717781189E-01 +7.469734240E-02 +2.697867714E-01
5.72000000000E+09 -4.213178287E-02 +6.975090109E-02 -8.801340366E-02 -1.091498977E-01 +9.735528321E-02 +2.438123560E-01
5.73000000000E+09 +5.709761919E-02 +6.004172682E-02 -8.292638292E-02 -1.384459382E-02 +1.002555604E-01 +2.088068792E-01
5.74000000000E+09 +7.287028378E-02 -4.046448593E-02 -1.416369540E-02 +5.583648793E-02 +8.230282364E-02 +1.881286367E-01
5.75000000000E+09 -2.078936176E-02 -8.001903144E-02 +7.300784405E-02 +6.741518946E-02 +5.562044958E-02 +1.802722274E-01
5.76000000000E+09 -8.092145817E-02 -1.245636724E-04 +1.380433425E-01 +3.995285637E-02 +3.075370001E-02 +1.848931819E-01
5.77000000000E+09 -2.071055581E-02 +7.607093291E-02 +1.806178503E-01 +6.759180932E-04 +1.192902210E-02 +2.067421741E-01
5.78000000000E+09 +6.544386631E-02 +3.979237545E-02 +2.100696911E-01 -5.139110097E-02 +1.104087444E-02 +2.442022989E-01
5.79000000000E+09 +5.603998629E-02 -4.961009973E-02 +2.106134196E-01 -1.228519753E-01 +3.392656263E-02 +2.797114763E-01
5.80000000000E+09 -3.033821626E-02 -6.799845552E-02 +1.578783556E-01 -1.903412545E-01 +7.498941145E-02 +2.881164412E-01
5.81000000000E+09 -7.549717635E-02 +9.654015631E-03 +5.961234734E-02 -2.071245276E-01 +1.071944398E-01 +2.592804971E-01
5.82000000000E+09 -1.123565114E-02 +7.773805690E-02 -3.256145617E-02 -1.470010075E-01 +1.137377689E-01 +2.153542104E-01
5.83000000000E+09 +7.409131197E-02 +3.024447066E-02 -6.221430716E-02 -4.006227032E-02 +8.811698299E-02 +1.894005836E-01
5.84000000000E+09 +4.669923129E-02 -6.466683835E-02 -2.494746460E-02 +5.286710264E-02 +5.296325072E-02 +1.867376124E-01
5.85000000000E+09 -5.010766224E-02 -5.919134165E-02 +3.971411592E-02 +1.051157310E-01 +2.431292961E-02 +2.034339537E-01
5.86000000000E+09 -6.736471292E-02 +3.204869334E-02 +1.086583844E-01 +1.295277976E-01 +1.265615345E-02 +2.363896020E-01
5.87000000000E+09 +1.138656309E-02 +7.040785171E-02 +1.863430088E-01 +1.287149970E-01 +2.324472152E-02 +2.808797277E-01
5.88000000000E+09 +6.790542664E-02 +1.037777692E-02 +2.633367295E-01 +8.380732442E-02 +6.055857258E-02 +3.163433710E-01
5.89000000000E+09 +3.123074876E-02 -6.035043892E-02 +3.019790535E-01 -8.983676647E-03 +1.157181086E-01 +3.175615635E-01
5.90000000000E+09 -4.897353131E-02 -4.981220728E-02 +2.675485486E-01 -1.141183105E-01 +1.596361037E-01 +2.700224468E-01
5.91000000000E+09 -6.496975423E-02 +3.453655521E-02 +1.650847342E-01 -1.737967369E-01 +1.670334761E-01 +2.016714729E-01
5.92000000000E+09 +1.874814312E-02 +7.466620737E-02 +4.746977421E-02 -1.521400033E-01 +1.224823020E-01 +1.537479750E-01
5.93000000000E+09 +7.842766290E-02 -2.006173819E-03 -2.753172471E-02 -7.090936303E-02 +5.685369522E-02 +1.479152193E-01
5.94000000000E+09 +1.478423020E-02 -7.522705975E-02 -5.063056642E-02 +2.318984682E-02 +5.017572691E-03 +1.826288583E-01
5.95000000000E+09 -6.626165953E-02 -3.066309047E-02 -3.864097407E-02 +1.142827516E-01 -1.601884223E-02 +2.388139944E-01
5.96000000000E+09 -4.448219522E-02 +5.189268154E-02 +1.293079986E-02 +1.997484521E-01 -2.015531798E-03 +3.061755543E-01
5.97000000000E+09 +3.343112124E-02 +5.478322886E-02 +1.111160182E-01 +2.511572468E-01 +4.548724646E-02 +3.560671691E-01
5.98000000000E+09 +6.090766003E-02 -1.256456291E-02 +2.281841308E-01 +2.326081010E-01 +1.185972745E-01 +3.677109112E-01
5.99000000000E+09 +9.122717324E-03 -6.259069561E-02 +3.099881048E-01 +1.402391721E-01 +1.883423955E-01 +3.236420219E-01
6.00000000000E+09 -5.990925379E-02 -3.039376433E-02 +3.119169459E-01 +1.355471010E-02 +2.207448875E-01 +2.456229667E-01
6.01000000000E+09 -4.871014031E-02 +5.344299177E-02 +2.321485993E-01 -8.385136346E-02 +1.908719617E-01 +1.694316733E-01
6.02000000000E+09 +4.353663263E-02 +6.312967157E-02 +1.181302325E-01 -1.106711255E-01 +1.190844667E-01 +1.343579441E-01
6.03000000000E+09 +7.162188235E-02 -2.978052405E-02 +1.944198315E-02 -7.987123124E-02 +4.747831124E-02 +1.536510420E-01
6.04000000000E+09 -1.329717236E-02 -7.453707122E-02 -5.536549483E-02 -1.744537704E-02 +5.748213874E-03 +2.064350900E-01
6.05000000000E+09 -7.146164929E-02 -4.968439328E-03 -1.023004435E-01 +7.732701475E-02 +1.421409304E-03 +2.762200261E-01
6.06000000000E+09 -2.334930417E-02 +6.304414730E-02 -9.176775449E-02 +1.943567483E-01 +3.299761204E-02 +3.358924315E-01
6.07000000000E+09 +4.987466993E-02 +4.021454802E-02 -8.764405014E-03 +2.857453650E-01 +9.633978727E-02 +3.629350943E-01
6.08000000000E+09 +5.427883502E-02 -3.333625939E-02 +1.140605894E-01 +3.021542199E-01 +1.670176852E-01 +3.418683604E-01
6.09000000000E+09 -1.430152001E-02 -6.460807667E-02 +2.152134300E-01 +2.341054459E-01 +2.125396353E-01 +2.842515535E-01
6.10000000000E+09 -7.033302636E-02 -4.971651245E-03 +2.452647161E-01 +1.214450470E-01 +2.046649234E-01 +2.176207075E-01
6.11000000000E+09 -2.370832778E-02 +7.125090320E-02 +2.037558048E-01 +2.470760917E-02 +1.555234773E-01 +1.775923663E-01
6.12000000000E+09 +6.591598601E-02 +4.008668844E-02 +1.314983250E-01 -2.854003169E-02 +1.002678260E-01 +1.835000653E-01
6.13000000000E+09 +5.358960738E-02 -5.538297526E-02 +5.223887773E-02 -5.221141541E-02 +6.534160505E-02 +2.156583573E-01
6.14000000000E+09 -3.994524374E-02 -6.327442974E-02 -4.081352032E-02 -4.593842696E-02 +5.715536363E-02 +2.605863002E-01
6.15000000000E+09 -6.861064480E-02 +2.125724682E-02 -1.305320817E-01 +1.615608625E-02 +7.490859781E-02 +3.015412508E-01
6.16000000000E+09 +4.975128375E-04 +6.904485177E-02 -1.659770576E-01 +1.278060139E-01 +1.169216651E-01 +3.215460883E-01
6.17000000000E+09 +6.496457481E-02 +2.040580799E-02 -1.194869785E-01 +2.338177758E-01 +1.667151082E-01 +3.075192798E-01
6.18000000000E+09 +4.004235297E-02 -5.659775134E-02 -1.952588943E-02 +2.767867632E-01 +1.943503771E-01 +2.657206986E-01
6.19000000000E+09 -4.508384923E-02 -5.625991358E-02 +7.275019271E-02 +2.442315660E-01 +1.807759099E-01 +2.198508561E-01
6.20000000000E+09 -6.843914201E-02 +3.061462312E-02 +1.168356591E-01 +1.745161261E-01 +1.387791182E-01 +1.994520336E-01
6.21000000000E+09 +1.383265790E-02 +7.449069059E-02 +1.234615217E-01 +1.081918672E-01 +9.467969984E-02 +2.179620849E-01
6.22000000000E+09 +7.504147492E-02 +4.063125201E-03 +1.148266804E-01 +4.321042446E-02 +7.870463969E-02 +2.572460001E-01
6.23000000000E+09 +2.203927865E-02 -6.977766216E-02 +7.581976509E-02 -3.048112809E-02 +8.918045072E-02 +2.967262240E-01
6.24000000000E+09 -5.958376781E-02 -3.860399981E-02 -1.449955351E-02 -8.079664504E-02 +1.191116033E-01 +3.228203382E-01
6.25000000000E+09 -5.260440110E-02 +4.469479668E-02 -1.259349178E-01 -6.049678529E-02 +1.638712296E-01 +3.296549702E-01
6.26000000000E+09 +2.665731261E-02 +6.312639103E-02 -1.927340051E-01 +2.768949117E-02 +2.075069978E-01 +3.071639709E-01
6.27000000000E+09 +6.929146814E-02 -6.665093744E-03 -1.800120911E-01 +1.266245499E-01 +2.310259424E-01 +2.617457974E-01
6.28000000000E+09 +1.294095585E-02 -7.098847487E-02 -1.132638145E-01 +1.786388964E-01 +2.158980561E-01 +2.120170339E-01
6.29000000000E+09 -6.790333866E-02 -3.161568573E-02 -4.690500526E-02 +1.757266467E-01 +1.689873275E-01 +1.857677110E-01
6.30000000000E+09 -4.702966584E-02 +5.940738651E-02 -3.377899465E-03 +1.523748985E-01 +1.171672420E-01 +1.965694819E-01
6.31000000000E+09 +4.655826228E-02 +5.909067188E-02 +3.724167456E-02 +1.229153612E-01 +8.724412396E-02 +2.355135724E-01
6.32000000000E+09 +6.665181034E-02 -2.982675127E-02 +7.571561323E-02 +6.370605384E-02 +8.568002051E-02 +2.835276688E-01
6.33000000000E+09 -1.100714978E-02 -6.957524502E-02 +7.142184885E-02 -2.696410419E-02 +1.117081196E-01 +3.242481740E-01
6.34000000000E+09 -6.738569744E-02 -8.972173465E-03 +1.803179758E-03 -9.857288163E-02 +1.577452915E-01 +3.456547443E-01
6.35000000000E+09 -2.823065043E-02 +6.057478233E-02 -9.408577147E-02 -1.009059506E-01 +2.100433750E-01 +3.393784908E-01
6.36000000000E+09 +4.945165774E-02 +4.567627577E-02 -1.518894026E-01 -4.149066068E-02 +2.480207800E-01 +3.053571426E-01
6.37000000000E+09 +5.965511577E-02 -3.531550426E-02 -1.459325844E-01 +2.439718878E-02 +2.589226804E-01 +2.568788342E-01
6.38000000000E+09 -1.868666367E-02 -6.962850433E-02 -1.078626823E-01 +5.310308625E-02 +2.385546583E-01 +2.123846116E-01
6.39000000000E+09 -7.412118529E-02 +1.270936699E-03 -8.000677915E-02 +5.489724375E-02 +1.983218367E-01 +1.886420047E-01
6.40000000000E+09 -1.626028580E-02 +7.348940557E-02 -5.874929502E-02 +6.275780388E-02 +1.541860701E-01 +1.922979328E-01
6.41000000000E+09 +6.697214359E-02 +3.221601407E-02 -1.413153598E-02 +6.802293171E-02 +1.185333209E-01 +2.234338706E-01
6.42000000000E+09 +4.584363527E-02 -5.571758461E-02 +4.137094100E-02 +3.191729049E-02 +1.079251758E-01 +2.715305605E-01
6.43000000000E+09 -3.987513672E-02 -5.626125365E-02 +5.672782459E-02 -4.162004794E-02 +1.316306395E-01 +3.176986743E-01
6.44000000000E+09 -6.301300980E-02 +2.141256166E-02 +1.529453484E-02 -9.828686710E-02 +1.779040764E-01 +3.413713710E-01
6.45000000000E+09 +1.448536069E-03 +6.532425400E-02 -4.068028218E-02 -9.944100001E-02 +2.253899714E-01 +3.366211177E-01
6.46000000000E+09 +6.312640672E-02 +1.811706121E-02 -6.108103414E-02 -6.468510302E-02 +2.596458196E-01 +3.090593899E-01
6.47000000000E+09 +3.652312272E-02 -5.631399637E-02 -4.325846783E-02 -4.298465860E-02 +2.769188030E-01 +2.665337403E-01
6.48000000000E+09 -4.555148228E-02 -5.206317153E-02 -2.749649187E-02 -5.100407002E-02 +2.729978389E-01 +2.238060903E-01
6.49000000000E+09 -6.416230550E-02 +3.176523512E-02 -3.705714373E-02 -5.632285724E-02 +2.408951196E-01 +1.884516890E-01
6.50000000000E+09 +1.631604539E-02 +7.116692207E-02 -4.278600801E-02 -3.081094632E-02 +1.893110337E-01 +1.789755792E-01
6.51000000000E+09 +7.279134943E-02 -8.745277171E-05 -9.070171240E-03 -2.176889309E-03 +1.421609731E-01 +2.081404921E-01
6.52000000000E+09 +1.640707257E-02 -6.824635621E-02 +4.167549952E-02 -1.534963663E-02 +1.299525220E-01 +2.626936063E-01
6.53000000000E+09 -5.891123186E-02 -3.207951715E-02 +5.852049298E-02 -5.917529268E-02 +1.552734384E-01 +3.129097463E-01
6.54000000000E+09 -4.571448068E-02 +4.546187211E-02 +3.712422291E-02 -8.356759635E-02 +1.983513981E-01 +3.350609224E-01
6.55000000000E+09 +2.931480947E-02 +5.594889509E-02 +2.050377573E-02 -6.953479637E-02 +2.431276973E-01 +3.305688079E-01
6.56000000000E+09 +6.205470589E-02 -1.103887936E-02 +3.855476858E-02 -5.015266480E-02 +2.810764491E-01 +3.043705218E-01
6.57000000000E+09 +7.958620026E-03 -6.353088123E-02 +6.915357697E-02 -6.292640837E-02 +3.028985716E-01 +2.645724314E-01
6.58000000000E+09 -6.080138376E-02 -2.658648802E-02 +6.921682605E-02 -9.760350992E-02 +2.964192988E-01 +2.160418300E-01
6.59000000000E+09 -4.268337690E-02 +5.413482621E-02 +3.462308239E-02 -1.075597764E-01 +2.559775024E-01 +1.818826816E-01
6.60000000000E+09 +4.407897455E-02 +5.511124824E-02 +1.206950529E-02 -7.339420823E-02 +1.982652916E-01 +1.846819589E-01
6.61000000000E+09 +6.255676212E-02 -3.026308899E-02 +3.416739310E-02 -3.672543528E-02 +1.656953983E-01 +2.293695187E-01
6.62000000000E+09 -1.366689338E-02 -6.541589862E-02 +6.850905649E-02 -3.776856308E-02 +1.728499055E-01 +2.840092798E-01
6.63000000000E+09 -6.372406824E-02 -4.392748177E-03 +7.271661610E-02 -5.512399984E-02 +2.096911764E-01 +3.160610796E-01
6.64000000000E+09 -2.191206799E-02 +5.796131974E-02 +5.794954455E-02 -4.659615435E-02 +2.529514610E-01 +3.198477131E-01
6.65000000000E+09 +4.806461208E-02 +3.781184639E-02 +6.672543429E-02 -1.330713991E-02 +2.939224817E-01 +3.004716149E-01
6.66000000000E+09 +5.085879939E-02 -3.465722327E-02 +1.101655598E-01 +2.006206337E-03 +3.204416561E-01 +2.658448334E-01
6.67000000000E+09 -1.869472474E-02 -6.055983898E-02 +1.491910435E-01 -2.702864710E-02 +3.213148031E-01 +2.188564287E-01
6.68000000000E+09 -6.607327215E-02 +2.102946650E-03 +1.419279528E-01 -7.223022969E-02 +2.855847087E-01 +1.796150667E-01
6.69000000000E+09 -1.383625423E-02 +6.697127319E-02 +9.975865814E-02 -8.146582822E-02 +2.276550719E-01 +1.731748541E-01
6.70000000000E+09 +6.207401074E-02 +2.784255705E-02 +7.702258785E-02 -4.902189246E-02 +1.888196839E-01 +2.151318523E-01
6.71000000000E+09 +4.014115156E-02 -5.195597956E-02 +9.083248218E-02 -2.358654716E-02 +1.917054017E-01 +2.729890756E-01
6.72000000000E+09 -3.753372271E-02 -4.998818444E-02 +1.009714557E-01 -2.761067706E-02 +2.318308333E-01 +3.112099572E-01
6.73000000000E+09 -5.663681372E-02 +2.080516507E-02 +8.210834288E-02 -2.768535212E-02 +2.780331051E-01 +3.151121446E-01
6.74000000000E+09 +2.690055553E-03 +5.924588333E-02 +6.243150966E-02 +7.473470578E-03 +3.229639450E-01 +2.949652859E-01
6.75000000000E+09 +5.750787219E-02 +1.553562559E-02 +8.272560608E-02 +5.762364379E-02 +3.498944357E-01 +2.581788020E-01
6.76000000000E+09 +3.291483140E-02 -5.156038722E-02 +1.381679004E-01 +7.337757180E-02 +3.523839008E-01 +2.094658895E-01
6.77000000000E+09 -4.254275817E-02 -4.782145172E-02 +1.782497733E-01 +3.785543288E-02 +3.195548745E-01 +1.662160590E-01
6.78000000000E+09 -5.911203192E-02 +3.108316450E-02 +1.653881755E-01 -7.523247002E-03 +2.596598106E-01 +1.517107407E-01
6.79000000000E+09 +1.786045725E-02 +6.483176782E-02 +1.255620405E-01 -1.270775832E-02 +2.117912500E-01 +1.904850562E-01
6.80000000000E+09 +6.531302637E-02 -2.809615676E-03 +1.101899686E-01 +1.050042340E-02 +2.060335488E-01 +2.511994318E-01
6.81000000000E+09 +1.330405574E-02 -6.071213541E-02 +1.159398922E-01 +1.622851212E-02 +2.436304523E-01 +2.980155294E-01
6.82000000000E+09 -5.230977536E-02 -2.875962214E-02 +1.014345493E-01 +3.733969435E-03 +2.930833203E-01 +3.081342433E-01
6.83000000000E+09 -4.215591778E-02 +4.037575223E-02 +6.042224698E-02 +1.443821660E-02 +3.412838031E-01 +2.887608569E-01
6.84000000000E+09 +2.568580498E-02 +5.247559016E-02 +3.541200187E-02 +6.683910539E-02 +3.695009491E-01 +2.544227787E-01
6.85000000000E+09 +5.907774987E-02 -8.938519695E-03 +6.255837384E-02 +1.238802730E-01 +3.759304092E-01 +2.068539694E-01
6.86000000000E+09 +8.206449501E-03 -6.176268229E-02 +1.214586156E-01 +1.331352062E-01 +3.502536133E-01 +1.639526908E-01
6.87000000000E+09 -6.046979522E-02 -2.440180253E-02 +1.533045789E-01 +9.090585442E-02 +2.992945869E-01 +1.418530499E-01
6.88000000000E+09 -3.769187274E-02 +5.469821095E-02 +1.321577651E-01 +5.084420317E-02 +2.503995121E-01 +1.671776077E-01
6.89000000000E+09 +4.452739232E-02 +4.802972399E-02 +9.915306772E-02 +5.077686286E-02 +2.332909002E-01 +2.203557710E-01
6.90000000000E+09 +5.496644027E-02 -3.020055493E-02 +9.284923857E-02 +6.135542774E-02 +2.602512334E-01 +2.685602068E-01
6.91000000000E+09 -1.362153028E-02 -5.871099101E-02 +9.042543767E-02 +4.722935463E-02 +3.019851417E-01 +2.857269145E-01
6.92000000000E+09 -5.858582232E-02 -3.882585890E-03 +5.526324278E-02 +2.825644058E-02 +3.467092137E-01 +2.746505027E-01
6.93000000000E+09 -2.092314669E-02 +5.449304684E-02 +6.192719989E-04 +4.914131159E-02 +3.731881805E-01 +2.484676023E-01
6.94000000000E+09 +4.644953714E-02 +3.650061625E-02 -1.989741599E-02 +1.122506225E-01 +3.858298441E-01 +2.126651190E-01
6.95000000000E+09 +4.949111953E-02 -3.534156522E-02 +1.973238495E-02 +1.640431272E-01 +3.724670508E-01 +1.782215271E-01
6.96000000000E+09 -2.197917628E-02 -5.913341231E-02 +7.969885802E-02 +1.550197017E-01 +3.423886779E-01 +1.559324009E-01
6.97000000000E+09 -6.395954560E-02 +7.618280613E-03 +9.742650858E-02 +1.022120904E-01 +3.104353754E-01 +1.648230684E-01
6.98000000000E+09 -7.230300194E-03 +6.394933459E-02 +6.732123543E-02 +6.724617027E-02 +2.951841479E-01 +1.947246133E-01
6.99000000000E+09 +5.877782163E-02 +2.204023569E-02 +4.034378249E-02 +6.877540290E-02 +3.092233781E-01 +2.246370691E-01
7.00000000000E+09 +3.579787738E-02 -4.959614473E-02 +3.836046280E-02 +6.710520439E-02 +3.353577964E-01 +2.341624181E-01

[Channel0\Trace0\Marker0]
Enabled=1
Position=0.2

[Channel0\Trace1]
ReferencePosition[0]=1

[Channel0\Trace1\Marker0]
Enabled=1
Position=0.2

[Channel0\Trace2]
SPort=0
FormatType=2

[Channel0\Trace2\Marker0]
Enabled=1
Position=0.2

[Channel0\Trace3]
SPort=0
FormatType=2

[Channel0\Trace3\Marker0]
Enabled=1
Position=0.2

