[NWA State]
TriggerSource=3

[Channel0]
Points=701
FrequencyStart=1000000000
FixedPower[0]=5
FixedPower[1]=5
IFBW=1000
CorrectionEnabled=1
TraceCount=4

[Channel0\Correction\11]
Calyyyymmdd=2024/04/01
Calhhmmss=17:53:08
VNATemperature=37.7 °C
Type=3
KitLabel=ACM2509.2
KitDescription=AutoCal Module 20 kHz-9 GHz (CMT), SN: 19039185, Char: Factory, 29.1°C, ThermoComp: ON
CalIFBW=1 kHz
CalPower=5 dBm
CalPorts[0]=0
CalPorts[1]=0

[Channel0\Correction\11\Data]
1.00000000000E+09 +1.093751847E-01 -1.521939979E-01 -2.124999220E-01 -3.026471175E-03 -1.740149819E-01 +1.850674729E-01
1.01071428571E+09 -1.644119549E-01 -6.670970285E-02 -1.333547705E-01 +9.363841444E-02 +1.438590536E-02 +2.668856950E-01
1.02142857143E+09 -3.116538260E-02 +1.651278873E-01 -5.586282677E-02 +1.278481733E-01 +1.856033278E-01 +1.787148286E-01
1.03214285714E+09 +1.626015330E-01 +1.173478967E-03 +2.166498714E-02 +1.507395985E-01 +2.207279233E-01 +1.583774272E-02
1.04285714286E+09 -2.655010346E-02 -1.603545479E-01 +1.339091250E-01 +1.370513092E-01 +1.349914731E-01 -9.239381895E-02
1.05357142857E+09 -1.563748184E-01 +5.651276659E-02 +2.361834483E-01 +2.928545416E-02 +3.118515244E-02 -7.631110059E-02
1.06428571429E+09 +9.202378705E-02 +1.466041336E-01 +2.297219032E-01 -1.434492632E-01 +2.872328936E-02 +1.084125900E-02
1.07500000000E+09 +1.252202902E-01 -1.287376835E-01 +9.163785181E-02 -2.600875355E-01 +1.352204076E-01 +2.340430894E-02
1.08571428571E+09 -1.578190063E-01 -8.853682007E-02 -7.851641043E-02 -2.394087179E-01 +1.985853248E-01 -1.130827922E-01
1.09642857143E+09 -4.429778944E-02 +1.729110211E-01 -1.726893786E-01 -1.238515918E-01 +8.626239396E-02 -2.684248699E-01
1.10714285714E+09 +1.724179186E-01 +1.172587968E-03 -1.751000148E-01 -1.794515772E-03 -1.243201207E-01 -2.635534142E-01
1.11785714286E+09 -3.625678447E-02 -1.611002395E-01 -1.277947491E-01 +8.615757479E-02 -2.446029962E-01 -9.288637324E-02
1.12857142857E+09 -1.447719082E-01 +6.560556262E-02 -5.686253447E-02 +1.464805334E-01 -1.865188263E-01 +9.427816829E-02
1.13928571429E+09 +8.829257901E-02 +1.264177891E-01 +4.546937625E-02 +1.775669691E-01 -2.646510804E-02 +1.451938828E-01
1.15000000000E+09 +1.082721275E-01 -1.085988505E-01 +1.729422656E-01 +1.407521054E-01 +7.051860427E-02 +4.795951197E-02
1.16071428571E+09 -1.297517153E-01 -8.891655755E-02 +2.598975573E-01 +7.771342430E-03 +1.812163901E-02 -5.856058148E-02
1.17142857143E+09 -6.190569326E-02 +1.514959786E-01 +2.225269961E-01 -1.648729942E-01 -1.055723204E-01 -2.492977246E-02
1.18214285714E+09 +1.686241985E-01 +2.357628223E-02 +6.855135362E-02 -2.546004862E-01 -1.147229336E-01 +1.391555074E-01
1.19285714286E+09 -2.190257893E-02 -1.702564819E-01 -8.482102292E-02 -2.100750459E-01 +6.004029886E-02 +2.429412045E-01
1.20357142857E+09 -1.540162680E-01 +6.405388537E-02 -1.560603005E-01 -1.033129693E-01 +2.616228263E-01 +1.360867091E-01
1.21428571429E+09 +9.435705814E-02 +1.282113635E-01 -1.664175863E-01 -2.220348597E-04 +2.879378253E-01 -9.927434831E-02
1.22500000000E+09 +1.003405903E-01 -1.134376040E-01 -1.380216703E-01 +9.936271511E-02 +1.204209566E-01 -2.435717560E-01
1.23571428571E+09 -1.264596593E-01 -7.395922293E-02 -5.317707408E-02 +1.849395459E-01 -6.208535928E-02 -1.865669608E-01
1.24642857143E+09 -4.855851351E-02 +1.360854549E-01 +8.432410531E-02 +2.074793242E-01 -9.173158445E-02 -2.886201175E-02
1.25714285714E+09 +1.423176105E-01 +2.189896089E-02 +2.184322562E-01 +1.299366374E-01 +2.843765273E-02 +3.681397503E-02
1.26785714286E+09 -6.377991831E-03 -1.455942551E-01 +2.724158955E-01 -2.811207765E-02 +1.269638540E-01 -6.738532911E-02
1.27857142857E+09 -1.445190908E-01 +3.635829179E-02 +2.020968059E-01 -1.879636011E-01 +5.767222343E-02 -2.249077904E-01
1.28928571429E+09 +6.967397428E-02 +1.371322444E-01 +4.104449203E-02 -2.547002204E-01 -1.525321117E-01 -2.471734539E-01
1.30000000000E+09 +1.195715860E-01 -1.046214066E-01 -1.099056413E-01 -1.965180726E-01 -3.055677405E-01 -5.065438049E-02
1.31071428571E+09 -1.332460666E-01 -8.754835108E-02 -1.759956286E-01 -7.731985527E-02 -2.141911108E-01 +1.971054916E-01
1.32142857143E+09 -4.718328371E-02 +1.465146997E-01 -1.751421709E-01 +3.314995017E-02 +3.327542640E-02 +2.364409479E-01
1.33214285714E+09 +1.446887617E-01 +1.046475351E-02 -1.361126416E-01 +1.358158350E-01 +1.645093601E-01 +6.480011817E-02
1.34285714286E+09 -1.795225319E-02 -1.356131937E-01 -3.366161868E-02 +2.233732500E-01 +8.210635426E-02 -8.702520388E-02
1.35357142857E+09 -1.258615351E-01 +4.074224352E-02 +1.292820209E-01 +2.282926345E-01 -6.536628659E-02 -6.207716749E-02
1.36428571429E+09 +6.113063423E-02 +1.156648354E-01 +2.661713081E-01 +1.072924857E-01 -9.270850371E-02 +9.004351320E-02
1.37500000000E+09 +1.039590637E-01 -8.200099157E-02 +2.801869357E-01 -8.335115957E-02 +5.807460575E-02 +1.968328537E-01
1.38571428571E+09 -1.039823600E-01 -8.881933319E-02 +1.592847707E-01 -2.294304819E-01 +2.652925047E-01 +1.027403523E-01
1.39642857143E+09 -6.663581813E-02 +1.259874933E-01 -1.919804911E-02 -2.537910846E-01 +3.022349216E-01 -1.577539905E-01
1.40714285714E+09 +1.441857603E-01 +3.402149287E-02 -1.557690405E-01 -1.653439571E-01 +8.947234804E-02 -3.367093283E-01
1.41785714286E+09 -7.187198363E-03 -1.497450765E-01 -2.047982978E-01 -3.554705678E-02 -1.639650250E-01 -2.429105953E-01
1.42857142857E+09 -1.368954738E-01 +4.723391064E-02 -1.908843523E-01 +8.326503389E-02 -1.903504473E-01 -1.634170837E-02
1.43928571429E+09 +7.511613749E-02 +1.118680177E-01 -1.294625211E-01 +1.939346836E-01 -2.876029772E-02 +6.687290940E-02
1.45000000000E+09 +8.563300100E-02 -8.853385722E-02 +6.859106126E-03 +2.714142134E-01 +7.901457240E-02 -4.419745522E-02
1.46071428571E+09 -9.427574122E-02 -6.515447708E-02 +1.918806752E-01 +2.363401126E-01 +3.095677759E-03 -1.876151440E-01
1.47142857143E+09 -5.146689075E-02 +9.926146241E-02 +3.124649339E-01 +6.503131542E-02 -1.928975596E-01 -1.839019723E-01
1.48214285714E+09 +1.088342057E-01 +3.995977391E-02 +2.739465753E-01 -1.499619635E-01 -3.216269570E-01 +1.586918182E-02
1.49285714286E+09 +2.251664236E-02 -1.252707096E-01 +9.659379238E-02 -2.703364934E-01 -2.199073866E-01 +2.704342289E-01
1.50357142857E+09 -1.410266589E-01 +1.048776504E-02 -9.256569216E-02 -2.332360222E-01 +7.496414812E-02 +3.278006307E-01
1.51428571429E+09 +5.765385477E-02 +1.381420015E-01 -1.868317342E-01 -1.133021386E-01 +2.648019066E-01 +1.098797409E-01
1.52500000000E+09 +1.088797401E-01 -9.819939869E-02 -2.119536689E-01 -5.787153091E-04 +1.665253706E-01 -1.103439917E-01
1.53571428571E+09 -1.152488534E-01 -6.861004375E-02 -2.049526770E-01 +1.222890294E-01 -2.138031445E-02 -9.844220379E-02
1.54642857143E+09 -3.450031573E-02 +1.138083310E-01 -1.146436225E-01 +2.547310757E-01 -4.364841122E-02 +5.553686763E-02
1.55714285714E+09 +1.052022619E-01 +1.285549478E-02 +7.276934038E-02 +3.041544276E-01 +1.130627727E-01 +1.208421192E-01
1.56785714286E+09 +4.161593620E-04 -9.819275028E-02 +2.614684517E-01 +1.999248956E-01 +2.671034462E-01 -1.436210318E-02
1.57857142857E+09 -9.768003236E-02 +8.706342930E-03 +3.273909780E-01 -1.863303620E-02 +2.408884968E-01 -2.534355861E-01
1.58928571429E+09 +2.099303872E-02 +1.042324053E-01 +2.170718799E-01 -2.238267864E-01 +6.101007647E-03 -3.958782824E-01
1.60000000000E+09 +1.130839053E-01 -4.550926190E-02 +1.010395998E-03 -2.820118125E-01 -2.693629338E-01 -2.940014338E-01
1.61071428571E+09 -8.714479623E-02 -1.088047481E-01 -1.578853392E-01 -1.815400606E-01 -3.408964811E-01 -1.601792565E-02
1.62142857143E+09 -7.305126193E-02 +1.279522777E-01 -1.985518466E-01 -6.502877242E-02 -1.508324600E-01 +1.575999899E-01
1.63214285714E+09 +1.362463813E-01 +1.841449839E-02 -2.264220004E-01 +2.476656186E-02 +1.905119225E-02 +6.318243291E-02
1.64285714286E+09 -1.902815706E-02 -1.157120794E-01 -2.187431518E-01 +1.752092966E-01 -4.575285543E-02 -7.875791797E-02
1.65357142857E+09 -9.262624847E-02 +3.340248668E-02 -7.112717460E-02 +3.136086232E-01 -2.066680412E-01 -2.991762576E-02
1.66428571429E+09 +3.747411618E-02 +7.981665194E-02 +1.579991159E-01 +2.996059810E-01 -2.370778931E-01 +1.712425705E-01
1.67500000000E+09 +7.649574464E-02 -4.142914834E-02 +3.155889676E-01 +1.155558708E-01 -6.307355293E-02 +3.424166786E-01
1.68571428571E+09 -5.184580146E-02 -7.863995708E-02 +2.921286929E-01 -1.290417906E-01 +2.082863479E-01 +3.203388673E-01
1.69642857143E+09 -7.996217764E-02 +7.404946311E-02 +1.043527943E-01 -2.706076002E-01 +3.827468236E-01 +8.985417226E-02
1.70714285714E+09 +1.083324354E-01 +6.793927230E-02 -9.058141256E-02 -2.297414441E-01 +3.052634487E-01 -1.889187056E-01
1.71785714286E+09 +2.727569651E-02 -1.390358319E-01 -1.625969609E-01 -1.211354701E-01 +5.713108408E-02 -2.695621911E-01
1.72857142857E+09 -1.361621570E-01 +3.141927154E-02 -1.978315995E-01 -6.166641065E-02 -6.237363452E-02 -1.118211885E-01
1.73928571429E+09 +6.725767734E-02 +9.874898244E-02 -2.598211174E-01 +5.105004041E-02 +5.351033893E-02 -2.563730764E-02
1.75000000000E+09 +6.454459981E-02 -7.158600995E-02 -2.041648317E-01 +2.396642564E-01 +1.352069614E-01 -1.610849671E-01
1.76071428571E+09 -6.555582632E-02 -4.783389806E-02 +8.417585279E-03 +3.370965189E-01 +1.190234294E-02 -3.211357279E-01
1.77142857143E+09 -4.208661891E-02 +6.258766050E-02 +2.406425426E-01 +2.385347363E-01 -2.248669495E-01 -3.223907697E-01
1.78214285714E+09 +6.683490111E-02 +4.124914768E-02 +3.268299717E-01 -5.747529554E-03 -4.073761992E-01 -1.442447781E-01
1.79285714286E+09 +3.950456412E-02 -8.048999641E-02 +2.027044677E-01 -2.226733934E-01 -4.129705755E-01 +1.285116353E-01
1.80357142857E+09 -1.044858036E-01 -2.804879341E-02 -8.412926820E-03 -2.550162232E-01 -2.203220197E-01 +3.354182069E-01
1.81428571429E+09 +9.169748458E-03 +1.298653606E-01 -1.082988070E-01 -1.599635676E-01 +4.805865328E-02 +3.082657132E-01
1.82500000000E+09 +1.205805154E-01 -6.946110427E-02 -1.305728490E-01 -1.311590633E-01 +1.128168281E-01 +1.007454463E-01
1.83571428571E+09 -1.005085917E-01 -6.963567160E-02 -2.418770141E-01 -8.733894173E-02 -1.662896248E-02 +6.688443067E-02
1.84642857143E+09 -3.064923159E-02 +9.191553719E-02 -2.919193759E-01 +1.092429503E-01 +6.457870182E-04 +2.075596260E-01
1.85714285714E+09 +7.797736903E-02 +1.437933030E-02 -1.409115630E-01 +2.973432553E-01 +1.925415507E-01 +2.422716266E-01
1.86785714286E+09 +8.405769569E-03 -7.133779306E-02 +1.156716366E-01 +3.037011310E-01 +3.638993078E-01 +9.397204051E-02
1.87857142857E+09 -7.138293517E-02 -4.801345683E-03 +2.900104711E-01 +1.121926716E-01 +3.834561450E-01 -1.560512188E-01
1.88928571429E+09 +5.351621727E-04 +7.690974471E-02 +2.569807830E-01 -1.304884519E-01 +2.307287816E-01 -3.732113767E-01
1.90000000000E+09 +8.821775872E-02 -1.248975690E-02 +7.752113002E-02 -2.358829020E-01 -3.449177462E-02 -4.367386272E-01
1.91071428571E+09 -4.053392666E-02 -1.014009887E-01 -5.128874209E-02 -1.768201589E-01 -2.567641315E-01 -2.859883154E-01
1.92142857143E+09 -9.070972406E-02 +9.078679507E-02 -5.414299627E-02 -1.415373317E-01 -2.527540724E-01 -6.121156847E-02
1.93214285714E+09 +1.187131542E-01 +3.618388484E-02 -1.427699844E-01 -1.876376668E-01 -1.318220166E-01 -4.902784085E-02
1.94285714286E+09 -7.462411381E-03 -9.917675740E-02 -3.037405071E-01 -5.948081759E-02 -1.998828415E-01 -1.199945690E-01
1.95357142857E+09 -7.622730907E-02 +2.069061483E-02 -2.690008691E-01 +1.922885254E-01 -3.356048057E-01 -2.467000833E-02
1.96428571429E+09 +2.336111344E-02 +6.394325285E-02 -3.390052511E-02 +3.201176300E-01 -3.535505884E-01 +1.862336770E-01
1.97500000000E+09 +5.919105052E-02 -2.509986381E-02 +2.067315092E-01 +2.182248160E-01 -2.170018238E-01 +3.782347195E-01
1.98571428571E+09 -2.918826345E-02 -5.968190027E-02 +2.703827301E-01 -8.668155694E-03 +2.322010340E-02 +4.537361814E-01
1.99642857143E+09 -6.467569922E-02 +3.857978411E-02 +1.566526477E-01 -1.604506310E-01 +2.681192858E-01 +3.550998334E-01
2.00714285714E+09 +6.067173361E-02 +6.969666337E-02 +3.518779547E-02 -1.520412452E-01 +3.880547436E-01 +1.152161570E-01
2.01785714286E+09 +5.531653323E-02 -9.937592247E-02 +3.975495068E-02 -1.239760528E-01 +2.971587624E-01 -9.221803243E-02
2.02857142857E+09 -1.195483023E-01 -3.805621507E-03 +4.377645290E-03 -2.286074224E-01 +1.732863087E-01 -1.007144176E-01
2.03928571429E+09 +3.994210375E-02 +9.567990036E-02 -2.133060047E-01 -2.234679887E-01 +2.049808090E-01 -9.763824354E-02
2.05000000000E+09 +6.571717877E-02 -5.180535690E-02 -3.271455449E-01 +2.024575323E-02 +2.205097952E-01 -2.297049474E-01
2.06071428571E+09 -5.117528576E-02 -4.720002892E-02 -1.791303456E-01 +2.542463547E-01 +9.872868949E-02 -3.795621807E-01
2.07142857143E+09 -3.745309394E-02 +4.904504478E-02 +7.829656463E-02 +2.698578327E-01 -1.148085229E-01 -4.243354459E-01
2.08214285714E+09 +4.883027974E-02 +3.352648872E-02 +2.203990459E-01 +1.040584375E-01 -3.356838394E-01 -3.219289392E-01
2.09285714286E+09 +3.298513313E-02 -5.345267230E-02 +1.842408659E-01 -5.538834714E-02 -4.636833419E-01 -1.011892185E-01
2.10357142857E+09 -6.688705700E-02 -3.149843639E-02 +9.354265048E-02 -8.375857188E-02 -4.279484208E-01 +1.471569728E-01
2.11428571429E+09 -1.743280198E-02 +8.963525725E-02 +1.079813279E-01 -5.763454963E-02 -2.564441292E-01 +2.922048357E-01
2.12500000000E+09 +1.021949685E-01 -2.118930919E-02 +1.487435976E-01 -1.779295670E-01 -1.031383478E-01 +2.861402273E-01
2.13571428571E+09 -6.000306286E-02 -8.134115039E-02 -4.403443298E-02 -3.144095489E-01 -5.319649483E-02 +2.717029221E-01
2.14642857143E+09 -4.781991256E-02 +7.308629657E-02 -2.945684632E-01 -1.602723770E-01 +1.617792183E-02 +3.255998230E-01
2.15714285714E+09 +6.902184269E-02 +2.385177966E-02 -2.783787394E-01 +1.339190289E-01 +1.683108216E-01 +3.446213360E-01
2.16785714286E+09 +1.147988829E-02 -6.119386797E-02 -5.640672910E-02 +2.605438238E-01 +3.495292563E-01 +2.470347148E-01
2.17857142857E+09 -5.625654281E-02 -5.952943145E-03 +1.216254027E-01 +1.807360125E-01 +4.577126383E-01 +4.144361363E-02
2.18928571429E+09 -2.696756749E-03 +5.676854008E-02 +1.495600197E-01 +5.819180953E-02 +4.250901759E-01 -2.002261467E-01
2.20000000000E+09 +6.265725991E-02 -3.006835923E-03 +1.130951968E-01 +2.550118031E-02 +2.592812416E-01 -3.778132201E-01
2.21071428571E+09 -1.690304241E-02 -7.110159261E-02 +1.574225706E-01 +4.108453264E-02 +3.965579626E-02 -4.236245656E-01
2.22142857143E+09 -7.304473145E-02 +4.171435792E-02 +2.543951074E-01 -7.658551766E-02 -1.328594927E-01 -3.549394286E-01
2.23214285714E+09 +6.998975465E-02 +5.720626181E-02 +1.478017775E-01 -3.101907120E-01 -2.161176103E-01 -2.623544130E-01
2.24285714286E+09 +2.525701754E-02 -8.357592290E-02 -1.773084042E-01 -3.164257322E-01 -2.744463396E-01 -1.944176562E-01
2.25357142857E+09 -7.558358356E-02 +3.665861678E-03 -3.297335599E-01 -2.637827245E-02 -3.611021580E-01 -1.056996783E-01
2.26428571429E+09 +1.738671827E-02 +6.014351279E-02 -1.880599815E-01 +2.026440132E-01 -4.217559452E-01 +6.200674853E-02
2.27500000000E+09 +4.967255577E-02 -2.142142198E-02 -4.504360728E-03 +2.164973643E-01 -3.731821933E-01 +2.679170881E-01
2.28571428571E+09 -2.361222394E-02 -4.499038900E-02 +6.462462139E-02 +1.497092979E-01 -2.058898203E-01 +4.248066502E-01
2.29642857143E+09 -4.376010098E-02 +2.778176391E-02 +7.616549928E-02 +1.399669188E-01 +2.047954995E-02 +4.706890762E-01
2.30714285714E+09 +3.532393847E-02 +4.355487625E-02 +1.589824479E-01 +1.615277240E-01 +2.355099532E-01 +3.951447519E-01
2.31785714286E+09 +4.145463549E-02 -4.800173940E-02 +3.064620553E-01 +5.903881649E-02 +3.707937120E-01 +2.335019210E-01
2.32857142857E+09 -6.626823192E-02 -3.230160606E-02 +3.088069531E-01 -2.155285158E-01 +3.970217939E-01 +4.421225684E-02
2.33928571429E+09 -6.903684223E-03 +8.104877829E-02 +8.228001539E-03 -3.988021759E-01 +3.501018857E-01 -9.368866095E-02
2.35000000000E+09 +7.349666146E-02 -2.553858363E-02 -3.061302859E-01 -2.093337632E-01 +3.113016990E-01 -1.949194222E-01
2.36071428571E+09 -4.113312635E-02 -5.158856030E-02 -2.977692127E-01 +8.847860571E-02 +2.447779012E-01 -3.203431730E-01
2.37142857143E+09 -3.451893121E-02 +4.264960681E-02 -1.450509847E-01 +1.981928814E-01 +9.067011589E-02 -4.301322866E-01
2.38214285714E+09 +4.100306777E-02 +2.469929098E-02 -6.025733265E-02 +2.000782923E-01 -1.193444815E-01 -4.476820211E-01
2.39285714286E+09 +1.921513307E-02 -3.974401429E-02 -1.386095508E-02 +2.352490129E-01 -3.220193321E-01 -3.544098223E-01
2.40357142857E+09 -4.031944036E-02 -1.617395274E-02 +1.087711670E-01 +2.828191935E-01 -4.528617151E-01 -1.717484119E-01
2.41428571429E+09 -1.405649638E-02 +4.466248834E-02 +3.080711764E-01 +2.056943969E-01 -4.737814455E-01 +5.911342871E-02
2.42500000000E+09 +5.423385357E-02 +8.484751246E-03 +4.149321798E-01 -7.272782814E-02 -3.712627814E-01 +2.613027102E-01
2.43571428571E+09 -8.872909907E-03 -6.525622312E-02 +2.130037250E-01 -3.916527285E-01 -2.075835767E-01 +3.619409895E-01
2.44642857143E+09 -6.079730759E-02 +3.725642183E-02 -1.937420173E-01 -3.817026976E-01 -6.720985857E-02 +3.737380992E-01
2.45714285714E+09 +5.378087727E-02 +3.743914485E-02 -3.574219312E-01 -8.314346720E-02 +5.790352468E-02 +3.802073204E-01
2.46785714286E+09 +1.550042600E-02 -5.280415530E-02 -2.738841260E-01 +1.113730971E-01 +2.071318840E-01 +3.586056221E-01
2.47857142857E+09 -4.506887940E-02 -3.211317502E-03 -2.024238278E-01 +1.787022138E-01 +3.670644570E-01 +2.610414049E-01
2.48928571429E+09 +1.988821868E-03 +3.793480472E-02 -1.519787821E-01 +2.693459151E-01 +4.741385873E-01 +7.775593563E-02
2.50000000000E+09 +3.460250175E-02 -3.249815224E-03 -7.401872875E-03 +3.695654820E-01 +4.720986219E-01 -1.557557377E-01
2.51071428571E+09 -3.842525277E-03 -3.528011430E-02 +2.397354060E-01 +3.463040105E-01 +3.441660093E-01 -3.706684281E-01
2.52142857143E+09 -4.008114010E-02 +7.082412314E-03 +4.481437854E-01 +9.911762105E-02 +1.313177063E-01 -4.840007531E-01
2.53214285714E+09 +1.798002295E-02 +4.626283453E-02 +3.843009742E-01 -2.918124267E-01 -9.396979443E-02 -4.560175679E-01
2.54285714286E+09 +4.453809929E-02 -3.795505085E-02 -3.325666259E-03 -4.808291496E-01 -2.491875688E-01 -3.366411507E-01
2.55357142857E+09 -5.551331225E-02 -2.632823460E-02 -3.315701640E-01 -2.825976956E-01 -3.186479694E-01 -2.129911280E-01
2.56428571429E+09 -1.212173879E-03 +5.614975825E-02 -3.605075001E-01 -2.594512281E-02 -3.681464099E-01 -1.141602079E-01
2.57500000000E+09 +4.310804361E-02 -1.372694255E-02 -3.156753731E-01 +9.697842150E-02 -4.234556176E-01 +2.229338256E-02
2.58571428571E+09 -1.652828080E-02 -3.144050684E-02 -2.878061482E-01 +2.288223981E-01 -4.076683359E-01 +2.218086827E-01
2.59642857143E+09 -2.581249311E-02 +1.518336584E-02 -1.567204645E-01 +3.901302503E-01 -2.682549758E-01 +4.204805392E-01
2.60714285714E+09 +1.462023687E-02 +2.493925790E-02 +1.150611632E-01 +4.466379658E-01 -3.894682087E-02 +5.111623357E-01
2.61785714286E+09 +2.684424332E-02 -1.674906731E-02 +4.106698571E-01 +2.660478551E-01 +2.091388759E-01 +4.557757832E-01
2.62857142857E+09 -2.306203437E-02 -2.915846755E-02 +4.913510637E-01 -1.334412520E-01 +3.922281110E-01 +2.802568968E-01
2.63928571429E+09 -2.787008989E-02 +3.452165537E-02 +2.157317475E-01 -4.701533619E-01 +4.492451104E-01 +5.744127584E-02
2.65000000000E+09 +4.902621893E-02 +1.731202311E-02 -1.885130143E-01 -4.566865584E-01 +3.829290541E-01 -1.156156722E-01
2.66071428571E+09 -6.344564361E-03 -5.436596753E-02 -3.717912953E-01 -2.102115173E-01 +3.021240336E-01 -1.949937882E-01
2.67142857143E+09 -3.917462815E-02 +2.558111470E-02 -3.778576380E-01 -3.656663373E-02 +2.688469716E-01 -2.859843123E-01
2.68214285714E+09 +2.637501262E-02 +2.309025227E-02 -3.906154189E-01 +1.173036664E-01 +1.569705798E-01 -4.372386877E-01
2.69285714286E+09 +1.623600838E-02 -2.219371344E-02 -3.098378797E-01 +3.345335664E-01 -6.175284425E-02 -5.093140657E-01
2.70357142857E+09 -1.984438711E-02 -1.449508997E-02 -4.698494277E-02 +4.890027795E-01 -3.002655357E-01 -4.298166251E-01
2.71428571429E+09 -1.454696366E-02 +2.012576939E-02 +3.137828460E-01 +4.065555854E-01 -4.719609551E-01 -2.324649926E-01
2.72500000000E+09 +2.293197446E-02 +1.485918149E-02 +5.280941906E-01 +4.759236813E-02 -5.189232399E-01 +1.946725224E-02
2.73571428571E+09 +1.445171827E-02 -2.859125805E-02 +4.015049482E-01 -3.656553667E-01 -4.217629678E-01 +2.389100454E-01
2.74642857143E+09 -3.867697655E-02 -1.048777081E-02 +3.009112360E-02 -5.370482688E-01 -2.281427234E-01 +3.562881842E-01
2.75714285714E+09 +6.136695191E-03 +4.932593456E-02 -2.869966939E-01 -3.980348227E-01 -6.518977691E-02 +3.348180516E-01
2.76785714286E+09 +3.916343931E-02 -3.098441445E-02 -3.836254418E-01 -1.884166564E-01 -9.730961929E-03 +3.293678926E-01
2.77857142857E+09 -3.447981051E-02 -1.740478079E-02 -4.346581465E-01 -2.571474598E-02 +1.181069137E-01 +3.924136985E-01
2.78928571429E+09 -7.885151839E-03 +2.805291644E-02 -4.254980640E-01 +2.191812611E-01 +3.350159460E-01 +3.208175452E-01
2.80000000000E+09 +2.360014882E-02 +5.257797176E-03 -2.134627552E-01 +4.631607727E-01 +4.865010970E-01 +1.055002318E-01
2.81071428571E+09 +4.462285495E-03 -2.166866368E-02 +1.676696116E-01 +5.002305461E-01 +4.986790545E-01 -1.537342594E-01
2.82142857143E+09 -2.160057566E-02 -4.089160821E-03 +4.880988834E-01 +2.341752478E-01 +3.627689487E-01 -3.721766757E-01
2.83214285714E+09 -4.141948117E-03 +2.373873318E-02 +5.248636578E-01 -1.837522128E-01 +1.304420706E-01 -4.844286668E-01
2.84285714286E+09 +2.970661651E-02 +2.936278147E-03 +2.695646070E-01 -4.942265219E-01 -1.125449164E-01 -4.515620549E-01
2.85357142857E+09 -6.473317278E-03 -4.034641837E-02 -9.772824102E-02 -5.300586337E-01 -2.506801403E-01 -3.015977577E-01
2.86428571429E+09 -3.871063509E-02 +3.172813667E-02 -3.227669384E-01 -3.454751119E-01 -2.429289021E-01 -2.077171351E-01
2.87500000000E+09 +4.105500531E-02 +1.317044641E-02 -4.149851191E-01 -1.742504159E-01 -3.255753425E-01 -2.017182742E-01
2.88571428571E+09 -4.491447348E-04 -3.130573246E-02 -4.837716778E-01 +6.237455741E-02 -4.647867044E-01 -4.787058125E-02
2.89642857143E+09 -2.383696812E-02 +3.320123349E-03 -3.624986880E-01 +3.713257939E-01 -4.740289191E-01 +1.959341549E-01
2.90714285714E+09 +3.309082741E-03 +2.015353205E-02 -1.257069184E-02 +5.346238910E-01 -3.220561108E-01 +3.979013774E-01
2.91785714286E+09 +1.893931575E-02 -2.529654338E-03 +3.726371733E-01 +4.003302541E-01 -7.501452789E-02 +4.943260966E-01
2.92857142857E+09 -1.780283697E-03 -1.996463646E-02 +5.603224308E-01 +4.095703718E-02 +1.813822793E-01 +4.497805687E-01
2.93928571429E+09 -2.431548739E-02 +1.968872342E-03 +4.622539630E-01 -3.406687315E-01 +3.676844532E-01 +2.729014852E-01
2.95000000000E+09 +7.738473983E-03 +3.323137544E-02 +1.436964528E-01 -5.487634039E-01 +3.838381147E-01 +4.392660393E-02
2.96071428571E+09 +3.782390254E-02 -2.959341241E-02 -1.910823292E-01 -4.801323969E-01 +2.716194864E-01 -7.128156410E-02
2.97142857143E+09 -4.909993231E-02 -1.279591569E-02 -3.564818912E-01 -2.951193048E-01 +2.747782487E-01 -7.805693438E-02
2.98214285714E+09 +9.481418756E-03 +3.712046008E-02 -4.742618337E-01 -8.741461086E-02 +3.211275782E-01 -2.381300444E-01
2.99285714286E+09 +2.373227250E-02 -1.287264079E-02 -4.599635918E-01 +2.353753965E-01 +1.855579105E-01 -4.276887178E-01
3.00357142857E+09 -9.776022529E-03 -1.795561523E-02 -2.248675202E-01 +4.877350793E-01 -6.536829304E-02 -4.950968644E-01
3.01428571429E+09 -1.568554666E-02 +7.524708070E-03 +1.608925486E-01 +5.279570433E-01 -3.112634199E-01 -4.135060262E-01
3.02500000000E+09 +5.851326582E-03 +1.616896273E-02 +4.792189310E-01 +3.048901190E-01 -4.718815147E-01 -2.160692635E-01
3.03571428571E+09 +1.954985091E-02 -5.267832702E-03 +5.785500346E-01 -7.082557569E-02 -4.872537321E-01 +3.177888833E-02
3.04642857143E+09 -8.347221254E-03 -2.669648636E-02 +4.016363970E-01 -4.240077656E-01 -3.575162525E-01 +2.345696901E-01
3.05714285714E+09 -3.446379839E-02 +2.359120390E-02 +3.655073123E-02 -5.466362727E-01 -1.676431110E-01 +2.861100939E-01
3.06785714286E+09 +5.010874944E-02 +1.895120997E-02 -2.480388773E-01 -4.071145504E-01 -1.170088283E-01 +2.287093937E-01
3.07857142857E+09 -1.343164502E-02 -4.517562187E-02 -4.064397122E-01 -2.226293581E-01 -1.171339574E-01 +3.120380469E-01
3.08928571429E+09 -2.604445394E-02 +2.115748177E-02 -4.959190563E-01 +6.618133188E-02 +6.564584763E-02 +4.104838258E-01
3.10000000000E+09 +1.764797984E-02 +1.634861433E-02 -3.555359694E-01 +3.930840164E-01 +3.070835871E-01 +3.442475152E-01
3.11071428571E+09 +1.339699595E-02 -1.412965461E-02 -1.843333449E-02 +5.504039199E-01 +4.505191746E-01 +1.297840262E-01
3.12142857143E+09 -1.232707147E-02 -1.384715132E-02 +3.437851404E-01 +4.526343030E-01 +4.445664599E-01 -1.272961391E-01
3.13214285714E+09 -1.645477913E-02 +1.264225152E-02 +5.656729559E-01 +1.397773052E-01 +2.889447250E-01 -3.377235468E-01
3.14285714286E+09 +1.719565120E-02 +2.124328864E-02 +5.251407091E-01 -2.560692835E-01 +5.438339096E-02 -4.070408635E-01
3.15357142857E+09 +2.468078097E-02 -3.076748426E-02 +2.149288012E-01 -5.117182427E-01 -1.263836770E-01 -3.157260428E-01
3.16428571429E+09 -5.233859614E-02 -1.077189540E-02 -1.396002639E-01 -4.669845083E-01 -1.451074357E-01 -1.856364234E-01
3.17500000000E+09 +2.345840299E-02 +4.917052960E-02 -3.343965931E-01 -2.932994901E-01 -1.341021125E-01 -2.164955327E-01
3.18571428571E+09 +2.365524330E-02 -3.273930264E-02 -4.721033129E-01 -6.892927226E-02 -3.004389114E-01 -2.332018093E-01
3.19642857143E+09 -2.551404036E-02 -1.120157039E-02 -4.552309875E-01 +2.526743796E-01 -4.496652954E-01 -5.749003236E-02
3.20714285714E+09 -8.739955700E-03 +1.969315924E-02 -2.184765969E-01 +5.065357388E-01 -4.297574134E-01 +1.919860194E-01
3.21785714286E+09 +1.725402581E-02 +9.721055840E-03 +1.385730150E-01 +5.565369652E-01 -2.660872383E-01 +3.838715418E-01
3.22857142857E+09 +1.225638434E-02 -1.791682934E-02 +4.633129400E-01 +3.593545770E-01 -2.448396338E-02 +4.472039326E-01
3.23928571429E+09 -2.273792018E-02 -1.511939008E-02 +5.819396325E-01 -2.668290679E-02 +1.821475219E-01 +3.581487885E-01
3.25000000000E+09 -1.498487816E-02 +3.433146565E-02 +3.871268117E-01 -3.925856824E-01 +2.667921002E-01 +1.624611613E-01
3.26071428571E+09 +5.055861369E-02 +1.866316209E-03 +1.953071392E-02 -4.922687105E-01 +2.045321206E-01 +1.757750574E-02
3.27142857143E+09 -2.834627571E-02 -5.067471188E-02 -2.459426983E-01 -3.678079741E-01 +1.477347276E-01 +4.406944421E-02
3.28214285714E+09 -2.450672807E-02 +4.337462373E-02 -4.146448797E-01 -1.920894732E-01 +2.663247799E-01 +3.444125439E-02
3.29285714286E+09 +3.557910104E-02 +6.869905218E-03 -5.007492848E-01 +7.967942901E-02 +3.146204250E-01 -1.769417151E-01
3.30357142857E+09 +2.679205862E-03 -2.734266884E-02 -3.935277367E-01 +3.827040878E-01 +1.560167603E-01 -3.735443961E-01
3.31428571429E+09 -2.402145693E-02 -3.016164912E-03 -1.009709173E-01 +5.668901239E-01 -9.057745412E-02 -4.174261745E-01
3.32500000000E+09 -4.292970982E-03 +2.468614581E-02 +2.697401976E-01 +5.198878162E-01 -2.957625468E-01 -2.961446213E-01
3.33571428571E+09 +2.896177312E-02 +4.613578909E-03 +5.317500038E-01 +2.123198976E-01 -3.753901084E-01 -7.993288779E-02
3.34642857143E+09 +1.111582508E-03 -3.679274260E-02 +4.931853903E-01 -2.038374557E-01 -3.151206298E-01 +1.125314358E-01
3.35714285714E+09 -4.598438927E-02 +1.098234533E-02 +1.842189328E-01 -4.418821248E-01 -1.752733381E-01 +1.809681372E-01
3.36785714286E+09 +3.446010454E-02 +4.570509587E-02 -1.261413731E-01 -4.110612042E-01 -1.024165101E-01 +1.128873547E-01
3.37857142857E+09 +2.329740358E-02 -5.226622167E-02 -3.206084311E-01 -2.838454517E-01 -1.848408511E-01 +1.210241083E-01
3.38928571429E+09 -4.662095267E-02 -1.657414758E-03 -4.705869793E-01 -8.937019834E-02 -1.574634769E-01 +2.956690622E-01
3.40000000000E+09 +5.123367297E-03 +3.669057843E-02 -4.914243807E-01 +2.028430512E-01 +5.186928680E-02 +3.882463476E-01
3.41071428571E+09 +3.234886507E-02 -6.152082345E-03 -3.046400499E-01 +4.730051751E-01 +2.633486812E-01 +2.834210611E-01
3.42142857143E+09 -7.353576038E-03 -3.260736451E-02 +4.556906436E-02 +5.637082239E-01 +3.448192396E-01 +6.646523187E-02
3.43214285714E+09 -3.551544218E-02 +1.124336014E-02 +3.870074774E-01 +3.724396058E-01 +2.752151107E-01 -1.377288352E-01
3.44285714286E+09 +1.943288218E-02 +3.885773181E-02 +4.870016884E-01 -1.442730238E-02 +1.146683498E-01 -2.226627235E-01
3.45357142857E+09 +3.939593533E-02 -3.219101395E-02 +2.906861137E-01 -3.298006885E-01 -3.214966029E-02 -1.699023665E-01
3.46428571429E+09 -4.951690660E-02 -3.236251691E-02 -7.367004778E-03 -4.095828414E-01 -4.467552683E-02 -6.622067284E-02
3.47500000000E+09 -1.176292208E-02 +6.313254139E-02 -2.304422626E-01 -3.345657525E-01 +3.222835622E-02 -8.836326526E-02
3.48571428571E+09 +5.844380351E-02 -1.270007206E-02 -3.958130948E-01 -2.033081772E-01 -4.176917837E-02 -2.164969401E-01
3.49642857143E+09 -2.415090809E-02 -4.525109524E-02 -5.019964514E-01 +2.424919328E-02 -2.376754698E-01 -1.836260894E-01
3.50714285714E+09 -3.648207342E-02 +2.685222838E-02 -4.380055019E-01 +3.157840406E-01 -3.286388898E-01 +1.456680037E-02
3.51785714286E+09 +2.904930310E-02 +3.250885478E-02 -1.643214223E-01 +5.133767984E-01 -2.581189730E-01 +2.069311070E-01
3.52857142857E+09 +3.025801309E-02 -3.401911825E-02 +1.968237695E-01 +4.572422522E-01 -9.642618468E-02 +2.784515813E-01
3.53928571429E+09 -4.160229028E-02 -2.709277746E-02 +4.073888362E-01 +1.533632001E-01 +5.502329374E-02 +2.269798886E-01
3.55000000000E+09 -2.075890525E-02 +5.148591378E-02 +3.402964787E-01 -1.805402271E-01 +1.062022078E-01 +1.103339625E-01
3.56071428571E+09 +6.235877003E-02 +8.690425764E-03 +1.083884687E-01 -3.469824829E-01 +4.497454214E-02 +4.063907108E-02
3.57142857143E+09 -1.151872708E-02 -6.846121400E-02 -1.153370664E-01 -3.463113852E-01 -4.774209111E-03 +9.905139369E-02
3.58214285714E+09 -6.233164185E-02 +3.485004708E-02 -2.865606529E-01 -2.667544329E-01 +8.618360741E-02 +1.660787003E-01
3.59285714286E+09 +4.996168520E-02 +4.678566403E-02 -4.211086251E-01 -1.113400905E-01 +2.135701622E-01 +7.107475585E-02
3.60357142857E+09 +3.091561736E-02 -5.649279284E-02 -4.475915393E-01 +1.343073273E-01 +1.982142241E-01 -1.041099175E-01
3.61428571429E+09 -5.938081077E-02 -1.779296738E-02 -2.810765070E-01 +3.679049234E-01 +5.995105043E-02 -1.860011836E-01
3.62500000000E+09 -6.164361165E-03 +6.050242363E-02 +2.861411434E-02 +4.202352680E-01 -8.062543423E-02 -1.418944668E-01
3.63571428571E+09 +6.092064783E-02 -5.274626491E-03 +2.851660859E-01 +2.297154026E-01 -1.291012981E-01 -3.155999126E-02
3.64642857143E+09 -1.680756920E-02 -6.121326667E-02 +3.249737322E-01 -6.679838285E-02 -7.842845898E-02 +4.866342503E-02
3.65714285714E+09 -6.093019137E-02 +3.048213617E-02 +1.726997593E-01 -2.752255112E-01 -3.913190226E-03 +3.790908303E-02
3.66785714286E+09 +4.874804061E-02 +5.632746327E-02 -2.581274443E-02 -3.257802588E-01 -1.032039729E-02 -3.414542987E-02
3.67857142857E+09 +4.282695451E-02 -6.746916409E-02 -1.764289187E-01 -2.840137994E-01 -1.007847651E-01 -3.647502043E-02
3.68928571429E+09 -7.838478551E-02 -2.071171985E-02 -2.968146210E-01 -2.002527869E-01 -1.465048757E-01 +6.794863019E-02
3.70000000000E+09 +2.194523681E-03 +7.958904703E-02 -3.783963473E-01 -4.121685050E-02 -7.832080240E-02 +1.552374507E-01
3.71071428571E+09 +7.438504127E-02 -2.160776476E-02 -3.310490064E-01 +1.705790229E-01 +2.458068825E-02 +1.498660351E-01
3.72142857143E+09 -3.806835448E-02 -6.588725083E-02 -1.274490789E-01 +3.020826883E-01 +7.145587686E-02 +8.453127808E-02
3.73214285714E+09 -5.529961748E-02 +5.122513478E-02 +1.149795366E-01 +2.459404355E-01 +4.725381057E-02 +3.092748316E-02
3.74285714286E+09 +6.199271353E-02 +4.309648261E-02 +2.370713126E-01 +4.353848964E-02 +2.995971234E-03 +3.417680814E-02
3.75357142857E+09 +2.923609488E-02 -7.153858668E-02 +1.862057966E-01 -1.579638250E-01 +1.398771979E-03 +7.884750785E-02
3.76428571429E+09 -7.967062549E-02 -1.267828412E-02 +4.538555946E-02 -2.458689219E-01 +5.573863667E-02 +9.816910246E-02
3.77500000000E+09 +8.474603371E-03 +8.373914913E-02 -6.943892500E-02 -2.323721047E-01 +1.107252635E-01 +5.453345034E-02
3.78571428571E+09 +8.070830389E-02 -3.227895497E-02 -1.374706315E-01 -2.000631352E-01 +1.092104452E-01 -1.164037215E-02
3.79642857143E+09 -5.358051434E-02 -6.895596371E-02 -2.139593809E-01 -1.559785350E-01 +6.469250475E-02 -4.882843783E-02
3.80714285714E+09 -5.127188629E-02 +6.975916566E-02 -2.748987829E-01 -3.638409900E-02 +2.574653018E-02 -5.235182914E-02
3.81785714286E+09 +7.935438191E-02 +3.119021871E-02 -2.178027443E-01 +1.271883338E-01 +1.024974267E-02 -4.677572044E-02
3.82857142857E+09 +1.016946228E-02 -8.360897245E-02 -3.893051966E-02 +1.954823527E-01 -4.373349314E-03 -5.147631301E-02
3.83928571429E+09 -8.317005367E-02 +1.086692231E-02 +1.209843053E-01 +1.032177266E-01 -3.387260133E-02 -5.553543790E-02
3.85000000000E+09 +3.118625159E-02 +7.772182870E-02 +1.441017151E-01 -4.936401389E-02 -7.103989732E-02 -4.181688047E-02
3.86071428571E+09 +6.675383645E-02 -4.961600171E-02 +7.123249955E-02 -1.261018498E-01 -1.014408865E-01 -7.554999206E-03
3.87142857143E+09 -6.414691762E-02 -5.113851936E-02 +2.436788878E-02 -1.204704111E-01 -1.171448590E-01 +3.541293428E-02
3.88214285714E+09 -3.288674777E-02 +7.327105297E-02 +3.090170746E-02 -1.324494981E-01 -1.151303647E-01 +9.069114347E-02
3.89285714286E+09 +7.754410134E-02 +1.428133760E-02 -1.109820465E-03 -1.957600070E-01 -8.986620460E-02 +1.559978696E-01
3.90357142857E+09 -3.488748575E-03 -7.754484054E-02 -1.206051150E-01 -2.110362052E-01 -2.771887237E-02 +2.086094520E-01
3.91428571429E+09 -7.525570967E-02 +2.099603306E-02 -2.254035264E-01 -9.304679170E-02 +6.968369652E-02 +2.163672712E-01
3.92500000000E+09 +3.928864076E-02 +7.008641763E-02 -1.829163869E-01 +7.760042656E-02 +1.626980952E-01 +1.644798451E-01
3.93571428571E+09 +5.880927327E-02 -5.895618853E-02 -2.612182383E-02 +1.323348891E-01 +1.997036877E-01 +7.089652471E-02
3.94642857143E+09 -7.514001751E-02 -3.798718258E-02 +6.647382073E-02 +5.363675574E-02 +1.746953493E-01 -1.454046199E-03
3.95714285714E+09 -1.174270859E-02 +7.967434603E-02 +5.091605295E-02 +9.181047973E-03 +1.508816283E-01 -2.859714953E-02
3.96785714286E+09 +7.305963095E-02 -1.019718609E-02 +8.036122305E-02 +3.863692215E-02 +1.550358213E-01 -6.417460658E-02
3.97857142857E+09 -2.432538823E-02 -6.249389082E-02 +1.836375425E-01 -7.772405278E-03 +1.404580496E-01 -1.436597476E-01
3.98928571429E+09 -5.264602274E-02 +3.347462516E-02 +2.044557911E-01 -1.723775089E-01 +5.840965410E-02 -2.211498251E-01
4.00000000000E+09 +4.065493245E-02 +4.498356581E-02 +5.368298895E-02 -3.041544183E-01 -8.662693566E-02 -2.346796317E-01
4.01071428571E+09 +3.813550571E-02 -4.822093777E-02 -1.588193258E-01 -2.547098663E-01 -2.266099737E-01 -1.482647969E-01
4.02142857143E+09 -5.885519383E-02 -2.962068870E-02 -2.467053079E-01 -5.522072346E-02 -2.780802881E-01 +1.193014641E-02
4.03214285714E+09 -1.375457726E-02 +7.148747250E-02 -1.510808960E-01 +1.120033378E-01 -2.068036741E-01 +1.589220164E-01
4.04285714286E+09 +7.588279752E-02 -1.358120485E-02 -2.261749090E-02 +1.255507652E-01 -9.272977442E-02 +1.979883715E-01
4.05357142857E+09 -4.038238517E-02 -6.105786009E-02 +6.492295887E-03 +1.141129728E-01 -4.863786916E-02 +1.823954807E-01
4.06428571429E+09 -3.725220470E-02 +4.992103051E-02 +7.588855427E-02 +1.764379438E-01 -3.274486760E-02 +2.245773195E-01
4.07500000000E+09 +4.716592475E-02 +1.999942142E-02 +2.535963788E-01 +1.434805880E-01 +5.569987665E-02 +2.844429080E-01
4.08571428571E+09 +1.102288059E-02 -4.208881144E-02 +3.545184480E-01 -6.999379238E-02 +2.084646921E-01 +2.726711183E-01
4.09642857143E+09 -3.894096047E-02 -6.807586435E-03 +2.331222481E-01 -3.072106781E-01 +3.496125895E-01 +1.580211423E-01
4.10714285714E+09 -4.406244716E-03 +3.946736831E-02 -3.877016285E-02 -3.681352560E-01 +3.944364975E-01 -3.045541912E-02
4.11785714286E+09 +4.452000409E-02 +7.710293467E-04 -2.598643064E-01 -2.055766307E-01 +3.089994964E-01 -2.256876204E-01
4.12857142857E+09 -1.038296983E-02 -5.332558410E-02 -2.785495861E-01 +4.124111239E-02 +1.208135992E-01 -3.167159512E-01
4.13928571429E+09 -5.437174823E-02 +3.613514407E-02 -1.534201516E-01 +1.669567052E-01 -4.185752382E-02 -2.525158457E-01
4.15000000000E+09 +5.843462870E-02 +2.979049913E-02 -8.766085691E-02 +2.024702771E-01 -6.420735347E-02 -1.729859078E-01
4.16071428571E+09 +1.204967920E-03 -5.385949655E-02 +7.395024632E-03 +3.048106425E-01 -9.412304131E-02 -1.914894163E-01
4.17142857143E+09 -3.989110770E-02 +1.039326428E-02 +2.403202188E-01 +3.059272632E-01 -2.217115793E-01 -1.718199025E-01
4.18214285714E+09 +1.252205902E-02 +3.003757390E-02 +4.190918144E-01 +8.682836930E-02 -3.431812792E-01 -4.009991638E-02
4.19285714286E+09 +2.516461755E-02 -1.217288314E-02 +3.657112066E-01 -2.138781246E-01 -3.504919886E-01 +1.588171791E-01
4.20357142857E+09 -1.201303576E-02 -2.395943780E-02 +1.027940796E-01 -3.822959353E-01 -2.308011244E-01 +3.471659708E-01
4.21428571429E+09 -2.572957534E-02 +1.371133808E-02 -1.959702271E-01 -3.106669616E-01 -2.101135186E-02 +4.373057142E-01
4.22500000000E+09 +2.065853295E-02 +2.964362557E-02 -3.391190186E-01 -6.248357715E-02 +1.995184681E-01 +3.842406199E-01
4.23571428571E+09 +2.901816318E-02 -3.820079942E-02 -2.667014177E-01 +1.562272019E-01 +3.129329902E-01 +2.145394684E-01
4.24642857143E+09 -5.504617814E-02 -5.143426598E-03 -1.714986517E-01 +2.246870236E-01 +2.804692026E-01 +9.046654972E-02
4.25714285714E+09 +2.168919917E-02 +4.105678775E-02 -1.066131373E-01 +3.464575548E-01 +2.991178115E-01 +6.964087858E-02
4.26785714286E+09 +2.188853834E-02 -2.432470835E-02 +1.381638696E-01 +4.228530217E-01 +3.813211750E-01 -2.702537199E-02
4.27857142857E+09 -1.982845749E-02 -1.364244698E-02 +3.946515026E-01 +2.452111450E-01 +3.647517801E-01 -2.116869596E-01
4.28928571429E+09 -1.109154732E-02 +1.634429195E-02 +4.335312334E-01 -8.496860581E-02 +2.263367816E-01 -3.817155752E-01
4.30000000000E+09 +1.493954096E-02 +1.090545795E-02 +2.204789882E-01 -3.464627695E-01 +1.315918390E-02 -4.542716804E-01
4.31071428571E+09 +1.217751848E-02 -1.586349702E-02 -1.088969346E-01 -3.835291790E-01 -2.183031444E-01 -3.919637164E-01
4.32142857143E+09 -2.040181912E-02 -1.422888409E-02 -3.557890239E-01 -1.926820767E-01 -3.789566840E-01 -2.047767910E-01
4.33214285714E+09 -1.303506555E-02 +3.185311546E-02 -3.890515548E-01 +7.309102861E-02 -3.797697410E-01 +3.624479255E-02
4.34285714286E+09 +4.560004576E-02 -5.735939108E-03 -2.904101169E-01 +2.180323099E-01 -2.488645146E-01 +1.684163804E-01
4.35357142857E+09 -3.186037586E-02 -3.030056714E-02 -2.355827693E-01 +3.333201196E-01 -2.049275122E-01 +1.767139162E-01
4.36428571429E+09 -8.226308808E-03 +2.937174423E-02 -3.328142530E-02 +4.787369069E-01 -1.877237106E-01 +2.859745483E-01
4.37500000000E+09 +2.052159110E-02 +1.579681080E-03 +2.737071685E-01 +3.975196313E-01 -3.895337616E-02 +4.156424977E-01
4.38571428571E+09 +8.209370810E-04 -1.561756992E-02 +4.314009374E-01 +9.331218976E-02 +1.831740729E-01 +4.356430383E-01
4.39642857143E+09 -1.354860035E-02 -1.339316268E-03 +3.231864923E-01 -2.405740090E-01 +3.755220024E-01 +3.250407588E-01
4.40714285714E+09 -2.282056624E-03 +1.353405131E-02 +1.577839826E-02 -4.017693760E-01 +4.921779404E-01 +1.267154405E-01
4.41785714286E+09 +1.566598729E-02 +3.289205658E-03 -2.991312088E-01 -3.087377882E-01 +4.889387103E-01 -1.108521665E-01
4.42857142857E+09 +2.943265773E-03 -2.139500703E-02 -4.386826938E-01 -5.358832721E-02 +3.592104160E-01 -3.182397277E-01
4.43928571429E+09 -3.142013326E-02 +6.785493613E-03 -3.766353170E-01 +1.556743321E-01 +1.627785327E-01 -3.806055903E-01
4.45000000000E+09 +3.065793976E-02 +2.399065574E-02 -3.158214023E-01 +2.556085925E-01 +5.272388923E-02 -3.240465103E-01
4.46071428571E+09 +4.147111596E-04 -2.985075761E-02 -1.930837203E-01 +4.371071984E-01 -2.078981586E-02 -3.690760138E-01
4.47142857143E+09 -1.861452909E-02 +5.592652921E-03 +1.227986293E-01 +4.655794643E-01 -1.957254008E-01 -3.845758147E-01
4.48214285714E+09 +5.033882963E-03 +1.303580871E-02 +3.760589974E-01 +2.247030028E-01 -3.715605369E-01 -2.554159095E-01
4.49285714286E+09 +1.093872122E-02 -3.975053336E-03 +3.840232367E-01 -1.335356118E-01 -4.650856698E-01 -3.250790215E-02
4.50357142857E+09 -3.114976865E-03 -1.051895690E-02 +1.469943921E-01 -3.936638683E-01 -4.207811258E-01 +2.112835142E-01
4.51428571429E+09 -1.155787004E-02 +2.712921922E-03 -1.821985552E-01 -4.206806967E-01 -2.556820097E-01 +4.084680370E-01
4.52500000000E+09 +3.498933105E-03 +1.461841096E-02 -4.138864548E-01 -2.378201505E-01 -3.221286520E-02 +4.818409355E-01
4.53571428571E+09 +2.018483267E-02 -8.713175198E-03 -4.486308731E-01 +1.418235547E-03 +1.923082684E-01 +3.987013212E-01
4.54642857143E+09 -2.553909582E-02 -1.872348616E-02 -3.819392380E-01 +1.371361243E-01 +2.911227317E-01 +2.465745617E-01
4.55714285714E+09 +3.777737749E-03 +3.033153843E-02 -3.364871575E-01 +2.969328462E-01 +3.218272392E-01 +1.959998081E-01
4.56785714286E+09 +1.679777861E-02 -1.187461810E-02 -8.027756027E-02 +4.510653122E-01 +4.278635336E-01 +9.788572989E-02
4.57857142857E+09 -9.817176469E-03 -9.726205113E-03 +2.502504295E-01 +3.266659606E-01 +4.760094549E-01 -1.097752989E-01
4.58928571429E+09 -7.304210518E-03 +7.644751930E-03 +3.853513050E-01 -1.133484982E-02 +3.966906755E-01 -3.252166352E-01
4.60000000000E+09 +6.247213393E-03 +6.800304330E-03 +2.450603330E-01 -3.344290709E-01 +2.246278806E-01 -4.826615821E-01
4.61071428571E+09 +7.311651366E-03 -5.549274179E-03 -5.406272106E-02 -4.593594873E-01 +2.924007294E-03 -5.327930908E-01
4.62142857143E+09 -5.980540831E-03 -8.887198596E-03 -3.235530966E-01 -3.601370322E-01 -2.191748660E-01 -4.371542216E-01
4.63214285714E+09 -1.192658345E-02 +9.128340049E-03 -4.351009383E-01 -1.441062208E-01 -3.868261972E-01 -2.381499192E-01
4.64285714286E+09 +1.961850798E-02 +1.305588453E-02 -3.981480202E-01 +2.821276716E-02 -4.071381300E-01 -3.228012444E-02
4.65357142857E+09 -3.062153605E-03 -2.981836343E-02 -3.711144533E-01 +1.510589929E-01 -3.380166293E-01 +7.777567250E-02
4.66428571429E+09 -1.690747308E-02 +1.709016639E-02 -2.249600342E-01 +3.655507262E-01 -3.300065594E-01 +1.925625250E-01
4.67500000000E+09 +1.464287530E-02 +6.320166529E-03 +1.241377847E-01 +3.823507849E-01 -2.424105405E-01 +3.692224293E-01
4.68571428571E+09 +3.072226549E-03 -1.083416534E-02 +3.730407748E-01 +1.165290338E-01 -4.318609786E-02 +4.785023006E-01
4.69642857143E+09 -8.582811487E-03 -2.539405436E-03 +3.572364004E-01 -2.282256911E-01 +1.859150675E-01 +4.587062961E-01
4.70714285714E+09 -3.043487461E-03 +7.525180701E-03 +1.334417986E-01 -4.437036906E-01 +3.849836018E-01 +3.104829634E-01
4.71785714286E+09 +7.477553917E-03 +3.999671614E-03 -1.381650059E-01 -4.524371020E-01 +5.164867989E-01 +9.714329490E-02
4.72857142857E+09 +5.288131275E-03 -9.285183697E-03 -3.166246448E-01 -3.044628729E-01 +5.139379169E-01 -1.174381550E-01
4.73928571429E+09 -1.485812380E-02 -5.803508459E-03 -3.488734009E-01 -1.264664108E-01 +3.810063584E-01 -2.975192698E-01
4.75000000000E+09 +2.122154018E-03 +2.389648601E-02 -3.334747966E-01 -1.306659688E-02 +2.129436886E-01 -3.777507697E-01
4.76071428571E+09 +1.811323048E-02 -1.853646356E-02 -3.125685478E-01 +1.865779780E-01 +1.091671777E-01 -4.104399378E-01
4.77142857143E+09 -1.876729097E-02 -3.848555217E-03 -2.729331459E-02 +3.617582526E-01 -3.448595364E-02 -4.591938198E-01
4.78214285714E+09 +8.581645349E-04 +1.295100624E-02 +3.050342483E-01 +2.147084587E-01 -2.309598035E-01 -4.269203187E-01
4.79285714286E+09 +9.349869218E-03 -1.246389994E-03 +4.025600026E-01 -1.040502913E-01 -4.054873733E-01 -2.660365818E-01
4.80357142857E+09 -6.919870208E-04 -7.839875821E-03 +2.690024083E-01 -3.605088868E-01 -5.019026951E-01 -3.517808093E-02
4.81428571429E+09 -7.842393685E-03 -3.492543633E-05 +3.565300479E-02 -4.477871456E-01 -4.637163729E-01 +1.911366532E-01
4.82500000000E+09 -6.277625563E-04 +9.046694227E-03 -1.642740503E-01 -3.756283223E-01 -3.002775994E-01 +3.591046599E-01
4.83571428571E+09 +1.220809621E-02 +2.845054770E-04 -2.563110896E-01 -2.287164015E-01 -7.658359870E-02 +4.563423292E-01
4.84642857143E+09 -4.344401779E-03 -1.755312933E-02 -2.711413599E-01 -1.058081001E-01 +1.346967828E-01 +4.195838764E-01
4.85714285714E+09 -1.684617763E-02 +1.756635290E-02 -3.018983142E-01 +4.256844383E-02 +2.549092591E-01 +3.141701983E-01
4.86785714286E+09 +2.304541822E-02 +1.664827198E-03 -1.632431234E-01 +3.007420420E-01 +3.502182516E-01 +2.274871803E-01
4.87857142857E+09 -6.390862436E-03 -1.491007149E-02 +1.912871308E-01 +3.241411833E-01 +4.618319149E-01 +7.655161348E-02
4.88928571429E+09 -9.116574896E-03 +6.115085994E-03 +4.021458844E-01 +8.076631100E-02 +5.050199664E-01 -1.369714996E-01
4.90000000000E+09 +4.620212893E-03 +6.821500150E-03 +3.794258827E-01 -1.850409835E-01 +4.292297049E-01 -3.152671930E-01
4.91071428571E+09 +6.314951842E-03 -3.861152007E-03 +2.208597680E-01 -3.356886183E-01 +2.244705508E-01 -4.549836515E-01
4.92142857143E+09 -3.582871286E-03 -6.868554948E-03 +4.172822018E-02 -3.502867250E-01 -2.711813380E-02 -5.056485899E-01
4.93214285714E+09 -8.652737017E-03 +4.157105092E-03 -8.269210251E-02 -2.786603408E-01 -2.257378043E-01 -4.581909471E-01
4.94285714286E+09 +6.937701110E-03 +1.112590859E-02 -1.528792191E-01 -1.924767931E-01 -3.750856111E-01 -3.018834449E-01
4.95357142857E+09 +1.199381170E-02 -1.467674871E-02 -2.339662862E-01 -8.494217571E-02 -4.228966092E-01 -1.073701681E-01
4.96428571429E+09 -2.351838242E-02 -2.277492040E-03 -2.514118183E-01 +1.639067632E-01 -3.984336868E-01 +4.608387644E-02
4.97500000000E+09 +1.078354528E-02 +1.774226408E-02 +1.748037851E-02 +3.630418079E-01 -3.782299045E-01 +1.859896860E-01
4.98571428571E+09 +8.677713911E-03 -1.191350672E-02 +3.034690206E-01 +2.491025898E-01 -2.808437223E-01 +3.460837418E-01
4.99642857143E+09 -9.420820938E-03 -4.911683797E-03 +3.811382877E-01 +2.526500869E-02 -8.140725871E-02 +4.525979221E-01
5.00714285714E+09 -3.738691498E-03 +7.760962581E-03 +3.141305918E-01 -1.391915629E-01 +1.550937959E-01 +4.705468869E-01
5.01785714286E+09 +7.209419973E-03 +3.672707364E-03 +2.002534513E-01 -2.122098521E-01 +3.431277436E-01 +3.573264956E-01
5.02857142857E+09 +4.104800212E-03 -7.613828899E-03 +9.419526677E-02 -2.244138481E-01 +4.680613747E-01 +1.559387810E-01
5.03928571429E+09 -9.408318087E-03 -4.699679380E-03 -6.518088096E-03 -2.127260936E-01 +4.848509620E-01 -7.377914908E-02
5.05000000000E+09 -4.276847127E-03 +1.350875559E-02 -1.382563236E-01 -1.604023232E-01 +3.985215270E-01 -2.691926813E-01
5.06071428571E+09 +1.941587363E-02 -1.657857540E-03 -2.634185289E-01 +3.148242792E-02 +2.510136045E-01 -3.816840395E-01
5.07142857143E+09 -1.393974868E-02 -1.663465654E-02 -1.520798749E-01 +3.233410574E-01 +1.186380136E-01 -4.166571878E-01
5.08214285714E+09 -5.171371044E-03 +1.644469714E-02 +1.472532594E-01 +3.650724552E-01 -4.635941926E-02 -4.495079397E-01
5.09285714286E+09 +1.229391719E-02 -1.496915281E-04 +3.000328500E-01 +2.095500774E-01 -2.374816338E-01 -4.308327644E-01
5.10357142857E+09 -1.033606436E-03 -9.173843934E-03 +3.143699376E-01 +6.705587297E-02 -4.007121864E-01 -2.957481527E-01
5.11428571429E+09 -7.695879806E-03 +8.643421854E-04 +2.833277330E-01 -3.171957788E-02 -4.909768655E-01 -7.969463801E-02
5.12500000000E+09 +5.917736703E-04 +7.468566115E-03 +2.311865530E-01 -1.173451378E-01 -4.698878050E-01 +1.461113973E-01
5.13571428571E+09 +8.220858203E-03 -3.700194286E-04 +1.328304482E-01 -1.972431226E-01 -3.512995591E-01 +3.346298950E-01
5.14642857143E+09 -9.417404796E-04 -1.027198474E-02 -3.729276357E-02 -2.271503561E-01 -1.516289316E-01 +4.379766369E-01
5.15714285714E+09 -1.383586043E-02 +4.059544562E-03 -2.431949882E-01 -1.183955101E-01 +5.668469735E-02 +4.274671845E-01
5.16785714286E+09 +1.293416696E-02 +1.503338738E-02 -3.158919604E-01 +1.642482841E-01 +2.160779929E-01 +3.300739807E-01
5.17857142857E+09 +4.637009768E-03 -2.096798807E-02 -1.101944736E-01 +3.822756626E-01 +3.089977937E-01 +2.483805168E-01
5.18928571429E+09 -1.560890164E-02 +5.994900556E-03 +1.036666486E-01 +3.393178707E-01 +4.000037261E-01 +1.317979261E-01
5.20000000000E+09 +7.377446870E-03 +8.932297958E-03 +1.845133481E-01 +2.484007798E-01 +4.484079918E-01 -7.805249452E-02
5.21071428571E+09 +6.099474424E-03 -6.006908477E-03 +2.386249727E-01 +1.684585122E-01 +4.010645593E-01 -3.035938368E-01
5.22142857143E+09 -4.822696210E-03 -5.212166246E-03 +2.716442569E-01 +4.729954947E-02 +2.380716302E-01 -4.441206500E-01
5.23214285714E+09 -5.295066416E-03 +4.381576833E-03 +2.233878425E-01 -1.123144805E-01 +1.222105829E-02 -4.979820477E-01
5.24285714286E+09 +4.699431307E-03 +6.054076857E-03 +5.304467921E-02 -2.360227160E-01 -2.071262257E-01 -4.478373082E-01
5.25357142857E+09 +7.380043919E-03 -6.384600874E-03 -1.985177917E-01 -2.147579626E-01 -3.628680080E-01 -2.886596876E-01
5.26428571429E+09 -1.079039690E-02 -8.202084398E-03 -3.834351850E-01 +3.548675401E-03 -4.292736500E-01 -1.035106021E-01
5.27500000000E+09 -3.536888575E-03 +1.845735410E-02 -3.282587158E-01 +2.959853789E-01 -3.835902518E-01 +4.124902999E-02
5.28571428571E+09 +1.703038152E-02 -9.403241353E-03 -1.018313195E-01 +3.930413915E-01 -3.562285712E-01 +1.543736219E-01
5.29642857143E+09 -1.220818985E-02 -6.748249469E-03 +3.497622627E-02 +3.531488564E-01 -3.152115802E-01 +3.096608303E-01
5.30714285714E+09 -2.484328699E-03 +9.020372967E-03 +1.530371329E-01 +3.078819404E-01 -1.544974540E-01 +4.364967444E-01
5.31785714286E+09 +6.879568378E-03 +1.725606068E-03 +2.731715232E-01 +1.821607173E-01 +8.061041447E-02 +4.627235308E-01
5.32857142857E+09 +1.763462815E-03 -6.043356232E-03 +3.024413455E-01 -3.611752396E-02 +2.846592013E-01 +3.586414117E-01
5.33928571429E+09 -6.024451439E-03 -2.198041698E-03 +1.677358777E-01 -2.568422827E-01 +4.460582779E-01 +1.749188089E-01
5.35000000000E+09 -2.714032501E-03 +6.818010597E-03 -1.032097149E-01 -3.438634015E-01 +4.826688962E-01 -2.854583678E-02
5.36071428571E+09 +8.998341390E-03 +2.985272065E-03 -3.732062343E-01 -2.212430473E-01 +3.809040275E-01 -1.915960507E-01
5.37142857143E+09 +7.434975133E-04 -1.402472809E-02 -4.785618615E-01 +5.585101525E-02 +2.102813388E-01 -3.027507501E-01
5.38214285714E+09 -1.633601073E-02 +1.057598193E-02 -3.488982320E-01 +2.900940812E-01 +1.088680426E-01 -3.271185590E-01
5.39285714286E+09 +1.642166598E-02 +3.904787118E-03 -1.796019593E-01 +3.460559109E-01 +3.253166723E-02 -3.888979728E-01
5.40357142857E+09 -2.127684937E-03 -1.050259335E-02 -2.567074590E-02 +3.700672666E-01 -1.769447672E-01 -4.054530381E-01
5.41428571429E+09 -6.885948226E-03 +2.296912929E-03 +1.752558852E-01 +2.988423224E-01 -3.728797532E-01 -2.928156106E-01
5.42500000000E+09 +1.756545866E-03 +5.498774930E-03 +3.113378882E-01 +7.588386857E-02 -4.715249818E-01 -8.203319753E-02
5.43571428571E+09 +5.078262808E-03 -1.364059090E-03 +2.609078586E-01 -2.125517275E-01 -4.458939047E-01 +1.276212186E-01
5.44642857143E+09 -1.006437104E-03 -5.403137013E-03 +2.051631778E-02 -4.016415905E-01 -3.041227488E-01 +2.933071423E-01
5.45714285714E+09 -6.362278009E-03 +7.223976703E-04 -2.828201036E-01 -3.837802460E-01 -1.028131727E-01 +4.129198411E-01
5.46785714286E+09 +1.406897640E-03 +8.704538221E-03 -4.932404328E-01 -1.746572662E-01 +8.353632164E-02 +4.010842416E-01
5.47857142857E+09 +1.227509644E-02 -6.861487284E-03 -5.015660480E-01 +1.125994660E-01 +1.653202858E-01 +2.838728135E-01
5.48928571429E+09 -1.762031339E-02 -5.347153228E-03 -3.353018816E-01 +2.898902258E-01 +2.030403120E-01 +2.351322090E-01
5.50000000000E+09 +5.583483504E-03 +1.254015962E-02 -1.616835413E-01 +3.665153129E-01 +3.638620049E-01 +1.958739561E-01
5.51071428571E+09 +6.493259182E-03 -5.826788549E-03 +7.943664513E-02 +3.707052265E-01 +4.792722114E-01 +8.965191725E-03
5.52142857143E+09 -4.350447394E-03 -4.223137162E-03 +3.122444180E-01 +1.935438170E-01 +4.069945415E-01 -2.173806642E-01
5.53214285714E+09 -3.554589410E-03 +3.380802391E-03 +3.772417961E-01 -1.171762932E-01 +2.292713949E-01 -3.578984111E-01
5.54285714286E+09 +2.883074045E-03 +3.554371469E-03 +2.220770755E-01 -3.974907382E-01 -2.203245042E-03 -4.357281328E-01
5.55357142857E+09 +4.247379654E-03 -2.814610990E-03 -6.791757086E-02 -5.095587906E-01 -1.725167499E-01 -3.996165459E-01
5.56428571429E+09 -3.293380757E-03 -5.735620883E-03 -3.538069693E-01 -4.156246012E-01 -2.757586675E-01 -2.471315199E-01
5.57500000000E+09 -8.151443824E-03 +6.357980637E-03 -5.097439932E-01 -1.626833173E-01 -2.950557856E-01 -5.768738894E-02
5.58571428571E+09 +1.541696692E-02 +5.632497628E-03 -4.570164162E-01 +1.166276983E-01 -2.430853676E-01 -5.887979649E-03
5.59642857143E+09 -7.974438343E-03 -1.472153435E-02 -2.864286602E-01 +2.858007877E-01 -3.265700422E-01 +2.465966692E-02
5.60714285714E+09 -5.370170091E-03 +9.768106612E-03 -4.316803280E-02 +3.790617527E-01 -3.229699990E-01 +2.338920325E-01
5.61785714286E+09 +7.002059081E-03 +2.119605587E-03 +2.547020319E-01 +2.927804717E-01 -1.278870395E-01 +3.974133881E-01
5.62857142857E+09 +1.604657023E-03 -5.163266603E-03 +4.318041464E-01 +1.656249960E-02 +1.047701105E-01 +4.529790605E-01
5.63928571429E+09 -4.084400257E-03 -1.743217394E-03 +3.878307527E-01 -3.040288814E-01 +2.432696552E-01 +3.880505674E-01
5.65000000000E+09 -1.961213044E-03 +3.775178168E-03 +1.601324126E-01 -5.167091249E-01 +2.885555790E-01 +1.386296716E-01
5.66071428571E+09 +4.480428613E-03 +2.783147310E-03 -1.436300184E-01 -5.407954890E-01 +3.041776450E-01 -5.698176721E-02
5.67142857143E+09 +3.799602568E-03 -6.839336303E-03 -3.979275144E-01 -3.669324742E-01 +2.357765531E-01 -1.803184671E-01
5.68214285714E+09 -1.263645558E-02 -2.240470573E-03 -4.795547740E-01 -6.525303893E-02 +1.461078175E-01 -1.650429571E-01
5.69285714286E+09 +8.979010100E-03 +1.448548137E-02 -3.608422944E-01 +2.005579814E-01 +1.713744845E-01 -1.640516812E-01
5.70357142857E+09 +3.449159424E-03 -1.317469342E-02 -1.366198599E-01 +3.677603443E-01 +1.020776982E-01 -3.283010258E-01
5.71428571429E+09 -8.513656402E-03 +1.280110996E-03 +1.775480184E-01 +3.835343738E-01 -1.291707565E-01 -3.940829345E-01
5.72500000000E+09 +1.485048191E-03 +5.683543566E-03 +4.398465647E-01 +1.874346726E-01 -2.858776816E-01 -2.704587682E-01
5.73571428571E+09 +4.536887079E-03 -7.957194619E-04 +5.181716668E-01 -1.220893706E-01 -3.198959892E-01 -6.411212195E-02
5.74642857143E+09 -1.316842840E-04 -4.181984017E-03 +3.945424167E-01 -4.053452675E-01 -3.071444106E-01 +1.791549651E-01
5.75714285714E+09 -4.558057744E-03 -2.637415372E-04 +1.245355975E-01 -5.544448388E-01 -2.164577249E-01 +2.611609110E-01
5.76785714286E+09 -2.737362707E-04 +6.157422767E-03 -1.907577369E-01 -5.022276771E-01 -6.231547188E-02 +2.247510018E-01
5.77857142857E+09 +9.252167597E-03 -1.313678086E-03 -4.084949755E-01 -2.487635194E-01 +1.396871266E-02 +1.665900874E-01
5.78928571429E+09 -8.448658079E-03 -1.119302687E-02 -4.074266870E-01 +8.291222735E-02 -5.929151501E-03 +1.399234200E-01
5.80000000000E+09 -2.962323880E-03 +1.485894235E-02 -2.229059493E-01 +3.296020372E-01 +6.290272069E-02 +2.805608728E-01
5.81071428571E+09 +1.011664171E-02 -4.146802433E-03 +6.579535775E-02 +4.375713716E-01 +2.604298484E-01 +2.614866850E-01
5.82142857143E+09 -4.376395318E-03 -5.627223911E-03 +3.679812445E-01 +3.484933691E-01 +3.218182016E-01 +3.557108850E-02
5.83214285714E+09 -3.995910331E-03 +3.440876085E-03 +5.481725506E-01 +9.884526889E-02 +2.782837904E-01 -1.977637688E-01
5.84285714286E+09 +2.819816777E-03 +3.742202989E-03 +5.416212659E-01 -2.034548080E-01 +1.505560692E-01 -2.765259601E-01
5.85357142857E+09 +4.122557168E-03 -2.580577270E-03 +3.494807178E-01 -4.457530384E-01 +2.128094734E-02 -2.424134233E-01
5.86428571429E+09 -3.040408039E-03 -4.914328360E-03 +2.989907947E-02 -5.207840137E-01 -8.627743388E-02 -1.317640482E-01
5.87500000000E+09 -5.977887635E-03 +4.776220889E-03 -2.808941507E-01 -3.622218060E-01 -9.278959239E-02 -6.645540141E-02
5.88571428571E+09 +8.824310892E-03 +5.823696061E-03 -4.097328291E-01 -3.272674624E-02 -4.391785825E-02 -9.074841328E-02
5.89642857143E+09 +7.665779258E-04 -1.334123827E-02 -3.025820689E-01 +2.813447125E-01 -1.046153773E-01 -1.909835815E-01
5.90714285714E+09 -1.111575325E-02 +6.790267841E-03 -5.858392194E-02 +4.597791470E-01 -2.618081164E-01 -8.379861470E-02
5.91785714286E+09 +7.952730061E-03 +5.300377512E-03 +2.332549872E-01 +4.755794246E-01 -2.653070016E-01 +1.668778264E-01
5.92857142857E+09 +2.556608760E-03 -6.268099364E-03 +4.789318998E-01 +3.219934205E-01 -1.240953135E-01 +2.666139088E-01
5.93928571429E+09 -5.241110262E-03 -1.820446593E-03 +5.889508707E-01 +5.168734528E-02 +3.514541873E-02 +1.793583022E-01
5.95000000000E+09 -1.793395799E-03 +5.064482252E-03 +5.131409490E-01 -2.446888614E-01 +1.326514156E-01 +9.831895647E-02
5.96071428571E+09 +5.592936519E-03 +1.882676979E-03 +2.509246794E-01 -4.463636489E-01 +1.208563660E-01 +4.295577775E-02
5.97142857143E+09 +1.596880647E-03 -6.824878994E-03 -1.031437870E-01 -4.292528787E-01 +5.800330591E-02 +5.237434470E-02
5.98214285714E+09 -8.574782164E-03 -1.621814570E-04 -3.596686455E-01 -1.756714544E-01 +7.183357143E-02 +1.137208521E-01
5.99285714286E+09 +3.256325420E-03 +9.834503942E-03 -3.847470122E-01 +1.645291210E-01 +1.583117042E-01 +1.076724172E-01
6.00357142857E+09 +7.944201135E-03 -8.222356824E-03 -2.172269324E-01 +4.204353366E-01 +2.886767819E-01 -5.432861636E-02
6.01428571429E+09 -1.017500727E-02 -2.883049308E-03 +4.014669680E-02 +5.319063166E-01 +1.984207997E-01 -2.614657534E-01
6.02500000000E+09 +6.082213883E-04 +8.344879735E-03 +3.126820900E-01 +4.845341674E-01 -1.544694783E-02 -2.537602288E-01
6.03571428571E+09 +6.285032609E-03 -1.788964515E-03 +5.149373439E-01 +2.815670418E-01 -1.113217917E-01 -1.563094463E-01
6.04642857143E+09 -2.019248798E-03 -5.278468748E-03 +5.586756779E-01 -2.256372285E-02 -1.093020100E-01 -4.648023598E-02
6.05714285714E+09 -4.870151988E-03 +2.335611694E-03 +3.906205648E-01 -3.117955864E-01 -5.761281102E-02 -9.157160965E-02
6.06785714286E+09 +2.897018219E-03 +4.880404207E-03 +5.442213422E-02 -4.304544565E-01 -5.343744129E-02 -1.270743781E-01
6.07857142857E+09 +5.073228281E-03 -3.784381144E-03 -2.788619410E-01 -2.948271605E-01 -1.094465469E-01 -1.139044253E-01
6.08928571429E+09 -5.068321065E-03 -5.119835413E-03 -4.340788957E-01 +7.558751499E-03 -2.425121617E-01 -2.020188460E-02
6.10000000000E+09 -4.603503507E-03 +7.351182493E-03 -3.753818859E-01 +3.078530002E-01 -2.787174388E-01 +1.595694801E-01
6.11071428571E+09 +1.020242619E-02 +1.526370525E-03 -1.789055617E-01 +4.974332721E-01 -1.081512935E-01 +2.906598313E-01
6.12142857143E+09 -3.756226336E-03 -9.856338598E-03 +7.586158610E-02 +5.521572610E-01 +1.156020166E-01 +2.240914917E-01
6.13214285714E+09 -6.376028925E-03 +6.359593061E-03 +3.353557204E-01 +4.522077324E-01 +1.463567990E-01 +1.011074065E-01
6.14285714286E+09 +6.135034640E-03 +3.580159986E-03 +4.979021879E-01 +1.895343271E-01 +7.972797939E-02 +7.171408323E-02
6.15357142857E+09 +2.136041921E-03 -5.435680522E-03 +4.516437967E-01 -1.448157920E-01 +9.409169732E-02 +8.542227513E-02
6.16428571429E+09 -4.951979827E-03 -1.385850561E-03 +1.855067254E-01 -3.771659173E-01 +1.679436463E-01 +3.876922201E-02
6.17500000000E+09 -1.049231547E-03 +4.822656744E-03 -1.634169447E-01 -3.772468897E-01 +2.709850977E-01 -7.810157908E-02
6.18571428571E+09 +5.136859810E-03 +8.778501394E-04 -4.146700726E-01 -1.694575727E-01 +2.670043798E-01 -2.033505677E-01
6.19642857143E+09 +7.610378629E-04 -6.156427924E-03 -4.800162465E-01 +1.186717870E-01 +1.497954267E-01 -3.108103499E-01
6.20714285714E+09 -8.049045320E-03 +5.221340603E-04 -3.756557934E-01 +3.641679909E-01 -8.365956809E-02 -3.468603589E-01
6.21785714286E+09 +5.071699979E-03 +9.009244136E-03 -1.708858970E-01 +5.028850168E-01 -2.568665487E-01 -2.450590339E-01
6.22857142857E+09 +4.616065729E-03 -9.699619265E-03 +8.643828425E-02 +5.213308164E-01 -2.315923573E-01 -8.261998368E-02
6.23928571429E+09 -8.702438169E-03 +4.612887284E-04 +3.434129163E-01 +3.646573118E-01 -1.988960364E-01 -3.913120086E-02
6.25000000000E+09 +2.071180817E-03 +6.123420506E-03 +4.439161491E-01 +4.508108095E-02 -2.495777949E-01 +1.371574012E-02
6.26071428571E+09 +4.582749829E-03 -2.117639942E-03 +2.993693945E-01 -2.678213336E-01 -2.940107305E-01 +1.392196208E-01
6.27142857143E+09 -1.882745643E-03 -3.806518549E-03 -4.760392108E-03 -4.031520381E-01 -2.808425910E-01 +2.372458765E-01
6.28214285714E+09 -3.627112362E-03 +1.809431822E-03 -3.017862052E-01 -3.212622529E-01 -1.112772562E-01 +3.065723483E-01
6.29285714286E+09 +2.126258860E-03 +4.123996076E-03 -4.693223954E-01 -9.601011089E-02 +9.413656137E-02 +3.436452833E-01
6.30357142857E+09 +5.231156012E-03 -3.379960366E-03 -4.679025634E-01 +1.616002848E-01 +2.720858658E-01 +2.604352443E-01
6.31428571429E+09 -6.757924436E-03 -5.730844877E-03 -3.297578292E-01 +3.572756265E-01 +3.674832866E-01 +6.863634473E-02
6.32500000000E+09 -9.860608650E-04 +1.113337504E-02 -1.120821441E-01 +4.595454902E-01 +2.817459007E-01 -9.716546737E-02
6.33571428571E+09 +8.138978770E-03 -5.549708517E-03 +1.741401624E-01 +4.208228080E-01 +2.191142049E-01 -1.678939275E-01
6.34642857143E+09 -6.077523041E-03 -3.372668418E-03 +3.847383503E-01 +1.658813432E-01 +2.065558405E-01 -2.570364909E-01
6.35714285714E+09 -1.542826224E-03 +4.661842288E-03 +3.623002752E-01 -1.653784026E-01 +1.092393783E-01 -3.028977349E-01
6.36785714286E+09 +3.558314412E-03 +1.181454893E-03 +1.445846608E-01 -3.876505485E-01 -8.391364337E-02 -3.551376817E-01
6.37857142857E+09 +1.247773551E-03 -2.996601125E-03 -1.376899176E-01 -4.241253397E-01 -2.931102423E-01 -3.313622973E-01
6.38928571429E+09 -2.886330747E-03 -1.344303961E-03 -3.644699083E-01 -2.943168172E-01 -4.173618950E-01 -2.749461029E-01
6.40000000000E+09 -1.610556911E-03 +3.561468809E-03 -4.617908128E-01 -7.019077485E-02 -4.538498470E-01 -9.400399927E-02
6.41071428571E+09 +5.589021598E-03 +1.416408697E-03 -4.144480343E-01 +1.561200711E-01 -3.989127900E-01 +1.663329308E-01
6.42142857143E+09 -1.371891672E-03 -8.259031565E-03 -2.614626967E-01 +3.242202507E-01 -2.599264880E-01 +3.176156836E-01
6.43214285714E+09 -6.401169142E-03 +7.172100880E-03 -7.188966906E-03 +4.079392073E-01 -1.385394084E-01 +3.597298248E-01
6.44285714286E+09 +7.405348256E-03 +6.627303448E-04 +2.880878796E-01 +2.763561369E-01 -3.247622035E-02 +3.516695921E-01
6.45357142857E+09 -1.297408469E-03 -4.849087925E-03 +4.006158278E-01 -2.604578191E-02 +1.420975779E-01 +3.358946464E-01
6.46428571429E+09 -3.424923334E-03 +1.386098471E-03 +2.998041537E-01 -2.993393281E-01 +3.164616285E-01 +2.960971320E-01
6.47500000000E+09 +1.117992967E-03 +2.874018189E-03 +8.068264821E-02 -4.399351236E-01 +3.700084243E-01 +1.606847441E-01
6.48571428571E+09 +2.772241559E-03 -9.486037889E-04 -1.574974202E-01 -4.273484017E-01 +3.828086517E-01 -8.552629936E-02
6.49642857143E+09 -1.016982524E-03 -3.017612489E-03 -3.351023649E-01 -2.879503399E-01 +2.831944184E-01 -2.761286611E-01
6.50714285714E+09 -3.558880713E-03 +1.677203447E-03 -4.042995098E-01 -7.929229543E-02 +1.621307024E-01 -4.545939245E-01
6.51785714286E+09 +3.513561653E-03 +4.157183316E-03 -3.557479868E-01 +1.404081385E-01 -2.148683806E-02 -4.543264628E-01
6.52857142857E+09 +2.748380136E-03 -6.712312172E-03 -1.781712392E-01 +3.292753329E-01 -2.040343234E-01 -3.502283415E-01
6.53928571429E+09 -7.104296914E-03 +1.717254351E-03 +1.339460718E-01 +3.637764936E-01 -3.560788405E-01 -2.425558938E-01
6.55000000000E+09 +3.558414299E-03 +3.857889406E-03 +3.764342638E-01 +1.535076668E-01 -4.463297833E-01 -1.626249474E-01
6.56071428571E+09 +1.807684319E-03 -2.909976322E-03 +4.074751609E-01 -1.246889942E-01 -4.306079230E-01 -1.340416531E-02
6.57142857143E+09 -2.289510803E-03 -1.104720827E-03 +2.856444589E-01 -3.328787299E-01 -3.231577331E-01 +2.141821461E-01
6.58214285714E+09 -1.016502575E-03 +2.081702638E-03 +8.684014723E-02 -4.280166891E-01 -2.937035579E-01 +3.780365054E-01
6.59285714286E+09 +2.036471428E-03 +1.040051576E-03 -1.267141092E-01 -3.986493778E-01 -1.546719374E-01 +4.981755590E-01
6.60357142857E+09 +1.148293501E-03 -2.208784958E-03 -2.948725530E-01 -2.522719244E-01 +4.388520146E-02 +4.854306359E-01
6.61428571429E+09 -2.802280094E-03 -1.104698502E-03 -3.597706561E-01 -2.060773554E-02 +2.504860814E-01 +3.706946724E-01
6.62500000000E+09 -3.381470380E-04 +3.973870286E-03 -2.722643901E-01 +2.340544127E-01 +4.003311468E-01 +1.634986655E-01
6.63571428571E+09 +4.820389393E-03 -1.927389004E-03 -1.413698581E-02 +3.971258985E-01 +4.476215543E-01 +1.228418436E-02
6.64642857143E+09 -4.499886242E-03 -2.996203353E-03 +2.974935469E-01 +3.295360781E-01 +3.627497174E-01 -1.254749804E-01
6.65714285714E+09 -2.821785364E-04 +4.016686898E-03 +4.528336033E-01 +9.623980998E-02 +2.367896610E-01 -3.046689458E-01
6.66785714286E+09 +2.581632217E-03 -7.444519229E-04 +4.444637269E-01 -1.355825977E-01 +1.243969375E-01 -4.406313230E-01
6.67857142857E+09 -9.296514248E-04 -1.767325921E-03 +3.286302922E-01 -3.167703796E-01 -1.374026661E-02 -4.480923335E-01
6.68928571429E+09 -1.503820842E-03 +8.518727775E-04 +1.256883151E-01 -4.140905719E-01 -2.227008205E-01 -3.301552999E-01
6.70000000000E+09 +8.457976543E-04 +1.506439444E-03 -1.203597328E-01 -3.739211251E-01 -4.393409958E-01 -1.284184221E-01
6.71071428571E+09 +1.725714603E-03 -9.216325098E-04 -3.107150663E-01 -1.719545864E-01 -5.650046453E-01 +4.443353306E-03
6.72142857143E+09 -1.061029494E-03 -1.816748168E-03 -3.333927600E-01 +1.285510943E-01 -5.521448904E-01 +1.702422998E-01
6.73214285714E+09 -1.932912322E-03 +1.774109581E-03 -1.487261680E-01 +3.869128881E-01 -4.090452702E-01 +2.758101994E-01
6.74285714286E+09 +3.064710076E-03 +1.293585567E-03 +1.661126061E-01 +4.582497894E-01 -1.964986615E-01 +4.525962676E-01
6.75357142857E+09 -7.184012770E-04 -3.487292882E-03 +4.201670185E-01 +3.045545841E-01 -1.293436214E-02 +5.154243296E-01
6.76428571429E+09 -1.929367967E-03 +1.646735580E-03 +5.104438407E-01 +7.845746137E-02 +7.303450047E-02 +4.682381591E-01
6.77500000000E+09 +1.329386161E-03 +9.195391270E-04 +4.866847639E-01 -1.499894375E-01 +3.104008852E-01 +2.861477043E-01
6.78571428571E+09 +5.538021683E-04 -1.049700076E-03 +3.321918141E-01 -3.522780655E-01 +4.838063823E-01 +1.387097256E-01
6.79642857143E+09 -9.491026599E-04 -4.315819838E-04 +5.590402855E-02 -4.333130071E-01 +5.692749269E-01 +1.235803250E-02
6.80714285714E+09 -4.548918094E-04 +1.033542829E-03 -2.356130634E-01 -3.131166172E-01 +5.337094025E-01 -1.138988813E-01
6.81785714286E+09 +1.173410106E-03 +6.654439102E-04 -3.905147127E-01 -2.216740140E-02 +1.736996538E-01 -2.425600463E-01
6.82857142857E+09 +8.707530121E-04 -1.339775735E-03 -3.267059140E-01 +3.021723777E-01 -1.470352400E-01 -4.856197675E-01
6.83928571429E+09 -1.782638550E-03 -8.132369872E-04 -7.730770382E-02 +5.114412646E-01 -2.456239083E-01 -5.282533185E-01
6.85000000000E+09 +4.627467206E-04 +2.520551554E-03 +2.387573347E-01 +5.063154755E-01 -2.795394746E-01 -3.369124082E-01
6.86071428571E+09 +1.261503582E-03 -2.278069760E-03 +4.458569002E-01 +3.196284960E-01 -4.413239335E-01 -5.415258055E-02
6.87142857143E+09 -1.626918692E-03 +4.335189829E-05 +5.232924683E-01 +7.955362908E-02 -5.511099978E-01 +1.554961702E-01
6.88214285714E+09 +1.480062966E-04 +9.435796477E-04 +4.574733746E-01 -1.934149123E-01 -5.397365570E-01 +2.889423203E-01
6.89285714286E+09 +6.546510312E-04 -6.006897512E-05 +2.117335205E-01 -3.911749045E-01 -2.417883459E-01 +4.182738775E-01
6.90357142857E+09 -1.309146483E-04 -5.574710671E-04 -1.256623336E-01 -3.861412019E-01 +1.123663586E-01 +3.429923331E-01
6.91428571429E+09 -6.012204992E-04 +1.209721735E-04 -3.865909447E-01 -1.631796858E-01 +3.146645577E-01 +6.818290574E-01
6.92500000000E+09 -8.087418282E-06 +6.929567961E-04 -4.495812990E-01 +1.675157316E-01 +2.021922277E-01 +5.876779055E-01
6.93571428571E+09 +1.084825687E-03 +1.921932823E-04 -2.999532441E-01 +4.587041725E-01 +4.402720886E-01 +5.383861848E-01
6.94642857143E+09 +5.386048171E-05 -1.746171062E-03 -4.722813609E-03 +5.893066664E-01 +3.170653897E-01 +1.961469259E-01
6.95714285714E+09 -1.630409799E-03 +1.645426456E-03 +2.886107148E-01 +4.963796821E-01 +4.649344463E-01 -8.712638938E-02
6.96785714286E+09 +1.789099978E-03 -3.387533979E-04 +4.578523026E-01 +2.811631733E-01 +4.419713394E-01 -1.919093777E-01
6.97857142857E+09 -7.298732040E-04 -9.613078646E-04 +4.994221979E-01 -1.219879580E-02 +1.814642593E-01 -2.506877644E-01
6.98928571429E+09 -6.434139536E-04 +5.150057638E-04 +3.377849517E-01 -3.001117107E-01 -2.289686865E-01 -3.991341171E-01
7.00000000000E+09 +3.130597005E-04 +5.054913536E-04 +1.496887022E-02 -4.272997999E-01 -4.613547792E-01 -4.368192999E-01
7.01071428571E+09 +4.431560435E-04 -1.136772769E-04 -3.173062218E-01 -3.229135824E-01 -4.478650756E-01 -5.440578920E-01
7.02142857143E+09 -1.572358146E-04 -4.105809276E-04 -5.093699447E-01 -4.201916506E-02 -3.885941863E-01 -4.564558894E-01
7.03214285714E+09 -4.839710050E-04 +1.263075228E-04 -4.894677021E-01 +2.892766009E-01 -4.135986911E-01 +4.323862684E-01
7.04285714286E+09 +2.802660984E-04 +7.320552781E-04 -2.686977061E-01 +5.349125304E-01 -5.062707532E-01 +5.006010005E-01
7.05357142857E+09 +1.099841465E-03 -1.023420535E-03 +6.025705226E-02 +5.779152073E-01 -2.827119154E-01 +5.746622090E-01
7.06428571429E+09 -1.489605416E-03 +2.643733272E-04 +3.188761536E-01 +4.145862862E-01 -5.111823065E-02 +4.266368791E-01
7.07500000000E+09 +6.905451799E-04 +4.009087926E-04 +4.595143766E-01 +1.475782124E-01 +3.173188975E-01 +5.976810632E-01
7.08571428571E+09 +6.739926729E-05 -6.108062025E-04 +4.138322676E-01 -1.835774101E-01 +4.810705404E-01 +9.167345118E-01
7.09642857143E+09 -4.783861940E-04 -1.953641623E-04 +1.627984836E-01 -4.227192895E-01 +2.573070870E-01 +7.301834623E-01
7.10714285714E+09 -3.513183639E-04 +2.919047375E-04 -1.803914125E-01 -4.559071293E-01 +1.655854074E-01 +3.985439234E-01
7.11785714286E+09 +1.594213453E-04 +3.860344497E-04 -4.664643197E-01 -2.761405353E-01 +2.333155479E-01 -2.751228950E-01
7.12857142857E+09 +4.060325574E-04 -2.914493994E-05 -5.799988457E-01 +3.783381433E-02 +3.916583175E-01 -6.443566711E-01
7.13928571429E+09 -1.075432459E-04 -4.699947135E-04 -4.702323373E-01 +3.565974029E-01 +3.432460533E-01 -5.955078885E-01
7.15000000000E+09 -6.755357027E-04 +5.432030081E-04 -1.727421058E-01 +5.326622760E-01 +1.578701070E-01 -4.359001957E-01
7.16071428571E+09 +1.738982145E-03 +1.106687861E-04 +1.590570502E-01 +4.661682238E-01 -2.056353523E-01 -2.859222198E-01
7.17142857143E+09 -1.241674896E-03 -7.002765826E-04 +3.720330854E-01 +2.465265780E-01 -4.596894138E-01 -2.317004391E-01
7.18214285714E+09 +1.719621599E-05 +6.623189306E-04 +4.425347089E-01 -7.270709137E-02 -2.688569249E-01 -1.139983071E-02
7.19285714286E+09 +3.286581459E-04 -1.132020937E-04 +2.965879338E-01 -3.802456916E-01 -1.500199663E-01 +7.609658128E-01
7.20357142857E+09 -2.269803366E-05 -2.531060203E-04 -3.829598175E-03 -5.328229186E-01 -1.058704005E+00 +7.042445585E-01
7.21428571429E+09 -3.709162225E-04 -7.602428321E-05 -3.300208587E-01 -4.727253386E-01 -8.357428450E-01 +1.094001591E+00
7.22500000000E+09 -2.369849312E-04 +2.299417121E-04 -5.507741059E-01 -2.242767923E-01 -6.510154279E-01 +7.499498490E-01
7.23571428571E+09 +2.934310001E-04 +4.003631307E-04 -5.665253519E-01 +1.162232786E-01 -1.792079499E-01 +8.799846748E-01
7.24642857143E+09 +4.386310462E-04 -1.698487120E-04 -3.512441047E-01 +3.968520659E-01 -1.800504416E-01 +2.635435500E-01
7.25714285714E+09 -5.114585595E-04 -5.154101456E-04 +1.089789911E-03 +4.650563384E-01 +5.889141905E-01 +7.066631056E-02
7.26785714286E+09 +6.528746149E-04 +9.335786921E-04 +2.893394942E-01 +3.051209841E-01 +5.916806889E-01 +1.933915809E-01
7.27857142857E+09 +1.185937317E-04 -9.258794261E-04 +4.501751624E-01 +3.278957764E-02 +3.412753049E-01 -1.031064941E-01
7.28928571429E+09 -4.377348665E-04 -1.142014723E-05 +4.184751139E-01 -2.998198421E-01 +2.738538995E-01 -6.153129535E-01
7.30000000000E+09 -5.678470341E-05 +4.129192543E-04 +1.914493643E-01 -5.405942783E-01 +3.494129299E-01 -1.492368831E+00
7.31071428571E+09 +1.442909606E-04 +1.183948560E-04 -1.304121753E-01 -5.937723772E-01 +8.216261197E-01 -9.481404019E-01
7.32142857143E+09 +4.753337714E-06 -1.370464803E-04 -4.200497644E-01 -4.387924507E-01 -3.805773513E-02 -2.011219020E-01
7.33214285714E+09 -2.705235898E-04 -1.046247295E-04 -5.559274867E-01 -1.292035946E-01 -8.281059295E-01 +3.808499452E-01
7.34285714286E+09 -1.353778341E-04 +3.806285045E-04 -4.646359943E-01 +2.093186152E-01 -6.351548184E-01 +4.113238257E-01
7.35357142857E+09 +5.377190824E-04 +3.013910462E-04 -1.721596561E-01 +4.167798638E-01 -6.635270353E-01 +1.877991965E-01
7.36428571429E+09 +5.435086436E-08 -9.979786495E-04 +1.743829940E-01 +3.874717492E-01 -2.601797930E-01 +3.064649290E-01
7.37500000000E+09 -1.031978756E-04 +9.336375138E-04 +4.132490142E-01 +1.896969619E-01 +9.192472319E-02 +6.766823925E-01
7.38571428571E+09 +5.907437602E-04 -3.668605690E-04 +5.184124308E-01 -1.132480690E-01 -2.054978340E-03 +7.459828961E-01
7.39642857143E+09 -1.775565422E-04 -3.717817747E-04 +4.083592051E-01 -4.244614266E-01 -4.349315585E-02 +3.432528383E-01
7.40714285714E+09 -2.982200141E-04 +1.375968130E-05 +1.297515315E-01 -5.977033355E-01 +2.571948076E-01 +4.216819345E-02
7.41785714286E+09 -2.432207003E-04 +2.999933310E-04 -1.985187833E-01 -5.608223850E-01 +1.648433706E+00 -4.108115088E-01
7.42857142857E+09 +2.628265064E-04 +3.265959667E-04 -4.392578337E-01 -3.245023197E-01 +1.312358127E+00 -1.042643845E+00
7.43928571429E+09 +1.964348673E-04 -2.271017933E-05 -4.849511221E-01 +1.784682182E-02 +1.572305223E+00 +1.966429969E-01
7.45000000000E+09 -2.278852644E-04 -5.904031185E-05 -3.087861912E-01 +3.188446198E-01 +5.644809963E-01 +2.064531961E-01
7.46071428571E+09 -9.301631009E-06 +7.777595933E-04 +8.706133740E-03 +4.430033702E-01 +4.823955755E-02 -2.345545819E-01
7.47142857143E+09 +1.196219028E-03 -1.004692016E-03 +3.060742366E-01 +3.603708157E-01 -9.193434702E-02 -3.646258509E-01
7.48214285714E+09 -9.744906536E-04 +3.317824468E-04 +5.165934681E-01 +1.512881883E-01 -2.091474068E-01 -3.745356746E-01
7.49285714286E+09 +5.146424857E-04 +3.064476637E-04 +5.617398578E-01 -1.685900003E-01 -4.184474596E-01 +1.576741210E-01
7.50357142857E+09 +1.985701004E-04 -3.996153022E-04 +3.844011019E-01 -4.465621325E-01 -7.323358692E-01 +4.209401770E-01
7.51428571429E+09 -1.545057977E-04 -2.874255296E-04 +6.540702711E-02 -5.477282515E-01 -4.765847712E-01 -2.092494083E-01
7.52500000000E+09 -2.948462871E-04 +1.418813875E-04 -2.513881872E-01 -4.229994469E-01 -5.962302784E-01 +4.358897988E-03
7.53571428571E+09 -5.421994777E-06 +2.979162403E-04 -4.237804121E-01 -1.259036651E-01 +3.421684370E-01 -2.260906965E-01
7.54642857143E+09 +2.704545136E-04 +1.143031071E-04 -3.779894588E-01 +2.109089314E-01 +7.050113198E-01 +1.721464472E-01
7.55714285714E+09 +3.490754455E-05 -4.088136048E-05 -1.442472888E-01 +4.418179647E-01 +7.803640440E-01 +9.923471105E-01
7.56785714286E+09 -5.055384454E-04 +4.060913655E-04 +1.589213069E-01 +4.784402164E-01 +4.003503750E-01 +4.740562017E-01
7.57857142857E+09 +1.248373362E-03 +1.922049813E-04 +4.006740840E-01 +3.583139760E-01 +4.901628593E-01 +8.144363415E-02
7.58928571429E+09 -3.650033543E-04 -7.239551615E-04 +5.607018119E-01 +1.143325945E-01 +7.289430523E-01 -8.272955264E-02
7.60000000000E+09 -3.666611054E-04 +1.544825953E-04 +5.161259414E-01 -2.045286825E-01 +1.029000986E+00 +1.440158898E-01
7.61071428571E+09 +6.167292773E-05 +2.757497023E-04 +2.664681394E-01 -4.223092401E-01 +1.158762243E+00 +4.283274032E-01
7.62142857143E+09 +1.421705402E-04 -2.251770332E-04 -6.851244594E-02 -4.326231315E-01 -2.894068413E-01 +6.521074196E-02
7.63214285714E+09 -1.970802183E-04 -2.752078942E-04 -3.356848188E-01 -2.351934450E-01 -5.270318446E-01 -5.398054437E-01
7.64285714286E+09 -3.823193868E-04 +1.553744610E-04 -4.251306423E-01 +7.383068564E-02 -4.725191126E-01 -6.189587087E-01
7.65357142857E+09 +1.887526997E-04 +4.613398344E-04 -3.164553203E-01 +3.587722062E-01 -3.577572696E-01 -4.310536281E-01
7.66428571429E+09 +6.108585231E-04 -4.632458051E-04 -7.637631195E-02 +5.085304713E-01 -1.835112605E-01 +2.107213450E-01
7.67500000000E+09 -1.375172810E-03 -2.026246953E-04 +1.771234070E-01 +4.925126581E-01 -2.183823936E-01 +4.909578907E-01
7.68571428571E+09 +1.230949207E-03 +1.231144358E-03 +3.920480065E-01 +3.592888360E-01 -9.466950604E-02 +3.775956311E-01
7.69642857143E+09 +2.803667814E-04 -8.979491823E-04 +5.001399397E-01 +7.472149369E-02 +3.589441805E-01 +5.171735204E-01
7.70714285714E+09 -5.232607186E-04 -1.954400345E-04 +3.793383877E-01 -2.254706823E-01 +7.131489620E-01 +6.072202468E-01
7.71785714286E+09 -2.056140575E-04 +2.291601281E-04 +9.538049483E-02 -3.777785508E-01 +9.295767151E-01 +9.382496649E-01
7.72857142857E+09 +1.357815803E-04 +3.541357347E-05 -2.116191575E-01 -3.255353731E-01 +4.148387855E-01 +9.597810102E-01
7.73928571429E+09 -8.527375265E-06 -2.264223738E-04 -4.141197967E-01 -1.136543609E-01 +1.227617037E-01 +5.685912521E-01
7.75000000000E+09 -4.033751660E-04 -1.141193327E-04 -4.503711964E-01 +1.547321218E-01 +3.223384745E-01 -1.591782669E-01
7.76071428571E+09 -2.773685804E-04 +6.009010799E-04 -3.342048950E-01 +3.734122735E-01 +4.681382415E-01 -3.854017164E-01
7.77142857143E+09 +1.141466668E-03 +2.433594953E-04 -1.352848579E-01 +4.799680229E-01 +5.145959043E-01 -4.330191591E-01
7.78214285714E+09 -7.471176242E-04 -1.611325398E-03 +9.081166957E-02 +4.808846929E-01 +2.224752104E-01 -4.160163989E-01
7.79285714286E+09 -3.817254974E-04 +1.669978473E-03 +3.209398493E-01 +3.233122771E-01 -5.857719132E-02 -4.078979593E-01
7.80357142857E+09 +1.207898690E-03 -3.077314447E-04 +3.819737326E-01 +2.429251264E-02 -2.061705034E-01 -4.232615383E-01
7.81428571429E+09 -2.953776236E-04 -7.926317041E-04 +2.380510095E-01 -2.328874053E-01 -2.275859241E-01 -2.896248098E-01
7.82500000000E+09 -5.328386154E-04 +2.866437876E-04 -1.412946306E-02 -3.412466405E-01 -3.467936038E-02 +1.316126120E-01
7.83571428571E+09 +1.597582684E-04 +2.393488830E-04 -2.588080148E-01 -2.859645862E-01 -7.554374002E-02 +8.408409037E-01
7.84642857143E+09 +3.150641099E-04 -3.959660470E-04 -4.115287779E-01 -1.167869217E-01 -1.795719570E-01 +5.233527137E-01
7.85714285714E+09 -4.595746109E-04 -4.354573981E-04 -4.391234154E-01 +9.121462017E-02 +9.895084031E-02 +4.499044662E-01
7.86785714286E+09 -7.011066702E-04 +7.056553424E-04 -3.526204060E-01 +2.733341712E-01 +6.057606251E-01 +2.839898777E-01
7.87857142857E+09 +1.176080821E-03 +6.317848055E-04 -1.752326861E-01 +3.918062005E-01 +5.249525957E-01 +2.483389177E-01
7.88928571429E+09 -3.840538720E-04 -1.536181359E-03 +8.401811237E-02 +3.858859807E-01 +6.150769354E-01 +1.605021342E-01
7.90000000000E+09 -6.704858432E-04 +1.060317874E-03 +2.849706828E-01 +1.784575916E-01 +5.032445487E-01 -1.940429543E-02
7.91071428571E+09 +8.415308679E-04 +1.526012587E-04 +2.989433312E-01 -8.577201091E-02 +5.101440147E-01 -2.715729752E-01
7.92142857143E+09 +8.542489827E-05 -6.022100386E-04 +1.789177134E-01 -2.897155173E-01 +5.946095053E-01 -4.808159728E-01
7.93214285714E+09 -4.801054724E-04 -1.252391283E-04 -1.519922818E-02 -3.927858664E-01 +3.418922056E-01 -4.483674364E-01
7.94285714286E+09 -1.097687528E-04 +4.509562781E-04 -2.249426499E-01 -3.778049847E-01 +8.104471047E-02 -2.679225149E-01
7.95357142857E+09 +5.642253873E-04 +6.127629693E-05 -3.903698398E-01 -2.520925871E-01 -3.976127863E-01 -4.564530973E-01
7.96428571429E+09 +1.734950592E-04 -7.684550880E-04 -4.588890855E-01 -4.934928575E-02 -2.736230592E-01 -4.092167028E-01
7.97500000000E+09 -1.175863678E-03 -1.424694469E-04 -3.947486369E-01 +1.732439136E-01 -2.114016334E-01 -2.703483201E-01
7.98571428571E+09 +4.806863251E-04 +1.697829057E-03 -1.882598376E-01 +3.324699938E-01 -1.213995956E-01 +5.571053217E-02
7.99642857143E+09 +8.868082304E-04 -1.821440262E-03 +9.976891411E-02 +3.177385233E-01 -1.523067155E-01 +4.089425046E-01
8.00714285714E+09 -1.424374006E-03 +8.568551597E-04 +2.948416569E-01 +1.243526398E-01 -1.056020875E-01 +3.488535517E-01
8.01785714286E+09 +8.714429036E-04 +5.291155853E-04 +3.442891885E-01 -1.160722012E-01 +3.126104037E-01 +2.201552033E-01
8.02857142857E+09 +2.623048488E-04 -5.759630188E-04 +2.608372036E-01 -3.396648994E-01 +6.608124985E-01 +1.365622048E-01
8.03928571429E+09 -3.554927746E-04 -1.962562128E-04 +6.439200518E-02 -4.749220933E-01 +8.843014552E-01 +1.089466160E-01
8.05000000000E+09 -2.165095606E-04 +2.096379213E-04 -1.766813690E-01 -4.661676621E-01 +6.393296359E-01 -2.057437694E-02
8.06071428571E+09 +2.825325903E-04 +1.750812899E-04 -3.702087591E-01 -3.081590367E-01 +6.419279188E-01 +1.677670029E-01
8.07142857143E+09 +3.112988420E-04 -3.592431275E-04 -4.326909696E-01 -5.052237425E-02 +3.452555262E-01 -2.577437424E-01
8.08214285714E+09 -5.769505764E-04 -4.470520919E-04 -3.177815325E-01 +2.107010753E-01 +3.876571642E-01 -4.877203866E-01
8.09285714286E+09 -2.961928549E-04 +1.077622522E-03 -4.869785261E-02 +3.498449150E-01 +3.643293262E-01 -5.024303364E-01
8.10357142857E+09 +1.062121557E-03 -7.841780298E-04 +2.425068914E-01 +2.848834514E-01 +8.977690790E-02 -3.631858359E-01
8.11428571429E+09 -1.025539144E-03 -1.654739317E-04 +4.270144518E-01 +7.547235984E-02 -1.752205251E-01 -5.742078052E-01
8.12500000000E+09 +1.128771875E-04 +7.788702762E-04 +4.569328110E-01 -1.972995571E-01 -1.094546219E-01 -4.935830162E-01
8.13571428571E+09 +6.418814038E-04 -1.540335376E-04 +3.166639718E-01 -4.321915518E-01 -1.631157110E-01 -3.010942707E-01
8.14642857143E+09 -3.631123476E-05 -4.800085307E-04 +6.238696886E-02 -5.344729060E-01 +3.474955111E-01 +2.978270805E-01
8.15714285714E+09 -4.850549390E-04 +4.658791198E-05 -2.072734513E-01 -4.653008198E-01 +5.206992744E-01 +8.732865715E-01
8.16785714286E+09 -3.817670888E-05 +2.490547018E-04 -3.932551040E-01 -2.465780286E-01 -4.319914554E-01 +7.880001401E-01
8.17857142857E+09 +3.437994144E-04 -1.989162102E-04 -4.225909573E-01 +5.057982212E-02 -3.300362500E-01 +1.341079759E-01
8.18928571429E+09 -3.921312019E-04 -5.702451050E-04 -2.687132233E-01 +3.194318902E-01 +3.611469433E-01 -7.512292150E-02
8.20000000000E+09 -4.986530655E-04 +8.529520651E-04 +2.004650590E-02 +4.430403300E-01 +6.276083592E-01 +1.973066832E-02
8.21071428571E+09 +9.277139386E-04 -1.716417931E-04 +3.162716351E-01 +3.665977938E-01 +5.639166613E-01 +9.459304685E-02
8.22142857143E+09 -4.541743716E-04 -4.457447647E-04 +5.022362364E-01 +1.322834402E-01 +2.970456964E-01 -2.196477618E-01
8.23214285714E+09 -3.869860556E-04 +3.113395884E-04 +5.022318142E-01 -1.677423374E-01 +5.480906292E-01 -7.896925212E-01
8.24285714286E+09 +3.204507447E-04 +1.204703336E-04 +3.132858987E-01 -4.027817660E-01 +2.975401151E-01 -8.898871513E-02
8.25357142857E+09 +2.161010602E-04 -7.654192754E-05 +1.843216665E-02 -4.744202665E-01 +9.148493945E-01 -6.377649818E-01
8.26428571429E+09 -7.036283673E-05 -1.594473665E-04 -2.644841068E-01 -3.578746109E-01 +7.952602510E-01 -1.511946465E-01
8.27500000000E+09 -1.926832866E-04 +2.024645569E-05 -4.309555105E-01 -9.761577359E-02 -4.106125744E-01 +3.317222111E-01
8.28571428571E+09 +1.981762748E-04 +9.066203255E-06 -4.177324244E-01 +2.143722052E-01 -1.041330352E+00 -4.378326398E-01
8.29642857143E+09 +5.817219327E-05 -6.466487821E-04 -2.214690814E-01 +4.606663017E-01 -3.777986667E-01 -7.646715618E-01
8.30714285714E+09 -8.435937413E-04 +1.001389957E-04 +8.474321966E-02 +5.350895385E-01 +3.358863633E-02 -1.387712207E-01
8.31785714286E+09 +6.475722609E-04 +5.493401415E-04 +3.683590198E-01 +4.040060418E-01 -9.294384000E-02 +3.358881934E-01
8.32857142857E+09 +1.556031808E-08 -4.209667106E-04 +5.115973788E-01 +1.253741608E-01 -4.936675396E-01 +1.583948397E-01
8.33928571429E+09 -3.776106533E-04 +1.913573842E-04 +4.541661406E-01 -1.857824478E-01 +2.156024681E-01 -7.732283204E-01
8.35000000000E+09 +9.431059612E-05 +2.168248749E-04 +2.236299217E-01 -4.018979187E-01 +7.950658084E-01 -3.230424587E-01
8.36071428571E+09 +7.949381114E-05 -9.716672476E-05 -8.593384833E-02 -4.472873246E-01 +1.036277597E+00 +2.699854862E-01
8.37142857143E+09 -7.019219955E-05 +4.021356558E-05 -3.650985610E-01 -3.138807900E-01 +1.535179453E+00 +5.099837192E-01
8.38214285714E+09 -1.653130129E-04 -2.620602701E-05 -5.206751116E-01 -4.842832586E-02 -9.523743209E-02 +1.002356911E+00
8.39285714286E+09 +1.027872841E-04 -1.815917136E-04 -4.930060107E-01 +2.603855491E-01 -2.291955800E+00 -1.282186496E+00
8.40357142857E+09 +2.526183537E-04 -1.448662875E-04 -2.782378751E-01 +4.928678510E-01 +1.268575777E+00 -7.858566366E-01
8.41428571429E+09 -4.556569125E-04 -3.031643425E-04 +4.335104606E-02 +5.371680828E-01 +4.347149985E-01 -7.450311182E-01
8.42500000000E+09 -1.648398291E-04 +4.227098119E-04 +3.237690964E-01 +3.642329168E-01 +3.987166670E-01 -4.618887025E-01
8.43571428571E+09 +2.221142953E-04 -3.297129298E-05 +4.391759519E-01 +5.358314735E-02 -4.789081543E-01 +5.430367687E-01
8.44642857143E+09 +2.092370836E-04 -4.853786858E-04 +3.468288286E-01 -2.618265672E-01 -2.480154508E+00 +3.640826749E+00
8.45714285714E+09 +1.398858036E-04 +6.131166292E-04 +9.719445603E-02 -4.605038628E-01 +1.043060137E+00 -2.374590314E+00
8.46785714286E+09 +1.401860179E-04 +7.015561864E-05 -2.092258226E-01 -4.849711726E-01 +8.353488646E-01 +2.124569031E-02
8.47857142857E+09 +1.237595020E-04 -9.887470442E-05 -4.709733293E-01 -3.379238040E-01 +7.842292711E-01 +2.351187780E-01
8.48928571429E+09 -9.697321798E-05 -4.932195360E-06 -6.009955536E-01 -6.658372939E-02 +1.020295319E+00 +1.019551083E+00
8.50000000000E+09 -1.310420688E-04 +1.311488778E-04 -5.402398264E-01 +2.381638414E-01 +6.946554617E-03 +1.541980746E+00

[Channel0\Trace0\Marker0]
Enabled=1
Position=0.266666666666667

[Channel0\Trace1]
ReferencePosition[0]=1

[Channel0\Trace1\Marker0]
Enabled=1
Position=0.266666666666667

[Channel0\Trace2]
SPort=0
FormatType=2

[Channel0\Trace2\Marker0]
Enabled=1
Position=0.266666666666667

[Channel0\Trace3]
SPort=0
FormatType=2

[Channel0\Trace3\Marker0]
Enabled=1
Position=0.266666666666667

