[NWA State]
TriggerSource=3

[Channel0]
Points=501
FrequencyStart=2000000000
FrequencyStop=7000000000
FixedPower[0]=5
FixedPower[1]=5
IFBW=1000
CorrectionEnabled=1
TraceCount=4

[Channel0\Correction\11]
Calyyyymmdd=2022/04/09
Calhhmmss=15:17:58
VNATemperature=37.2 °C
Type=3
KitLabel=ACM2509.2
KitDescription=AutoCal Module 20 kHz-9 GHz (CMT), SN: 19039185, Char: Factory, 29.6°C, ThermoComp: ON
CalIFBW=1 kHz
CalPower=5 dBm
CalPorts[0]=0
CalPorts[1]=0

[Channel0\Correction\11\Data]
2.00000000000E+09 -6.418736099E-03 -1.550699869E-01 -7.423253744E-02 -5.932750997E-02 -2.304428600E-01 +6.556084009E-02
2.01000000000E+09 -1.547840393E-01 -3.088444733E-02 -9.996095578E-02 +3.142063784E-03 -1.961896864E-01 +8.114422308E-02
2.02000000000E+09 -6.509881657E-02 +1.473391380E-01 -5.303023192E-02 +6.799922853E-02 -1.547573160E-01 +6.362475267E-02
2.03000000000E+09 +1.321631094E-01 +9.420883967E-02 +2.736434954E-02 +6.244612015E-02 -1.424935457E-01 +1.655593865E-02
2.04000000000E+09 +1.172236853E-01 -1.086112726E-01 +5.777125522E-02 +2.286067733E-03 -1.744762152E-01 -2.392967306E-02
2.05000000000E+09 -7.807183463E-02 -1.346328983E-01 +3.153718005E-02 -3.301850434E-02 -2.236720875E-01 -2.739256916E-02
2.06000000000E+09 -1.458086875E-01 +4.311641839E-02 +1.505443882E-02 -2.215693420E-02 -2.584600737E-01 -1.160024531E-03
2.07000000000E+09 +6.142201364E-03 +1.499716154E-01 +3.694546748E-02 -1.963339982E-02 -2.698905798E-01 +3.651832693E-02
2.08000000000E+09 +1.463189435E-01 +3.103927600E-02 +4.884485117E-02 -6.032744201E-02 -2.623139253E-01 +7.586977015E-02
2.09000000000E+09 +6.684693178E-02 -1.356155583E-01 +4.705366946E-03 -1.003072667E-01 -2.310466370E-01 +1.104469083E-01
2.10000000000E+09 -1.188246422E-01 -9.914415570E-02 -6.250419066E-02 -7.798870000E-02 -1.774582256E-01 +1.194437715E-01
2.11000000000E+09 -1.250736704E-01 +9.750362322E-02 -7.783846871E-02 -6.017066211E-03 -1.276254787E-01 +8.360529745E-02
2.12000000000E+09 +7.148720561E-02 +1.425636915E-01 -2.942131964E-02 +3.691408116E-02 -1.216710024E-01 +1.805392057E-02
2.13000000000E+09 +1.510800225E-01 -4.083528280E-02 +1.128627753E-02 +1.981078962E-02 -1.654990047E-01 -3.068178890E-02
2.14000000000E+09 -6.534674853E-03 -1.516438348E-01 +3.688396195E-03 +1.264045838E-03 -2.251680568E-01 -3.496672518E-02
2.15000000000E+09 -1.448312829E-01 -2.849489701E-02 -4.699582868E-03 +2.532501754E-02 -2.681887850E-01 -6.217498888E-03
2.16000000000E+09 -6.206293427E-02 +1.309234030E-01 +3.538130442E-02 +5.189844557E-02 -2.878494239E-01 +3.825400626E-02
2.17000000000E+09 +1.102270414E-01 +9.232430254E-02 +9.256360459E-02 +2.140274913E-02 -2.841416592E-01 +8.804286490E-02
2.18000000000E+09 +1.182975109E-01 -8.406608449E-02 +9.589798000E-02 -5.164744932E-02 -2.510195307E-01 +1.317119640E-01
2.19000000000E+09 -5.458294503E-02 -1.382902507E-01 +3.430212654E-02 -9.208777574E-02 -1.935416308E-01 +1.450852498E-01
2.20000000000E+09 -1.510250319E-01 +2.398320289E-02 -2.433103165E-02 -6.226061444E-02 -1.422936950E-01 +1.127349430E-01
2.21000000000E+09 -6.976957838E-03 +1.544503479E-01 -2.432121969E-02 -1.396612059E-02 -1.314295273E-01 +5.518306493E-02
2.22000000000E+09 +1.485032653E-01 +3.783743311E-02 -1.352938634E-03 -8.562129985E-03 -1.607900251E-01 +1.369431081E-02
2.23000000000E+09 +6.759758272E-02 -1.342496323E-01 -1.524527902E-02 -2.112288598E-02 -1.999634192E-01 +4.235639360E-03
2.24000000000E+09 -1.136136115E-01 -9.418214765E-02 -4.724572030E-02 +8.460559035E-03 -2.300395232E-01 +1.464379515E-02
2.25000000000E+09 -1.158688917E-01 +8.715323162E-02 -3.145684437E-02 +6.965819872E-02 -2.524767936E-01 +3.559413554E-02
2.26000000000E+09 +5.611949160E-02 +1.314835778E-01 +3.712438996E-02 +9.004252222E-02 -2.641153206E-01 +6.644203556E-02
2.27000000000E+09 +1.407483224E-01 -2.224328558E-02 +8.716058929E-02 +4.229130018E-02 -2.543394092E-01 +9.925866772E-02
2.28000000000E+09 +1.177281003E-02 -1.433222822E-01 +6.912887195E-02 -1.460296089E-02 -2.267110667E-01 +1.141568840E-01
2.29000000000E+09 -1.384832028E-01 -4.422750250E-02 +2.245559343E-02 -1.574254751E-02 -2.043851855E-01 +1.052691446E-01
2.30000000000E+09 -7.359939078E-02 +1.254442561E-01 +1.814108632E-02 +1.885831371E-02 -2.032162752E-01 +9.361508359E-02
2.31000000000E+09 +1.050548768E-01 +9.976440271E-02 +5.172853786E-02 +1.816293209E-02 -2.078172292E-01 +9.779813253E-02
2.32000000000E+09 +1.214106907E-01 -7.931026378E-02 +5.437791215E-02 -2.718980260E-02 -1.977580349E-01 +1.084349562E-01
2.33000000000E+09 -5.049742815E-02 -1.372899558E-01 +1.135284830E-03 -5.161878960E-02 -1.778502655E-01 +1.037694986E-01
2.34000000000E+09 -1.454514250E-01 +1.985064607E-02 -4.955260463E-02 -1.318142476E-02 -1.692738224E-01 +8.354368251E-02
2.35000000000E+09 -1.155298271E-02 +1.456292071E-01 -4.216314896E-02 +4.219563799E-02 -1.765179054E-01 +6.471389510E-02
2.36000000000E+09 +1.381195326E-01 +4.240027142E-02 -7.097600337E-03 +5.311578542E-02 -1.874577389E-01 +5.349300619E-02
2.37000000000E+09 +7.049101159E-02 -1.239022104E-01 -5.196743453E-03 +3.692039183E-02 -2.019132580E-01 +4.287905187E-02
2.38000000000E+09 -1.027383181E-01 -9.404059432E-02 -2.708251816E-02 +5.386927035E-02 -2.313627701E-01 +3.890566968E-02
2.39000000000E+09 -1.124738105E-01 +7.544736691E-02 -8.758360523E-03 +1.013668316E-01 -2.671806978E-01 +6.126001506E-02
2.40000000000E+09 +4.298253977E-02 +1.257411642E-01 +6.060215891E-02 +1.102184323E-01 -2.805539102E-01 +1.096520804E-01
2.41000000000E+09 +1.332310446E-01 -9.245703936E-03 +1.143129773E-01 +4.482177854E-02 -2.560807939E-01 +1.561764222E-01
2.42000000000E+09 +2.403310505E-02 -1.347414832E-01 +8.878468344E-02 -4.349349585E-02 -2.101802667E-01 +1.717587635E-01
2.43000000000E+09 -1.291372980E-01 -5.469030472E-02 +6.178627481E-03 -7.361870900E-02 -1.720067468E-01 +1.567949378E-01
2.44000000000E+09 -8.190867361E-02 +1.161177405E-01 -5.318357869E-02 -3.738102605E-02 -1.508674500E-01 +1.310653748E-01
2.45000000000E+09 +9.670668647E-02 +1.045253028E-01 -6.281041142E-02 +4.225770837E-04 -1.400464565E-01 +1.025082836E-01
2.46000000000E+09 +1.213526302E-01 -7.251461734E-02 -7.110450352E-02 +1.131766666E-02 -1.458904933E-01 +6.632848749E-02
2.47000000000E+09 -4.426560350E-02 -1.309125222E-01 -1.010480267E-01 +3.920399314E-02 -1.816928454E-01 +3.865120520E-02
2.48000000000E+09 -1.332852276E-01 +1.251311569E-02 -1.021683325E-01 +1.081296101E-01 -2.317663155E-01 +4.580849724E-02
2.49000000000E+09 -2.067092075E-02 +1.290724880E-01 -3.466454243E-02 +1.635528543E-01 -2.589605478E-01 +8.582858726E-02
2.50000000000E+09 +1.199617265E-01 +5.283891412E-02 +5.920923696E-02 +1.416330960E-01 -2.503835050E-01 +1.248227015E-01
2.51000000000E+09 +8.151273237E-02 -1.055946487E-01 +9.805091681E-02 +5.427704405E-02 -2.264689656E-01 +1.383299960E-01
2.52000000000E+09 -8.590890455E-02 -1.044846333E-01 +5.854169453E-02 -1.790872702E-02 -2.127150728E-01 +1.366660381E-01
2.53000000000E+09 -1.212935258E-01 +6.088837934E-02 +3.855325096E-03 -2.824811695E-02 -2.076256009E-01 +1.413568430E-01
2.54000000000E+09 +3.243818849E-02 +1.319777305E-01 -1.387149177E-02 -1.892794291E-02 -1.937207836E-01 +1.482862448E-01
2.55000000000E+09 +1.360904484E-01 -2.572923040E-03 -2.517747001E-02 -3.763421884E-02 -1.769188345E-01 +1.402677077E-01
2.56000000000E+09 +2.690084206E-02 -1.324732165E-01 -7.766119685E-02 -5.493065782E-02 -1.766264195E-01 +1.235832447E-01
2.57000000000E+09 -1.209261611E-01 -5.538436429E-02 -1.432183600E-01 -1.318642966E-02 -1.892345470E-01 +1.204540179E-01
2.58000000000E+09 -8.171449689E-02 +1.032034750E-01 -1.505860292E-01 +7.325374317E-02 -1.897857441E-01 +1.308292860E-01
2.59000000000E+09 +8.128418502E-02 +1.047952872E-01 -8.769851877E-02 +1.290245680E-01 -1.727712070E-01 +1.283094719E-01
2.60000000000E+09 +1.216592565E-01 -5.622465226E-02 -1.852915828E-02 +1.142199834E-01 -1.668221033E-01 +1.040824006E-01
2.61000000000E+09 -2.888405567E-02 -1.308889229E-01 +1.666343425E-03 +7.228057243E-02 -1.911384797E-01 +8.468868143E-02
2.62000000000E+09 -1.323913718E-01 -7.440099957E-04 -6.077941876E-04 +5.838546737E-02 -2.252289713E-01 +9.632472260E-02
2.63000000000E+09 -3.088505396E-02 +1.273775843E-01 +2.507777531E-02 +5.240341305E-02 -2.377528964E-01 +1.266019564E-01
2.64000000000E+09 +1.162075004E-01 +5.908848884E-02 +5.910438676E-02 +3.624085851E-04 -2.306112373E-01 +1.494105777E-01
2.65000000000E+09 +8.324199381E-02 -9.887859614E-02 +3.351936456E-02 -8.530359840E-02 -2.223486195E-01 +1.621064488E-01
2.66000000000E+09 -7.541982386E-02 -1.026461241E-01 -6.058255280E-02 -1.242852620E-01 -2.124533228E-01 +1.789631881E-01
2.67000000000E+09 -1.174137490E-01 +4.778795056E-02 -1.474110563E-01 -7.720947779E-02 -1.855904415E-01 +1.932678451E-01
2.68000000000E+09 +1.793262874E-02 +1.270552617E-01 -1.631758813E-01 +4.706675957E-03 -1.457215666E-01 +1.838195088E-01
2.69000000000E+09 +1.299912365E-01 +1.135813523E-02 -1.269234949E-01 +5.086889489E-02 -1.269151458E-01 +1.445141473E-01
2.70000000000E+09 +3.920771499E-02 -1.255270396E-01 -9.995868744E-02 +5.820282844E-02 -1.468963632E-01 +1.089819312E-01
2.71000000000E+09 -1.134245987E-01 -6.523527125E-02 -8.993779678E-02 +7.636248516E-02 -1.829069730E-01 +1.053932348E-01
2.72000000000E+09 -8.861668743E-02 +9.555230233E-02 -4.791299654E-02 +1.095141275E-01 -2.023465372E-01 +1.214903157E-01
2.73000000000E+09 +7.348468548E-02 +1.074194129E-01 +3.512584681E-02 +9.780832613E-02 -2.055869831E-01 +1.326576235E-01
2.74000000000E+09 +1.199621505E-01 -4.799311450E-02 +8.972138719E-02 +1.118353501E-02 -2.102048863E-01 +1.399216991E-01
2.75000000000E+09 -1.944617076E-02 -1.254077642E-01 +5.704498306E-02 -8.741585863E-02 -2.154319349E-01 +1.582301693E-01
2.76000000000E+09 -1.247689255E-01 -1.077553503E-02 -2.575240190E-02 -1.198675246E-01 -2.029728055E-01 +1.809609496E-01
2.77000000000E+09 -4.045484566E-02 +1.182459269E-01 -8.113557029E-02 -9.078265520E-02 -1.768659899E-01 +1.873830662E-01
2.78000000000E+09 +1.062656032E-01 +6.712814822E-02 -9.123206177E-02 -6.252516631E-02 -1.607917916E-01 +1.720486207E-01
2.79000000000E+09 +8.970742078E-02 -8.821159091E-02 -1.036220684E-01 -5.915706725E-02 -1.667884328E-01 +1.595064617E-01
2.80000000000E+09 -6.499549693E-02 -1.074641244E-01 -1.415515725E-01 -3.646127809E-02 -1.770805931E-01 +1.628341165E-01
2.81000000000E+09 -1.205142572E-01 +3.839329406E-02 -1.560253363E-01 +3.606523796E-02 -1.716841407E-01 +1.689951844E-01
2.82000000000E+09 +1.056368568E-02 +1.277192766E-01 -9.574875201E-02 +1.100058963E-01 -1.603989531E-01 +1.620650090E-01
2.83000000000E+09 +1.276303509E-01 +1.706443373E-02 +7.630741134E-03 +1.099848220E-01 -1.630376000E-01 +1.512857993E-01
2.84000000000E+09 +4.342945739E-02 -1.199125256E-01 +6.814849225E-02 +3.794753206E-02 -1.766182906E-01 +1.539376092E-01
2.85000000000E+09 -1.057817767E-01 -6.831742745E-02 +5.957031307E-02 -3.095940592E-02 -1.799221849E-01 +1.672930823E-01
2.86000000000E+09 -9.000187750E-02 +8.646568768E-02 +3.400435818E-02 -5.767806958E-02 -1.714353840E-01 +1.734234928E-01
2.87000000000E+09 +6.304191387E-02 +1.070158758E-01 +2.781792987E-02 -7.669666047E-02 -1.656301882E-01 +1.693700069E-01
2.88000000000E+09 +1.178219915E-01 -3.626930099E-02 +9.063176910E-03 -1.188631061E-01 -1.693349975E-01 +1.685751517E-01
2.89000000000E+09 -7.594773935E-03 -1.228645297E-01 -5.931169049E-02 -1.467419380E-01 -1.689589301E-01 +1.725245597E-01
2.90000000000E+09 -1.222400685E-01 -2.154341142E-02 -1.426408632E-01 -1.034726826E-01 -1.598196657E-01 +1.713931172E-01
2.91000000000E+09 -4.873055508E-02 +1.155993294E-01 -1.633441144E-01 -2.293898293E-03 -1.564470386E-01 +1.601603359E-01
2.92000000000E+09 +1.023776952E-01 +7.206839470E-02 -1.008363390E-01 +7.395874883E-02 -1.716081332E-01 +1.544357080E-01
2.93000000000E+09 +9.120594271E-02 -8.339533697E-02 -2.248687850E-02 +7.635669932E-02 -1.916409054E-01 +1.685531648E-01
2.94000000000E+09 -5.934878884E-02 -1.063102538E-01 +1.314596749E-02 +4.582208996E-02 -1.938656850E-01 +1.946644365E-01
2.95000000000E+09 -1.162977399E-01 +3.220802218E-02 +2.692396914E-02 +3.398615602E-02 -1.757764759E-01 +2.146993888E-01
2.96000000000E+09 +3.523305909E-03 +1.205037585E-01 +6.176713283E-02 +2.566511821E-02 -1.506075173E-01 +2.208342274E-01
2.97000000000E+09 +1.184524260E-01 +2.503150787E-02 +1.008121261E-01 -2.460116237E-02 -1.254675185E-01 +2.153349801E-01
2.98000000000E+09 +5.257810834E-02 -1.110249444E-01 +8.531098731E-02 -1.062075630E-01 -1.013574865E-01 +1.948608987E-01
2.99000000000E+09 -9.837508871E-02 -7.702012786E-02 +4.422592112E-03 -1.492794884E-01 -9.126687636E-02 +1.566970954E-01
3.00000000000E+09 -1.008818434E-01 +7.538430239E-02 -6.888860834E-02 -1.180623072E-01 -1.139764580E-01 +1.158181236E-01
3.01000000000E+09 +5.243376874E-02 +1.125196252E-01 -9.186956918E-02 -5.238496936E-02 -1.673689021E-01 +1.027979229E-01
3.02000000000E+09 +1.177834455E-01 -2.604900080E-02 -7.642405563E-02 -1.460167087E-02 -2.183878257E-01 +1.293478115E-01
3.03000000000E+09 +2.069726228E-03 -1.166737998E-01 -7.478108890E-02 +3.014785062E-03 -2.397175150E-01 +1.788301853E-01
3.04000000000E+09 -1.098686902E-01 -2.976255316E-02 -7.985906360E-02 +4.603161150E-02 -2.284512832E-01 +2.297754958E-01
3.05000000000E+09 -5.559464487E-02 +9.751342060E-02 -3.961725517E-02 +1.082588658E-01 -1.930940564E-01 +2.709780651E-01
3.06000000000E+09 +8.072976202E-02 +7.863757405E-02 +5.407875604E-02 +1.256586884E-01 -1.381258828E-01 +2.913645856E-01
3.07000000000E+09 +9.839711224E-02 -6.049930078E-02 +1.363034938E-01 +6.087636979E-02 -7.498257411E-02 +2.764389169E-01
3.08000000000E+09 -3.878642642E-02 -1.136018412E-01 +1.401452924E-01 -4.109027263E-02 -3.056065805E-02 +2.207985724E-01
3.09000000000E+09 -1.229076579E-01 +1.657704078E-02 +7.658987587E-02 -1.008926220E-01 -3.577337744E-02 +1.476789265E-01
3.10000000000E+09 -5.954990144E-03 +1.249029926E-01 +1.497352707E-02 -1.011170981E-01 -8.878997317E-02 +9.871602987E-02
3.11000000000E+09 +1.197249846E-01 +2.884041162E-02 -2.059937610E-02 -9.013450208E-02 -1.532225537E-01 +9.365452063E-02
3.12000000000E+09 +5.114350682E-02 -1.079760577E-01 -6.589087667E-02 -8.145808266E-02 -2.008649924E-01 +1.213167591E-01
3.13000000000E+09 -9.056191844E-02 -7.149761158E-02 -1.239177567E-01 -3.261950505E-02 -2.251480445E-01 +1.680870093E-01
3.14000000000E+09 -8.838204052E-02 +6.781906668E-02 -1.363979213E-01 +6.617056446E-02 -2.241907726E-01 +2.249864480E-01
3.15000000000E+09 +4.131341813E-02 +1.012348944E-01 -6.719673628E-02 +1.518893585E-01 -1.916762421E-01 +2.743337344E-01
3.16000000000E+09 +1.093707692E-01 -1.272695438E-02 +4.032074277E-02 +1.588978556E-01 -1.343231155E-01 +2.939882991E-01
3.17000000000E+09 +1.569796856E-02 -1.125964804E-01 +1.076688058E-01 +9.278482535E-02 -8.107644723E-02 +2.733115465E-01
3.18000000000E+09 -1.097901367E-01 -4.245919367E-02 +1.047092090E-01 +2.149990609E-02 -5.856581726E-02 +2.290740529E-01
3.19000000000E+09 -6.600931147E-02 +1.007599283E-01 +7.631540445E-02 -8.814435270E-03 -6.595534122E-02 +1.914019960E-01
3.20000000000E+09 +8.586522516E-02 +8.629314716E-02 +6.491531714E-02 -2.608787850E-02 -8.200978361E-02 +1.699001607E-01
3.21000000000E+09 +1.020369352E-01 -6.654434598E-02 +4.402259947E-02 -6.474011224E-02 -1.008469511E-01 +1.567290063E-01
3.22000000000E+09 -4.355149446E-02 -1.121895197E-01 -2.421816713E-02 -9.084116545E-02 -1.290063046E-01 +1.547708367E-01
3.23000000000E+09 -1.157079077E-01 +1.798041287E-02 -1.054410869E-01 -5.008483763E-02 -1.567386184E-01 +1.751913817E-01
3.24000000000E+09 -9.434286952E-03 +1.135056831E-01 -1.293182610E-01 +3.930890808E-02 -1.614762250E-01 +2.106650454E-01
3.25000000000E+09 +1.062767544E-01 +3.661175978E-02 -8.606396733E-02 +1.060264150E-01 -1.401092898E-01 +2.338822191E-01
3.26000000000E+09 +6.179041479E-02 -9.456868379E-02 -3.147211768E-02 +1.164142697E-01 -1.163607305E-01 +2.314527280E-01
3.27000000000E+09 -7.800296103E-02 -8.264537374E-02 -8.296098896E-03 +1.057164042E-01 -1.095142171E-01 +2.199710793E-01
3.28000000000E+09 -9.893244333E-02 +5.741956773E-02 +6.959257797E-03 +1.142044706E-01 -1.112151982E-01 +2.185949890E-01
3.29000000000E+09 +3.328136590E-02 +1.105020832E-01 +5.465097343E-02 +1.189605782E-01 -1.037482565E-01 +2.234103465E-01
3.30000000000E+09 +1.167335914E-01 -7.890233501E-03 +1.122959435E-01 +6.796440521E-02 -9.380888614E-02 +2.193037292E-01
3.31000000000E+09 +1.700369239E-02 -1.164350433E-01 +1.094096203E-01 -3.010834010E-02 -9.813391321E-02 +2.109459368E-01
3.32000000000E+09 -1.092791485E-01 -4.038743092E-02 +2.645401363E-02 -9.581566038E-02 -1.101868668E-01 +2.166293073E-01
3.33000000000E+09 -6.261424453E-02 +9.570985262E-02 -6.937086044E-02 -8.044972189E-02 -1.033971132E-01 +2.342506256E-01
3.34000000000E+09 +7.744866234E-02 +8.251997847E-02 -1.160561690E-01 -2.188644618E-02 -7.589457810E-02 +2.373709932E-01
3.35000000000E+09 +9.859395575E-02 -5.575341702E-02 -1.238920960E-01 +2.553470019E-02 -5.392912800E-02 +2.138452786E-01
3.36000000000E+09 -3.212924473E-02 -1.089533171E-01 -1.309371835E-01 +6.228494551E-02 -5.946044878E-02 +1.824956067E-01
3.37000000000E+09 -1.138931144E-01 +6.736958279E-03 -1.297191212E-01 +1.198750641E-01 -8.211214530E-02 +1.672009814E-01
3.38000000000E+09 -1.930927862E-02 +1.126839926E-01 -7.678485637E-02 +1.848797581E-01 -1.033486455E-01 +1.692347470E-01
3.39000000000E+09 +1.062042465E-01 +4.369896660E-02 +2.715658172E-02 +1.933011972E-01 -1.242501517E-01 +1.762712723E-01
3.40000000000E+09 +6.455988103E-02 -9.421159105E-02 +1.091084585E-01 +1.136271194E-01 -1.508699407E-01 +1.940148858E-01
3.41000000000E+09 -7.669864386E-02 -8.146578938E-02 +1.039358328E-01 +3.422554396E-03 -1.650677653E-01 +2.347438788E-01
3.42000000000E+09 -9.452427598E-02 +5.398911244E-02 +3.612104348E-02 -5.851780274E-02 -1.396811737E-01 +2.864730498E-01
3.43000000000E+09 +2.826132111E-02 +1.036359750E-01 -2.822006535E-02 -6.547048910E-02 -8.029838850E-02 +3.113649000E-01
3.44000000000E+09 +1.080566077E-01 -1.269878292E-03 -7.026771943E-02 -5.969949310E-02 -1.745184018E-02 +2.912760449E-01
3.45000000000E+09 +2.489018878E-02 -1.072482081E-01 -1.186971865E-01 -5.413916144E-02 +1.517783177E-02 +2.386412131E-01
3.46000000000E+09 -1.008094218E-01 -4.954474648E-02 -1.798976336E-01 -1.407644313E-02 +1.318584344E-02 +1.811823368E-01
3.47000000000E+09 -7.110127202E-02 +8.900880005E-02 -2.048449334E-01 +7.690289904E-02 -1.793765258E-02 +1.368139757E-01
3.48000000000E+09 +7.321919705E-02 +8.866871745E-02 -1.503076897E-01 +1.670531461E-01 -7.372303600E-02 +1.117660758E-01
3.49000000000E+09 +1.006315083E-01 -5.377006960E-02 -4.820699507E-02 +1.867251085E-01 -1.416707142E-01 +1.240627552E-01
3.50000000000E+09 -3.083179915E-02 -1.066701289E-01 +2.553092514E-02 +1.353690312E-01 -1.868688471E-01 +1.833062518E-01
3.51000000000E+09 -1.073434232E-01 +5.281353234E-03 +4.573235791E-02 +7.152766660E-02 -1.780998942E-01 +2.651976730E-01
3.52000000000E+09 -2.152458914E-02 +1.033580257E-01 +4.595527599E-02 +2.387738800E-02 -1.201594289E-01 +3.210511799E-01
3.53000000000E+09 +9.460831917E-02 +4.714397650E-02 +4.316551814E-02 -2.960095096E-02 -4.447054820E-02 +3.264175457E-01
3.54000000000E+09 +6.995190020E-02 -8.174844616E-02 +7.215045282E-03 -9.906724525E-02 +1.435652265E-02 +2.867539598E-01
3.55000000000E+09 -6.467767408E-02 -8.890366903E-02 -8.538668440E-02 -1.405253836E-01 +3.937095207E-02 +2.269104699E-01
3.56000000000E+09 -1.029624163E-01 +4.474419774E-02 -1.929744601E-01 -1.014621316E-01 +2.443679303E-02 +1.645759059E-01
3.57000000000E+09 +2.282709857E-02 +1.115677481E-01 -2.395193003E-01 +3.103663113E-03 -2.587325334E-02 +1.189684571E-01
3.58000000000E+09 +1.135893333E-01 -2.300523642E-04 -2.019268124E-01 +9.783225796E-02 -9.624584317E-02 +1.162153313E-01
3.59000000000E+09 +2.261565332E-02 -1.088826785E-01 -1.306064869E-01 +1.350220609E-01 -1.489118899E-01 +1.662061373E-01
3.60000000000E+09 -9.862888512E-02 -4.541582603E-02 -7.130340210E-02 +1.355516919E-01 -1.521171299E-01 +2.412876755E-01
3.61000000000E+09 -6.717202722E-02 +8.334895312E-02 -1.534218591E-02 +1.258886469E-01 -1.057581049E-01 +2.965768999E-01
3.62000000000E+09 +6.450910218E-02 +8.567104680E-02 +5.117864200E-02 +8.735081341E-02 -4.220576690E-02 +3.053857242E-01
3.63000000000E+09 +9.998885791E-02 -4.331121866E-02 +9.369607499E-02 -4.869658895E-03 +1.061727459E-02 +2.705938159E-01
3.64000000000E+09 -2.044762031E-02 -1.090141234E-01 +5.860131211E-02 -1.175398080E-01 +3.070802693E-02 +2.165329680E-01
3.65000000000E+09 -1.124902941E-01 -2.948236072E-03 -4.805405484E-02 -1.738141258E-01 +1.211289648E-02 +1.621472566E-01
3.66000000000E+09 -2.564404209E-02 +1.097501829E-01 -1.515432407E-01 -1.410157605E-01 -3.637638620E-02 +1.299835821E-01
3.67000000000E+09 +1.009350974E-01 +4.641572245E-02 -1.935393156E-01 -6.671295028E-02 -9.569441003E-02 +1.393798769E-01
3.68000000000E+09 +6.488014880E-02 -8.655359863E-02 -1.898892206E-01 -7.772623530E-03 -1.330788272E-01 +1.909925746E-01
3.69000000000E+09 -6.733564688E-02 -8.117551083E-02 -1.783471639E-01 +3.697026998E-02 -1.268662118E-01 +2.568795853E-01
3.70000000000E+09 -9.375478558E-02 +4.439244253E-02 -1.510517212E-01 +9.122331490E-02 -8.121879623E-02 +3.031435028E-01
3.71000000000E+09 +1.996964946E-02 +1.021042741E-01 -7.763559408E-02 +1.356674397E-01 -1.998547210E-02 +3.057100283E-01
3.72000000000E+09 +1.058825996E-01 +5.010526442E-03 +2.745613545E-02 +1.182191572E-01 +3.388892268E-02 +2.699488374E-01
3.73000000000E+09 +2.907831224E-02 -1.045948402E-01 +9.662485985E-02 +2.602510317E-02 +5.617971689E-02 +2.122934569E-01
3.74000000000E+09 -9.814636348E-02 -5.120006298E-02 +8.255837025E-02 -8.180009921E-02 +3.820213894E-02 +1.527746407E-01
3.75000000000E+09 -6.972385681E-02 +8.653204319E-02 +1.534400391E-02 -1.388742184E-01 -1.435314053E-02 +1.155653146E-01
3.76000000000E+09 +7.034057832E-02 +8.411525883E-02 -4.515833020E-02 -1.458098305E-01 -7.825280414E-02 +1.216618874E-01
3.77000000000E+09 +9.433442931E-02 -5.000191587E-02 -8.937337838E-02 -1.417100228E-01 -1.246661624E-01 +1.704695900E-01
3.78000000000E+09 -2.625463506E-02 -9.989879282E-02 -1.433043241E-01 -1.266782263E-01 -1.317346227E-01 +2.362058645E-01
3.79000000000E+09 -1.004368439E-01 +1.178305955E-03 -1.960357838E-01 -6.759676480E-02 -1.020148242E-01 +2.897591282E-01
3.80000000000E+09 -2.395815026E-02 +9.647584627E-02 -1.958155251E-01 +3.175126603E-02 -4.492303973E-02 +3.127618999E-01
3.81000000000E+09 +8.783934739E-02 +4.779047744E-02 -1.185336149E-01 +1.109820282E-01 +1.978048660E-02 +3.036124112E-01
3.82000000000E+09 +6.912954159E-02 -7.518820278E-02 -8.828598753E-03 +1.140415877E-01 +6.662028582E-02 +2.618584013E-01
3.83000000000E+09 -5.917452041E-02 -8.684473312E-02 +6.368938211E-02 +5.164285624E-02 +8.085276711E-02 +2.001800882E-01
3.84000000000E+09 -9.969007541E-02 +4.064270710E-02 +7.916745469E-02 -1.817456070E-02 +5.539792310E-02 +1.394219848E-01
3.85000000000E+09 +2.022964075E-02 +1.068748874E-01 +7.233280425E-02 -6.625455991E-02 -4.237271161E-04 +1.080448328E-01
3.86000000000E+09 +1.079537413E-01 +1.283806641E-03 +6.150858339E-02 -1.138161742E-01 -6.309008898E-02 +1.175583516E-01
3.87000000000E+09 +2.307818705E-02 -1.028703730E-01 +1.925940433E-02 -1.670821578E-01 -1.092585012E-01 +1.596858021E-01
3.88000000000E+09 -9.233343754E-02 -4.379059582E-02 -6.516087058E-02 -1.826473617E-01 -1.213447188E-01 +2.168153233E-01
3.89000000000E+09 -6.270744916E-02 +7.693893788E-02 -1.432443141E-01 -1.274690882E-01 -9.384134233E-02 +2.712719460E-01
3.90000000000E+09 +5.780536910E-02 +7.859306058E-02 -1.583964488E-01 -3.368076039E-02 -3.955013190E-02 +3.043821114E-01
3.91000000000E+09 +9.104098643E-02 -3.619499853E-02 -1.117656916E-01 +3.587962047E-02 +2.254027230E-02 +2.988519542E-01
3.92000000000E+09 -1.296905822E-02 -9.921272744E-02 -5.218698167E-02 +5.681193739E-02 +6.668685073E-02 +2.565780888E-01
3.93000000000E+09 -1.024668327E-01 -1.031638772E-02 -1.075434959E-02 +5.731283381E-02 +7.794213003E-02 +1.952023072E-01
3.94000000000E+09 -3.246351992E-02 +1.004070143E-01 +3.109600015E-02 +6.154296715E-02 +5.043463850E-02 +1.424155683E-01
3.95000000000E+09 +9.305887933E-02 +5.239262311E-02 +9.360392491E-02 +4.459919017E-02 -4.693532352E-03 +1.186700451E-01
3.96000000000E+09 +6.925769110E-02 -8.036776082E-02 +1.425580166E-01 -2.480772093E-02 -6.234367586E-02 +1.327328993E-01
3.97000000000E+09 -6.300922427E-02 -8.237760018E-02 +1.252366069E-01 -1.171779471E-01 -9.689630062E-02 +1.822453572E-01
3.98000000000E+09 -9.137774445E-02 +4.176099294E-02 +4.813438151E-02 -1.660548616E-01 -9.034563438E-02 +2.476944350E-01
3.99000000000E+09 +1.822102343E-02 +9.643018481E-02 -2.972025301E-02 -1.494977394E-01 -4.265707193E-02 +2.952437893E-01
4.00000000000E+09 +9.750773670E-02 +6.710807021E-03 -7.088420677E-02 -1.026015632E-01 +2.454950214E-02 +3.005446431E-01
4.01000000000E+09 +3.108743099E-02 -9.408878282E-02 -8.843064907E-02 -5.799754438E-02 +7.891838494E-02 +2.584117383E-01
4.02000000000E+09 -8.660850095E-02 -5.347333367E-02 -1.018679670E-01 -7.137126178E-03 +9.639524876E-02 +1.887621659E-01
4.03000000000E+09 -7.243179361E-02 +7.514968529E-02 -9.154208025E-02 +6.743147218E-02 +6.528113439E-02 +1.249197377E-01
4.04000000000E+09 +5.991889229E-02 +8.706891686E-02 -2.291503618E-02 +1.372999219E-01 -1.129820008E-03 +9.622130410E-02
4.05000000000E+09 +9.620901432E-02 -4.127648127E-02 +8.643579399E-02 +1.433109034E-01 -7.243844557E-02 +1.189352516E-01
4.06000000000E+09 -2.004034160E-02 -9.983470711E-02 +1.668646916E-01 +7.335285116E-02 -1.121893093E-01 +1.860458649E-01
4.07000000000E+09 -9.829357745E-02 -2.748222363E-03 +1.764259683E-01 -1.846775966E-02 -9.872379533E-02 +2.685973224E-01
4.08000000000E+09 -2.636398399E-02 +9.235292396E-02 +1.379860062E-01 -8.072187461E-02 -3.532536785E-02 +3.243573029E-01
4.09000000000E+09 +8.188921969E-02 +4.899492295E-02 +8.884781203E-02 -1.118501964E-01 +5.178773549E-02 +3.261237164E-01
4.10000000000E+09 +6.913298758E-02 -6.832457278E-02 +3.275716609E-02 -1.290629692E-01 +1.245371433E-01 +2.683877650E-01
4.11000000000E+09 -5.231551917E-02 -8.590166882E-02 -4.353864287E-02 -1.215846117E-01 +1.474264213E-01 +1.752200787E-01
4.12000000000E+09 -9.782743643E-02 +3.462370048E-02 -1.199173693E-01 -5.787166142E-02 +1.043880006E-01 +8.772460570E-02
4.13000000000E+09 +1.571819785E-02 +1.037540858E-01 -1.398071125E-01 +5.538633018E-02 +1.086932255E-02 +4.824082173E-02
4.14000000000E+09 +1.032534330E-01 +3.619794531E-03 -7.814151107E-02 +1.537030563E-01 -8.632160149E-02 +8.012278936E-02
4.15000000000E+09 +2.335177527E-02 -9.693882809E-02 +1.994714892E-02 +1.835115884E-01 -1.384904415E-01 +1.695647335E-01
4.16000000000E+09 -8.551286854E-02 -4.293250425E-02 +9.655325723E-02 +1.564774134E-01 -1.231243462E-01 +2.728876136E-01
4.17000000000E+09 -6.124762042E-02 +6.960902768E-02 +1.404046459E-01 +1.107767979E-01 -4.723409703E-02 +3.423555491E-01
4.18000000000E+09 +5.071395369E-02 +7.679381437E-02 +1.665875801E-01 +5.635493564E-02 +5.762327490E-02 +3.495269119E-01
4.19000000000E+09 +8.939380853E-02 -2.992487245E-02 +1.687157979E-01 -1.764692866E-02 +1.502871514E-01 +2.908379322E-01
4.20000000000E+09 -8.214503351E-03 -9.779901760E-02 +1.176143808E-01 -9.745771900E-02 +1.886347749E-01 +1.864337447E-01
4.21000000000E+09 -1.014234937E-01 -1.263400163E-02 +9.797559680E-03 -1.314050025E-01 +1.508538356E-01 +7.867068574E-02
4.22000000000E+09 -3.171659233E-02 +9.936941213E-02 -1.002468374E-01 -8.146145082E-02 +5.040961795E-02 +1.854516694E-02
4.23000000000E+09 +9.136950551E-02 +4.856676907E-02 -1.479648427E-01 +2.202531199E-02 -6.381142142E-02 +3.684777412E-02
4.24000000000E+09 +6.329851922E-02 -7.757094728E-02 -1.287708354E-01 +1.156117896E-01 -1.360416291E-01 +1.224968687E-01
4.25000000000E+09 -5.901279188E-02 -7.563472358E-02 -8.027564935E-02 +1.749240774E-01 -1.396775456E-01 +2.285977961E-01
4.26000000000E+09 -8.469693725E-02 +3.721092322E-02 -1.963739217E-02 +2.107965437E-01 -7.970101250E-02 +3.087875382E-01
4.27000000000E+09 +1.380374612E-02 +9.045765487E-02 +5.951183633E-02 +2.192680124E-01 +1.625131390E-02 +3.363215611E-01
4.28000000000E+09 +9.236036563E-02 +1.043468208E-02 +1.441295748E-01 +1.743370155E-01 +1.082885022E-01 +3.041298546E-01
4.29000000000E+09 +3.349523858E-02 -9.024082610E-02 +1.858811999E-01 +7.082146094E-02 +1.597084240E-01 +2.244966610E-01
4.30000000000E+09 -8.450479672E-02 -5.417141897E-02 +1.429662256E-01 -4.276535986E-02 +1.469824641E-01 +1.306459020E-01
4.31000000000E+09 -7.117247112E-02 +7.468566468E-02 +3.556463946E-02 -9.653029948E-02 +7.871596286E-02 +6.663385191E-02
4.32000000000E+09 +6.059856803E-02 +8.381408212E-02 -6.749393236E-02 -7.236438362E-02 -6.467531117E-03 +6.357714045E-02
4.33000000000E+09 +9.183411121E-02 -4.254472770E-02 -1.263991565E-01 -1.202700528E-02 -6.934234612E-02 +1.133298409E-01
4.34000000000E+09 -2.148700480E-02 -9.548164416E-02 -1.533345577E-01 +5.164697125E-02 -8.629220828E-02 +1.829437475E-01
4.35000000000E+09 -9.466302011E-02 -9.387961593E-04 -1.581683327E-01 +1.220307417E-01 -5.691120380E-02 +2.431121285E-01
4.36000000000E+09 -2.374032631E-02 +8.984829034E-02 -1.232030459E-01 +1.958089086E-01 +3.043588652E-03 +2.741509588E-01
4.37000000000E+09 +8.082197426E-02 +4.533854531E-02 -4.044135716E-02 +2.365409819E-01 +6.669952126E-02 +2.640314272E-01
4.38000000000E+09 +6.456693552E-02 -6.887814757E-02 +5.355708690E-02 +2.086553665E-01 +1.059869573E-01 +2.164806866E-01
4.39000000000E+09 -5.406712036E-02 -8.050552186E-02 +1.016021571E-01 +1.246343102E-01 +1.032613355E-01 +1.520475629E-01
4.40000000000E+09 -9.158727466E-02 +3.711693761E-02 +8.366605399E-02 +4.013470593E-02 +6.412126483E-02 +1.077855468E-01
4.41000000000E+09 +1.847767083E-02 +9.752539473E-02 +3.404622818E-02 -6.325061704E-03 +1.184975473E-02 +1.037793792E-01
4.42000000000E+09 +9.819107847E-02 +1.248275204E-03 -1.300409853E-02 -2.695261923E-02 -2.905995457E-02 +1.306130820E-01
4.43000000000E+09 +2.125723121E-02 -9.376263518E-02 -6.367178065E-02 -4.009887966E-02 -4.599045690E-02 +1.707292087E-01
4.44000000000E+09 -8.458855475E-02 -4.024663250E-02 -1.285402889E-01 -2.953244253E-02 -3.524819517E-02 +2.126546242E-01
4.45000000000E+09 -5.753125355E-02 +7.112625627E-02 -1.811038496E-01 +2.508481237E-02 -5.345558682E-04 +2.443581874E-01
4.46000000000E+09 +5.439421733E-02 +7.192355142E-02 -1.825377952E-01 +1.025578459E-01 +4.663050897E-02 +2.507096678E-01
4.47000000000E+09 +8.337734880E-02 -3.539583245E-02 -1.326554201E-01 +1.543351648E-01 +8.613534217E-02 +2.209124229E-01
4.48000000000E+09 -1.488161680E-02 -9.050150905E-02 -7.172484726E-02 +1.567239914E-01 +1.017532569E-01 +1.694074305E-01
4.49000000000E+09 -9.309785973E-02 -5.441529942E-03 -3.335933145E-02 +1.306824592E-01 +8.357602758E-02 +1.234383802E-01
4.50000000000E+09 -2.525368140E-02 +9.094273198E-02 -1.098733010E-02 +1.041073877E-01 +4.296960580E-02 +1.017688125E-01
4.51000000000E+09 +8.405886707E-02 +4.339412086E-02 +1.360160450E-02 +7.053684230E-02 -4.642739926E-03 +1.061379759E-01
4.52000000000E+09 +5.919688901E-02 -7.272954350E-02 +2.559678938E-02 +1.099777830E-02 -4.168481882E-02 +1.333300177E-01
4.53000000000E+09 -5.754094741E-02 -7.161827732E-02 -6.960643005E-03 -5.700181695E-02 -5.714679349E-02 +1.818409528E-01
4.54000000000E+09 -8.042692761E-02 +3.905591715E-02 -7.864379058E-02 -8.797970970E-02 -3.765964764E-02 +2.366869296E-01
4.55000000000E+09 +1.845119845E-02 +8.543726100E-02 -1.441414912E-01 -6.613460858E-02 +1.268295366E-02 +2.684127255E-01
4.56000000000E+09 +8.656332482E-02 +3.378587467E-03 -1.719085248E-01 -2.086610935E-02 +7.702834710E-02 +2.557204070E-01
4.57000000000E+09 +2.453570491E-02 -8.353855867E-02 -1.714409558E-01 +1.565311868E-02 +1.236340303E-01 +2.068428938E-01
4.58000000000E+09 -7.710927869E-02 -4.422855747E-02 -1.648303337E-01 +4.342339320E-02 +1.294051426E-01 +1.401441317E-01
4.59000000000E+09 -6.125016782E-02 +6.684342693E-02 -1.480311057E-01 +7.760575817E-02 +9.197477119E-02 +8.424738051E-02
4.60000000000E+09 +5.365851533E-02 +7.469855332E-02 -9.982410998E-02 +1.070478263E-01 +2.389929327E-02 +5.760315111E-02
4.61000000000E+09 +8.385548583E-02 -3.779167974E-02 -2.765810888E-02 +9.595626636E-02 -5.013192219E-02 +7.523580781E-02
4.62000000000E+09 -1.986370288E-02 -8.812389007E-02 +2.372246191E-02 +3.416051395E-02 -9.797186408E-02 +1.431993546E-01
4.63000000000E+09 -8.761462626E-02 +4.299735492E-04 +2.389701482E-02 -4.111570918E-02 -9.241491089E-02 +2.326925872E-01
4.64000000000E+09 -1.969590490E-02 +8.273843442E-02 -1.045558392E-02 -9.119998456E-02 -2.920747217E-02 +2.969176141E-01
4.65000000000E+09 +7.392504891E-02 +3.923239644E-02 -4.914845870E-02 -1.145986920E-01 +6.418336783E-02 +3.046174995E-01
4.66000000000E+09 +5.686728711E-02 -6.204344069E-02 -8.725406228E-02 -1.269906200E-01 +1.447869157E-01 +2.548799071E-01
4.67000000000E+09 -4.754531100E-02 -7.184958680E-02 -1.355175139E-01 -1.243638441E-01 +1.768968402E-01 +1.661123204E-01
4.68000000000E+09 -8.283744357E-02 +3.124378857E-02 -1.835694313E-01 -8.548285311E-02 +1.443301933E-01 +7.251090197E-02
4.69000000000E+09 +1.403823494E-02 +8.954285721E-02 -1.942267375E-01 -1.167593906E-02 +5.766581382E-02 +1.246776111E-02
4.70000000000E+09 +9.088920166E-02 +3.596021699E-03 -1.463683940E-01 +5.531117936E-02 -5.149965880E-02 +2.104515699E-02
4.71000000000E+09 +2.085756584E-02 -8.677105038E-02 -6.743871049E-02 +7.435503514E-02 -1.303839994E-01 +1.035470651E-01
4.72000000000E+09 -7.758379913E-02 -3.762685121E-02 -7.488046852E-04 +4.898694326E-02 -1.384442433E-01 +2.214296635E-01
4.73000000000E+09 -5.330478154E-02 +6.415370143E-02 +4.183792422E-02 +6.885317916E-03 -6.960512171E-02 +3.130550087E-01
4.74000000000E+09 +4.754337210E-02 +6.674869402E-02 +6.999090350E-02 -4.315537473E-02 +4.072754968E-02 +3.403132435E-01
4.75000000000E+09 +7.728009120E-02 -2.885039673E-02 +7.862329113E-02 -1.080340152E-01 +1.442377664E-01 +2.977642990E-01
4.76000000000E+09 -9.014754275E-03 -8.415351257E-02 +4.617726190E-02 -1.766571862E-01 +1.971644943E-01 +2.031352498E-01
4.77000000000E+09 -8.711032169E-02 -1.064235544E-02 -3.004215796E-02 -2.103194123E-01 +1.806580598E-01 +8.946774801E-02
4.78000000000E+09 -2.942087147E-02 +8.560235747E-02 -1.108293196E-01 -1.793529370E-01 +9.785518816E-02 +5.800154250E-03
4.79000000000E+09 +7.921500253E-02 +4.564948052E-02 -1.459633005E-01 -1.020862287E-01 -2.133005665E-02 -2.034783080E-03
4.80000000000E+09 +5.925087939E-02 -6.815829789E-02 -1.250211803E-01 -2.737168909E-02 -1.173753417E-01 +7.418284440E-02
4.81000000000E+09 -5.298062926E-02 -6.998133491E-02 -7.593140470E-02 +2.067404991E-02 -1.393600324E-01 +1.919802711E-01
4.82000000000E+09 -7.782089841E-02 +3.441034659E-02 -1.581635395E-02 +4.673783716E-02 -8.214899894E-02 +2.875379457E-01
4.83000000000E+09 +1.407651026E-02 +8.248241293E-02 +5.718039605E-02 +4.923671121E-02 +1.778809081E-02 +3.243794008E-01
4.84000000000E+09 +8.354439889E-02 +6.930451097E-03 +1.317668146E-01 +1.008318303E-02 +1.120610575E-01 +2.956348492E-01
4.85000000000E+09 +2.726053079E-02 -8.096501043E-02 +1.708025136E-01 -7.231303830E-02 +1.660820837E-01 +2.176180605E-01
4.86000000000E+09 -7.484557680E-02 -4.633822526E-02 +1.448165783E-01 -1.592831133E-01 +1.654976385E-01 +1.190988561E-01
4.87000000000E+09 -6.251237437E-02 +6.497862477E-02 +7.100051150E-02 -1.994374717E-01 +1.062143805E-01 +4.308057186E-02
4.88000000000E+09 +5.238601603E-02 +7.468976657E-02 +6.023787705E-04 -1.794231736E-01 +1.024087622E-02 +2.610152371E-02
4.89000000000E+09 +8.287127573E-02 -3.685937370E-02 -3.476093490E-02 -1.304293318E-01 -7.324202543E-02 +7.985203909E-02
4.90000000000E+09 -1.872175667E-02 -8.676843273E-02 -4.358650639E-02 -8.004646293E-02 -9.754202413E-02 +1.665696971E-01
4.91000000000E+09 -8.674996414E-02 -7.867933128E-04 -3.637667228E-02 -2.744310494E-02 -6.130355563E-02 +2.363997486E-01
4.92000000000E+09 -2.047545635E-02 +8.299928165E-02 -1.899564089E-03 +2.631950764E-02 +2.852873916E-03 +2.653902844E-01
4.93000000000E+09 +7.558018141E-02 +3.900255562E-02 +6.470771564E-02 +5.476155118E-02 +6.080957577E-02 +2.537636772E-01
4.94000000000E+09 +5.553459371E-02 -6.484911553E-02 +1.335505070E-01 +3.357000122E-02 +9.762990864E-02 +2.111205274E-01
4.95000000000E+09 -5.098418161E-02 -6.933263731E-02 +1.628038107E-01 -2.139042215E-02 +1.067750555E-01 +1.570066979E-01
4.96000000000E+09 -7.912321773E-02 +3.509669094E-02 +1.457097091E-01 -6.527361910E-02 +8.081218154E-02 +1.125160031E-01
4.97000000000E+09 +1.809728426E-02 +8.486282069E-02 +1.157550279E-01 -7.433486358E-02 +2.959190304E-02 +9.846908582E-02
4.98000000000E+09 +8.591720496E-02 -1.950868965E-04 +1.004979023E-01 -6.656639107E-02 -1.719520153E-02 +1.207369191E-01
4.99000000000E+09 +1.785385546E-02 -8.262430888E-02 +9.102392178E-02 -6.401466235E-02 -3.194984779E-02 +1.597574986E-01
5.00000000000E+09 -7.526622033E-02 -3.522241086E-02 +7.059747834E-02 -5.840005888E-02 -1.733971854E-02 +1.911309457E-01
5.01000000000E+09 -5.055138015E-02 +6.456390657E-02 +4.990732955E-02 -3.178905592E-02 +3.367224283E-03 +2.084179014E-01
5.02000000000E+09 +5.088537718E-02 +6.319808912E-02 +5.257712447E-02 +6.427607640E-03 +2.172383078E-02 +2.130691721E-01
5.03000000000E+09 +7.254817028E-02 -3.476265084E-02 +7.611491930E-02 +2.789525582E-02 +4.324246284E-02 +2.092131935E-01
5.04000000000E+09 -1.687443145E-02 -7.814632362E-02 +9.208609483E-02 +2.630365009E-02 +6.597579072E-02 +1.937422372E-01
5.05000000000E+09 -7.980888873E-02 -1.232103037E-03 +8.698849210E-02 +2.674093101E-02 +7.356620209E-02 +1.679471842E-01
5.06000000000E+09 -1.884110314E-02 +7.747361501E-02 +8.218812089E-02 +4.810696917E-02 +5.803525764E-02 +1.432505549E-01
5.07000000000E+09 +7.109493934E-02 +3.504087032E-02 +1.019161264E-01 +7.307075443E-02 +3.179151615E-02 +1.311813123E-01
5.08000000000E+09 +4.946057950E-02 -6.087126979E-02 +1.355174899E-01 +7.224226645E-02 +1.132182625E-02 +1.335474631E-01
5.09000000000E+09 -4.747586863E-02 -6.092358778E-02 +1.519628711E-01 +4.600737036E-02 -6.559421441E-03 +1.465331200E-01
5.10000000000E+09 -6.906552058E-02 +3.216967044E-02 +1.415323028E-01 +2.083381773E-02 -2.375405351E-02 +1.698900105E-01
5.11000000000E+09 +1.514029181E-02 +7.349023874E-02 +1.221462654E-01 +1.096960549E-02 -2.705665346E-02 +2.045792659E-01
5.12000000000E+09 +7.396970991E-02 +2.677293418E-03 +1.053011585E-01 +4.800209780E-03 -8.798889512E-04 +2.368181279E-01
5.13000000000E+09 +2.043889392E-02 -7.075228513E-02 +7.814174902E-02 -4.890353651E-03 +4.844142537E-02 +2.450176220E-01
5.14000000000E+09 -6.424854010E-02 -3.688683893E-02 +3.067876201E-02 +1.087575031E-03 +8.890113073E-02 +2.184427438E-01
5.15000000000E+09 -5.099500662E-02 +5.473742981E-02 -1.531870448E-02 +4.536911314E-02 +9.997411676E-02 +1.698271282E-01
5.16000000000E+09 +4.248139448E-02 +6.211923995E-02 -2.212198339E-02 +1.157607066E-01 +8.070489119E-02 +1.249224138E-01
5.17000000000E+09 +6.950934663E-02 -2.768412239E-02 +1.780212157E-02 +1.696361470E-01 +4.153956934E-02 +1.021276057E-01
5.18000000000E+09 -1.176742141E-02 -7.279250977E-02 +7.333352860E-02 +1.812129899E-01 -8.077304092E-03 +1.075386036E-01
5.19000000000E+09 -7.227150781E-02 -4.716507831E-03 +1.145477927E-01 +1.616145363E-01 -5.348305973E-02 +1.445772499E-01
5.20000000000E+09 -2.116866149E-02 +6.754003302E-02 +1.392157909E-01 +1.291707010E-01 -6.539446505E-02 +2.064925739E-01
5.21000000000E+09 +5.933811690E-02 +3.666052408E-02 +1.512099741E-01 +8.358896789E-02 -2.850633721E-02 +2.616814582E-01
5.22000000000E+09 +5.076798632E-02 -4.823114096E-02 +1.359915018E-01 +2.211493599E-02 +4.134690688E-02 +2.795570955E-01
5.23000000000E+09 -3.496752650E-02 -6.218926195E-02 +7.450832106E-02 -3.203198566E-02 +1.019693593E-01 +2.473131609E-01
5.24000000000E+09 -7.038141760E-02 +2.059340523E-02 -2.058258341E-02 -3.762982874E-02 +1.221413754E-01 +1.822026468E-01
5.25000000000E+09 +5.408965816E-03 +7.446766605E-02 -9.931688894E-02 +1.989701061E-02 +9.814481651E-02 +1.204634154E-01
5.26000000000E+09 +7.387218871E-02 +9.894685493E-03 -1.214607534E-01 +1.047434065E-01 +4.249182134E-02 +9.351839824E-02
5.27000000000E+09 +2.441278662E-02 -6.911600923E-02 -9.504533076E-02 +1.707642706E-01 -2.434430463E-02 +1.081270764E-01
5.28000000000E+09 -6.036681351E-02 -3.799314146E-02 -5.023307093E-02 +2.057835162E-01 -7.108698301E-02 +1.618800032E-01
5.29000000000E+09 -4.965394435E-02 +4.802082365E-02 +1.825616725E-03 +2.181063717E-01 -6.881605900E-02 +2.355608587E-01
5.30000000000E+09 +3.315719800E-02 +5.942060865E-02 +6.207591479E-02 +2.024843419E-01 -1.159679450E-02 +2.923423606E-01
5.31000000000E+09 +6.661832163E-02 -1.632649156E-02 +1.135139657E-01 +1.441911221E-01 +7.156008331E-02 +2.990041216E-01
5.32000000000E+09 +6.496818271E-04 -7.082741358E-02 +1.198162668E-01 +5.083418457E-02 +1.353930184E-01 +2.455321192E-01
5.33000000000E+09 -7.188842974E-02 -1.693928358E-02 +6.056944980E-02 -3.323474260E-02 +1.447257212E-01 +1.628236650E-01
5.34000000000E+09 -3.162943689E-02 +6.896563521E-02 -3.590480084E-02 -6.076447194E-02 +9.920491146E-02 +9.651618454E-02
5.35000000000E+09 +6.192424178E-02 +4.403834112E-02 -1.164283464E-01 -3.088032483E-02 +2.215325183E-02 +7.750779912E-02
5.36000000000E+09 +5.387667550E-02 -5.109721027E-02 -1.597265184E-01 +2.077480773E-02 -5.366734481E-02 +1.110273447E-01
5.37000000000E+09 -3.694807313E-02 -6.099464704E-02 -1.775775149E-01 +7.490049110E-02 -9.270756051E-02 +1.850378971E-01
5.38000000000E+09 -6.531326459E-02 +2.046548938E-02 -1.720148580E-01 +1.341284768E-01 -7.048324170E-02 +2.681184034E-01
5.39000000000E+09 +2.356570559E-03 +6.692053903E-02 -1.290011798E-01 +1.879929330E-01 +3.060679842E-03 +3.222375385E-01
5.40000000000E+09 +6.529891865E-02 +1.593596297E-02 -5.121176719E-02 +2.050319589E-01 +9.362835777E-02 +3.168480597E-01
5.41000000000E+09 +3.305733826E-02 -6.140089118E-02 +2.593235528E-02 +1.632433642E-01 +1.554969582E-01 +2.522096198E-01
5.42000000000E+09 -5.501477773E-02 -4.831822555E-02 +5.772749962E-02 +8.056289844E-02 +1.598967694E-01 +1.616449550E-01
5.43000000000E+09 -6.022914002E-02 +4.615845546E-02 +3.433214172E-02 +5.415928686E-03 +1.082678001E-01 +9.347222506E-02
5.44000000000E+09 +3.475844165E-02 +6.832437099E-02 -1.142624378E-02 -3.464396159E-02 +2.610130366E-02 +7.567850271E-02
5.45000000000E+09 +7.229729252E-02 -2.122576676E-02 -5.408333435E-02 -5.264524427E-02 -4.858692662E-02 +1.090271292E-01
5.46000000000E+09 -6.010253496E-03 -7.253329612E-02 -9.982448296E-02 -5.909732235E-02 -8.684845124E-02 +1.787478257E-01
5.47000000000E+09 -6.915225346E-02 -1.013035381E-02 -1.489313182E-01 -3.898746338E-02 -7.130940733E-02 +2.588970802E-01
5.48000000000E+09 -2.625270587E-02 +6.238920896E-02 -1.737936617E-01 +1.363811697E-02 -1.453241106E-02 +3.154174465E-01
5.49000000000E+09 +5.312990393E-02 +4.092739248E-02 -1.507868182E-01 +7.018670337E-02 +5.860054399E-02 +3.232497193E-01
5.50000000000E+09 +5.377649246E-02 -4.198868636E-02 -9.384429053E-02 +9.160435206E-02 +1.161804627E-01 +2.859388257E-01
5.51000000000E+09 -2.905181045E-02 -6.366815149E-02 -4.429158025E-02 +7.033729984E-02 +1.420989431E-01 +2.271426607E-01
5.52000000000E+09 -7.018110921E-02 +1.512165335E-02 -2.467484282E-02 +3.717406721E-02 +1.316883407E-01 +1.735656822E-01
5.53000000000E+09 +5.421720034E-04 +7.280727195E-02 -1.645884310E-02 +1.769720481E-02 +9.540212754E-02 +1.349307824E-01
5.54000000000E+09 +7.172574418E-02 +1.365709963E-02 +2.330050118E-03 -8.947717923E-04 +4.624217018E-02 +1.199486560E-01
5.55000000000E+09 +2.714967358E-02 -6.681594445E-02 +1.803489351E-02 -3.941008085E-02 -1.743566064E-03 +1.361521285E-01
5.56000000000E+09 -5.834465458E-02 -3.906811403E-02 +5.427805691E-03 -8.446400237E-02 -3.176648050E-02 +1.788997845E-01
5.57000000000E+09 -4.912977774E-02 +4.694358378E-02 -2.802848563E-02 -1.061546142E-01 -3.586444421E-02 +2.278054547E-01
5.58000000000E+09 +3.353027454E-02 +5.666191421E-02 -5.312324461E-02 -1.028281915E-01 -1.796663598E-02 +2.667991779E-01
5.59000000000E+09 +6.133800604E-02 -1.870524567E-02 -6.283823357E-02 -9.830204732E-02 +1.550446409E-02 +2.915605801E-01
5.60000000000E+09 -3.066273333E-03 -6.283618541E-02 -7.777349451E-02 -9.989570991E-02 +6.164697638E-02 +3.050360198E-01
5.61000000000E+09 -6.119643525E-02 -1.272886457E-02 -1.065034391E-01 -8.428484129E-02 +1.110085814E-01 +2.931802732E-01
5.62000000000E+09 -2.755448821E-02 +5.655869990E-02 -1.217651948E-01 -3.322308554E-02 +1.496419471E-01 +2.531400129E-01
5.63000000000E+09 +4.975646547E-02 +4.064837514E-02 -8.874780092E-02 +3.143320343E-02 +1.564387299E-01 +1.909454752E-01
5.64000000000E+09 +5.118704845E-02 -4.071337363E-02 -1.013298468E-02 +6.245723673E-02 +1.265140541E-01 +1.344481627E-01
5.65000000000E+09 -2.994953623E-02 -5.831523843E-02 +7.120664766E-02 +3.794671880E-02 +6.459333200E-02 +1.089305984E-01
5.66000000000E+09 -6.174251844E-02 +1.760034188E-02 +1.204128982E-01 -1.974222247E-02 -3.461771528E-03 +1.230964095E-01
5.67000000000E+09 +4.451410934E-03 +6.151636260E-02 +1.383178500E-01 -8.377068893E-02 -4.886799205E-02 +1.737196110E-01
5.68000000000E+09 +5.805175496E-02 +9.279110199E-03 +1.305952966E-01 -1.501056523E-01 -5.334771081E-02 +2.476152443E-01
5.69000000000E+09 +2.290746101E-02 -5.146537801E-02 +8.593225628E-02 -2.115332029E-01 -1.092413823E-02 +3.153842314E-01
5.70000000000E+09 -4.225680844E-02 -3.534343070E-02 +1.132648356E-03 -2.372642874E-01 +6.256889881E-02 +3.423252793E-01
5.71000000000E+09 -4.593655091E-02 +3.150194002E-02 -9.248103210E-02 -1.958740723E-01 +1.335763669E-01 +3.171162075E-01
5.72000000000E+09 +1.981372856E-02 +5.439875464E-02 -1.404889132E-01 -9.223196109E-02 +1.737696422E-01 +2.473802462E-01
5.73000000000E+09 +5.970522454E-02 -7.733327098E-03 -1.091967303E-01 +2.278017458E-02 +1.623560772E-01 +1.729346681E-01
5.74000000000E+09 +3.948747041E-03 -6.143671777E-02 -1.918467729E-02 +9.251888897E-02 +1.044304600E-01 +1.225049230E-01
5.75000000000E+09 -5.905712677E-02 -1.503451772E-02 +8.212268442E-02 +1.039541075E-01 +2.793426446E-02 +1.193013644E-01
5.76000000000E+09 -2.520926530E-02 +5.306193075E-02 +1.707073660E-01 +7.389691694E-02 -3.080270311E-02 +1.670460539E-01
5.77000000000E+09 +4.358543209E-02 +3.474869101E-02 +2.390801706E-01 +7.694240410E-03 -4.202321091E-02 +2.494154008E-01
5.78000000000E+09 +4.278495546E-02 -3.130239027E-02 +2.649106098E-01 -9.146356915E-02 -1.295916952E-03 +3.221368637E-01
5.79000000000E+09 -1.760574854E-02 -4.891190715E-02 +2.230009725E-01 -1.936300535E-01 +7.468308999E-02 +3.486672020E-01
5.80000000000E+09 -5.310668779E-02 +3.394632613E-03 +1.186115684E-01 -2.485532911E-01 +1.443564980E-01 +3.138959903E-01
5.81000000000E+09 -1.065717240E-02 +5.515689202E-02 -1.936727396E-03 -2.206421722E-01 +1.811962168E-01 +2.409633699E-01
5.82000000000E+09 +5.454730807E-02 +2.315734727E-02 -7.712533700E-02 -1.224440256E-01 +1.590293775E-01 +1.717672244E-01
5.83000000000E+09 +3.366726964E-02 -5.113282500E-02 -8.055204721E-02 -7.100340149E-03 +9.716907367E-02 +1.335713719E-01
5.84000000000E+09 -4.423158296E-02 -4.153976303E-02 -3.235806186E-02 +8.594163930E-02 +2.788702418E-02 +1.443961859E-01
5.85000000000E+09 -4.724496259E-02 +3.422066997E-02 +4.771874674E-02 +1.490459802E-01 -1.776949107E-02 +1.999808981E-01
5.86000000000E+09 +2.136744457E-02 +5.056889084E-02 +1.535485230E-01 +1.695062216E-01 -1.610102434E-02 +2.777139909E-01
5.87000000000E+09 +5.146545306E-02 -6.876293244E-03 +2.591090990E-01 +1.261792261E-01 +3.279562489E-02 +3.392372877E-01
5.88000000000E+09 +8.112474300E-03 -5.025753534E-02 +3.178388292E-01 +2.516515558E-02 +1.075624038E-01 +3.485124132E-01
5.89000000000E+09 -4.721430999E-02 -2.272349090E-02 +2.979725725E-01 -9.043856479E-02 +1.728928169E-01 +3.008946419E-01
5.90000000000E+09 -3.616677087E-02 +4.228169467E-02 +2.089662826E-01 -1.645623089E-01 +1.949392076E-01 +2.275429379E-01
5.91000000000E+09 +3.620826189E-02 +4.708313553E-02 +9.892419608E-02 -1.671715776E-01 +1.590169014E-01 +1.636857645E-01
5.92000000000E+09 +5.505922592E-02 -2.832412654E-02 +1.354773114E-02 -1.146102897E-01 +9.395826940E-02 +1.397440841E-01
5.93000000000E+09 -1.890080621E-02 -5.900830135E-02 -3.785118678E-02 -3.537201352E-02 +3.097762131E-02 +1.609596840E-01
5.94000000000E+09 -5.952409581E-02 +7.719351428E-03 -5.348468573E-02 +6.370051807E-02 -3.672795978E-03 +2.173686619E-01
5.95000000000E+09 -4.720610571E-03 +5.646972685E-02 -1.329869433E-02 +1.667560632E-01 +8.443283003E-04 +2.878790111E-01
5.96000000000E+09 +5.058620433E-02 +1.767049854E-02 +8.304588506E-02 +2.289765106E-01 +4.765148507E-02 +3.382907750E-01
5.97000000000E+09 +3.013423628E-02 -4.254353754E-02 +1.925826234E-01 +2.171760549E-01 +1.167502856E-01 +3.439975120E-01
5.98000000000E+09 -3.292798178E-02 -4.155637358E-02 +2.614767470E-01 +1.439172597E-01 +1.753692120E-01 +3.050225771E-01
5.99000000000E+09 -5.079994260E-02 +2.222462165E-02 +2.658302198E-01 +5.536949407E-02 +1.926321003E-01 +2.463008386E-01
6.00000000000E+09 +1.103943780E-02 +5.771075676E-02 +2.243850652E-01 -7.055426750E-03 +1.655209332E-01 +1.961400418E-01
6.01000000000E+09 +6.099750702E-02 +6.470523780E-04 +1.694761108E-01 -3.934754046E-02 +1.235876012E-01 +1.782061433E-01
6.02000000000E+09 +1.182002328E-02 -6.102577677E-02 +1.052804082E-01 -5.442310360E-02 +8.221866273E-02 +1.862619587E-01
6.03000000000E+09 -5.755379768E-02 -2.268219377E-02 +2.569537497E-02 -3.849707899E-02 +5.498145418E-02 +2.141123877E-01
6.04000000000E+09 -3.233026820E-02 +5.068257329E-02 -4.018271256E-02 +2.905711014E-02 +4.463773199E-02 +2.557935686E-01
6.05000000000E+09 +4.069780096E-02 +4.094705266E-02 -4.880210111E-02 +1.239588771E-01 +6.455879081E-02 +2.952189804E-01
6.06000000000E+09 +4.797066342E-02 -2.874562781E-02 -7.488836519E-04 +1.917662548E-01 +1.063884442E-01 +3.080342932E-01
6.07000000000E+09 -1.558934447E-02 -5.315021620E-02 +6.073037129E-02 +2.075277426E-01 +1.458914538E-01 +2.944031747E-01
6.08000000000E+09 -5.581612377E-02 +2.243606175E-03 +1.008891255E-01 +1.918271202E-01 +1.616863225E-01 +2.664432107E-01
6.09000000000E+09 -1.114389325E-02 +5.586415517E-02 +1.236834548E-01 +1.730059387E-01 +1.596689491E-01 +2.438771576E-01
6.10000000000E+09 +5.280094540E-02 +2.357345980E-02 +1.478691786E-01 +1.481940478E-01 +1.487823813E-01 +2.299468685E-01
6.11000000000E+09 +3.499794305E-02 -4.758927717E-02 +1.635871691E-01 +9.685666853E-02 +1.346589811E-01 +2.139147414E-01
6.12000000000E+09 -4.002610146E-02 -4.430876737E-02 +1.368948216E-01 +2.936830181E-02 +1.090405991E-01 +2.122674420E-01
6.13000000000E+09 -5.090767001E-02 +3.092156619E-02 +6.428021275E-02 -7.573097395E-03 +8.248109555E-02 +2.313403757E-01
6.14000000000E+09 +1.963303582E-02 +5.457093521E-02 -9.621429936E-03 +9.860016800E-03 +7.768566535E-02 +2.665374708E-01
6.15000000000E+09 +5.559020421E-02 -7.244647284E-03 -4.832287746E-02 +5.299431955E-02 +1.000882093E-01 +2.968364276E-01
6.16000000000E+09 +5.782171733E-03 -5.408309458E-02 -6.236953381E-02 +8.816834841E-02 +1.348635308E-01 +3.094616602E-01
6.17000000000E+09 -5.017649956E-02 -1.834102146E-02 -7.464427166E-02 +1.193599459E-01 +1.655584626E-01 +3.027674389E-01
6.18000000000E+09 -3.002895511E-02 +4.369432651E-02 -7.675306741E-02 +1.648172874E-01 +1.893090067E-01 +2.802178575E-01
6.19000000000E+09 +3.547222668E-02 +4.009023937E-02 -4.221900540E-02 +2.126890689E-01 +2.011372113E-01 +2.426122329E-01
6.20000000000E+09 +4.851421326E-02 -2.583304748E-02 +2.757660171E-02 +2.240418441E-01 +1.876507817E-01 +1.991129956E-01
6.21000000000E+09 -1.582103264E-02 -5.384309640E-02 +9.078435781E-02 +1.781191483E-01 +1.413110558E-01 +1.736463457E-01
6.22000000000E+09 -5.633066403E-02 +5.829030828E-03 +1.068886060E-01 +1.031500910E-01 +8.176971830E-02 +1.908799575E-01
6.23000000000E+09 -4.456982352E-03 +5.481898571E-02 +8.285148778E-02 +4.184926641E-02 +4.910482598E-02 +2.494917107E-01
6.24000000000E+09 +5.026475652E-02 +1.483560980E-02 +4.705772494E-02 -1.282481957E-03 +6.475489572E-02 +3.147878991E-01
6.25000000000E+09 +2.476487277E-02 -4.292285703E-02 -1.812670978E-03 -3.913564366E-02 +1.137221019E-01 +3.605161710E-01
6.26000000000E+09 -3.364926592E-02 -3.357145352E-02 -7.747485399E-02 -5.641619213E-02 +1.780246032E-01 +3.688218547E-01
6.27000000000E+09 -4.076146236E-02 +2.255862992E-02 -1.616344552E-01 -2.213917450E-02 +2.432800994E-01 +3.382029724E-01
6.28000000000E+09 +1.067072318E-02 +4.617546050E-02 -2.063782120E-01 +6.464142618E-02 +2.826303042E-01 +2.734064881E-01
6.29000000000E+09 +4.935662117E-02 +1.596505838E-03 -1.791321211E-01 +1.601204195E-01 +2.793574376E-01 +1.930884159E-01
6.30000000000E+09 +1.256660332E-02 -5.064041752E-02 -9.599744671E-02 +2.099533790E-01 +2.145048522E-01 +1.290081972E-01
6.31000000000E+09 -4.926445946E-02 -2.214796717E-02 -7.553284699E-03 +1.974016325E-01 +1.155714724E-01 +1.258155058E-01
6.32000000000E+09 -2.943262121E-02 +4.429429102E-02 +5.570889649E-02 +1.482030950E-01 +4.101979682E-02 +1.915754148E-01
6.33000000000E+09 +3.609591018E-02 +3.524635725E-02 +9.757939736E-02 +7.875652451E-02 +3.010450448E-02 +2.887758816E-01
6.34000000000E+09 +3.948742394E-02 -2.541647343E-02 +1.084675812E-01 -1.606312529E-02 +7.672277957E-02 +3.670139253E-01
6.35000000000E+09 -1.323966437E-02 -4.227090309E-02 +5.978704367E-02 -1.159140315E-01 +1.595301524E-01 +4.010469564E-01
6.36000000000E+09 -4.293383429E-02 +2.334419226E-04 -4.703276928E-02 -1.696965737E-01 +2.482325071E-01 +3.848421836E-01
6.37000000000E+09 -1.282049780E-02 +4.165589009E-02 -1.637691543E-01 -1.417486467E-01 +3.143128038E-01 +3.229295866E-01
6.38000000000E+09 +3.848570576E-02 +2.513144086E-02 -2.285801391E-01 -4.659544976E-02 +3.325262380E-01 +2.346483477E-01
6.39000000000E+09 +3.607054605E-02 -3.431979632E-02 -2.135943125E-01 +5.898426342E-02 +2.884692679E-01 +1.520775643E-01
6.40000000000E+09 -2.862766183E-02 -4.456723847E-02 -1.447240228E-01 +1.241441191E-01 +1.982614272E-01 +1.138199683E-01
6.41000000000E+09 -4.945737061E-02 +2.177963036E-02 -6.302390298E-02 +1.442189313E-01 +1.089212239E-01 +1.453689694E-01
6.42000000000E+09 +1.287134298E-02 +5.098426257E-02 +2.215916121E-02 +1.317351338E-01 +6.342811787E-02 +2.258832216E-01
6.43000000000E+09 +4.953953317E-02 -2.465206471E-03 +1.049457418E-01 +7.407554949E-02 +8.033349114E-02 +3.082042175E-01
6.44000000000E+09 +9.113161314E-03 -4.582668216E-02 +1.461359577E-01 -3.327639265E-02 +1.442604239E-01 +3.611342495E-01
6.45000000000E+09 -4.000529571E-02 -2.055245010E-02 +1.106992024E-01 -1.473530731E-01 +2.227894800E-01 +3.676130546E-01
6.46000000000E+09 -3.136800067E-02 +3.258199339E-02 +1.400436130E-02 -2.080686458E-01 +2.869034613E-01 +3.292541806E-01
6.47000000000E+09 +2.396257776E-02 +4.064546125E-02 -8.703491145E-02 -1.896096372E-01 +3.112092346E-01 +2.669627248E-01
6.48000000000E+09 +4.821462592E-02 -1.464406844E-02 -1.401105754E-01 -1.195401039E-01 +2.902531174E-01 +2.034193511E-01
6.49000000000E+09 -5.108586180E-03 -5.284811902E-02 -1.403704574E-01 -4.788926612E-02 +2.411167148E-01 +1.664003492E-01
6.50000000000E+09 -5.461710138E-02 -4.134432981E-03 -1.154205972E-01 +8.691341478E-03 +1.830860711E-01 +1.734364100E-01
6.51000000000E+09 -1.332546277E-02 +5.263100035E-02 -6.827749595E-02 +6.057131094E-02 +1.455582183E-01 +2.118901931E-01
6.52000000000E+09 +4.755076002E-02 +2.201609943E-02 +1.662961429E-02 +8.882313612E-02 +1.419403383E-01 +2.652041520E-01
6.53000000000E+09 +3.046073601E-02 -3.948156672E-02 +1.144761488E-01 +5.513498771E-02 +1.757650584E-01 +3.070750135E-01
6.54000000000E+09 -2.952022283E-02 -3.790316530E-02 +1.678310036E-01 -3.511476329E-02 +2.269630685E-01 +3.205305086E-01
6.55000000000E+09 -4.406484632E-02 +1.825939972E-02 +1.497832740E-01 -1.277832426E-01 +2.685030753E-01 +3.007133800E-01
6.56000000000E+09 +6.555054502E-03 +4.841180139E-02 +8.809619126E-02 -1.736916194E-01 +2.843601890E-01 +2.603330792E-01
6.57000000000E+09 +5.042317036E-02 +5.130169722E-03 +3.092299186E-02 -1.704694327E-01 +2.738657414E-01 +2.220759902E-01
6.58000000000E+09 +1.590325554E-02 -5.000446761E-02 -4.651310575E-03 -1.491144063E-01 +2.500347050E-01 +2.049379561E-01
6.59000000000E+09 -4.710102404E-02 -2.595935512E-02 -3.595378680E-02 -1.206253747E-01 +2.210068994E-01 +2.038587986E-01
6.60000000000E+09 -3.404093516E-02 +4.156066625E-02 -6.026513083E-02 -6.391179831E-02 +1.983704264E-01 +2.236726093E-01
6.61000000000E+09 +3.375624303E-02 +4.042798479E-02 -3.858511329E-02 +1.593209061E-02 +1.906913812E-01 +2.553536287E-01
6.62000000000E+09 +4.464254942E-02 -2.349554888E-02 +4.042485109E-02 +6.541139927E-02 +2.135164496E-01 +2.889556657E-01
6.63000000000E+09 -1.172870123E-02 -4.719299536E-02 +1.276127064E-01 +4.812046790E-02 +2.515210929E-01 +3.007666150E-01
6.64000000000E+09 -4.781490084E-02 -7.246445534E-04 +1.704550621E-01 -1.052677803E-02 +2.850311435E-01 +2.842107461E-01
6.65000000000E+09 -1.296123419E-02 +4.649913243E-02 +1.658914612E-01 -6.089645151E-02 +2.988749325E-01 +2.516510911E-01
6.66000000000E+09 +4.301833338E-02 +2.425374689E-02 +1.477893788E-01 -8.392088858E-02 +2.985951323E-01 +2.200275972E-01
6.67000000000E+09 +3.421062819E-02 -3.782639014E-02 +1.345675587E-01 -9.986274000E-02 +2.808224915E-01 +1.985305151E-01
6.68000000000E+09 -3.072870676E-02 -4.244580004E-02 +1.065868482E-01 -1.202057698E-01 +2.557931946E-01 +1.878414624E-01
6.69000000000E+09 -4.806702262E-02 +2.277338464E-02 +5.129128418E-02 -1.151004026E-01 +2.230215717E-01 +1.990961917E-01
6.70000000000E+09 +1.358686532E-02 +5.085477621E-02 +7.003024624E-03 -5.778939324E-02 +2.028245160E-01 +2.307947519E-01
6.71000000000E+09 +5.048871753E-02 -3.347673709E-03 +1.952328379E-02 +1.862987225E-02 +2.143343871E-01 +2.757769810E-01
6.72000000000E+09 +7.783560740E-03 -4.765022224E-02 +7.430586476E-02 +5.793642657E-02 +2.525011715E-01 +3.009655818E-01
6.73000000000E+09 -4.272097743E-02 -1.882166416E-02 +1.206924697E-01 +5.317237187E-02 +2.943256045E-01 +2.967311880E-01
6.74000000000E+09 -2.896752120E-02 +3.603342226E-02 +1.387953988E-01 +3.949158764E-02 +3.269967886E-01 +2.658883281E-01
6.75000000000E+09 +2.784990564E-02 +3.758658476E-02 +1.505672358E-01 +3.807836012E-02 +3.435272541E-01 +2.324100708E-01
6.76000000000E+09 +4.455876717E-02 -1.836852884E-02 +1.749680990E-01 +3.030379046E-02 +3.360203448E-01 +1.925997440E-01
6.77000000000E+09 -8.301886316E-03 -4.936737006E-02 +1.906828837E-01 -6.950758346E-03 +3.113216811E-01 +1.639483139E-01
6.78000000000E+09 -5.194507607E-02 -1.479676247E-03 +1.615820089E-01 -5.284915638E-02 +2.612361589E-01 +1.567503161E-01
6.79000000000E+09 -1.063528516E-02 +5.130928021E-02 +9.762903654E-02 -5.720108634E-02 +2.213725602E-01 +1.859647452E-01
6.80000000000E+09 +4.743974925E-02 +1.900522915E-02 +5.412744769E-02 -1.190327343E-02 +2.148577185E-01 +2.383145761E-01
6.81000000000E+09 +2.706439393E-02 -4.053326630E-02 +5.423761028E-02 +3.638161956E-02 +2.456146649E-01 +2.780458868E-01
6.82000000000E+09 -3.166630731E-02 -3.428856496E-02 +6.695764162E-02 +5.937669519E-02 +2.916755412E-01 +2.881924922E-01
6.83000000000E+09 -4.012973233E-02 +2.142612830E-02 +6.782733054E-02 +7.637917271E-02 +3.330650294E-01 +2.712914373E-01
6.84000000000E+09 +1.039381210E-02 +4.422078224E-02 +7.399264197E-02 +1.082217713E-01 +3.595300564E-01 +2.401829570E-01
6.85000000000E+09 +4.624725013E-02 +1.207803256E-03 +1.107135991E-01 +1.359052576E-01 +3.666293468E-01 +1.974943088E-01
6.86000000000E+09 +1.242217957E-02 -4.632124634E-02 +1.635993209E-01 +1.215195024E-01 +3.449222747E-01 +1.620638243E-01
6.87000000000E+09 -4.464472404E-02 -2.273920740E-02 +1.834269342E-01 +6.342458407E-02 +2.998405551E-01 +1.423669142E-01
6.88000000000E+09 -3.095372838E-02 +4.065648572E-02 +1.462519653E-01 +1.162149425E-02 +2.577598984E-01 +1.616233813E-01
6.89000000000E+09 +3.436053529E-02 +3.716005614E-02 +8.982888708E-02 +6.616975840E-03 +2.399254441E-01 +2.068086560E-01
6.90000000000E+09 +4.149902495E-02 -2.552111938E-02 +5.678277520E-02 +2.777858591E-02 +2.601264281E-01 +2.487720084E-01
6.91000000000E+09 -1.517948066E-02 -4.429704980E-02 +3.751916792E-02 +4.164338871E-02 +2.987755448E-01 +2.660949386E-01
6.92000000000E+09 -4.525997750E-02 +3.989613651E-03 +7.627728075E-03 +5.772216722E-02 +3.381082828E-01 +2.600141756E-01
6.93000000000E+09 -7.320337079E-03 +4.422435863E-02 -1.858548553E-02 +1.019725086E-01 +3.669312986E-01 +2.354387062E-01
6.94000000000E+09 +4.118812624E-02 +1.838600945E-02 -3.470911331E-03 +1.625036530E-01 +3.799534017E-01 +2.026517599E-01
6.95000000000E+09 +2.849287023E-02 -3.663454516E-02 +5.746083453E-02 +1.903173049E-01 +3.674688834E-01 +1.667532334E-01
6.96000000000E+09 -3.053704766E-02 -3.717269595E-02 +1.168273446E-01 +1.561098832E-01 +3.373768514E-01 +1.418452779E-01
6.97000000000E+09 -4.334905487E-02 +2.345592149E-02 +1.251931187E-01 +9.067656087E-02 +3.015029357E-01 +1.483939897E-01
6.98000000000E+09 +1.522691070E-02 +4.705323321E-02 +9.056467876E-02 +4.754242391E-02 +2.803121996E-01 +1.757241066E-01
6.99000000000E+09 +4.801391145E-02 -5.929184800E-03 +5.554318818E-02 +3.325392633E-02 +2.849149662E-01 +2.107026226E-01
7.00000000000E+09 +4.033266140E-03 -4.678099497E-02 +2.630718012E-02 +1.914179965E-02 +3.078700186E-01 +2.308985770E-01

[Channel0\Trace0\Marker0]
Enabled=1
Position=0.2

[Channel0\Trace1]
ReferencePosition[0]=1

[Channel0\Trace1\Marker0]
Enabled=1
Position=0.2

[Channel0\Trace2]
SPort=0
FormatType=2

[Channel0\Trace2\Marker0]
Enabled=1
Position=0.2

[Channel0\Trace3]
SPort=0
FormatType=2

[Channel0\Trace3\Marker0]
Enabled=1
Position=0.2

