[NWA State]
TriggerSource=3

[Channel0]
Points=701
FrequencyStart=1000000000
FixedPower[0]=5
FixedPower[1]=5
IFBW=1000
CorrectionEnabled=1
TraceCount=4

[Channel0\Correction\11]
Calyyyymmdd=2024/04/01
Calhhmmss=17:11:22
VNATemperature=37.3 °C
Type=3
KitLabel=ACM2509.2
KitDescription=AutoCal Module 20 kHz-9 GHz (CMT), SN: 19039185, Char: Factory, 27.2°C, ThermoComp: ON
CalIFBW=1 kHz
CalPower=5 dBm
CalPorts[0]=0
CalPorts[1]=0

[Channel0\Correction\11\Data]
1.00000000000E+09 -7.580701930E-02 +2.179570163E-01 -2.824582196E-01 -5.873881371E-02 -5.060450658E-02 +6.058132517E-02
1.01071428571E+09 +1.697464249E-01 +1.542589420E-01 -2.411647923E-01 +1.252613135E-01 -2.268720572E-02 +8.030193454E-02
1.02142857143E+09 +2.063571689E-01 -9.351435772E-02 -9.411174644E-02 +2.449092361E-01 +1.558212329E-02 +9.015019167E-02
1.03214285714E+09 -2.348589501E-03 -2.232254012E-01 +9.481567266E-02 +2.483543135E-01 +5.874476974E-02 +8.198057545E-02
1.04285714286E+09 -2.021054901E-01 -8.817575690E-02 +2.441390485E-01 +1.363105413E-01 +9.293996284E-02 +5.454042250E-02
1.05357142857E+09 -1.624140498E-01 +1.471106614E-01 +2.923803780E-01 -4.123024050E-02 +1.093757175E-01 +1.717120865E-02
1.06428571429E+09 +6.831775887E-02 +2.084194865E-01 +2.216619695E-01 -2.083694769E-01 +1.108385233E-01 -1.960234876E-02
1.07500000000E+09 +2.194138927E-01 +2.157703664E-02 +6.478680818E-02 -2.942733246E-01 +1.039903037E-01 -5.044095618E-02
1.08571428571E+09 +1.078605445E-01 -1.929958300E-01 -1.084403540E-01 -2.647313894E-01 +8.891236241E-02 -7.832556402E-02
1.09642857143E+09 -1.336581794E-01 -1.752756026E-01 -2.240268518E-01 -1.376652627E-01 +6.319511532E-02 -1.037082934E-01
1.10714285714E+09 -2.124059254E-01 +5.220337683E-02 -2.382810362E-01 +2.875686583E-02 +2.681600761E-02 -1.196901085E-01
1.11785714286E+09 -3.714108382E-02 +2.136251291E-01 -1.531114880E-01 +1.666655636E-01 -1.452706601E-02 -1.196017091E-01
1.12857142857E+09 +1.793103561E-01 +1.196714639E-01 -7.196083187E-03 +2.265464854E-01 -5.228309232E-02 -1.039248410E-01
1.13928571429E+09 +1.816882465E-01 -1.150813884E-01 +1.429754125E-01 +1.904582333E-01 -8.148643520E-02 -7.770802627E-02
1.15000000000E+09 -3.185736880E-02 -2.128543530E-01 +2.417641613E-01 +7.432477947E-02 -1.010977310E-01 -4.386076719E-02
1.16071428571E+09 -2.078395964E-01 -5.633415023E-02 +2.514087126E-01 -7.685885903E-02 -1.090683853E-01 -1.123812303E-03
1.17142857143E+09 -1.339521759E-01 +1.678077212E-01 +1.677105430E-01 -2.023562684E-01 -1.006033202E-01 +4.682284103E-02
1.18214285714E+09 +1.007491210E-01 +1.882499652E-01 +2.563364452E-02 -2.500878813E-01 -7.095063120E-02 +9.043579899E-02
1.19285714286E+09 +2.113442660E-01 -1.775988548E-02 -1.140075529E-01 -2.014953233E-01 -2.260182074E-02 +1.201215670E-01
1.20357142857E+09 +6.766289458E-02 -1.993523560E-01 -1.937162433E-01 -8.053039769E-02 +3.484214027E-02 +1.286127708E-01
1.21428571429E+09 -1.541587117E-01 -1.411221167E-01 -1.851349219E-01 +6.006963428E-02 +9.373505509E-02 +1.134831810E-01
1.22500000000E+09 -1.898484337E-01 +8.375001754E-02 -9.787181854E-02 +1.647524509E-01 +1.458616144E-01 +7.447758594E-02
1.23571428571E+09 +6.049681534E-04 +2.059867575E-01 +2.965096123E-02 +1.972086384E-01 +1.808490277E-01 +1.243500118E-02
1.24642857143E+09 +1.875241142E-01 +8.085584063E-02 +1.483064615E-01 +1.508932974E-01 +1.865797699E-01 -6.581116943E-02
1.25714285714E+09 +1.474965021E-01 -1.386979961E-01 +2.164481744E-01 +4.698864482E-02 +1.562771791E-01 -1.435975402E-01
1.26785714286E+09 -6.733814329E-02 -1.889516243E-01 +2.121099901E-01 -7.542061244E-02 +9.425746227E-02 -2.026666853E-01
1.27857142857E+09 -1.978336525E-01 -1.453261297E-02 +1.380727351E-01 -1.725818418E-01 +1.174496213E-02 -2.303567003E-01
1.28928571429E+09 -9.260470839E-02 +1.729595610E-01 +2.064639077E-02 -2.092952723E-01 -7.877458666E-02 -2.227463317E-01
1.30000000000E+09 +1.194493286E-01 +1.537046796E-01 -9.800923889E-02 -1.705054919E-01 -1.634177770E-01 -1.783109090E-01
1.31071428571E+09 +1.885121885E-01 -4.688602127E-02 -1.730099930E-01 -6.807499394E-02 -2.269696410E-01 -9.663910488E-02
1.32142857143E+09 +3.282214904E-02 -1.917280487E-01 -1.732286490E-01 +6.065457118E-02 -2.511208981E-01 +1.394690175E-02
1.33214285714E+09 -1.632099648E-01 -1.063433870E-01 -9.620427086E-02 +1.648914692E-01 -2.214780361E-01 +1.301355007E-01
1.34285714286E+09 -1.613257482E-01 +1.079074277E-01 +2.781187378E-02 +2.018848078E-01 -1.380590390E-01 +2.216261743E-01
1.35357142857E+09 +3.586784529E-02 +1.883145310E-01 +1.480454729E-01 +1.571643045E-01 -2.096468334E-02 +2.661263061E-01
1.36428571429E+09 +1.836680116E-01 +4.008942189E-02 +2.168413771E-01 +5.071787494E-02 +1.036673556E-01 +2.548250559E-01
1.37500000000E+09 +1.074586834E-01 -1.490175805E-01 +2.097496085E-01 -7.486490580E-02 +2.149990000E-01 +1.922354159E-01
1.38571428571E+09 -9.061990312E-02 -1.550870490E-01 +1.308875054E-01 -1.734060585E-01 +2.958588866E-01 +8.573519183E-02
1.39642857143E+09 -1.754027521E-01 +1.839926943E-02 +7.468629421E-03 -2.096778256E-01 +3.265086561E-01 -5.113463390E-02
1.40714285714E+09 -5.497674405E-02 +1.650428265E-01 -1.185913285E-01 -1.674529692E-01 +2.913644199E-01 -1.953368025E-01
1.41785714286E+09 +1.268681515E-01 +1.170390293E-01 -2.003260328E-01 -5.545244129E-02 +1.908332893E-01 -3.126269865E-01
1.42857142857E+09 +1.576512285E-01 -6.793941727E-02 -2.001454971E-01 +8.944193365E-02 +4.645569806E-02 -3.727009578E-01
1.43928571429E+09 +1.250561090E-03 -1.705104307E-01 -1.089437792E-01 +2.092647816E-01 -1.099023798E-01 -3.622851715E-01
1.45000000000E+09 -1.538560988E-01 -6.906701631E-02 +4.066174405E-02 +2.487163373E-01 -2.489869358E-01 -2.875064260E-01
1.46071428571E+09 -1.237149628E-01 +1.107323391E-01 +1.846989256E-01 +1.862444506E-01 -3.483286917E-01 -1.631158566E-01
1.47142857143E+09 +4.922752783E-02 +1.558548101E-01 +2.601574676E-01 +4.728138187E-02 -3.887173085E-01 -2.923857357E-03
1.48214285714E+09 +1.605123852E-01 +1.967898020E-02 +2.350477017E-01 -1.098322366E-01 -3.565195287E-01 +1.679957493E-01
1.49285714286E+09 +8.420794340E-02 -1.376429079E-01 +1.191294684E-01 -2.213402741E-01 -2.462929948E-01 +3.121068496E-01
1.50357142857E+09 -9.149208972E-02 -1.336266751E-01 -4.316484470E-02 -2.416588496E-01 -7.547054768E-02 +3.917309636E-01
1.51428571429E+09 -1.595495791E-01 +3.050259068E-02 -1.879936996E-01 -1.587716759E-01 +1.151355137E-01 +3.837903618E-01
1.52500000000E+09 -3.460098698E-02 +1.581535573E-01 -2.541892482E-01 -2.265575165E-03 +2.808311479E-01 +2.931199000E-01
1.53571428571E+09 +1.297941183E-01 +9.238317309E-02 -2.104590865E-01 +1.642799480E-01 +3.883639338E-01 +1.427993909E-01
1.54642857143E+09 +1.326647165E-01 -8.026269316E-02 -7.290107666E-02 +2.695913946E-01 +4.240029808E-01 -3.875257475E-02
1.55714285714E+09 -1.848315192E-02 -1.492533626E-01 +1.009416252E-01 +2.683978591E-01 +3.805184139E-01 -2.212773439E-01
1.56785714286E+09 -1.394906749E-01 -4.487620704E-02 +2.387551744E-01 +1.607475951E-01 +2.597717929E-01 -3.720075665E-01
1.57857142857E+09 -9.900267499E-02 +1.052252319E-01 +2.837176334E-01 -1.087268175E-02 +7.885301483E-02 -4.571180432E-01
1.58928571429E+09 +5.247963076E-02 +1.344448767E-01 +2.138506294E-01 -1.786828224E-01 -1.238642535E-01 -4.541653634E-01
1.60000000000E+09 +1.453564706E-01 +9.062541470E-03 +5.137396504E-02 -2.714263461E-01 -3.033126555E-01 -3.612273787E-01
1.61071428571E+09 +6.842507139E-02 -1.301680404E-01 -1.381425897E-01 -2.426546087E-01 -4.234472923E-01 -2.022297848E-01
1.62142857143E+09 -9.213130745E-02 -1.151712328E-01 -2.688617750E-01 -9.956242803E-02 -4.650270930E-01 -1.150571789E-02
1.63214285714E+09 -1.414395429E-01 +3.817868979E-02 -2.797789109E-01 +9.256764849E-02 -4.224729810E-01 +1.813963167E-01
1.64285714286E+09 -2.228592037E-02 +1.428324507E-01 -1.702979585E-01 +2.457341508E-01 -3.015571529E-01 +3.451554971E-01
1.65357142857E+09 +1.193182521E-01 +7.851745571E-02 +5.910406375E-03 +2.972671689E-01 -1.163673034E-01 +4.454482558E-01
1.66428571429E+09 +1.207579331E-01 -7.485603197E-02 +1.743522122E-01 +2.323342318E-01 +9.900080695E-02 +4.524479445E-01
1.67500000000E+09 -1.771741152E-02 -1.414084256E-01 +2.699324751E-01 +7.944391769E-02 +2.955927457E-01 +3.573790861E-01
1.68571428571E+09 -1.377494821E-01 -4.221059034E-02 +2.540509721E-01 -1.024062438E-01 +4.261136758E-01 +1.858727764E-01
1.69642857143E+09 -9.470210677E-02 +1.102309479E-01 +1.283392538E-01 -2.392922614E-01 +4.646850438E-01 -1.934918594E-02
1.70714285714E+09 +6.379740764E-02 +1.304066659E-01 -5.751066880E-02 -2.690552607E-01 +4.120423411E-01 -2.166211389E-01
1.71785714286E+09 +1.428600086E-01 -6.545201616E-03 -2.206464332E-01 -1.755762151E-01 +2.849784718E-01 -3.759038143E-01
1.72857142857E+09 +5.100689844E-02 -1.299323439E-01 -2.874741592E-01 -3.136086178E-03 +1.047639203E-01 -4.710595257E-01
1.73928571429E+09 -9.421686531E-02 -9.874848749E-02 -2.331655784E-01 +1.690422766E-01 -1.020593944E-01 -4.801244728E-01
1.75000000000E+09 -1.283805685E-01 +4.198352126E-02 -8.700401243E-02 +2.685101871E-01 -2.952239196E-01 -3.974908817E-01
1.76071428571E+09 -1.786753900E-02 +1.348171678E-01 +8.753650277E-02 +2.574579802E-01 -4.300084568E-01 -2.370402227E-01
1.77142857143E+09 +1.168190958E-01 +7.513546766E-02 +2.185154916E-01 +1.420276247E-01 -4.800680323E-01 -3.493228990E-02
1.78214285714E+09 +1.195467060E-01 -7.757402757E-02 +2.503939604E-01 -2.929495278E-02 -4.393012267E-01 +1.646494482E-01
1.79285714286E+09 -2.388868389E-02 -1.435437797E-01 +1.697219076E-01 -1.814642661E-01 -3.231937749E-01 +3.270179751E-01
1.80357142857E+09 -1.425218225E-01 -3.483138654E-02 +1.639439457E-02 -2.481564122E-01 -1.540036787E-01 +4.277727408E-01
1.81428571429E+09 -8.807815122E-02 +1.169323740E-01 -1.378722515E-01 -2.074131936E-01 +4.544135593E-02 +4.491837727E-01
1.82500000000E+09 +7.114065909E-02 +1.270918289E-01 -2.293604903E-01 -8.745380900E-02 +2.387841648E-01 +3.812999560E-01
1.83571428571E+09 +1.447976552E-01 -1.269577994E-02 -2.294185780E-01 +5.583851717E-02 +3.810193734E-01 +2.302965929E-01
1.84642857143E+09 +4.854185103E-02 -1.378238549E-01 -1.464729264E-01 +1.663782403E-01 +4.371577974E-01 +3.009438999E-02
1.85714285714E+09 -1.070771288E-01 -1.018553605E-01 -1.630108712E-02 +2.043390363E-01 +3.997127164E-01 -1.672166723E-01
1.86785714286E+09 -1.381970926E-01 +5.796163144E-02 +1.090571857E-01 +1.563077016E-01 +2.861944174E-01 -3.199498449E-01
1.87857142857E+09 -1.205462155E-03 +1.512405314E-01 +1.778636220E-01 +4.313543734E-02 +1.282817675E-01 -4.093445947E-01
1.88928571429E+09 +1.388524893E-01 +6.025301838E-02 +1.625650915E-01 -8.458570836E-02 -4.723543090E-02 -4.290868042E-01
1.90000000000E+09 +1.096325697E-01 -1.028505170E-01 +7.618783952E-02 -1.708841039E-01 -2.180456418E-01 -3.740787925E-01
1.91071428571E+09 -4.914177289E-02 -1.405224373E-01 -3.634044270E-02 -1.848863411E-01 -3.540932537E-01 -2.476750631E-01
1.92142857143E+09 -1.476132064E-01 -1.326505067E-02 -1.262249213E-01 -1.324136322E-01 -4.212033911E-01 -7.359771629E-02
1.93214285714E+09 -7.379895601E-02 +1.292129621E-01 -1.636666300E-01 -4.461438553E-02 -4.036574654E-01 +1.061431588E-01
1.94285714286E+09 +8.858580217E-02 +1.222410130E-01 -1.445909581E-01 +4.105745161E-02 -3.119605575E-01 +2.514735959E-01
1.95357142857E+09 +1.507970685E-01 -3.205315754E-02 -8.551797044E-02 +9.639199813E-02 -1.779510867E-01 +3.405226615E-01
1.96428571429E+09 +3.117012213E-02 -1.542335398E-01 -1.195394911E-02 +1.098244608E-01 -2.785705308E-02 +3.688260383E-01
1.97500000000E+09 -1.320271616E-01 -9.041803745E-02 +5.292325640E-02 +8.544890878E-02 +1.201641861E-01 +3.386671391E-01
1.98571428571E+09 -1.356652301E-01 +8.755527785E-02 +9.455346722E-02 +3.568661511E-02 +2.492975697E-01 +2.512304014E-01
1.99642857143E+09 +2.869872405E-02 +1.593466507E-01 +1.066331328E-01 -2.491212149E-02 +3.300699309E-01 +1.147940901E-01
2.00714285714E+09 +1.576711840E-01 +3.510091565E-02 +8.871245024E-02 -8.216774304E-02 +3.403911103E-01 -4.186159610E-02
2.01785714286E+09 +9.340137442E-02 -1.306370783E-01 +4.538745844E-02 -1.231402384E-01 +2.795976425E-01 -1.772292215E-01
2.02857142857E+09 -8.245347182E-02 -1.365460336E-01 -1.387559984E-02 -1.372824823E-01 +1.737349869E-01 -2.654815201E-01
2.03928571429E+09 -1.571330459E-01 +2.120076853E-02 -7.505279248E-02 -1.182685456E-01 +5.282643718E-02 -3.027305863E-01
2.05000000000E+09 -4.311443636E-02 +1.524638874E-01 -1.209848856E-01 -6.651177486E-02 -6.656474188E-02 -2.972113238E-01
2.06071428571E+09 +1.232553022E-01 +1.006032576E-01 -1.343647142E-01 +8.668453667E-03 -1.783852946E-01 -2.506438697E-01
2.07142857143E+09 +1.417396903E-01 -7.417889851E-02 -1.021173349E-01 +8.779815941E-02 -2.665825541E-01 -1.622762368E-01
2.08214285714E+09 -1.340817850E-02 -1.598638182E-01 -2.313278550E-02 +1.419986943E-01 -3.086471758E-01 -4.200425650E-02
2.09285714286E+09 -1.519548603E-01 -4.864390668E-02 +8.322402745E-02 +1.415316954E-01 -2.922643868E-01 +8.132861591E-02
2.10357142857E+09 -1.017015096E-01 +1.200032967E-01 +1.770272918E-01 +7.291318445E-02 -2.274611517E-01 +1.803898256E-01
2.11428571429E+09 +6.938847111E-02 +1.376552389E-01 +2.134340003E-01 -4.671206642E-02 -1.383703323E-01 +2.431759178E-01
2.12500000000E+09 +1.509013478E-01 -8.413464787E-03 +1.667133652E-01 -1.718191321E-01 -3.924466078E-02 +2.732419406E-01
2.13571428571E+09 +5.319758338E-02 -1.393507351E-01 +4.546339237E-02 -2.477495483E-01 +6.625553886E-02 +2.694550569E-01
2.14642857143E+09 -1.052519494E-01 -1.048289913E-01 -1.085735863E-01 -2.333698939E-01 +1.705539185E-01 +2.252873354E-01
2.15714285714E+09 -1.388656077E-01 +5.522885055E-02 -2.319971010E-01 -1.188227881E-01 +2.510637064E-01 +1.389508911E-01
2.16785714286E+09 -2.500252823E-03 +1.502985268E-01 -2.608567274E-01 +6.171694204E-02 +2.851696812E-01 +2.347994421E-02
2.17857142857E+09 +1.377792377E-01 +5.832609786E-02 -1.641593052E-01 +2.319254365E-01 +2.656266248E-01 -9.400772105E-02
2.18928571429E+09 +1.035620770E-01 -1.034428664E-01 +2.657915768E-02 +3.064295259E-01 +2.061389880E-01 -1.910566259E-01
2.20000000000E+09 -5.316295713E-02 -1.305020796E-01 +2.261772216E-01 +2.430940505E-01 +1.196383508E-01 -2.596552327E-01
2.21071428571E+09 -1.352367314E-01 -3.850067889E-03 +3.446547820E-01 +6.722482925E-02 +1.029234400E-02 -2.954349197E-01
2.22142857143E+09 -5.807912360E-02 +1.177828710E-01 +3.302157229E-01 -1.486053673E-01 -1.117949604E-01 -2.889298589E-01
2.23214285714E+09 +8.168703346E-02 +1.010004199E-01 +1.817359794E-01 -3.177357432E-01 -2.248323300E-01 -2.277774685E-01
2.24285714286E+09 +1.261364306E-01 -3.315732783E-02 -5.255227553E-02 -3.634468006E-01 -3.026652525E-01 -1.179304510E-01
2.25357142857E+09 +1.917868417E-02 -1.298331892E-01 -2.788594684E-01 -2.455808259E-01 -3.252104995E-01 +1.529604962E-02
2.26428571429E+09 -1.121177021E-01 -6.656987779E-02 -3.838079389E-01 +3.001465976E-03 -2.929124774E-01 +1.429329152E-01
2.27500000000E+09 -1.008656148E-01 +7.611103790E-02 -3.014064077E-01 +2.684708537E-01 -2.156422366E-01 +2.468075150E-01
2.28571428571E+09 +2.900639964E-02 +1.169437723E-01 -6.809442005E-02 +4.196382387E-01 -1.041452774E-01 +3.183361326E-01
2.29642857143E+09 +1.129943148E-01 +2.113167289E-02 +2.042041798E-01 +3.916040526E-01 +3.246030458E-02 +3.424766120E-01
2.30714285714E+09 +6.590860218E-02 -9.006304789E-02 +4.007417849E-01 +2.043917409E-01 +1.736789252E-01 +3.050515416E-01
2.31785714286E+09 -5.222618318E-02 -9.822879475E-02 +4.452095675E-01 -6.797714010E-02 +2.896151256E-01 +2.042487685E-01
2.32857142857E+09 -1.128963885E-01 +6.058193231E-03 +3.094041057E-01 -3.219858887E-01 +3.502377665E-01 +6.042330163E-02
2.33928571429E+09 -4.001788142E-02 +1.080841361E-01 +2.958114278E-02 -4.427692498E-01 +3.419461178E-01 -9.335024309E-02
2.35000000000E+09 +8.514313733E-02 +7.762620911E-02 -2.768453933E-01 -3.519306121E-01 +2.733215446E-01 -2.280891779E-01
2.36071428571E+09 +1.004674211E-01 -4.875229521E-02 -4.537652362E-01 -7.899249648E-02 +1.614118181E-01 -3.245278132E-01
2.37142857143E+09 -5.342338557E-03 -1.055182400E-01 -4.145715708E-01 +2.382085104E-01 +1.700893466E-02 -3.694449358E-01
2.38214285714E+09 -9.235959492E-02 -3.726516431E-02 -1.943700427E-01 +4.536469352E-01 -1.414598701E-01 -3.499123233E-01
2.39285714286E+09 -7.161321379E-02 +6.361327681E-02 +1.022970448E-01 +4.915956527E-01 -2.817387221E-01 -2.604787452E-01
2.40357142857E+09 +2.385599849E-02 +9.191993465E-02 +3.628107449E-01 +3.480930295E-01 -3.696230269E-01 -1.160605576E-01
2.41428571429E+09 +9.505184882E-02 +1.911665989E-02 +4.925718134E-01 +6.690311219E-02 -3.819352277E-01 +5.368196712E-02
2.42500000000E+09 +5.814271909E-02 -8.167965265E-02 +4.185671301E-01 -2.524272041E-01 -3.230183429E-01 +2.082661163E-01
2.43571428571E+09 -5.468680801E-02 -8.632763624E-02 +1.432472205E-01 -4.618797630E-01 -2.104849672E-01 +3.216571292E-01
2.44642857143E+09 -9.872053618E-02 +1.887114928E-02 -2.098507612E-01 -4.393270758E-01 -6.358186857E-02 +3.785634600E-01
2.45714285714E+09 -1.950219927E-02 +9.336360506E-02 -4.578139421E-01 -1.975386855E-01 +1.006872283E-01 +3.735311699E-01
2.46785714286E+09 +7.189632948E-02 +5.326879314E-02 -4.961586998E-01 +1.291130209E-01 +2.544829298E-01 +3.003102879E-01
2.47857142857E+09 +7.623725965E-02 -3.838570320E-02 -3.383111267E-01 +3.984721043E-01 +3.635583077E-01 +1.638271051E-01
2.48928571429E+09 +1.287968418E-03 -8.428635405E-02 -5.969726017E-02 +5.221419722E-01 +4.007650705E-01 -1.110269147E-02
2.50000000000E+09 -7.645236763E-02 -4.041975801E-02 +2.439726649E-01 +4.598575752E-01 +3.581092404E-01 -1.802447703E-01
2.51071428571E+09 -7.250663066E-02 +5.464162317E-02 +4.608034876E-01 +2.160628343E-01 +2.490793459E-01 -3.093887385E-01
2.52142857143E+09 +2.346438704E-02 +9.174692856E-02 +4.775226140E-01 -1.300798280E-01 +1.012516303E-01 -3.773103357E-01
2.53214285714E+09 +9.479912988E-02 +1.134193864E-02 +2.563558576E-01 -4.135214362E-01 -6.051703279E-02 -3.839454546E-01
2.54285714286E+09 +4.378078859E-02 -8.092579117E-02 -9.321369749E-02 -4.804797761E-01 -2.137236620E-01 -3.285725174E-01
2.55357142857E+09 -5.324561247E-02 -6.809958870E-02 -3.878422716E-01 -3.165133484E-01 -3.338019847E-01 -2.112415217E-01
2.56428571429E+09 -7.997626149E-02 +1.702465211E-02 -5.117158670E-01 -2.736054277E-02 -3.928889441E-01 -4.846895330E-02
2.57500000000E+09 -2.137413296E-02 +7.700696009E-02 -4.465508497E-01 +2.645689141E-01 -3.727130712E-01 +1.222562140E-01
2.58571428571E+09 +5.931906974E-02 +5.575176969E-02 -2.280320431E-01 +4.644444150E-01 -2.779512528E-01 +2.631705294E-01
2.59642857143E+09 +8.018964440E-02 -3.002939803E-02 +7.561879486E-02 +5.008442759E-01 -1.363500485E-01 +3.459069176E-01
2.60714285714E+09 +5.271366773E-03 -9.070652861E-02 +3.541813976E-01 +3.359846845E-01 +2.071755179E-02 +3.614283390E-01
2.61785714286E+09 -8.529682009E-02 -3.954620902E-02 +4.689576865E-01 +1.569866710E-02 +1.673669130E-01 +3.183716323E-01
2.62857142857E+09 -6.645001058E-02 +6.522499815E-02 +3.442644126E-01 -3.050307939E-01 +2.873572241E-01 +2.231343249E-01
2.63928571429E+09 +3.380248975E-02 +8.212438035E-02 +5.252723745E-02 -4.616723114E-01 +3.605392667E-01 +8.323489807E-02
2.65000000000E+09 +8.362885291E-02 +3.048105131E-03 -2.509376453E-01 -4.057780895E-01 +3.633686458E-01 -7.898816113E-02
2.66071428571E+09 +3.857871680E-02 -7.047533338E-02 -4.478284314E-01 -1.951761945E-01 +2.935631569E-01 -2.255678127E-01
2.67142857143E+09 -4.448383338E-02 -6.635509742E-02 -4.863408890E-01 +7.992162984E-02 +1.697180775E-01 -3.225237400E-01
2.68214285714E+09 -8.182107322E-02 +1.010687564E-02 -3.595068303E-01 +3.282358077E-01 +2.402771896E-02 -3.544608864E-01
2.69285714286E+09 -2.674638199E-02 +8.292471942E-02 -1.011157424E-01 +4.586020044E-01 -1.159643738E-01 -3.289796834E-01
2.70357142857E+09 +6.981822826E-02 +5.961492187E-02 +1.965473019E-01 +3.989431849E-01 -2.310281096E-01 -2.576581906E-01
2.71428571429E+09 +8.271415008E-02 -4.460850629E-02 +3.922754068E-01 +1.561129391E-01 -3.103735642E-01 -1.498660357E-01
2.72500000000E+09 -1.130485514E-02 -9.150381498E-02 +3.851663376E-01 -1.508047506E-01 -3.405970588E-01 -1.310981151E-02
2.73571428571E+09 -8.487894415E-02 -2.396731740E-02 +1.968200477E-01 -3.716078098E-01 -3.089844106E-01 +1.278185515E-01
2.74642857143E+09 -5.489413708E-02 +6.416504765E-02 -6.704499677E-02 -4.288699908E-01 -2.193801711E-01 +2.380118363E-01
2.75714285714E+09 +3.284307777E-02 +7.582858008E-02 -3.007291092E-01 -3.280778976E-01 -9.469637313E-02 +2.949718767E-01
2.76785714286E+09 +8.343780427E-02 +4.206414225E-03 -4.319663770E-01 -1.176009394E-01 +3.572344513E-02 +2.955572902E-01
2.77857142857E+09 +4.088203967E-02 -7.622650829E-02 -4.181414821E-01 +1.328598333E-01 +1.475739832E-01 +2.515685993E-01
2.78928571429E+09 -5.595711313E-02 -7.098391244E-02 -2.527092150E-01 +3.332989396E-01 +2.323229535E-01 +1.723156848E-01
2.80000000000E+09 -8.938018313E-02 +2.630127913E-02 +1.029956428E-02 +3.917018991E-01 +2.839544063E-01 +6.429694729E-02
2.81071428571E+09 -7.433414996E-03 +9.284017149E-02 +2.544861854E-01 +2.705194897E-01 +2.904083728E-01 -6.101872908E-02
2.82142857143E+09 +8.110951942E-02 +3.990293397E-02 +3.659035250E-01 +2.917747314E-02 +2.404474745E-01 -1.786009349E-01
2.83214285714E+09 +6.566740920E-02 -5.625790167E-02 +3.096602989E-01 -2.162583256E-01 +1.468915308E-01 -2.634053357E-01
2.84285714286E+09 -2.256093398E-02 -8.010278192E-02 +1.304532435E-01 -3.716486193E-01 +3.207460633E-02 -2.993210360E-01
2.85357142857E+09 -8.030509494E-02 -1.441062302E-02 -9.557718396E-02 -3.952110029E-01 -8.045802819E-02 -2.906981698E-01
2.86428571429E+09 -4.806013627E-02 +6.638991782E-02 -2.924409836E-01 -2.880829341E-01 -1.781538392E-01 -2.439098568E-01
2.87500000000E+09 +4.101343647E-02 +7.319201515E-02 -3.940911996E-01 -8.442489739E-02 -2.556155520E-01 -1.652399492E-01
2.88571428571E+09 +8.580048523E-02 -8.807110129E-03 -3.554735978E-01 +1.478460734E-01 -3.019764947E-01 -5.811441947E-02
2.89642857143E+09 +2.476018250E-02 -8.421742432E-02 -1.790285080E-01 +3.152732179E-01 -3.016905555E-01 +6.405522372E-02
2.90714285714E+09 -6.845359090E-02 -5.412741516E-02 +6.626609916E-02 +3.404962726E-01 -2.499091208E-01 +1.790139030E-01
2.91785714286E+09 -7.404692855E-02 +4.138678448E-02 +2.735522069E-01 +2.126302850E-01 -1.564683285E-01 +2.591225216E-01
2.92857142857E+09 +8.075971145E-03 +8.133357418E-02 +3.602777943E-01 -7.509953809E-03 -4.093857335E-02 +2.941637893E-01
2.93928571429E+09 +7.505857698E-02 +2.550770768E-02 +3.028345141E-01 -2.303281859E-01 +7.901428916E-02 +2.824671038E-01
2.95000000000E+09 +5.417305380E-02 -5.667005431E-02 +1.287801466E-01 -3.771561095E-01 +1.872383611E-01 +2.266297590E-01
2.96071428571E+09 -2.885747351E-02 -7.334823454E-02 -1.010779470E-01 -3.963495362E-01 +2.696855221E-01 +1.271155614E-01
2.97142857143E+09 -7.975169842E-02 -3.536203376E-03 -3.048359846E-01 -2.726711572E-01 +3.082009402E-01 -3.002071282E-03
2.98214285714E+09 -3.470014773E-02 +7.245557633E-02 -3.968820704E-01 -4.237900649E-02 +2.887963278E-01 -1.421654523E-01
2.99285714286E+09 +5.310505174E-02 +5.890068122E-02 -3.272561080E-01 +2.033155723E-01 +2.111144437E-01 -2.580554529E-01
3.00357142857E+09 +7.395852039E-02 -2.122252917E-02 -1.419433133E-01 +3.486588981E-01 +8.918788344E-02 -3.292993150E-01
3.01428571429E+09 +1.020040678E-02 -7.308333942E-02 +1.099314105E-01 +3.623325501E-01 -5.114205509E-02 -3.477265728E-01
3.02500000000E+09 -5.959616543E-02 -3.858575555E-02 +3.187143893E-01 +2.267758701E-01 -1.879480720E-01 -3.097518319E-01
3.03571428571E+09 -5.915601832E-02 +3.590171835E-02 +4.088691578E-01 -4.198120752E-03 -3.021225603E-01 -2.182833080E-01
3.04642857143E+09 +7.086751716E-03 +6.824839081E-02 +3.446267058E-01 -2.499874806E-01 -3.745538296E-01 -8.261111791E-02
3.05714285714E+09 +6.559631545E-02 +2.208210990E-02 +1.387341427E-01 -4.146347174E-01 -3.852663543E-01 +7.177972474E-02
3.06785714286E+09 +4.674030695E-02 -5.212013500E-02 -1.382580113E-01 -4.181529737E-01 -3.275260980E-01 +2.171840469E-01
3.07857142857E+09 -3.032972348E-02 -6.317661028E-02 -3.642897149E-01 -2.398762179E-01 -2.085418414E-01 +3.256828417E-01
3.08928571429E+09 -6.885052023E-02 +3.703147444E-03 -4.271815938E-01 +4.601525782E-02 -5.510029590E-02 +3.780295445E-01
3.10000000000E+09 -2.326444285E-02 +6.251917431E-02 -2.990527332E-01 +3.047607009E-01 +1.063877961E-01 +3.640513374E-01
3.11071428571E+09 +4.565690432E-02 +4.567206859E-02 -4.574556472E-02 +4.284682756E-01 +2.524205865E-01 +2.824157085E-01
3.12142857143E+09 +5.979726351E-02 -2.112265563E-02 +2.254640457E-01 +3.779182700E-01 +3.558031890E-01 +1.445060310E-01
3.13214285714E+09 +6.780533233E-03 -6.326262040E-02 +4.151373748E-01 +1.769618267E-01 +3.896882009E-01 -2.812951304E-02
3.14285714286E+09 -5.554372052E-02 -3.324073517E-02 +4.488262935E-01 -1.047620913E-01 +3.410469188E-01 -2.015380978E-01
3.15357142857E+09 -5.353689976E-02 +3.834152094E-02 +2.968720390E-01 -3.586744406E-01 +2.191357190E-01 -3.368519535E-01
3.16428571429E+09 +1.481925066E-02 +6.408300027E-02 +7.462755250E-03 -4.646433151E-01 +5.187631087E-02 -4.068494266E-01
3.17500000000E+09 +6.276745358E-02 +1.053878936E-02 -2.886232130E-01 -3.602391382E-01 -1.270975502E-01 -4.008756290E-01
3.18571428571E+09 +3.306294810E-02 -5.032430702E-02 -4.514533055E-01 -9.614264448E-02 -2.876379137E-01 -3.258727533E-01
3.19642857143E+09 -2.926611039E-02 -4.873309515E-02 -4.205727098E-01 +2.029577084E-01 -4.032148276E-01 -1.905208149E-01
3.20714285714E+09 -5.464866211E-02 +3.567676647E-03 -2.248032668E-01 +4.199516500E-01 -4.541827885E-01 -1.645248831E-02
3.21785714286E+09 -2.236145263E-02 +4.988186343E-02 +5.897783398E-02 +4.832271345E-01 -4.260705039E-01 +1.676592779E-01
3.22857142857E+09 +3.520072955E-02 +4.409201636E-02 +3.337852753E-01 +3.656526891E-01 -3.211170231E-01 +3.235608028E-01
3.23928571429E+09 +5.765644776E-02 -1.349841826E-02 +4.892570073E-01 +9.201071039E-02 -1.584688882E-01 +4.212258917E-01
3.25000000000E+09 +1.082417119E-02 -6.064271619E-02 +4.333994857E-01 -2.359866036E-01 +3.006913104E-02 +4.417417030E-01
3.26071428571E+09 -5.247887647E-02 -3.286200057E-02 +1.687832467E-01 -4.554743731E-01 +2.043473876E-01 +3.854667136E-01
3.27142857143E+09 -4.887511444E-02 +3.488632326E-02 -1.721535231E-01 -4.501194038E-01 +3.391969299E-01 +2.606615046E-01
3.28214285714E+09 +1.116455459E-02 +5.602315978E-02 -4.224602824E-01 -2.409733645E-01 +4.136288380E-01 +8.568457708E-02
3.29285714286E+09 +5.295526995E-02 +1.421854220E-02 -4.938266987E-01 +5.935066980E-02 +4.064437363E-01 -1.093350628E-01
3.30357142857E+09 +3.660158903E-02 -3.975713129E-02 -3.841696600E-01 +3.360759308E-01 +3.136600442E-01 -2.863607422E-01
3.31428571429E+09 -1.884536239E-02 -5.184459272E-02 -1.369851094E-01 +5.022366811E-01 +1.474283823E-01 -4.019155782E-01
3.32500000000E+09 -5.766961594E-02 -6.057090094E-03 +1.724598208E-01 +4.940936057E-01 -5.102736910E-02 -4.313806698E-01
3.33571428571E+09 -3.047187955E-02 +5.308999827E-02 +4.280873639E-01 +2.865435765E-01 -2.366896435E-01 -3.709774912E-01
3.34642857143E+09 +3.901347561E-02 +4.963137260E-02 +4.944123532E-01 -5.552367199E-02 -3.711370715E-01 -2.417932023E-01
3.35714285714E+09 +5.971744352E-02 -1.765327286E-02 +3.151382114E-01 -3.630704580E-01 -4.403797496E-01 -6.706735050E-02
3.36785714286E+09 +7.042020373E-03 -5.873600952E-02 -1.224949332E-02 -4.770848156E-01 -4.375338068E-01 +1.176222319E-01
3.37857142857E+09 -4.699701505E-02 -3.011379946E-02 -3.206699979E-01 -3.690868599E-01 -3.586415614E-01 +2.861453302E-01
3.38928571429E+09 -4.705600150E-02 +2.636120602E-02 -4.949232338E-01 -1.148936292E-01 -2.128747731E-01 +4.094711836E-01
3.40000000000E+09 +3.803920458E-04 +5.454583236E-02 -4.929218349E-01 +1.838283817E-01 -2.794164186E-02 +4.579976833E-01
3.41071428571E+09 +5.101617759E-02 +2.695048691E-02 -3.187475923E-01 +4.301991547E-01 +1.577198384E-01 +4.224620643E-01
3.42142857143E+09 +5.051454356E-02 -3.710652020E-02 -1.899724999E-02 +5.289717949E-01 +3.059734824E-01 +3.070838498E-01
3.43214285714E+09 -1.567353800E-02 -6.622430147E-02 +2.939676186E-01 +4.104801816E-01 +3.892016887E-01 +1.408329503E-01
3.44285714286E+09 -7.060039848E-02 -9.631133698E-03 +4.587386420E-01 +1.036310075E-01 +3.986336188E-01 -3.932384355E-02
3.45357142857E+09 -3.389102843E-02 +6.233294302E-02 +3.789035166E-01 -2.351241068E-01 +3.348288486E-01 -2.062788711E-01
3.46428571429E+09 +4.299472430E-02 +5.313094728E-02 +1.116949462E-01 -4.329283917E-01 +2.074764656E-01 -3.320114156E-01
3.47500000000E+09 +6.367995500E-02 -1.593619482E-02 -1.988154990E-01 -4.252210535E-01 +3.392173665E-02 -3.908042560E-01
3.48571428571E+09 +1.433311804E-02 -6.306150787E-02 -4.325235808E-01 -2.478903389E-01 -1.478008574E-01 -3.643166184E-01
3.49642857143E+09 -5.024781725E-02 -4.259440448E-02 -5.212003513E-01 +2.414426304E-02 -2.961718435E-01 -2.575703805E-01
3.50714285714E+09 -6.385701132E-02 +2.713219523E-02 -4.353877893E-01 +3.010090509E-01 -3.779174403E-01 -1.003035563E-01
3.51785714286E+09 -2.448882788E-03 +7.422268496E-02 -1.902532800E-01 +4.773093511E-01 -3.832227714E-01 +6.912103824E-02
3.52857142857E+09 +7.174098002E-02 +3.284113828E-02 +1.256094216E-01 +4.578407829E-01 -3.217299699E-01 +2.164018164E-01
3.53928571429E+09 +5.881329253E-02 -5.665474838E-02 +3.577910967E-01 +2.313917868E-01 -2.127196757E-01 +3.184107546E-01
3.55000000000E+09 -3.064925334E-02 -7.588576710E-02 +3.845610553E-01 -8.641274768E-02 -7.071965600E-02 +3.693328195E-01
3.56071428571E+09 -8.068700075E-02 -2.022139763E-03 +2.117161397E-01 -3.344541628E-01 +8.027650760E-02 +3.591282248E-01
3.57142857143E+09 -3.576098537E-02 +7.171629478E-02 -5.844584020E-02 -4.181693432E-01 +2.130638090E-01 +2.850271558E-01
3.58214285714E+09 +4.970455169E-02 +6.446696979E-02 -3.110262924E-01 -3.296228093E-01 +2.952182162E-01 +1.615902269E-01
3.59285714286E+09 +8.320618123E-02 -1.793962691E-02 -4.578986274E-01 -1.153650210E-01 +3.122574806E-01 +1.664044824E-02
3.60357142857E+09 +1.900886836E-02 -8.872485348E-02 -4.462084134E-01 +1.430369180E-01 +2.671435336E-01 -1.114350637E-01
3.61428571429E+09 -7.968672137E-02 -5.518393756E-02 -2.749108735E-01 +3.414567611E-01 +1.791838997E-01 -1.982662014E-01
3.62500000000E+09 -8.451065145E-02 +5.673371026E-02 -1.342565800E-02 +3.875532625E-01 +6.758016953E-02 -2.388448969E-01
3.63571428571E+09 +2.330344960E-02 +1.011743844E-01 +2.166809088E-01 +2.576093903E-01 -4.620268675E-02 -2.345567665E-01
3.64642857143E+09 +1.025918677E-01 +1.517693071E-02 +3.109959864E-01 +1.919484538E-02 -1.448012318E-01 -1.855225634E-01
3.65714285714E+09 +5.270089564E-02 -8.816423505E-02 +2.422970255E-01 -2.149370636E-01 -2.099246727E-01 -9.955041853E-02
3.66785714286E+09 -5.983733545E-02 -8.326692126E-02 +5.719976341E-02 -3.526147665E-01 -2.286442361E-01 +2.270073871E-03
3.67857142857E+09 -1.015565466E-01 +2.104774139E-02 -1.618764122E-01 -3.531570261E-01 -2.018938849E-01 +9.087634269E-02
3.68928571429E+09 -2.212889794E-02 +1.040168477E-01 -3.306388086E-01 -2.278604996E-01 -1.468791454E-01 +1.510866397E-01
3.70000000000E+09 +8.992474532E-02 +6.317354341E-02 -3.871148558E-01 -3.207552330E-02 -8.280271913E-02 +1.810429796E-01
3.71071428571E+09 +9.546328325E-02 -6.127599276E-02 -3.134205548E-01 +1.525550476E-01 -2.215140416E-02 +1.886571777E-01
3.72142857143E+09 -2.253768252E-02 -1.143460796E-01 -1.473715876E-01 +2.502230612E-01 +3.250881116E-02 +1.799612888E-01
3.73214285714E+09 -1.166064076E-01 -2.126582151E-02 +3.565545605E-02 +2.291313106E-01 +7.965547060E-02 +1.581495761E-01
3.74285714286E+09 -6.311153690E-02 +1.012040762E-01 +1.639117802E-01 +1.114363839E-01 +1.154014214E-01 +1.222832637E-01
3.75357142857E+09 +7.037107234E-02 +9.654040997E-02 +1.996049557E-01 -4.812105143E-02 +1.365898338E-01 +7.936684149E-02
3.76428571429E+09 +1.158848288E-01 -2.866686750E-02 +1.430462381E-01 -1.914153403E-01 +1.457410545E-01 +3.559508460E-02
3.77500000000E+09 +1.728357951E-02 -1.182734109E-01 +2.199293114E-02 -2.740697401E-01 +1.455086372E-01 -7.065091321E-03
3.78571428571E+09 -1.033804951E-01 -6.087666527E-02 -1.192281132E-01 -2.735250414E-01 +1.344420222E-01 -5.368005647E-02
3.79642857143E+09 -9.566553470E-02 +7.336241176E-02 -2.320398099E-01 -1.934137476E-01 +1.079829143E-01 -1.018141856E-01
3.80714285714E+09 +3.220719694E-02 +1.162716359E-01 -2.774063178E-01 -6.354703899E-02 +6.135074927E-02 -1.436280400E-01
3.81785714286E+09 +1.192995713E-01 +1.305023132E-02 -2.398073897E-01 +6.930343093E-02 -4.925514532E-03 -1.658079038E-01
3.82857142857E+09 +5.585164294E-02 -1.052171562E-01 -1.328214365E-01 +1.581517037E-01 -8.358999865E-02 -1.579770367E-01
3.83928571429E+09 -7.587033673E-02 -8.994801897E-02 +6.067462558E-03 +1.727005152E-01 -1.612026813E-01 -1.156573018E-01
3.85000000000E+09 -1.100174916E-01 +3.611682645E-02 +1.309018845E-01 +1.086155260E-01 -2.185392480E-01 -4.064095865E-02
3.86071428571E+09 -8.018121939E-03 +1.132054400E-01 +2.009705963E-01 -1.435986428E-02 -2.393365924E-01 +5.976758920E-02
3.87142857143E+09 +9.915746211E-02 +4.933831264E-02 +1.905736386E-01 -1.578040637E-01 -2.153386469E-01 +1.677106549E-01
3.88214285714E+09 +8.131741604E-02 -7.062099804E-02 +9.730223196E-02 -2.721730233E-01 -1.447469146E-01 +2.606704552E-01
3.89285714286E+09 -3.245930298E-02 -9.934179528E-02 -5.104191175E-02 -3.104554660E-01 -3.849521144E-02 +3.152181544E-01
3.90357142857E+09 -1.011371347E-01 -9.009829402E-03 -1.988058202E-01 -2.488999930E-01 +9.036876065E-02 +3.204237183E-01
3.91428571429E+09 -4.754707932E-02 +8.668949176E-02 -2.836542489E-01 -1.040208240E-01 +2.166194211E-01 +2.721112907E-01
3.92500000000E+09 +5.865604684E-02 +7.677863353E-02 -2.643296552E-01 +7.068709688E-02 +3.149524875E-01 +1.706351000E-01
3.93571428571E+09 +9.256932421E-02 -2.208352511E-02 -1.404020684E-01 +2.050405747E-01 +3.625212974E-01 +3.111184354E-02
3.94642857143E+09 +1.696386531E-02 -9.293654404E-02 +4.451130279E-02 +2.407191630E-01 +3.434064339E-01 -1.207798500E-01
3.95714285714E+09 -7.849880751E-02 -5.237582236E-02 +2.175041453E-01 +1.571982800E-01 +2.577956965E-01 -2.532425070E-01
3.96785714286E+09 -7.866835156E-02 +5.169857253E-02 +3.051863229E-01 -1.604638948E-02 +1.193850655E-01 -3.363344939E-01
3.97857142857E+09 +1.720896859E-02 +9.167100792E-02 +2.666085047E-01 -2.074272666E-01 -4.652818596E-02 -3.530322106E-01
3.98928571429E+09 +8.930345165E-02 +1.906353394E-02 +1.158340342E-01 -3.331850771E-01 -2.049400422E-01 -2.962503031E-01
4.00000000000E+09 +5.065512585E-02 -7.260476028E-02 -8.239575974E-02 -3.374466132E-01 -3.284039482E-01 -1.750952556E-01
4.01071428571E+09 -4.499186368E-02 -7.281357884E-02 -2.439153231E-01 -2.170969098E-01 -3.854663860E-01 -1.088100237E-02
4.02142857143E+09 -8.230148278E-02 +1.101126882E-02 -3.010600670E-01 -1.998956330E-02 -3.622231408E-01 +1.675362355E-01
4.03214285714E+09 -2.348562981E-02 +7.764503471E-02 -2.282579027E-01 +1.762877864E-01 -2.598686917E-01 +3.199097413E-01
4.04285714286E+09 +5.993998574E-02 +5.285407082E-02 -4.928855103E-02 +2.932047145E-01 -1.032472039E-01 +4.133605572E-01
4.05357142857E+09 +7.203143073E-02 -3.239258404E-02 +1.677652008E-01 +2.781449509E-01 +7.712452556E-02 +4.301148258E-01
4.06428571429E+09 -1.764439932E-04 -7.822716691E-02 +3.307531774E-01 +1.303334000E-01 +2.471550387E-01 +3.678340570E-01
4.07500000000E+09 -7.062236266E-02 -3.102176575E-02 +3.638302747E-01 -8.827712317E-02 +3.776553768E-01 +2.429651030E-01
4.08571428571E+09 -5.612864515E-02 +5.112800895E-02 +2.502921371E-01 -2.782979767E-01 +4.426693542E-01 +7.610162143E-02
4.09642857143E+09 +2.296551719E-02 +7.097571420E-02 +4.284336514E-02 -3.546215828E-01 +4.286941013E-01 -1.095652249E-01
4.10714285714E+09 +7.298269548E-02 +8.701956719E-03 -1.673116450E-01 -2.876350951E-01 +3.372433401E-01 -2.783837232E-01
4.11785714286E+09 +3.835020131E-02 -6.215697409E-02 -2.948757378E-01 -1.083773503E-01 +1.816127456E-01 -3.910968057E-01
4.12857142857E+09 -4.058296572E-02 -6.093980378E-02 -2.914120297E-01 +1.111665991E-01 -1.013473718E-02 -4.217292637E-01
4.13928571429E+09 -7.304791019E-02 +1.218328633E-02 -1.590511499E-01 +2.852840001E-01 -1.967116558E-01 -3.661289212E-01
4.15000000000E+09 -1.838326285E-02 +7.269183973E-02 +5.032853179E-02 +3.443757541E-01 -3.385887274E-01 -2.360697398E-01
4.16071428571E+09 +5.996464322E-02 +4.569600202E-02 +2.502587284E-01 +2.619804820E-01 -4.070326056E-01 -5.962715139E-02
4.17142857143E+09 +6.512886226E-02 -3.727429691E-02 +3.528807477E-01 +7.286021573E-02 -3.917174209E-01 +1.314445669E-01
4.18214285714E+09 -8.607997781E-03 -7.340010062E-02 +3.123103300E-01 -1.378479028E-01 -2.993819311E-01 +3.000422723E-01
4.19285714286E+09 -6.920460704E-02 -2.105879928E-02 +1.483205426E-01 -2.756140116E-01 -1.464650052E-01 +4.100870574E-01
4.20357142857E+09 -4.665510804E-02 +5.337978372E-02 -6.493345258E-02 -2.820849874E-01 +3.774690520E-02 +4.436489611E-01
4.21428571429E+09 +2.865814634E-02 +6.387974607E-02 -2.365808575E-01 -1.585851853E-01 +2.163845198E-01 +3.960192476E-01
4.22500000000E+09 +6.990095847E-02 +1.086737375E-03 -2.984386453E-01 +4.027636599E-02 +3.567688606E-01 +2.778801380E-01
4.23571428571E+09 +3.075119363E-02 -6.334858342E-02 -2.295374025E-01 +2.319111026E-01 +4.333624018E-01 +1.122304457E-01
4.24642857143E+09 -4.538041025E-02 -5.522716822E-02 -6.236407929E-02 +3.384711729E-01 +4.351296536E-01 -6.754997940E-02
4.25714285714E+09 -7.007265487E-02 +1.902268572E-02 +1.296961775E-01 +3.187069533E-01 +3.645238361E-01 -2.329086447E-01
4.26785714286E+09 -1.077101293E-02 +7.302698184E-02 +2.642816956E-01 +1.855445928E-01 +2.326795281E-01 -3.519033606E-01
4.27857142857E+09 +6.384227665E-02 +3.942761598E-02 +2.862780160E-01 -1.852403390E-04 +6.459340533E-02 -4.050745522E-01
4.28928571429E+09 +6.203865482E-02 -4.370186359E-02 +1.907509418E-01 -1.590719055E-01 -1.104463918E-01 -3.792310236E-01
4.30000000000E+09 -1.597468531E-02 -7.474083747E-02 +2.072356248E-02 -2.283071251E-01 -2.592076128E-01 -2.799492234E-01
4.31071428571E+09 -7.514751054E-02 -1.480365498E-02 -1.545218940E-01 -1.852313526E-01 -3.516136674E-01 -1.268747731E-01
4.32142857143E+09 -4.341736098E-02 +6.306214923E-02 -2.686655316E-01 -5.212878413E-02 -3.675067711E-01 +4.533825992E-02
4.33214285714E+09 +4.045851670E-02 +6.495602432E-02 -2.828842254E-01 +1.156666215E-01 -3.062723717E-01 +2.051857449E-01
4.34285714286E+09 +7.591429116E-02 -1.114297123E-02 -1.988854638E-01 +2.526907526E-01 -1.871971743E-01 +3.215809044E-01
4.35357142857E+09 +2.045594588E-02 -7.462168204E-02 -5.523863489E-02 +3.089902401E-01 -3.761867544E-02 +3.741946350E-01
4.36428571429E+09 -6.056715025E-02 -4.914828930E-02 +8.864029574E-02 +2.672700285E-01 +1.170783787E-01 +3.579135481E-01
4.37500000000E+09 -6.972952388E-02 +3.645890681E-02 +1.758197750E-01 +1.486182587E-01 +2.510046553E-01 +2.841849126E-01
4.38571428571E+09 +6.232463676E-03 +7.920869614E-02 +1.744402935E-01 +2.996308583E-03 +3.439499195E-01 +1.663315351E-01
4.39642857143E+09 +7.586743243E-02 +2.537701439E-02 +8.943143046E-02 -1.125265578E-01 +3.793743467E-01 +2.284954499E-02
4.40714285714E+09 +5.322862433E-02 -6.019494639E-02 -4.284738326E-02 -1.578356155E-01 +3.534994587E-01 -1.222511239E-01
4.41785714286E+09 -3.452458296E-02 -7.267801902E-02 -1.728402737E-01 -1.226962715E-01 +2.714609108E-01 -2.424375342E-01
4.42857142857E+09 -8.035702931E-02 +3.072181743E-03 -2.573255857E-01 -2.535408382E-02 +1.513903822E-01 -3.143609249E-01
4.43928571429E+09 -2.902938842E-02 +7.506520540E-02 -2.716663401E-01 +9.776017156E-02 +1.416432048E-02 -3.290499312E-01
4.45000000000E+09 +5.791382023E-02 +5.657342185E-02 -2.143859521E-01 +2.052065218E-01 -1.142713124E-01 -2.899464312E-01
4.46071428571E+09 +7.572674726E-02 -3.140816667E-02 -1.041544653E-01 +2.609834228E-01 -2.152474109E-01 -2.063584034E-01
4.47142857143E+09 +5.703557788E-04 -8.308028596E-02 +2.353398989E-02 +2.422489343E-01 -2.769252659E-01 -9.357454759E-02
4.48214285714E+09 -7.740435559E-02 -3.257716085E-02 +1.231776392E-01 +1.481981262E-01 -2.868403870E-01 +3.305192962E-02
4.49285714286E+09 -5.941897130E-02 +5.986251744E-02 +1.531980753E-01 +5.948594009E-03 -2.433149645E-01 +1.550058553E-01
4.50357142857E+09 +3.335915796E-02 +7.699291137E-02 +9.477007132E-02 -1.341685498E-01 -1.536069066E-01 +2.477052358E-01
4.51428571429E+09 +8.252241113E-02 -2.063880186E-03 -3.543600261E-02 -2.180514790E-01 -3.654170558E-02 +2.929171390E-01
4.52500000000E+09 +2.887960922E-02 -7.507604871E-02 -1.900086668E-01 -2.123419957E-01 +8.566308483E-02 +2.887995764E-01
4.53571428571E+09 -5.614286359E-02 -5.469855058E-02 -3.116261515E-01 -1.190943159E-01 +1.949917338E-01 +2.399274412E-01
4.54642857143E+09 -7.102951256E-02 +2.851547989E-02 -3.560570920E-01 +2.825459540E-02 +2.784321155E-01 +1.601040594E-01
4.55714285714E+09 -2.801459692E-03 +7.560027343E-02 -3.031028692E-01 +1.778887880E-01 +3.251360081E-01 +5.248248532E-02
4.56785714286E+09 +6.832135581E-02 +3.337258297E-02 -1.633634704E-01 +2.722279283E-01 +3.248074699E-01 -7.079264044E-02
4.57857142857E+09 +5.854542202E-02 -5.010492936E-02 +1.929274418E-02 +2.633913357E-01 +2.766865869E-01 -1.891141581E-01
4.58928571429E+09 -2.414080922E-02 -7.412708966E-02 +1.712885680E-01 +1.351687981E-01 +1.839151443E-01 -2.762428081E-01
4.60000000000E+09 -7.779807600E-02 -5.071609524E-03 +2.149312381E-01 -7.237602062E-02 +6.284247281E-02 -3.159728674E-01
4.61071428571E+09 -3.293943633E-02 +6.919651152E-02 +1.168653340E-01 -2.681022742E-01 -6.155660928E-02 -3.076702924E-01
4.62142857143E+09 +4.983058301E-02 +5.490047218E-02 -8.218749708E-02 -3.592392002E-01 -1.736756432E-01 -2.541739795E-01
4.63214285714E+09 +6.749368947E-02 -2.324358638E-02 -2.916246371E-01 -3.069423845E-01 -2.564772702E-01 -1.624148613E-01
4.64285714286E+09 +6.194525039E-03 -6.907087471E-02 -4.231497408E-01 -1.376357166E-01 -2.964594497E-01 -3.708995407E-02
4.65357142857E+09 -5.951272016E-02 -3.387790668E-02 -4.244702421E-01 +8.116466665E-02 -2.832278555E-01 +1.012346350E-01
4.66428571429E+09 -5.533052863E-02 +4.046729143E-02 -2.870456428E-01 +2.653421682E-01 -2.123904913E-01 +2.238245411E-01
4.67500000000E+09 +1.555826505E-02 +6.743722045E-02 -5.109397503E-02 +3.333304182E-01 -9.045541936E-02 +3.026028925E-01
4.68571428571E+09 +6.852112312E-02 +1.102366217E-02 +1.918274999E-01 +2.373063419E-01 +4.955207467E-02 +3.219196136E-01
4.69642857143E+09 +3.501186190E-02 -5.871558112E-02 +3.280210445E-01 +2.939799671E-03 +1.847094042E-01 +2.815507921E-01
4.70714285714E+09 -3.969714436E-02 -5.257996245E-02 +2.878816107E-01 -2.657075224E-01 +2.901287841E-01 +1.910128540E-01
4.71785714286E+09 -6.103427455E-02 +1.474550994E-02 +9.392835688E-02 -4.457749979E-01 +3.526932768E-01 +6.241824717E-02
4.72857142857E+09 -1.192794233E-02 +5.876113189E-02 -1.615062219E-01 -4.668366096E-01 +3.606420183E-01 -8.612711224E-02
4.73928571429E+09 +4.625454189E-02 +3.529703697E-02 -3.737741184E-01 -3.296295442E-01 +3.071076895E-01 -2.274177995E-01
4.75000000000E+09 +5.193064702E-02 -2.617753100E-02 -4.612495733E-01 -8.739903615E-02 +1.968872498E-01 -3.332435474E-01
4.76071428571E+09 -1.944007517E-03 -5.931298871E-02 -3.797515208E-01 +1.705382593E-01 +4.962586802E-02 -3.774667327E-01
4.77142857143E+09 -5.682575966E-02 -2.248342366E-02 -1.419716979E-01 +3.326245911E-01 -1.041212375E-01 -3.589347870E-01
4.78214285714E+09 -4.275119654E-02 +4.479719204E-02 +1.581604416E-01 +3.069941160E-01 -2.356838904E-01 -2.796641921E-01
4.79285714286E+09 +2.549768950E-02 +5.549856227E-02 +3.744232858E-01 +9.281486196E-02 -3.239074788E-01 -1.544253952E-01
4.80357142857E+09 +5.874899379E-02 -2.321723339E-03 +4.025144910E-01 -2.021057623E-01 -3.554176017E-01 -2.491299806E-03
4.81428571429E+09 +2.047124455E-02 -5.209987894E-02 +2.442795860E-01 -4.378487200E-01 -3.227304939E-01 +1.557482986E-01
4.82500000000E+09 -3.719499820E-02 -3.907621696E-02 -1.564479353E-02 -5.218914292E-01 -2.268177146E-01 +2.840774834E-01
4.83571428571E+09 -5.053323094E-02 +1.627816979E-02 -2.709556359E-01 -4.322375267E-01 -7.787296051E-02 +3.572655832E-01
4.84642857143E+09 -7.105383254E-03 +5.303728123E-02 -4.256702534E-01 -2.018683415E-01 +8.735956672E-02 +3.566116981E-01
4.85714285714E+09 +4.620637990E-02 +2.899655036E-02 -4.099951083E-01 +8.948172494E-02 +2.365727315E-01 +2.889587122E-01
4.86785714286E+09 +4.553819011E-02 -3.161195329E-02 -2.091659249E-01 +3.212228909E-01 +3.401366840E-01 +1.667166778E-01
4.87857142857E+09 -1.189199768E-02 -5.416004333E-02 +9.984689123E-02 +3.777445316E-01 +3.837742351E-01 +1.270130662E-02
4.88928571429E+09 -5.314437056E-02 -9.714970370E-03 +3.714925669E-01 +2.283958418E-01 +3.658475243E-01 -1.434996040E-01
4.90000000000E+09 -2.924956985E-02 +4.313118875E-02 +4.839126509E-01 -4.667120248E-02 +2.832285134E-01 -2.782255558E-01
4.91071428571E+09 +2.578465158E-02 +4.327426026E-02 +4.059708251E-01 -3.184027442E-01 +1.454514960E-01 -3.628268019E-01
4.92142857143E+09 +4.958198624E-02 -4.205965579E-03 +1.859061466E-01 -4.812278835E-01 -1.584324452E-02 -3.825136138E-01
4.93214285714E+09 +1.787748433E-02 -4.707168079E-02 -8.782234790E-02 -4.788062555E-01 -1.738832747E-01 -3.364873180E-01
4.94285714286E+09 -3.615979838E-02 -3.712314333E-02 -3.114425973E-01 -3.073306277E-01 -2.889836389E-01 -2.277403687E-01
4.95357142857E+09 -5.001185361E-02 +1.897244391E-02 -3.880198148E-01 -2.474438452E-02 -3.492938459E-01 -8.241665129E-02
4.96428571429E+09 -1.734635882E-03 +5.455891203E-02 -2.716391113E-01 +2.517886237E-01 -3.456663048E-01 +7.404773038E-02
4.97500000000E+09 +4.970376880E-02 +2.221390581E-02 -1.047313185E-02 +3.946956907E-01 -2.796757455E-01 +2.127446658E-01
4.98571428571E+09 +3.920888766E-02 -3.635552754E-02 +2.712228647E-01 +3.461978079E-01 -1.578393809E-01 +3.105715528E-01
4.99642857143E+09 -1.659121414E-02 -4.944221728E-02 +4.526043069E-01 +1.460627377E-01 -2.414274327E-03 +3.494673248E-01
5.00714285714E+09 -5.108744542E-02 -5.764956975E-03 +4.733832101E-01 -1.105181532E-01 +1.502879456E-01 +3.208669111E-01
5.01785714286E+09 -2.706687590E-02 +4.417818102E-02 +3.366781833E-01 -3.229999262E-01 +2.734111987E-01 +2.327384840E-01
5.02857142857E+09 +2.963438082E-02 +4.397065630E-02 +9.561652042E-02 -4.096513573E-01 +3.457595199E-01 +1.062105465E-01
5.03928571429E+09 +5.366580238E-02 -9.962575485E-03 -1.558520035E-01 -3.276515150E-01 +3.586453791E-01 -3.771098291E-02
5.05000000000E+09 +1.159497573E-02 -5.437582459E-02 -3.063141691E-01 -1.019841388E-01 +3.185083295E-01 -1.741292293E-01
5.06071428571E+09 -4.595355624E-02 -3.104911914E-02 -2.840346750E-01 +1.671860737E-01 +2.244665723E-01 -2.824298048E-01
5.07142857143E+09 -4.537506659E-02 +2.980187495E-02 -1.073613562E-01 +3.572966047E-01 +9.277113769E-02 -3.446886068E-01
5.08214285714E+09 +8.779394974E-03 +5.216651140E-02 +1.326871716E-01 +3.976539794E-01 -5.194608174E-02 -3.464180470E-01
5.09285714286E+09 +5.037297014E-02 +1.361508313E-02 +3.352827147E-01 +2.934463681E-01 -1.816614097E-01 -2.913170903E-01
5.10357142857E+09 +3.401932525E-02 -3.989841902E-02 +4.327224179E-01 +9.801561081E-02 -2.727120658E-01 -1.891881768E-01
5.11428571429E+09 -2.237635992E-02 -4.875884754E-02 +3.965875494E-01 -1.157387605E-01 -3.120950469E-01 -6.083982162E-02
5.12500000000E+09 -5.541198822E-02 +9.770328415E-04 +2.376187829E-01 -2.703660730E-01 -3.017050728E-01 +6.992765404E-02
5.13571428571E+09 -2.071558247E-02 +5.324624924E-02 +1.085083611E-02 -3.008514172E-01 -2.432604616E-01 +1.860828248E-01
5.14642857143E+09 +4.259001308E-02 +3.934565096E-02 -1.915988879E-01 -1.881268538E-01 -1.415785654E-01 +2.705594052E-01
5.15714285714E+09 +5.170716250E-02 -2.497279482E-02 -2.842717907E-01 +1.921651199E-02 -1.203501100E-02 +3.084888861E-01
5.16785714286E+09 -3.347396053E-03 -5.588806971E-02 -2.374079488E-01 +2.295141772E-01 +1.191399115E-01 +2.901889047E-01
5.17857142857E+09 -5.111606597E-02 -1.848257742E-02 -8.638790515E-02 +3.612240255E-01 +2.259511195E-01 +2.187185002E-01
5.18928571429E+09 -3.697132367E-02 +3.834024134E-02 +1.004812292E-01 +3.776116803E-01 +2.933845898E-01 +1.099706248E-01
5.20000000000E+09 +1.959947976E-02 +4.942134030E-02 +2.557432574E-01 +2.840164020E-01 +3.185950806E-01 -1.255917042E-02
5.21071428571E+09 +5.393968634E-02 +2.202347876E-03 +3.265129109E-01 +1.159547803E-01 +2.978640424E-01 -1.358005986E-01
5.22142857143E+09 +2.364093412E-02 -4.980239489E-02 +2.826518572E-01 -6.845836330E-02 +2.285684953E-01 -2.444307268E-01
5.23214285714E+09 -3.787749053E-02 -4.104554551E-02 +1.314955778E-01 -1.966784867E-01 +1.182538497E-01 -3.193370388E-01
5.24285714286E+09 -5.171146671E-02 +2.034448580E-02 -7.151073673E-02 -2.107449642E-01 -1.680799764E-02 -3.432883338E-01
5.25357142857E+09 -7.335254487E-05 +5.396545067E-02 -2.427990867E-01 -1.025520959E-01 -1.480442588E-01 -3.061999482E-01
5.26428571429E+09 +4.768487378E-02 +1.973278640E-02 -3.154369251E-01 +7.963754132E-02 -2.526979081E-01 -2.180026168E-01
5.27500000000E+09 +3.557724044E-02 -3.425639805E-02 -2.701107591E-01 +2.618881678E-01 -3.153579103E-01 -9.736626516E-02
5.28571428571E+09 -1.587310384E-02 -4.514072051E-02 -1.318152721E-01 +3.804457000E-01 -3.294124065E-01 +3.770233426E-02
5.29642857143E+09 -4.695229774E-02 -4.619194515E-03 +5.036137984E-02 +3.973630931E-01 -2.906392023E-01 +1.709042783E-01
5.30714285714E+09 -2.365852327E-02 +4.091218401E-02 +2.159956472E-01 +3.018535403E-01 -1.971008367E-01 +2.809735158E-01
5.31785714286E+09 +2.860332253E-02 +3.845254972E-02 +3.014543022E-01 +1.153973088E-01 -5.986361488E-02 +3.442625192E-01
5.32857142857E+09 +4.670081701E-02 -1.206237962E-02 +2.582708382E-01 -1.005177532E-01 +9.444882051E-02 +3.464829077E-01
5.33928571429E+09 +5.802307163E-03 -4.720358551E-02 +8.720861186E-02 -2.554028193E-01 +2.334251198E-01 +2.800244301E-01
5.35000000000E+09 -4.014098015E-02 -2.209179421E-02 -1.445958928E-01 -2.768497740E-01 +3.340423158E-01 +1.584740848E-01
5.36071428571E+09 -3.410288627E-02 +2.669491628E-02 -3.381368212E-01 -1.584225694E-01 +3.815338523E-01 +7.799705513E-03
5.37142857143E+09 +9.368811643E-03 +3.994817203E-02 -4.203993311E-01 +4.377755618E-02 +3.683181375E-01 -1.427072679E-01
5.38214285714E+09 +3.857493797E-02 +8.497346988E-03 -3.685286756E-01 +2.501784377E-01 +2.896582875E-01 -2.803151307E-01
5.39285714286E+09 +2.420568356E-02 -3.070978573E-02 -2.028410231E-01 +3.874787312E-01 +1.510237782E-01 -3.766945599E-01
5.40357142857E+09 -1.779764950E-02 -3.552730895E-02 +2.354864305E-02 +3.998544430E-01 -1.862811318E-02 -4.091496414E-01
5.41428571429E+09 -4.058391932E-02 +2.191031702E-03 +2.261320005E-01 +2.628573616E-01 -1.848110336E-01 -3.660885453E-01
5.42500000000E+09 -1.326124694E-02 +3.889516376E-02 +3.060335161E-01 +1.303549886E-02 -3.185805567E-01 -2.518570474E-01
5.43571428571E+09 +3.081418939E-02 +2.593304985E-02 +2.072399321E-01 -2.406184592E-01 -3.935810207E-01 -9.623609752E-02
5.44642857143E+09 +3.375561382E-02 -1.808403947E-02 -2.752482942E-02 -3.745680258E-01 -3.982353758E-01 +7.574799141E-02
5.45714285714E+09 -2.886423895E-03 -3.580200873E-02 -2.846049880E-01 -3.362463030E-01 -3.269925335E-01 +2.336526955E-01
5.46785714286E+09 -3.164756280E-02 -1.206300580E-02 -4.586382209E-01 -1.584084779E-01 -1.896498385E-01 +3.562485171E-01
5.47857142857E+09 -2.416640679E-02 +2.210518222E-02 -4.928651543E-01 +8.345193297E-02 -1.099189062E-02 +4.101557568E-01
5.48928571429E+09 +8.954797673E-03 +3.122908054E-02 -3.759985815E-01 +3.044360225E-01 +1.759669130E-01 +3.828363797E-01
5.50000000000E+09 +3.244034203E-02 +5.225808396E-03 -1.376568994E-01 +4.207738154E-01 +3.292508722E-01 +2.768016113E-01
5.51071428571E+09 +1.813525437E-02 -2.814754857E-02 +1.419717013E-01 +3.669801275E-01 +4.216817095E-01 +1.117680179E-01
5.52142857143E+09 -1.897463256E-02 -2.747816642E-02 +3.393184664E-01 +1.404898927E-01 +4.352066313E-01 -7.282451550E-02
5.53214285714E+09 -3.162386684E-02 +6.872417179E-03 +3.517028325E-01 -1.639938477E-01 +3.691032415E-01 -2.455648101E-01
5.54285714286E+09 -6.043263609E-03 +3.008188993E-02 +1.768152568E-01 -4.036305933E-01 +2.371011948E-01 -3.818517265E-01
5.55357142857E+09 +2.331706410E-02 +1.743556113E-02 -9.442027687E-02 -4.826754567E-01 +5.820743651E-02 -4.460857229E-01
5.56428571429E+09 +2.512899390E-02 -1.250721411E-02 -3.481058743E-01 -3.876778874E-01 -1.351688009E-01 -4.398650604E-01
5.57500000000E+09 +2.858750234E-04 -2.787870295E-02 -4.949251278E-01 -1.624801493E-01 -2.999163249E-01 -3.516358675E-01
5.58571428571E+09 -2.546161405E-02 -1.296055339E-02 -4.779450955E-01 +1.151522477E-01 -4.086812045E-01 -1.937068613E-01
5.59642857143E+09 -2.332605772E-02 +1.831374274E-02 -2.853666652E-01 +3.387639053E-01 -4.459566647E-01 -1.232916214E-03
5.60714285714E+09 +7.967379290E-03 +2.930425211E-02 +2.102886087E-02 +3.982120795E-01 -4.018245129E-01 +1.856165726E-01
5.61785714286E+09 +3.010925126E-02 +3.834465792E-03 +3.033216295E-01 +2.468594262E-01 -2.780500392E-01 +3.382807753E-01
5.62857142857E+09 +1.476623692E-02 -2.535227140E-02 +4.246275072E-01 -4.428412227E-02 -1.055299659E-01 +4.301386720E-01
5.63928571429E+09 -1.613880590E-02 -2.280964996E-02 +3.429908476E-01 -3.343379053E-01 +8.278139871E-02 +4.450168269E-01
5.65000000000E+09 -2.661810684E-02 +4.421340638E-03 +1.140302356E-01 -5.064736030E-01 +2.631975981E-01 +3.690778259E-01
5.66071428571E+09 -7.798202067E-03 +2.540885237E-02 -1.650539768E-01 -5.071713923E-01 +3.841607728E-01 +2.175241652E-01
5.67142857143E+09 +1.967678576E-02 +1.854498743E-02 -3.925348482E-01 -3.384471363E-01 +4.417175247E-01 +2.371695339E-02
5.68214285714E+09 +2.591529648E-02 -1.029451526E-02 -4.759898089E-01 -5.305148290E-02 +4.144695770E-01 -1.702659142E-01
5.69285714286E+09 +8.813541259E-04 -2.872770397E-02 -3.597476507E-01 +2.388782098E-01 +3.096641045E-01 -3.297287512E-01
5.70357142857E+09 -2.640065117E-02 -1.199658273E-02 -7.681227746E-02 +3.985351204E-01 +1.432798190E-01 -4.284964580E-01
5.71428571429E+09 -2.088487374E-02 +1.930861941E-02 +2.417650230E-01 +3.449631943E-01 -3.874608545E-02 -4.561852518E-01
5.72500000000E+09 +8.693155478E-03 +2.619992197E-02 +4.501111411E-01 +1.157008879E-01 -2.175845058E-01 -3.976617840E-01
5.73571428571E+09 +2.668857998E-02 +3.563997980E-03 +4.767172566E-01 -1.757232135E-01 -3.547234870E-01 -2.614239279E-01
5.74642857143E+09 +1.517644482E-02 -2.212466834E-02 +3.313576200E-01 -4.158331183E-01 -4.259838033E-01 -8.253748478E-02
5.75714285714E+09 -1.331902850E-02 -2.404766893E-02 +7.281277344E-02 -5.220306693E-01 -4.161076414E-01 +1.050131081E-01
5.76785714286E+09 -2.871043491E-02 +2.037037985E-03 -2.073997341E-01 -4.481287371E-01 -3.315062831E-01 +2.678190777E-01
5.77857142857E+09 -1.003581002E-02 +2.874180472E-02 -3.922829703E-01 -2.039306161E-01 -1.834140265E-01 +3.736047701E-01
5.78928571429E+09 +2.362869310E-02 +2.061946238E-02 -3.811600177E-01 +1.152801036E-01 -7.061740692E-03 +4.098123344E-01
5.80000000000E+09 +2.786849556E-02 -1.438333385E-02 -1.685649120E-01 +3.554288733E-01 +1.639601123E-01 +3.709010109E-01
5.81071428571E+09 -2.425989591E-03 -3.026809538E-02 +1.357262633E-01 +4.079361197E-01 +3.021113952E-01 +2.536263277E-01
5.82142857143E+09 -2.769304826E-02 -1.000870563E-02 +3.925019962E-01 +2.744346199E-01 +3.834506231E-01 +9.577057162E-02
5.83214285714E+09 -2.083086514E-02 +2.019484679E-02 +5.137916281E-01 +3.083634007E-02 +3.861794194E-01 -8.949155826E-02
5.84285714286E+09 +9.107589347E-03 +2.820733010E-02 +4.708481001E-01 -2.295345531E-01 +3.179492519E-01 -2.399220785E-01
5.85357142857E+09 +3.099461804E-02 +4.051144835E-03 +2.787329861E-01 -4.167334164E-01 +1.930396021E-01 -3.399164783E-01
5.86428571429E+09 +1.729727506E-02 -2.845405798E-02 -1.767044995E-03 -4.499934878E-01 +2.784099061E-02 -3.813237009E-01
5.87500000000E+09 -2.109576350E-02 -2.783043037E-02 -2.549521905E-01 -2.913149703E-01 -1.258070809E-01 -3.586800382E-01
5.88571428571E+09 -3.409920622E-02 +1.016838059E-02 -3.505387692E-01 +5.516323004E-05 -2.583935966E-01 -2.749992032E-01
5.89642857143E+09 -2.842808752E-03 +3.464242035E-02 -2.412340268E-01 +2.795114594E-01 -3.432646741E-01 -1.432291149E-01
5.90714285714E+09 +2.966326807E-02 +1.549650935E-02 +7.012588047E-04 +4.231534547E-01 -3.697295392E-01 +9.003786291E-03
5.91785714286E+09 +2.570600797E-02 -1.978931355E-02 +2.587933005E-01 +3.988837670E-01 -3.275176805E-01 +1.510962778E-01
5.92857142857E+09 -6.591284350E-03 -3.179391836E-02 +4.439182866E-01 +2.418051998E-01 -2.273751388E-01 +2.556507376E-01
5.93928571429E+09 -3.269774234E-02 -8.202541490E-03 +5.044620401E-01 +1.246174019E-02 -9.358081120E-02 +3.096661572E-01
5.95000000000E+09 -2.225273173E-02 +2.804693769E-02 +4.178577018E-01 -2.150733024E-01 +3.842740146E-02 +3.108894952E-01
5.96071428571E+09 +1.897886297E-02 +3.357910082E-02 +2.002759730E-01 -3.528082374E-01 +1.573710298E-01 +2.640713129E-01
5.97142857143E+09 +4.014485714E-02 -6.544346002E-03 -6.977043383E-02 -3.246945460E-01 +2.446478167E-01 +1.758239390E-01
5.98214285714E+09 +6.964814403E-03 -4.058033015E-02 -2.649329030E-01 -1.288068021E-01 +2.940606697E-01 +6.140200461E-02
5.99285714286E+09 -3.485926436E-02 -1.996196360E-02 -2.933844699E-01 +1.380242768E-01 +2.902600981E-01 -6.079681089E-02
6.00357142857E+09 -3.001353709E-02 +2.364645352E-02 -1.638738039E-01 +3.524753740E-01 +2.375258484E-01 -1.666176109E-01
6.01428571429E+09 +9.170668915E-03 +3.548786478E-02 +4.889799292E-02 +4.439327543E-01 +1.467779062E-01 -2.397492220E-01
6.02500000000E+09 +3.545069637E-02 +6.426105079E-03 +2.633972024E-01 +4.001933194E-01 +4.463454517E-02 -2.769836445E-01
6.03571428571E+09 +2.095358277E-02 -3.016316678E-02 +4.134952574E-01 +2.437035729E-01 -5.378073168E-02 -2.786201878E-01
6.04642857143E+09 -1.995728401E-02 -3.258610154E-02 +4.475545240E-01 +2.046745934E-02 -1.525498821E-01 -2.432293950E-01
6.05714285714E+09 -3.920435287E-02 +6.954460864E-03 +3.364426053E-01 -1.942109743E-01 -2.302342139E-01 -1.776989618E-01
6.06785714286E+09 -6.981431004E-03 +4.042184043E-02 +1.036493579E-01 -3.047730678E-01 -2.770884348E-01 -8.206370438E-02
6.07857142857E+09 +3.553444740E-02 +1.963796113E-02 -1.560162937E-01 -2.460371408E-01 -2.831566755E-01 +2.529010205E-02
6.08928571429E+09 +2.935226776E-02 -2.569620338E-02 -3.226771641E-01 -4.256807200E-02 -2.469500036E-01 +1.291026882E-01
6.10000000000E+09 -1.214827594E-02 -3.475505812E-02 -3.336830343E-01 +2.080481108E-01 -1.793417115E-01 +2.130740011E-01
6.11071428571E+09 -3.480023166E-02 -2.692071964E-03 -2.036947317E-01 +4.068627269E-01 -8.942067371E-02 +2.688950144E-01
6.12142857143E+09 -1.635900893E-02 +2.952182976E-02 +1.071856259E-02 +4.918707726E-01 +2.265474910E-02 +2.837458700E-01
6.13214285714E+09 +2.002912122E-02 +2.700738015E-02 +2.387249967E-01 +4.366698582E-01 +1.322727583E-01 +2.558993566E-01
6.14285714286E+09 +3.343149578E-02 -7.982750511E-03 +4.007354568E-01 +2.472683814E-01 +2.279724682E-01 +1.765267292E-01
6.15357142857E+09 +4.898979315E-03 -3.463437213E-02 +4.180476935E-01 -2.209954315E-02 +2.891017271E-01 +5.808615003E-02
6.16428571429E+09 -3.078252065E-02 -1.623433261E-02 +2.549657693E-01 -2.603427135E-01 +2.927407958E-01 -7.972174809E-02
6.17500000000E+09 -2.461856559E-02 +2.256736381E-02 -2.958964563E-02 -3.463314364E-01 +2.382483944E-01 -2.070394822E-01
6.18571428571E+09 +1.143493145E-02 +2.867211923E-02 -3.020834766E-01 -2.394671996E-01 +1.392141599E-01 -3.046842904E-01
6.19642857143E+09 +2.837560629E-02 +5.963939497E-04 -4.483920296E-01 -1.329554180E-03 +8.378540554E-03 -3.528621982E-01
6.20714285714E+09 +1.171375930E-02 -2.375085315E-02 -4.281076287E-01 +2.644839452E-01 -1.386180005E-01 -3.353960021E-01
6.21785714286E+09 -1.559619737E-02 -2.014903025E-02 -2.602233833E-01 +4.657389885E-01 -2.775804086E-01 -2.574619785E-01
6.22857142857E+09 -2.468912654E-02 +5.172918186E-03 +1.096183430E-03 +5.327623295E-01 -3.742007100E-01 -1.237259212E-01
6.23928571429E+09 -5.487989174E-03 +2.481192694E-02 +2.671706242E-01 +4.243481070E-01 -4.066312097E-01 +3.304583820E-02
6.25000000000E+09 +2.098392969E-02 +1.473694981E-02 +4.210119101E-01 +1.569743395E-01 -3.698808827E-01 +1.924592953E-01
6.26071428571E+09 +2.118483914E-02 -1.391921590E-02 +3.688902266E-01 -1.624196205E-01 -2.702393959E-01 +3.276927839E-01
6.27142857143E+09 -4.850858764E-03 -2.369055976E-02 +1.237884562E-01 -3.774892438E-01 -1.268348194E-01 +3.994695334E-01
6.28214285714E+09 -2.222594583E-02 -4.506326922E-03 -1.920734138E-01 -3.920156219E-01 +5.093348545E-02 +4.016375407E-01
6.29285714286E+09 -1.257396254E-02 +1.730147128E-02 -4.390955771E-01 -2.199822843E-01 +2.169979012E-01 +3.353576415E-01
6.30357142857E+09 +9.774009323E-03 +1.810850189E-02 -5.306428729E-01 +5.567066953E-02 +3.505541458E-01 +2.016078280E-01
6.31428571429E+09 +2.031290098E-02 -1.133410898E-03 -4.387632625E-01 +3.314978468E-01 +4.019813416E-01 +2.821566699E-02
6.32500000000E+09 +7.305198688E-03 -1.909914272E-02 -1.892270390E-01 +5.021420062E-01 +3.813853823E-01 -1.526937604E-01
6.33571428571E+09 -1.483093087E-02 -1.431391762E-02 +1.298493234E-01 +4.817535808E-01 +2.740515502E-01 -3.043248908E-01
6.34642857143E+09 -1.846205057E-02 +8.315514921E-03 +3.760411373E-01 +2.555759030E-01 +1.160774713E-01 -4.021182073E-01
6.35714285714E+09 +6.210108432E-04 +1.938556009E-02 +4.245488993E-01 -7.992688763E-02 -7.938930445E-02 -4.120686022E-01
6.36785714286E+09 +1.670579787E-02 +6.755873719E-03 +2.574399094E-01 -3.669866703E-01 -2.654265623E-01 -3.517855458E-01
6.37857142857E+09 +1.236623462E-02 -1.133400553E-02 -3.697115671E-02 -4.891249981E-01 -4.108485048E-01 -2.249473085E-01
6.38928571429E+09 -4.404101137E-03 -1.530691186E-02 -3.347919459E-01 -4.148967372E-01 -4.776730593E-01 -4.830088762E-02
6.40000000000E+09 -1.524571241E-02 -2.898060547E-03 -5.279728017E-01 -1.798987186E-01 -4.588466209E-01 +1.285431236E-01
6.41071428571E+09 -9.421861825E-03 +1.263472484E-02 -5.394373328E-01 +1.324489157E-01 -3.785693431E-01 +3.058708663E-01
6.42142857143E+09 +7.537420017E-03 +1.402585442E-02 -3.461227977E-01 +3.975552133E-01 -2.281151762E-01 +4.122574997E-01
6.43214285714E+09 +1.597473644E-02 -1.416076924E-03 -1.564888274E-02 +4.852790067E-01 -4.541421365E-02 +4.598948079E-01
6.44285714286E+09 +4.885938752E-03 -1.509325221E-02 +2.998999864E-01 +3.418425868E-01 +1.447729811E-01 +4.324354987E-01
6.45357142857E+09 -1.139293280E-02 -1.022328291E-02 +4.545789885E-01 +3.908114993E-02 +3.182080446E-01 +3.318874861E-01
6.46428571429E+09 -1.370135183E-02 +5.789313561E-03 +3.982998376E-01 -2.817812854E-01 +4.194187869E-01 +1.699454381E-01
6.47500000000E+09 -8.419271291E-04 +1.456677275E-02 +1.749189664E-01 -4.990127660E-01 +4.299259142E-01 -1.953215513E-02
6.48571428571E+09 +1.276494597E-02 +7.236935740E-03 -1.264716656E-01 -5.441426686E-01 +3.595240786E-01 -2.082142061E-01
6.49642857143E+09 +1.223883931E-02 -8.603778386E-03 -3.995737218E-01 -3.995031743E-01 +2.067897317E-01 -3.474001893E-01
6.50714285714E+09 -2.997487060E-03 -1.498822283E-02 -5.339387573E-01 -1.065401144E-01 +1.760374890E-02 -4.214020650E-01
6.51785714286E+09 -1.520982188E-02 -3.088644554E-03 -4.522639839E-01 +2.208808056E-01 -1.855371468E-01 -3.975609355E-01
6.52857142857E+09 -8.508064667E-03 +1.273007753E-02 -1.752234500E-01 +4.268868311E-01 -3.579464044E-01 -2.895632863E-01
6.53928571429E+09 +8.031269489E-03 +1.205771538E-02 +1.660621714E-01 +4.126625536E-01 -4.455156148E-01 -1.367751730E-01
6.55000000000E+09 +1.362571291E-02 -2.080776088E-03 +4.175274565E-01 +2.007938366E-01 -4.614355703E-01 +4.765461637E-02
6.56071428571E+09 +4.066671680E-03 -1.256345570E-02 +4.907847661E-01 -1.039409051E-01 -3.914697374E-01 +2.270355192E-01
6.57142857143E+09 -9.361163471E-03 -9.373726264E-03 +3.754149920E-01 -3.840186507E-01 -2.724825955E-01 +3.699726632E-01
6.58214285714E+09 -1.287985361E-02 +4.391329362E-03 +1.161563407E-01 -5.405767336E-01 -1.139507767E-01 +4.651999946E-01
6.59285714286E+09 -1.552321715E-03 +1.426813827E-02 -1.954942314E-01 -5.041325496E-01 +6.387856296E-02 +4.722919794E-01
6.60357142857E+09 +1.310562495E-02 +7.511167939E-03 -4.252676431E-01 -2.682365731E-01 +2.365506798E-01 +3.960358140E-01
6.61428571429E+09 +1.209635019E-02 -9.508046770E-03 -4.511272553E-01 +7.034422913E-02 +3.607083570E-01 +2.655686812E-01
6.62500000000E+09 -4.164804809E-03 -1.474875104E-02 -2.560920692E-01 +3.460867249E-01 +4.207041619E-01 +1.037191284E-01
6.63571428571E+09 -1.460784180E-02 -1.961951833E-03 +5.489180305E-02 +4.391214315E-01 +3.847516588E-01 -1.089986188E-01
6.64642857143E+09 -7.678546569E-03 +1.201423173E-02 +3.439570763E-01 +3.368691223E-01 +2.845393663E-01 -2.735602169E-01
6.65714285714E+09 +7.362894871E-03 +1.197491726E-02 +5.138143236E-01 +9.976713788E-02 +1.300202548E-01 -3.845159322E-01
6.66785714286E+09 +1.420013467E-02 -1.431730080E-03 +5.168062217E-01 -1.863234396E-01 -4.191178239E-02 -4.130963510E-01
6.67857142857E+09 +4.780090458E-03 -1.425243552E-02 +3.459324325E-01 -4.237040984E-01 -2.087186414E-01 -3.468926374E-01
6.68928571429E+09 -1.179346941E-02 -1.039632806E-02 +4.939912929E-02 -5.094202200E-01 -3.398071050E-01 -2.245229040E-01
6.70000000000E+09 -1.432444103E-02 +7.594357042E-03 -2.490304232E-01 -3.781808639E-01 -4.114949776E-01 -5.768060476E-02
6.71071428571E+09 +2.036639364E-03 +1.589476217E-02 -3.932213737E-01 -7.698589420E-02 -4.252854015E-01 +1.181196409E-01
6.72142857143E+09 +1.487802681E-02 +3.929680715E-03 -3.120344283E-01 +2.397477335E-01 -3.523394527E-01 +2.704151179E-01
6.73214285714E+09 +9.256626266E-03 -1.135256014E-02 -6.771420192E-02 +4.287621885E-01 -2.386010073E-01 +3.849510997E-01
6.74285714286E+09 -5.859084304E-03 -1.293886980E-02 +2.207749614E-01 +4.389265941E-01 -9.541723154E-02 +4.408994179E-01
6.75357142857E+09 -1.416657298E-02 -7.097898774E-04 +4.520441550E-01 +2.913104179E-01 +5.305872892E-02 +4.203280061E-01
6.76428571429E+09 -7.325453563E-03 +1.274902907E-02 +5.573392018E-01 +4.152870823E-02 +1.958769222E-01 +3.514485143E-01
6.77500000000E+09 +9.125475541E-03 +1.281791304E-02 +4.957726876E-01 -2.313936366E-01 +3.018210356E-01 +2.271127310E-01
6.78571428571E+09 +1.647975033E-02 -3.822097891E-03 +2.695928524E-01 -4.229287176E-01 +3.473038338E-01 +7.744749547E-02
6.79642857143E+09 +2.193616600E-03 -1.767717298E-02 -4.318952306E-02 -4.332330348E-01 +3.282772893E-01 -7.578951526E-02
6.80714285714E+09 -1.616643359E-02 -7.893557388E-03 -2.987060778E-01 -2.397889589E-01 +2.576202867E-01 -2.069519480E-01
6.81785714286E+09 -1.262033094E-02 +1.222889812E-02 -3.768029415E-01 +6.554708905E-02 +1.244117854E-01 -2.845082093E-01
6.82857142857E+09 +6.469656448E-03 +1.549323522E-02 -2.605807721E-01 +3.419321022E-01 -3.308085540E-02 -2.995229994E-01
6.83928571429E+09 +1.607856846E-02 +1.712104600E-04 -1.953280145E-02 +4.895186189E-01 -1.770103634E-01 -2.482157324E-01
6.85000000000E+09 +6.616213184E-03 -1.423163738E-02 +2.509935162E-01 +4.718517514E-01 -3.049601840E-01 -1.506469472E-01
6.86071428571E+09 -1.021543411E-02 -1.193046091E-02 +4.596140259E-01 +3.009160037E-01 -3.743334202E-01 -1.910983138E-02
6.87142857143E+09 -1.517211969E-02 +4.472000643E-03 +5.281600586E-01 +3.086810330E-02 -3.794173898E-01 +1.245602824E-01
6.88214285714E+09 -1.719501686E-03 +1.593024102E-02 +4.120526072E-01 -2.390590436E-01 -3.290128374E-01 +2.548011519E-01
6.89285714286E+09 +1.411543022E-02 +7.418624681E-03 +1.408307536E-01 -3.848281514E-01 -2.363459797E-01 +3.593562692E-01
6.90357142857E+09 +1.179919802E-02 -1.014209673E-02 -1.678249198E-01 -3.278087590E-01 -1.002034808E-01 +4.128444769E-01
6.91428571429E+09 -4.634740795E-03 -1.416532952E-02 -3.723103563E-01 -9.615238765E-02 +4.268331030E-02 +4.248294566E-01
6.92500000000E+09 -1.422373187E-02 -1.500063394E-03 -3.955022615E-01 +1.996643775E-01 +1.808386001E-01 +3.858268426E-01
6.93571428571E+09 -7.237874295E-03 +1.189538934E-02 -2.469047651E-01 +4.417414653E-01 +2.871490109E-01 +2.969876379E-01
6.94642857143E+09 +7.817061421E-03 +1.171358646E-02 +9.371122942E-03 +5.485794303E-01 +3.713123044E-01 +1.760269265E-01
6.95714285714E+09 +1.437748498E-02 -2.278734633E-03 +2.822460110E-01 +4.824597928E-01 +3.755769285E-01 +3.166958493E-02
6.96785714286E+09 +3.680940106E-03 -1.481846072E-02 +4.681148404E-01 +2.565507943E-01 +3.215375302E-01 -1.143428549E-01
6.97857142857E+09 -1.300606431E-02 -9.170128497E-03 +4.773975212E-01 -5.142956738E-02 +1.996463340E-01 -2.279010286E-01
6.98928571429E+09 -1.324629301E-02 +9.130003853E-03 +2.864912455E-01 -3.088662838E-01 +4.127205009E-02 -3.004505819E-01
7.00000000000E+09 +3.954953619E-03 +1.514158332E-02 -2.669148093E-02 -3.936083611E-01 -1.299594723E-01 -2.911120389E-01
7.01071428571E+09 +1.465825827E-02 +1.541060733E-03 -3.208648543E-01 -2.710734505E-01 -2.769187088E-01 -2.047095395E-01
7.02142857143E+09 +6.554796004E-03 -1.217330594E-02 -4.764627075E-01 -5.983312635E-03 -3.514292150E-01 -7.055662238E-02
7.03214285714E+09 -7.931434084E-03 -1.008705835E-02 -4.444892996E-01 +2.894378621E-01 -3.772489280E-01 +1.131991652E-01
7.04285714286E+09 -1.183865714E-02 +2.828632846E-03 -2.443934053E-01 +5.044982641E-01 -3.286868454E-01 +2.768735317E-01
7.05357142857E+09 -2.400100342E-03 +1.144402186E-02 +5.016352505E-02 +5.559520213E-01 -2.168784502E-01 +4.072266918E-01
7.06428571429E+09 +9.234355708E-03 +6.760739685E-03 +3.251249152E-01 +4.120719316E-01 -6.243215245E-02 +4.775973689E-01
7.07500000000E+09 +9.971591923E-03 -5.444935562E-03 +4.593793273E-01 +1.186577689E-01 +8.382093941E-02 +5.188128578E-01
7.08571428571E+09 -7.551172684E-04 -1.114731901E-02 +3.835527174E-01 -2.030256471E-01 +2.347059040E-01 +4.557490533E-01
7.09642857143E+09 -1.032954899E-02 -4.022680979E-03 +1.268585717E-01 -4.116834135E-01 +3.545603850E-01 +3.446988868E-01
7.10714285714E+09 -8.039942073E-03 +7.518156312E-03 -1.971059155E-01 -4.225089394E-01 +4.296939402E-01 +1.789826284E-01
7.11785714286E+09 +3.424582369E-03 +1.056176529E-02 -4.547443405E-01 -2.412530488E-01 +4.341155777E-01 +3.940643343E-03
7.12857142857E+09 +1.119571540E-02 +1.439279829E-03 -5.477981330E-01 +5.362987356E-02 +3.649949500E-01 -1.819149048E-01
7.13928571429E+09 +5.945931490E-03 -9.912803857E-03 -4.392537517E-01 +3.438556476E-01 +2.251345639E-01 -3.098885064E-01
7.15000000000E+09 -7.073244307E-03 -9.460160160E-03 -1.676704348E-01 +5.072675659E-01 +3.564979082E-02 -3.616753999E-01
7.16071428571E+09 -1.136359179E-02 +3.303952475E-03 +1.554879136E-01 +4.644080480E-01 -1.622777786E-01 -3.220475384E-01
7.17142857143E+09 -1.046888481E-03 +1.138046629E-02 +3.868733921E-01 +2.261641425E-01 -3.072936672E-01 -1.835892500E-01
7.18214285714E+09 +9.707448928E-03 +4.952995805E-03 +4.243311551E-01 -1.036754532E-01 -3.816465825E-01 +5.972729991E-03
7.19285714286E+09 +7.891994573E-03 -6.572262946E-03 +2.594682801E-01 -3.844559993E-01 -3.732087953E-01 +2.126863157E-01
7.20357142857E+09 -2.329209403E-03 -9.334247499E-03 -3.163664836E-02 -5.090122247E-01 -3.230052228E-01 +3.740243147E-01
7.21428571429E+09 -9.181197963E-03 -1.906993425E-03 -3.327602098E-01 -4.368518112E-01 -1.722108299E-01 +5.092276634E-01
7.22500000000E+09 -5.764122331E-03 +7.185197578E-03 -5.278371059E-01 -1.971481017E-01 -1.510009383E-02 +5.408210254E-01
7.23571428571E+09 +3.840982119E-03 +8.413773788E-03 -5.319510876E-01 +1.186623136E-01 +1.536816426E-01 +5.125627485E-01
7.24642857143E+09 +9.436605594E-03 +2.154232278E-04 -3.290489605E-01 +3.748692581E-01 +3.089800705E-01 +4.322527400E-01
7.25714285714E+09 +4.427425276E-03 -8.680382534E-03 -4.311499901E-04 +4.458291000E-01 +4.156809909E-01 +2.929047287E-01
7.26785714286E+09 -6.018501661E-03 -7.675889085E-03 +3.013239917E-01 +2.931342940E-01 +4.933137687E-01 +1.228432609E-01
7.27857142857E+09 -9.623642693E-03 +2.281532561E-03 +4.417296209E-01 -7.347567672E-03 +4.905465259E-01 -6.035790649E-02
7.28928571429E+09 -1.757673358E-03 +9.808885263E-03 +3.753683705E-01 -3.198265146E-01 +4.139625855E-01 -1.958131228E-01
7.30000000000E+09 +8.601841519E-03 +5.901555441E-03 +1.457598000E-01 -5.233301456E-01 +2.493277166E-01 -3.263896088E-01
7.31071428571E+09 +9.180009773E-03 -5.874454999E-03 -1.523659307E-01 -5.500374115E-01 +5.037077387E-02 -3.427600025E-01
7.32142857143E+09 -2.156681679E-03 -1.113449243E-02 -4.068920294E-01 -3.921353457E-01 -1.595688545E-01 -2.730219886E-01
7.33214285714E+09 -1.150845525E-02 -1.987166002E-03 -5.152948673E-01 -1.051300931E-01 -3.091100523E-01 -1.189604666E-01
7.34285714286E+09 -5.861669353E-03 +1.013259088E-02 -4.216796009E-01 +1.979744706E-01 -3.774110759E-01 +7.807022389E-02
7.35357142857E+09 +7.130034124E-03 +8.843243011E-03 -1.543212269E-01 +3.834650502E-01 -3.389249822E-01 +2.550577768E-01
7.36428571429E+09 +1.032570261E-02 -3.087624783E-03 +1.718497542E-01 +3.649824094E-01 -2.310062723E-01 +3.952413669E-01
7.37500000000E+09 +1.362354639E-03 -1.000685654E-02 +4.142008355E-01 +1.557445390E-01 -6.748249792E-02 +4.763107515E-01
7.38571428571E+09 -7.926059581E-03 -5.187093322E-03 +4.782247902E-01 -1.464360526E-01 +1.270560255E-01 +4.953828355E-01
7.39642857143E+09 -7.917074896E-03 +4.537015016E-03 +3.514301022E-01 -4.158143485E-01 +2.969839247E-01 +4.514245312E-01
7.40714285714E+09 +3.272308204E-04 +9.040347215E-03 +9.318690416E-02 -5.499222125E-01 +4.331960766E-01 +3.555724284E-01
7.41785714286E+09 +8.405508144E-03 +3.701171661E-03 -1.926244149E-01 -4.991189044E-01 +5.124501349E-01 +2.436329946E-01
7.42857142857E+09 +7.540890986E-03 -6.178104441E-03 -3.913297622E-01 -2.825428982E-01 +5.409049864E-01 +7.478730405E-02
7.43928571429E+09 -2.547566259E-03 -1.006478422E-02 -4.204342015E-01 +1.434415664E-02 +5.109323464E-01 -8.245322418E-02
7.45000000000E+09 -1.098158533E-02 -1.784753716E-03 -2.665154206E-01 +2.714316042E-01 +4.045841734E-01 -2.173159576E-01
7.46071428571E+09 -6.308957458E-03 +1.017659057E-02 +6.076691131E-03 +3.867163673E-01 +2.524893278E-01 -3.186002253E-01
7.47142857143E+09 +7.734742867E-03 +1.021853715E-02 +2.862990065E-01 +3.211846173E-01 +6.111616940E-02 -3.511488629E-01
7.48214285714E+09 +1.289570599E-02 -3.861738626E-03 +4.667766835E-01 +1.095144382E-01 -1.179162350E-01 -3.040055310E-01
7.49285714286E+09 +7.001181432E-04 -1.385122776E-02 +4.821211852E-01 -1.608505656E-01 -2.402526338E-01 -1.653512521E-01
7.50357142857E+09 -1.283539579E-02 -5.296536316E-03 +3.289590223E-01 -3.812539555E-01 -2.909372129E-01 +1.761106999E-02
7.51428571429E+09 -9.016625111E-03 +1.017378533E-02 +6.975071844E-02 -4.597799606E-01 -2.477669323E-01 +2.193739542E-01
7.52500000000E+09 +6.030915327E-03 +1.139108190E-02 -1.871907353E-01 -3.611664726E-01 -1.347117408E-01 +3.515279083E-01
7.53571428571E+09 +1.203682286E-02 -1.428987265E-03 -3.342733752E-01 -1.259057415E-01 +1.607060683E-02 +4.409741322E-01
7.54642857143E+09 +3.104456783E-03 -1.091129742E-02 -3.144140986E-01 +1.485191421E-01 +1.805263106E-01 +4.551298506E-01
7.55714285714E+09 -8.215729231E-03 -6.803261669E-03 -1.434671567E-01 +3.551741638E-01 +3.237115880E-01 +4.173236850E-01
7.56785714286E+09 -9.335187004E-03 +4.391901035E-03 +1.062515851E-01 +4.223996953E-01 +4.331479140E-01 +3.131528326E-01
7.57857142857E+09 -5.165574585E-05 +1.021814748E-02 +3.404080429E-01 +3.340033235E-01 +4.988494832E-01 +1.709500356E-01
7.58928571429E+09 +9.302494315E-03 +4.484548818E-03 +4.731848544E-01 +1.262218377E-01 +5.139028933E-01 +1.194832860E-02
7.60000000000E+09 +8.208446914E-03 -6.731049629E-03 +4.527402025E-01 -1.220362580E-01 +4.938194443E-01 -1.307168490E-01
7.61071428571E+09 -2.977907430E-03 -1.065210216E-02 +2.805936741E-01 -3.127980078E-01 +3.962504889E-01 -2.767332953E-01
7.62142857143E+09 -1.132828737E-02 -1.351779769E-03 +1.984667155E-02 -3.634446579E-01 +2.600367196E-01 -3.672640669E-01
7.63214285714E+09 -5.486094922E-03 +1.031361333E-02 -2.252441452E-01 -2.477446420E-01 +9.375886285E-02 -3.955061377E-01
7.64285714286E+09 +7.804254123E-03 +8.755482460E-03 -3.566035762E-01 -1.084251011E-02 -7.576729231E-02 -3.289340018E-01
7.65357142857E+09 +1.071199132E-02 -4.326896436E-03 -3.270468445E-01 +2.530820474E-01 -2.289058770E-01 -1.889195793E-01
7.66428571429E+09 -4.758050873E-04 -1.115831914E-02 -1.545516416E-01 +4.450070523E-01 -2.908926368E-01 +6.592848561E-03
7.67500000000E+09 -1.010393509E-02 -3.192237232E-03 +9.269945294E-02 +4.976902585E-01 -2.661989443E-01 +2.080890585E-01
7.68571428571E+09 -6.155866466E-03 +7.793801757E-03 +3.232041202E-01 +3.914369722E-01 -1.648855017E-01 +3.675953580E-01
7.69642857143E+09 +4.702509380E-03 +8.021088067E-03 +4.465245200E-01 +1.606608672E-01 -6.012385327E-03 +4.470016261E-01
7.70714285714E+09 +8.432961040E-03 -1.035900902E-03 +4.045748115E-01 -1.097095749E-01 +1.942738771E-01 +4.580983069E-01
7.71785714286E+09 +2.210071158E-03 -7.463152056E-03 +2.013380422E-01 -3.095123600E-01 +3.489888912E-01 +3.891473577E-01
7.72857142857E+09 -5.324242019E-03 -4.766676072E-03 -8.633079248E-02 -3.516311546E-01 +4.813946961E-01 +2.592998364E-01
7.73928571429E+09 -6.166817700E-03 +2.320244582E-03 -3.429816147E-01 -2.186288431E-01 +5.637608567E-01 +1.099092856E-01
7.75000000000E+09 -8.139747999E-04 +6.145257217E-03 -4.717349805E-01 +3.257317246E-02 +6.152051046E-01 -3.886470895E-02
7.76071428571E+09 +4.753861569E-03 +3.569657889E-03 -4.314072731E-01 +3.042753186E-01 +5.697990716E-01 -1.811988889E-01
7.77142857143E+09 +5.362000992E-03 -2.523171813E-03 -2.412543257E-01 +4.977183221E-01 +4.735954914E-01 -3.274941862E-01
7.78214285714E+09 +2.474253212E-04 -6.224120892E-03 +3.060124918E-02 +5.407382778E-01 +2.820411856E-01 -4.121577272E-01
7.79285714286E+09 -5.953781893E-03 -2.933127455E-03 +2.834660849E-01 +4.077243023E-01 +8.721416805E-02 -4.329710525E-01
7.80357142857E+09 -5.190312066E-03 +4.658504884E-03 +4.118052282E-01 +1.372714357E-01 -1.015203007E-01 -3.909573970E-01
7.81428571429E+09 +2.741505422E-03 +6.740320786E-03 +3.500509874E-01 -1.665277994E-01 -2.762269397E-01 -2.448419084E-01
7.82500000000E+09 +7.222758099E-03 -4.719422310E-04 +1.163465663E-01 -3.744785416E-01 -3.500800379E-01 -1.867641989E-02
7.83571428571E+09 +1.872093560E-03 -6.663156539E-03 -1.901790814E-01 -4.005032264E-01 -3.101559864E-01 +1.880316969E-01
7.84642857143E+09 -4.999743444E-03 -3.777471720E-03 -4.426385414E-01 -2.424011562E-01 -1.262567313E-01 +3.565351829E-01
7.85714285714E+09 -4.846078890E-03 +2.753680973E-03 -5.452973786E-01 +2.822617320E-02 +7.720999237E-02 +4.556399663E-01
7.86785714286E+09 +3.599358609E-04 +4.951358140E-03 -4.626021078E-01 +3.033575904E-01 +2.953371780E-01 +4.249827130E-01
7.87857142857E+09 +4.125020813E-03 +1.756838260E-03 -2.246941934E-01 +4.742702560E-01 +4.652244729E-01 +3.473323896E-01
7.88928571429E+09 +3.271667337E-03 -2.632103829E-03 +8.001491750E-02 +4.660636760E-01 +5.904085840E-01 +2.053841847E-01
7.90000000000E+09 -7.141133832E-04 -3.897714703E-03 +3.280123957E-01 +2.686019561E-01 +6.597747960E-01 +6.699804778E-02
7.91071428571E+09 -3.601153705E-03 -1.219163768E-03 +4.104957927E-01 -4.431355680E-02 +6.069594467E-01 -8.713627329E-02
7.92142857143E+09 -2.738327870E-03 +2.516810365E-03 +2.920704193E-01 -3.431831758E-01 +5.216146531E-01 -2.524373117E-01
7.93214285714E+09 +9.290983728E-04 +3.588015501E-03 +2.731232612E-02 -5.092171823E-01 +4.003095184E-01 -4.251099233E-01
7.94285714286E+09 +3.749977045E-03 +9.235682662E-04 -2.729214190E-01 -4.875688782E-01 +2.318897508E-01 -5.162574653E-01
7.95357142857E+09 +2.643871036E-03 -3.217052078E-03 -4.957378800E-01 -2.973670611E-01 +4.893403182E-02 -5.005737866E-01
7.96428571429E+09 -1.906597812E-03 -4.132347300E-03 -5.611346237E-01 -1.251955477E-02 -1.684598857E-01 -4.414205251E-01
7.97500000000E+09 -4.994281632E-03 -1.545652985E-05 -4.407256210E-01 +2.622265202E-01 -2.661551981E-01 -2.806682910E-01
7.98571428571E+09 -1.813336519E-03 +4.924062351E-03 -1.698635152E-01 +4.171878347E-01 -3.215045088E-01 -3.487108266E-02
7.99642857143E+09 +4.070095099E-03 +3.413046984E-03 +1.510882450E-01 +3.782747917E-01 -2.282155585E-01 +2.063785119E-01
8.00714285714E+09 +4.315341233E-03 -2.539778707E-03 +3.874622321E-01 +1.509276140E-01 -4.828791109E-02 +3.833047006E-01
8.01785714286E+09 -6.928669720E-04 -4.484158063E-03 +4.377727937E-01 -1.689018027E-01 +1.648742009E-01 +4.783842999E-01
8.02857142857E+09 -3.931770828E-03 -1.011966156E-03 +2.886939783E-01 -4.440413230E-01 +3.571075493E-01 +4.178805891E-01
8.03928571429E+09 -2.406465459E-03 +2.787597050E-03 +1.373605593E-02 -5.666415469E-01 +4.896162680E-01 +3.172996273E-01
8.05000000000E+09 +1.193500912E-03 +3.165716397E-03 -2.721570639E-01 -4.983866001E-01 +5.749064215E-01 +1.277968179E-01
8.06071428571E+09 +3.235378197E-03 +5.163299690E-04 -4.592969691E-01 -2.703470325E-01 +5.917230538E-01 -7.874597800E-02
8.07142857143E+09 +2.096016299E-03 -2.562774426E-03 -4.725334358E-01 +3.277313887E-02 +5.529165090E-01 -2.694290983E-01
8.08214285714E+09 -1.330174973E-03 -3.231795952E-03 -2.952217964E-01 +2.932175185E-01 +4.693246733E-01 -4.083680582E-01
8.09285714286E+09 -3.572318050E-03 -3.705056922E-04 +1.237524751E-02 +3.972049793E-01 +3.957857393E-01 -5.444665039E-01
8.10357142857E+09 -2.176647906E-03 +3.402810282E-03 +3.213649139E-01 +2.910120771E-01 +2.164066550E-01 -5.962835655E-01
8.11428571429E+09 +2.370933998E-03 +3.585869509E-03 +4.956706104E-01 +2.277397307E-02 +4.628701883E-02 -5.364286119E-01
8.12500000000E+09 +4.586749304E-03 -7.679360915E-04 +4.683523542E-01 -2.835536049E-01 -1.419835779E-01 -4.188294609E-01
8.13571428571E+09 +1.030611002E-03 -4.778354413E-03 +2.676236942E-01 -5.002675938E-01 -2.718248746E-01 -2.384004615E-01
8.14642857143E+09 -4.275332076E-03 -2.818103403E-03 -1.591895316E-02 -5.524151093E-01 -3.079829702E-01 -1.626971743E-02
8.15714285714E+09 -4.166417229E-03 +2.944659869E-03 -2.765322740E-01 -4.301263673E-01 -2.289898188E-01 +2.440138621E-01
8.16785714286E+09 +1.282748528E-03 +4.892094476E-03 -4.239155892E-01 -1.773047686E-01 -5.815664606E-02 +3.699645744E-01
8.17857142857E+09 +4.883119059E-03 +5.973850633E-04 -4.028893223E-01 +1.220268194E-01 +1.413981499E-01 +3.995510327E-01
8.18928571429E+09 +2.301687450E-03 -4.187096381E-03 -2.102996913E-01 +3.607291418E-01 +3.474680144E-01 +2.911960260E-01
8.20000000000E+09 -2.816656090E-03 -3.649531146E-03 +8.853788756E-02 +4.405987150E-01 +4.892505716E-01 +1.221546365E-01
8.21071428571E+09 -4.320643614E-03 +1.033710600E-03 +3.717115711E-01 +3.224927872E-01 +5.726024976E-01 -3.886577181E-02
8.22142857143E+09 -9.532928166E-04 +4.221678047E-03 +5.149213164E-01 +5.836879972E-02 +5.747184376E-01 -2.092967026E-01
8.23214285714E+09 +3.273131286E-03 +2.615855516E-03 +4.602653714E-01 -2.301136393E-01 +5.547186116E-01 -3.200950717E-01
8.24285714286E+09 +3.926822535E-03 -1.614333893E-03 +2.423422711E-01 -4.192728351E-01 +4.323363627E-01 -4.619486522E-01
8.25357142857E+09 +3.881608188E-04 -4.296555622E-03 -4.256644474E-02 -4.408802206E-01 +3.088740411E-01 -5.159456561E-01
8.26428571429E+09 -3.810656863E-03 -2.476202742E-03 -2.872153239E-01 -2.951023072E-01 +1.459079825E-01 -5.053299823E-01
8.27500000000E+09 -4.160737923E-03 +2.548896734E-03 -4.075482497E-01 -3.731041470E-02 -3.312577946E-02 -4.733674915E-01
8.28571428571E+09 +8.472291753E-04 +5.346212629E-03 -3.617807756E-01 +2.434136048E-01 -2.106083853E-01 -3.718341566E-01
8.29642857143E+09 +5.939815859E-03 +1.151454072E-03 -1.622578867E-01 +4.460321226E-01 -3.180924283E-01 -2.318273571E-01
8.30714285714E+09 +3.210880387E-03 -5.814921837E-03 +1.191059043E-01 +4.881518781E-01 -3.321241740E-01 -7.259822177E-02
8.31785714286E+09 -4.871483591E-03 -4.960672876E-03 +3.670167206E-01 +3.469937771E-01 -2.257003550E-01 +1.067205895E-01
8.32857142857E+09 -6.038855096E-03 +3.265180614E-03 +4.739297415E-01 +8.122275700E-02 -3.651913580E-02 +2.239040731E-01
8.33928571429E+09 +1.144974879E-03 +6.347972430E-03 +3.971513453E-01 -1.945644413E-01 +1.609799906E-01 +2.643045434E-01
8.35000000000E+09 +5.831015393E-03 +1.036866544E-03 +1.759109720E-01 -3.722886505E-01 +3.351697256E-01 +2.075680338E-01
8.36071428571E+09 +2.855919279E-03 -4.458991104E-03 -1.028257719E-01 -3.953718771E-01 +4.919759784E-01 +1.209584147E-01
8.37142857143E+09 -2.639535024E-03 -4.203803553E-03 -3.449293832E-01 -2.643325669E-01 +5.079695672E-01 -2.146154431E-02
8.38214285714E+09 -4.586828586E-03 +5.788692096E-04 -4.732956359E-01 -2.413199351E-02 +4.834875860E-01 -1.658254147E-01
8.39285714286E+09 -1.426232168E-03 +4.286050239E-03 -4.415850162E-01 +2.468190777E-01 +4.200381551E-01 -3.345831940E-01
8.40357142857E+09 +3.222908637E-03 +3.077101936E-03 -2.503495241E-01 +4.483112923E-01 +3.431365495E-01 -4.331758602E-01
8.41428571429E+09 +4.236597130E-03 -1.757083574E-03 +3.377673936E-02 +4.882960400E-01 +2.018455672E-01 -5.525048666E-01
8.42500000000E+09 +2.079695769E-05 -4.582773853E-03 +2.878825736E-01 +3.354210147E-01 +4.658362970E-02 -5.851192670E-01
8.43571428571E+09 -4.287704681E-03 -1.798477593E-03 +3.949888569E-01 +5.317841874E-02 -8.626532651E-02 -5.744854864E-01
8.44642857143E+09 -3.360376757E-03 +3.305632292E-03 +3.132681414E-01 -2.358121447E-01 -1.974966749E-01 -5.071295522E-01
8.45714285714E+09 +1.796127246E-03 +4.473853525E-03 +8.668380610E-02 -4.216874802E-01 -2.622427668E-01 -3.527219805E-01
8.46785714286E+09 +4.893523766E-03 +1.726720867E-04 -1.958571004E-01 -4.491136408E-01 -2.951662155E-01 -1.243618158E-01
8.47857142857E+09 +1.989130913E-03 -4.578042179E-03 -4.405245382E-01 -3.174126995E-01 -2.302215855E-01 +9.357969498E-02
8.48928571429E+09 -3.577547219E-03 -3.357696375E-03 -5.655425893E-01 -6.876955674E-02 -9.761958990E-02 +2.469598814E-01
8.50000000000E+09 -4.082533409E-03 +2.247719798E-03 -5.159945503E-01 +2.140197862E-01 +9.567176612E-02 +2.828486433E-01

[Channel0\Trace0\Marker0]
Enabled=1
Position=0.266666666666667

[Channel0\Trace1]
ReferencePosition[0]=1

[Channel0\Trace1\Marker0]
Enabled=1
Position=0.266666666666667

[Channel0\Trace2]
SPort=0
FormatType=2

[Channel0\Trace2\Marker0]
Enabled=1
Position=0.266666666666667

[Channel0\Trace3]
SPort=0
FormatType=2

[Channel0\Trace3\Marker0]
Enabled=1
Position=0.266666666666667

