[NWA State]
TriggerSource=3

[Channel0]
Points=501
FrequencyStart=2000000000
FrequencyStop=7000000000
FixedPower[0]=5
FixedPower[1]=5
IFBW=1000
CorrectionEnabled=1
TraceCount=4

[Channel0\Correction\11]
Calyyyymmdd=2022/04/09
Calhhmmss=14:59:00
VNATemperature=37.2 °C
Type=3
KitLabel=ACM2509.2
KitDescription=AutoCal Module 20 kHz-9 GHz (CMT), SN: 19039185, Char: Factory, 29.7°C, ThermoComp: ON
CalIFBW=1 kHz
CalPower=5 dBm
CalPorts[0]=0
CalPorts[1]=0

[Channel0\Correction\11\Data]
2.00000000000E+09 -1.377227099E-01 +6.532835922E-02 -9.620978733E-02 -3.093810114E-02 -2.338961016E-01 +6.040373371E-02
2.01000000000E+09 +3.329515433E-02 +1.508013196E-01 -6.400909033E-02 +2.174633811E-02 -2.044830447E-01 +6.875372594E-02
2.02000000000E+09 +1.559912401E-01 -2.572517548E-04 -2.225632146E-02 +2.072475791E-02 -1.874350710E-01 +5.521521094E-02
2.03000000000E+09 +3.284042426E-02 -1.529094253E-01 -1.895188236E-02 +6.744981455E-03 -1.879398958E-01 +4.332722771E-02
2.04000000000E+09 -1.424005124E-01 -6.488705162E-02 -2.139186454E-02 +2.771295213E-02 -1.887217294E-01 +4.095120439E-02
2.05000000000E+09 -9.338106290E-02 +1.255251206E-01 +2.231710370E-02 +5.329178606E-02 -1.837626243E-01 +3.482948576E-02
2.06000000000E+09 +1.026409636E-01 +1.168099799E-01 +8.680690097E-02 +1.948458385E-02 -1.876045988E-01 +2.266925387E-02
2.07000000000E+09 +1.341022573E-01 -7.419444139E-02 +9.459496049E-02 -6.346698248E-02 -2.048924418E-01 +1.983272014E-02
2.08000000000E+09 -4.165691694E-02 -1.454287012E-01 +3.046015606E-02 -1.144475315E-01 -2.194625018E-01 +3.291818842E-02
2.09000000000E+09 -1.503753526E-01 +7.488810995E-03 -3.672066927E-02 -9.231731456E-02 -2.187476337E-01 +4.785874960E-02
2.10000000000E+09 -2.644521619E-02 +1.486593503E-01 -5.022438606E-02 -4.330490694E-02 -2.137558966E-01 +5.309059197E-02
2.11000000000E+09 +1.392788479E-01 +5.891030653E-02 -3.514061447E-02 -2.542613810E-02 -2.147038535E-01 +5.675616044E-02
2.12000000000E+09 +8.881305208E-02 -1.231154960E-01 -4.426907630E-02 -2.411993803E-02 -2.121580451E-01 +6.943279874E-02
2.13000000000E+09 -1.015544090E-01 -1.147397750E-01 -6.505013343E-02 +1.285557170E-02 -1.929110477E-01 +7.953342013E-02
2.14000000000E+09 -1.348051542E-01 +7.639551649E-02 -3.554342347E-02 +7.677991137E-02 -1.680498324E-01 +6.816294417E-02
2.15000000000E+09 +4.787889024E-02 +1.472215979E-01 +5.054873161E-02 +9.241936432E-02 -1.645610522E-01 +3.947042350E-02
2.16000000000E+09 +1.515297305E-01 -1.666875214E-02 +1.137637157E-01 +2.810373733E-02 -1.875692100E-01 +1.891577098E-02
2.17000000000E+09 +1.610019089E-02 -1.485597755E-01 +9.697639157E-02 -4.989161024E-02 -2.168608709E-01 +1.985995577E-02
2.18000000000E+09 -1.390888163E-01 -4.822467127E-02 +4.039708611E-02 -7.086413775E-02 -2.384034359E-01 +3.518466141E-02
2.19000000000E+09 -7.832051163E-02 +1.230933603E-01 +1.320494770E-02 -4.867541801E-02 -2.517871787E-01 +5.997182245E-02
2.20000000000E+09 +1.011062579E-01 +1.047319602E-01 +1.719915809E-02 -4.263858423E-02 -2.513951918E-01 +9.666323691E-02
2.21000000000E+09 +1.271190202E-01 -7.460359081E-02 +1.866366310E-04 -6.013039624E-02 -2.212936651E-01 +1.343234465E-01
2.22000000000E+09 -4.589584234E-02 -1.440331917E-01 -4.975647130E-02 -4.760069712E-02 -1.624814982E-01 +1.439046066E-01
2.23000000000E+09 -1.540762558E-01 +1.699340446E-02 -7.302525991E-02 +1.944059782E-02 -1.092872914E-01 +1.032445279E-01
2.24000000000E+09 -1.120400283E-02 +1.550803548E-01 -2.496682910E-02 +7.999088039E-02 -1.031546501E-01 +3.237176912E-02
2.25000000000E+09 +1.471533595E-01 +3.886166681E-02 +4.288817706E-02 +7.001225072E-02 -1.482819862E-01 -2.329824799E-02
2.26000000000E+09 +6.535034970E-02 -1.313596629E-01 +5.662675631E-02 +2.229600769E-02 -2.144022264E-01 -3.941225974E-02
2.27000000000E+09 -1.092656066E-01 -8.934771910E-02 +2.904398022E-02 +9.827430742E-03 -2.775133158E-01 -1.519648809E-02
2.28000000000E+09 -1.092165891E-01 +8.158449248E-02 +2.669894775E-02 +3.526118493E-02 -3.222382646E-01 +4.418442850E-02
2.29000000000E+09 +4.987213669E-02 +1.246797792E-01 +6.378698809E-02 +3.807462810E-02 -3.254504248E-01 +1.275615775E-01
2.30000000000E+09 +1.352556748E-01 -1.573741563E-02 +8.471490790E-02 -8.692909045E-03 -2.723827938E-01 +2.034168867E-01
2.31000000000E+09 +1.792274766E-02 -1.409755594E-01 +4.582611875E-02 -5.730499723E-02 -1.758542528E-01 +2.288961580E-01
2.32000000000E+09 -1.409151709E-01 -4.876967676E-02 -1.915962176E-02 -4.667603012E-02 -8.380940906E-02 +1.802995467E-01
2.33000000000E+09 -7.470584844E-02 +1.334843965E-01 -3.805194616E-02 +7.607658210E-03 -5.051397470E-02 +8.366071762E-02
2.34000000000E+09 +1.177941295E-01 +9.583261861E-02 -1.028022828E-02 +3.210521347E-02 -8.478159690E-02 -5.810478785E-03
2.35000000000E+09 +1.120859192E-01 -9.505035404E-02 -3.539430197E-03 +1.645959217E-02 -1.600047433E-01 -5.341496822E-02
2.36000000000E+09 -6.659674667E-02 -1.233263974E-01 -3.304681412E-02 +2.282794208E-02 -2.485403495E-01 -4.913922052E-02
2.37000000000E+09 -1.290511148E-01 +3.405687100E-02 -3.891745964E-02 +7.223693986E-02 -3.213891224E-01 +7.816186053E-03
2.38000000000E+09 -9.544592737E-04 +1.295471382E-01 +1.168160237E-02 +1.077243172E-01 -3.460381996E-01 +9.949772543E-02
2.39000000000E+09 +1.250665597E-01 +3.593521677E-02 +7.257065843E-02 +7.940435724E-02 -3.073639475E-01 +1.871254372E-01
2.40000000000E+09 +6.917369765E-02 -1.161860525E-01 +7.829264763E-02 +1.286464523E-02 -2.239376198E-01 +2.263293106E-01
2.41000000000E+09 -1.029116894E-01 -9.730169494E-02 +2.827195082E-02 -2.006746566E-02 -1.419605957E-01 +2.034342274E-01
2.42000000000E+09 -1.191136538E-01 +8.490731224E-02 -8.121056716E-03 +3.998442543E-03 -1.007516214E-01 +1.432139723E-01
2.43000000000E+09 +6.203220304E-02 +1.340933469E-01 +5.410989548E-03 +2.348332302E-02 -1.018739116E-01 +8.189856294E-02
2.44000000000E+09 +1.422847879E-01 -3.591883536E-02 +1.481402746E-02 -4.405335953E-03 -1.328077659E-01 +3.496781783E-02
2.45000000000E+09 -7.512619306E-03 -1.430308155E-01 -2.898354414E-02 -3.097254466E-02 -1.881756589E-01 +1.411376789E-02
2.46000000000E+09 -1.364512899E-01 -2.219381109E-02 -8.458174019E-02 +1.661941657E-03 -2.467867318E-01 +3.563163318E-02
2.47000000000E+09 -5.218107985E-02 +1.237478469E-01 -8.626858478E-02 +6.589242858E-02 -2.722168644E-01 +9.148735232E-02
2.48000000000E+09 +1.067910824E-01 +8.039400504E-02 -4.171069358E-02 +9.456311212E-02 -2.493830848E-01 +1.428142147E-01
2.49000000000E+09 +1.046160754E-01 -8.625486304E-02 -1.261077884E-02 +7.634911695E-02 -2.024182400E-01 +1.564476650E-01
2.50000000000E+09 -6.268611285E-02 -1.224590361E-01 -2.247385457E-02 +6.546606801E-02 -1.741090507E-01 +1.356635947E-01
2.51000000000E+09 -1.335661238E-01 +3.569347538E-02 -2.015794164E-02 +9.223435831E-02 -1.749068134E-01 +1.139131027E-01
2.52000000000E+09 +6.688135401E-03 +1.380107693E-01 +3.407498585E-02 +1.045281834E-01 -1.849701998E-01 +1.068691970E-01
2.53000000000E+09 +1.365863527E-01 +2.233261946E-02 +9.088026975E-02 +4.474232733E-02 -1.934347991E-01 +1.034066311E-01
2.54000000000E+09 +4.937268385E-02 -1.283538530E-01 +7.069983662E-02 -5.350435073E-02 -2.088462872E-01 +1.021419549E-01
2.55000000000E+09 -1.130840839E-01 -7.392166021E-02 -2.195782782E-02 -9.813056106E-02 -2.264052629E-01 +1.202165849E-01
2.56000000000E+09 -9.571714927E-02 +9.167549099E-02 -1.030488246E-01 -6.220628051E-02 -2.196075192E-01 +1.552084987E-01
2.57000000000E+09 +6.652607793E-02 +1.140093747E-01 -1.264440856E-01 -3.979767893E-03 -1.805788352E-01 +1.745509563E-01
2.58000000000E+09 +1.268559492E-01 -3.942525476E-02 -1.241209638E-01 +3.039095403E-02 -1.402574660E-01 +1.554736801E-01
2.59000000000E+09 -1.133805130E-02 -1.330958743E-01 -1.313924549E-01 +6.264271061E-02 -1.329028721E-01 +1.149483366E-01
2.60000000000E+09 -1.319334935E-01 -1.769744146E-02 -1.190717674E-01 +1.238442256E-01 -1.551780198E-01 +8.866163732E-02
2.61000000000E+09 -4.577618632E-02 +1.248480003E-01 -4.182902782E-02 +1.758053451E-01 -1.806366959E-01 +8.293594704E-02
2.62000000000E+09 +1.127575418E-01 +7.133331965E-02 +7.083498080E-02 +1.453700638E-01 -2.021974259E-01 +8.167821095E-02
2.63000000000E+09 +9.207973704E-02 -9.525675188E-02 +1.242603652E-01 +2.973760815E-02 -2.305642136E-01 +8.752255249E-02
2.64000000000E+09 -7.187495631E-02 -1.074849479E-01 +7.472440780E-02 -7.967543733E-02 -2.570727058E-01 +1.202824470E-01
2.65000000000E+09 -1.179991847E-01 +4.398312482E-02 -1.576605939E-02 -1.123475841E-01 -2.539569033E-01 +1.737375667E-01
2.66000000000E+09 +1.385766476E-02 +1.238838879E-01 -7.672633655E-02 -9.294392265E-02 -2.127735088E-01 +2.130165602E-01
2.67000000000E+09 +1.244527585E-01 +1.608309751E-02 -1.104847183E-01 -7.354559830E-02 -1.615867950E-01 +2.141946975E-01
2.68000000000E+09 +4.488153463E-02 -1.189920873E-01 -1.535645613E-01 -5.153191368E-02 -1.276635565E-01 +1.880901085E-01
2.69000000000E+09 -1.071723205E-01 -7.116570090E-02 -1.941017216E-01 +1.310582859E-02 -1.139470955E-01 +1.578007862E-01
2.70000000000E+09 -9.434489562E-02 +9.128314500E-02 -1.726020025E-01 +1.120973397E-01 -1.100602009E-01 +1.232340637E-01
2.71000000000E+09 +7.201651270E-02 +1.128047696E-01 -7.096674887E-02 +1.692070556E-01 -1.237230663E-01 +7.949561331E-02
2.72000000000E+09 +1.241179437E-01 -4.974450330E-02 +3.881626122E-02 +1.288431366E-01 -1.716629307E-01 +4.978708163E-02
2.73000000000E+09 -2.411226470E-02 -1.276998651E-01 +7.622913338E-02 +3.665810929E-02 -2.345513917E-01 +6.817697511E-02
2.74000000000E+09 -1.253918992E-01 -4.097090477E-03 +5.405316816E-02 -2.849243424E-02 -2.686106366E-01 +1.266381003E-01
2.75000000000E+09 -3.302833317E-02 +1.179688575E-01 +3.036778621E-02 -5.995037494E-02 -2.565021477E-01 +1.865666481E-01
2.76000000000E+09 +1.056608080E-01 +6.034064164E-02 +1.155995580E-02 -9.749960835E-02 -2.172120886E-01 +2.209724734E-01
2.77000000000E+09 +8.448945631E-02 -8.822682234E-02 -4.208220261E-02 -1.399595661E-01 -1.729801582E-01 +2.314296658E-01
2.78000000000E+09 -6.694157436E-02 -1.046038916E-01 -1.339906778E-01 -1.328674928E-01 -1.292203152E-01 +2.207775724E-01
2.79000000000E+09 -1.207606346E-01 +4.313381440E-02 -1.993432151E-01 -4.806507884E-02 -8.994622972E-02 +1.823056887E-01
2.80000000000E+09 +1.864450172E-02 +1.308990991E-01 -1.755233669E-01 +5.982386834E-02 -8.234407141E-02 +1.191260151E-01
2.81000000000E+09 +1.330821092E-01 +5.319765296E-03 -8.724577725E-02 +1.054312580E-01 -1.282119151E-01 +6.682359019E-02
2.82000000000E+09 +2.913237436E-02 -1.269876499E-01 -1.805177334E-02 +8.118318875E-02 -2.016420582E-01 +6.900156314E-02
2.83000000000E+09 -1.141871663E-01 -5.346916558E-02 +7.619494205E-03 +4.997851671E-02 -2.481355232E-01 +1.191458620E-01
2.84000000000E+09 -7.643352624E-02 +9.620286846E-02 +3.259235698E-02 +3.424721793E-02 -2.482384657E-01 +1.789982492E-01
2.85000000000E+09 +7.434354165E-02 +9.625792831E-02 +7.109983314E-02 -4.235259776E-03 -2.161568219E-01 +2.207004017E-01
2.86000000000E+09 +1.114550442E-01 -4.927673999E-02 +7.631129959E-02 -8.217236110E-02 -1.700025685E-01 +2.396759652E-01
2.87000000000E+09 -2.236081817E-02 -1.221083831E-01 +1.246104345E-02 -1.473050995E-01 -1.171977177E-01 +2.290991951E-01
2.88000000000E+09 -1.276543193E-01 -4.932221358E-03 -7.973309446E-02 -1.377783188E-01 -7.603161318E-02 +1.840769962E-01
2.89000000000E+09 -3.006416695E-02 +1.270503972E-01 -1.216360329E-01 -6.705782794E-02 -7.830828303E-02 +1.159214047E-01
2.90000000000E+09 +1.190619818E-01 +5.216990118E-02 -9.806592234E-02 -1.233391804E-02 -1.359544827E-01 +7.079864052E-02
2.91000000000E+09 +7.184963817E-02 -1.037949741E-01 -7.187406977E-02 -4.472134562E-03 -2.110131800E-01 +8.179995752E-02
2.92000000000E+09 -8.255896269E-02 -8.938070950E-02 -7.537702096E-02 +5.097571873E-03 -2.538177426E-01 +1.372340215E-01
2.93000000000E+09 -1.035598571E-01 +5.758964333E-02 -6.582386203E-02 +4.690728460E-02 -2.500714318E-01 +2.007829090E-01
2.94000000000E+09 +3.022007027E-02 +1.133090857E-01 -6.146282955E-03 +7.884459456E-02 -2.125970529E-01 +2.503710564E-01
2.95000000000E+09 +1.178511710E-01 -1.816520095E-03 +6.786413307E-02 +4.832917765E-02 -1.557895011E-01 +2.742388216E-01
2.96000000000E+09 +2.662803826E-02 -1.176195715E-01 +8.919733375E-02 -2.764054420E-02 -9.043267446E-02 +2.620972585E-01
2.97000000000E+09 -1.125321005E-01 -5.304224853E-02 +4.865969306E-02 -7.948066544E-02 -4.175832093E-02 +2.068119221E-01
2.98000000000E+09 -7.550039776E-02 +1.027528450E-01 +5.795625903E-03 -7.650760397E-02 -4.271801526E-02 +1.282971706E-01
2.99000000000E+09 +8.722567435E-02 +9.272824974E-02 -1.485546957E-04 -6.451806237E-02 -9.887700063E-02 +7.251181525E-02
3.00000000000E+09 +1.089061742E-01 -6.013582486E-02 -2.775139755E-03 -8.208056138E-02 -1.731704927E-01 +6.814537812E-02
3.01000000000E+09 -3.415495391E-02 -1.153486577E-01 -4.973505248E-02 -9.318484153E-02 -2.265365000E-01 +1.059609346E-01
3.02000000000E+09 -1.165545310E-01 +6.459641483E-03 -1.037188471E-01 -4.719967827E-02 -2.468200496E-01 +1.622950525E-01
3.03000000000E+09 -2.111537597E-02 +1.118417189E-01 -1.003304649E-01 +3.522622690E-02 -2.378096068E-01 +2.228885313E-01
3.04000000000E+09 +1.022447061E-01 +4.724842097E-02 -3.632746893E-02 +8.292299208E-02 -1.992355454E-01 +2.709788476E-01
3.05000000000E+09 +7.120847684E-02 -8.860987292E-02 +2.566016180E-02 +6.738624958E-02 -1.381652526E-01 +2.883352277E-01
3.06000000000E+09 -7.212620259E-02 -9.168801147E-02 +4.154132379E-02 +3.297874187E-02 -7.810763301E-02 +2.638669066E-01
3.07000000000E+09 -1.074264812E-01 +5.316118728E-02 +3.947882416E-02 +2.712070650E-02 -4.744124000E-02 +2.122162354E-01
3.08000000000E+09 +3.237275014E-02 +1.174655470E-01 +6.588758950E-02 +2.812198543E-02 -5.374906967E-02 +1.606402319E-01
3.09000000000E+09 +1.223152638E-01 -9.858891376E-03 +9.954933400E-02 -1.509659855E-02 -8.084313133E-02 +1.254642632E-01
3.10000000000E+09 +1.351842017E-02 -1.216390043E-01 +7.792275636E-02 -8.690682516E-02 -1.178145540E-01 +1.078452817E-01
3.11000000000E+09 -1.151765394E-01 -3.615556839E-02 -1.471355728E-03 -1.151873901E-01 -1.619992266E-01 +1.133534311E-01
3.12000000000E+09 -5.725405990E-02 +1.027162775E-01 -6.928422915E-02 -7.370881176E-02 -1.996442781E-01 +1.467287531E-01
3.13000000000E+09 +8.539759706E-02 +7.652602371E-02 -8.302056035E-02 -1.412773569E-02 -2.083104240E-01 +1.949224980E-01
3.14000000000E+09 +9.291765882E-02 -6.397742310E-02 -7.330298316E-02 +1.929370474E-02 -1.853237255E-01 +2.326916534E-01
3.15000000000E+09 -4.002077590E-02 -1.049691164E-01 -7.636576978E-02 +4.666927517E-02 -1.505794021E-01 +2.468190989E-01
3.16000000000E+09 -1.114212857E-01 +1.421847657E-02 -6.966159519E-02 +1.015694704E-01 -1.213032755E-01 +2.463710670E-01
3.17000000000E+09 -1.251567140E-02 +1.125427769E-01 -7.459442176E-03 +1.581845365E-01 -9.703690874E-02 +2.394641128E-01
3.18000000000E+09 +1.083584707E-01 +3.917229779E-02 +9.711693027E-02 +1.501117562E-01 -7.377962576E-02 +2.207588828E-01
3.19000000000E+09 +6.335199150E-02 -9.982856015E-02 +1.668069260E-01 +5.784062781E-02 -6.514182430E-02 +1.880482249E-01
3.20000000000E+09 -8.687852871E-02 -8.347171577E-02 +1.440567307E-01 -5.424285564E-02 -8.599387895E-02 +1.580204208E-01
3.21000000000E+09 -9.849623653E-02 +6.947518955E-02 +5.988955261E-02 -1.087546045E-01 -1.210349189E-01 +1.546941450E-01
3.22000000000E+09 +4.766754552E-02 +1.089564441E-01 -1.757565244E-02 -1.039848725E-01 -1.387932966E-01 +1.741900298E-01
3.23000000000E+09 +1.145538579E-01 -2.347030329E-02 -7.526552584E-02 -8.087631320E-02 -1.340309486E-01 +1.897180271E-01
3.24000000000E+09 +1.759047899E-03 -1.150142997E-01 -1.351195798E-01 -3.900573533E-02 -1.266244699E-01 +1.928659940E-01
3.25000000000E+09 -1.097108935E-01 -2.676643448E-02 -1.768911854E-01 +5.055086543E-02 -1.287585289E-01 +1.968492970E-01
3.26000000000E+09 -5.128299345E-02 +9.900904353E-02 -1.449686969E-01 +1.673498938E-01 -1.280810370E-01 +2.081610695E-01
3.27000000000E+09 +8.396077683E-02 +7.351691727E-02 -2.984971030E-02 +2.350075018E-01 -1.164918865E-01 +2.148429351E-01
3.28000000000E+09 +9.233023316E-02 -6.633811487E-02 +1.001812219E-01 +1.990063418E-01 -1.095345575E-01 +2.095332107E-01
3.29000000000E+09 -4.621991304E-02 -1.058656899E-01 +1.596737162E-01 +8.970903599E-02 -1.185467688E-01 +2.064565591E-01
3.30000000000E+09 -1.135394191E-01 +2.386698070E-02 +1.344374417E-01 -1.005480439E-02 -1.246967885E-01 +2.221257242E-01
3.31000000000E+09 -3.934315135E-04 +1.155786271E-01 +7.815760743E-02 -6.310350394E-02 -1.043541679E-01 +2.432239031E-01
3.32000000000E+09 +1.129594263E-01 +2.489571144E-02 +2.034591209E-02 -9.385273994E-02 -6.614027111E-02 +2.410361082E-01
3.33000000000E+09 +4.802046567E-02 -1.051859647E-01 -5.824543870E-02 -1.093203552E-01 -4.287292175E-02 +2.110056366E-01
3.34000000000E+09 -9.228046540E-02 -6.832101698E-02 -1.544740882E-01 -7.095252634E-02 -4.957297990E-02 +1.772815085E-01
3.35000000000E+09 -8.549928569E-02 +7.430105458E-02 -2.082326182E-01 +3.514520020E-02 -7.021218934E-02 +1.577808092E-01
3.36000000000E+09 +5.338329065E-02 +9.889968584E-02 -1.716112183E-01 +1.505377312E-01 -9.403213890E-02 +1.498490832E-01
3.37000000000E+09 +1.081029357E-01 -3.057725085E-02 -7.334832289E-02 +2.010363675E-01 -1.255801752E-01 +1.492216277E-01
3.38000000000E+09 -6.973542850E-03 -1.112566733E-01 +1.232797171E-02 +1.761192506E-01 -1.608632732E-01 +1.713896880E-01
3.39000000000E+09 -1.086507332E-01 -1.710826403E-02 +5.190592956E-02 +1.269686181E-01 -1.736616551E-01 +2.215695738E-01
3.40000000000E+09 -4.114054271E-02 +1.011024690E-01 +7.284124346E-02 +8.478739854E-02 -1.426604658E-01 +2.741482946E-01
3.41000000000E+09 +8.940524184E-02 +6.374529234E-02 +9.155608569E-02 +2.727189955E-02 -8.633334520E-02 +2.918106589E-01
3.42000000000E+09 +8.255074032E-02 -7.390453508E-02 +7.201282940E-02 -5.833845302E-02 -3.932239040E-02 +2.714831552E-01
3.43000000000E+09 -5.518109632E-02 -9.667960938E-02 -1.691304297E-02 -1.222611531E-01 -1.857959635E-02 +2.341734505E-01
3.44000000000E+09 -1.059114763E-01 +3.313906972E-02 -1.321583677E-01 -1.039586203E-01 -1.572432870E-02 +1.996874924E-01
3.45000000000E+09 +9.561441810E-03 +1.106958963E-01 -1.956507414E-01 -1.587557519E-02 -2.669995010E-02 +1.663402411E-01
3.46000000000E+09 +1.103346179E-01 +1.410267308E-02 -1.837802215E-01 +7.206992580E-02 -5.675548818E-02 +1.381721404E-01
3.47000000000E+09 +3.617482818E-02 -1.045610954E-01 -1.400793076E-01 +1.166736309E-01 -1.029597647E-01 +1.368126445E-01
3.48000000000E+09 -9.369609840E-02 -5.685266252E-02 -1.023524639E-01 +1.377215528E-01 -1.351862796E-01 +1.707999069E-01
3.49000000000E+09 -7.566661032E-02 +7.821944966E-02 -5.500250986E-02 +1.576985830E-01 -1.334030273E-01 +2.164914626E-01
3.50000000000E+09 +5.947484051E-02 +9.108630454E-02 +2.054835676E-02 +1.482522364E-01 -1.087087115E-01 +2.420672752E-01
3.51000000000E+09 +1.016200434E-01 -3.892923209E-02 +8.511669989E-02 +7.336413388E-02 -8.737483119E-02 +2.443314359E-01
3.52000000000E+09 -1.669289458E-02 -1.069047279E-01 +7.539979743E-02 -3.618861364E-02 -7.298173785E-02 +2.404579447E-01
3.53000000000E+09 -1.068449001E-01 -6.807924031E-03 -6.894093945E-03 -1.017031706E-01 -5.678371862E-02 +2.410394300E-01
3.54000000000E+09 -3.048950799E-02 +1.021440860E-01 -9.247059362E-02 -9.213710922E-02 -3.732535935E-02 +2.298610167E-01
3.55000000000E+09 +9.293868416E-02 +5.240293258E-02 -1.327218632E-01 -4.996450937E-02 -2.842850572E-02 +2.059093432E-01
3.56000000000E+09 +7.128208583E-02 -7.996427274E-02 -1.454461669E-01 -2.093848534E-02 -3.845156934E-02 +1.837729371E-01
3.57000000000E+09 -6.298103064E-02 -8.691972246E-02 -1.649170327E-01 +4.762785965E-03 -5.566007300E-02 +1.794311911E-01
3.58000000000E+09 -9.843703561E-02 +4.277270157E-02 -1.759520618E-01 +5.826213498E-02 -6.710941409E-02 +1.847292373E-01
3.59000000000E+09 +2.102663717E-02 +1.053041113E-01 -1.361637335E-01 +1.214735160E-01 -7.642371981E-02 +1.878138556E-01
3.60000000000E+09 +1.071279722E-01 +1.000239681E-03 -5.163113566E-02 +1.361013441E-01 -8.821406248E-02 +1.904792426E-01
3.61000000000E+09 +2.294446932E-02 -1.034103939E-01 +1.446535896E-02 +8.412665288E-02 -9.510590757E-02 +2.090231857E-01
3.62000000000E+09 -9.474968267E-02 -4.417507791E-02 +2.234241645E-02 +1.603705645E-02 -8.574682763E-02 +2.359475514E-01
3.63000000000E+09 -6.397007002E-02 +8.164658791E-02 +8.439900793E-04 -2.168928054E-02 -5.888685599E-02 +2.487880493E-01
3.64000000000E+09 +6.525384263E-02 +8.063808874E-02 -9.994709437E-03 -4.243101417E-02 -3.216901762E-02 +2.381312240E-01
3.65000000000E+09 +9.352282968E-02 -4.631151652E-02 -2.127256991E-02 -7.955072749E-02 -1.920148938E-02 +2.134849947E-01
3.66000000000E+09 -2.542546745E-02 -1.017649757E-01 -7.089861880E-02 -1.188281704E-01 -2.330405131E-02 +1.923718553E-01
3.67000000000E+09 -1.050734239E-01 +3.461949511E-03 -1.504389461E-01 -1.086571694E-01 -4.082847704E-02 +1.775794710E-01
3.68000000000E+09 -1.825143048E-02 +1.032778937E-01 -1.987694399E-01 -3.706500390E-02 -6.503799864E-02 +1.726041272E-01
3.69000000000E+09 +9.646737831E-02 +3.886308335E-02 -1.784405803E-01 +4.206685809E-02 -8.541969309E-02 +1.862369782E-01
3.70000000000E+09 +5.750138130E-02 -8.491770498E-02 -1.211805853E-01 +7.688225219E-02 -9.193406767E-02 +2.180231278E-01
3.71000000000E+09 -6.935205599E-02 -7.429659347E-02 -7.460017910E-02 +7.649478176E-02 -7.455527495E-02 +2.503754644E-01
3.72000000000E+09 -8.797210711E-02 +5.032310314E-02 -3.787773562E-02 +7.420343169E-02 -3.925502491E-02 +2.625572009E-01
3.73000000000E+09 +2.953096524E-02 +9.780723327E-02 +1.537685171E-02 +6.311689184E-02 -3.394622504E-03 +2.439248612E-01
3.74000000000E+09 +1.033470791E-01 -7.890136450E-03 +7.219399668E-02 +6.913652038E-03 +1.411969289E-02 +2.073464499E-01
3.75000000000E+09 +1.355301382E-02 -1.040587893E-01 +7.756559793E-02 -9.115090487E-02 +2.777513723E-03 +1.691075481E-01
3.76000000000E+09 -9.960207523E-02 -3.400275791E-02 +8.072617297E-03 -1.678786554E-01 -3.239643703E-02 +1.449406904E-01
3.77000000000E+09 -5.237878111E-02 +9.004097788E-02 -8.705180278E-02 -1.715713823E-01 -7.559548250E-02 +1.494638976E-01
3.78000000000E+09 +7.587902447E-02 +6.812699046E-02 -1.459184794E-01 -1.221755451E-01 -1.048738264E-01 +1.848252049E-01
3.79000000000E+09 +8.113167773E-02 -5.806785058E-02 -1.640150439E-01 -6.890655450E-02 -1.062000976E-01 +2.351123057E-01
3.80000000000E+09 -3.682111255E-02 -9.096405710E-02 -1.697950653E-01 -2.059121505E-02 -7.650588186E-02 +2.769686517E-01
3.81000000000E+09 -9.649775655E-02 +1.397989680E-02 -1.599259557E-01 +4.351353720E-02 -2.910795454E-02 +2.906676935E-01
3.82000000000E+09 -9.225319879E-03 +9.812967120E-02 -1.006647755E-01 +1.119386312E-01 +2.099015561E-02 +2.707803537E-01
3.83000000000E+09 +9.558871414E-02 +3.182257456E-02 +1.005310552E-02 +1.301580943E-01 +5.307546569E-02 +2.263347505E-01
3.84000000000E+09 +5.258152532E-02 -8.890061195E-02 +1.125941976E-01 +6.301316807E-02 +5.174161025E-02 +1.719587870E-01
3.85000000000E+09 -7.798048439E-02 -7.017483109E-02 +1.409002711E-01 -5.199336552E-02 +1.537995009E-02 +1.298719763E-01
3.86000000000E+09 -8.370465448E-02 +6.330999517E-02 +9.501060451E-02 -1.424995786E-01 -3.712346568E-02 +1.205410829E-01
3.87000000000E+09 +4.535190116E-02 +9.315360535E-02 +2.547744475E-02 -1.818101394E-01 -8.106705462E-02 +1.483968485E-01
3.88000000000E+09 +9.858478330E-02 -2.449200723E-02 -4.225251901E-02 -1.909259311E-01 -9.811444609E-02 +1.942897379E-01
3.89000000000E+09 -2.134692822E-03 -9.915261372E-02 -1.180136066E-01 -1.733705055E-01 -8.893902261E-02 +2.367773913E-01
3.90000000000E+09 -9.549167124E-02 -2.007261605E-02 -1.886466772E-01 -1.032025683E-01 -5.961545571E-02 +2.610360816E-01
3.91000000000E+09 -4.157267280E-02 +8.773574579E-02 -2.017006713E-01 +1.673189106E-02 -1.792909409E-02 +2.667072182E-01
3.92000000000E+09 +7.620786773E-02 +6.117078144E-02 -1.247316434E-01 +1.249418365E-01 +1.960120073E-02 +2.519396638E-01
3.93000000000E+09 +7.789437049E-02 -6.154118639E-02 +4.227006622E-03 +1.537425491E-01 +3.951377036E-02 +2.190231103E-01
3.94000000000E+09 -4.463441159E-02 -9.073272145E-02 +1.084907743E-01 +9.821637001E-02 +3.503533685E-02 +1.813818937E-01
3.95000000000E+09 -9.920108994E-02 +2.592684095E-02 +1.497592970E-01 +1.275061598E-02 +1.137636925E-02 +1.583152182E-01
3.96000000000E+09 +5.926137583E-03 +1.028203024E-01 +1.490696611E-01 -6.125493708E-02 -1.783593760E-02 +1.560158858E-01
3.97000000000E+09 +1.013017517E-01 +1.459401703E-02 +1.264091442E-01 -1.287281484E-01 -4.077793494E-02 +1.669090645E-01
3.98000000000E+09 +3.409926978E-02 -9.498635720E-02 +6.489223257E-02 -1.895570788E-01 -5.552416271E-02 +1.833197894E-01
3.99000000000E+09 -8.435928814E-02 -5.220050345E-02 -3.996582862E-02 -2.022459256E-01 -5.653027393E-02 +2.050805745E-01
4.00000000000E+09 -6.801117849E-02 +6.951702139E-02 -1.362861383E-01 -1.338031857E-01 -4.297603529E-02 +2.305981461E-01
4.01000000000E+09 +5.167367583E-02 +8.093344589E-02 -1.609175875E-01 -1.696370242E-02 -1.718464025E-02 +2.440347625E-01
4.02000000000E+09 +9.055140889E-02 -3.166859552E-02 -1.088241220E-01 +7.790963776E-02 +1.037983121E-02 +2.363945708E-01
4.03000000000E+09 -1.062624791E-02 -9.626891246E-02 -2.992463837E-02 +1.157619507E-01 +2.619897637E-02 +2.134092342E-01
4.04000000000E+09 -9.746230808E-02 -1.070928141E-02 +3.607245138E-02 +1.168413430E-01 +2.519599770E-02 +1.891496391E-01
4.05000000000E+09 -3.109332912E-02 +9.398216055E-02 +9.527344967E-02 +1.050403278E-01 +9.056240420E-03 +1.717895321E-01
4.06000000000E+09 +8.598192010E-02 +4.969396126E-02 +1.581467074E-01 +6.511890584E-02 -1.303432254E-02 +1.650168413E-01
4.07000000000E+09 +6.556395945E-02 -7.394101460E-02 +1.918512855E-01 -2.107035830E-02 -3.400902695E-02 +1.733742252E-01
4.08000000000E+09 -5.802087114E-02 -7.809995158E-02 +1.527897493E-01 -1.177301797E-01 -4.454775327E-02 +2.007343818E-01
4.09000000000E+09 -8.676035638E-02 +3.936076994E-02 +5.510572312E-02 -1.595763026E-01 -3.359215621E-02 +2.343329207E-01
4.10000000000E+09 +1.859514787E-02 +9.215164771E-02 -3.698895327E-02 -1.269001017E-01 -6.071275023E-04 +2.517520235E-01
4.11000000000E+09 +9.377334961E-02 +3.036680556E-03 -8.182353062E-02 -5.940720762E-02 +3.885864616E-02 +2.385468206E-01
4.12000000000E+09 +2.420805317E-02 -9.161456603E-02 -9.088218071E-02 +3.340463021E-03 +6.273658445E-02 +1.993989967E-01
4.13000000000E+09 -8.563501932E-02 -4.358275641E-02 -8.639612250E-02 +6.223041685E-02 +5.458265698E-02 +1.526546769E-01
4.14000000000E+09 -6.036785322E-02 +7.604806381E-02 -5.695665702E-02 +1.287130826E-01 +1.618007764E-02 +1.202344868E-01
4.15000000000E+09 +6.286982090E-02 +7.372036340E-02 +1.878479851E-02 +1.760763672E-01 -3.618745957E-02 +1.196176292E-01
4.16000000000E+09 +8.309458958E-02 -4.651795491E-02 +1.148786285E-01 +1.589045703E-01 -7.826152198E-02 +1.568544105E-01
4.17000000000E+09 -2.776310129E-02 -8.826160249E-02 +1.688969804E-01 +8.064036698E-02 -8.946971537E-02 +2.194352705E-01
4.18000000000E+09 -8.987630005E-02 +7.335936840E-03 +1.543906108E-01 -1.881795443E-03 -5.815750153E-02 +2.793308871E-01
4.19000000000E+09 -1.409501482E-02 +8.752491788E-02 +1.031973664E-01 -4.545552696E-02 +7.451157485E-03 +3.059741931E-01
4.20000000000E+09 +8.177192199E-02 +3.484375767E-02 +5.360767773E-02 -5.699124019E-02 +8.275377184E-02 +2.822617503E-01
4.21000000000E+09 +5.399472706E-02 -7.305716352E-02 +6.848780322E-03 -5.908983147E-02 +1.321695236E-01 +2.147513557E-01
4.22000000000E+09 -6.185386591E-02 -7.016774413E-02 -5.244093412E-02 -4.452647467E-02 +1.250473319E-01 +1.276364595E-01
4.23000000000E+09 -8.229628220E-02 +4.826352591E-02 -1.079323304E-01 +1.262487307E-02 +5.935684767E-02 +6.054376638E-02
4.24000000000E+09 +3.257258812E-02 +8.930693873E-02 -1.148098936E-01 +1.019956663E-01 -3.453969341E-02 +5.318164286E-02
4.25000000000E+09 +9.135070281E-02 -1.498275981E-02 -6.179236497E-02 +1.697769309E-01 -1.109443927E-01 +1.112149103E-01
4.26000000000E+09 +3.960094921E-03 -8.906335725E-02 +8.418969325E-03 +1.829383877E-01 -1.343193983E-01 +2.044069327E-01
4.27000000000E+09 -8.264396039E-02 -2.377805478E-02 +5.648140546E-02 +1.610733319E-01 -9.572066071E-02 +2.897156452E-01
4.28000000000E+09 -4.265514223E-02 +7.252143954E-02 +8.506133144E-02 +1.329948557E-01 -1.055968452E-02 +3.324370676E-01
4.29000000000E+09 +5.987386724E-02 +6.012142544E-02 +1.099075887E-01 +9.620633194E-02 +8.735899902E-02 +3.160074244E-01
4.30000000000E+09 +7.510798557E-02 -4.494929123E-02 +1.189398682E-01 +3.448016330E-02 +1.572533072E-01 +2.417919817E-01
4.31000000000E+09 -2.907369285E-02 -8.669533169E-02 +7.975096371E-02 -3.819182547E-02 +1.620683429E-01 +1.363052629E-01
4.32000000000E+09 -9.363409549E-02 +1.285383791E-02 -1.027767632E-02 -7.216145370E-02 +9.442040187E-02 +4.801731586E-02
4.33000000000E+09 -3.298678186E-03 +9.506081791E-02 -1.007141150E-01 -3.750970490E-02 -1.260383300E-02 +2.748655754E-02
4.34000000000E+09 +9.082433662E-02 +1.965463927E-02 -1.428962270E-01 +3.490949734E-02 -1.045194231E-01 +8.233982318E-02
4.35000000000E+09 +3.608904331E-02 -8.172660528E-02 -1.419541305E-01 +9.996165390E-02 -1.396100166E-01 +1.772034546E-01
4.36000000000E+09 -6.836773752E-02 -5.153608047E-02 -1.233112513E-01 +1.506924878E-01 -1.090323815E-01 +2.665778825E-01
4.37000000000E+09 -6.524017336E-02 +5.231700479E-02 -8.587279135E-02 +1.965163584E-01 -3.037600916E-02 +3.183840637E-01
4.38000000000E+09 +3.383559399E-02 +7.669446871E-02 -1.635754596E-02 +2.216908246E-01 +6.288833004E-02 +3.156223499E-01
4.39000000000E+09 +8.489394471E-02 -1.440070921E-02 +6.898058380E-02 +1.925163431E-01 +1.340803825E-01 +2.582907657E-01
4.40000000000E+09 +4.811648057E-03 -8.993655395E-02 +1.189017925E-01 +1.028691442E-01 +1.481024991E-01 +1.653500663E-01
4.41000000000E+09 -9.079131336E-02 -2.277315234E-02 +9.430360314E-02 -4.235811601E-04 +9.940241443E-02 +8.368680655E-02
4.42000000000E+09 -3.876699202E-02 +8.677842337E-02 +1.586625997E-02 -5.807955064E-02 +1.451987345E-02 +5.988369358E-02
4.43000000000E+09 +7.763833203E-02 +5.269351764E-02 -6.323131861E-02 -6.166503658E-02 -5.999028431E-02 +9.775372529E-02
4.44000000000E+09 +6.470248703E-02 -6.404529938E-02 -1.234482123E-01 -4.018778344E-02 -9.076110120E-02 +1.652433433E-01
4.45000000000E+09 -4.704231824E-02 -7.417048113E-02 -1.746551156E-01 -1.637836842E-03 -7.110931476E-02 +2.315797624E-01
4.46000000000E+09 -8.104211816E-02 +2.781178176E-02 -2.064231096E-01 +6.629201760E-02 -1.761181140E-02 +2.733066126E-01
4.47000000000E+09 +7.183413405E-03 +8.448147097E-02 -1.873292560E-01 +1.501984573E-01 +4.964698381E-02 +2.767911214E-01
4.48000000000E+09 +8.495045168E-02 +1.329933005E-02 -1.106891245E-01 +2.031192336E-01 +1.010230836E-01 +2.372476844E-01
4.49000000000E+09 +3.302355262E-02 -8.210020173E-02 -1.736516405E-02 +1.884922075E-01 +1.142519781E-01 +1.672697418E-01
4.50000000000E+09 -7.575190820E-02 -5.025690777E-02 +3.871291515E-02 +1.206377953E-01 +8.161341071E-02 +1.087773739E-01
4.51000000000E+09 -6.447719459E-02 +6.595391558E-02 +4.423780361E-02 +4.712618985E-02 +2.349501566E-02 +9.130277576E-02
4.52000000000E+09 +5.269541892E-02 +7.537143624E-02 +2.552989379E-02 -9.589116938E-03 -2.989611142E-02 +1.132954396E-01
4.53000000000E+09 +8.268036899E-02 -3.645169574E-02 -6.059152481E-03 -6.055150823E-02 -5.600747747E-02 +1.563099664E-01
4.54000000000E+09 -1.832500951E-02 -8.619341923E-02 -6.591132944E-02 -1.014417438E-01 -5.201383805E-02 +2.036238298E-01
4.55000000000E+09 -8.582794433E-02 -1.032000878E-03 -1.489763853E-01 -9.954102299E-02 -2.149939022E-02 +2.450936559E-01
4.56000000000E+09 -2.032491744E-02 +8.181166444E-02 -2.113937870E-01 -4.113723659E-02 +2.702250422E-02 +2.613141940E-01
4.57000000000E+09 +7.471936298E-02 +3.911977854E-02 -2.154367790E-01 +3.927272069E-02 +7.563360483E-02 +2.382683882E-01
4.58000000000E+09 +5.598960642E-02 -6.446159890E-02 -1.699989570E-01 +9.304377581E-02 +1.043524478E-01 +1.875748776E-01
4.59000000000E+09 -5.208197838E-02 -6.984592258E-02 -1.142605702E-01 +1.056064785E-01 +9.514503969E-02 +1.345043576E-01
4.60000000000E+09 -8.036129508E-02 +3.763212500E-02 -6.882202774E-02 +9.773017606E-02 +5.490093898E-02 +1.013534185E-01
4.61000000000E+09 +2.167525039E-02 +8.675436736E-02 -2.244847370E-02 +8.005830118E-02 +2.534196382E-03 +9.740050361E-02
4.62000000000E+09 +8.889028139E-02 -4.728045314E-03 +2.556083528E-02 +3.377308592E-02 -4.158925647E-02 +1.197306799E-01
4.63000000000E+09 +1.231190576E-02 -8.659407710E-02 +4.122035814E-02 -4.675011529E-02 -6.623439618E-02 +1.682663583E-01
4.64000000000E+09 -7.993877689E-02 -2.910401026E-02 -9.328840311E-04 -1.220774691E-01 -5.658600387E-02 +2.290069861E-01
4.65000000000E+09 -4.502388219E-02 +6.962841066E-02 -7.525414090E-02 -1.476265333E-01 -9.861227327E-03 +2.708106794E-01
4.66000000000E+09 +5.611497623E-02 +5.948379442E-02 -1.342662514E-01 -1.240406387E-01 +5.987845003E-02 +2.698893534E-01
4.67000000000E+09 +7.127149501E-02 -4.064968542E-02 -1.599216348E-01 -8.425578614E-02 +1.166080297E-01 +2.273567638E-01
4.68000000000E+09 -2.403856371E-02 -8.026342461E-02 -1.670268219E-01 -4.750511195E-02 +1.335009860E-01 +1.583605882E-01
4.69000000000E+09 -8.543143001E-02 +6.845082459E-03 -1.642138254E-01 -4.903485726E-03 +1.016012699E-01 +9.201595791E-02
4.70000000000E+09 -9.923824719E-03 +8.662473256E-02 -1.329608302E-01 +4.607097521E-02 +3.262985093E-02 +5.449632133E-02
4.71000000000E+09 +8.339664158E-02 +2.572787262E-02 -6.126603446E-02 +7.402370730E-02 -4.899798913E-02 +6.594353368E-02
4.72000000000E+09 +4.001210310E-02 -7.557227677E-02 +1.911743920E-02 +4.644053177E-02 -1.083490264E-01 +1.343164757E-01
4.73000000000E+09 -6.352265077E-02 -5.258197890E-02 +6.053669060E-02 -2.153721946E-02 -1.109646050E-01 +2.304034210E-01
4.74000000000E+09 -6.336495587E-02 +4.807613935E-02 +5.513292421E-02 -8.490813657E-02 -4.936544535E-02 +3.049305248E-01
4.75000000000E+09 +3.038450154E-02 +7.169046287E-02 +3.056416015E-02 -1.227359763E-01 +4.990509732E-02 +3.249901714E-01
4.76000000000E+09 +7.731744672E-02 -1.170011384E-02 +4.706296550E-03 -1.460958417E-01 +1.420276331E-01 +2.819116743E-01
4.77000000000E+09 +7.214578107E-03 -7.985083390E-02 -3.055144899E-02 -1.625743272E-01 +1.883730506E-01 +1.890404606E-01
4.78000000000E+09 -7.908208806E-02 -2.497708857E-02 -8.051730073E-02 -1.547159608E-01 +1.650451628E-01 +7.902398687E-02
4.79000000000E+09 -4.076021445E-02 +7.493223957E-02 -1.194593834E-01 -1.050117867E-01 +7.509000014E-02 +6.415734305E-04
4.80000000000E+09 +6.675612278E-02 +5.362125351E-02 -1.110686089E-01 -3.434173178E-02 -4.992328977E-02 -5.309356227E-04
4.81000000000E+09 +6.290965502E-02 -5.490112041E-02 -5.853778822E-02 +1.279619895E-02 -1.472982896E-01 +8.808133945E-02
4.82000000000E+09 -3.943061774E-02 -6.945900957E-02 +8.108348880E-04 +2.015528379E-02 -1.648919474E-01 +2.173224420E-01
4.83000000000E+09 -7.333461073E-02 +2.138048914E-02 +4.600993274E-02 +8.195027586E-03 -9.599723137E-02 +3.222694459E-01
4.84000000000E+09 +2.259460355E-03 +7.447445720E-02 +8.561530920E-02 -1.028584838E-02 +1.866319283E-02 +3.620607118E-01
4.85000000000E+09 +7.282707474E-02 +1.700840508E-02 +1.232764483E-01 -4.633363617E-02 +1.313339935E-01 +3.289213151E-01
4.86000000000E+09 +3.520295707E-02 -6.824437967E-02 +1.373092494E-01 -1.065765158E-01 +1.993532200E-01 +2.346170698E-01
4.87000000000E+09 -6.132794651E-02 -5.173295646E-02 +1.045276423E-01 -1.659233276E-01 +1.978492428E-01 +1.101172405E-01
4.88000000000E+09 -6.519265801E-02 +5.180343975E-02 +3.741749291E-02 -1.832835285E-01 +1.189826061E-01 +9.884348653E-03
4.89000000000E+09 +4.040802168E-02 +7.424640350E-02 -1.866227956E-02 -1.483001325E-01 -1.118249294E-02 -9.900981434E-03
4.90000000000E+09 +7.902144925E-02 -2.667585833E-02 -3.600937816E-02 -9.356759672E-02 -1.230824315E-01 +6.640709728E-02
4.91000000000E+09 -1.043134054E-02 -7.977476555E-02 -2.830278865E-02 -4.718426653E-02 -1.531267680E-01 +1.892393844E-01
4.92000000000E+09 -7.716406659E-02 -7.210882069E-03 -1.063794638E-02 -5.179913136E-03 -9.694868102E-02 +2.929039643E-01
4.93000000000E+09 -2.493131443E-02 +7.163163755E-02 +2.640014664E-02 +3.621708501E-02 +2.391858899E-03 +3.365580766E-01
4.94000000000E+09 +6.332143332E-02 +4.165896561E-02 +8.974654576E-02 +5.544912269E-02 +9.923173577E-02 +3.162743431E-01
4.95000000000E+09 +5.660342026E-02 -5.267392081E-02 +1.545166904E-01 +2.904532731E-02 +1.627226686E-01 +2.405613375E-01
4.96000000000E+09 -3.990594268E-02 -6.905516006E-02 +1.803578801E-01 -3.125733367E-02 +1.727494391E-01 +1.415320510E-01
4.97000000000E+09 -7.766852292E-02 +2.601627659E-02 +1.563311479E-01 -8.161307707E-02 +1.177097213E-01 +5.926650182E-02
4.98000000000E+09 +1.173503196E-02 +8.226300681E-02 +1.143946336E-01 -9.321771417E-02 +1.854013866E-02 +3.807271494E-02
4.99000000000E+09 +8.221396586E-02 +3.360347123E-03 +8.656378280E-02 -8.074013510E-02 -6.740019596E-02 +8.570053635E-02
5.00000000000E+09 +1.888202608E-02 -7.796911591E-02 +6.819703177E-02 -6.762038416E-02 -9.372699354E-02 +1.682476103E-01
5.01000000000E+09 -7.022672529E-02 -3.422840973E-02 +4.506011429E-02 -4.781495125E-02 -6.068100276E-02 +2.376813405E-01
5.02000000000E+09 -4.826038734E-02 +5.972920157E-02 +2.929238332E-02 -7.148207526E-03 -4.267846443E-03 +2.694333172E-01
5.03000000000E+09 +4.691200821E-02 +6.011277221E-02 +4.382829175E-02 +4.084433904E-02 +4.953280765E-02 +2.638269974E-01
5.04000000000E+09 +6.929875010E-02 -3.219147472E-02 +8.316475743E-02 +6.428165103E-02 +9.079832755E-02 +2.306994550E-01
5.05000000000E+09 -1.618196679E-02 -7.516872566E-02 +1.137883148E-01 +5.545335303E-02 +1.085234827E-01 +1.815324175E-01
5.06000000000E+09 -7.748265025E-02 +2.008997696E-04 +1.172263513E-01 +4.194251872E-02 +9.063783387E-02 +1.361580390E-01
5.07000000000E+09 -1.534442429E-02 +7.607764503E-02 +1.129534517E-01 +4.703255834E-02 +4.373633048E-02 +1.148773879E-01
5.08000000000E+09 +7.071114129E-02 +2.988214939E-02 +1.255021823E-01 +5.682047744E-02 +1.556488865E-04 +1.256112479E-01
5.09000000000E+09 +4.339904924E-02 -6.180378186E-02 +1.447230629E-01 +4.519017524E-02 -1.643414764E-02 +1.549756287E-01
5.10000000000E+09 -4.997921825E-02 -5.475828094E-02 +1.421006467E-01 +1.663707850E-02 -1.437915070E-02 +1.837697632E-01
5.11000000000E+09 -6.357592765E-02 +3.641096899E-02 +1.137633851E-01 -3.271859331E-04 -7.911295396E-03 +2.045603890E-01
5.12000000000E+09 +2.127883950E-02 +6.936983016E-02 +8.337564578E-02 +5.890810881E-03 +4.235346243E-03 +2.218272389E-01
5.13000000000E+09 +7.182036686E-02 -5.162499943E-03 +6.480320207E-02 +1.876206298E-02 +3.191676303E-02 +2.314318416E-01
5.14000000000E+09 +1.106899864E-02 -7.089322154E-02 +4.496078809E-02 +2.680437787E-02 +6.462085705E-02 +2.243143778E-01
5.15000000000E+09 -6.686467003E-02 -2.641535219E-02 +1.332038846E-02 +4.620266876E-02 +8.301003675E-02 +1.959955950E-01
5.16000000000E+09 -4.007550561E-02 +5.978319924E-02 -9.162054677E-03 +9.451666839E-02 +7.729004811E-02 +1.626596951E-01
5.17000000000E+09 +4.970396886E-02 +5.169967993E-02 +8.375658847E-03 +1.535049726E-01 +5.855157221E-02 +1.382864576E-01
5.18000000000E+09 +6.062684090E-02 -3.692710949E-02 +6.231623558E-02 +1.825020516E-01 +3.341589156E-02 +1.297841069E-01
5.19000000000E+09 -2.270965084E-02 -6.631437689E-02 +1.154838007E-01 +1.653789706E-01 +1.412943023E-03 +1.350027093E-01
5.20000000000E+09 -6.900786913E-02 +7.713999756E-03 +1.402289517E-01 +1.227461679E-01 -3.098472314E-02 +1.614236074E-01
5.21000000000E+09 -7.833182773E-03 +6.808736673E-02 +1.394230119E-01 +7.825563484E-02 -4.078375209E-02 +2.062209421E-01
5.22000000000E+09 +6.384581786E-02 +2.299519098E-02 +1.220825767E-01 +3.371531855E-02 -1.164123345E-02 +2.495466920E-01
5.23000000000E+09 +3.731534758E-02 -5.678996382E-02 +7.915927927E-02 -1.090207899E-02 +4.209824774E-02 +2.637192849E-01
5.24000000000E+09 -4.739126351E-02 -4.974911950E-02 +1.866270042E-03 -3.174910242E-02 +8.678191372E-02 +2.379067676E-01
5.25000000000E+09 -5.957778644E-02 +3.602905747E-02 -8.469561243E-02 +2.702240298E-03 +1.028394171E-01 +1.893379344E-01
5.26000000000E+09 +2.274097783E-02 +6.620057710E-02 -1.301472984E-01 +8.682382378E-02 +8.904462729E-02 +1.448858449E-01
5.27000000000E+09 +6.913094784E-02 -8.438316700E-03 -1.108222357E-01 +1.722777468E-01 +5.069228190E-02 +1.206027888E-01
5.28000000000E+09 +6.034486182E-03 -6.868289558E-02 -5.186719476E-02 +2.170889782E-01 -2.025855255E-03 +1.258583251E-01
5.29000000000E+09 -6.477514553E-02 -2.047730686E-02 +9.928666104E-03 +2.192732638E-01 -4.512931823E-02 +1.634347657E-01
5.30000000000E+09 -3.397886482E-02 +5.745180956E-02 +6.187360730E-02 +1.944935937E-01 -4.773587544E-02 +2.241237043E-01
5.31000000000E+09 +4.752341769E-02 +4.647616646E-02 +1.033001954E-01 +1.440462683E-01 -2.079699625E-03 +2.722587046E-01
5.32000000000E+09 +5.722468715E-02 -3.537543855E-02 +1.165299878E-01 +6.352788230E-02 +6.418113174E-02 +2.765148581E-01
5.33000000000E+09 -2.223289529E-02 -6.538775747E-02 +7.369760286E-02 -2.482678010E-02 +1.118023405E-01 +2.341372219E-01
5.34000000000E+09 -7.047436545E-02 +8.495928525E-03 -2.261286901E-02 -7.144212370E-02 +1.173870890E-01 +1.715023693E-01
5.35000000000E+09 -5.253036247E-03 +7.172238170E-02 -1.225919996E-01 -4.696210987E-02 +8.235101265E-02 +1.233080422E-01
5.36000000000E+09 +6.900912977E-02 +1.850864093E-02 -1.760291299E-01 +2.208149793E-02 +2.123705845E-02 +1.132037762E-01
5.37000000000E+09 +3.097999687E-02 -6.276936506E-02 -1.802191528E-01 +8.956319453E-02 -3.816777282E-02 +1.430962505E-01
5.38000000000E+09 -5.306128901E-02 -4.220309412E-02 -1.596420968E-01 +1.395590870E-01 -6.295406198E-02 +2.055561695E-01
5.39000000000E+09 -5.187681348E-02 +4.072965386E-02 -1.214402041E-01 +1.779704656E-01 -3.508597358E-02 +2.741090658E-01
5.40000000000E+09 +2.616843851E-02 +5.990517446E-02 -5.904501181E-02 +1.956534996E-01 +3.572510097E-02 +3.107906252E-01
5.41000000000E+09 +6.547233896E-02 -1.061606289E-02 +1.476618033E-02 +1.687597449E-01 +1.130619680E-01 +2.899555535E-01
5.42000000000E+09 +4.652725853E-03 -6.886912447E-02 +6.043329391E-02 +9.294349675E-02 +1.543983245E-01 +2.188790962E-01
5.43000000000E+09 -6.923907757E-02 -1.903630517E-02 +4.677984284E-02 +5.442017105E-03 +1.381813524E-01 +1.381631362E-01
5.44000000000E+09 -3.170795253E-02 +6.613623402E-02 -9.500445876E-03 -4.598131971E-02 +7.444148675E-02 +9.155759950E-02
5.45000000000E+09 +5.929009337E-02 +4.237233889E-02 -6.428853052E-02 -5.521962455E-02 -5.647588317E-03 +9.643173912E-02
5.46000000000E+09 +5.093107011E-02 -4.920348393E-02 -1.026396256E-01 -4.897634516E-02 -6.662396468E-02 +1.486041172E-01
5.47000000000E+09 -3.627499802E-02 -5.741141536E-02 -1.378256556E-01 -3.472086085E-02 -7.867703562E-02 +2.268336499E-01
5.48000000000E+09 -6.178931115E-02 +2.128277785E-02 -1.658482598E-01 +2.038367885E-03 -3.712806486E-02 +3.006027486E-01
5.49000000000E+09 +5.119638298E-03 +6.361311667E-02 -1.604853084E-01 +5.684261504E-02 +3.724264131E-02 +3.334851907E-01
5.50000000000E+09 +6.323761955E-02 +1.073347045E-02 -1.119978755E-01 +9.572317804E-02 +1.115797740E-01 +3.120131003E-01
5.51000000000E+09 +2.590842945E-02 -6.062916378E-02 -4.831397236E-02 +8.957596835E-02 +1.557966376E-01 +2.495274776E-01
5.52000000000E+09 -5.544830108E-02 -3.925607477E-02 -9.361897956E-03 +4.880344073E-02 +1.564684351E-01 +1.797331433E-01
5.53000000000E+09 -5.035575422E-02 +4.792483916E-02 -1.490680900E-03 +1.014835443E-02 +1.163873310E-01 +1.267340628E-01
5.54000000000E+09 +3.820825326E-02 +5.850927790E-02 +2.115950278E-03 -1.324193913E-02 +5.589889003E-02 +1.056304287E-01
5.55000000000E+09 +6.376550473E-02 -2.674136771E-02 +1.202238904E-02 -4.191647766E-02 -3.866532987E-03 +1.224225797E-01
5.56000000000E+09 -1.368459185E-02 -6.570458924E-02 +6.149265911E-03 -8.364961469E-02 -4.007102255E-02 +1.720141651E-01
5.57000000000E+09 -6.478027546E-02 -1.228622936E-04 -2.690029638E-02 -1.130417110E-01 -4.130575041E-02 +2.321045741E-01
5.58000000000E+09 -1.384441473E-02 +6.102370835E-02 -6.371845649E-02 -1.104707870E-01 -1.659223691E-02 +2.761772819E-01
5.59000000000E+09 +5.501042800E-02 +2.673665947E-02 -7.922208292E-02 -9.080243761E-02 +2.373028160E-02 +2.966700110E-01
5.60000000000E+09 +3.815987809E-02 -4.657751101E-02 -8.014928405E-02 -7.850711070E-02 +6.854838533E-02 +2.990574097E-01
5.61000000000E+09 -3.616781994E-02 -4.771908450E-02 -8.832623228E-02 -6.987609228E-02 +1.106553283E-01 +2.863938224E-01
5.62000000000E+09 -5.501926662E-02 +2.422101652E-02 -1.000341944E-01 -4.061573917E-02 +1.440363770E-01 +2.512533360E-01
5.63000000000E+09 +1.185055035E-02 +5.974475257E-02 -8.335791291E-02 +1.119348405E-02 +1.522684105E-01 +1.962581835E-01
5.64000000000E+09 +6.187020982E-02 +5.374082217E-04 -2.099820980E-02 +4.929004073E-02 +1.288142323E-01 +1.401305705E-01
5.65000000000E+09 +1.211337779E-02 -6.067746399E-02 +5.941986122E-02 +3.773068492E-02 +7.347204319E-02 +1.111233241E-01
5.66000000000E+09 -5.629644158E-02 -2.261194710E-02 +1.144550256E-01 -1.649426158E-02 +5.461166153E-03 +1.185820781E-01
5.67000000000E+09 -3.160449882E-02 +4.889923198E-02 +1.323444163E-01 -8.081537293E-02 -4.840828452E-02 +1.609110384E-01
5.68000000000E+09 +3.905876916E-02 +3.900827263E-02 +1.243197069E-01 -1.410529518E-01 -6.649834733E-02 +2.329076154E-01
5.69000000000E+09 +4.476221639E-02 -2.715732391E-02 +8.909925311E-02 -1.964472403E-01 -3.721837534E-02 +3.099999705E-01
5.70000000000E+09 -1.379050849E-02 -4.853615074E-02 +1.789816843E-02 -2.287205691E-01 +3.327862011E-02 +3.596294646E-01
5.71000000000E+09 -5.001950516E-02 +1.521151273E-04 -7.327065320E-02 -2.051515462E-01 +1.191277454E-01 +3.575508024E-01
5.72000000000E+09 -1.302358704E-02 +4.963370659E-02 -1.365988029E-01 -1.144856362E-01 +1.825408730E-01 +2.998150641E-01
5.73000000000E+09 +4.733634484E-02 +2.514360523E-02 -1.250120381E-01 +7.447983869E-03 +2.058732768E-01 +2.119742600E-01
5.74000000000E+09 +3.513905077E-02 -4.294957700E-02 -3.805762568E-02 +9.664003700E-02 +1.673865584E-01 +1.299932170E-01
5.75000000000E+09 -3.631510588E-02 -4.258975333E-02 +7.625567724E-02 +1.173605828E-01 +8.184954733E-02 +8.667775234E-02
5.76000000000E+09 -4.700831958E-02 +2.767102248E-02 +1.740959960E-01 +8.234252738E-02 -1.097117888E-02 +1.061384171E-01
5.77000000000E+09 +1.697046362E-02 +4.896322289E-02 +2.422044113E-01 +1.177894676E-02 -6.895076374E-02 +1.860987239E-01
5.78000000000E+09 +4.856197263E-02 -4.497533361E-03 +2.688965138E-01 -8.629024019E-02 -5.872930787E-02 +2.913207116E-01
5.79000000000E+09 +8.496502551E-03 -4.593545085E-02 +2.328392591E-01 -1.902167147E-01 +1.143521318E-02 +3.652216338E-01
5.80000000000E+09 -4.154918588E-02 -2.103342208E-02 +1.315167733E-01 -2.550668353E-01 +1.000482646E-01 +3.754149132E-01
5.81000000000E+09 -3.273879404E-02 +3.591321857E-02 +1.789287685E-03 -2.383087896E-01 +1.796752726E-01 +3.216919170E-01
5.82000000000E+09 +2.900066274E-02 +4.270591261E-02 -9.117168208E-02 -1.372273975E-01 +2.112804556E-01 +2.393747864E-01
5.83000000000E+09 +5.006390595E-02 -2.146531268E-02 -1.008233952E-01 -3.010986963E-03 +1.808094773E-01 +1.563722942E-01
5.84000000000E+09 -1.303561245E-02 -5.414451189E-02 -3.876577330E-02 +1.029965238E-01 +1.067445421E-01 +1.096020708E-01
5.85000000000E+09 -5.475713703E-02 +3.991795164E-03 +5.563420276E-02 +1.602509745E-01 +2.053264066E-02 +1.246243976E-01
5.86000000000E+09 -6.150869429E-03 +5.196723511E-02 +1.619884223E-01 +1.704058418E-01 -3.362555720E-02 +1.977946907E-01
5.87000000000E+09 +4.615628680E-02 +1.690572492E-02 +2.630124427E-01 +1.249410157E-01 -2.567115823E-02 +2.924507235E-01
5.88000000000E+09 +2.749368632E-02 -3.824682237E-02 +3.220822486E-01 +2.528929168E-02 +3.639667624E-02 +3.556487272E-01
5.89000000000E+09 -2.901148564E-02 -3.722554920E-02 +3.053103004E-01 -9.371618687E-02 +1.189053602E-01 +3.557022488E-01
5.90000000000E+09 -4.569770784E-02 +1.884058556E-02 +2.131077189E-01 -1.760793941E-01 +1.881461259E-01 +3.039282019E-01
5.91000000000E+09 +8.574713614E-03 +5.216927741E-02 +9.000157661E-02 -1.804003641E-01 +2.035412338E-01 +2.323288571E-01
5.92000000000E+09 +5.626125827E-02 +1.417069050E-03 -4.579922784E-03 -1.141495664E-01 +1.716926452E-01 +1.659800601E-01
5.93000000000E+09 +1.085981047E-02 -5.690045322E-02 -4.656572012E-02 -1.984127903E-02 +1.089588833E-01 +1.363956065E-01
5.94000000000E+09 -5.419426611E-02 -1.955234824E-02 -4.591643000E-02 +7.693903575E-02 +4.241691026E-02 +1.514456174E-01
5.95000000000E+09 -2.775037887E-02 +4.774083347E-02 -2.167717679E-03 +1.676053676E-01 -9.887732863E-04 +2.129022656E-01
5.96000000000E+09 +3.833570182E-02 +3.526378712E-02 +8.784391562E-02 +2.241837090E-01 +3.256328948E-03 +2.876010668E-01
5.97000000000E+09 +4.182507621E-02 -2.706555244E-02 +1.934035431E-01 +2.143276769E-01 +5.440758837E-02 +3.340839861E-01
5.98000000000E+09 -1.480218069E-02 -4.728887958E-02 +2.636455176E-01 +1.422678198E-01 +1.222655232E-01 +3.326196572E-01
5.99000000000E+09 -5.094008886E-02 +2.225151884E-03 +2.684262152E-01 +4.990817975E-02 +1.723856415E-01 +2.980593799E-01
6.00000000000E+09 -9.888993817E-03 +5.268034875E-02 +2.204347398E-01 -1.566009460E-02 +1.809878775E-01 +2.482234574E-01
6.01000000000E+09 +5.201845482E-02 +2.148235579E-02 +1.577162625E-01 -4.116359735E-02 +1.646008804E-01 +2.111799276E-01
6.02000000000E+09 +3.137607727E-02 -4.875840203E-02 +9.719991923E-02 -4.423752742E-02 +1.332970846E-01 +1.892975032E-01
6.03000000000E+09 -4.317694603E-02 -3.983832453E-02 +3.060324818E-02 -2.694381136E-02 +9.634049379E-02 +1.868947286E-01
6.04000000000E+09 -4.590474673E-02 +3.515720513E-02 -2.957713547E-02 +3.009259163E-02 +6.101126906E-02 +2.122913040E-01
6.05000000000E+09 +2.476449857E-02 +4.997511464E-02 -4.421257733E-02 +1.174670756E-01 +5.148527699E-02 +2.550991151E-01
6.06000000000E+09 +5.203155992E-02 -1.289402948E-02 -2.729547429E-03 +1.871527047E-01 +7.495324953E-02 +2.884729274E-01
6.07000000000E+09 -2.784121637E-04 -5.241169251E-02 +5.860928103E-02 +2.072105006E-01 +1.123381705E-01 +2.983998756E-01
6.08000000000E+09 -5.069389580E-02 -1.199376984E-02 +1.013318767E-01 +1.914377183E-01 +1.397344318E-01 +2.907580094E-01
6.09000000000E+09 -2.375967315E-02 +4.702304078E-02 +1.228246267E-01 +1.700056078E-01 +1.551338685E-01 +2.750708284E-01
6.10000000000E+09 +4.094371670E-02 +3.414071945E-02 +1.426904798E-01 +1.471333050E-01 +1.628661541E-01 +2.588461782E-01
6.11000000000E+09 +4.306204029E-02 -3.359150924E-02 +1.591470711E-01 +1.025067423E-01 +1.625354277E-01 +2.316682807E-01
6.12000000000E+09 -2.487437498E-02 -4.997939112E-02 +1.407021570E-01 +3.711830541E-02 +1.442514519E-01 +2.116756489E-01
6.13000000000E+09 -5.408998553E-02 +1.576605380E-02 +7.361606077E-02 -7.678730715E-03 +1.097267338E-01 +2.125221516E-01
6.14000000000E+09 +5.583716467E-03 +5.515954528E-02 -5.472483782E-03 +1.668513539E-03 +8.755338106E-02 +2.386838582E-01
6.15000000000E+09 +5.341150571E-02 +4.968332083E-03 -5.274823278E-02 +4.609552913E-02 +9.151366126E-02 +2.743459955E-01
6.16000000000E+09 +1.581561879E-02 -4.925821763E-02 -6.906563712E-02 +8.811802920E-02 +1.182602661E-01 +2.988704313E-01
6.17000000000E+09 -4.311238672E-02 -2.596336409E-02 -7.760704778E-02 +1.232453563E-01 +1.494121817E-01 +3.054422284E-01
6.18000000000E+09 -3.506567242E-02 +3.499080888E-02 -7.633530125E-02 +1.677326727E-01 +1.823195445E-01 +2.946040116E-01
6.19000000000E+09 +2.561449678E-02 +4.265274305E-02 -4.185048777E-02 +2.141985722E-01 +2.046520693E-01 +2.609477628E-01
6.20000000000E+09 +4.869603241E-02 -1.542714250E-02 +2.786322539E-02 +2.269822619E-01 +2.075310256E-01 +2.133187690E-01
6.21000000000E+09 -5.363598257E-03 -5.234050593E-02 +9.487929026E-02 +1.817831116E-01 +1.676454392E-01 +1.739911578E-01
6.22000000000E+09 -5.356651664E-02 -3.871155913E-03 +1.147202912E-01 +1.016412949E-01 +1.073364443E-01 +1.744122568E-01
6.23000000000E+09 -1.261911410E-02 +5.125580882E-02 +8.690413870E-02 +3.324987533E-02 +6.036848919E-02 +2.218104230E-01
6.24000000000E+09 +4.606152992E-02 +2.088966462E-02 +4.247172300E-02 -1.013801905E-02 +5.956906770E-02 +2.894037649E-01
6.25000000000E+09 +2.860997178E-02 -3.820422108E-02 -1.124129183E-02 -4.122525421E-02 +9.940584129E-02 +3.448101215E-01
6.26000000000E+09 -2.869846257E-02 -3.529494489E-02 -8.476097165E-02 -5.136133707E-02 +1.622601099E-01 +3.641421898E-01
6.27000000000E+09 -4.056886469E-02 +1.778525578E-02 -1.631574730E-01 -1.440628608E-02 +2.313032755E-01 +3.427504366E-01
6.28000000000E+09 +6.386594916E-03 +4.434542985E-02 -2.031122679E-01 +7.067375561E-02 +2.800292635E-01 +2.834879812E-01
6.29000000000E+09 +4.640308457E-02 +5.242961167E-03 -1.736592177E-01 +1.629821008E-01 +2.829821128E-01 +2.001378556E-01
6.30000000000E+09 +1.547837945E-02 -4.693845519E-02 -8.982171364E-02 +2.099096887E-01 +2.257364195E-01 +1.283744254E-01
6.31000000000E+09 -4.547967852E-02 -2.414464513E-02 -1.583115644E-03 +1.937001695E-01 +1.255408406E-01 +1.162130325E-01
6.32000000000E+09 -3.036879994E-02 +4.091407528E-02 +5.849049641E-02 +1.406187838E-01 +4.242603391E-02 +1.771017091E-01
6.33000000000E+09 +3.341072619E-02 +3.500777354E-02 +9.434127702E-02 +7.052240093E-02 +2.287579197E-02 +2.788943478E-01
6.34000000000E+09 +3.826393603E-02 -2.349428226E-02 +1.001837192E-01 -2.013375710E-02 +6.733066449E-02 +3.633175261E-01
6.35000000000E+09 -1.219627517E-02 -4.034150209E-02 +5.073718702E-02 -1.133055748E-01 +1.540722408E-01 +4.019022520E-01
6.36000000000E+09 -4.072574979E-02 +2.095078345E-04 -5.198114312E-02 -1.616562440E-01 +2.480271294E-01 +3.881932875E-01
6.37000000000E+09 -1.187042861E-02 +3.956513953E-02 -1.621006846E-01 -1.325523958E-01 +3.193947859E-01 +3.235859602E-01
6.38000000000E+09 +3.687941207E-02 +2.329237174E-02 -2.215022273E-01 -4.089852709E-02 +3.406153882E-01 +2.283715336E-01
6.39000000000E+09 +3.346439689E-02 -3.355253498E-02 -2.050704112E-01 +5.888912663E-02 +2.922986990E-01 +1.385543824E-01
6.40000000000E+09 -2.894123971E-02 -4.143463543E-02 -1.385578519E-01 +1.192882526E-01 +1.954596913E-01 +9.413033823E-02
6.41000000000E+09 -4.600479281E-02 +2.335594010E-02 -6.081315051E-02 +1.374824432E-01 +9.363074400E-02 +1.291363934E-01
6.42000000000E+09 +1.565407250E-02 +4.742066915E-02 +2.092730027E-02 +1.250228902E-01 +4.082880324E-02 +2.214759696E-01
6.43000000000E+09 +4.625789241E-02 -6.242416027E-03 +1.001317595E-01 +6.827819927E-02 +5.992817858E-02 +3.181147318E-01
6.44000000000E+09 +4.579143160E-03 -4.335865166E-02 +1.375490957E-01 -3.556925904E-02 +1.327253499E-01 +3.789091024E-01
6.45000000000E+09 -3.872308210E-02 -1.544959124E-02 +1.014652987E-01 -1.429236046E-01 +2.226840289E-01 +3.892308617E-01
6.46000000000E+09 -2.599460151E-02 +3.276064538E-02 +9.866316181E-03 -1.975540529E-01 +2.977500416E-01 +3.477963982E-01
6.47000000000E+09 +2.573449099E-02 +3.538238426E-02 -8.253864347E-02 -1.786903998E-01 +3.305524468E-01 +2.753035670E-01
6.48000000000E+09 +4.345797572E-02 -1.798082898E-02 -1.295279716E-01 -1.147221710E-01 +3.138424220E-01 +1.977868674E-01
6.49000000000E+09 -9.999173376E-03 -4.906538296E-02 -1.299529448E-01 -5.099229171E-02 +2.603150260E-01 +1.461160811E-01
6.50000000000E+09 -5.221487336E-02 +2.248786084E-03 -1.096044646E-01 +9.040822591E-04 +1.854696266E-01 +1.422761815E-01
6.51000000000E+09 -5.634587405E-03 +5.176713798E-02 -6.714934277E-02 +5.170993725E-02 +1.289028140E-01 +1.844925798E-01
6.52000000000E+09 +4.833060523E-02 +1.350190666E-02 +1.359321579E-02 +7.968039749E-02 +1.126006973E-01 +2.529386292E-01
6.53000000000E+09 +2.173533230E-02 -4.205952473E-02 +1.052895538E-01 +4.748933797E-02 +1.458312201E-01 +3.129219819E-01
6.54000000000E+09 -3.400016214E-02 -2.965133180E-02 +1.529750210E-01 -3.509284054E-02 +2.046172235E-01 +3.412726739E-01
6.55000000000E+09 -3.678165530E-02 +2.466383598E-02 +1.372572541E-01 -1.155879918E-01 +2.594014878E-01 +3.282708309E-01
6.56000000000E+09 +1.462960325E-02 +4.245950016E-02 +8.811186815E-02 -1.545269439E-01 +2.910118466E-01 +2.899756744E-01
6.57000000000E+09 +4.628901730E-02 -4.174093056E-03 +4.507089755E-02 -1.568041607E-01 +3.009616603E-01 +2.427366204E-01
6.58000000000E+09 +5.993957030E-03 -4.817096829E-02 +1.428544072E-02 -1.491966488E-01 +2.861352789E-01 +2.065787374E-01
6.59000000000E+09 -4.795628974E-02 -1.587158969E-02 -2.268296832E-02 -1.320537137E-01 +2.530070546E-01 +1.826508125E-01
6.60000000000E+09 -2.417605247E-02 +4.545716270E-02 -5.643711329E-02 -7.956576454E-02 +2.115231723E-01 +1.870226395E-01
6.61000000000E+09 +4.060343404E-02 +3.124447368E-02 -4.324294867E-02 +7.623271368E-04 +1.811283094E-01 +2.177487938E-01
6.62000000000E+09 +3.667550818E-02 -3.299139665E-02 +2.723300765E-02 +5.349132082E-02 +1.842006394E-01 +2.634758483E-01
6.63000000000E+09 -2.341586732E-02 -4.108659289E-02 +1.062493995E-01 +4.585062034E-02 +2.141710397E-01 +2.939569680E-01
6.64000000000E+09 -4.400699837E-02 +1.269728153E-02 +1.495718911E-01 +4.432367718E-03 +2.499243564E-01 +2.968692437E-01
6.65000000000E+09 +1.565404933E-03 +4.530688305E-02 +1.612943634E-01 -3.209865650E-02 +2.788211339E-01 +2.799045232E-01
6.66000000000E+09 +4.468743677E-02 +9.435039336E-03 +1.667279807E-01 -5.946284641E-02 +2.986199973E-01 +2.563665130E-01
6.67000000000E+09 +2.011936476E-02 -4.237798927E-02 +1.650703978E-01 -9.662767635E-02 +3.029554128E-01 +2.268956185E-01
6.68000000000E+09 -3.829934668E-02 -2.977445491E-02 +1.292425183E-01 -1.377793856E-01 +2.904318175E-01 +1.976352204E-01
6.69000000000E+09 -3.770038994E-02 +3.325766603E-02 +5.666180469E-02 -1.404486740E-01 +2.545573782E-01 +1.867482062E-01
6.70000000000E+09 +2.660715460E-02 +4.326630448E-02 -2.275039968E-03 -7.953531617E-02 +2.222337773E-01 +2.009529296E-01
6.71000000000E+09 +4.626942299E-02 -1.839117382E-02 +5.616187383E-04 +4.672128813E-03 +2.133858310E-01 +2.392620676E-01
6.72000000000E+09 -8.532339465E-03 -4.718055761E-02 +4.797468831E-02 +5.587000555E-02 +2.310832578E-01 +2.678684452E-01
6.73000000000E+09 -4.619464348E-02 -2.021469218E-03 +9.441936575E-02 +7.014195216E-02 +2.599899499E-01 +2.781417695E-01
6.74000000000E+09 -1.256388660E-02 +4.343856164E-02 +1.296475487E-01 +7.472087530E-02 +2.908137846E-01 +2.703348055E-01
6.75000000000E+09 +3.898063421E-02 +2.254513544E-02 +1.711960181E-01 +7.241481898E-02 +3.133768373E-01 +2.533700480E-01
6.76000000000E+09 +3.181692715E-02 -3.281765721E-02 +2.154033858E-01 +3.914617711E-02 +3.251368439E-01 +2.262249548E-01
6.77000000000E+09 -2.573453504E-02 -3.956715299E-02 +2.239238655E-01 -2.928574390E-02 +3.146589749E-01 +1.975393427E-01
6.78000000000E+09 -4.571163253E-02 +1.811826269E-02 +1.689802533E-01 -8.850012015E-02 +2.829102860E-01 +1.800211352E-01
6.79000000000E+09 +1.000931789E-02 +4.894177436E-02 +8.296361631E-02 -8.515073884E-02 +2.533471165E-01 +1.920999932E-01
6.80000000000E+09 +4.946946139E-02 -1.419162158E-03 +2.996209393E-02 -2.602042948E-02 +2.435386815E-01 +2.225094130E-01
6.81000000000E+09 +7.827762329E-03 -4.735274207E-02 +2.578154508E-02 +3.529956047E-02 +2.594528107E-01 +2.462085890E-01
6.82000000000E+09 -4.329336938E-02 -1.708799654E-02 +3.847193107E-02 +7.599645687E-02 +2.830213842E-01 +2.528827222E-01
6.83000000000E+09 -2.579954305E-02 +3.748087728E-02 +5.405239877E-02 +1.130761718E-01 +3.078199151E-01 +2.483787201E-01
6.84000000000E+09 +3.023168927E-02 +3.358215895E-02 +9.165512459E-02 +1.493384215E-01 +3.248190695E-01 +2.338557935E-01
6.85000000000E+09 +3.993147250E-02 -2.166699439E-02 +1.557617457E-01 +1.526256975E-01 +3.320392930E-01 +2.123133814E-01
6.86000000000E+09 -1.271937775E-02 -4.482427433E-02 +2.065453344E-01 +9.943168158E-02 +3.191705615E-01 +1.923295365E-01
6.87000000000E+09 -4.775888720E-02 +3.578200389E-03 +1.957241252E-01 +2.023610982E-02 +2.974371875E-01 +1.806488212E-01
6.88000000000E+09 -5.050992967E-03 +4.807733262E-02 +1.286807800E-01 -2.231137732E-02 +2.775903799E-01 +1.946078093E-01
6.89000000000E+09 +4.589298196E-02 +1.354431233E-02 +6.229291931E-02 -7.718215458E-03 +2.759192028E-01 +2.157247062E-01
6.90000000000E+09 +2.163482424E-02 -4.138424235E-02 +2.855864260E-02 +2.684958271E-02 +2.916997264E-01 +2.324202402E-01
6.91000000000E+09 -3.513315563E-02 -2.914890677E-02 +8.530120341E-03 +5.501443486E-02 +3.111607829E-01 +2.338518227E-01
6.92000000000E+09 -3.545892037E-02 +2.747405082E-02 -1.179247933E-02 +9.186716289E-02 +3.280357192E-01 +2.286593654E-01
6.93000000000E+09 +1.859456674E-02 +4.040214483E-02 -8.247474354E-03 +1.476233725E-01 +3.383252292E-01 +2.172712992E-01
6.94000000000E+09 +4.355434301E-02 -9.100828849E-03 +4.133306472E-02 +1.893274057E-01 +3.433525806E-01 +2.025159098E-01
6.95000000000E+09 +5.687236834E-04 -4.519409100E-02 +1.094082776E-01 +1.742753399E-01 +3.341219223E-01 +1.847557409E-01
6.96000000000E+09 -4.469061580E-02 -9.889102090E-03 +1.385082803E-01 +1.088209597E-01 +3.216669504E-01 +1.784552151E-01
6.97000000000E+09 -1.826909758E-02 +4.228003274E-02 +1.087644177E-01 +4.877574736E-02 +3.084386186E-01 +1.870496902E-01
6.98000000000E+09 +3.765804679E-02 +2.579514364E-02 +5.944541481E-02 +3.022053476E-02 +3.103310159E-01 +2.004324205E-01
6.99000000000E+09 +3.223601803E-02 -3.131958667E-02 +2.643420460E-02 +3.245411053E-02 +3.191421414E-01 +2.094453338E-01
7.00000000000E+09 -2.354280878E-02 -3.741591617E-02 -2.299198719E-03 +2.960087441E-02 +3.310994748E-01 +2.133431518E-01

[Channel0\Trace0\Marker0]
Enabled=1
Position=0.2

[Channel0\Trace1]
ReferencePosition[0]=1

[Channel0\Trace1\Marker0]
Enabled=1
Position=0.2

[Channel0\Trace2]
SPort=0
FormatType=2

[Channel0\Trace2\Marker0]
Enabled=1
Position=0.2

[Channel0\Trace3]
SPort=0
FormatType=2

[Channel0\Trace3\Marker0]
Enabled=1
Position=0.2

