[NWA State]
TriggerSource=3

[Channel0]
Points=501
FrequencyStart=2000000000
FrequencyStop=7000000000
FixedPower[0]=5
FixedPower[1]=5
IFBW=1000
CorrectionEnabled=1
TraceCount=4

[Channel0\Correction\11]
Calyyyymmdd=2022/04/09
Calhhmmss=14:41:13
VNATemperature=37.1 °C
Type=3
KitLabel=ACM2509.2
KitDescription=AutoCal Module 20 kHz-9 GHz (CMT), SN: 19039185, Char: Factory, 30°C, ThermoComp: ON
CalIFBW=1 kHz
CalPower=5 dBm
CalPorts[0]=0
CalPorts[1]=0

[Channel0\Correction\11\Data]
2.00000000000E+09 +1.080750806E-01 -1.315997722E-01 -2.357932414E-02 -2.796376514E-02 -2.671048790E-01 -3.408626170E-02
2.01000000000E+09 -9.418801120E-02 -1.397024359E-01 -5.381936661E-02 -1.456169333E-02 -2.918443758E-01 +1.992506245E-02
2.02000000000E+09 -1.623425477E-01 +5.085777756E-02 -4.531132562E-02 +3.617218655E-02 -2.722088880E-01 +7.689605927E-02
2.03000000000E+09 +5.494874582E-03 +1.741276848E-01 +1.908768602E-02 +5.631560604E-02 -2.212776373E-01 +1.017129971E-01
2.04000000000E+09 +1.732181544E-01 +3.920430298E-02 +7.389094365E-02 +4.561293371E-03 -1.757613878E-01 +8.734214467E-02
2.05000000000E+09 +8.060471168E-02 -1.593298071E-01 +5.476506212E-02 -6.590305618E-02 -1.568819728E-01 +5.471639568E-02
2.06000000000E+09 -1.339303023E-01 -1.167840150E-01 -7.099428324E-03 -7.668323867E-02 -1.605614874E-01 +2.453432478E-02
2.07000000000E+09 -1.448412780E-01 +9.956321156E-02 -3.142890770E-02 -3.379402791E-02 -1.782655001E-01 -1.771862259E-04
2.08000000000E+09 +5.826316177E-02 +1.628937044E-01 -3.153393140E-03 -1.023384466E-02 -2.106057501E-01 -1.093977382E-02
2.09000000000E+09 +1.693800479E-01 -1.236663670E-02 +1.537729018E-02 -3.505674288E-02 -2.466791278E-01 +5.713556637E-03
2.10000000000E+09 +3.505658943E-02 -1.649355464E-01 -1.494430141E-02 -5.607240489E-02 -2.596268246E-01 +4.768917985E-02
2.11000000000E+09 -1.501966215E-01 -8.000205085E-02 -5.199845026E-02 -2.355717662E-02 -2.355740065E-01 +8.578249638E-02
2.12000000000E+09 -1.185442289E-01 +1.266433464E-01 -3.319651732E-02 +3.333266802E-02 -1.918769690E-01 +9.002681352E-02
2.13000000000E+09 +9.480469087E-02 +1.474174345E-01 +3.011214345E-02 +4.033213662E-02 -1.654127107E-01 +5.993501729E-02
2.14000000000E+09 +1.650446020E-01 -5.627021368E-02 +5.817561484E-02 -1.260475695E-02 -1.722841225E-01 +2.458999454E-02
2.15000000000E+09 -1.325005656E-02 -1.710777086E-01 +1.905613896E-02 -4.961064332E-02 -1.996401069E-01 +5.631392074E-03
2.16000000000E+09 -1.655062027E-01 -3.033371969E-02 -2.371050802E-02 -1.971718963E-02 -2.316056866E-01 +5.413878037E-03
2.17000000000E+09 -7.167940736E-02 +1.483670785E-01 -4.664974456E-03 +3.171968422E-02 -2.633361011E-01 +2.513466012E-02
2.18000000000E+09 +1.205301012E-01 +1.080004967E-01 +5.230584498E-02 +3.104018183E-02 -2.820318300E-01 +6.820945485E-02
2.19000000000E+09 +1.377033980E-01 -8.436792845E-02 +7.286614977E-02 -2.121585667E-02 -2.668060195E-01 +1.233579513E-01
2.20000000000E+09 -4.322793679E-02 -1.586386915E-01 +3.490704988E-02 -5.800064802E-02 -2.108289651E-01 +1.580554913E-01
2.21000000000E+09 -1.694326610E-01 +7.848759685E-04 -7.249358341E-03 -3.884413221E-02 -1.403302814E-01 +1.421319664E-01
2.22000000000E+09 -4.003394583E-02 +1.679817916E-01 -1.616391292E-03 -4.397463451E-03 -1.001562056E-01 +7.990900145E-02
2.23000000000E+09 +1.540997052E-01 +7.703768959E-02 +2.131273373E-02 -1.264795635E-02 -1.120652551E-01 +9.295238071E-03
2.24000000000E+09 +1.085348208E-01 -1.288302386E-01 -1.464353293E-03 -4.004962709E-02 -1.614182853E-01 -3.647736977E-02
2.25000000000E+09 -9.487910589E-02 -1.322803125E-01 -5.519129169E-02 -1.587698801E-02 -2.259524046E-01 -4.753806126E-02
2.26000000000E+09 -1.463983612E-01 +5.416841717E-02 -6.101232747E-02 +6.180818018E-02 -2.913300049E-01 -2.072601137E-02
2.27000000000E+09 +9.517592856E-03 +1.499617794E-01 +8.214767536E-03 +1.141206335E-01 -3.354431940E-01 +4.352027187E-02
2.28000000000E+09 +1.433114344E-01 +3.612527282E-02 +8.920341050E-02 +8.676515329E-02 -3.328737020E-01 +1.274072928E-01
2.29000000000E+09 +7.915599208E-02 -1.274810994E-01 +1.097068273E-01 +1.287984330E-02 -2.763006535E-01 +1.939897935E-01
2.30000000000E+09 -1.039626715E-01 -1.166459698E-01 +6.891137057E-02 -3.322824174E-02 -1.900528477E-01 +2.087477508E-01
2.31000000000E+09 -1.450664735E-01 +7.380664437E-02 +3.020293837E-02 -2.535349632E-02 -1.171364342E-01 +1.685777028E-01
2.32000000000E+09 +3.883331143E-02 +1.625135185E-01 +3.095455331E-02 -1.398308306E-02 -8.669066529E-02 +9.965819712E-02
2.33000000000E+09 +1.678435080E-01 -9.821828611E-04 +2.690044702E-02 -3.928215779E-02 -9.744442990E-02 +3.142037958E-02
2.34000000000E+09 +3.653097069E-02 -1.612262526E-01 -2.761857273E-02 -5.644047702E-02 -1.426962380E-01 -2.112088460E-02
2.35000000000E+09 -1.425203068E-01 -7.144396219E-02 -8.944203229E-02 -5.930605249E-03 -2.153170295E-01 -4.049003003E-02
2.36000000000E+09 -1.016761833E-01 +1.131298361E-01 -8.268488220E-02 +8.249949631E-02 -2.894403161E-01 -9.741143980E-03
2.37000000000E+09 +7.576816809E-02 +1.257465768E-01 -1.023910820E-02 +1.257048212E-01 -3.269296648E-01 +6.031611437E-02
2.38000000000E+09 +1.418042915E-01 -3.393698400E-02 +5.413573972E-02 +9.550762125E-02 -3.116541276E-01 +1.325302242E-01
2.39000000000E+09 +9.483084095E-03 -1.484077434E-01 +5.913053901E-02 +4.347768682E-02 -2.606201887E-01 +1.734681862E-01
2.40000000000E+09 -1.439071881E-01 -5.177271355E-02 +3.204314627E-02 +3.085345007E-02 -2.077332729E-01 +1.786345547E-01
2.41000000000E+09 -8.983302027E-02 +1.289089204E-01 +3.563176001E-02 +4.680054137E-02 -1.688439579E-01 +1.620659421E-01
2.42000000000E+09 +1.046175995E-01 +1.218752400E-01 +6.998328027E-02 +2.731413967E-02 -1.418180748E-01 +1.342559847E-01
2.43000000000E+09 +1.455464584E-01 -7.389474286E-02 +6.541638231E-02 -4.067676701E-02 -1.317236164E-01 +9.168246376E-02
2.44000000000E+09 -3.830571969E-02 -1.580787094E-01 -1.235240384E-02 -8.392425190E-02 -1.555681323E-01 +4.772270262E-02
2.45000000000E+09 -1.585778777E-01 -4.510857112E-04 -9.793905744E-02 -4.324374567E-02 -2.062988358E-01 +3.464653861E-02
2.46000000000E+09 -4.068559604E-02 +1.480975373E-01 -1.152350036E-01 +3.878141667E-02 -2.453459883E-01 +6.201321273E-02
2.47000000000E+09 +1.286559930E-01 +7.881328412E-02 -7.688886405E-02 +8.560627353E-02 -2.475991761E-01 +1.012695578E-01
2.48000000000E+09 +1.113171571E-01 -1.013840025E-01 -4.696430788E-02 +8.673594535E-02 -2.259103906E-01 +1.216099268E-01
2.49000000000E+09 -6.783776830E-02 -1.350383359E-01 -4.578485025E-02 +9.300482958E-02 -2.105232250E-01 +1.218735821E-01
2.50000000000E+09 -1.491966068E-01 +2.909638326E-02 -2.582656301E-02 +1.279684852E-01 -2.069137348E-01 +1.216685439E-01
2.51000000000E+09 -1.193898032E-02 +1.529490124E-01 +4.676492631E-02 +1.397170889E-01 -2.004950839E-01 +1.253599515E-01
2.52000000000E+09 +1.473612023E-01 +5.144973067E-02 +1.216253880E-01 +7.028959192E-02 -1.893516120E-01 +1.173705646E-01
2.53000000000E+09 +8.597592583E-02 -1.317396342E-01 +1.112305417E-01 -4.992507422E-02 -1.946755339E-01 +9.746963786E-02
2.54000000000E+09 -1.059664120E-01 -1.133958203E-01 +8.834794906E-03 -1.178999349E-01 -2.224946104E-01 +9.238862544E-02
2.55000000000E+09 -1.332481461E-01 +7.113240126E-02 -9.378106169E-02 -8.839089403E-02 -2.422782194E-01 +1.202778089E-01
2.56000000000E+09 +3.101952850E-02 +1.450879725E-01 -1.302730459E-01 -1.997997432E-02 -2.278923538E-01 +1.570406358E-01
2.57000000000E+09 +1.477615559E-01 +1.071625518E-02 -1.247147023E-01 +2.309190851E-02 -1.908043296E-01 +1.701643986E-01
2.58000000000E+09 +5.059854220E-02 -1.405372780E-01 -1.274471323E-01 +4.753694166E-02 -1.631248293E-01 +1.543502309E-01
2.59000000000E+09 -1.229353869E-01 -8.705634056E-02 -1.311879420E-01 +9.681407123E-02 -1.560055494E-01 +1.320971020E-01
2.60000000000E+09 -1.173748388E-01 +9.676252167E-02 -8.253912290E-02 +1.621054147E-01 -1.564370742E-01 +1.156593366E-01
2.61000000000E+09 +6.533830176E-02 +1.401554189E-01 +2.527683472E-02 +1.715319653E-01 -1.596127832E-01 +9.165453567E-02
2.62000000000E+09 +1.523607292E-01 -3.085213464E-02 +1.123409911E-01 +8.285183141E-02 -1.839471520E-01 +6.122847237E-02
2.63000000000E+09 +5.464545604E-03 -1.520715591E-01 +9.846102826E-02 -3.987283755E-02 -2.359474118E-01 +5.621421608E-02
2.64000000000E+09 -1.396876387E-01 -4.249139661E-02 +1.242240263E-02 -9.825100188E-02 -2.810789965E-01 +9.847045363E-02
2.65000000000E+09 -7.769188142E-02 +1.179718154E-01 -5.770823328E-02 -8.408753232E-02 -2.834971434E-01 +1.630198948E-01
2.66000000000E+09 +8.899426883E-02 +1.077132591E-01 -8.260587460E-02 -5.926455786E-02 -2.463383523E-01 +2.107445678E-01
2.67000000000E+09 +1.298461938E-01 -5.474175981E-02 -1.030335886E-01 -5.631705249E-02 -1.980786968E-01 +2.238416559E-01
2.68000000000E+09 -1.628475585E-02 -1.422004587E-01 -1.501878645E-01 -3.977742272E-02 -1.573727952E-01 +2.153064474E-01
2.69000000000E+09 -1.445250260E-01 -2.333734078E-02 -1.857621695E-01 +3.117938952E-02 -1.232102521E-01 +1.928113995E-01
2.70000000000E+09 -6.142906565E-02 +1.382805629E-01 -1.466658336E-01 +1.249462693E-01 -9.770242295E-02 +1.471211852E-01
2.71000000000E+09 +1.233141778E-01 +9.405657660E-02 -3.835752547E-02 +1.566774029E-01 -1.055883613E-01 +8.234679883E-02
2.72000000000E+09 +1.181798749E-01 -9.913867807E-02 +5.034304335E-02 +9.444735867E-02 -1.644273366E-01 +3.885432920E-02
2.73000000000E+09 -6.628624935E-02 -1.332044051E-01 +5.886839658E-02 +8.811984757E-03 -2.400924598E-01 +5.554335247E-02
2.74000000000E+09 -1.402438972E-01 +2.766222109E-02 +2.809343672E-02 -3.293669998E-02 -2.800904273E-01 +1.158176932E-01
2.75000000000E+09 -1.294877929E-02 +1.387556600E-01 +1.501635332E-02 -4.906737594E-02 -2.726152526E-01 +1.775571514E-01
2.76000000000E+09 +1.282404344E-01 +5.201261974E-02 +8.533711557E-03 -8.632788739E-02 -2.384380073E-01 +2.149574590E-01
2.77000000000E+09 +8.691623831E-02 -1.082864462E-01 -4.119251964E-02 -1.343604997E-01 -1.982889117E-01 +2.310000456E-01
2.78000000000E+09 -8.083185671E-02 -1.157833041E-01 -1.349768033E-01 -1.294623278E-01 -1.555501574E-01 +2.279609384E-01
2.79000000000E+09 -1.377380819E-01 +4.811270141E-02 -2.013539005E-01 -4.190181370E-02 -1.138234171E-01 +1.975106473E-01
2.80000000000E+09 +1.322953859E-02 +1.501806205E-01 -1.734748084E-01 +6.993301766E-02 -9.954929832E-02 +1.412345653E-01
2.81000000000E+09 +1.509254681E-01 +2.122566818E-02 -7.639790549E-02 +1.143133154E-01 -1.353048148E-01 +9.085775149E-02
2.82000000000E+09 +5.409629137E-02 -1.394315458E-01 -1.379553659E-03 +7.980445051E-02 -1.987810899E-01 +8.964045038E-02
2.83000000000E+09 -1.177072599E-01 -8.508445479E-02 +1.856930492E-02 +3.622592200E-02 -2.388656987E-01 +1.327243756E-01
2.84000000000E+09 -1.115645718E-01 +8.809018440E-02 +2.978148164E-02 +1.851643266E-02 -2.352164022E-01 +1.834528797E-01
2.85000000000E+09 +5.329077455E-02 +1.308687107E-01 +6.096432385E-02 -9.963627791E-03 -2.037140900E-01 +2.126302272E-01
2.86000000000E+09 +1.409537023E-01 -1.530405131E-02 +7.201431330E-02 -8.033732669E-02 -1.670966996E-01 +2.190047340E-01
2.87000000000E+09 +2.335408922E-02 -1.417316125E-01 +1.400165665E-02 -1.513337358E-01 -1.328348582E-01 +2.038560923E-01
2.88000000000E+09 -1.336374026E-01 -6.040820871E-02 -8.766101624E-02 -1.498192158E-01 -1.090894237E-01 +1.678587943E-01
2.89000000000E+09 -9.197530593E-02 +1.169911183E-01 -1.461796882E-01 -6.821721287E-02 -1.171280509E-01 +1.180876724E-01
2.90000000000E+09 +9.219981519E-02 +1.154006651E-01 -1.181141848E-01 +1.372983200E-02 -1.673684810E-01 +8.690743621E-02
2.91000000000E+09 +1.298207576E-01 -6.011414071E-02 -6.033712668E-02 +3.116035984E-02 -2.331620621E-01 +1.057101973E-01
2.92000000000E+09 -2.254140138E-02 -1.360102006E-01 -3.955871805E-02 +1.562567948E-02 -2.657871002E-01 +1.652394624E-01
2.93000000000E+09 -1.335568264E-01 -1.685067733E-02 -4.108264746E-02 +2.600059422E-02 -2.512441055E-01 +2.288500076E-01
2.94000000000E+09 -5.475093714E-02 +1.226443405E-01 -1.026500695E-02 +5.618819054E-02 -2.018263275E-01 +2.687462235E-01
2.95000000000E+09 +1.033967982E-01 +8.847964033E-02 +5.698037448E-02 +4.773143180E-02 -1.409648491E-01 +2.765708036E-01
2.96000000000E+09 +1.161988602E-01 -7.764458400E-02 +9.783008815E-02 -2.273324100E-02 -8.347729387E-02 +2.499646214E-01
2.97000000000E+09 -4.704755918E-02 -1.362178879E-01 +6.316563248E-02 -9.888081641E-02 -4.722042359E-02 +1.901104329E-01
2.98000000000E+09 -1.463421648E-01 +1.476848199E-02 -1.087312027E-02 -1.104465361E-01 -5.769434560E-02 +1.127806363E-01
2.99000000000E+09 -1.759717447E-02 +1.450247279E-01 -4.668070241E-02 -6.777883375E-02 -1.243006286E-01 +6.023661110E-02
3.00000000000E+09 +1.292077236E-01 +5.658892943E-02 -3.289157455E-02 -4.397235966E-02 -2.110204712E-01 +6.647242622E-02
3.01000000000E+09 +8.484665922E-02 -1.047441659E-01 -3.425898411E-02 -5.259342591E-02 -2.683103861E-01 +1.242074659E-01
3.02000000000E+09 -7.328722539E-02 -1.072266827E-01 -7.183032055E-02 -4.390272681E-02 -2.779669144E-01 +1.970648886E-01
3.03000000000E+09 -1.218403215E-01 +3.766251294E-02 -9.627251746E-02 +1.776059840E-02 -2.481057342E-01 +2.594491120E-01
3.04000000000E+09 -2.397552604E-05 +1.271908906E-01 -5.302846269E-02 +9.103658912E-02 -1.947149333E-01 +3.002194918E-01
3.05000000000E+09 +1.240376836E-01 +3.721792263E-02 +3.847713107E-02 +1.028622956E-01 -1.269411986E-01 +3.092541468E-01
3.06000000000E+09 +7.184506627E-02 -1.132160591E-01 +9.956185648E-02 +3.961761293E-02 -6.174125359E-02 +2.764507344E-01
3.07000000000E+09 -9.632334459E-02 -1.010307700E-01 +8.484008912E-02 -3.242113551E-02 -2.969745956E-02 +2.074229905E-01
3.08000000000E+09 -1.225852058E-01 +7.348569556E-02 +3.751239491E-02 -4.963739777E-02 -5.210731313E-02 +1.359129970E-01
3.09000000000E+09 +4.547275017E-02 +1.350590748E-01 +2.236170416E-02 -3.486271493E-02 -1.107490906E-01 +1.018584436E-01
3.10000000000E+09 +1.391315200E-01 -1.286403279E-02 +2.643041133E-02 -4.618758434E-02 -1.662867452E-01 +1.106967511E-01
3.11000000000E+09 +2.101248430E-02 -1.346199639E-01 -5.838030850E-03 -7.298407238E-02 -1.996487994E-01 +1.414685773E-01
3.12000000000E+09 -1.215393759E-01 -5.397140227E-02 -6.905200516E-02 -5.425169438E-02 -2.134384366E-01 +1.803543126E-01
3.13000000000E+09 -8.296822037E-02 +9.993316486E-02 -9.544098081E-02 +2.064721991E-02 -2.100068259E-01 +2.228338980E-01
3.14000000000E+09 +7.151030757E-02 +1.067223175E-01 -5.037454965E-02 +8.655948946E-02 -1.832772630E-01 +2.584369168E-01
3.15000000000E+09 +1.234330412E-01 -3.838834419E-02 +1.872170012E-02 +8.637708242E-02 -1.404577280E-01 +2.689192612E-01
3.16000000000E+09 -3.446184906E-03 -1.318774690E-01 +4.266733286E-02 +4.106489298E-02 -1.051860408E-01 +2.492563187E-01
3.17000000000E+09 -1.302167634E-01 -3.117974796E-02 +1.743430226E-02 +1.992510645E-02 -9.629081852E-02 +2.205400045E-01
3.18000000000E+09 -6.327207897E-02 +1.186439208E-01 +5.840428955E-03 +4.429141248E-02 -1.051317140E-01 +2.059425948E-01
3.19000000000E+09 +9.832309371E-02 +9.191912053E-02 +4.096893819E-02 +5.856496106E-02 -1.087194174E-01 +2.032532012E-01
3.20000000000E+09 +1.145978439E-01 -7.167822633E-02 +7.505332650E-02 +1.791398130E-02 -1.063942589E-01 +1.960715800E-01
3.21000000000E+09 -4.074855049E-02 -1.292368721E-01 +4.939654751E-02 -4.175496998E-02 -1.146067039E-01 +1.843653886E-01
3.22000000000E+09 -1.340405593E-01 +7.460614572E-03 -1.849244234E-02 -5.099562085E-02 -1.336951167E-01 +1.851990166E-01
3.23000000000E+09 -2.677228033E-02 +1.295969460E-01 -5.805462672E-02 -5.821119219E-03 -1.434215650E-01 +2.013155115E-01
3.24000000000E+09 +1.166246488E-01 +5.946079107E-02 -4.710897961E-02 +3.262357904E-02 -1.344502464E-01 +2.136789975E-01
3.25000000000E+09 +8.784831117E-02 -9.657812289E-02 -3.394200652E-02 +3.189692207E-02 -1.244374724E-01 +2.098976001E-01
3.26000000000E+09 -6.990491873E-02 -1.089246417E-01 -5.630558039E-02 +3.164865387E-02 -1.307899098E-01 +2.044955985E-01
3.27000000000E+09 -1.218836500E-01 +3.821250561E-02 -7.840252886E-02 +7.697292417E-02 -1.423357707E-01 +2.160955963E-01
3.28000000000E+09 +2.803926565E-03 +1.265205992E-01 -4.199110469E-02 +1.394576442E-01 -1.367285559E-01 +2.377993052E-01
3.29000000000E+09 +1.231387798E-01 +3.254073554E-02 +4.474210495E-02 +1.472110375E-01 -1.158713604E-01 +2.475907274E-01
3.30000000000E+09 +6.497520490E-02 -1.118863095E-01 +1.064916279E-01 +7.613030132E-02 -1.015643454E-01 +2.394634714E-01
3.31000000000E+09 -9.286574563E-02 -9.155931529E-02 +8.702158991E-02 -1.316904262E-02 -1.031004124E-01 +2.321908053E-01
3.32000000000E+09 -1.118246374E-01 +6.667666928E-02 +1.882358004E-02 -4.806457038E-02 -1.001772616E-01 +2.376996506E-01
3.33000000000E+09 +3.527302117E-02 +1.247799885E-01 -2.992656663E-02 -3.349408473E-02 -8.024660644E-02 +2.407603833E-01
3.34000000000E+09 +1.300094300E-01 -1.738653573E-03 -5.012369036E-02 -2.171740069E-02 -6.005453634E-02 +2.208561029E-01
3.35000000000E+09 +3.103336930E-02 -1.260083797E-01 -8.357185980E-02 -2.168592561E-02 -6.494591012E-02 +1.903325886E-01
3.36000000000E+09 -1.130163032E-01 -6.130354063E-02 -1.372863334E-01 +1.202116177E-02 -9.199978663E-02 +1.767047240E-01
3.37000000000E+09 -8.790228277E-02 +9.141219195E-02 -1.552854110E-01 +9.692990952E-02 -1.141217303E-01 +1.860406246E-01
3.38000000000E+09 +6.414104050E-02 +1.086840836E-01 -9.463400263E-02 +1.766190059E-01 -1.238582300E-01 +2.005071634E-01
3.39000000000E+09 +1.220837091E-01 -3.335829637E-02 +8.629668756E-03 +1.804242809E-01 -1.329324157E-01 +2.099059527E-01
3.40000000000E+09 -1.287707858E-03 -1.260924047E-01 +7.189031443E-02 +1.084618460E-01 -1.460490959E-01 +2.285215239E-01
3.41000000000E+09 -1.206008336E-01 -3.116341245E-02 +6.235614314E-02 +3.204787055E-02 -1.412588615E-01 +2.642801188E-01
3.42000000000E+09 -6.221881074E-02 +1.065060845E-01 +2.609519161E-02 -1.455202447E-03 -1.043934444E-01 +2.978388717E-01
3.43000000000E+09 +8.557813387E-02 +8.970847651E-02 +6.670096392E-03 -1.703280083E-02 -5.036639497E-02 +2.967747047E-01
3.44000000000E+09 +1.106870029E-01 -5.927267883E-02 -1.503871620E-02 -5.072647496E-02 -1.271444019E-02 +2.606740076E-01
3.45000000000E+09 -2.932871479E-02 -1.235968164E-01 -7.898319745E-02 -8.010407203E-02 -8.779166846E-03 +2.130788265E-01
3.46000000000E+09 -1.272320798E-01 -2.978067579E-03 -1.664746373E-01 -4.828812102E-02 -2.755851589E-02 +1.798341532E-01
3.47000000000E+09 -3.499652185E-02 +1.224483545E-01 -2.053984216E-01 +4.756847576E-02 -5.748627687E-02 +1.603054298E-01
3.48000000000E+09 +1.097364587E-01 +6.454605343E-02 -1.597904087E-01 +1.378894710E-01 -9.733988931E-02 +1.527387643E-01
3.49000000000E+09 +8.857909804E-02 -8.957679733E-02 -7.526122638E-02 +1.602705502E-01 -1.414046337E-01 +1.717901960E-01
3.50000000000E+09 -6.272451851E-02 -1.061945715E-01 -1.892817910E-02 +1.290097759E-01 -1.642559299E-01 +2.239874506E-01
3.51000000000E+09 -1.170358559E-01 +3.091544789E-02 +3.314805519E-03 +9.723204535E-02 -1.436273389E-01 +2.867266719E-01
3.52000000000E+09 -3.536710634E-03 +1.205837821E-01 +2.927715371E-02 +7.286610763E-02 -8.773465576E-02 +3.189054636E-01
3.53000000000E+09 +1.160796708E-01 +3.719329096E-02 +6.170625552E-02 +1.846104816E-02 -2.942752982E-02 +3.080348132E-01
3.54000000000E+09 +6.760118559E-02 -1.039001800E-01 +4.965421144E-02 -7.454683827E-02 +5.921965796E-03 +2.670964962E-01
3.55000000000E+09 -8.406141987E-02 -9.304549751E-02 -4.036384550E-02 -1.455670028E-01 +1.299550816E-02 +2.217120291E-01
3.56000000000E+09 -1.122062704E-01 +5.845381849E-02 -1.606152047E-01 -1.284746667E-01 -4.436855990E-03 +1.815210572E-01
3.57000000000E+09 +2.878143711E-02 +1.238589963E-01 -2.268144211E-01 -3.536459021E-02 -4.051939299E-02 +1.543372495E-01
3.58000000000E+09 +1.265920087E-01 +2.281341651E-03 -2.111844550E-01 +5.879769168E-02 -8.937594781E-02 +1.559872525E-01
3.59000000000E+09 +3.317997023E-02 -1.202206676E-01 -1.594065852E-01 +1.060416554E-01 -1.256909438E-01 +1.944617395E-01
3.60000000000E+09 -1.056797035E-01 -6.273271243E-02 -1.134632118E-01 +1.256250007E-01 -1.249724404E-01 +2.518035816E-01
3.61000000000E+09 -8.898499666E-02 +8.374494393E-02 -5.970008244E-02 +1.428019687E-01 -8.562493493E-02 +2.922579291E-01
3.62000000000E+09 +5.665222965E-02 +1.091606371E-01 +2.368239416E-02 +1.316603919E-01 -3.602505181E-02 +2.947820294E-01
3.63000000000E+09 +1.220546709E-01 -2.654836008E-02 +1.017975520E-01 +5.020638561E-02 +3.298161892E-04 +2.631091501E-01
3.64000000000E+09 +5.056160947E-03 -1.263805125E-01 +1.021885303E-01 -8.133916440E-02 +9.848220929E-03 +2.227072402E-01
3.65000000000E+09 -1.220975190E-01 -3.622706619E-02 +6.367794382E-03 -1.763278651E-01 -5.429741086E-03 +1.873560374E-01
3.66000000000E+09 -6.490755548E-02 +1.093548628E-01 -1.164989262E-01 -1.751557561E-01 -3.740902640E-02 +1.683366891E-01
3.67000000000E+09 +8.928999171E-02 +8.864235930E-02 -1.883006493E-01 -1.070598925E-01 -7.605515800E-02 +1.746363368E-01
3.68000000000E+09 +1.061769195E-01 -6.316427990E-02 -2.023284760E-01 -3.784848898E-02 -1.020847368E-01 +2.093757104E-01
3.69000000000E+09 -3.236733258E-02 -1.172250469E-01 -1.985440004E-01 +1.460647683E-02 -9.792299379E-02 +2.575071915E-01
3.70000000000E+09 -1.203730245E-01 -1.378184190E-03 -1.838538901E-01 +7.618767762E-02 -6.395849633E-02 +2.926670177E-01
3.71000000000E+09 -3.450344881E-02 +1.158036347E-01 -1.226239834E-01 +1.438032291E-01 -1.779439786E-02 +2.955077001E-01
3.72000000000E+09 +1.041080447E-01 +6.522127540E-02 -5.496500272E-03 +1.614504706E-01 +2.197747449E-02 +2.659376744E-01
3.73000000000E+09 +9.128271556E-02 -8.563164593E-02 +1.059422788E-01 +8.442426890E-02 +3.776630544E-02 +2.233271914E-01
3.74000000000E+09 -6.159034643E-02 -1.111207444E-01 +1.317523572E-01 -5.014942528E-02 +2.575935179E-02 +1.826851350E-01
3.75000000000E+09 -1.230562189E-01 +3.331685996E-02 +6.514009263E-02 -1.529440601E-01 -7.710250019E-03 +1.583634352E-01
3.76000000000E+09 +3.128341922E-03 +1.264475521E-01 -2.686708648E-02 -1.808721601E-01 -4.873216135E-02 +1.597163004E-01
3.77000000000E+09 +1.214593577E-01 +2.737289932E-02 -9.344683492E-02 -1.656939707E-01 -7.892631035E-02 +1.882381201E-01
3.78000000000E+09 +5.670719542E-02 -1.082948010E-01 -1.457516428E-01 -1.415051090E-01 -8.540159490E-02 +2.300114230E-01
3.79000000000E+09 -8.745569459E-02 -8.224416881E-02 -2.010345889E-01 -9.187717748E-02 -6.793664479E-02 +2.664653145E-01
3.80000000000E+09 -1.020740474E-01 +6.123072610E-02 -2.259668615E-01 +6.055355980E-03 -3.564858742E-02 +2.800521003E-01
3.81000000000E+09 +3.107221962E-02 +1.152958392E-01 -1.698351228E-01 +1.171779861E-01 +2.310772136E-03 +2.734855058E-01
3.82000000000E+09 +1.206221539E-01 +1.020353142E-03 -4.062374035E-02 +1.637462226E-01 +3.084897412E-02 +2.515757815E-01
3.83000000000E+09 +3.289639573E-02 -1.179480362E-01 +8.368350601E-02 +1.086170965E-01 +4.060338350E-02 +2.203260499E-01
3.84000000000E+09 -1.071934038E-01 -6.227509866E-02 +1.316792412E-01 -1.171491371E-03 +3.048002735E-02 +1.907432114E-01
3.85000000000E+09 -8.725178309E-02 +8.933100413E-02 +1.081730439E-01 -9.115064055E-02 +8.563954890E-03 +1.745227770E-01
3.86000000000E+09 +6.529278653E-02 +1.064316638E-01 +6.410906954E-02 -1.405612746E-01 -1.529772254E-02 +1.764575503E-01
3.87000000000E+09 +1.185643602E-01 -3.657541090E-02 +1.721621422E-02 -1.756869061E-01 -3.273698605E-02 +1.887934390E-01
3.88000000000E+09 -5.528820620E-03 -1.223496972E-01 -5.544402831E-02 -1.969707530E-01 -4.264538852E-02 +2.043879778E-01
3.89000000000E+09 -1.180682513E-01 -2.541217547E-02 -1.489671243E-01 -1.628662777E-01 -4.269998888E-02 +2.189060787E-01
3.90000000000E+09 -5.472476797E-02 +1.057304438E-01 -2.030460582E-01 -5.794752283E-02 -3.048661675E-02 +2.358521269E-01
3.91000000000E+09 +8.631470386E-02 +8.014515618E-02 -1.667180442E-01 +6.222845977E-02 -1.122901067E-02 +2.470130300E-01
3.92000000000E+09 +1.002417958E-01 -6.146232439E-02 -6.293823950E-02 +1.214754327E-01 +9.925907558E-03 +2.450837687E-01
3.93000000000E+09 -3.277137462E-02 -1.136664721E-01 +3.570171721E-02 +1.016524444E-01 +2.391735926E-02 +2.320420199E-01
3.94000000000E+09 -1.194548130E-01 +2.006896913E-03 +8.630207914E-02 +4.860954009E-02 +2.930333336E-02 +2.160722515E-01
3.95000000000E+09 -2.892156182E-02 +1.170067179E-01 +1.074238371E-01 +3.728365731E-03 +2.841555387E-02 +2.028652062E-01
3.96000000000E+09 +1.067756023E-01 +5.785744955E-02 +1.259903949E-01 -4.329416943E-02 +2.151837366E-02 +1.904123347E-01
3.97000000000E+09 +8.258626067E-02 -8.945256872E-02 +1.219798700E-01 -1.144273305E-01 +8.153615272E-03 +1.792285840E-01
3.98000000000E+09 -6.640610145E-02 -1.014864713E-01 +5.838497386E-02 -1.806716644E-01 -9.740553138E-03 +1.788522372E-01
3.99000000000E+09 -1.131597566E-01 +3.853236465E-02 -4.631167875E-02 -1.817507751E-01 -2.114968222E-02 +1.962804141E-01
4.00000000000E+09 +8.106243644E-03 +1.171139388E-01 -1.213609179E-01 -1.061109123E-01 -1.719448715E-02 +2.191680064E-01
4.01000000000E+09 +1.137344478E-01 +2.315899466E-02 -1.236209878E-01 -9.629169489E-03 +6.543096314E-04 +2.316139074E-01
4.02000000000E+09 +5.290608526E-02 -1.030005977E-01 -7.814433845E-02 +5.167889333E-02 +1.970897157E-02 +2.269748364E-01
4.03000000000E+09 -8.543848626E-02 -7.901163638E-02 -3.141134400E-02 +7.709196142E-02 +3.241704648E-02 +2.113810214E-01
4.04000000000E+09 -9.946107484E-02 +6.220163461E-02 +9.456937805E-03 +9.663010110E-02 +3.302959318E-02 +1.939812145E-01
4.05000000000E+09 +3.493781101E-02 +1.131206700E-01 +7.018241816E-02 +1.096313003E-01 +2.453340305E-02 +1.791061446E-01
4.06000000000E+09 +1.189283914E-01 -5.548994159E-03 +1.474812845E-01 +7.785527643E-02 +8.176695074E-03 +1.700799388E-01
4.07000000000E+09 +2.380738717E-02 -1.164374091E-01 +1.876081327E-01 -1.172745073E-02 -1.105377304E-02 +1.768577616E-01
4.08000000000E+09 -1.055118430E-01 -5.121531311E-02 +1.482667649E-01 -1.067451935E-01 -2.199086444E-02 +2.015149578E-01
4.09000000000E+09 -7.515138648E-02 +8.764316143E-02 +5.743301405E-02 -1.423830373E-01 -1.208632583E-02 +2.304613148E-01
4.10000000000E+09 +6.373037271E-02 +9.480574017E-02 -2.025884440E-02 -1.128891135E-01 +1.663299757E-02 +2.426495800E-01
4.11000000000E+09 +1.082963252E-01 -3.578515122E-02 -5.767018287E-02 -6.183356713E-02 +4.842251458E-02 +2.274188710E-01
4.12000000000E+09 -5.961692325E-03 -1.148971557E-01 -7.583305107E-02 -1.617078427E-02 +6.344071956E-02 +1.932447562E-01
4.13000000000E+09 -1.139098690E-01 -2.353728121E-02 -8.995937805E-02 +3.927434684E-02 +5.132933323E-02 +1.584650957E-01
4.14000000000E+09 -5.109915820E-02 +1.055179770E-01 -7.370295038E-02 +1.166918785E-01 +1.817141924E-02 +1.388703425E-01
4.15000000000E+09 +8.994536740E-02 +7.470139962E-02 +1.576065423E-03 +1.786915767E-01 -2.148079095E-02 +1.459697987E-01
4.16000000000E+09 +9.280712362E-02 -6.827576968E-02 +1.062837120E-01 +1.699517941E-01 -4.948522461E-02 +1.810827951E-01
4.17000000000E+09 -4.208953453E-02 -1.043265590E-01 +1.698058949E-01 +9.104023804E-02 -5.011113286E-02 +2.336369756E-01
4.18000000000E+09 -1.093796436E-01 +1.290834209E-02 +1.591875673E-01 +2.851748031E-03 -1.659397822E-02 +2.798102632E-01
4.19000000000E+09 -1.770196207E-02 +1.070803765E-01 +1.062313656E-01 -4.447381998E-02 +4.392963301E-02 +2.942583136E-01
4.20000000000E+09 +9.810347654E-02 +4.703215111E-02 +5.495541549E-02 -5.512075554E-02 +1.086212970E-01 +2.639662275E-01
4.21000000000E+09 +7.329706323E-02 -8.323957594E-02 +1.074339119E-02 -5.605773351E-02 +1.453210684E-01 +1.977073247E-01
4.22000000000E+09 -6.362905160E-02 -9.437821782E-02 -4.536794557E-02 -4.555404040E-02 +1.301204993E-01 +1.188486378E-01
4.23000000000E+09 -1.086484952E-01 +4.035067792E-02 -1.044270908E-01 +5.317884778E-03 +6.407193599E-02 +6.410776196E-02
4.24000000000E+09 +1.478290103E-02 +1.145859571E-01 -1.198647642E-01 +9.618976937E-02 -2.235942624E-02 +6.545742341E-02
4.25000000000E+09 +1.121180972E-01 +1.169983117E-02 -6.774953312E-02 +1.737291352E-01 -8.784241951E-02 +1.242719596E-01
4.26000000000E+09 +3.753837516E-02 -1.019871354E-01 +1.322260234E-02 +1.902964140E-01 -1.024339936E-01 +2.123445757E-01
4.27000000000E+09 -8.499082960E-02 -6.162317495E-02 +6.873831222E-02 +1.569721145E-01 -6.096149718E-02 +2.896043351E-01
4.28000000000E+09 -8.146094321E-02 +6.209909740E-02 +8.747113896E-02 +1.153670905E-01 +2.154901326E-02 +3.252046349E-01
4.29000000000E+09 +3.558639335E-02 +9.618271012E-02 +9.282860276E-02 +8.215792118E-02 +1.153146355E-01 +3.043647814E-01
4.30000000000E+09 +1.049421034E-01 -6.735297635E-03 +9.499528512E-02 +4.151634883E-02 +1.822175856E-01 +2.286331555E-01
4.31000000000E+09 +2.185539619E-02 -1.071426552E-01 +7.144468449E-02 -1.436314081E-02 +1.859904586E-01 +1.220532575E-01
4.32000000000E+09 -1.024298832E-01 -4.802747917E-02 +1.712599801E-03 -5.392124558E-02 +1.151335016E-01 +3.058110878E-02
4.33000000000E+09 -6.955867424E-02 +9.049769675E-02 -8.633420818E-02 -3.472770462E-02 -1.975056740E-04 +7.888086621E-03
4.34000000000E+09 +7.153093340E-02 +8.566409089E-02 -1.356173369E-01 +3.532192568E-02 -1.004513929E-01 +6.946969735E-02
4.35000000000E+09 +9.605553266E-02 -4.693668645E-02 -1.295748238E-01 +1.042508122E-01 -1.377477486E-01 +1.777066023E-01
4.36000000000E+09 -1.836338026E-02 -1.003824254E-01 -9.998733642E-02 +1.428907330E-01 -1.004251572E-01 +2.790030700E-01
4.37000000000E+09 -9.786481078E-02 -1.127093783E-02 -7.158508616E-02 +1.641513491E-01 -9.958874483E-03 +3.363893810E-01
4.38000000000E+09 -4.019909560E-02 +8.928245336E-02 -3.591323171E-02 +1.821705267E-01 +9.863673496E-02 +3.324418593E-01
4.39000000000E+09 +7.458312424E-02 +6.664199117E-02 +2.036582439E-02 +1.816641885E-01 +1.883241928E-01 +2.642970310E-01
4.40000000000E+09 +8.856537682E-02 -5.556302855E-02 +7.921103035E-02 +1.351708055E-01 +2.172967216E-01 +1.505473049E-01
4.41000000000E+09 -3.368683906E-02 -1.046293348E-01 +9.500405988E-02 +4.633965085E-02 +1.625442911E-01 +3.337149314E-02
4.42000000000E+09 -1.127585233E-01 +1.057094897E-02 +4.364330468E-02 -3.468449143E-02 +4.194110527E-02 -2.084539681E-02
4.43000000000E+09 -1.317364778E-02 +1.118695250E-01 -4.079040665E-02 -6.053157699E-02 -8.205903518E-02 +2.290932725E-02
4.44000000000E+09 +1.023200928E-01 +3.667787700E-02 -1.080142389E-01 -3.914768121E-02 -1.441475697E-01 +1.326188973E-01
4.45000000000E+09 +5.874718140E-02 -8.536987326E-02 -1.490282540E-01 -4.039126502E-03 -1.240955615E-01 +2.460915449E-01
4.46000000000E+09 -6.283818841E-02 -7.712925730E-02 -1.784618521E-01 +3.818966506E-02 -4.148128142E-02 +3.202160571E-01
4.47000000000E+09 -9.096044234E-02 +3.625296554E-02 -1.900148475E-01 +9.903274759E-02 +6.577404706E-02 +3.348293372E-01
4.48000000000E+09 +6.983795258E-03 +9.852649536E-02 -1.579980935E-01 +1.682843839E-01 +1.629941194E-01 +2.869551406E-01
4.49000000000E+09 +1.000625466E-01 +2.245190834E-02 -7.586001537E-02 +2.052551624E-01 +2.111077179E-01 +1.862118634E-01
4.50000000000E+09 +5.039297301E-02 -9.550246415E-02 +1.924480113E-02 +1.736307516E-01 +1.837618450E-01 +6.792759768E-02
4.51000000000E+09 -8.481454393E-02 -7.397361881E-02 +6.951890830E-02 +8.436615845E-02 +8.567736262E-02 -5.199049328E-03
4.52000000000E+09 -9.156010793E-02 +6.803069024E-02 +5.348063605E-02 -7.785771369E-03 -3.215180656E-02 +1.010458126E-02
4.53000000000E+09 +4.560301240E-02 +1.025542909E-01 +1.957581024E-03 -6.497226911E-02 -1.056506773E-01 +9.530331455E-02
4.54000000000E+09 +1.069199386E-01 -1.890448998E-02 -5.556352578E-02 -9.357081674E-02 -1.055689008E-01 +1.941827232E-01
4.55000000000E+09 +9.472559160E-03 -1.045926994E-01 -1.200677554E-01 -1.024248880E-01 -4.797088541E-02 +2.661219592E-01
4.56000000000E+09 -9.587999684E-02 -3.773479419E-02 -1.901035675E-01 -7.619790000E-02 +3.531015007E-02 +2.899493987E-01
4.57000000000E+09 -6.343640801E-02 +8.093721245E-02 -2.348596288E-01 -4.409591523E-03 +1.137528163E-01 +2.617130022E-01
4.58000000000E+09 +6.147042852E-02 +8.536905394E-02 -2.184190793E-01 +8.556120535E-02 +1.562268574E-01 +1.878816400E-01
4.59000000000E+09 +1.019197156E-01 -3.827089575E-02 -1.421229173E-01 +1.405501135E-01 +1.424576164E-01 +9.704993913E-02
4.60000000000E+09 -1.349292357E-02 -1.112297834E-01 -5.290077595E-02 +1.296169197E-01 +7.121507779E-02 +4.111002044E-02
4.61000000000E+09 -1.125525481E-01 -1.171870934E-02 +1.563342777E-03 +7.482727622E-02 -1.524354035E-02 +5.449669701E-02
4.62000000000E+09 -3.655092471E-02 +1.057443516E-01 +1.931115507E-02 +1.677717341E-02 -6.599834983E-02 +1.197277576E-01
4.63000000000E+09 +9.157811282E-02 +5.967568984E-02 +2.198185774E-02 -3.592407894E-02 -5.825140763E-02 +1.923037430E-01
4.64000000000E+09 +7.934011659E-02 -7.155342247E-02 +7.604674854E-03 -9.411436021E-02 -1.006526273E-02 +2.373044365E-01
4.65000000000E+09 -4.701845288E-02 -9.418614687E-02 -4.185188294E-02 -1.447957209E-01 +5.164383050E-02 +2.450780381E-01
4.66000000000E+09 -1.029665971E-01 +1.974703442E-02 -1.181566726E-01 -1.534002098E-01 +1.014051972E-01 +2.151037095E-01
4.67000000000E+09 -8.546082979E-03 +1.055929958E-01 -1.789418563E-01 -1.069379281E-01 +1.232290300E-01 +1.538707241E-01
4.68000000000E+09 +1.012679948E-01 +3.598138360E-02 -1.882898313E-01 -3.642138092E-02 +1.027316657E-01 +8.830029058E-02
4.69000000000E+09 +5.994874891E-02 -9.058594800E-02 -1.536091576E-01 +1.392849209E-02 +4.028850323E-02 +5.496298070E-02
4.70000000000E+09 -7.378606215E-02 -7.951133482E-02 -1.098780071E-01 +3.280427441E-02 -2.998402448E-02 +7.820699245E-02
4.71000000000E+09 -9.354019135E-02 +5.157893462E-02 -7.103257670E-02 +4.023991658E-02 -6.586332952E-02 +1.407173347E-01
4.72000000000E+09 +2.558745231E-02 +1.015160710E-01 -2.261207763E-02 +4.187338296E-02 -5.002666716E-02 +2.035565065E-01
4.73000000000E+09 +1.029877187E-01 +2.081801035E-03 +3.682364729E-02 +1.581652675E-02 -3.999153744E-04 +2.400846593E-01
4.74000000000E+09 +2.950460172E-02 -9.782346479E-02 +7.577180140E-02 -4.930965666E-02 +5.681216947E-02 +2.420415140E-01
4.75000000000E+09 -8.629225598E-02 -5.473178319E-02 +6.369253257E-02 -1.249609243E-01 +1.027513804E-01 +2.100720791E-01
4.76000000000E+09 -7.641612318E-02 +6.914971082E-02 +1.048617249E-02 -1.673992402E-01 +1.236916114E-01 +1.522303834E-01
4.77000000000E+09 +4.758929087E-02 +9.246721749E-02 -4.363273122E-02 -1.634944178E-01 +1.070262797E-01 +9.064337175E-02
4.78000000000E+09 +1.021427911E-01 -2.358139025E-02 -7.354665099E-02 -1.371444928E-01 +5.187193630E-02 +5.516437491E-02
4.79000000000E+09 +1.834080942E-03 -1.046210655E-01 -8.854435976E-02 -1.097542251E-01 -1.574363039E-02 +6.609840064E-02
4.80000000000E+09 -9.964623645E-02 -2.722990244E-02 -9.963242131E-02 -7.384542133E-02 -6.017545091E-02 +1.150491321E-01
4.81000000000E+09 -5.055217636E-02 +8.813160049E-02 -9.107429297E-02 -1.871649473E-02 -6.322612141E-02 +1.723635826E-01
4.82000000000E+09 +7.091313884E-02 +7.055674227E-02 -4.015685686E-02 +3.282277083E-02 -3.321333636E-02 +2.182686006E-01
4.83000000000E+09 +8.575527193E-02 -4.912954857E-02 +4.000978711E-02 +4.218457287E-02 +1.261248612E-02 +2.418755346E-01
4.84000000000E+09 -2.417817634E-02 -9.526853733E-02 +1.052539238E-01 +6.242779830E-04 +6.341503373E-02 +2.355079684E-01
4.85000000000E+09 -9.832786353E-02 -2.529428798E-03 +1.266708579E-01 -5.967929865E-02 +1.076265361E-01 +1.991433021E-01
4.86000000000E+09 -2.849907455E-02 +9.479360409E-02 +1.154238891E-01 -1.042798941E-01 +1.226218536E-01 +1.436871693E-01
4.87000000000E+09 +8.536505937E-02 +5.237415309E-02 +9.701636785E-02 -1.301580355E-01 +9.766830224E-02 +9.176500583E-02
4.88000000000E+09 +7.233189310E-02 -6.998220845E-02 +7.427527449E-02 -1.519620423E-01 +4.439683939E-02 +6.659217556E-02
4.89000000000E+09 -5.006658059E-02 -8.718323367E-02 +3.284216895E-02 -1.645661360E-01 -8.240377656E-03 +7.436985491E-02
4.90000000000E+09 -9.639790394E-02 +2.662882962E-02 -2.094769618E-02 -1.428903419E-01 -4.173076592E-02 +1.041013496E-01
4.91000000000E+09 +1.574680463E-03 +9.893564086E-02 -5.197722281E-02 -8.074373448E-02 -5.462131385E-02 +1.481887682E-01
4.92000000000E+09 +9.486637252E-02 +2.331465283E-02 -3.475004393E-02 -1.006225756E-02 -4.528157147E-02 +1.961419340E-01
4.93000000000E+09 +4.674707680E-02 -8.438605003E-02 +1.593189712E-02 +3.208670505E-02 -8.585301188E-03 +2.295709178E-01
4.94000000000E+09 -6.809506813E-02 -6.715157194E-02 +6.699090686E-02 +4.144855622E-02 +4.620662563E-02 +2.328327682E-01
4.95000000000E+09 -8.291191863E-02 +4.759283051E-02 +1.065763332E-01 +3.744983809E-02 +9.127422778E-02 +2.012663736E-01
4.96000000000E+09 +2.416990405E-02 +9.317805255E-02 +1.453939403E-01 +2.661975996E-02 +1.026733728E-01 +1.499663724E-01
4.97000000000E+09 +9.674077425E-02 +4.622792718E-04 +1.830296718E-01 -5.946230880E-03 +7.812747646E-02 +1.016793070E-01
4.98000000000E+09 +2.485284434E-02 -9.401712265E-02 +1.933496001E-01 -6.419185559E-02 +3.310507553E-02 +7.506870233E-02
4.99000000000E+09 -8.460522753E-02 -4.765426366E-02 +1.555246781E-01 -1.182129354E-01 -1.662292004E-02 +7.789343000E-02
5.00000000000E+09 -6.647112842E-02 +6.953275647E-02 +8.724166077E-02 -1.297313641E-01 -6.068038100E-02 +1.144020380E-01
5.01000000000E+09 +5.001822583E-02 +8.064233573E-02 +3.049908738E-02 -9.407118394E-02 -7.881271464E-02 +1.763627693E-01
5.02000000000E+09 +8.934672623E-02 -2.672249799E-02 +7.059508146E-03 -4.040551424E-02 -5.214593708E-02 +2.391934622E-01
5.03000000000E+09 -1.410872264E-03 -9.195007540E-02 +5.743868260E-03 +8.631199164E-03 +1.568001089E-02 +2.710063213E-01
5.04000000000E+09 -8.856610319E-02 -2.383803728E-02 +1.468479127E-02 +5.592661682E-02 +8.893608788E-02 +2.516893509E-01
5.05000000000E+09 -4.720136535E-02 +7.936557499E-02 +4.331000913E-02 +1.057924685E-01 +1.308080225E-01 +1.913007812E-01
5.06000000000E+09 +6.508959710E-02 +6.685157376E-02 +1.028336502E-01 +1.384741650E-01 +1.245284225E-01 +1.148608401E-01
5.07000000000E+09 +8.192964329E-02 -4.645566389E-02 +1.744776466E-01 +1.250073877E-01 +7.687787204E-02 +5.528397122E-02
5.08000000000E+09 -2.446051404E-02 -9.069572123E-02 +2.165626268E-01 +6.672912176E-02 +2.604746913E-03 +3.729294137E-02
5.09000000000E+09 -9.282832498E-02 +1.593951047E-03 +2.072244440E-01 +5.212905683E-04 -7.653000118E-02 +7.056766961E-02
5.10000000000E+09 -2.140707045E-02 +8.855717430E-02 +1.638540889E-01 -3.976217193E-02 -1.245629600E-01 +1.525304975E-01
5.11000000000E+09 +7.761755371E-02 +4.312577159E-02 +1.139171162E-01 -5.253503221E-02 -1.072003908E-01 +2.499833507E-01
5.12000000000E+09 +6.207071084E-02 -6.136431270E-02 +6.287300975E-02 -5.016112373E-02 -2.671705742E-02 +3.133462826E-01
5.13000000000E+09 -4.107424467E-02 -7.700597941E-02 +4.974235452E-03 -2.782653823E-02 +7.811639215E-02 +3.132651317E-01
5.14000000000E+09 -8.665284319E-02 +1.829887265E-02 -4.599858175E-02 +3.044653876E-02 +1.566711183E-01 +2.485039180E-01
5.15000000000E+09 -5.307640935E-03 +9.026505456E-02 -5.586299772E-02 +1.182376303E-01 +1.797977633E-01 +1.483476878E-01
5.16000000000E+09 +8.747897116E-02 +2.855656172E-02 -7.538307066E-03 +1.945293745E-01 +1.424854015E-01 +5.206969163E-02
5.17000000000E+09 +4.917153861E-02 -7.800683276E-02 +7.240045537E-02 +2.187241170E-01 +5.250815695E-02 -3.588168456E-03
5.18000000000E+09 -6.338619219E-02 -6.574305258E-02 +1.388689041E-01 +1.905450287E-01 -6.290393484E-02 +8.709472428E-03
5.19000000000E+09 -7.779036295E-02 +4.386984153E-02 +1.719700091E-01 +1.386220594E-01 -1.520626817E-01 +9.175898216E-02
5.20000000000E+09 +2.072709762E-02 +8.400394258E-02 +1.789614980E-01 +8.086534492E-02 -1.667758248E-01 +2.149675562E-01
5.21000000000E+09 +8.479510225E-02 +4.088032716E-03 +1.609044891E-01 +1.693822347E-02 -9.878265863E-02 +3.164971720E-01
5.22000000000E+09 +2.900119660E-02 -8.002780734E-02 +1.033092524E-01 -4.355096552E-02 +1.570180185E-02 +3.540333727E-01
5.23000000000E+09 -6.987586749E-02 -5.179130624E-02 +4.519421516E-03 -6.631700110E-02 +1.217097280E-01 +3.171250362E-01
5.24000000000E+09 -7.097789505E-02 +5.507753783E-02 -9.815697386E-02 -2.026143235E-02 +1.827513707E-01 +2.263095120E-01
5.25000000000E+09 +3.612942730E-02 +8.503789244E-02 -1.482391021E-01 +8.019423887E-02 +1.823482529E-01 +1.204711860E-01
5.26000000000E+09 +9.267400896E-02 -1.464419695E-02 -1.245123073E-01 +1.784338326E-01 +1.203508379E-01 +3.711706402E-02
5.27000000000E+09 +7.687704388E-03 -9.390182142E-02 -5.785329519E-02 +2.299176076E-01 +1.310889423E-02 +7.582340775E-03
5.28000000000E+09 -8.832385202E-02 -2.992994354E-02 +1.102750644E-02 +2.344416127E-01 -9.218968221E-02 +4.964175631E-02
5.29000000000E+09 -5.034099712E-02 +7.594965517E-02 +6.925396910E-02 +2.096568015E-01 -1.422090619E-01 +1.504515329E-01
5.30000000000E+09 +5.848819127E-02 +6.824626536E-02 +1.159944000E-01 +1.568365135E-01 -1.113471674E-01 +2.529918454E-01
5.31000000000E+09 +8.229767313E-02 -3.684848354E-02 +1.323816914E-01 +7.202708510E-02 -2.717282370E-02 +3.080812631E-01
5.32000000000E+09 -1.320438711E-02 -9.113590832E-02 +8.980129167E-02 -2.123410140E-02 +5.973776049E-02 +2.961985005E-01
5.33000000000E+09 -9.414755695E-02 -1.105667959E-02 -9.296986806E-03 -7.139046286E-02 +1.123345849E-01 +2.378851186E-01
5.34000000000E+09 -3.444844577E-02 +9.052991443E-02 -1.131420775E-01 -4.660428100E-02 +1.200410410E-01 +1.683300952E-01
5.35000000000E+09 +8.052186200E-02 +5.532474642E-02 -1.663182002E-01 +2.588022614E-02 +8.447441029E-02 +1.152020804E-01
5.36000000000E+09 +7.240675598E-02 -6.523996668E-02 -1.644347551E-01 +9.237653840E-02 +2.064538497E-02 +9.445004749E-02
5.37000000000E+09 -4.530661484E-02 -8.472019535E-02 -1.408992456E-01 +1.316222894E-01 -4.385752469E-02 +1.181435098E-01
5.38000000000E+09 -9.117594935E-02 +2.203161555E-02 -1.129866648E-01 +1.575968355E-01 -7.098450126E-02 +1.811261305E-01
5.39000000000E+09 -3.378548078E-03 +9.226127892E-02 -7.007996787E-02 +1.748627781E-01 -4.177414427E-02 +2.462484640E-01
5.40000000000E+09 +8.743293367E-02 +2.889785228E-02 -1.090420835E-02 +1.622961323E-01 +2.019768034E-02 +2.707921602E-01
5.41000000000E+09 +5.216596483E-02 -7.788081702E-02 +3.414462614E-02 +1.056572698E-01 +7.453811327E-02 +2.433394306E-01
5.42000000000E+09 -6.379612367E-02 -7.183221577E-02 +3.010437787E-02 +3.010253879E-02 +9.082038736E-02 +1.878876161E-01
5.43000000000E+09 -8.606035819E-02 +4.570165345E-02 -1.708182219E-02 -1.697368991E-02 +6.713241646E-02 +1.434738931E-01
5.44000000000E+09 +2.454512319E-02 +9.419907728E-02 -6.327439683E-02 -2.080931883E-02 +2.323465877E-02 +1.274082330E-01
5.45000000000E+09 +9.584346975E-02 -1.909139826E-03 -8.346317725E-02 -1.193377893E-02 -2.288371190E-02 +1.396293434E-01
5.46000000000E+09 +2.085818884E-02 -9.115119390E-02 -9.666839863E-02 -1.393482623E-02 -5.337370223E-02 +1.767127848E-01
5.47000000000E+09 -8.019333358E-02 -4.226188484E-02 -1.222808749E-01 -1.082410515E-02 -5.173275297E-02 +2.310361756E-01
5.48000000000E+09 -6.119653835E-02 +6.401802173E-02 -1.430665948E-01 +1.882246187E-02 -1.361825358E-02 +2.757952713E-01
5.49000000000E+09 +4.375071249E-02 +7.597579965E-02 -1.288783542E-01 +6.109507582E-02 +4.270780353E-02 +2.856034616E-01
5.50000000000E+09 +8.602946647E-02 -2.148800320E-02 -8.117361971E-02 +7.845394439E-02 +8.785444240E-02 +2.547977451E-01
5.51000000000E+09 +1.763554307E-03 -9.036948562E-02 -3.680817889E-02 +5.538576720E-02 +1.019522712E-01 +2.026947028E-01
5.52000000000E+09 -8.851265115E-02 -2.422393634E-02 -2.385735129E-02 +1.887773221E-02 +8.353245811E-02 +1.613152779E-01
5.53000000000E+09 -4.483832693E-02 +8.052774183E-02 -2.685117828E-02 +9.795157168E-04 +4.499146374E-02 +1.405652591E-01
5.54000000000E+09 +6.719951857E-02 +6.204930797E-02 -1.527865501E-02 -6.506320735E-03 +3.939551396E-03 +1.431866461E-01
5.55000000000E+09 +7.510496845E-02 -4.948867906E-02 +5.442019945E-03 -3.377731464E-02 -2.767523617E-02 +1.685811875E-01
5.56000000000E+09 -2.832098152E-02 -8.279514667E-02 +1.846297046E-03 -7.945338131E-02 -3.845300803E-02 +2.113498282E-01
5.57000000000E+09 -8.516637176E-02 +5.470837592E-03 -3.387220046E-02 -1.078622878E-01 -2.324996403E-02 +2.517282878E-01
5.58000000000E+09 -1.741824815E-02 +8.191399974E-02 -6.992985276E-02 -9.905562857E-02 +7.004216271E-03 +2.709635078E-01
5.59000000000E+09 +7.367567009E-02 +3.867740865E-02 -7.774431855E-02 -7.425156222E-02 +3.747349736E-02 +2.687942838E-01
5.60000000000E+09 +5.688991639E-02 -6.058491898E-02 -6.764542410E-02 -6.420691584E-02 +6.092528203E-02 +2.560735038E-01
5.61000000000E+09 -4.344442137E-02 -7.099355771E-02 -6.880609028E-02 -6.537705697E-02 +7.551555214E-02 +2.437624079E-01
5.62000000000E+09 -8.018224289E-02 +2.336270292E-02 -8.133854950E-02 -4.760728099E-02 +8.456719784E-02 +2.242839970E-01
5.63000000000E+09 +2.328518670E-03 +8.391054154E-02 -7.073861636E-02 -3.882256687E-03 +8.223828065E-02 +1.979545564E-01
5.64000000000E+09 +8.233077080E-02 +1.853005258E-02 -1.612247644E-02 +2.954250331E-02 +6.614681322E-02 +1.747429421E-01
5.65000000000E+09 +3.758487461E-02 -7.489508056E-02 +5.460406800E-02 +1.521626087E-02 +3.946609001E-02 +1.698646639E-01
5.66000000000E+09 -6.247887897E-02 -5.376702700E-02 +9.588686292E-02 -3.731315046E-02 +1.338856814E-02 +1.791597679E-01
5.67000000000E+09 -6.602278075E-02 +4.600096638E-02 +9.890038729E-02 -8.879980833E-02 -5.717969583E-03 +1.967188341E-01
5.68000000000E+09 +2.684625174E-02 +7.358831824E-02 +8.743201247E-02 -1.232919357E-01 -1.467347000E-02 +2.221907622E-01
5.69000000000E+09 +7.603715565E-02 -6.056327733E-03 +7.134474057E-02 -1.540870295E-01 -7.602401735E-03 +2.585561131E-01
5.70000000000E+09 +1.522478374E-02 -7.324571190E-02 +3.387614307E-02 -1.830878067E-01 +2.093150282E-02 +2.906837990E-01
5.71000000000E+09 -6.537598042E-02 -3.528288272E-02 -3.128874735E-02 -1.813961783E-01 +6.600530793E-02 +2.960245805E-01
5.72000000000E+09 -5.256663611E-02 +5.389772129E-02 -9.100845905E-02 -1.222742994E-01 +1.033124772E-01 +2.696555241E-01
5.73000000000E+09 +3.939421590E-02 +6.622637467E-02 -9.475520310E-02 -2.344400763E-02 +1.157715525E-01 +2.221855545E-01
5.74000000000E+09 +7.471468291E-02 -2.268176435E-02 -2.888093727E-02 +5.651611523E-02 +9.708652739E-02 +1.841720953E-01
5.75000000000E+09 -4.642120239E-03 -7.768726772E-02 +6.446162317E-02 +7.638239464E-02 +5.723879130E-02 +1.661236154E-01
5.76000000000E+09 -7.485225206E-02 -1.341701231E-02 +1.382037221E-01 +4.967277946E-02 +1.638524018E-02 +1.718390259E-01
5.77000000000E+09 -3.030257582E-02 +6.697490560E-02 +1.860524400E-01 +6.445710896E-03 -1.390472428E-02 +2.050504645E-01
5.78000000000E+09 +5.425981131E-02 +4.524029935E-02 +2.172590378E-01 -4.975800387E-02 -1.712373521E-02 +2.586802006E-01
5.79000000000E+09 +5.723900045E-02 -3.759726709E-02 +2.183479431E-01 -1.245928728E-01 +1.677339671E-02 +3.067198564E-01
5.80000000000E+09 -1.851911632E-02 -6.525677707E-02 +1.657437752E-01 -1.959225436E-01 +7.432064920E-02 +3.192407722E-01
5.81000000000E+09 -6.955341860E-02 -1.096524544E-03 +6.514324439E-02 -2.177689205E-01 +1.240230161E-01 +2.851282827E-01
5.82000000000E+09 -2.011732507E-02 +6.969456508E-02 -3.390561408E-02 -1.607573284E-01 +1.406531632E-01 +2.214335909E-01
5.83000000000E+09 +6.521447183E-02 +3.654360535E-02 -7.180665069E-02 -5.036697281E-02 +1.082597679E-01 +1.712823023E-01
5.84000000000E+09 +4.971352859E-02 -5.614480686E-02 -3.778553387E-02 +5.108240111E-02 +4.959512340E-02 +1.547487125E-01
5.85000000000E+09 -4.272016752E-02 -5.861789340E-02 +2.986747200E-02 +1.114021996E-01 -7.190033128E-03 +1.771549753E-01
5.86000000000E+09 -6.350695956E-02 +2.629310304E-02 +1.057026541E-01 +1.403539582E-01 -3.571080952E-02 +2.339669520E-01
5.87000000000E+09 +7.616873866E-03 +6.390242297E-02 +1.913912726E-01 +1.390709624E-01 -2.383482030E-02 +3.064929168E-01
5.88000000000E+09 +5.973122215E-02 +1.176181363E-02 +2.740858823E-01 +8.937467815E-02 +3.175364458E-02 +3.635185273E-01
5.89000000000E+09 +3.017047613E-02 -5.152625440E-02 +3.147608100E-01 -9.731214355E-03 +1.126136107E-01 +3.728890252E-01
5.90000000000E+09 -4.030164216E-02 -4.651316273E-02 +2.793652969E-01 -1.213693550E-01 +1.841767346E-01 +3.188001143E-01
5.91000000000E+09 -6.002586189E-02 +2.691486104E-02 +1.722352078E-01 -1.871367388E-01 +2.139396240E-01 +2.261227098E-01
5.92000000000E+09 +1.304270761E-02 +6.904995205E-02 +4.539152075E-02 -1.678812653E-01 +1.705814703E-01 +1.402852879E-01
5.93000000000E+09 +7.282740975E-02 +7.239845063E-04 -3.902084830E-02 -8.159536568E-02 +7.871948718E-02 +1.032002702E-01
5.94000000000E+09 +1.403128143E-02 -7.001648300E-02 -6.596163424E-02 +2.287799301E-02 -1.431943005E-02 +1.327990331E-01
5.95000000000E+09 -6.155169894E-02 -2.666550261E-02 -5.022358360E-02 +1.248112120E-01 -6.821699078E-02 +2.129913661E-01
5.96000000000E+09 -3.797999509E-02 +4.812538105E-02 +1.167521070E-02 +2.161206278E-01 -6.354813525E-02 +3.160845062E-01
5.97000000000E+09 +3.128536386E-02 +4.678927278E-02 +1.209373724E-01 +2.646545863E-01 -1.284504437E-03 +3.989158541E-01
5.98000000000E+09 +5.226485204E-02 -1.249001907E-02 +2.434892316E-01 +2.377967634E-01 +9.830529326E-02 +4.265871058E-01
5.99000000000E+09 +7.087727906E-03 -5.422084914E-02 +3.248237949E-01 +1.370044500E-01 +1.976872044E-01 +3.847491856E-01
6.00000000000E+09 -5.250115915E-02 -2.645059128E-02 +3.228357737E-01 +4.021365392E-03 +2.599646265E-01 +2.902064852E-01
6.01000000000E+09 -4.357672226E-02 +4.789395871E-02 +2.364527187E-01 -9.757446559E-02 +2.460645589E-01 +1.801018018E-01
6.02000000000E+09 +4.087773237E-02 +5.737050402E-02 +1.133701207E-01 -1.243843467E-01 +1.635451449E-01 +1.016717584E-01
6.03000000000E+09 +6.553381273E-02 -3.082700075E-02 +6.602153533E-03 -8.764226099E-02 +5.166293322E-02 +9.792417770E-02
6.04000000000E+09 -1.794640068E-02 -6.822157239E-02 -7.165892704E-02 -1.450943017E-02 -3.370871334E-02 +1.615149589E-01
6.05000000000E+09 -6.546810929E-02 +2.366338789E-03 -1.137445931E-01 +9.229134479E-02 -6.355143171E-02 +2.671417745E-01
6.06000000000E+09 -1.425270746E-02 +5.828720063E-02 -9.017410286E-02 +2.146029839E-01 -2.735755105E-02 +3.657010924E-01
6.07000000000E+09 +4.732967142E-02 +3.028833405E-02 +5.227674874E-03 +3.001061501E-01 +5.847948413E-02 +4.190782077E-01
6.08000000000E+09 +4.436142067E-02 -3.346395207E-02 +1.321458853E-01 +3.048655673E-01 +1.612622008E-01 +4.072419317E-01
6.09000000000E+09 -1.718965440E-02 -5.562172399E-02 +2.293503253E-01 +2.269492197E-01 +2.390264548E-01 +3.417687617E-01
6.10000000000E+09 -6.338602317E-02 +3.213358002E-04 +2.517027685E-01 +1.095169492E-01 +2.544202484E-01 +2.472525210E-01
6.11000000000E+09 -1.633190776E-02 +6.752070554E-02 +2.024582824E-01 +1.275157387E-02 +2.079824209E-01 +1.662297024E-01
6.12000000000E+09 +6.625297929E-02 +3.088021006E-02 +1.240638465E-01 -3.761565101E-02 +1.240888478E-01 +1.376633442E-01
6.13000000000E+09 +4.290804962E-02 -5.992683948E-02 +3.945053453E-02 -5.674202443E-02 +4.365142281E-02 +1.651851314E-01
6.14000000000E+09 -4.808681070E-02 -5.193279686E-02 -5.769740657E-02 -4.112709961E-02 -9.873411074E-04 +2.378659007E-01
6.15000000000E+09 -5.796821222E-02 +3.208102162E-02 -1.425892949E-01 +3.402666366E-02 +8.269769059E-03 +3.194036178E-01
6.16000000000E+09 +1.330379660E-02 +6.068325302E-02 -1.627412826E-01 +1.509708082E-01 +6.676538612E-02 +3.757704642E-01
6.17000000000E+09 +6.003153753E-02 +6.387093467E-03 -1.021636690E-01 +2.483231423E-01 +1.488743662E-01 +3.827149926E-01
6.18000000000E+09 +2.575471557E-02 -5.572792599E-02 +5.915595839E-04 +2.761315987E-01 +2.144012247E-01 +3.412356158E-01
6.19000000000E+09 -4.844423632E-02 -4.314270887E-02 +8.524630365E-02 +2.324263259E-01 +2.347333168E-01 +2.707940094E-01
6.20000000000E+09 -5.778185873E-02 +3.828582094E-02 +1.185846954E-01 +1.599409513E-01 +2.079584290E-01 +2.080374771E-01
6.21000000000E+09 +2.584451196E-02 +6.752268280E-02 +1.172493708E-01 +9.626573313E-02 +1.499535565E-01 +1.798931313E-01
6.22000000000E+09 +7.254558698E-02 -1.182605891E-02 +1.033012422E-01 +3.474567567E-02 +8.943223324E-02 +1.939498276E-01
6.23000000000E+09 +3.305246977E-03 -7.176751930E-02 +5.749638369E-02 -3.345624865E-02 +5.051967750E-02 +2.427837778E-01
6.24000000000E+09 -6.593338211E-02 -1.880674569E-02 -3.662720877E-02 -6.979203970E-02 +5.047449985E-02 +3.057883923E-01
6.25000000000E+09 -3.373096993E-02 +5.538992879E-02 -1.367825814E-01 -3.308685769E-02 +9.160309673E-02 +3.569033530E-01
6.26000000000E+09 +4.143257380E-02 +4.698629261E-02 -1.801776042E-01 +5.634208267E-02 +1.570447297E-01 +3.710266159E-01
6.27000000000E+09 +5.733351891E-02 -2.493238794E-02 -1.511389532E-01 +1.365324284E-01 +2.144587429E-01 +3.465090285E-01
6.28000000000E+09 -7.499391084E-03 -6.413315493E-02 -8.861596619E-02 +1.648900585E-01 +2.433755739E-01 +2.951836315E-01
6.29000000000E+09 -6.687627490E-02 -1.058497762E-02 -4.064983793E-02 +1.509776280E-01 +2.355572195E-01 +2.396863980E-01
6.30000000000E+09 -2.717907863E-02 +6.507602308E-02 -1.383195394E-02 +1.318766556E-01 +1.994435354E-01 +2.006648008E-01
6.31000000000E+09 +5.913403781E-02 +4.191800932E-02 +1.919425775E-02 +1.122445656E-01 +1.462899939E-01 +1.905762095E-01
6.32000000000E+09 +5.307392950E-02 -4.882231471E-02 +5.469720056E-02 +6.116478475E-02 +9.737830180E-02 +2.166156439E-01
6.33000000000E+09 -3.494690926E-02 -6.065324982E-02 +4.722561932E-02 -1.900440183E-02 +7.525678999E-02 +2.703655338E-01
6.34000000000E+09 -6.406104837E-02 +1.804271629E-02 -1.709565503E-02 -7.307861830E-02 +9.339403645E-02 +3.280988023E-01
6.35000000000E+09 -2.876609926E-04 +6.386656240E-02 -8.965632233E-02 -6.412935536E-02 +1.415648926E-01 +3.614797777E-01
6.36000000000E+09 +5.952424353E-02 +1.867937670E-02 -1.189926883E-01 -1.834969221E-02 +1.975862998E-01 +3.626671355E-01
6.37000000000E+09 +3.556305208E-02 -5.174801348E-02 -1.060432259E-01 +1.366979420E-02 +2.411177523E-01 +3.363993030E-01
6.38000000000E+09 -4.032258182E-02 -5.022535631E-02 -9.040666763E-02 +1.625882892E-02 +2.638052144E-01 +2.899122384E-01
6.39000000000E+09 -6.140216755E-02 +2.667952977E-02 -9.342802433E-02 +1.902539318E-02 +2.602652277E-01 +2.394573326E-01
6.40000000000E+09 +1.129807038E-02 +6.880252346E-02 -8.816933325E-02 +4.617885683E-02 +2.258051977E-01 +1.994706548E-01
6.41000000000E+09 +7.115414977E-02 +3.913280368E-03 -4.267414472E-02 +6.949559016E-02 +1.713804831E-01 +1.911066499E-01
6.42000000000E+09 +1.882979908E-02 -6.846351724E-02 +1.813724800E-02 +4.360210093E-02 +1.236472523E-01 +2.214955705E-01
6.43000000000E+09 -6.028533194E-02 -3.255218714E-02 +3.866281437E-02 -1.897036797E-02 +1.114782331E-01 +2.755935190E-01
6.44000000000E+09 -4.478860547E-02 +4.811431422E-02 +1.339012047E-02 -6.283081112E-02 +1.345628108E-01 +3.240033943E-01
6.45000000000E+09 +3.267360969E-02 +5.427724694E-02 -1.278276531E-02 -6.733351748E-02 +1.762496855E-01 +3.466090308E-01
6.46000000000E+09 +6.046596586E-02 -1.544110115E-02 -1.258808890E-02 -6.402609617E-02 +2.218015771E-01 +3.424775136E-01
6.47000000000E+09 +2.945580293E-03 -6.260379865E-02 -8.413625122E-03 -8.194170441E-02 +2.601182421E-01 +3.153288933E-01
6.48000000000E+09 -6.099094461E-02 -2.099376756E-02 -3.287837460E-02 -1.032131595E-01 +2.765509162E-01 +2.721903700E-01
6.49000000000E+09 -3.764223084E-02 +5.569845167E-02 -7.485127228E-02 -8.620660349E-02 +2.607902544E-01 +2.253562704E-01
6.50000000000E+09 +4.746801102E-02 +5.082510208E-02 -8.226405579E-02 -2.770028441E-02 +2.145997837E-01 +2.046643325E-01
6.51000000000E+09 +6.014434236E-02 -3.589687097E-02 -3.145925731E-02 +1.636853617E-02 +1.669455770E-01 +2.221977934E-01
6.52000000000E+09 -2.134627722E-02 -6.453577747E-02 +3.021139836E-02 +4.198483918E-03 +1.501277700E-01 +2.699117611E-01
6.53000000000E+09 -6.505678156E-02 +4.656853374E-03 +5.301140927E-02 -3.392727256E-02 +1.672598568E-01 +3.132925962E-01
6.54000000000E+09 -1.252708942E-02 +6.129699540E-02 +4.993551618E-02 -5.153284018E-02 +2.044952327E-01 +3.347217676E-01
6.55000000000E+09 +5.400732352E-02 +2.886890102E-02 +6.028418588E-02 -5.128861799E-02 +2.455406191E-01 +3.323541925E-01
6.56000000000E+09 +4.336744822E-02 -4.301860945E-02 +8.608739486E-02 -6.929965986E-02 +2.839257583E-01 +3.081234139E-01
6.57000000000E+09 -2.947546718E-02 -5.533731622E-02 +8.893169947E-02 -1.144200469E-01 +3.010854724E-01 +2.668794530E-01
6.58000000000E+09 -6.384809780E-02 +1.441583195E-02 +4.508159614E-02 -1.459541368E-01 +2.847261001E-01 +2.196973867E-01
6.59000000000E+09 -2.434599231E-04 +6.828613021E-02 -1.078155632E-02 -1.201935779E-01 +2.347472596E-01 +1.990889267E-01
6.60000000000E+09 +6.739100332E-02 +1.433394573E-02 -1.797120040E-02 -5.596712779E-02 +1.842310130E-01 +2.196840607E-01
6.61000000000E+09 +2.723287379E-02 -6.087204024E-02 +2.472344073E-02 -1.817615264E-02 +1.701321789E-01 +2.757536793E-01
6.62000000000E+09 -4.976513576E-02 -3.920922805E-02 +6.115295895E-02 -2.355103702E-02 +1.955111371E-01 +3.230066169E-01
6.63000000000E+09 -4.886894183E-02 +3.544513432E-02 +6.764081604E-02 -3.030910421E-02 +2.425644368E-01 +3.404202473E-01
6.64000000000E+09 +1.910710877E-02 +5.560685965E-02 +7.540717757E-02 -1.351377024E-02 +2.892083165E-01 +3.308833225E-01
6.65000000000E+09 +5.856814388E-02 -1.445867802E-03 +1.123533863E-01 +4.961952684E-04 +3.284318922E-01 +3.000876965E-01
6.66000000000E+09 +1.650443468E-02 -5.793075072E-02 +1.571468033E-01 -2.499812388E-02 +3.444223880E-01 +2.505991647E-01
6.67000000000E+09 -5.393135067E-02 -3.325294606E-02 +1.611691798E-01 -8.138994743E-02 +3.253332982E-01 +1.952108170E-01
6.68000000000E+09 -4.725039589E-02 +4.743093729E-02 +1.114736201E-01 -1.135609490E-01 +2.637917876E-01 +1.666461611E-01
6.69000000000E+09 +3.791466814E-02 +5.690571574E-02 +5.955616854E-02 -8.518040268E-02 +2.009198540E-01 +1.889253393E-01
6.70000000000E+09 +6.163672279E-02 -2.534623153E-02 +5.641890255E-02 -3.468757413E-02 +1.774076784E-01 +2.537086128E-01
6.71000000000E+09 -9.740150636E-03 -6.228685319E-02 +7.897570627E-02 -1.415835155E-02 +2.028853607E-01 +3.119854679E-01
6.72000000000E+09 -5.926068625E-02 -6.779547727E-03 +8.235226075E-02 -1.212752488E-02 +2.536381559E-01 +3.376280158E-01
6.73000000000E+09 -2.293484966E-02 +5.285917045E-02 +7.252849081E-02 +1.054145673E-02 +3.068716443E-01 +3.303860474E-01
6.74000000000E+09 +4.297550010E-02 +3.744002289E-02 +8.939321374E-02 +5.290375356E-02 +3.500491607E-01 +3.016921274E-01
6.75000000000E+09 +4.970289193E-02 -3.019056445E-02 +1.432790256E-01 +7.114495785E-02 +3.709471809E-01 +2.530156520E-01
6.76000000000E+09 -1.565349723E-02 -5.890293547E-02 +1.918160559E-01 +3.532045477E-02 +3.604329665E-01 +1.984122703E-01
6.77000000000E+09 -6.481897639E-02 +9.237407127E-04 +1.843769681E-01 -2.528496590E-02 +3.074536827E-01 +1.606776100E-01
6.78000000000E+09 -1.283376981E-02 +6.589081372E-02 +1.280856622E-01 -4.647383387E-02 +2.463158799E-01 +1.685635034E-01
6.79000000000E+09 +6.172113307E-02 +2.500510543E-02 +8.736004898E-02 -1.377555554E-02 +2.117866358E-01 +2.246101819E-01
6.80000000000E+09 +3.624296396E-02 -5.224572993E-02 +8.882116520E-02 +1.920327157E-02 +2.271490987E-01 +2.815997503E-01
6.81000000000E+09 -3.932904834E-02 -4.577703956E-02 +9.251718717E-02 +2.373283708E-02 +2.688002229E-01 +3.119879341E-01
6.82000000000E+09 -5.285025007E-02 +2.407505452E-02 +7.140671972E-02 +3.149146207E-02 +3.175318328E-01 +3.105564476E-01
6.83000000000E+09 +7.521217960E-03 +5.650591507E-02 +5.421699489E-02 +7.216507113E-02 +3.570684618E-01 +2.911496396E-01
6.84000000000E+09 +5.656911332E-02 +9.650988162E-03 +8.072228360E-02 +1.215808596E-01 +3.800049807E-01 +2.535915959E-01
6.85000000000E+09 +2.607434679E-02 -5.313593288E-02 +1.403646545E-01 +1.273614496E-01 +3.790202873E-01 +2.094300060E-01
6.86000000000E+09 -4.703272935E-02 -4.076758194E-02 +1.747462340E-01 +7.641211097E-02 +3.445493472E-01 +1.710760534E-01
6.87000000000E+09 -5.200632155E-02 +3.826149817E-02 +1.450636893E-01 +2.138926535E-02 +2.989427571E-01 +1.659509982E-01
6.88000000000E+09 +2.728783264E-02 +5.897149978E-02 +8.791546419E-02 +1.909303993E-02 +2.637083212E-01 +1.999430917E-01
6.89000000000E+09 +6.161592912E-02 -1.359477187E-02 +6.368622898E-02 +5.102370704E-02 +2.649555095E-01 +2.447063808E-01
6.90000000000E+09 +1.349000630E-03 -6.044004846E-02 +6.681109820E-02 +6.367558529E-02 +2.895048864E-01 +2.734103306E-01
6.91000000000E+09 -5.579924638E-02 -1.642697479E-02 +5.216304822E-02 +5.693893829E-02 +3.264225796E-01 +2.813508681E-01
6.92000000000E+09 -3.025703856E-02 +4.782644695E-02 +1.636614919E-02 +7.394777867E-02 +3.591530905E-01 +2.757798293E-01
6.93000000000E+09 +3.669377559E-02 +4.214692396E-02 +5.609265393E-03 +1.261994903E-01 +3.864660553E-01 +2.531929270E-01
6.94000000000E+09 +5.123076673E-02 -2.333811268E-02 +4.806921103E-02 +1.672681462E-01 +3.989697382E-01 +2.220608787E-01
6.95000000000E+09 -8.678722999E-03 -5.735985131E-02 +1.082417736E-01 +1.483016411E-01 +3.899158197E-01 +1.838003053E-01
6.96000000000E+09 -5.965729308E-02 -6.147840748E-03 +1.221481016E-01 +8.240127302E-02 +3.665297441E-01 +1.610995598E-01
6.97000000000E+09 -1.998549595E-02 +5.820295228E-02 +7.593335487E-02 +3.551923351E-02 +3.348089376E-01 +1.607022119E-01
6.98000000000E+09 +5.252721824E-02 +3.249404400E-02 +2.415062671E-02 +4.152615983E-02 +3.140346136E-01 +1.770070296E-01
6.99000000000E+09 +4.283118400E-02 -4.346637488E-02 +7.809392643E-03 +6.215080540E-02 +3.066157727E-01 +1.988467349E-01
7.00000000000E+09 -3.161034229E-02 -5.051081598E-02 +5.583344555E-04 +5.937956980E-02 +3.116395353E-01 +2.224466875E-01

[Channel0\Trace0\Marker0]
Enabled=1
Position=0.2

[Channel0\Trace1]
ReferencePosition[0]=1

[Channel0\Trace1\Marker0]
Enabled=1
Position=0.2

[Channel0\Trace2]
SPort=0
FormatType=2

[Channel0\Trace2\Marker0]
Enabled=1
Position=0.2

[Channel0\Trace3]
SPort=0
FormatType=2

[Channel0\Trace3\Marker0]
Enabled=1
Position=0.2

