[NWA State]
TriggerSource=3

[Channel0]
Points=501
FrequencyStart=2000000000
FrequencyStop=7000000000
FixedPower[0]=5
FixedPower[1]=5
IFBW=1000
CorrectionEnabled=1
TraceCount=4

[Channel0\Correction\11]
Calyyyymmdd=2022/04/09
Calhhmmss=15:43:52
VNATemperature=37.2 °C
Type=3
KitLabel=ACM2509.2
KitDescription=AutoCal Module 20 kHz-9 GHz (CMT), SN: 19039185, Char: Factory, 28.2°C, ThermoComp: ON
CalIFBW=1 kHz
CalPower=5 dBm
CalPorts[0]=0
CalPorts[1]=0

[Channel0\Correction\11\Data]
2.00000000000E+09 -1.130259767E-02 -1.534296281E-01 -6.929042437E-02 -6.594645163E-02 -2.397180410E-01 +9.311439216E-02
2.01000000000E+09 -1.546150981E-01 -2.626961353E-02 -1.019339108E-01 -4.877701683E-03 -2.000765084E-01 +1.115411521E-01
2.02000000000E+09 -6.091736915E-02 +1.487669723E-01 -5.984808750E-02 +6.488852892E-02 -1.533695753E-01 +9.288413655E-02
2.03000000000E+09 +1.351689015E-01 +9.045170808E-02 +2.209333037E-02 +6.493932950E-02 -1.381520514E-01 +4.148355012E-02
2.04000000000E+09 +1.138775142E-01 -1.129375674E-01 +5.623484980E-02 +5.579401486E-03 -1.710473922E-01 -3.365018419E-03
2.05000000000E+09 -8.328830680E-02 -1.318283079E-01 +3.080053497E-02 -3.089884566E-02 -2.235323798E-01 -9.103853478E-03
2.06000000000E+09 -1.437643981E-01 +4.877667432E-02 +1.415107817E-02 -1.908311260E-02 -2.615566955E-01 +1.783209138E-02
2.07000000000E+09 +1.190641482E-02 +1.488564285E-01 +3.851519267E-02 -1.508235020E-02 -2.753161076E-01 +5.826826066E-02
2.08000000000E+09 +1.462667348E-01 +2.552517919E-02 +5.439405745E-02 -5.773576150E-02 -2.674841012E-01 +1.013855836E-01
2.09000000000E+09 +6.192824879E-02 -1.366925411E-01 +1.104117524E-02 -1.032507962E-01 -2.336223731E-01 +1.390047252E-01
2.10000000000E+09 -1.210689951E-01 -9.512053257E-02 -6.088721485E-02 -8.504785766E-02 -1.760062287E-01 +1.483818846E-01
2.11000000000E+09 -1.221602250E-01 +1.010063579E-01 -8.215956034E-02 -1.107436690E-02 -1.226901112E-01 +1.099958105E-01
2.12000000000E+09 +7.625782959E-02 +1.406915990E-01 -3.447346472E-02 +3.712540641E-02 -1.163178099E-01 +3.992502124E-02
2.13000000000E+09 +1.500757313E-01 -4.659502185E-02 +9.265383377E-03 +2.170998569E-02 -1.632262109E-01 -1.231643509E-02
2.14000000000E+09 -1.280802799E-02 -1.513902194E-01 +2.369668194E-03 +1.870692516E-03 -2.276545276E-01 -1.675219951E-02
2.15000000000E+09 -1.453214905E-01 -2.218785860E-02 -7.535064934E-03 +2.679881648E-02 -2.746570757E-01 +1.521783519E-02
2.16000000000E+09 -5.616064387E-02 +1.321709854E-01 +3.354273104E-02 +5.674674182E-02 -2.962746393E-01 +6.505616161E-02
2.17000000000E+09 +1.121327626E-01 +8.716401490E-02 +9.575156964E-02 +2.750068388E-02 -2.910379170E-01 +1.214005918E-01
2.18000000000E+09 +1.142036454E-01 -8.649655388E-02 +1.039504214E-01 -4.996991475E-02 -2.532105660E-01 +1.699088262E-01
2.19000000000E+09 -5.742157522E-02 -1.356316525E-01 +4.120052292E-02 -9.797818459E-02 -1.880287979E-01 +1.851287947E-01
2.20000000000E+09 -1.501170536E-01 +2.717868720E-02 -2.496169538E-02 -7.133543969E-02 -1.285148832E-01 +1.505380317E-01
2.21000000000E+09 -3.287611877E-03 +1.553979534E-01 -3.098118863E-02 -1.840477264E-02 -1.117288842E-01 +8.554421139E-02
2.22000000000E+09 +1.509964177E-01 +3.362333227E-02 -7.150423296E-03 -7.208373891E-03 -1.406200426E-01 +3.474758695E-02
2.23000000000E+09 +6.306360015E-02 -1.378960433E-01 -1.799436962E-02 -1.834875312E-02 -1.849332352E-01 +1.774548713E-02
2.24000000000E+09 -1.180406405E-01 -8.967906182E-02 -4.910610012E-02 +1.119817703E-02 -2.234004851E-01 +2.504874181E-02
2.25000000000E+09 -1.117518269E-01 +9.199316986E-02 -3.244325687E-02 +7.398203653E-02 -2.544703962E-01 +4.873703383E-02
2.26000000000E+09 +6.105878963E-02 +1.280755725E-01 +3.973991006E-02 +9.547697381E-02 -2.715869517E-01 +8.679582160E-02
2.27000000000E+09 +1.383299431E-01 -2.695716586E-02 +9.436535570E-02 +4.471770442E-02 -2.620470845E-01 +1.286415496E-01
2.28000000000E+09 +7.544827491E-03 -1.421607756E-01 +7.678896840E-02 -1.916905970E-02 -2.297255080E-01 +1.514318586E-01
2.29000000000E+09 -1.388290029E-01 -4.069593800E-02 +2.370306639E-02 -2.525925602E-02 -1.983443271E-01 +1.470259416E-01
2.30000000000E+09 -7.079660130E-02 +1.274061550E-01 +1.162023692E-02 +1.233130955E-02 -1.867847336E-01 +1.337792372E-01
2.31000000000E+09 +1.084864322E-01 +9.769261993E-02 +4.401382792E-02 +1.898984941E-02 -1.836763818E-01 +1.306365264E-01
2.32000000000E+09 +1.200748131E-01 -8.396131690E-02 +5.091278559E-02 -2.269242848E-02 -1.712998168E-01 +1.305421176E-01
2.33000000000E+09 -5.605951470E-02 -1.367205960E-01 +7.886380873E-04 -4.795536156E-02 -1.558522317E-01 +1.155983987E-01
2.34000000000E+09 -1.455870042E-01 +2.594418372E-02 -4.935435356E-02 -9.999058672E-03 -1.573505065E-01 +9.005817426E-02
2.35000000000E+09 -5.429871144E-03 +1.463908199E-01 -4.016901202E-02 +4.633191838E-02 -1.758631481E-01 +7.349337717E-02
2.36000000000E+09 +1.395321286E-01 +3.673991568E-02 -1.191875644E-03 +5.572250052E-02 -1.941476090E-01 +7.071251220E-02
2.37000000000E+09 +6.574931478E-02 -1.260532237E-01 +2.270839318E-03 +3.368173777E-02 -2.098778244E-01 +7.116850451E-02
2.38000000000E+09 -1.056568214E-01 -9.048712015E-02 -2.451180672E-02 +4.500703245E-02 -2.338768554E-01 +7.724043709E-02
2.39000000000E+09 -1.102318945E-01 +7.909668499E-02 -1.419144962E-02 +9.372062105E-02 -2.593059918E-01 +1.046577792E-01
2.40000000000E+09 +4.714986431E-02 +1.248711488E-01 +5.196436952E-02 +1.097912845E-01 -2.614066072E-01 +1.518594820E-01
2.41000000000E+09 +1.337861590E-01 -1.368767957E-02 +1.095163638E-01 +5.026535565E-02 -2.282950472E-01 +1.908248023E-01
2.42000000000E+09 +1.953349453E-02 -1.367237927E-01 +8.954025208E-02 -3.818758755E-02 -1.797044861E-01 +1.954475935E-01
2.43000000000E+09 -1.323978780E-01 -5.027397352E-02 +8.554550358E-03 -7.139604066E-02 -1.455249227E-01 +1.706388224E-01
2.44000000000E+09 -7.777755967E-02 +1.203644933E-01 -5.157934206E-02 -3.596559044E-02 -1.330691823E-01 +1.397486260E-01
2.45000000000E+09 +1.015952157E-01 +1.009840472E-01 -5.993615142E-02 +2.335192398E-03 -1.317950565E-01 +1.124008631E-01
2.46000000000E+09 +1.187585091E-01 -7.773636742E-02 -6.581704983E-02 +1.082186051E-02 -1.444247401E-01 +8.289533454E-02
2.47000000000E+09 -4.957714458E-02 -1.295241208E-01 -9.700612504E-02 +3.385500636E-02 -1.812624074E-01 +6.464513980E-02
2.48000000000E+09 -1.332074438E-01 +1.768664295E-02 -1.038605013E-01 +1.010501692E-01 -2.261359564E-01 +7.982686103E-02
2.49000000000E+09 -1.588898698E-02 +1.303823019E-01 -4.108395046E-02 +1.605410645E-01 -2.445675211E-01 +1.227905729E-01
2.50000000000E+09 +1.226371136E-01 +4.869395601E-02 +5.364544594E-02 +1.444611767E-01 -2.274256560E-01 +1.586560310E-01
2.51000000000E+09 +7.820081249E-02 -1.095865741E-01 +9.709540626E-02 +5.895907724E-02 -1.983641387E-01 +1.656955688E-01
2.52000000000E+09 -9.104659170E-02 -1.020535277E-01 +6.012763509E-02 -1.552296391E-02 -1.845752645E-01 +1.565427979E-01
2.53000000000E+09 -1.197981245E-01 +6.684064294E-02 +4.620006946E-03 -2.718397121E-02 -1.829812375E-01 +1.559604406E-01
2.54000000000E+09 +3.880665308E-02 +1.314863155E-01 -1.297376013E-02 -1.669139116E-02 -1.742243808E-01 +1.603836442E-01
2.55000000000E+09 +1.367050790E-01 -8.951809113E-03 -2.155602375E-02 -3.556883877E-02 -1.626192935E-01 +1.533768640E-01
2.56000000000E+09 +2.089550953E-02 -1.341988738E-01 -7.248000251E-02 -5.666047366E-02 -1.659769215E-01 +1.405981683E-01
2.57000000000E+09 -1.237462463E-01 -5.003751952E-02 -1.410279453E-01 -1.879619999E-02 -1.782043940E-01 +1.421949964E-01
2.58000000000E+09 -7.737734395E-02 +1.070212641E-01 -1.534875192E-01 +6.820508926E-02 -1.755401271E-01 +1.549979912E-01
2.59000000000E+09 +8.596304251E-02 +1.016883396E-01 -9.261210833E-02 +1.283100461E-01 -1.549889748E-01 +1.520056711E-01
2.60000000000E+09 +1.198906226E-01 -6.162676163E-02 -2.107321582E-02 +1.165154686E-01 -1.481270588E-01 +1.263304434E-01
2.61000000000E+09 -3.479236202E-02 -1.304531905E-01 +1.355607845E-03 +7.371189484E-02 -1.729302594E-01 +1.059549433E-01
2.62000000000E+09 -1.332053257E-01 +5.294057079E-03 -1.949882237E-03 +5.888843071E-02 -2.077355860E-01 +1.184162994E-01
2.63000000000E+09 -2.511313331E-02 +1.293503817E-01 +2.282465617E-02 +5.527334228E-02 -2.197465792E-01 +1.500831326E-01
2.64000000000E+09 +1.192760194E-01 +5.397697055E-02 +6.005880106E-02 +6.030999646E-03 -2.109620671E-01 +1.742848871E-01
2.65000000000E+09 +7.911458188E-02 -1.029299055E-01 +3.984760941E-02 -8.165605545E-02 -1.997879779E-01 +1.878307853E-01
2.66000000000E+09 -8.029253914E-02 -9.974541737E-02 -5.304457429E-02 -1.271678685E-01 -1.854358585E-01 +2.037167268E-01
2.67000000000E+09 -1.159161080E-01 +5.321880077E-02 -1.447689924E-01 -8.482767077E-02 -1.541269567E-01 +2.142560236E-01
2.68000000000E+09 +2.367368010E-02 +1.270234745E-01 -1.667849713E-01 -1.746477108E-03 -1.129427608E-01 +1.980751430E-01
2.69000000000E+09 +1.314613273E-01 +5.484473999E-03 -1.328861198E-01 +4.912982560E-02 -9.788707066E-02 +1.521503994E-01
2.70000000000E+09 +3.342162554E-02 -1.283610430E-01 -1.045986339E-01 +5.978554366E-02 -1.254439549E-01 +1.132357719E-01
2.71000000000E+09 -1.173400196E-01 -5.980595811E-02 -9.323854305E-02 +7.926803763E-02 -1.689610395E-01 +1.120093207E-01
2.72000000000E+09 -8.386956578E-02 +1.002511256E-01 -5.016576684E-02 +1.142324144E-01 -1.929422565E-01 +1.341751251E-01
2.73000000000E+09 +7.868910017E-02 +1.037128802E-01 +3.621010450E-02 +1.045646534E-01 -1.972205305E-01 +1.534858705E-01
2.74000000000E+09 +1.175593305E-01 -5.336172613E-02 +9.647909691E-02 +1.642488223E-02 -1.974270487E-01 +1.684625754E-01
2.75000000000E+09 -2.471791585E-02 -1.244921602E-01 +6.672724499E-02 -8.906743202E-02 -1.935495535E-01 +1.915883859E-01
2.76000000000E+09 -1.254292834E-01 -5.890299422E-03 -2.034804925E-02 -1.288373560E-01 -1.698432094E-01 +2.129037233E-01
2.77000000000E+09 -3.621048649E-02 +1.205681537E-01 -8.442525675E-02 -1.006387946E-01 -1.352890634E-01 +2.112836545E-01
2.78000000000E+09 +1.102440616E-01 +6.368731625E-02 -1.000473226E-01 -6.630931191E-02 -1.166428980E-01 +1.840830578E-01
2.79000000000E+09 +8.713727846E-02 -9.370622764E-02 -1.113579172E-01 -5.617683401E-02 -1.271828142E-01 +1.597226216E-01
2.80000000000E+09 -7.168263882E-02 -1.056987259E-01 -1.452318000E-01 -3.042456806E-02 -1.476635301E-01 +1.557660558E-01
2.81000000000E+09 -1.196040412E-01 +4.584000186E-02 -1.559336326E-01 +4.259750559E-02 -1.545836960E-01 +1.615980607E-01
2.82000000000E+09 +1.829183442E-02 +1.276319460E-01 -9.199665777E-02 +1.156765502E-01 -1.545327149E-01 +1.613542291E-01
2.83000000000E+09 +1.283217431E-01 +9.644618002E-03 +1.477011278E-02 +1.125371141E-01 -1.625632943E-01 +1.634781375E-01
2.84000000000E+09 +3.687090914E-02 -1.214038476E-01 +7.615057681E-02 +3.475462875E-02 -1.724962440E-01 +1.802075196E-01
2.85000000000E+09 -1.081446185E-01 -6.310421725E-02 +6.330806157E-02 -3.986428374E-02 -1.647689390E-01 +2.025399283E-01
2.86000000000E+09 -8.645103511E-02 +8.971624871E-02 +2.946839737E-02 -6.704341691E-02 -1.417597673E-01 +2.100687856E-01
2.87000000000E+09 +6.721155340E-02 +1.053356512E-01 +1.767650916E-02 -7.919472350E-02 -1.234785349E-01 +1.993293442E-01
2.88000000000E+09 +1.180116238E-01 -4.131014823E-02 +1.296409962E-03 -1.132089471E-01 -1.203490511E-01 +1.858089227E-01
2.89000000000E+09 -1.333040794E-02 -1.248096845E-01 -6.023041491E-02 -1.386813177E-01 -1.208367465E-01 +1.757027261E-01
2.90000000000E+09 -1.256928126E-01 -1.535899029E-02 -1.388562713E-01 -9.819826745E-02 -1.203905869E-01 +1.630904351E-01
2.91000000000E+09 -4.240763261E-02 +1.202406891E-01 -1.583295931E-01 -5.963936579E-04 -1.313733507E-01 +1.480087182E-01
2.92000000000E+09 +1.077936339E-01 +6.604564054E-02 -9.613124100E-02 +7.298773367E-02 -1.598073715E-01 +1.477148240E-01
2.93000000000E+09 +8.595317542E-02 -8.920471966E-02 -1.875730371E-02 +7.299089164E-02 -1.860266897E-01 +1.737973707E-01
2.94000000000E+09 -6.527344321E-02 -1.022660006E-01 +1.445017061E-02 +4.018302503E-02 -1.859624099E-01 +2.119804199E-01
2.95000000000E+09 -1.137824461E-01 +3.807682285E-02 +2.376502154E-02 +2.803354870E-02 -1.597208699E-01 +2.399885411E-01
2.96000000000E+09 +9.088067338E-03 +1.197028507E-01 +5.456491103E-02 +2.360363517E-02 -1.234798322E-01 +2.484521605E-01
2.97000000000E+09 +1.194454090E-01 +1.995447124E-02 +9.447224298E-02 -2.040075155E-02 -8.810354256E-02 +2.385817398E-01
2.98000000000E+09 +4.817335644E-02 -1.137524834E-01 +8.467098721E-02 -9.926009776E-02 -5.820348980E-02 +2.086071423E-01
2.99000000000E+09 -1.026827856E-01 -7.338857751E-02 +8.499777024E-03 -1.452900017E-01 -4.942762059E-02 +1.595371844E-01
3.00000000000E+09 -9.845277449E-02 +8.117535504E-02 -6.489732668E-02 -1.179769753E-01 -8.020850435E-02 +1.113934802E-01
3.01000000000E+09 +5.904527791E-02 +1.110549259E-01 -8.979863253E-02 -5.350810960E-02 -1.434009430E-01 +9.833874148E-02
3.02000000000E+09 +1.173300358E-01 -3.294903505E-02 -7.461997324E-02 -1.547672786E-02 -2.005827405E-01 +1.310588124E-01
3.03000000000E+09 -4.647369817E-03 -1.173102248E-01 -7.250140128E-02 +8.618146358E-04 -2.221051258E-01 +1.882914919E-01
3.04000000000E+09 -1.116552444E-01 -2.364809869E-02 -7.924980278E-02 +4.160862774E-02 -2.061594321E-01 +2.452742848E-01
3.05000000000E+09 -5.042223939E-02 +1.004166143E-01 -4.298074502E-02 +1.039852354E-01 -1.635973060E-01 +2.880513360E-01
3.06000000000E+09 +8.460638538E-02 +7.461185767E-02 +4.824145358E-02 +1.254161212E-01 -1.018772413E-01 +3.053833394E-01
3.07000000000E+09 +9.566396617E-02 -6.519628061E-02 +1.326696649E-01 +6.511263535E-02 -3.524361449E-02 +2.835019905E-01
3.08000000000E+09 -4.411178284E-02 -1.123273151E-01 +1.411305555E-01 -3.653506092E-02 +7.497456160E-03 +2.196981356E-01
3.09000000000E+09 -1.230826987E-01 +2.234046795E-02 +7.934272036E-02 -9.949216450E-02 -4.373908954E-03 +1.415453066E-01
3.10000000000E+09 -2.562029732E-05 +1.264096141E-01 +1.620922263E-02 -1.011100406E-01 -6.565589754E-02 +9.312808585E-02
3.11000000000E+09 +1.223496335E-01 +2.308379799E-02 -1.940306767E-02 -8.886917033E-02 -1.355847202E-01 +9.439113901E-02
3.12000000000E+09 +4.604873889E-02 -1.115630706E-01 -6.210086146E-02 -8.078848734E-02 -1.825740405E-01 +1.306250416E-01
3.13000000000E+09 -9.496426585E-02 -6.749514761E-02 -1.193926741E-01 -3.613499481E-02 -2.010082219E-01 +1.841132563E-01
3.14000000000E+09 -8.575481253E-02 +7.287778702E-02 -1.361034377E-01 +5.911122355E-02 -1.909168470E-01 +2.430340918E-01
3.15000000000E+09 +4.681373311E-02 +1.002051135E-01 -7.285094111E-02 +1.466830734E-01 -1.484264201E-01 +2.877509697E-01
3.16000000000E+09 +1.100438859E-01 -1.843591599E-02 +3.266422215E-02 +1.598116331E-01 -8.491103351E-02 +2.972711017E-01
3.17000000000E+09 +1.008029595E-02 -1.150371213E-01 +1.035920901E-01 +9.870529542E-02 -3.250372941E-02 +2.638154465E-01
3.18000000000E+09 -1.138862874E-01 -3.709801626E-02 +1.059176602E-01 +2.766009923E-02 -1.803252034E-02 +2.088313433E-01
3.19000000000E+09 -6.103186926E-02 +1.062778505E-01 +8.045683921E-02 -5.452186407E-03 -3.878812440E-02 +1.665405999E-01
3.20000000000E+09 +9.240211241E-02 +8.188662295E-02 +6.969905385E-02 -2.551821288E-02 -6.844666224E-02 +1.491356226E-01
3.21000000000E+09 +9.845100676E-02 -7.363091750E-02 +4.861409291E-02 -6.670881309E-02 -9.657445163E-02 +1.472491239E-01
3.22000000000E+09 -5.068105549E-02 -1.096538054E-01 -2.116543624E-02 -9.565634280E-02 -1.264349036E-01 +1.601323671E-01
3.23000000000E+09 -1.144456026E-01 +2.470347231E-02 -1.064641363E-01 -5.661140070E-02 -1.466148488E-01 +1.942775494E-01
3.24000000000E+09 -3.442294184E-03 +1.137036551E-01 -1.353876125E-01 +3.520611085E-02 -1.369889101E-01 +2.361515515E-01
3.25000000000E+09 +1.079789458E-01 +3.168992972E-02 -9.343988562E-02 +1.082900002E-01 -1.003967391E-01 +2.570513584E-01
3.26000000000E+09 +5.821400943E-02 -9.769543584E-02 -3.384463123E-02 +1.236893251E-01 -6.489654366E-02 +2.448200124E-01
3.27000000000E+09 -8.254805939E-02 -8.059043467E-02 -3.854215681E-03 +1.112048599E-01 -5.305422135E-02 +2.191484094E-01
3.28000000000E+09 -9.843286029E-02 +6.326656607E-02 +1.295430196E-02 +1.136027304E-01 -5.758417837E-02 +2.026281526E-01
3.29000000000E+09 +4.016964632E-02 +1.114445200E-01 +5.694312837E-02 +1.148036369E-01 -6.016144029E-02 +1.957454792E-01
3.30000000000E+09 +1.189481708E-01 -1.541857851E-02 +1.108019223E-01 +6.482252197E-02 -6.544551979E-02 +1.868856332E-01
3.31000000000E+09 +9.301092910E-03 -1.196586894E-01 +1.070845359E-01 -3.055621479E-02 -8.509276916E-02 +1.827154938E-01
3.32000000000E+09 -1.133076479E-01 -3.314431719E-02 +2.529658339E-02 -9.485024036E-02 -1.060362216E-01 +2.003499609E-01
3.33000000000E+09 -5.632980134E-02 +1.003649310E-01 -6.960192448E-02 -7.950690652E-02 -9.990517396E-02 +2.316362772E-01
3.34000000000E+09 +8.257376246E-02 +7.759811081E-02 -1.159851058E-01 -2.078365015E-02 -6.677111572E-02 +2.457125664E-01
3.35000000000E+09 +9.530329486E-02 -6.112009223E-02 -1.225899530E-01 +2.701007830E-02 -3.531845283E-02 +2.285159243E-01
3.36000000000E+09 -3.749474544E-02 -1.075630943E-01 -1.277666425E-01 +6.200459445E-02 -2.907156034E-02 +1.986683079E-01
3.37000000000E+09 -1.144841830E-01 +1.183314578E-02 -1.277247389E-01 +1.159008997E-01 -4.091383987E-02 +1.785161841E-01
3.38000000000E+09 -1.466459267E-02 +1.152278950E-01 -7.978322718E-02 +1.801940710E-01 -5.549370772E-02 +1.706489263E-01
3.39000000000E+09 +1.105883252E-01 +3.974292580E-02 +2.078377933E-02 +1.934899158E-01 -7.619446396E-02 +1.660086783E-01
3.40000000000E+09 +6.149536276E-02 -1.001918166E-01 +1.057375806E-01 +1.194894575E-01 -1.083156385E-01 +1.744564670E-01
3.41000000000E+09 -8.387849062E-02 -7.943854588E-02 +1.068429300E-01 +9.373899736E-03 -1.297957223E-01 +2.113425603E-01
3.42000000000E+09 -9.364279301E-02 +6.193472881E-02 +4.212177045E-02 -5.727446074E-02 -1.109172088E-01 +2.623229205E-01
3.43000000000E+09 +3.653674257E-02 +1.040836250E-01 -2.384806520E-02 -6.875751057E-02 -5.708261477E-02 +2.874608212E-01
3.44000000000E+09 +1.098691950E-01 -9.475021779E-03 -6.961584131E-02 -6.439004861E-02 -6.073101811E-04 +2.693143507E-01
3.45000000000E+09 +1.722345778E-02 -1.103881132E-01 -1.208086565E-01 -5.749560180E-02 +2.652245360E-02 +2.220873147E-01
3.46000000000E+09 -1.051012938E-01 -4.285433711E-02 -1.830227168E-01 -1.557306734E-02 +2.276388269E-02 +1.727836617E-01
3.47000000000E+09 -6.574307675E-02 +9.432755750E-02 -2.085469487E-01 +7.709514352E-02 -5.870083386E-03 +1.362191945E-01
3.48000000000E+09 +7.938561520E-02 +8.500907372E-02 -1.538347428E-01 +1.700743432E-01 -5.557037273E-02 +1.167036625E-01
3.49000000000E+09 +9.886110291E-02 -6.054572502E-02 -4.839974529E-02 +1.924751775E-01 -1.149288262E-01 +1.311854586E-01
3.50000000000E+09 -3.797219188E-02 -1.068075613E-01 +3.061297746E-02 +1.394874160E-01 -1.511010279E-01 +1.888537618E-01
3.51000000000E+09 -1.093760951E-01 +1.247823511E-02 +5.243425780E-02 +6.971606448E-02 -1.342314016E-01 +2.641704310E-01
3.52000000000E+09 -1.471067225E-02 +1.072084066E-01 +4.845783126E-02 +1.735419159E-02 -7.197049791E-02 +3.089906903E-01
3.53000000000E+09 +1.001489207E-01 +4.107500349E-02 +3.954982923E-02 -3.534792963E-02 +1.401831077E-03 +3.020270389E-01
3.54000000000E+09 +6.491528397E-02 -8.876930848E-02 +8.614121636E-04 -9.962556797E-02 +5.153095899E-02 +2.517827451E-01
3.55000000000E+09 -7.289167999E-02 -8.506690239E-02 -8.937789404E-02 -1.363138067E-01 +6.296803455E-02 +1.874277680E-01
3.56000000000E+09 -1.004946565E-01 +5.381541577E-02 -1.924237108E-01 -9.636641735E-02 +3.360373806E-02 +1.283666115E-01
3.57000000000E+09 +3.229488299E-02 +1.104759677E-01 -2.359708126E-01 +5.793014671E-03 -2.732247608E-02 +9.419222338E-02
3.58000000000E+09 +1.138503402E-01 -9.583513057E-03 -1.979960783E-01 +9.752815910E-02 -1.001667401E-01 +1.073039483E-01
3.59000000000E+09 +1.392191930E-02 -1.105528421E-01 -1.276736603E-01 +1.325027977E-01 -1.458180862E-01 +1.712782325E-01
3.60000000000E+09 -1.017175850E-01 -3.776196848E-02 -7.032540261E-02 +1.312894470E-01 -1.357430823E-01 +2.533117391E-01
3.61000000000E+09 -6.082860993E-02 +8.765051764E-02 -1.793171475E-02 +1.212258721E-01 -7.553261233E-02 +3.070755299E-01
3.62000000000E+09 +6.982259825E-02 +8.088084654E-02 +4.495894822E-02 +8.591978685E-02 -1.966611795E-03 +3.081888204E-01
3.63000000000E+09 +9.697755679E-02 -4.929425274E-02 +8.809583450E-02 -3.146198972E-04 +5.631580443E-02 +2.629751066E-01
3.64000000000E+09 -2.678355473E-02 -1.078960657E-01 +5.913347105E-02 -1.099325250E-01 +7.626771424E-02 +1.969596843E-01
3.65000000000E+09 -1.133212952E-01 +3.449598093E-03 -4.149579384E-02 -1.700355038E-01 +5.225214602E-02 +1.320627768E-01
3.66000000000E+09 -1.949947169E-02 +1.124359003E-01 -1.452225294E-01 -1.440758132E-01 -6.451215549E-03 +9.433147194E-02
3.67000000000E+09 +1.052542958E-01 +4.078278916E-02 -1.924565784E-01 -7.267562357E-02 -7.756105637E-02 +1.048780182E-01
3.68000000000E+09 +6.007501896E-02 -9.221210111E-02 -1.929967316E-01 -1.144578890E-02 -1.226830897E-01 +1.632400716E-01
3.69000000000E+09 -7.392596542E-02 -7.745418177E-02 -1.818608465E-01 +3.671116090E-02 -1.190601640E-01 +2.380939539E-01
3.70000000000E+09 -9.125021325E-02 +5.156257792E-02 -1.530819142E-01 +9.247370758E-02 -7.149037050E-02 +2.910723216E-01
3.71000000000E+09 +2.732371223E-02 +1.009773377E-01 -7.880124604E-02 +1.371288870E-01 -5.259087436E-03 +2.981258148E-01
3.72000000000E+09 +1.061526863E-01 -2.060701082E-03 +2.686860935E-02 +1.204818223E-01 +5.430921058E-02 +2.652200311E-01
3.73000000000E+09 +2.276541876E-02 -1.062364807E-01 +9.834549156E-02 +2.887907795E-02 +8.342818781E-02 +2.074634401E-01
3.74000000000E+09 -1.011049355E-01 -4.609218816E-02 +8.696977119E-02 -8.163681868E-02 +7.216705655E-02 +1.442964039E-01
3.75000000000E+09 -6.619218361E-02 +9.077474022E-02 +1.810172569E-02 -1.434420104E-01 +2.416715718E-02 +9.954656987E-02
3.76000000000E+09 +7.578059880E-02 +8.236152188E-02 -4.821702204E-02 -1.508575268E-01 -4.000265455E-02 +9.686192861E-02
3.77000000000E+09 +9.434095684E-02 -5.642786994E-02 -9.546602929E-02 -1.413572618E-01 -9.114196678E-02 +1.376434900E-01
3.78000000000E+09 -3.322000105E-02 -1.015678499E-01 -1.459931370E-01 -1.212087187E-01 -1.056915482E-01 +1.987422822E-01
3.79000000000E+09 -1.037378323E-01 +8.319584162E-03 -1.928203193E-01 -6.238891192E-02 -8.335299973E-02 +2.514065159E-01
3.80000000000E+09 -1.709219563E-02 +1.013028717E-01 -1.897065043E-01 +3.213637450E-02 -3.294934190E-02 +2.764018374E-01
3.81000000000E+09 +9.394457927E-02 +4.161570271E-02 -1.144777965E-01 +1.065581504E-01 +2.538171384E-02 +2.716119911E-01
3.82000000000E+09 +6.393075175E-02 -8.233704172E-02 -9.316530645E-03 +1.083665726E-01 +6.780760376E-02 +2.364877017E-01
3.83000000000E+09 -6.697770447E-02 -8.294021060E-02 +5.985073176E-02 +4.812843438E-02 +8.055022169E-02 +1.832118306E-01
3.84000000000E+09 -9.732910450E-02 +4.867605285E-02 +7.432441204E-02 -1.870588505E-02 +5.829304467E-02 +1.314697153E-01
3.85000000000E+09 +2.803853230E-02 +1.063108702E-01 +6.765400737E-02 -6.386556808E-02 +1.063717370E-02 +1.057922357E-01
3.86000000000E+09 +1.092940646E-01 -5.970788792E-03 +5.893812814E-02 -1.079994261E-01 -4.222335941E-02 +1.164126744E-01
3.87000000000E+09 +1.667263857E-02 -1.061339079E-01 +2.214398234E-02 -1.599933518E-01 -7.927978937E-02 +1.543538378E-01
3.88000000000E+09 -9.737402407E-02 -3.848381258E-02 -5.696399040E-02 -1.798765994E-01 -8.545498965E-02 +2.040014376E-01
3.89000000000E+09 -5.875108872E-02 +8.348866781E-02 -1.354173587E-01 -1.322834754E-01 -5.507098024E-02 +2.505056013E-01
3.90000000000E+09 +6.552077035E-02 +7.614646322E-02 -1.570408721E-01 -4.267572710E-02 -1.778023301E-03 +2.735232698E-01
3.91000000000E+09 +9.027969771E-02 -4.470233029E-02 -1.173700460E-01 +2.948911546E-02 +5.493072418E-02 +2.590000478E-01
3.92000000000E+09 -2.187639024E-02 -1.001771440E-01 -5.964140089E-02 +5.701925297E-02 +8.959008690E-02 +2.107174836E-01
3.93000000000E+09 -1.051020780E-01 -1.432245361E-03 -1.445995050E-02 +6.207939005E-02 +8.891596403E-02 +1.485670989E-01
3.94000000000E+09 -2.402491356E-02 +1.045621795E-01 +3.193959843E-02 +6.576438211E-02 +5.072208232E-02 +1.012819283E-01
3.95000000000E+09 +9.851763049E-02 +4.485066739E-02 +9.560689439E-02 +4.620777040E-02 -1.016443507E-02 +8.772038548E-02
3.96000000000E+09 +6.300069926E-02 -8.689802782E-02 +1.439352931E-01 -2.405049554E-02 -6.801753728E-02 +1.134172630E-01
3.97000000000E+09 -7.034364510E-02 -7.769709960E-02 +1.272713736E-01 -1.164601174E-01 -9.610558666E-02 +1.731479529E-01
3.98000000000E+09 -8.848583963E-02 +4.959090044E-02 +5.087724797E-02 -1.672151723E-01 -7.872911183E-02 +2.435176224E-01
3.99000000000E+09 +2.622529618E-02 +9.542486790E-02 -2.896645167E-02 -1.527867278E-01 -1.978484222E-02 +2.897912193E-01
4.00000000000E+09 +9.832072051E-02 -1.071520774E-03 -7.345928569E-02 -1.047510943E-01 +5.644548808E-02 +2.873622647E-01
4.01000000000E+09 +2.389364468E-02 -9.654710394E-02 -9.112280727E-02 -5.613840250E-02 +1.160028027E-01 +2.342952300E-01
4.02000000000E+09 -9.051471087E-02 -4.728969198E-02 -1.002101314E-01 -3.767102501E-03 +1.330103414E-01 +1.528790735E-01
4.03000000000E+09 -6.765669561E-02 +8.022725749E-02 -8.668485367E-02 +6.637062469E-02 +9.608274075E-02 +7.847551697E-02
4.04000000000E+09 +6.591972788E-02 +8.402469190E-02 -2.182374853E-02 +1.309739047E-01 +1.940711600E-02 +4.193754286E-02
4.05000000000E+09 +9.506964292E-02 -4.791095666E-02 +8.033573339E-02 +1.386565537E-01 -6.537225636E-02 +6.268366458E-02
4.06000000000E+09 -2.702905825E-02 -1.006187023E-01 +1.589654931E-01 +7.636883049E-02 -1.171276926E-01 +1.348799187E-01
4.07000000000E+09 -1.009763134E-01 +4.178404395E-03 +1.743072844E-01 -1.006641453E-02 -1.108653107E-01 +2.267676021E-01
4.08000000000E+09 -1.990755408E-02 +9.665122314E-02 +1.430388068E-01 -7.404544386E-02 -4.873385586E-02 +2.925320234E-01
4.09000000000E+09 +8.758797733E-02 +4.332212223E-02 +9.644091809E-02 -1.112480133E-01 +4.033737271E-02 +3.014560217E-01
4.10000000000E+09 +6.452182223E-02 -7.504373250E-02 +3.774699893E-02 -1.331478290E-01 +1.175893612E-01 +2.493520202E-01
4.11000000000E+09 -5.957688341E-02 -8.257222732E-02 -4.214373452E-02 -1.266078135E-01 +1.462726829E-01 +1.606466677E-01
4.12000000000E+09 -9.607388305E-02 +4.185433314E-02 -1.205583110E-01 -6.267493731E-02 +1.108018515E-01 +7.428448568E-02
4.13000000000E+09 +2.246069947E-02 +1.039022106E-01 -1.432140544E-01 +5.048521606E-02 +2.525142773E-02 +2.966327215E-02
4.14000000000E+09 +1.055717863E-01 -2.329734426E-03 -8.548510166E-02 +1.516565443E-01 -6.900215583E-02 +5.149785355E-02
4.15000000000E+09 +1.835163701E-02 -1.014511274E-01 +1.222857462E-02 +1.879897777E-01 -1.260453356E-01 +1.315611545E-01
4.16000000000E+09 -9.190658511E-02 -3.906575017E-02 +9.436221534E-02 +1.658986909E-01 -1.196375035E-01 +2.297891457E-01
4.17000000000E+09 -5.869503189E-02 +7.750242603E-02 +1.459164727E-01 +1.191452985E-01 -5.408063730E-02 +2.990441090E-01
4.18000000000E+09 +5.979138082E-02 +7.573480102E-02 +1.765404892E-01 +5.817697555E-02 +4.119538659E-02 +3.100135078E-01
4.19000000000E+09 +8.988853955E-02 -3.972691512E-02 +1.767938193E-01 -2.355197222E-02 +1.254084637E-01 +2.601025821E-01
4.20000000000E+09 -1.825518905E-02 -9.972324879E-02 +1.189417113E-01 -1.069598569E-01 +1.587731470E-01 +1.707397869E-01
4.21000000000E+09 -1.046328564E-01 -3.039713264E-03 +4.563934902E-03 -1.386423942E-01 +1.259263439E-01 +8.076002756E-02
4.22000000000E+09 -2.332071864E-02 +1.037583614E-01 -1.084094319E-01 -8.345418755E-02 +4.234999645E-02 +3.370426778E-02
4.23000000000E+09 +9.702931913E-02 +4.204223041E-02 -1.555457963E-01 +2.566161985E-02 -4.887365649E-02 +5.255200886E-02
4.24000000000E+09 +5.905145031E-02 -8.455375205E-02 -1.321196631E-01 +1.237111047E-01 -1.033713545E-01 +1.245980929E-01
4.25000000000E+09 -6.719113358E-02 -7.374702398E-02 -7.676542375E-02 +1.832794018E-01 -9.950932386E-02 +2.108445717E-01
4.26000000000E+09 -8.515259894E-02 +4.630679225E-02 -1.107496229E-02 +2.139929485E-01 -4.239768442E-02 +2.714651806E-01
4.27000000000E+09 +2.348422501E-02 +9.329163587E-02 +6.767895342E-02 +2.151001818E-01 +4.082697562E-02 +2.830556751E-01
4.28000000000E+09 +9.739613528E-02 +5.551062529E-04 +1.464838704E-01 +1.655316974E-01 +1.136269762E-01 +2.427587894E-01
4.29000000000E+09 +2.369953949E-02 -9.718303453E-02 +1.809691896E-01 +6.350078529E-02 +1.429188344E-01 +1.669210254E-01
4.30000000000E+09 -9.283489174E-02 -4.491460154E-02 +1.349669247E-01 -4.366073455E-02 +1.135348147E-01 +8.924111472E-02
4.31000000000E+09 -6.299907320E-02 +8.376202299E-02 +3.063496653E-02 -9.203783817E-02 +4.253261912E-02 +4.826054083E-02
4.32000000000E+09 +6.994937533E-02 +7.741743959E-02 -6.789627524E-02 -6.746795488E-02 -3.091226848E-02 +6.377783066E-02
4.33000000000E+09 +8.776599770E-02 -5.194504404E-02 -1.248442597E-01 -8.770093693E-03 -7.573518184E-02 +1.202500125E-01
4.34000000000E+09 -3.075404781E-02 -9.399025054E-02 -1.507598058E-01 +5.396275693E-02 -7.681947729E-02 +1.846587385E-01
4.35000000000E+09 -9.575791392E-02 +7.967305324E-03 -1.541542457E-01 +1.227066075E-01 -3.810175999E-02 +2.336943970E-01
4.36000000000E+09 -1.546590016E-02 +9.340364992E-02 -1.191637900E-01 +1.932344407E-01 +2.189514487E-02 +2.517849032E-01
4.37000000000E+09 +8.647305603E-02 +3.795254665E-02 -3.936022651E-02 +2.315006599E-01 +8.005678567E-02 +2.328485363E-01
4.38000000000E+09 +5.835867384E-02 -7.626390264E-02 +5.068369472E-02 +2.045684405E-01 +1.096803195E-01 +1.819120403E-01
4.39000000000E+09 -6.256722145E-02 -7.572351063E-02 +9.743404242E-02 +1.240556821E-01 +1.000423211E-01 +1.210860762E-01
4.40000000000E+09 -8.847056149E-02 +4.617606312E-02 +8.150607088E-02 +4.165803623E-02 +5.947156878E-02 +8.362639090E-02
4.41000000000E+09 +2.752621155E-02 +9.638198039E-02 +3.315638355E-02 -5.832910656E-03 +1.098927512E-02 +8.335399839E-02
4.42000000000E+09 +9.919647953E-02 -7.364338136E-03 -1.552699800E-02 -2.663589427E-02 -2.501210495E-02 +1.079871898E-01
4.43000000000E+09 +1.346345091E-02 -9.692048861E-02 -6.675792691E-02 -3.651915963E-02 -4.010066596E-02 +1.419760373E-01
4.44000000000E+09 -8.977832377E-02 -3.354588061E-02 -1.276088750E-01 -2.303586676E-02 -3.355366233E-02 +1.779586705E-01
4.45000000000E+09 -5.219349471E-02 +7.808079574E-02 -1.744253222E-01 +2.938109111E-02 -7.748755822E-03 +2.067261032E-01
4.46000000000E+09 +6.276410497E-02 +6.814489490E-02 -1.739365884E-01 +1.002638689E-01 +3.020507791E-02 +2.150363508E-01
4.47000000000E+09 +8.128599832E-02 -4.466205504E-02 -1.280743318E-01 +1.461978055E-01 +6.277979016E-02 +1.938659654E-01
4.48000000000E+09 -2.449256869E-02 -9.002175277E-02 -7.391195879E-02 +1.476977735E-01 +7.682199883E-02 +1.564004380E-01
4.49000000000E+09 -9.422955219E-02 +3.829986314E-03 -4.030691054E-02 +1.252510723E-01 +6.648573665E-02 +1.239014236E-01
4.50000000000E+09 -1.695368486E-02 +9.361306864E-02 -1.960211262E-02 +1.033376616E-01 +4.156364260E-02 +1.082346514E-01
4.51000000000E+09 +8.829003238E-02 +3.665453451E-02 +5.161882222E-03 +7.479202016E-02 +1.144264800E-02 +1.069402668E-01
4.52000000000E+09 +5.447029000E-02 -7.843367237E-02 +2.064027859E-02 +2.099364986E-02 -1.408381482E-02 +1.181059264E-01
4.53000000000E+09 -6.459101328E-02 -6.913513719E-02 -3.363241920E-03 -4.446960764E-02 -2.964783551E-02 +1.464242680E-01
4.54000000000E+09 -8.026947510E-02 +4.719100799E-02 -6.595919132E-02 -8.091871558E-02 -2.253458812E-02 +1.847733118E-01
4.55000000000E+09 +2.731863118E-02 +8.756635287E-02 -1.292340671E-01 -7.047362569E-02 +9.210316082E-03 +2.076566868E-01
4.56000000000E+09 +9.075339769E-02 -5.719016050E-03 -1.641531695E-01 -3.496447587E-02 +5.210117147E-02 +1.987471448E-01
4.57000000000E+09 +1.560977071E-02 -8.955537259E-02 -1.758339904E-01 +1.264132035E-04 +7.985112849E-02 +1.645832361E-01
4.58000000000E+09 -8.448147177E-02 -3.603560206E-02 -1.782705379E-01 +3.560214237E-02 +7.718884184E-02 +1.229501789E-01
4.59000000000E+09 -5.430559827E-02 +7.511704334E-02 -1.621419161E-01 +8.064403886E-02 +4.740337445E-02 +9.311434164E-02
4.60000000000E+09 +6.240375764E-02 +6.959909627E-02 -1.080874370E-01 +1.175866626E-01 +2.190462833E-03 +8.458692578E-02
4.61000000000E+09 +8.113946809E-02 -4.665094702E-02 -2.770216689E-02 +1.089773404E-01 -4.169851254E-02 +1.049143094E-01
4.62000000000E+09 -2.854244114E-02 -8.816121936E-02 +3.213321754E-02 +4.468472536E-02 -6.363904989E-02 +1.572204578E-01
4.63000000000E+09 -9.050611401E-02 +8.765744265E-03 +3.791859516E-02 -3.874537220E-02 -4.475651991E-02 +2.198946874E-01
4.64000000000E+09 -1.197488133E-02 +8.844011591E-02 +1.738674595E-03 -9.952876821E-02 +1.543784946E-02 +2.545525815E-01
4.65000000000E+09 +8.206239968E-02 +3.236870546E-02 -4.638272111E-02 -1.292594472E-01 +9.164112400E-02 +2.380398849E-01
4.66000000000E+09 +5.108672757E-02 -7.233132629E-02 -9.578221840E-02 -1.389396923E-01 +1.432597987E-01 +1.755758732E-01
4.67000000000E+09 -5.940742682E-02 -6.730722946E-02 -1.493198295E-01 -1.259572059E-01 +1.417696014E-01 +9.194676129E-02
4.68000000000E+09 -7.960421559E-02 +4.408320824E-02 -1.927710192E-01 -7.701468265E-02 +8.411855450E-02 +2.263995664E-02
4.69000000000E+09 +2.699142999E-02 +8.777279974E-02 -1.939286891E-01 -1.171305492E-03 -8.582463591E-03 -2.056890913E-03
4.70000000000E+09 +9.076117932E-02 -8.614274815E-03 -1.403760631E-01 +6.077484311E-02 -1.003324544E-01 +3.816565337E-02
4.71000000000E+09 +1.007172480E-02 -8.861770360E-02 -6.143666162E-02 +7.486591323E-02 -1.484076704E-01 +1.347501631E-01
4.72000000000E+09 -8.164019479E-02 -2.867556183E-02 +3.957541983E-03 +4.704571806E-02 -1.262715662E-01 +2.456738870E-01
4.73000000000E+09 -4.638385217E-02 +7.039190296E-02 +4.522250170E-02 +2.629615567E-03 -3.723670247E-02 +3.160449437E-01
4.74000000000E+09 +5.574916921E-02 +6.198237046E-02 +6.995853731E-02 -4.939076058E-02 +7.792277098E-02 +3.170366053E-01
4.75000000000E+09 +7.470433820E-02 -3.865100421E-02 +7.353547274E-02 -1.127483243E-01 +1.713277716E-01 +2.488727314E-01
4.76000000000E+09 -1.996425262E-02 -8.365757339E-02 +3.889169064E-02 -1.754634681E-01 +2.018987846E-01 +1.385795825E-01
4.77000000000E+09 -8.851751219E-02 +8.607641843E-04 -3.308675070E-02 -2.034959137E-01 +1.590203456E-01 +2.508429694E-02
4.78000000000E+09 -1.804729280E-02 +8.851766716E-02 -1.065562473E-01 -1.736108877E-01 +5.547452871E-02 -4.257117557E-02
4.79000000000E+09 +8.342695592E-02 +3.526209361E-02 -1.396615352E-01 -1.033076367E-01 -7.001703953E-02 -2.766991283E-02
4.80000000000E+09 +5.068304792E-02 -7.350698963E-02 -1.239989735E-01 -3.270137102E-02 -1.583615893E-01 +6.749148950E-02
4.81000000000E+09 -5.945528279E-02 -6.372298759E-02 -7.981671374E-02 +1.850613642E-02 -1.664410435E-01 +1.924134664E-01
4.82000000000E+09 -7.406633293E-02 +4.194630464E-02 -1.856764660E-02 +4.944931820E-02 -9.769978027E-02 +2.872618249E-01
4.83000000000E+09 +2.239681232E-02 +8.121852712E-02 +5.871907477E-02 +5.249705238E-02 +8.578009445E-03 +3.193030418E-01
4.84000000000E+09 +8.465433974E-02 -1.759269978E-03 +1.351604393E-01 +1.008181766E-02 +1.038725939E-01 +2.852023681E-01
4.85000000000E+09 +1.864332941E-02 -8.422368883E-02 +1.723375249E-01 -7.479922289E-02 +1.564821865E-01 +2.044576872E-01
4.86000000000E+09 -7.987204080E-02 -3.833678311E-02 +1.442687175E-01 -1.614291765E-01 +1.553608455E-01 +1.068238081E-01
4.87000000000E+09 -5.560483475E-02 +7.136644952E-02 +7.004696144E-02 -2.009042507E-01 +9.797046750E-02 +3.414243545E-02
4.88000000000E+09 +5.975815098E-02 +6.951175439E-02 -1.453392557E-03 -1.813282436E-01 +7.761514464E-03 +1.793085275E-02
4.89000000000E+09 +7.994213898E-02 -4.489327194E-02 -3.954899981E-02 -1.304516613E-01 -6.852810344E-02 +6.456014800E-02
4.90000000000E+09 -2.724840915E-02 -8.636983173E-02 -4.806133872E-02 -7.479497613E-02 -9.207886890E-02 +1.400648662E-01
4.91000000000E+09 -8.889713433E-02 +7.946077118E-03 -3.464226357E-02 -1.884823158E-02 -6.223753402E-02 +1.989571437E-01
4.92000000000E+09 -1.185394079E-02 +8.753195656E-02 +7.236101521E-03 +3.091169690E-02 -1.139230583E-02 +2.228438708E-01
4.93000000000E+09 +8.214904507E-02 +3.087137539E-02 +7.476297067E-02 +5.001954057E-02 +3.077576370E-02 +2.142985085E-01
4.94000000000E+09 +4.829687211E-02 -7.308150969E-02 +1.361804276E-01 +2.257052221E-02 +5.628623724E-02 +1.842112902E-01
4.95000000000E+09 -6.040144163E-02 -6.335973674E-02 +1.564421365E-01 -3.006296908E-02 +6.286779256E-02 +1.488450201E-01
4.96000000000E+09 -7.475629737E-02 +4.513686710E-02 +1.362750710E-01 -6.660316664E-02 +4.641271756E-02 +1.220577256E-01
4.97000000000E+09 +2.816371710E-02 +8.242885575E-02 +1.087459166E-01 -7.028271363E-02 +1.513840846E-02 +1.168945159E-01
4.98000000000E+09 +8.572453750E-02 -9.818914663E-03 +9.660917522E-02 -6.017628765E-02 -8.747859702E-03 +1.331203635E-01
4.99000000000E+09 +9.101429626E-03 -8.486361409E-02 +9.062430251E-02 -5.567853016E-02 -9.154829857E-03 +1.521365815E-01
5.00000000000E+09 -7.983830131E-02 -2.752749905E-02 +7.620841664E-02 -4.990049079E-02 +4.729685680E-03 +1.596386698E-01
5.01000000000E+09 -4.415929469E-02 +7.120214215E-02 +6.161757743E-02 -2.897896145E-02 +1.037684320E-02 +1.574158660E-01
5.02000000000E+09 +5.922745540E-02 +5.831541068E-02 +6.379380168E-02 -9.688834551E-04 +5.616811969E-03 +1.548834186E-01
5.03000000000E+09 +6.937526565E-02 -4.434650233E-02 +7.805403595E-02 +1.395759062E-02 +4.611079744E-03 +1.575428835E-01
5.04000000000E+09 -2.724219390E-02 -7.675082069E-02 +8.298115041E-02 +1.591431461E-02 +1.189148022E-02 +1.601254613E-01
5.05000000000E+09 -8.017126231E-02 +9.309869365E-03 +7.441300153E-02 +2.666246074E-02 +1.532634640E-02 +1.571363696E-01
5.06000000000E+09 -8.770070025E-03 +7.950096744E-02 +7.483964642E-02 +5.548957680E-02 +9.778058694E-03 +1.526465736E-01
5.07000000000E+09 +7.467761254E-02 +2.613342309E-02 +1.010209459E-01 +8.084849571E-02 +3.970808016E-03 +1.511396852E-01
5.08000000000E+09 +4.217866173E-02 -6.590154709E-02 +1.373734569E-01 +7.790626435E-02 +4.315690185E-03 +1.503669684E-01
5.09000000000E+09 -5.377174698E-02 -5.555760361E-02 +1.554720563E-01 +5.094009532E-02 -7.920713964E-04 +1.501131034E-01
5.10000000000E+09 -6.583337385E-02 +3.946772929E-02 +1.483639113E-01 +2.400613568E-02 -1.642696285E-02 +1.559367562E-01
5.11000000000E+09 +2.301174723E-02 +7.252522320E-02 +1.308533508E-01 +8.521764430E-03 -2.698033272E-02 +1.771925318E-01
5.12000000000E+09 +7.527684647E-02 -5.442776915E-03 +1.101269935E-01 -3.998051224E-03 -1.354548315E-02 +2.037200907E-01
5.13000000000E+09 +1.247104291E-02 -7.420803241E-02 +7.490217919E-02 -1.464378924E-02 +2.329338027E-02 +2.139380561E-01
5.14000000000E+09 -6.956294898E-02 -2.942340036E-02 +2.188600800E-02 -2.851022011E-03 +5.440488309E-02 +1.958949423E-01
5.15000000000E+09 -4.442213475E-02 +6.145960693E-02 -2.281296759E-02 +4.827759750E-02 +6.342311625E-02 +1.598021359E-01
5.16000000000E+09 +5.008661340E-02 +5.690028511E-02 -2.516164865E-02 +1.207495193E-01 +5.060525155E-02 +1.258298996E-01
5.17000000000E+09 +6.602335506E-02 -3.568762151E-02 +1.681510307E-02 +1.738177461E-01 +2.387885448E-02 +1.064381166E-01
5.18000000000E+09 -1.979281593E-02 -7.131500502E-02 +7.311500605E-02 +1.862621667E-01 -1.671958502E-02 +1.064576731E-01
5.19000000000E+09 -7.296681384E-02 +2.883441122E-03 +1.180246488E-01 +1.678001995E-01 -5.856574257E-02 +1.335172755E-01
5.20000000000E+09 -1.436197788E-02 +7.039361038E-02 +1.478789930E-01 +1.320421344E-01 -7.461947729E-02 +1.839546946E-01
5.21000000000E+09 +6.429350291E-02 +3.092151308E-02 +1.605978392E-01 +7.851811358E-02 -4.806500431E-02 +2.357342944E-01
5.22000000000E+09 +4.632242191E-02 -5.502719724E-02 +1.387671005E-01 +1.084828624E-02 +1.066890883E-02 +2.563351050E-01
5.23000000000E+09 -4.322571983E-02 -5.909953467E-02 +6.792195260E-02 -4.179169830E-02 +6.251884453E-02 +2.338870235E-01
5.24000000000E+09 -6.866396548E-02 +2.966808198E-02 -3.141882199E-02 -3.941300775E-02 +8.205054037E-02 +1.844115306E-01
5.25000000000E+09 +1.448187862E-02 +7.417941329E-02 -1.072477423E-01 +2.500415002E-02 +6.967978748E-02 +1.378936175E-01
5.26000000000E+09 +7.518380441E-02 +1.542501895E-03 -1.247212763E-01 +1.120704471E-01 +3.358736221E-02 +1.148338824E-01
5.27000000000E+09 +1.747537617E-02 -7.223269657E-02 -9.456346680E-02 +1.787620765E-01 -1.243021492E-02 +1.177315145E-01
5.28000000000E+09 -6.532366357E-02 -3.289144097E-02 -4.470125171E-02 +2.135568526E-01 -5.030922311E-02 +1.476883595E-01
5.29000000000E+09 -4.669797210E-02 +5.480758440E-02 +1.313266361E-02 +2.210593254E-01 -5.408703606E-02 +1.970373604E-01
5.30000000000E+09 +4.164547597E-02 +5.880457602E-02 +7.429060905E-02 +1.955923896E-01 -1.739563233E-02 +2.357970619E-01
5.31000000000E+09 +6.834303502E-02 -2.632161743E-02 +1.174706873E-01 +1.283474683E-01 +3.655468470E-02 +2.368953873E-01
5.32000000000E+09 -1.056652139E-02 -7.461091208E-02 +1.093762058E-01 +3.585030714E-02 +6.883444972E-02 +1.950265342E-01
5.33000000000E+09 -7.714250466E-02 -5.051278515E-03 +4.144268548E-02 -3.474727990E-02 +5.502834001E-02 +1.442490605E-01
5.34000000000E+09 -1.997338725E-02 +7.508265174E-02 -4.882644931E-02 -4.734326833E-02 +1.125246893E-02 +1.220543769E-01
5.35000000000E+09 +6.856484084E-02 +3.376361231E-02 -1.152625033E-01 -1.420311675E-02 -3.689705504E-02 +1.385099564E-01
5.36000000000E+09 +4.595123077E-02 -5.829993722E-02 -1.492110616E-01 +3.064781863E-02 -6.682614637E-02 +1.817336205E-01
5.37000000000E+09 -4.473068075E-02 -5.608179817E-02 -1.647944962E-01 +7.633610587E-02 -6.153327010E-02 +2.371407359E-01
5.38000000000E+09 -6.369396351E-02 +2.887186499E-02 -1.607080743E-01 +1.283827264E-01 -1.604955601E-02 +2.824266960E-01
5.39000000000E+09 +1.121928818E-02 +6.864713954E-02 -1.225155594E-01 +1.759237841E-01 +5.701360698E-02 +2.923806633E-01
5.40000000000E+09 +7.033126340E-02 +6.677331093E-03 -5.396632741E-02 +1.896450890E-01 +1.225289025E-01 +2.473607374E-01
5.41000000000E+09 +2.347568233E-02 -6.940314930E-02 +1.159530403E-02 +1.524482196E-01 +1.384697515E-01 +1.627475337E-01
5.42000000000E+09 -6.522888757E-02 -3.841565883E-02 +3.810045699E-02 +8.412643185E-02 +9.096552231E-02 +8.357922911E-02
5.43000000000E+09 -5.038765979E-02 +5.759550283E-02 +2.421123426E-02 +2.337727876E-02 +4.802281217E-03 +5.807296270E-02
5.44000000000E+09 +4.634411359E-02 +5.932944155E-02 -4.225769698E-03 -1.659671675E-02 -7.768808095E-02 +9.472791256E-02
5.45000000000E+09 +6.509367118E-02 -3.231524145E-02 -3.821779620E-02 -4.723920000E-02 -1.205182753E-01 +1.683104208E-01
5.46000000000E+09 -1.620830899E-02 -6.780706569E-02 -8.770754262E-02 -6.492531934E-02 -1.131268877E-01 +2.521160794E-01
5.47000000000E+09 -6.733157035E-02 -1.043868261E-03 -1.440404376E-01 -4.842305719E-02 -5.617399982E-02 +3.191693599E-01
5.48000000000E+09 -1.835598434E-02 +6.356751923E-02 -1.741934715E-01 +4.419186268E-03 +2.561162690E-02 +3.441890924E-01
5.49000000000E+09 +5.719600272E-02 +3.439677770E-02 -1.557011991E-01 +6.216869981E-02 +1.041564490E-01 +3.139461543E-01
5.50000000000E+09 +4.868926629E-02 -4.867365545E-02 -1.036180248E-01 +8.740157308E-02 +1.462361382E-01 +2.407500621E-01
5.51000000000E+09 -3.798538531E-02 -6.006443124E-02 -5.569348433E-02 +7.430860368E-02 +1.402971835E-01 +1.622545890E-01
5.52000000000E+09 -6.803014585E-02 +2.578099949E-02 -2.962215286E-02 +4.926203412E-02 +9.247388172E-02 +1.089465021E-01
5.53000000000E+09 +1.219305592E-02 +7.201342159E-02 -9.753985012E-03 +2.897002839E-02 +2.660893165E-02 +9.138381738E-02
5.54000000000E+09 +7.218177001E-02 +1.834514993E-03 +1.425230131E-02 -2.264357835E-04 -3.482875951E-02 +1.094420073E-01
5.55000000000E+09 +1.602003821E-02 -6.847594086E-02 +2.355116955E-02 -4.743020095E-02 -7.443202590E-02 +1.573901166E-01
5.56000000000E+09 -6.127849898E-02 -2.935180257E-02 +2.289503902E-03 -9.074759229E-02 -8.220022946E-02 +2.197146988E-01
5.57000000000E+09 -4.127051368E-02 +5.120730770E-02 -3.237013814E-02 -1.060444255E-01 -6.117914546E-02 +2.714498627E-01
5.58000000000E+09 +3.904128288E-02 +5.100261291E-02 -5.349194780E-02 -1.006588256E-01 -2.179065289E-02 +3.009997192E-01
5.59000000000E+09 +5.802561174E-02 -2.515625605E-02 -6.153356569E-02 -9.866172013E-02 +2.418211832E-02 +3.095160483E-01
5.60000000000E+09 -1.016763217E-02 -6.198500608E-02 -7.868267858E-02 -1.015243862E-01 +7.175600284E-02 +3.036959761E-01
5.61000000000E+09 -6.279792416E-02 -5.399282169E-03 -1.087658075E-01 -8.353519087E-02 +1.139261407E-01 +2.755196421E-01
5.62000000000E+09 -2.022014200E-02 +6.050696400E-02 -1.214051024E-01 -3.050420671E-02 +1.367594325E-01 +2.251779270E-01
5.63000000000E+09 +5.579258018E-02 +3.350980635E-02 -8.546630664E-02 +3.133521597E-02 +1.239986150E-01 +1.608137261E-01
5.64000000000E+09 +4.450679120E-02 -4.830497833E-02 -9.599257905E-03 +5.805535495E-02 +7.673368669E-02 +1.157499950E-01
5.65000000000E+09 -3.846708730E-02 -5.240638632E-02 +6.577184959E-02 +3.559000696E-02 +6.842335596E-03 +1.083082471E-01
5.66000000000E+09 -5.698268851E-02 +2.638704823E-02 +1.151726770E-01 -1.476048466E-02 -5.731062547E-02 +1.418252166E-01
5.67000000000E+09 +1.301507549E-02 +5.838353535E-02 +1.405322584E-01 -7.617886642E-02 -8.902497703E-02 +2.050569455E-01
5.68000000000E+09 +5.676653072E-02 +1.394973305E-03 +1.381890916E-01 -1.480834523E-01 -7.779642665E-02 +2.834982487E-01
5.69000000000E+09 +1.591169809E-02 -5.215998609E-02 +9.135336783E-02 -2.161949093E-01 -2.304895648E-02 +3.445837532E-01
5.70000000000E+09 -4.484392199E-02 -2.953960628E-02 +7.325164518E-04 -2.433854559E-01 +5.681811011E-02 +3.639686574E-01
5.71000000000E+09 -4.144936163E-02 +3.591826865E-02 -9.629059715E-02 -1.986642051E-01 +1.311729211E-01 +3.292383277E-01
5.72000000000E+09 +2.571491142E-02 +5.130169871E-02 -1.436319297E-01 -9.192496656E-02 +1.688063869E-01 +2.509683017E-01
5.73000000000E+09 +5.796656313E-02 -1.477688354E-02 -1.111651677E-01 +2.336431450E-02 +1.535290055E-01 +1.718675015E-01
5.74000000000E+09 -3.635105816E-03 -6.096514425E-02 -2.199952833E-02 +9.374301418E-02 +9.001543036E-02 +1.200024784E-01
5.75000000000E+09 -5.982707580E-02 -7.522446157E-03 +8.007821859E-02 +1.083886462E-01 +1.040267344E-02 +1.182573545E-01
5.76000000000E+09 -1.847107146E-02 +5.507704538E-02 +1.736383536E-01 +7.939912013E-02 -4.830766755E-02 +1.677123534E-01
5.77000000000E+09 +4.679041637E-02 +2.923207704E-02 +2.459318507E-01 +8.455514674E-03 -6.188229085E-02 +2.500199877E-01
5.78000000000E+09 +3.884260674E-02 -3.569666960E-02 +2.694179120E-01 -9.691394703E-02 -2.212449015E-02 +3.217729390E-01
5.79000000000E+09 -2.303900998E-02 -4.678258294E-02 +2.209071564E-01 -2.003170253E-01 +4.829986664E-02 +3.495311456E-01
5.80000000000E+09 -5.281428368E-02 +9.757727544E-03 +1.121040646E-01 -2.502004876E-01 +1.145248138E-01 +3.159699144E-01
5.81000000000E+09 -3.582352705E-03 +5.661353101E-02 -6.136989609E-03 -2.162844558E-01 +1.473278384E-01 +2.508775245E-01
5.82000000000E+09 +5.740563798E-02 +1.579079929E-02 -7.545398417E-02 -1.179067757E-01 +1.243523527E-01 +1.911691214E-01
5.83000000000E+09 +2.648867946E-02 -5.499127205E-02 -7.744459568E-02 -7.039708802E-03 +7.034678959E-02 +1.620502790E-01
5.84000000000E+09 -4.883944131E-02 -3.521363597E-02 -3.222487267E-02 +8.469801497E-02 +1.379911815E-02 +1.750140756E-01
5.85000000000E+09 -4.236131494E-02 +3.936513149E-02 +4.737399951E-02 +1.500471120E-01 -2.132812579E-02 +2.249233467E-01
5.86000000000E+09 +2.690957673E-02 +4.757475501E-02 +1.558831512E-01 +1.703943580E-01 -1.228654734E-02 +2.941163684E-01
5.87000000000E+09 +5.060707565E-02 -1.266822805E-02 +2.618784617E-01 +1.235957797E-01 +3.398270607E-02 +3.428706007E-01
5.88000000000E+09 +2.269196090E-03 -5.157468687E-02 +3.168593306E-01 +2.027069668E-02 +1.006085871E-01 +3.435331179E-01
5.89000000000E+09 -5.067205992E-02 -1.701792307E-02 +2.924448542E-01 -9.270096275E-02 +1.556368512E-01 +2.931998110E-01
5.90000000000E+09 -3.058592162E-02 +4.765635977E-02 +2.036688352E-01 -1.609095812E-01 +1.674482162E-01 +2.256250888E-01
5.91000000000E+09 +4.303228171E-02 +4.192051039E-02 +9.925014057E-02 -1.611471636E-01 +1.260507653E-01 +1.737528337E-01
5.92000000000E+09 +5.047567567E-02 -3.585004730E-02 +1.752836372E-02 -1.124109453E-01 +6.646441301E-02 +1.616140207E-01
5.93000000000E+09 -2.662066837E-02 -5.559256344E-02 -3.588658997E-02 -3.619668293E-02 +1.476073556E-02 +1.863710149E-01
5.94000000000E+09 -5.770395220E-02 +1.516967401E-02 -5.282203869E-02 +6.440957499E-02 -1.004223538E-02 +2.385535672E-01
5.95000000000E+09 +2.157769872E-03 +5.658851607E-02 -9.837591407E-03 +1.678180917E-01 -2.292606469E-03 +2.994718960E-01
5.96000000000E+09 +5.278644742E-02 +1.160281768E-02 +8.819055898E-02 +2.256126761E-01 +3.966480928E-02 +3.407022018E-01
5.97000000000E+09 +2.500346836E-02 -4.679437774E-02 +1.934641901E-01 +2.088492746E-01 +1.004940527E-01 +3.403652229E-01
5.98000000000E+09 -3.908377743E-02 -3.745794778E-02 +2.542325927E-01 +1.366144302E-01 +1.477943547E-01 +3.047668822E-01
5.99000000000E+09 -4.775108279E-02 +3.000452912E-02 +2.544030112E-01 +5.666998033E-02 +1.574024644E-01 +2.587198400E-01
6.00000000000E+09 +1.984187587E-02 +5.567353711E-02 +2.183166924E-01 +2.801189377E-03 +1.338690399E-01 +2.265615071E-01
6.01000000000E+09 +6.004200927E-02 -8.330397830E-03 +1.726541462E-01 -2.950077161E-02 +1.046689091E-01 +2.196702240E-01
6.02000000000E+09 +3.280928932E-03 -6.146440586E-02 +1.123610120E-01 -5.037455416E-02 +8.263816341E-02 +2.247956675E-01
6.03000000000E+09 -5.956930706E-02 -1.501724794E-02 +3.205175167E-02 -3.838105655E-02 +6.892899650E-02 +2.398857896E-01
6.04000000000E+09 -2.595946076E-02 +5.445148700E-02 -3.394032435E-02 +2.708863605E-02 +6.111753522E-02 +2.622696182E-01
6.05000000000E+09 +4.617454558E-02 +3.606394406E-02 -4.290237418E-02 +1.176771187E-01 +7.223654498E-02 +2.837774124E-01
6.06000000000E+09 +4.470452645E-02 -3.585866870E-02 -1.404494402E-04 +1.804816619E-01 +9.566769030E-02 +2.878597736E-01
6.07000000000E+09 -2.405920380E-02 -5.145149194E-02 +5.136455965E-02 +1.973718736E-01 +1.129942371E-01 +2.787150649E-01
6.08000000000E+09 -5.559399439E-02 +1.168160082E-02 +8.532019215E-02 +1.923834951E-01 +1.111866798E-01 +2.708813656E-01
6.09000000000E+09 -1.473903996E-03 +5.674927682E-02 +1.139020854E-01 +1.857555132E-01 +1.075754241E-01 +2.740145767E-01
6.10000000000E+09 +5.481030726E-02 +1.438387519E-02 +1.511065688E-01 +1.628929596E-01 +1.094751671E-01 +2.812979801E-01
6.11000000000E+09 +2.671137171E-02 -5.064462702E-02 +1.747034763E-01 +1.032971745E-01 +1.215391078E-01 +2.767350978E-01
6.12000000000E+09 -4.406165399E-02 -3.744078051E-02 +1.470633032E-01 +2.718673306E-02 +1.253919883E-01 +2.714158906E-01
6.13000000000E+09 -4.598174153E-02 +3.575520618E-02 +7.014683688E-02 -1.379910209E-02 +1.209407563E-01 +2.693637332E-01
6.14000000000E+09 +2.515523622E-02 +5.192289798E-02 -7.660192409E-03 +2.052759984E-03 +1.227392739E-01 +2.739745382E-01
6.15000000000E+09 +5.536029271E-02 -1.337816313E-02 -5.100312646E-02 +4.453893087E-02 +1.318844031E-01 +2.753287035E-01
6.16000000000E+09 -8.024052080E-04 -5.613584288E-02 -7.105956594E-02 +8.237167992E-02 +1.392882423E-01 +2.710757237E-01
6.17000000000E+09 -5.430514523E-02 -1.163621890E-02 -8.662727297E-02 +1.217514017E-01 +1.365524996E-01 +2.646268566E-01
6.18000000000E+09 -2.345142743E-02 +4.953410102E-02 -8.332580050E-02 +1.766284978E-01 +1.334940341E-01 +2.616197336E-01
6.19000000000E+09 +4.275270771E-02 +3.398254703E-02 -3.657588921E-02 +2.254524813E-01 +1.316090099E-01 +2.559303491E-01
6.20000000000E+09 +4.301289609E-02 -3.405265616E-02 +4.076871388E-02 +2.266463131E-01 +1.260103669E-01 +2.492419173E-01
6.21000000000E+09 -2.441628426E-02 -4.920480036E-02 +9.937498368E-02 +1.697717536E-01 +1.051805722E-01 +2.525739325E-01
6.22000000000E+09 -5.279034089E-02 +1.386570944E-02 +1.056503880E-01 +9.336104211E-02 +8.974741018E-02 +2.769181904E-01
6.23000000000E+09 +2.487815717E-03 +5.298990669E-02 +7.651707654E-02 +3.736927741E-02 +9.605887815E-02 +3.152736956E-01
6.24000000000E+09 +5.057774150E-02 +9.244034067E-03 +4.079448636E-02 -7.976153873E-04 +1.310196597E-01 +3.431377905E-01
6.25000000000E+09 +2.059028072E-02 -4.551165851E-02 -6.235179853E-03 -3.566166617E-02 +1.758592438E-01 +3.483553631E-01
6.26000000000E+09 -3.842725558E-02 -3.096113455E-02 -7.948811912E-02 -5.099282554E-02 +2.165972101E-01 +3.238458018E-01
6.27000000000E+09 -3.980748875E-02 +2.939452503E-02 -1.598477902E-01 -1.543596114E-02 +2.447037505E-01 +2.775228241E-01
6.28000000000E+09 +1.936823953E-02 +4.689578360E-02 -1.988385641E-01 +6.940052625E-02 +2.432216656E-01 +2.162556601E-01
6.29000000000E+09 +5.148019282E-02 -8.906476660E-03 -1.682863711E-01 +1.565720876E-01 +1.989687924E-01 +1.643684019E-01
6.30000000000E+09 +6.725434227E-04 -5.341797476E-02 -9.227173615E-02 +1.970954919E-01 +1.187468637E-01 +1.541460142E-01
6.31000000000E+09 -5.175922145E-02 -1.002659374E-02 -1.691567996E-02 +1.867699532E-01 +4.718626989E-02 +2.046307280E-01
6.32000000000E+09 -1.856317535E-02 +4.651269272E-02 +4.259374160E-02 +1.497957209E-01 +2.593052104E-02 +2.922534526E-01
6.33000000000E+09 +3.852911407E-02 +2.671809793E-02 +9.162132254E-02 +8.810806790E-02 +6.438827608E-02 +3.725164003E-01
6.34000000000E+09 +3.359719624E-02 -2.854784171E-02 +1.101999965E-01 -7.318976694E-03 +1.389809346E-01 +4.139449995E-01
6.35000000000E+09 -1.715559800E-02 -3.906312736E-02 +6.514932870E-02 -1.111122623E-01 +2.255843758E-01 +4.071979867E-01
6.36000000000E+09 -4.240984150E-02 +4.815264191E-03 -4.095643171E-02 -1.684725714E-01 +2.987006306E-01 +3.571044330E-01
6.37000000000E+09 -7.783418445E-03 +4.390418412E-02 -1.577328906E-01 -1.432681279E-01 +3.338520712E-01 +2.714984627E-01
6.38000000000E+09 +4.352780819E-02 +1.965679821E-02 -2.229727604E-01 -5.185969874E-02 +3.095013805E-01 +1.785906062E-01
6.39000000000E+09 +2.996840892E-02 -4.179812701E-02 -2.124388206E-01 +4.865188178E-02 +2.229730941E-01 +1.176756459E-01
6.40000000000E+09 -3.744329140E-02 -3.753768028E-02 -1.536856250E-01 +1.146318617E-01 +1.170657330E-01 +1.285750511E-01
6.41000000000E+09 -4.204136099E-02 +3.066317920E-02 -7.703544965E-02 +1.461287176E-01 +4.821123246E-02 +2.065678289E-01
6.42000000000E+09 +2.093606134E-02 +4.438061393E-02 +1.604692343E-02 +1.434438471E-01 +4.606434865E-02 +3.051641538E-01
6.43000000000E+09 +4.475705364E-02 -9.545471529E-03 +1.093525289E-01 +8.407767937E-02 +1.018468232E-01 +3.769141416E-01
6.44000000000E+09 +2.935472216E-03 -4.333625937E-02 +1.539445139E-01 -3.042505457E-02 +1.859599541E-01 +4.033969889E-01
6.45000000000E+09 -3.986838152E-02 -1.527357147E-02 +1.163806882E-01 -1.494429930E-01 +2.688112815E-01 +3.813543923E-01
6.46000000000E+09 -2.712697423E-02 +3.479138131E-02 +1.676756882E-02 -2.114850867E-01 +3.207098854E-01 +3.186841762E-01
6.47000000000E+09 +2.840321022E-02 +3.764309232E-02 -8.555948805E-02 -1.930696815E-01 +3.230672357E-01 +2.407767126E-01
6.48000000000E+09 +4.638875040E-02 -2.123078788E-02 -1.397374710E-01 -1.246331994E-01 +2.725228914E-01 +1.747698283E-01
6.49000000000E+09 -1.356743455E-02 -5.176380021E-02 -1.448176062E-01 -5.402288435E-02 +2.012492726E-01 +1.575591579E-01
6.50000000000E+09 -5.400164988E-02 +5.374950899E-03 -1.251421473E-01 +8.534941933E-03 +1.373665034E-01 +1.930824701E-01
6.51000000000E+09 -3.750406593E-03 +5.238310595E-02 -7.407589489E-02 +6.936842838E-02 +1.145329712E-01 +2.566041551E-01
6.52000000000E+09 +4.798672898E-02 +1.338996927E-02 +2.073960193E-02 +9.778183370E-02 +1.370984188E-01 +3.176266033E-01
6.53000000000E+09 +2.327719667E-02 -4.098000712E-02 +1.226530310E-01 +5.638228103E-02 +1.935561258E-01 +3.521967771E-01
6.54000000000E+09 -3.231272877E-02 -3.242867215E-02 +1.722872076E-01 -3.971303121E-02 +2.551713432E-01 +3.486404222E-01
6.55000000000E+09 -4.049174311E-02 +2.234684649E-02 +1.490994108E-01 -1.322230530E-01 +2.963410768E-01 +3.091091576E-01
6.56000000000E+09 +1.180880336E-02 +4.678027695E-02 +8.594093449E-02 -1.750204364E-01 +3.019318181E-01 +2.547385398E-01
6.57000000000E+09 +5.070457851E-02 -1.149690579E-03 +3.045254338E-02 -1.708006242E-01 +2.744319307E-01 +2.098596581E-01
6.58000000000E+09 +8.768653451E-03 -5.206692722E-02 -5.624149019E-03 -1.515501710E-01 +2.325221238E-01 +1.973992050E-01
6.59000000000E+09 -5.053039391E-02 -1.824663824E-02 -4.113259074E-02 -1.217755472E-01 +1.931347991E-01 +2.118363385E-01
6.60000000000E+09 -2.624000191E-02 +4.589778584E-02 -6.520869745E-02 -5.827850277E-02 +1.722147459E-01 +2.509204907E-01
6.61000000000E+09 +3.856413736E-02 +3.326225372E-02 -3.542863337E-02 +2.407183991E-02 +1.785336000E-01 +2.956368530E-01
6.62000000000E+09 +3.880338035E-02 -2.860609112E-02 +4.934081605E-02 +6.660813687E-02 +2.180969166E-01 +3.315293777E-01
6.63000000000E+09 -1.712711720E-02 -4.313145790E-02 +1.330538191E-01 +4.152793658E-02 +2.676917551E-01 +3.351392257E-01
6.64000000000E+09 -4.570283245E-02 +4.854945666E-03 +1.683152341E-01 -1.795187594E-02 +3.075717556E-01 +3.077679248E-01
6.65000000000E+09 -7.353427823E-03 +4.637150866E-02 +1.597784154E-01 -6.316504884E-02 +3.208228786E-01 +2.616510889E-01
6.66000000000E+09 +4.490667022E-02 +1.876836248E-02 +1.436087146E-01 -8.146742410E-02 +3.141511587E-01 +2.201805523E-01
6.67000000000E+09 +2.912498035E-02 -4.158615916E-02 +1.337030659E-01 -9.727619076E-02 +2.859866532E-01 +1.948138291E-01
6.68000000000E+09 -3.615444985E-02 -3.777622188E-02 +1.056016589E-01 -1.188521207E-01 +2.483900507E-01 +1.879454075E-01
6.69000000000E+09 -4.392134345E-02 +2.938873830E-02 +4.974536961E-02 -1.113292050E-01 +2.095721357E-01 +2.098142683E-01
6.70000000000E+09 +2.070753283E-02 +4.736239345E-02 +1.033337497E-02 -5.182854733E-02 +1.928282031E-01 +2.542090627E-01
6.71000000000E+09 +4.809180984E-02 -1.041429843E-02 +2.830696686E-02 +1.928721462E-02 +2.120281691E-01 +3.039913195E-01
6.72000000000E+09 +1.115875312E-03 -4.670655853E-02 +8.037362638E-02 +5.025432436E-02 +2.582105921E-01 +3.272879556E-01
6.73000000000E+09 -4.342907351E-02 -1.271863481E-02 +1.178732920E-01 +4.358574753E-02 +3.050075989E-01 +3.182036242E-01
6.74000000000E+09 -2.363558586E-02 +3.835690835E-02 +1.298517568E-01 +3.620241886E-02 +3.405610442E-01 +2.825071190E-01
6.75000000000E+09 +3.159844310E-02 +3.325500641E-02 +1.434485692E-01 +4.261762842E-02 +3.540525265E-01 +2.462466149E-01
6.76000000000E+09 +4.139024193E-02 -2.334833115E-02 +1.742908590E-01 +3.696030185E-02 +3.478209732E-01 +2.058572137E-01
6.77000000000E+09 -1.427358094E-02 -4.743597230E-02 +1.936360942E-01 -3.531892894E-03 +3.178741209E-01 +1.780678288E-01
6.78000000000E+09 -5.120128494E-02 +5.173754500E-03 +1.637161618E-01 -5.179727989E-02 +2.687970034E-01 +1.716918733E-01
6.79000000000E+09 -3.842478039E-03 +5.160566252E-02 +9.996331027E-02 -5.551381499E-02 +2.326128245E-01 +2.017320747E-01
6.80000000000E+09 +4.883020048E-02 +1.270480453E-02 +5.910002170E-02 -1.198760641E-02 +2.287315231E-01 +2.501801056E-01
6.81000000000E+09 +2.169782467E-02 -4.315805345E-02 +5.828297206E-02 +3.105778770E-02 +2.585756894E-01 +2.841399379E-01
6.82000000000E+09 -3.558248562E-02 -3.010870226E-02 +6.457224595E-02 +5.191383892E-02 +2.982429457E-01 +2.886672778E-01
6.83000000000E+09 -3.727373095E-02 +2.654720115E-02 +5.970152097E-02 +7.414886992E-02 +3.322053736E-01 +2.715561899E-01
6.84000000000E+09 +1.650988727E-02 +4.280923958E-02 +6.779173993E-02 +1.141451618E-01 +3.504313901E-01 +2.477680820E-01
6.85000000000E+09 +4.628203956E-02 -5.659638500E-03 +1.128084813E-01 +1.438147471E-01 +3.537985744E-01 +2.177690337E-01
6.86000000000E+09 +5.011420911E-03 -4.771318869E-02 +1.707056029E-01 +1.228583461E-01 +3.344148455E-01 +1.954504110E-01
6.87000000000E+09 -4.701288018E-02 -1.513097306E-02 +1.865442575E-01 +5.834406447E-02 +3.040469981E-01 +1.871935762E-01
6.88000000000E+09 -2.371337711E-02 +4.362798634E-02 +1.432750160E-01 +8.176113987E-03 +2.852420630E-01 +2.083708765E-01
6.89000000000E+09 +3.767872640E-02 +3.108424368E-02 +8.679115572E-02 +7.874104390E-03 +2.872434160E-01 +2.381915922E-01
6.90000000000E+09 +3.718072722E-02 -2.930547891E-02 +5.668541243E-02 +2.997140902E-02 +3.137865005E-01 +2.553330725E-01
6.91000000000E+09 -1.951361116E-02 -4.205525842E-02 +3.835939313E-02 +4.235795806E-02 +3.436210665E-01 +2.479186781E-01
6.92000000000E+09 -4.521229482E-02 +8.856232658E-03 +7.578299343E-03 +5.818848214E-02 +3.633914706E-01 +2.268000027E-01
6.93000000000E+09 -2.058990474E-03 +4.639450363E-02 -1.810340986E-02 +1.040471009E-01 +3.651237881E-01 +1.999603331E-01
6.94000000000E+09 +4.547700745E-02 +1.271868143E-02 +6.406479664E-04 +1.641110622E-01 +3.521454154E-01 +1.791129719E-01
6.95000000000E+09 +2.246015417E-02 -4.275703349E-02 +6.308612090E-02 +1.858424954E-01 +3.228084407E-01 +1.689655319E-01
6.96000000000E+09 -3.797054601E-02 -3.072642553E-02 +1.150169042E-01 +1.463581831E-01 +2.967841498E-01 +1.800726050E-01
6.97000000000E+09 -3.674584887E-02 +3.133425256E-02 +1.139545305E-01 +8.709233294E-02 +2.868441071E-01 +2.132989370E-01
6.98000000000E+09 +2.267332849E-02 +4.093208479E-02 +8.135181410E-02 +5.564240857E-02 +3.046680331E-01 +2.445388259E-01
6.99000000000E+09 +4.324190380E-02 -1.259834951E-02 +5.652945888E-02 +4.459339646E-02 +3.405021668E-01 +2.616714688E-01
7.00000000000E+09 -1.707116664E-03 -4.385294837E-02 +3.415789805E-02 +2.522305475E-02 +3.785229730E-01 +2.499100516E-01

[Channel0\Trace0\Marker0]
Enabled=1
Position=0.2

[Channel0\Trace1]
ReferencePosition[0]=1

[Channel0\Trace1\Marker0]
Enabled=1
Position=0.2

[Channel0\Trace2]
SPort=0
FormatType=2

[Channel0\Trace2\Marker0]
Enabled=1
Position=0.2

[Channel0\Trace3]
SPort=0
FormatType=2

[Channel0\Trace3\Marker0]
Enabled=1
Position=0.2

