[NWA State]
TriggerSource=3

[Channel0]
Points=501
FrequencyStart=2000000000
FrequencyStop=7000000000
FixedPower[0]=5
FixedPower[1]=5
IFBW=1000
CorrectionEnabled=1
TraceCount=4

[Channel0\Correction\11]
Calyyyymmdd=2022/04/09
Calhhmmss=16:07:22
VNATemperature=37.2 °C
Type=3
KitLabel=ACM2509.2
KitDescription=AutoCal Module 20 kHz-9 GHz (CMT), SN: 19039185, Char: Factory, 28.6°C, ThermoComp: ON
CalIFBW=1 kHz
CalPower=5 dBm
CalPorts[0]=0
CalPorts[1]=0

[Channel0\Correction\11\Data]
2.00000000000E+09 -1.337921899E-01 +5.267045923E-02 -8.857839432E-02 -3.170790398E-02 -2.315227541E-01 +5.245956005E-02
2.01000000000E+09 +2.200953548E-02 +1.437313774E-01 -5.852762031E-02 +1.738537341E-02 -2.059320797E-01 +5.595319866E-02
2.02000000000E+09 +1.460881719E-01 +9.164424449E-03 -1.968737008E-02 +1.426850792E-02 -1.941059452E-01 +4.071790700E-02
2.03000000000E+09 +3.999891627E-02 -1.406744667E-01 -2.017673144E-02 -7.951231676E-04 -1.996865079E-01 +3.012605607E-02
2.04000000000E+09 -1.284189513E-01 -6.949611618E-02 -2.764171614E-02 +2.136349356E-02 -2.043047532E-01 +3.208670105E-02
2.05000000000E+09 -9.535394975E-02 +1.105136130E-01 +1.202525722E-02 +5.238260890E-02 -1.994811325E-01 +3.194523896E-02
2.06000000000E+09 +8.756315790E-02 +1.160983353E-01 +7.803798784E-02 +2.656905355E-02 -1.984247853E-01 +2.418884806E-02
2.07000000000E+09 +1.306339840E-01 -6.000951837E-02 +9.334899386E-02 -5.212730915E-02 -2.090219559E-01 +2.008185528E-02
2.08000000000E+09 -2.911235713E-02 -1.391271736E-01 +3.705530160E-02 -1.058556207E-01 -2.194036674E-01 +2.744848152E-02
2.09000000000E+09 -1.413252348E-01 -2.823042241E-03 -2.691836662E-02 -9.039241862E-02 -2.199270856E-01 +3.551213427E-02
2.10000000000E+09 -3.410277060E-02 +1.371684628E-01 -4.201697357E-02 -4.749537000E-02 -2.199972047E-01 +3.517350259E-02
2.11000000000E+09 +1.258006891E-01 +6.358578549E-02 -3.099263131E-02 -3.313465277E-02 -2.285585693E-01 +3.685407872E-02
2.12000000000E+09 +9.026156794E-02 -1.081897621E-01 -4.489221159E-02 -3.290847614E-02 -2.346964542E-01 +5.165803197E-02
2.13000000000E+09 -8.575924044E-02 -1.130010135E-01 -7.081212965E-02 +5.284851378E-03 -2.223621440E-01 +6.910402687E-02
2.14000000000E+09 -1.301525124E-01 +6.042359965E-02 -4.573824756E-02 +7.406230747E-02 -1.984033248E-01 +6.903849763E-02
2.15000000000E+09 +3.268226180E-02 +1.400885373E-01 +4.066073773E-02 +9.762173212E-02 -1.878117667E-01 +4.969372312E-02
2.16000000000E+09 +1.422489622E-01 -3.286412084E-03 +1.105837618E-01 +3.855654832E-02 -1.997286883E-01 +3.107327093E-02
2.17000000000E+09 +2.683965982E-02 -1.373716299E-01 +1.016095926E-01 -4.117140819E-02 -2.199907723E-01 +2.681535713E-02
2.18000000000E+09 -1.262994036E-01 -5.574792847E-02 +4.834645305E-02 -6.782881392E-02 -2.381178503E-01 +3.281942465E-02
2.19000000000E+09 -8.219929682E-02 +1.091371070E-01 +2.037810606E-02 -5.034584450E-02 -2.543635866E-01 +4.806273774E-02
2.20000000000E+09 +8.646597297E-02 +1.047242432E-01 +2.260239091E-02 -4.719690029E-02 -2.625611245E-01 +7.778213780E-02
2.21000000000E+09 +1.231368202E-01 -5.971138282E-02 +3.363508509E-03 -6.736145876E-02 -2.454695672E-01 +1.154402893E-01
2.22000000000E+09 -3.109733450E-02 -1.364016603E-01 -5.118555616E-02 -5.708485395E-02 -1.981461464E-01 +1.337614783E-01
2.23000000000E+09 -1.434720377E-01 +2.713528862E-03 -8.162021927E-02 +1.186894446E-02 -1.481302780E-01 +1.092199044E-01
2.24000000000E+09 -2.422004704E-02 +1.425037485E-01 -3.748925663E-02 +8.105755968E-02 -1.330596858E-01 +5.285782401E-02
2.25000000000E+09 +1.334360529E-01 +4.959530892E-02 +3.568598903E-02 +8.016884432E-02 -1.626273860E-01 +2.180243838E-03
2.26000000000E+09 +7.298929715E-02 -1.170791426E-01 +5.951993430E-02 +3.326263638E-02 -2.149036360E-01 -1.979584851E-02
2.27000000000E+09 -9.491620882E-02 -9.331463937E-02 +3.756674564E-02 +1.440976319E-02 -2.706849876E-01 -8.073358101E-03
2.28000000000E+09 -1.091943604E-01 +6.772672260E-02 +3.443053515E-02 +3.369094975E-02 -3.168070921E-01 +3.697625768E-02
2.29000000000E+09 +3.697389877E-02 +1.204648796E-01 +6.880126188E-02 +3.382787321E-02 -3.304171754E-01 +1.094109491E-01
2.30000000000E+09 +1.269570476E-01 -4.173472805E-03 +8.791083677E-02 -1.430232073E-02 -2.932232535E-01 +1.826983305E-01
2.31000000000E+09 +2.802780381E-02 -1.288083656E-01 +4.663900791E-02 -6.507066892E-02 -2.126228876E-01 +2.178399948E-01
2.32000000000E+09 -1.256054728E-01 -5.740338483E-02 -2.401367764E-02 -5.535232773E-02 -1.272628189E-01 +1.888575832E-01
2.33000000000E+09 -8.184313510E-02 +1.162343776E-01 -4.939911388E-02 +4.443261655E-03 -8.537107145E-02 +1.126584798E-01
2.34000000000E+09 +9.999999923E-02 +1.010864760E-01 -2.053951154E-02 +3.945428543E-02 -9.971116613E-02 +3.324105748E-02
2.35000000000E+09 +1.149383332E-01 -7.786324607E-02 -3.880711096E-03 +2.890260745E-02 -1.532311889E-01 -1.858489751E-02
2.36000000000E+09 -5.098405495E-02 -1.232971076E-01 -2.443425940E-02 +3.038148312E-02 -2.268426990E-01 -3.000870544E-02
2.37000000000E+09 -1.258282986E-01 +2.070616023E-02 -2.887920672E-02 +7.175754588E-02 -2.966291704E-01 +6.074031195E-03
2.38000000000E+09 -1.157279910E-02 +1.230599103E-01 +1.853245785E-02 +1.023100172E-01 -3.304413084E-01 +7.974527657E-02
2.39000000000E+09 +1.155407181E-01 +4.352172106E-02 +7.566598790E-02 +7.196707933E-02 -3.088829119E-01 +1.575552971E-01
2.40000000000E+09 +7.345897604E-02 -1.039883096E-01 +7.748980812E-02 +4.714440519E-03 -2.450099385E-01 +1.982787355E-01
2.41000000000E+09 -8.860082473E-02 -9.832713932E-02 +2.260160159E-02 -2.700005119E-02 -1.785274795E-01 +1.873552187E-01
2.42000000000E+09 -1.171096325E-01 +6.920658889E-02 -1.799916612E-02 +2.426179166E-03 -1.433671182E-01 +1.451950613E-01
2.43000000000E+09 +4.581277359E-02 +1.293879041E-01 -3.124668879E-03 +3.052252178E-02 -1.389356109E-01 +1.014984850E-01
2.44000000000E+09 +1.352705441E-01 -2.012428021E-02 +1.529383266E-02 +7.455692710E-03 -1.558503024E-01 +6.585629706E-02
2.45000000000E+09 +6.718887364E-03 -1.342372761E-01 -1.914755581E-02 -2.423694086E-02 -1.930880177E-01 +4.594407834E-02
2.46000000000E+09 -1.261649835E-01 -3.377214259E-02 -7.423782793E-02 -1.371827516E-03 -2.383564636E-01 +5.768102169E-02
2.47000000000E+09 -6.035219164E-02 +1.120909265E-01 -8.224729922E-02 +5.828506553E-02 -2.595700324E-01 +9.997668737E-02
2.48000000000E+09 +9.398703656E-02 +8.484514064E-02 -4.290192867E-02 +8.875338532E-02 -2.406072325E-01 +1.398530050E-01
2.49000000000E+09 +1.053254049E-01 -7.283486014E-02 -1.481941183E-02 +7.350717838E-02 -2.010915641E-01 +1.469220432E-01
2.50000000000E+09 -4.931573312E-02 -1.195626695E-01 -2.444380802E-02 +6.346199061E-02 -1.809556806E-01 +1.242121663E-01
2.51000000000E+09 -1.272003969E-01 +2.315075151E-02 -2.339996585E-02 +9.084370404E-02 -1.890875288E-01 +1.035521476E-01
2.52000000000E+09 -4.441361719E-03 +1.284062941E-01 +2.984584686E-02 +1.061690897E-01 -2.055577824E-01 +1.013539026E-01
2.53000000000E+09 +1.242402860E-01 +3.160614330E-02 +8.940850959E-02 +5.000385448E-02 -2.166497948E-01 +1.056652814E-01
2.54000000000E+09 +5.638005829E-02 -1.140329509E-01 +7.449670275E-02 -4.890219434E-02 -2.299334435E-01 +1.116481400E-01
2.55000000000E+09 -9.761178315E-02 -7.809214323E-02 -1.652661395E-02 -9.853549205E-02 -2.426222916E-01 +1.330591482E-01
2.56000000000E+09 -9.659399239E-02 +7.575202850E-02 -1.012474218E-01 -6.542547963E-02 -2.325339874E-01 +1.685957933E-01
2.57000000000E+09 +5.063919467E-02 +1.114937537E-01 -1.274980678E-01 -4.618879927E-03 -1.907960132E-01 +1.890933999E-01
2.58000000000E+09 +1.212437379E-01 -2.417547407E-02 -1.226219337E-01 +3.265311095E-02 -1.450714755E-01 +1.710306492E-01
2.59000000000E+09 +2.364802942E-03 -1.248187624E-01 -1.259472769E-01 +6.209243619E-02 -1.308250130E-01 +1.272907452E-01
2.60000000000E+09 -1.214094943E-01 -2.895026476E-02 -1.154624387E-01 +1.174654635E-01 -1.491885516E-01 +9.257547554E-02
2.61000000000E+09 -5.396461900E-02 +1.123232948E-01 -4.513515640E-02 +1.683086026E-01 -1.770943929E-01 +7.855791633E-02
2.62000000000E+09 +9.872694108E-02 +7.618301877E-02 +6.267910148E-02 +1.434144038E-01 -2.044915445E-01 +7.170866365E-02
2.63000000000E+09 +9.345753961E-02 -8.046779221E-02 +1.177721528E-01 +3.459475549E-02 -2.400688170E-01 +7.464802193E-02
2.64000000000E+09 -5.722214185E-02 -1.052416353E-01 +7.355699629E-02 -7.228870261E-02 -2.748190741E-01 +1.065904227E-01
2.65000000000E+09 -1.120208621E-01 +3.020755201E-02 -1.281624881E-02 -1.061310488E-01 -2.813724621E-01 +1.635555835E-01
2.66000000000E+09 +1.522840471E-03 +1.143091130E-01 -7.122045759E-02 -8.851527426E-02 -2.485888128E-01 +2.123347348E-01
2.67000000000E+09 +1.116820939E-01 +2.657006793E-02 -1.021275779E-01 -7.181289888E-02 -1.988126590E-01 +2.277819615E-01
2.68000000000E+09 +5.302437164E-02 -1.037005552E-01 -1.436951168E-01 -5.596681638E-02 -1.578482136E-01 +2.147170086E-01
2.69000000000E+09 -9.010232760E-02 -7.657627489E-02 -1.890870022E-01 +1.031405855E-03 -1.318699708E-01 +1.916811467E-01
2.70000000000E+09 -9.682887912E-02 +7.307624671E-02 -1.788971975E-01 +9.883338896E-02 -1.144969988E-01 +1.576121560E-01
2.71000000000E+09 +5.358109410E-02 +1.124935304E-01 -8.577901755E-02 +1.654759015E-01 -1.152657537E-01 +1.078379855E-01
2.72000000000E+09 +1.211904339E-01 -3.232644688E-02 +2.702908231E-02 +1.374975653E-01 -1.544103850E-01 +6.421324250E-02
2.73000000000E+09 -8.967647060E-03 -1.220393969E-01 +7.456117121E-02 +4.944445949E-02 -2.193498568E-01 +6.511108468E-02
2.74000000000E+09 -1.167470880E-01 -1.618852907E-02 +5.979188775E-02 -1.914017574E-02 -2.656410316E-01 +1.114658265E-01
2.75000000000E+09 -4.170797879E-02 +1.064481723E-01 +3.908789230E-02 -5.550498104E-02 -2.698236509E-01 +1.687903751E-01
2.76000000000E+09 +9.167923754E-02 +6.535244014E-02 +2.144321167E-02 -9.772423949E-02 -2.448564226E-01 +2.095924895E-01
2.77000000000E+09 +8.568509254E-02 -7.242118329E-02 -3.272943203E-02 -1.461106441E-01 -2.095828337E-01 +2.322478535E-01
2.78000000000E+09 -4.990166090E-02 -1.019518193E-01 -1.298986695E-01 -1.453854559E-01 -1.682853676E-01 +2.374720449E-01
2.79000000000E+09 -1.145344030E-01 +2.538717012E-02 -2.062351081E-01 -6.164505054E-02 -1.227996557E-01 +2.149454825E-01
2.80000000000E+09 +8.099095497E-04 +1.218883799E-01 -1.918054091E-01 +5.616817686E-02 -9.911021051E-02 +1.623970037E-01
2.81000000000E+09 +1.223290604E-01 +2.200183321E-02 -9.987289636E-02 +1.164633277E-01 -1.240091700E-01 +1.075823116E-01
2.82000000000E+09 +4.307087485E-02 -1.150386812E-01 -1.666792646E-02 +9.613178135E-02 -1.842557864E-01 +9.485139433E-02
2.83000000000E+09 -1.011000280E-01 -6.353614867E-02 +1.770514281E-02 +5.660057075E-02 -2.311696922E-01 +1.280184255E-01
2.84000000000E+09 -8.224314790E-02 +8.206439618E-02 +4.103067672E-02 +3.231955047E-02 -2.398379634E-01 +1.766405174E-01
2.85000000000E+09 +5.961491586E-02 +9.769858307E-02 +7.476811926E-02 -8.316674449E-03 -2.195663972E-01 +2.140850242E-01
2.86000000000E+09 +1.086087149E-01 -3.455456720E-02 +7.832022609E-02 -8.542477174E-02 -1.850183780E-01 +2.351554676E-01
2.87000000000E+09 -8.248165892E-03 -1.151306208E-01 +1.425274195E-02 -1.518414915E-01 -1.416281604E-01 +2.329331714E-01
2.88000000000E+09 -1.170253305E-01 -1.804400167E-02 -8.149670447E-02 -1.444426363E-01 -1.030390642E-01 +2.009276669E-01
2.89000000000E+09 -4.178732306E-02 +1.136531355E-01 -1.291884247E-01 -7.070369562E-02 -9.821914579E-02 +1.444920082E-01
2.90000000000E+09 +1.040566551E-01 +6.174474084E-02 -1.055650070E-01 -7.916144784E-03 -1.425914716E-01 +1.026063324E-01
2.91000000000E+09 +7.831534486E-02 -8.806668829E-02 -7.186377171E-02 +3.405940043E-03 -2.080233846E-01 +1.082025535E-01
2.92000000000E+09 -6.667751950E-02 -9.208955693E-02 -6.982627378E-02 +8.067755203E-03 -2.478600008E-01 +1.555752204E-01
2.93000000000E+09 -1.022509044E-01 +4.205995631E-02 -6.241769160E-02 +4.431708907E-02 -2.464972703E-01 +2.126387295E-01
2.94000000000E+09 +1.563176374E-02 +1.080451095E-01 -7.292981933E-03 +7.699344502E-02 -2.128871380E-01 +2.586456101E-01
2.95000000000E+09 +1.088604142E-01 +1.124840514E-02 +6.738929007E-02 +5.058287657E-02 -1.606812158E-01 +2.821911015E-01
2.96000000000E+09 +3.767816658E-02 -1.053008474E-01 +9.368408329E-02 -2.591093512E-02 -9.910416824E-02 +2.727901867E-01
2.97000000000E+09 -9.744911557E-02 -6.184669929E-02 +5.408479198E-02 -8.415076471E-02 -4.992825334E-02 +2.228412824E-01
2.98000000000E+09 -8.182449652E-02 +8.594112431E-02 +4.361241301E-03 -8.487202626E-02 -4.572826684E-02 +1.475583677E-01
2.99000000000E+09 +6.994621686E-02 +9.622271340E-02 -7.932610009E-03 -6.753735236E-02 -9.654359167E-02 +8.883516508E-02
3.00000000000E+09 +1.080067434E-01 -4.342337727E-02 -8.526137095E-03 -7.803380605E-02 -1.700639463E-01 +7.877080085E-02
3.01000000000E+09 -1.897289452E-02 -1.107488105E-01 -4.935482736E-02 -8.805027877E-02 -2.272375862E-01 +1.121861377E-01
3.02000000000E+09 -1.083836493E-01 -6.569151154E-03 -1.011395166E-01 -4.567034795E-02 -2.526813984E-01 +1.670089711E-01
3.03000000000E+09 -3.145540932E-02 +1.005555470E-01 -9.962437187E-02 +3.553367662E-02 -2.483789849E-01 +2.289930724E-01
3.04000000000E+09 +8.826881001E-02 +5.442172026E-02 -3.528667770E-02 +8.559586378E-02 -2.140347555E-01 +2.813283480E-01
3.05000000000E+09 +7.500269729E-02 -7.251938618E-02 +3.140580454E-02 +6.981899685E-02 -1.550612799E-01 +3.056383087E-01
3.06000000000E+09 -5.451458502E-02 -9.212517839E-02 +4.981266412E-02 +2.851469053E-02 -9.231301409E-02 +2.889215317E-01
3.07000000000E+09 -1.047869047E-01 +3.489399678E-02 +4.103970012E-02 +1.564883351E-02 -5.416562217E-02 +2.421723438E-01
3.08000000000E+09 +1.443027918E-02 +1.119584782E-01 +5.677377338E-02 +2.002426524E-02 -5.200830992E-02 +1.895224065E-01
3.09000000000E+09 +1.140154335E-01 +6.753370101E-03 +8.857938960E-02 -1.188451979E-02 -7.398280745E-02 +1.494799815E-01
3.10000000000E+09 +2.808729834E-02 -1.107669096E-01 +7.528949590E-02 -7.742379637E-02 -1.089649478E-01 +1.261639225E-01
3.11000000000E+09 -1.022076825E-01 -4.802681041E-02 +3.388887409E-03 -1.092310350E-01 -1.529255183E-01 +1.260137795E-01
3.12000000000E+09 -6.579682861E-02 +8.812950637E-02 -6.421512183E-02 -7.296436258E-02 -1.932173694E-01 +1.548501313E-01
3.13000000000E+09 +6.972801581E-02 +8.121588231E-02 -7.957738316E-02 -1.402466225E-02 -2.064230449E-01 +2.008076733E-01
3.14000000000E+09 +9.361787003E-02 -4.780158495E-02 -6.793313532E-02 +1.925635385E-02 -1.873908434E-01 +2.396100692E-01
3.15000000000E+09 -2.408444484E-02 -1.017717610E-01 -6.940016382E-02 +4.175112527E-02 -1.545902776E-01 +2.554876423E-01
3.16000000000E+09 -1.045611450E-01 -5.830273510E-04 -6.795991600E-02 +9.083504963E-02 -1.266284237E-01 +2.558327694E-01
3.17000000000E+09 -2.532540461E-02 +1.022361466E-01 -1.526878472E-02 +1.493893844E-01 -1.042485412E-01 +2.497151000E-01
3.18000000000E+09 +9.494319598E-02 +4.940252642E-02 +8.571014232E-02 +1.512393729E-01 -8.355529094E-02 +2.340334056E-01
3.19000000000E+09 +7.067788478E-02 -8.385374781E-02 +1.619737033E-01 +6.702779084E-02 -7.500175935E-02 +2.062642301E-01
3.20000000000E+09 -6.921976292E-02 -8.773566133E-02 +1.482220769E-01 -4.684751695E-02 -9.253490043E-02 +1.807162953E-01
3.21000000000E+09 -9.945878738E-02 +5.117660899E-02 +6.539466852E-02 -1.079893011E-01 -1.234114486E-01 +1.793531912E-01
3.22000000000E+09 +2.967222435E-02 +1.063976071E-01 -1.575818027E-02 -1.044203710E-01 -1.374707013E-01 +1.991907969E-01
3.23000000000E+09 +1.085621021E-01 -6.454677741E-03 -7.255246926E-02 -7.828687114E-02 -1.276354536E-01 +2.142947895E-01
3.24000000000E+09 +1.701592280E-02 -1.060291054E-01 -1.271385912E-01 -3.848528158E-02 -1.140560127E-01 +2.131394854E-01
3.25000000000E+09 -9.830190946E-02 -3.941378823E-02 -1.690986599E-01 +4.291097043E-02 -1.127485557E-01 +2.081981403E-01
3.26000000000E+09 -6.043744013E-02 +8.572569529E-02 -1.457644078E-01 +1.553916132E-01 -1.157628413E-01 +2.090232991E-01
3.27000000000E+09 +6.919153746E-02 +7.872577244E-02 -3.910110438E-02 +2.281485387E-01 -1.138834451E-01 +2.099647244E-01
3.28000000000E+09 +9.336477395E-02 -5.065603136E-02 +9.040303344E-02 +2.011481311E-01 -1.179614006E-01 +2.059996032E-01
3.29000000000E+09 -3.039067166E-02 -1.027731157E-01 +1.552986375E-01 +9.636510146E-02 -1.362151757E-01 +2.094308236E-01
3.30000000000E+09 -1.063613718E-01 +8.695779414E-03 +1.340423630E-01 -3.996662001E-03 -1.484439903E-01 +2.357745053E-01
3.31000000000E+09 -1.423333664E-02 +1.044935975E-01 +7.899128983E-02 -5.674416886E-02 -1.283018612E-01 +2.709393965E-01
3.32000000000E+09 +9.835250281E-02 +3.703717470E-02 +2.542777744E-02 -8.536979624E-02 -8.160109166E-02 +2.842267277E-01
3.33000000000E+09 +5.812205526E-02 -8.788653784E-02 -4.458348780E-02 -1.044241782E-01 -3.937068854E-02 +2.631857467E-01
3.34000000000E+09 -7.341424843E-02 -7.590556801E-02 -1.380886968E-01 -7.918578218E-02 -2.314938294E-02 +2.247987131E-01
3.35000000000E+09 -9.002919195E-02 +5.503235467E-02 -2.033263868E-01 +1.541410055E-02 -2.741355174E-02 +1.874287135E-01
3.36000000000E+09 +3.439240620E-02 +9.994755561E-02 -1.837680933E-01 +1.341103243E-01 -4.769469154E-02 +1.561062382E-01
3.37000000000E+09 +1.056798459E-01 -1.275950818E-02 -9.237522297E-02 +2.000039444E-01 -8.788961061E-02 +1.337007306E-01
3.38000000000E+09 +8.763479981E-03 -1.054721824E-01 +5.159937776E-04 +1.879966030E-01 -1.433455317E-01 +1.411730687E-01
3.39000000000E+09 -9.963358749E-02 -2.980560704E-02 +5.145667693E-02 +1.412552057E-01 -1.813762912E-01 +1.895173450E-01
3.40000000000E+09 -5.023742530E-02 +8.893525154E-02 +7.966363837E-02 +9.513731383E-02 -1.727616098E-01 +2.537397924E-01
3.41000000000E+09 +7.448117925E-02 +6.903424536E-02 +1.021123775E-01 +3.287284310E-02 -1.276302818E-01 +2.939385963E-01
3.42000000000E+09 +8.407563233E-02 -5.683083800E-02 +8.528505432E-02 -5.874904284E-02 -7.803208232E-02 +2.985599013E-01
3.43000000000E+09 -3.688003519E-02 -9.454270377E-02 -4.807950946E-03 -1.320066647E-01 -4.268415950E-02 +2.797424162E-01
3.44000000000E+09 -1.002798111E-01 +1.462196592E-02 -1.299960201E-01 -1.212837081E-01 -1.841158531E-02 +2.525219118E-01
3.45000000000E+09 -8.364794386E-03 +1.018196048E-01 -2.079224739E-01 -2.947451143E-02 -8.160935585E-03 +2.155143646E-01
3.46000000000E+09 +9.887077365E-02 +3.063451841E-02 -2.015890029E-01 +7.356420903E-02 -2.172167843E-02 +1.721872807E-01
3.47000000000E+09 +5.035997268E-02 -9.127415818E-02 -1.484403260E-01 +1.304935236E-01 -6.360559026E-02 +1.491256670E-01
3.48000000000E+09 -7.915035950E-02 -6.751652103E-02 -9.759207196E-02 +1.502108521E-01 -1.056326237E-01 +1.634331440E-01
3.49000000000E+09 -8.213403097E-02 +6.283103721E-02 -4.585141366E-02 +1.615553767E-01 -1.206128669E-01 +2.012303224E-01
3.50000000000E+09 +4.353882168E-02 +9.315941833E-02 +2.705497581E-02 +1.470190940E-01 -1.114304250E-01 +2.300293821E-01
3.51000000000E+09 +9.946713783E-02 -2.302018848E-02 +8.992464743E-02 +7.140825980E-02 -9.964501272E-02 +2.420006912E-01
3.52000000000E+09 -1.626137925E-03 -1.008164088E-01 +8.047351668E-02 -4.047712908E-02 -8.956287198E-02 +2.486452053E-01
3.53000000000E+09 -9.706374673E-02 -2.024995307E-02 -5.386983446E-03 -1.102377680E-01 -7.295704899E-02 +2.588379073E-01
3.54000000000E+09 -4.165769660E-02 +8.908942885E-02 -9.903175985E-02 -9.974746231E-02 -4.957132239E-02 +2.565000666E-01
3.55000000000E+09 +7.729022191E-02 +6.095152348E-02 -1.432099489E-01 -4.843273979E-02 -3.233820532E-02 +2.394542078E-01
3.56000000000E+09 +7.677399871E-02 -6.253268445E-02 -1.490582078E-01 -1.096146732E-02 -3.276002439E-02 +2.182675591E-01
3.57000000000E+09 -4.476742605E-02 -8.895530812E-02 -1.579141749E-01 +1.197701900E-02 -4.107464786E-02 +2.105271164E-01
3.58000000000E+09 -9.687057014E-02 +2.449384208E-02 -1.676488576E-01 +5.523893149E-02 -4.656300202E-02 +2.117310860E-01
3.59000000000E+09 +3.327334772E-03 +1.002215766E-01 -1.362951873E-01 +1.144163086E-01 -5.125668630E-02 +2.092557135E-01
3.60000000000E+09 +9.899301883E-02 +1.732063389E-02 -5.715326826E-02 +1.354809489E-01 -6.004477896E-02 +2.036959546E-01
3.61000000000E+09 +3.698319841E-02 -9.275451928E-02 +1.384423006E-02 +8.951163953E-02 -6.828551545E-02 +2.106499649E-01
3.62000000000E+09 -8.198625555E-02 -5.507349922E-02 +2.824254333E-02 +1.806650085E-02 -6.630977416E-02 +2.289266794E-01
3.63000000000E+09 -7.119944666E-02 +6.724048004E-02 +5.301160910E-03 -2.641477307E-02 -5.115025209E-02 +2.382124501E-01
3.64000000000E+09 +4.980708425E-02 +8.391854699E-02 -1.168747204E-02 -4.783830823E-02 -3.624653786E-02 +2.308434045E-01
3.65000000000E+09 +9.276666461E-02 -3.057175760E-02 -2.509214851E-02 -8.037926497E-02 -3.244056919E-02 +2.149220416E-01
3.66000000000E+09 -1.012125289E-02 -9.703843616E-02 -7.191985349E-02 -1.175492666E-01 -3.983353567E-02 +2.070008894E-01
3.67000000000E+09 -9.658188234E-02 -1.075043080E-02 -1.506469298E-01 -1.094931946E-01 -5.419996965E-02 +2.069272166E-01
3.68000000000E+09 -3.076113275E-02 +9.148140841E-02 -2.023798338E-01 -3.744863062E-02 -6.709427766E-02 +2.132190505E-01
3.69000000000E+09 +8.208337810E-02 +4.906741733E-02 -1.821343387E-01 +4.792725011E-02 -7.168411140E-02 +2.290359783E-01
3.70000000000E+09 +6.483005424E-02 -6.870594689E-02 -1.162039721E-01 +8.625798307E-02 -6.273170864E-02 +2.543957049E-01
3.71000000000E+09 -5.206917106E-02 -7.817016638E-02 -6.068133141E-02 +7.768788112E-02 -3.647529074E-02 +2.739376634E-01
3.72000000000E+09 -8.817807840E-02 +3.265543197E-02 -2.759242450E-02 +6.172159404E-02 +8.008362044E-04 +2.716326189E-01
3.73000000000E+09 +1.225803554E-02 +9.438196747E-02 +1.094629003E-02 +4.691571081E-02 +3.175516871E-02 +2.405178046E-01
3.74000000000E+09 +9.646703447E-02 +8.236224269E-03 +5.732868565E-02 +1.549345076E-03 +3.919515802E-02 +1.945052136E-01
3.75000000000E+09 +2.768785855E-02 -9.410872879E-02 +6.626522629E-02 -8.347798439E-02 +1.403275138E-02 +1.546505569E-01
3.76000000000E+09 -8.697231820E-02 -4.540702407E-02 +7.077577150E-03 -1.569975773E-01 -3.331835284E-02 +1.358888246E-01
3.77000000000E+09 -6.047182127E-02 +7.534382913E-02 -8.231253607E-02 -1.648407574E-01 -8.332683781E-02 +1.511229318E-01
3.78000000000E+09 +5.972905988E-02 +7.252069859E-02 -1.401038174E-01 -1.183315264E-01 -1.125185024E-01 +1.978161807E-01
3.79000000000E+09 +8.152482524E-02 -4.116600753E-02 -1.555962981E-01 -6.658879789E-02 -1.077440035E-01 +2.568137599E-01
3.80000000000E+09 -2.000061167E-02 -8.724322387E-02 -1.581024678E-01 -2.444075515E-02 -6.923299772E-02 +3.025247230E-01
3.81000000000E+09 -8.882673147E-02 -2.087715892E-03 -1.524676656E-01 +2.975954256E-02 -1.345692971E-02 +3.165061335E-01
3.82000000000E+09 -2.383670680E-02 +8.673569471E-02 -1.066892041E-01 +9.525325440E-02 +4.301038396E-02 +2.927909770E-01
3.83000000000E+09 +8.099254561E-02 +4.440080124E-02 -7.168182171E-03 +1.243775615E-01 +7.905910519E-02 +2.425896151E-01
3.84000000000E+09 +6.261890146E-02 -7.180942923E-02 +9.865675905E-02 +7.283344799E-02 +7.866588439E-02 +1.811511770E-01
3.85000000000E+09 -5.930637970E-02 -7.722183846E-02 +1.405093945E-01 -3.735932914E-02 +3.976550771E-02 +1.330688508E-01
3.86000000000E+09 -8.736643520E-02 +4.407037749E-02 +1.031560398E-01 -1.348298826E-01 -1.862847625E-02 +1.206763315E-01
3.87000000000E+09 +2.638519431E-02 +9.301525604E-02 +3.277271156E-02 -1.804452217E-01 -6.737117759E-02 +1.492234577E-01
3.88000000000E+09 +9.447433134E-02 -6.643029100E-03 -3.596522188E-02 -1.901358148E-01 -8.656287432E-02 +1.985281433E-01
3.89000000000E+09 +1.395762545E-02 -9.128789859E-02 -1.086199648E-01 -1.749059725E-01 -7.650065712E-02 +2.441559902E-01
3.90000000000E+09 -8.422135919E-02 -3.375145671E-02 -1.796773957E-01 -1.129685334E-01 -4.555003458E-02 +2.690671538E-01
3.91000000000E+09 -5.223741056E-02 +7.362006887E-02 -2.027133641E-01 +1.163701146E-03 -3.606502971E-03 +2.723619464E-01
3.92000000000E+09 +5.981275637E-02 +6.838704053E-02 -1.377693439E-01 +1.155447426E-01 +3.227562438E-02 +2.559310124E-01
3.93000000000E+09 +8.136544768E-02 -4.363660805E-02 -1.001781514E-02 +1.582669244E-01 +4.976213997E-02 +2.233753171E-01
3.94000000000E+09 -2.602677687E-02 -9.037431440E-02 +1.045919327E-01 +1.102267915E-01 +4.196015829E-02 +1.887435621E-01
3.95000000000E+09 -9.502945814E-02 +7.529474127E-03 +1.549285565E-01 +2.039850836E-02 +1.742862319E-02 +1.712055692E-01
3.96000000000E+09 -1.142069050E-02 +9.497650297E-02 +1.538104872E-01 -5.976016909E-02 -7.951797128E-03 +1.758636928E-01
3.97000000000E+09 +9.016699167E-02 +3.015181834E-02 +1.286565541E-01 -1.262709502E-01 -2.237987394E-02 +1.919904637E-01
3.98000000000E+09 +4.732957970E-02 -8.106435388E-02 +7.160222857E-02 -1.851075062E-01 -2.578138807E-02 +2.069192088E-01
3.99000000000E+09 -6.846771683E-02 -6.248024943E-02 -2.749173169E-02 -2.046114796E-01 -1.784624704E-02 +2.186754444E-01
4.00000000000E+09 -7.484320567E-02 +5.242746606E-02 -1.285717880E-01 -1.471830760E-01 -1.812028148E-03 +2.295550841E-01
4.01000000000E+09 +3.413765971E-02 +8.391019158E-02 -1.667598883E-01 -3.186160836E-02 +1.831668697E-02 +2.296477483E-01
4.02000000000E+09 +8.947206424E-02 -1.449851396E-02 -1.231095096E-01 +7.380101805E-02 +3.308385204E-02 +2.146439359E-01
4.03000000000E+09 +5.468878446E-03 -9.123504525E-02 -4.014535284E-02 +1.232563468E-01 +3.404269704E-02 +1.907109155E-01
4.04000000000E+09 -8.874611252E-02 -2.497015843E-02 +3.521363085E-02 +1.267829540E-01 +1.909524114E-02 +1.742013229E-01
4.05000000000E+09 -4.286124331E-02 +8.194424009E-02 +9.912665843E-02 +1.111009754E-01 -3.357776201E-03 +1.718457963E-01
4.06000000000E+09 +7.123717541E-02 +5.847412429E-02 +1.624779970E-01 +6.911115117E-02 -2.354437978E-02 +1.812962395E-01
4.07000000000E+09 +7.105096731E-02 -5.726622053E-02 +1.989301360E-01 -1.748301709E-02 -3.331670674E-02 +2.001968093E-01
4.08000000000E+09 -4.038231067E-02 -8.005911505E-02 +1.637862905E-01 -1.196843965E-01 -2.949002221E-02 +2.290941994E-01
4.09000000000E+09 -8.504270651E-02 +2.164807674E-02 +6.233501675E-02 -1.708681196E-01 -7.373912431E-03 +2.563971274E-01
4.10000000000E+09 +1.766817151E-03 +8.660679874E-02 -4.184763732E-02 -1.402544049E-01 +3.010193413E-02 +2.657688335E-01
4.11000000000E+09 +8.453778788E-02 +1.831866238E-02 -9.524239687E-02 -6.255087695E-02 +6.990208164E-02 +2.453296484E-01
4.12000000000E+09 +3.744027524E-02 -7.910599217E-02 -9.964810252E-02 +1.252817386E-02 +9.134649793E-02 +2.001178310E-01
4.13000000000E+09 -7.044098911E-02 -5.427529939E-02 -8.320202481E-02 +7.287959757E-02 +7.891065204E-02 +1.496993136E-01
4.14000000000E+09 -6.806537413E-02 +5.897122892E-02 -4.851185362E-02 +1.308812717E-01 +3.591977878E-02 +1.157789396E-01
4.15000000000E+09 +4.486023238E-02 +7.808685346E-02 +2.277007785E-02 +1.724959110E-01 -2.065692226E-02 +1.157277892E-01
4.16000000000E+09 +8.389679805E-02 -2.855779961E-02 +1.149825799E-01 +1.574508226E-01 -6.547235043E-02 +1.542494640E-01
4.17000000000E+09 -1.068479644E-02 -8.527500693E-02 +1.712172075E-01 +8.097693971E-02 -7.922544638E-02 +2.192369551E-01
4.18000000000E+09 -8.301793306E-02 -7.991207761E-03 +1.579981714E-01 -5.417471326E-03 -5.035582248E-02 +2.825211664E-01
4.19000000000E+09 -2.701811303E-02 +7.693064571E-02 +1.015068231E-01 -5.198489714E-02 +1.389202704E-02 +3.153184771E-01
4.20000000000E+09 +6.765160654E-02 +4.488137507E-02 +4.590636490E-02 -5.851102704E-02 +9.079147700E-02 +2.997163122E-01
4.21000000000E+09 +6.092724230E-02 -5.584286428E-02 +1.764152547E-03 -5.176126110E-02 +1.482859150E-01 +2.393961691E-01
4.22000000000E+09 -4.219365561E-02 -7.403568455E-02 -4.735559035E-02 -3.611744808E-02 +1.555374486E-01 +1.550201275E-01
4.23000000000E+09 -8.334162395E-02 +2.720208046E-02 -9.809934822E-02 +1.150885748E-02 +1.057004310E-01 +8.012070866E-02
4.24000000000E+09 +1.146206606E-02 +8.780179613E-02 -1.123000985E-01 +9.361525044E-02 +2.009258705E-02 +5.403727380E-02
4.25000000000E+09 +8.731583415E-02 +4.726661455E-03 -6.735613814E-02 +1.659704287E-01 -6.165126932E-02 +9.126000596E-02
4.26000000000E+09 +2.110199552E-02 -8.226488990E-02 +5.081054126E-03 +1.865959205E-01 -1.002542579E-01 +1.716256917E-01
4.27000000000E+09 -7.310851752E-02 -3.752096903E-02 +5.958968581E-02 +1.641045172E-01 -8.189959931E-02 +2.547793082E-01
4.28000000000E+09 -5.252065006E-02 +6.035347363E-02 +8.851025582E-02 +1.303674322E-01 -1.477618203E-02 +3.054321145E-01
4.29000000000E+09 +4.542828872E-02 +6.572792449E-02 +1.081612871E-01 +9.239537501E-02 +7.155620836E-02 +3.052647789E-01
4.30000000000E+09 +7.641799473E-02 -2.865085770E-02 +1.150822481E-01 +3.558881902E-02 +1.401241600E-01 +2.528924062E-01
4.31000000000E+09 -1.139182467E-02 -8.392563379E-02 +8.063687865E-02 -3.410359955E-02 +1.567420669E-01 +1.691001082E-01
4.32000000000E+09 -8.743813620E-02 -5.537779404E-03 -5.667788160E-03 -7.285252727E-02 +1.127249705E-01 +9.168651716E-02
4.33000000000E+09 -2.133649296E-02 +8.631266308E-02 -1.013302133E-01 -4.282864844E-02 +3.134641035E-02 +6.510012882E-02
4.34000000000E+09 +8.015495222E-02 +3.600885970E-02 -1.496913328E-01 +3.532455685E-02 -4.350351475E-02 +1.016436821E-01
4.35000000000E+09 +4.953219531E-02 -6.957341707E-02 -1.435090915E-01 +1.090803236E-01 -7.378588771E-02 +1.739948212E-01
4.36000000000E+09 -5.501474162E-02 -6.135454030E-02 -1.132916506E-01 +1.572928223E-01 -4.933727829E-02 +2.434148918E-01
4.37000000000E+09 -7.084543980E-02 +3.822849995E-02 -7.310193817E-02 +1.903453829E-01 +1.539942755E-02 +2.798807065E-01
4.38000000000E+09 +1.957909618E-02 +7.796030564E-02 -1.403691980E-02 +2.065781557E-01 +9.119077077E-02 +2.696280210E-01
4.39000000000E+09 +8.185118454E-02 -4.853468114E-04 +5.818453739E-02 +1.817349943E-01 +1.432020097E-01 +2.138204787E-01
4.40000000000E+09 +1.786470753E-02 -8.280218115E-02 +1.048909023E-01 +1.046881105E-01 +1.421085959E-01 +1.320543703E-01
4.41000000000E+09 -8.012348155E-02 -3.445971989E-02 +8.777301994E-02 +9.718661774E-03 +8.432246079E-02 +6.649532575E-02
4.42000000000E+09 -4.844644451E-02 +7.342519376E-02 +1.735316771E-02 -4.859690602E-02 +5.233119797E-04 +6.123648716E-02
4.43000000000E+09 +6.239315273E-02 +5.971257898E-02 -5.840117853E-02 -5.490318960E-02 -6.330156231E-02 +1.141728870E-01
4.44000000000E+09 +6.847790394E-02 -4.774225100E-02 -1.149432785E-01 -3.498302246E-02 -7.756316335E-02 +1.897512147E-01
4.45000000000E+09 -3.042889445E-02 -7.433265029E-02 -1.611170834E-01 -2.508768060E-03 -4.037635904E-02 +2.531633445E-01
4.46000000000E+09 -7.735059214E-02 +1.172347837E-02 -1.948027387E-01 +5.371921015E-02 +2.651290675E-02 +2.837480917E-01
4.47000000000E+09 -7.704472448E-03 +7.702547435E-02 -1.889631893E-01 +1.306300579E-01 +1.002297037E-01 +2.714125604E-01
4.48000000000E+09 +7.384475911E-02 +2.643664296E-02 -1.275698155E-01 +1.910899102E-01 +1.500646321E-01 +2.162149092E-01
4.49000000000E+09 +4.401176328E-02 -6.783833973E-02 -3.689384316E-02 +1.941281961E-01 +1.536146465E-01 +1.324714143E-01
4.50000000000E+09 -5.912221082E-02 -5.872223031E-02 +3.188663886E-02 +1.379222416E-01 +1.054483172E-01 +6.468115299E-02
4.51000000000E+09 -6.996151741E-02 +4.802114935E-02 +5.178608231E-02 +6.088103412E-02 +2.769446395E-02 +4.802827716E-02
4.52000000000E+09 +3.437359992E-02 +7.736960118E-02 +3.718159630E-02 -5.828663543E-03 -4.126722016E-02 +8.394613834E-02
4.53000000000E+09 +8.087237534E-02 -1.858198428E-02 +3.176474362E-03 -6.249682861E-02 -7.181909519E-02 +1.465902134E-01
4.54000000000E+09 -1.610707871E-03 -8.050886004E-02 -5.794545850E-02 -1.062013475E-01 -6.019227185E-02 +2.108230940E-01
4.55000000000E+09 -7.649234325E-02 -1.580813575E-02 -1.431124865E-01 -1.094529123E-01 -1.535688683E-02 +2.602315264E-01
4.56000000000E+09 -3.255502144E-02 +6.909969576E-02 -2.139179657E-01 -5.474910357E-02 +4.895695758E-02 +2.773733248E-01
4.57000000000E+09 +5.905629482E-02 +4.823866807E-02 -2.285182502E-01 +3.146768804E-02 +1.094680629E-01 +2.482692895E-01
4.58000000000E+09 +6.182356458E-02 -4.646835262E-02 -1.843890755E-01 +9.915025989E-02 +1.465932979E-01 +1.852023742E-01
4.59000000000E+09 -3.252795866E-02 -7.224777357E-02 -1.169059674E-01 +1.206815815E-01 +1.388259964E-01 +1.159789601E-01
4.60000000000E+09 -7.934821449E-02 +1.761002848E-02 -5.840643520E-02 +1.073032220E-01 +9.095974687E-02 +6.960030411E-02
4.61000000000E+09 +2.174240566E-03 +8.239495843E-02 -1.095837898E-02 +7.747972930E-02 +2.528282138E-02 +5.945169458E-02
4.62000000000E+09 +8.125945417E-02 +1.326826437E-02 +2.917396005E-02 +2.648114206E-02 -3.246898876E-02 +8.435955763E-02
4.63000000000E+09 +2.792914843E-02 -7.600266962E-02 +4.033661843E-02 -5.060768330E-02 -6.561570702E-02 +1.401100879E-01
4.64000000000E+09 -6.680488677E-02 -4.155721788E-02 -5.062460981E-04 -1.240367271E-01 -5.975452440E-02 +2.106184591E-01
4.65000000000E+09 -5.361126469E-02 +5.437670283E-02 -7.538378034E-02 -1.516988169E-01 -1.332149580E-02 +2.627641825E-01
4.66000000000E+09 +3.928458718E-02 +6.380510356E-02 -1.389755717E-01 -1.272166274E-01 +6.077243600E-02 +2.709809556E-01
4.67000000000E+09 +7.116988379E-02 -2.271715950E-02 -1.660270252E-01 -8.063035729E-02 +1.276415629E-01 +2.341107746E-01
4.68000000000E+09 -5.677160340E-03 -7.585684273E-02 -1.661213462E-01 -3.869887805E-02 +1.566145279E-01 +1.653944071E-01
4.69000000000E+09 -7.715201568E-02 -1.129095667E-02 -1.545769341E-01 -9.274655082E-04 +1.367948222E-01 +9.284885431E-02
4.70000000000E+09 -2.709436307E-02 +7.504656747E-02 -1.245028043E-01 +3.964764029E-02 +7.338587694E-02 +4.370242112E-02
4.71000000000E+09 +6.932387322E-02 +4.113686395E-02 -6.260615241E-02 +6.504417625E-02 -8.744003503E-03 +4.057822431E-02
4.72000000000E+09 +5.270955477E-02 -5.994881796E-02 +1.288386698E-02 +4.499587594E-02 -7.763872566E-02 +9.621736457E-02
4.73000000000E+09 -4.713807947E-02 -6.159659534E-02 +5.917247501E-02 -1.755296850E-02 -9.581552005E-02 +1.878887555E-01
4.74000000000E+09 -6.791857557E-02 +3.150791691E-02 +5.845075437E-02 -8.396629561E-02 -4.829477946E-02 +2.691824925E-01
4.75000000000E+09 +1.408622546E-02 +7.143982862E-02 +3.130583728E-02 -1.258107056E-01 +4.434860100E-02 +3.008085216E-01
4.76000000000E+09 +7.219640945E-02 +3.796336622E-03 +8.773699061E-04 -1.464314207E-01 +1.387187363E-01 +2.704966698E-01
4.77000000000E+09 +2.145793757E-02 -7.012329532E-02 -3.223137396E-02 -1.565241097E-01 +1.949069184E-01 +1.876695425E-01
4.78000000000E+09 -6.524373368E-02 -3.759946313E-02 -7.394913305E-02 -1.485996393E-01 +1.859381329E-01 +8.190563331E-02
4.79000000000E+09 -5.158438415E-02 +5.785784470E-02 -1.093965692E-01 -1.076097331E-01 +1.102533486E-01 -5.343051626E-03
4.80000000000E+09 +4.768664500E-02 +6.235062864E-02 -1.080146465E-01 -4.357675950E-02 -7.908653363E-03 -2.572452635E-02
4.81000000000E+09 +6.904668356E-02 -3.539058385E-02 -6.336814534E-02 +7.427107634E-03 -1.153448805E-01 +4.202013235E-02
4.82000000000E+09 -2.071583900E-02 -7.215351442E-02 -3.145928047E-03 +2.156682153E-02 -1.547075380E-01 +1.643996191E-01
4.83000000000E+09 -7.194941639E-02 +4.224584859E-03 +4.656179162E-02 +1.000616732E-02 -1.054038048E-01 +2.778286707E-01
4.84000000000E+09 -1.279250106E-02 +6.871977284E-02 +8.596094722E-02 -1.156241150E-02 +8.492294886E-04 +3.347863430E-01
4.85000000000E+09 +6.283514223E-02 +2.951447986E-02 +1.199239206E-01 -4.638787205E-02 +1.153902074E-01 +3.193913729E-01
4.86000000000E+09 +4.477215032E-02 -5.429418337E-02 +1.346359258E-01 -1.008006806E-01 +1.957019606E-01 +2.398072776E-01
4.87000000000E+09 -4.386809660E-02 -5.819822715E-02 +1.095867960E-01 -1.580801308E-01 +2.132291106E-01 +1.203999735E-01
4.88000000000E+09 -6.873774941E-02 +3.160549073E-02 +4.853721989E-02 -1.830293459E-01 +1.561724190E-01 +1.109916455E-02
4.89000000000E+09 +1.860122657E-02 +7.525799614E-02 -1.256618627E-02 -1.573972143E-01 +3.857799954E-02 -3.438232990E-02
4.90000000000E+09 +7.770800070E-02 -4.980546532E-03 -4.025358291E-02 -1.014602516E-01 -8.219399442E-02 +1.260529150E-02
4.91000000000E+09 +9.524347614E-03 -7.577780537E-02 -3.478615746E-02 -4.638614144E-02 -1.404235226E-01 +1.230384642E-01
4.92000000000E+09 -7.008679879E-02 -2.442018650E-02 -1.129880689E-02 -4.937315353E-04 -1.109946129E-01 +2.331823189E-01
4.93000000000E+09 -3.877569566E-02 +6.137243536E-02 +2.957760026E-02 +3.753271294E-02 -2.671885646E-02 +2.955985178E-01
4.94000000000E+09 +5.013333103E-02 +5.176814211E-02 +9.069560141E-02 +5.365111162E-02 +6.769213504E-02 +2.963567752E-01
4.95000000000E+09 +6.267246385E-02 -3.700851760E-02 +1.526500067E-01 +2.934483322E-02 +1.379361168E-01 +2.398444059E-01
4.96000000000E+09 -2.237779578E-02 -7.106867189E-02 +1.807218465E-01 -2.778816499E-02 +1.628082129E-01 +1.522524582E-01
4.97000000000E+09 -7.587664795E-02 +7.215839690E-03 +1.606949911E-01 -8.029642258E-02 +1.294284526E-01 +7.117198565E-02
4.98000000000E+09 -7.346692286E-03 +7.717901731E-02 +1.168592284E-01 -9.674490940E-02 +4.882191226E-02 +3.709444481E-02
4.99000000000E+09 +7.442168001E-02 +2.153223891E-02 +8.337043573E-02 -8.298648703E-02 -3.357092736E-02 +6.672494488E-02
5.00000000000E+09 +3.487034584E-02 -6.773657424E-02 +6.527995984E-02 -6.335740926E-02 -6.737055938E-02 +1.348205178E-01
5.01000000000E+09 -5.774938730E-02 -4.717136716E-02 +4.922278126E-02 -4.208417503E-02 -4.403022265E-02 +1.979294634E-01
5.02000000000E+09 -5.767908105E-02 +4.539361034E-02 +3.740246139E-02 -8.266296551E-03 +4.144350076E-03 +2.270175656E-01
5.03000000000E+09 +3.130778835E-02 +6.568215204E-02 +4.676243149E-02 +3.320696279E-02 +4.961532152E-02 +2.205801698E-01
5.04000000000E+09 +7.087981329E-02 -1.606788715E-02 +7.800927406E-02 +5.877141191E-02 +8.181561692E-02 +1.889448383E-01
5.05000000000E+09 -3.015224773E-04 -7.275994628E-02 +1.072454035E-01 +5.771694125E-02 +9.121973212E-02 +1.455500421E-01
5.06000000000E+09 -7.128314686E-02 -1.480739332E-02 +1.163389980E-01 +4.809902355E-02 +6.842648243E-02 +1.093366377E-01
5.07000000000E+09 -2.877680675E-02 +6.657735385E-02 +1.164946188E-01 +5.033443184E-02 +2.065314506E-02 +9.875851424E-02
5.08000000000E+09 +5.841117386E-02 +4.110819590E-02 +1.280621464E-01 +5.696080645E-02 -1.866833071E-02 +1.205384297E-01
5.09000000000E+09 +5.170046629E-02 -4.737523528E-02 +1.459518636E-01 +4.622458805E-02 -2.686702707E-02 +1.589342389E-01
5.10000000000E+09 -3.402780393E-02 -5.984626204E-02 +1.458250449E-01 +1.814995722E-02 -8.396761501E-03 +1.899101056E-01
5.11000000000E+09 -6.529172661E-02 +1.962648624E-02 +1.191105560E-01 -3.158431325E-03 +1.438046931E-02 +2.033193998E-01
5.12000000000E+09 +4.604288636E-03 +6.779630467E-02 +8.376180385E-02 -1.385984490E-03 +3.510622991E-02 +2.046456298E-01
5.13000000000E+09 +6.705936812E-02 +1.051780166E-02 +5.763327237E-02 +1.483532721E-02 +5.934649222E-02 +1.944279525E-01
5.14000000000E+09 +2.493513365E-02 -6.310789121E-02 +3.739784203E-02 +3.226029551E-02 +7.953268850E-02 +1.729721227E-01
5.15000000000E+09 -5.643910132E-02 -3.784655764E-02 +1.439282880E-02 +5.666287390E-02 +7.940153760E-02 +1.386671411E-01
5.16000000000E+09 -4.856058587E-02 +4.721485224E-02 +5.020569219E-04 +9.989071560E-02 +5.293396040E-02 +1.100218960E-01
5.17000000000E+09 +3.572194939E-02 +5.676830000E-02 +1.809089054E-02 +1.496370687E-01 +1.809852833E-02 +1.000287868E-01
5.18000000000E+09 +6.208891157E-02 -2.221735021E-02 +6.556662832E-02 +1.742291109E-01 -1.159374066E-02 +1.128751473E-01
5.19000000000E+09 -7.914182513E-03 -6.417641944E-02 +1.131040253E-01 +1.587861908E-01 -3.372996406E-02 +1.375991067E-01
5.20000000000E+09 -6.342741927E-02 -6.460198941E-03 +1.356403083E-01 +1.192286916E-01 -4.748869925E-02 +1.740742250E-01
5.21000000000E+09 -2.058000254E-02 +5.953284001E-02 +1.332409101E-01 +7.741871212E-02 -3.980470988E-02 +2.159653912E-01
5.22000000000E+09 +5.268541372E-02 +3.357733398E-02 +1.149277058E-01 +3.792540035E-02 +1.508260326E-04 +2.501281596E-01
5.23000000000E+09 +4.515855548E-02 -4.349638874E-02 +7.640373831E-02 -5.236812060E-05 +5.923403858E-02 +2.518229800E-01
5.24000000000E+09 -3.257664589E-02 -5.450435136E-02 +9.616981265E-03 -1.998424366E-02 +1.034031057E-01 +2.129483621E-01
5.25000000000E+09 -6.104307026E-02 +2.045820769E-02 -6.876027070E-02 +5.083558236E-03 +1.120960850E-01 +1.533028338E-01
5.26000000000E+09 +7.379836246E-03 +6.428085682E-02 -1.172078802E-01 +7.637186285E-02 +8.378073756E-02 +1.016847887E-01
5.27000000000E+09 +6.382217132E-02 +5.975355789E-03 -1.095848137E-01 +1.567870628E-01 +3.142865049E-02 +8.058107161E-02
5.28000000000E+09 +1.878923710E-02 -6.020624571E-02 -6.051139640E-02 +2.068645256E-01 -3.081873635E-02 +9.621988596E-02
5.29000000000E+09 -5.354393115E-02 -3.087775486E-02 -9.512275278E-04 +2.176125363E-01 -7.672367783E-02 +1.470854567E-01
5.30000000000E+09 -4.149988389E-02 +4.395969414E-02 +5.343123969E-02 +1.985731039E-01 -7.716809056E-02 +2.193875072E-01
5.31000000000E+09 +3.238412813E-02 +5.052033064E-02 +9.787935780E-02 +1.518274452E-01 -2.479274121E-02 +2.776074225E-01
5.32000000000E+09 +5.756055479E-02 -1.915948336E-02 +1.160973697E-01 +7.502843928E-02 +5.393689280E-02 +2.889080927E-01
5.33000000000E+09 -5.472072363E-03 -6.200542445E-02 +8.245071807E-02 -1.328325655E-02 +1.190596167E-01 +2.451440744E-01
5.34000000000E+09 -6.368522388E-02 -8.051240303E-03 -5.751790445E-03 -6.877259454E-02 +1.386731113E-01 +1.690311152E-01
5.35000000000E+09 -2.079421488E-02 +6.200645516E-02 -1.082335657E-01 -5.782811467E-02 +1.084688877E-01 +1.007750456E-01
5.36000000000E+09 +5.690009503E-02 +3.208396505E-02 -1.741942966E-01 +5.282047346E-03 +3.830448971E-02 +7.199748318E-02
5.37000000000E+09 +4.176254077E-02 -4.884651111E-02 -1.893556051E-01 +7.865264457E-02 -3.995191445E-02 +9.154581848E-02
5.38000000000E+09 -3.789587022E-02 -4.953874120E-02 -1.705245936E-01 +1.383664747E-01 -8.832836944E-02 +1.563119883E-01
5.39000000000E+09 -5.524011347E-02 +2.485884382E-02 -1.284804620E-01 +1.821651732E-01 -7.651429238E-02 +2.401756092E-01
5.40000000000E+09 +1.025089069E-02 +5.897782787E-02 -6.279507594E-02 +2.015820645E-01 -9.471176460E-03 +2.991386867E-01
5.41000000000E+09 +6.015228835E-02 +4.926519813E-03 +1.364489691E-02 +1.768495227E-01 +7.877877753E-02 +2.995934665E-01
5.42000000000E+09 +1.945085397E-02 -5.936428816E-02 +6.533054659E-02 +1.028698881E-01 +1.447456666E-01 +2.389382652E-01
5.43000000000E+09 -5.619800522E-02 -3.267545372E-02 +5.999389107E-02 +1.062422988E-02 +1.537124203E-01 +1.497298536E-01
5.44000000000E+09 -4.369236275E-02 +5.046230983E-02 +5.056175912E-03 -5.284448014E-02 +1.040802322E-01 +7.912685269E-02
5.45000000000E+09 +4.209992238E-02 +5.203137370E-02 -5.991948057E-02 -7.046764400E-02 +1.893179850E-02 +5.474876828E-02
5.46000000000E+09 +5.758331192E-02 -3.142287743E-02 -1.103748099E-01 -6.050932810E-02 -6.421731557E-02 +8.735984005E-02
5.47000000000E+09 -1.871225779E-02 -6.043982672E-02 -1.489959092E-01 -3.597276413E-02 -1.067382023E-01 +1.633612384E-01
5.48000000000E+09 -6.074571710E-02 +4.635050518E-03 -1.725206528E-01 +7.814736122E-03 -9.066439563E-02 +2.537129938E-01
5.49000000000E+09 -1.006360538E-02 +5.848357700E-02 -1.617394901E-01 +6.400704752E-02 -2.659784795E-02 +3.151392432E-01
5.50000000000E+09 +5.411864178E-02 +2.402223829E-02 -1.097930400E-01 +1.023191614E-01 +5.614836602E-02 +3.211310655E-01
5.51000000000E+09 +3.696198710E-02 -4.796278449E-02 -4.245998413E-02 +9.548843048E-02 +1.219373281E-01 +2.761917554E-01
5.52000000000E+09 -3.988187261E-02 -4.785951888E-02 +1.095397232E-03 +5.080043003E-02 +1.502896860E-01 +2.061694961E-01
5.53000000000E+09 -5.628114970E-02 +3.033125386E-02 +9.151645571E-03 +3.505873243E-03 +1.312244425E-01 +1.383261737E-01
5.54000000000E+09 +1.958499947E-02 +6.164274390E-02 +4.296574380E-03 -2.618436833E-02 +7.761189426E-02 +9.260688175E-02
5.55000000000E+09 +6.395953884E-02 -8.197251324E-03 +3.517727871E-03 -5.111470695E-02 +8.654050397E-03 +8.458970538E-02
5.56000000000E+09 +3.774304912E-03 -6.292220124E-02 -5.238167835E-03 -8.237299108E-02 -4.955539167E-02 +1.198717817E-01
5.57000000000E+09 -5.891272227E-02 -1.565372121E-02 -3.262534104E-02 -1.042449939E-01 -7.548924474E-02 +1.833850732E-01
5.58000000000E+09 -2.686525004E-02 +5.225369229E-02 -6.200719437E-02 -1.008183433E-01 -6.686967099E-02 +2.438895892E-01
5.59000000000E+09 +4.366528386E-02 +3.675422993E-02 -7.282155840E-02 -8.404692383E-02 -3.395172908E-02 +2.852679855E-01
5.60000000000E+09 +4.487494646E-02 -3.323423356E-02 -7.110010322E-02 -7.540826388E-02 +1.495627281E-02 +3.054364887E-01
5.61000000000E+09 -2.143588451E-02 -5.085316529E-02 -7.780257647E-02 -7.183981469E-02 +6.854500113E-02 +3.077975781E-01
5.62000000000E+09 -5.445468660E-02 +8.747499424E-03 -9.188362989E-02 -4.936560826E-02 +1.179621984E-01 +2.820292486E-01
5.63000000000E+09 -3.815773897E-03 +5.559074677E-02 -8.357406322E-02 -1.397787523E-03 +1.458993915E-01 +2.299147712E-01
5.64000000000E+09 +5.452637209E-02 +1.575685358E-02 -3.067814005E-02 +4.151830973E-02 +1.425211973E-01 +1.643649116E-01
5.65000000000E+09 +2.628084995E-02 -5.076544879E-02 +4.816306020E-02 +4.085564589E-02 +1.007181023E-01 +1.156325176E-01
5.66000000000E+09 -4.448983669E-02 -3.494576524E-02 +1.106245816E-01 -6.705690324E-03 +3.328470609E-02 +9.918936080E-02
5.67000000000E+09 -4.148399230E-02 +3.587955173E-02 +1.359361384E-01 -7.284984384E-02 -3.226299966E-02 +1.209362986E-01
5.68000000000E+09 +2.551022889E-02 +4.584913844E-02 +1.297572410E-01 -1.374233281E-01 -7.286127418E-02 +1.789198380E-01
5.69000000000E+09 +4.816491325E-02 -1.365483427E-02 +9.408100043E-02 -1.944388791E-01 -6.891481375E-02 +2.576202857E-01
5.70000000000E+09 -9.346066646E-04 -4.828645318E-02 +2.404687416E-02 -2.274736757E-01 -2.021166992E-02 +3.210627455E-01
5.71000000000E+09 -4.616122868E-02 -1.166264649E-02 -6.569234822E-02 -2.071342485E-01 +5.664941641E-02 +3.432073265E-01
5.72000000000E+09 -2.326557462E-02 +4.246422027E-02 -1.310084574E-01 -1.213084684E-01 +1.262581047E-01 +3.098264413E-01
5.73000000000E+09 +3.712897448E-02 +3.364234315E-02 -1.255310613E-01 -1.148552030E-03 +1.636870076E-01 +2.418536419E-01
5.74000000000E+09 +4.168877192E-02 -3.035387398E-02 -4.377043899E-02 +9.195326697E-02 +1.509257943E-01 +1.673974206E-01
5.75000000000E+09 -2.221694956E-02 -4.714207851E-02 +7.069972312E-02 +1.180538315E-01 +9.194742319E-02 +1.155477623E-01
5.76000000000E+09 -4.946859381E-02 +1.301651161E-02 +1.710260056E-01 +8.476782005E-02 +1.512635221E-02 +1.101458631E-01
5.77000000000E+09 +2.809764997E-03 +4.920494120E-02 +2.393514531E-01 +1.467886234E-02 -4.375005755E-02 +1.626945064E-01
5.78000000000E+09 +4.631181743E-02 +8.238255005E-03 +2.662934228E-01 -8.019051099E-02 -5.397462641E-02 +2.473043106E-01
5.79000000000E+09 +1.930825275E-02 -4.108711566E-02 +2.348644952E-01 -1.807673701E-01 -9.097262828E-03 +3.167687071E-01
5.80000000000E+09 -3.433997869E-02 -2.945895008E-02 +1.409703288E-01 -2.471861786E-01 +6.366754722E-02 +3.363845535E-01
5.81000000000E+09 -3.857230905E-02 +2.667541903E-02 +1.585898448E-02 -2.382642245E-01 +1.290687550E-01 +2.962887949E-01
5.82000000000E+09 +1.830979270E-02 +4.577708558E-02 -8.003267384E-02 -1.469140946E-01 +1.595223361E-01 +2.284043718E-01
5.83000000000E+09 +5.034659368E-02 -9.857498315E-03 -9.926336695E-02 -1.710815041E-02 +1.306994569E-01 +1.618979137E-01
5.84000000000E+09 -1.206707497E-03 -5.174999849E-02 -4.637622254E-02 +9.269545286E-02 +6.676355782E-02 +1.270254541E-01
5.85000000000E+09 -4.990643115E-02 -7.382165261E-03 +4.443961370E-02 +1.575542154E-01 -3.808509321E-03 +1.452633673E-01
5.86000000000E+09 -1.626349009E-02 +4.505090147E-02 +1.516348876E-01 +1.746624338E-01 -4.474606243E-02 +2.123939756E-01
5.87000000000E+09 +3.742275465E-02 +2.497283505E-02 +2.562359461E-01 +1.351865274E-01 -3.408861215E-02 +2.983363171E-01
5.88000000000E+09 +3.289664543E-02 -2.801672813E-02 +3.225617788E-01 +3.961843347E-02 +2.831451381E-02 +3.548599936E-01
5.89000000000E+09 -1.761137073E-02 -3.961121716E-02 +3.159173715E-01 -8.087204181E-02 +1.071334205E-01 +3.513155119E-01
5.90000000000E+09 -4.513952429E-02 +6.676942603E-03 +2.311818090E-01 -1.725573327E-01 +1.730073010E-01 +2.954655903E-01
5.91000000000E+09 -3.859612391E-03 +4.867754205E-02 +1.062838693E-01 -1.901427258E-01 +1.860443793E-01 +2.176026619E-01
5.92000000000E+09 +5.018282389E-02 +1.336217382E-02 +2.032721000E-04 -1.314489411E-01 +1.438844227E-01 +1.480326619E-01
5.93000000000E+09 +2.155209843E-02 -4.860355542E-02 -5.417805734E-02 -3.382685170E-02 +7.001700828E-02 +1.235291226E-01
5.94000000000E+09 -4.398685035E-02 -2.828200776E-02 -5.895374279E-02 +7.252475553E-02 -3.901449383E-03 +1.512994077E-01
5.95000000000E+09 -3.394687523E-02 +3.604983468E-02 -1.367516976E-02 +1.720161586E-01 -4.420743229E-02 +2.263221057E-01
5.96000000000E+09 +2.562454190E-02 +3.840966307E-02 +8.114855581E-02 +2.345373987E-01 -3.294070302E-02 +3.107631590E-01
5.97000000000E+09 +4.165016288E-02 -1.379483613E-02 +1.941371555E-01 +2.279860635E-01 +2.721200326E-02 +3.660087748E-01
5.98000000000E+09 -1.465194122E-03 -4.358906461E-02 +2.740316271E-01 +1.541702285E-01 +1.079367278E-01 +3.654043940E-01
5.99000000000E+09 -4.391757945E-02 -1.087198642E-02 +2.858682095E-01 +5.217666623E-02 +1.731557028E-01 +3.233547091E-01
6.00000000000E+09 -2.229327673E-02 +4.280301305E-02 +2.347659439E-01 -2.681116076E-02 +1.929149374E-01 +2.590123199E-01
6.01000000000E+09 +3.991464392E-02 +3.255233890E-02 +1.587754420E-01 -5.804204641E-02 +1.740862872E-01 +2.014776403E-01
6.02000000000E+09 +4.049147536E-02 -3.509747600E-02 +8.688569488E-02 -5.409210300E-02 +1.270978996E-01 +1.684278763E-01
6.03000000000E+09 -2.856639248E-02 -4.634672023E-02 +1.933938940E-02 -2.576932836E-02 +7.323475313E-02 +1.655585315E-01
6.04000000000E+09 -4.938481290E-02 +2.011460992E-02 -3.536335973E-02 +3.713834698E-02 +2.494619830E-02 +2.023206195E-01
6.05000000000E+09 +9.914675312E-03 +5.008396943E-02 -4.497921086E-02 +1.255243375E-01 +1.107805017E-02 +2.601201908E-01
6.06000000000E+09 +4.868674333E-02 +1.282161457E-03 +5.685642861E-04 +1.953603690E-01 +3.880223607E-02 +3.076431467E-01
6.07000000000E+09 +1.275509150E-02 -4.574835798E-02 +6.743921106E-02 +2.137829738E-01 +9.041614080E-02 +3.237922387E-01
6.08000000000E+09 -4.117388477E-02 -2.353879160E-02 +1.146785930E-01 +1.910142124E-01 +1.339269507E-01 +3.152556457E-01
6.09000000000E+09 -3.328036210E-02 +3.520902795E-02 +1.330796985E-01 +1.594176580E-01 +1.565673970E-01 +2.878340990E-01
6.10000000000E+09 +2.750021815E-02 +4.125153621E-02 +1.417483542E-01 +1.325524471E-01 +1.649851581E-01 +2.579648761E-01
6.11000000000E+09 +4.735084272E-02 -1.910880555E-02 +1.483325544E-01 +9.474935954E-02 +1.542026288E-01 +2.250457866E-01
6.12000000000E+09 -9.955038061E-03 -5.134336750E-02 +1.293875337E-01 +4.026907697E-02 +1.264220848E-01 +2.031380829E-01
6.13000000000E+09 -5.249654394E-02 +1.075154173E-03 +6.880563689E-02 +1.404680778E-03 +8.353421548E-02 +2.085289623E-01
6.14000000000E+09 -8.076461279E-03 +5.074165763E-02 -4.190141688E-03 +1.074603428E-02 +5.652470483E-02 +2.440085374E-01
6.15000000000E+09 +4.626999519E-02 +1.699928539E-02 -4.768032572E-02 +5.389533160E-02 +6.309633712E-02 +2.898637453E-01
6.16000000000E+09 +2.569031251E-02 -3.977733004E-02 -5.952354068E-02 +9.401022978E-02 +9.948314033E-02 +3.200900580E-01
6.17000000000E+09 -3.173283985E-02 -3.334282974E-02 -6.374826328E-02 +1.228996325E-01 +1.398429159E-01 +3.271725408E-01
6.18000000000E+09 -3.970490842E-02 +2.233887638E-02 -6.433274701E-02 +1.573901539E-01 +1.783886517E-01 +3.086568199E-01
6.19000000000E+09 +1.227091389E-02 +4.413674283E-02 -4.017004580E-02 +1.977383513E-01 +2.046431832E-01 +2.698312013E-01
6.20000000000E+09 +4.722429100E-02 -1.960500300E-03 +1.737996881E-02 +2.147170823E-01 +2.030132124E-01 +2.111403926E-01
6.21000000000E+09 +7.643190086E-03 -4.805341564E-02 +7.964157052E-02 +1.812818668E-01 +1.590690754E-01 +1.654166409E-01
6.22000000000E+09 -4.688231361E-02 -1.570831758E-02 +1.042543250E-01 +1.114759000E-01 +8.518588913E-02 +1.631984886E-01
6.23000000000E+09 -2.254194850E-02 +4.265738728E-02 +8.514166592E-02 +4.681574751E-02 +2.643338193E-02 +2.177608022E-01
6.24000000000E+09 +3.585326957E-02 +2.825411221E-02 +4.848816927E-02 +2.304295597E-03 +1.807659606E-02 +2.988064244E-01
6.25000000000E+09 +3.298679729E-02 -2.686685354E-02 +1.270526814E-03 -3.298048793E-02 +6.072158620E-02 +3.696035017E-01
6.26000000000E+09 -1.672574872E-02 -3.635021478E-02 -6.803862143E-02 -5.121744408E-02 +1.320104371E-01 +4.014553991E-01
6.27000000000E+09 -3.816568580E-02 +5.746674716E-03 -1.484732439E-01 -2.513839319E-02 +2.159680233E-01 +3.878609321E-01
6.28000000000E+09 -5.267439737E-03 +3.842283525E-02 -1.989600957E-01 +5.233259699E-02 +2.824412878E-01 +3.293919232E-01
6.29000000000E+09 +3.717892007E-02 +1.613380044E-02 -1.838121441E-01 +1.474291493E-01 +3.080322248E-01 +2.395027304E-01
6.30000000000E+09 +2.566962415E-02 -3.488683016E-02 -1.071713705E-01 +2.076535645E-01 +2.649083291E-01 +1.416226731E-01
6.31000000000E+09 -3.169594408E-02 -3.330206334E-02 -1.284364723E-02 +2.042989635E-01 +1.626311640E-01 +9.461518166E-02
6.32000000000E+09 -3.789832448E-02 +2.672206287E-02 +5.823140522E-02 +1.535929336E-01 +4.850513331E-02 +1.301169512E-01
6.33000000000E+09 +1.973275817E-02 +3.982546951E-02 +1.002879632E-01 +7.965249262E-02 -1.054000446E-02 +2.327874036E-01
6.34000000000E+09 +3.962657055E-02 -1.076240902E-02 +1.089332034E-01 -1.463450558E-02 +4.560169687E-03 +3.425710167E-01
6.35000000000E+09 -7.049215805E-04 -3.794872811E-02 +6.184250705E-02 -1.120881050E-01 +7.962225190E-02 +4.135198044E-01
6.36000000000E+09 -3.465537467E-02 -9.652262774E-03 -4.100353312E-02 -1.668928028E-01 +1.797389176E-01 +4.323927552E-01
6.37000000000E+09 -1.960769022E-02 +2.994775614E-02 -1.564953859E-01 -1.438388817E-01 +2.727579054E-01 +3.966468390E-01
6.38000000000E+09 +2.385897122E-02 +2.870068537E-02 -2.255234364E-01 -5.239434281E-02 +3.290080717E-01 +3.208505749E-01
6.39000000000E+09 +3.676767188E-02 -1.724866989E-02 -2.153168445E-01 +5.589567989E-02 +3.310150047E-01 +2.197761393E-01
6.40000000000E+09 -1.026329733E-02 -4.318097966E-02 -1.442393214E-01 +1.258253019E-01 +2.661918762E-01 +1.420767676E-01
6.41000000000E+09 -4.675415848E-02 +3.662195019E-03 -5.763664896E-02 +1.427421447E-01 +1.695780967E-01 +1.226643309E-01
6.42000000000E+09 -3.072761660E-03 +4.710008594E-02 +2.355457664E-02 +1.237436488E-01 +8.571524316E-02 +1.720767999E-01
6.43000000000E+09 +4.409472603E-02 +1.015418009E-02 +9.747662904E-02 +6.848830868E-02 +5.778676508E-02 +2.571215396E-01
6.44000000000E+09 +1.794380334E-02 -3.871777199E-02 +1.365980272E-01 -2.939566449E-02 +9.186391376E-02 +3.338458782E-01
6.45000000000E+09 -3.145293676E-02 -2.560914857E-02 +1.074048839E-01 -1.363677121E-01 +1.618258156E-01 +3.722427219E-01
6.46000000000E+09 -3.268334141E-02 +2.312117639E-02 +1.965768339E-02 -1.969966219E-01 +2.317751582E-01 +3.641352500E-01
6.47000000000E+09 +1.404151449E-02 +3.855487402E-02 -7.550997511E-02 -1.842663341E-01 +2.781936491E-01 +3.205133539E-01
6.48000000000E+09 +4.312136154E-02 -4.747450332E-03 -1.281107467E-01 -1.211979505E-01 +2.833105595E-01 +2.623877182E-01
6.49000000000E+09 +4.359249427E-03 -4.550422599E-02 -1.306821331E-01 -5.453384961E-02 +2.586325509E-01 +2.149472208E-01
6.50000000000E+09 -4.583567740E-02 -1.256695531E-02 -1.094708014E-01 -2.580020911E-03 +2.129101549E-01 +2.012550730E-01
6.51000000000E+09 -2.012012191E-02 +4.338596988E-02 -7.059430164E-02 +4.629188020E-02 +1.717658652E-01 +2.172679753E-01
6.52000000000E+09 +3.843749285E-02 +2.649061990E-02 +3.831217943E-03 +7.968487031E-02 +1.550958273E-01 +2.586355989E-01
6.53000000000E+09 +3.225194974E-02 -3.098910968E-02 +9.832997757E-02 +5.874677919E-02 +1.733404087E-01 +2.986321410E-01
6.54000000000E+09 -2.189793173E-02 -3.699274140E-02 +1.589746863E-01 -2.024501810E-02 +2.155212528E-01 +3.203764059E-01
6.55000000000E+09 -4.074215817E-02 +1.180191069E-02 +1.536366001E-01 -1.101489930E-01 +2.553249348E-01 +3.094022662E-01
6.56000000000E+09 +1.531396862E-03 +4.302540142E-02 +1.025931557E-01 -1.625683281E-01 +2.722860507E-01 +2.761708901E-01
6.57000000000E+09 +4.358630058E-02 +8.605648019E-03 +4.846978378E-02 -1.702871375E-01 +2.691332106E-01 +2.390873203E-01
6.58000000000E+09 +1.776622835E-02 -4.239129035E-02 +8.751387608E-03 -1.578356018E-01 +2.506741317E-01 +2.170419853E-01
6.59000000000E+09 -3.943129310E-02 -2.610398055E-02 -2.944529803E-02 -1.334980875E-01 +2.202387556E-01 +2.118007199E-01
6.60000000000E+09 -3.252516542E-02 +3.446452013E-02 -6.109008009E-02 -7.742714453E-02 +1.932357668E-01 +2.272641649E-01
6.61000000000E+09 +2.783404070E-02 +3.731027657E-02 -4.679533940E-02 +5.414127316E-03 +1.780810472E-01 +2.607188611E-01
6.62000000000E+09 +4.015035838E-02 -1.916991585E-02 +2.710600331E-02 +6.233590977E-02 +1.946021959E-01 +3.006763757E-01
6.63000000000E+09 -9.244505756E-03 -4.152753054E-02 +1.147263694E-01 +5.498936570E-02 +2.325257041E-01 +3.234057774E-01
6.64000000000E+09 -4.136827189E-02 -1.248127503E-03 +1.647728870E-01 +4.583664155E-03 +2.701573752E-01 +3.162485609E-01
6.65000000000E+09 -1.160558543E-02 +3.967583543E-02 +1.717935238E-01 -4.409815989E-02 +2.980054847E-01 +2.887569177E-01
6.66000000000E+09 +3.630961524E-02 +2.122920381E-02 +1.634938445E-01 -7.378449571E-02 +3.126544671E-01 +2.543495877E-01
6.67000000000E+09 +2.998674667E-02 -3.160557411E-02 +1.531247698E-01 -1.003441836E-01 +3.083392389E-01 +2.218259639E-01
6.68000000000E+09 -2.558194441E-02 -3.737776477E-02 +1.218857145E-01 -1.299082273E-01 +2.878805798E-01 +1.921955322E-01
6.69000000000E+09 -4.277796952E-02 +1.911420711E-02 +5.956643702E-02 -1.313616673E-01 +2.465219058E-01 +1.841934770E-01
6.70000000000E+09 +1.187328541E-02 +4.578222428E-02 +4.547801698E-03 -7.643173496E-02 +2.074066190E-01 +2.034747911E-01
6.71000000000E+09 +4.594436269E-02 -3.895711513E-03 +5.536389254E-03 +4.970292523E-03 +1.951780197E-01 +2.494175778E-01
6.72000000000E+09 +4.946124065E-03 -4.384762291E-02 +5.344453056E-02 +5.661670656E-02 +2.128788802E-01 +2.881324401E-01
6.73000000000E+09 -3.991159501E-02 -1.395880065E-02 +1.023515883E-01 +6.780388699E-02 +2.469076381E-01 +3.047581145E-01
6.74000000000E+09 -2.251045441E-02 +3.443111471E-02 +1.347840041E-01 +6.616148552E-02 +2.841579225E-01 +3.019909295E-01
6.75000000000E+09 +2.759286083E-02 +2.999697649E-02 +1.674951386E-01 +6.307923193E-02 +3.144926653E-01 +2.857952218E-01
6.76000000000E+09 +3.640650874E-02 -1.955295977E-02 +2.059299756E-01 +3.833901713E-02 +3.338133299E-01 +2.569042762E-01
6.77000000000E+09 -1.085604460E-02 -4.119104742E-02 +2.196469383E-01 -2.051279602E-02 +3.349565828E-01 +2.255744986E-01
6.78000000000E+09 -4.451920284E-02 +2.231205418E-03 +1.753867599E-01 -8.047248238E-02 +3.096419911E-01 +1.989421279E-01
6.79000000000E+09 -6.058071106E-03 +4.542320303E-02 +9.172754480E-02 -8.636759428E-02 +2.796200985E-01 +1.955826878E-01
6.80000000000E+09 +4.378910489E-02 +1.371986164E-02 +3.167022028E-02 -3.044534794E-02 +2.603568288E-01 +2.163842586E-01
6.81000000000E+09 +2.115903836E-02 -3.958755696E-02 +2.483732444E-02 +3.668739860E-02 +2.642370614E-01 +2.365889244E-01
6.82000000000E+09 -3.354646604E-02 -2.799942859E-02 +4.347130797E-02 +7.986553202E-02 +2.780444576E-01 +2.477976626E-01
6.83000000000E+09 -3.389117176E-02 +2.609300867E-02 +6.285910710E-02 +1.106600006E-01 +2.953792492E-01 +2.487696900E-01
6.84000000000E+09 +1.770864301E-02 +3.850969801E-02 +9.510025109E-02 +1.407271904E-01 +3.082746331E-01 +2.436652262E-01
6.85000000000E+09 +4.152633625E-02 -8.488920852E-03 +1.511903783E-01 +1.466563530E-01 +3.164860566E-01 +2.323755316E-01
6.86000000000E+09 +6.319964103E-04 -4.300926443E-02 +2.011013380E-01 +1.014547774E-01 +3.124307125E-01 +2.214191587E-01
6.87000000000E+09 -4.281816734E-02 -9.440919453E-03 +1.962502778E-01 +2.542699682E-02 +2.989584765E-01 +2.136277804E-01
6.88000000000E+09 -1.719327194E-02 +4.041254718E-02 +1.322828579E-01 -2.076885268E-02 +2.909577119E-01 +2.260838218E-01
6.89000000000E+09 +3.594528356E-02 +2.407451123E-02 +6.281204586E-02 -7.384718813E-03 +2.954477577E-01 +2.443110345E-01
6.90000000000E+09 +2.997626578E-02 -2.949770573E-02 +2.907364077E-02 +3.228781439E-02 +3.178134732E-01 +2.535869984E-01
6.91000000000E+09 -2.174506476E-02 -3.491340814E-02 +1.728434172E-02 +6.213535847E-02 +3.408847647E-01 +2.466200178E-01
6.92000000000E+09 -3.845184657E-02 +1.312220542E-02 +3.436799910E-03 +8.936986926E-02 +3.588196233E-01 +2.309393968E-01
6.93000000000E+09 +3.942292172E-03 +4.047212394E-02 +1.259906243E-06 +1.329636420E-01 +3.641402428E-01 +2.085911191E-01
6.94000000000E+09 +4.073031649E-02 +5.291235316E-03 +3.427079513E-02 +1.753567099E-01 +3.621574702E-01 +1.871736599E-01
6.95000000000E+09 +1.416442442E-02 -3.964215450E-02 +9.565928442E-02 +1.741882383E-01 +3.420644448E-01 +1.672563780E-01
6.96000000000E+09 -3.684849010E-02 -2.218079974E-02 +1.330707878E-01 +1.201099237E-01 +3.164780553E-01 +1.613605567E-01
6.97000000000E+09 -2.857277279E-02 +3.259528684E-02 +1.146313482E-01 +5.842553168E-02 +2.922945554E-01 +1.779101381E-01
6.98000000000E+09 +2.666460853E-02 +3.352811215E-02 +6.797066577E-02 +3.273620890E-02 +2.861404339E-01 +2.047704361E-01
6.99000000000E+09 +3.688603343E-02 -1.939736027E-02 +3.292161110E-02 +3.233902258E-02 +2.968838574E-01 +2.304961175E-01
7.00000000000E+09 -1.112837237E-02 -3.880160336E-02 +4.968794029E-03 +2.906909623E-02 +3.197850862E-01 +2.469554713E-01

[Channel0\Trace0\Marker0]
Enabled=1
Position=0.2

[Channel0\Trace1]
ReferencePosition[0]=1

[Channel0\Trace1\Marker0]
Enabled=1
Position=0.2

[Channel0\Trace2]
SPort=0
FormatType=2

[Channel0\Trace2\Marker0]
Enabled=1
Position=0.2

[Channel0\Trace3]
SPort=0
FormatType=2

[Channel0\Trace3\Marker0]
Enabled=1
Position=0.2

