[NWA State]
TriggerSource=3

[Channel0]
TraceLayout=1
Points=701
FrequencyStart=1000000000
FixedPower[0]=5
FixedPower[1]=5
IFBW=1000
CorrectionEnabled=1
ActiveTraceIndex=1
TraceCount=4

[Channel0\Correction\11]
Calyyyymmdd=2024/04/01
Calhhmmss=17:38:34
VNATemperature=37.6 °C
Type=3
KitLabel=ACM2509.2
KitDescription=AutoCal Module 20 kHz-9 GHz (CMT), SN: 19039185, Char: Factory, 28.5°C, ThermoComp: ON
CalIFBW=1 kHz
CalPower=5 dBm
CalPorts[0]=0
CalPorts[1]=0

[Channel0\Correction\11\Data]
1.00000000000E+09 -3.909017566E-02 +2.241273488E-01 -2.887199869E-01 -5.865691883E-02 -6.368947653E-02 +6.891494817E-02
1.01071428571E+09 +1.899186407E-01 +1.226528500E-01 -2.453964256E-01 +1.291797328E-01 -3.036030499E-02 +9.338093322E-02
1.02142857143E+09 +1.852253151E-01 -1.244993704E-01 -9.443411176E-02 +2.500064528E-01 +1.488082297E-02 +1.049430300E-01
1.03214285714E+09 -3.908173941E-02 -2.162331412E-01 +9.778063197E-02 +2.516343004E-01 +6.411105558E-02 +9.526560646E-02
1.04285714286E+09 -2.106050741E-01 -5.176003721E-02 +2.479219981E-01 +1.363407055E-01 +1.025357692E-01 +6.469670471E-02
1.05357142857E+09 -1.324670911E-01 +1.699317650E-01 +2.945836882E-01 -4.363976768E-02 +1.220108226E-01 +2.298428326E-02
1.06428571429E+09 +1.017340887E-01 +1.902290379E-01 +2.215205242E-01 -2.111314460E-01 +1.258749751E-01 -1.835479662E-02
1.07500000000E+09 +2.161185335E-01 -1.680351097E-02 +6.326569199E-02 -2.958883894E-01 +1.189214157E-01 -5.500969834E-02
1.08571428571E+09 +7.093174938E-02 -2.052790314E-01 -1.099635478E-01 -2.652106507E-01 +1.004833674E-01 -8.896882922E-02
1.09642857143E+09 -1.596790394E-01 -1.459846597E-01 -2.251580626E-01 -1.378883093E-01 +6.872140381E-02 -1.187938833E-01
1.10714285714E+09 -1.958096353E-01 +8.784128571E-02 -2.396762469E-01 +2.845721801E-02 +2.502281244E-02 -1.354154342E-01
1.11785714286E+09 +2.251047673E-03 +2.127971398E-01 -1.551318937E-01 +1.669857808E-01 -2.306173424E-02 -1.329979374E-01
1.12857142857E+09 +1.946431296E-01 +8.318532797E-02 -9.079738308E-03 +2.282777976E-01 -6.630900910E-02 -1.124647998E-01
1.13928571429E+09 +1.543615980E-01 -1.441326685E-01 +1.425297993E-01 +1.932339651E-01 -9.865734161E-02 -7.932782033E-02
1.15000000000E+09 -6.991112875E-02 -1.993706832E-01 +2.432377019E-01 +7.669354624E-02 -1.185008497E-01 -3.640237393E-02
1.16071428571E+09 -2.105986204E-01 -1.546856760E-02 +2.538586487E-01 -7.619089118E-02 -1.228098363E-01 +1.557140060E-02
1.17142857143E+09 -9.692413330E-02 +1.867154582E-01 +1.696411567E-01 -2.033342499E-01 -1.058247844E-01 +7.044324188E-02
1.18214285714E+09 +1.329887159E-01 +1.613625818E-01 +2.643538872E-02 -2.515921661E-01 -6.450421173E-02 +1.168990370E-01
1.19285714286E+09 +1.991662131E-01 -5.810083271E-02 -1.137509972E-01 -2.028393636E-01 -4.312994665E-03 +1.440248280E-01
1.20357142857E+09 +2.571078621E-02 -2.039355608E-01 -1.935594779E-01 -8.222608612E-02 +6.325355680E-02 +1.446229223E-01
1.21428571429E+09 -1.747774967E-01 -1.042449407E-01 -1.858875557E-01 +5.743538192E-02 +1.287416989E-01 +1.175736118E-01
1.22500000000E+09 -1.639250524E-01 +1.171655321E-01 -1.009294746E-01 +1.620652395E-01 +1.823108352E-01 +6.379922494E-02
1.23571428571E+09 +4.143986991E-02 +1.952088744E-01 +2.421544282E-02 +1.968735779E-01 +2.116008628E-01 -1.328986889E-02
1.24642857143E+09 +1.936493716E-01 +3.925889144E-02 +1.429893612E-01 +1.548368448E-01 +2.053469191E-01 -1.027805376E-01
1.25714285714E+09 +1.120643689E-01 -1.605131567E-01 +2.149257193E-01 +5.433688679E-02 +1.595514120E-01 -1.854505293E-01
1.26785714286E+09 -1.010605012E-01 -1.652990094E-01 +2.163177496E-01 -6.856687859E-02 +8.108581043E-02 -2.419716454E-01
1.27857142857E+09 -1.896526782E-01 +2.545986751E-02 +1.461777824E-01 -1.705603324E-01 -1.605712925E-02 -2.609245546E-01
1.28928571429E+09 -5.300464585E-02 +1.815540276E-01 +2.799837131E-02 -2.137632362E-01 -1.163323303E-01 -2.393764728E-01
1.30000000000E+09 +1.433564704E-01 +1.211628256E-01 -9.589952566E-02 -1.791917187E-01 -2.038935110E-01 -1.769401884E-01
1.31071428571E+09 +1.685212899E-01 -8.194174726E-02 -1.777613775E-01 -7.620613350E-02 -2.622966180E-01 -7.648337585E-02
1.32142857143E+09 -7.478036854E-03 -1.875728947E-01 -1.828221034E-01 +5.770196055E-02 -2.729087630E-01 +4.831600341E-02
1.33214285714E+09 -1.754764086E-01 -6.747738964E-02 -1.059489102E-01 +1.692518830E-01 -2.238780268E-01 +1.701546288E-01
1.34285714286E+09 -1.301354979E-01 +1.344674764E-01 +2.291782569E-02 +2.120515889E-01 -1.207644442E-01 +2.579683384E-01
1.35357142857E+09 +7.239688609E-02 +1.698536710E-01 +1.509187081E-01 +1.685783258E-01 +1.168648498E-02 +2.903782808E-01
1.36428571429E+09 +1.808690313E-01 -3.241121800E-04 +2.267476246E-01 +5.784776413E-02 +1.449782341E-01 +2.616883538E-01
1.37500000000E+09 +6.982755839E-02 -1.620129021E-01 +2.223528970E-01 -7.594161132E-02 +2.573540638E-01 +1.791303769E-01
1.38571428571E+09 -1.169521400E-01 -1.263520815E-01 +1.400463968E-01 -1.829050753E-01 +3.298380598E-01 +5.408334468E-02
1.39642857143E+09 -1.600368759E-01 +5.336675195E-02 +8.076556193E-03 -2.235904114E-01 +3.429948588E-01 -9.637079506E-02
1.40714285714E+09 -1.735106017E-02 +1.653064171E-01 -1.279230226E-01 -1.789725178E-01 +2.855413240E-01 -2.444632350E-01
1.41785714286E+09 +1.424056193E-01 +8.317475727E-02 -2.158909085E-01 -5.809588992E-02 +1.645300984E-01 -3.543026994E-01
1.42857142857E+09 +1.332854976E-01 -9.580053739E-02 -2.142912647E-01 +9.813481464E-02 +5.701953407E-03 -3.984501043E-01
1.43928571429E+09 -3.382121245E-02 -1.596034225E-01 -1.140150546E-01 +2.256029595E-01 -1.569876911E-01 -3.679111325E-01
1.45000000000E+09 -1.579527915E-01 -3.300093395E-02 +4.758193798E-02 +2.644371910E-01 -2.941574327E-01 -2.733596903E-01
1.46071428571E+09 -9.286551562E-02 +1.288639006E-01 +1.999730247E-01 +1.934458322E-01 -3.824669760E-01 -1.307540709E-01
1.47142857143E+09 +7.799415117E-02 +1.355515084E-01 +2.760371652E-01 +4.282821132E-02 -4.050126230E-01 +4.255486206E-02
1.48214285714E+09 +1.542391714E-01 -1.463790434E-02 +2.440012759E-01 -1.233481115E-01 -3.493670304E-01 +2.164211926E-01
1.49285714286E+09 +5.042833363E-02 -1.463513155E-01 +1.170541872E-01 -2.375206086E-01 -2.156370758E-01 +3.514678689E-01
1.50357142857E+09 -1.136020580E-01 -1.061865981E-01 -5.567335067E-02 -2.529266301E-01 -2.891158855E-02 +4.116636220E-01
1.51428571429E+09 -1.431307915E-01 +6.215554660E-02 -2.056077959E-01 -1.592584997E-01 +1.662595115E-01 +3.797580316E-01
1.52500000000E+09 +1.119725645E-03 +1.554278686E-01 -2.685864434E-01 +9.290721115E-03 +3.244794427E-01 +2.663230370E-01
1.53571428571E+09 +1.409015436E-01 +5.863096770E-02 -2.141640575E-01 +1.830371271E-01 +4.165712987E-01 +9.818682608E-02
1.54642857143E+09 +1.066547800E-01 -1.031415090E-01 -6.356851292E-02 +2.866649306E-01 +4.313813868E-01 -9.263913182E-02
1.55714285714E+09 -4.879100244E-02 -1.352211638E-01 +1.191080088E-01 +2.756162350E-01 +3.638784300E-01 -2.739686774E-01
1.56785714286E+09 -1.394693904E-01 -1.263069069E-02 +2.573398979E-01 +1.546381969E-01 +2.208989431E-01 -4.125875363E-01
1.57857142857E+09 -7.058024117E-02 +1.188570404E-01 +2.940263751E-01 -2.774260476E-02 +2.624265375E-02 -4.771152732E-01
1.58928571429E+09 +7.703060958E-02 +1.149743928E-01 +2.104177742E-01 -1.986973312E-01 -1.782529517E-01 -4.495474827E-01
1.60000000000E+09 +1.382197320E-01 -2.173827503E-02 +3.480599538E-02 -2.845691113E-01 -3.486728274E-01 -3.347008773E-01
1.61071428571E+09 +3.702518195E-02 -1.366681548E-01 -1.601964021E-01 -2.411251558E-01 -4.523946684E-01 -1.610579660E-01
1.62142857143E+09 -1.109215608E-01 -8.893617711E-02 -2.847278208E-01 -8.303378552E-02 -4.732407539E-01 +3.591457626E-02
1.63214285714E+09 -1.251373723E-01 +6.572538613E-02 -2.807566843E-01 +1.159155618E-01 -4.097239854E-01 +2.272890217E-01
1.64285714286E+09 +9.032753032E-03 +1.394140173E-01 -1.558577113E-01 +2.642293813E-01 -2.698621206E-01 +3.807453625E-01
1.65357142857E+09 +1.293886210E-01 +4.917939798E-02 +2.879022217E-02 +3.023690092E-01 -7.182998526E-02 +4.619909817E-01
1.66428571429E+09 +9.875076249E-02 -9.658360712E-02 +1.954018757E-01 +2.218676291E-01 +1.457414889E-01 +4.450575140E-01
1.67500000000E+09 -4.721368664E-02 -1.308856364E-01 +2.797363345E-01 +5.774676539E-02 +3.336376899E-01 +3.283184577E-01
1.68571428571E+09 -1.407257187E-01 -1.033143682E-02 +2.474690849E-01 -1.258027135E-01 +4.456777470E-01 +1.432312940E-01
1.69642857143E+09 -6.617557589E-02 +1.263178794E-01 +1.075520182E-01 -2.528715758E-01 +4.627860568E-01 -6.609785827E-02
1.70714285714E+09 +9.014048221E-02 +1.104379674E-01 -8.245052563E-02 -2.652249171E-01 +3.901619223E-01 -2.587493934E-01
1.71785714286E+09 +1.351706694E-01 -3.841331340E-02 -2.366377347E-01 -1.559418131E-01 +2.474485451E-01 -4.058650943E-01
1.72857142857E+09 +1.946395472E-02 -1.359672208E-01 -2.863023121E-01 +2.200058298E-02 +5.724503698E-02 -4.824348365E-01
1.73928571429E+09 -1.129828838E-01 -7.336185449E-02 -2.157646680E-01 +1.870477157E-01 -1.507765020E-01 -4.693927806E-01
1.75000000000E+09 -1.140466122E-01 +7.006884606E-02 -6.192451707E-02 +2.707290559E-01 -3.337645387E-01 -3.666432060E-01
1.76071428571E+09 +1.435201386E-02 +1.345103586E-01 +1.084172469E-01 +2.423939439E-01 -4.502539392E-01 -1.927138709E-01
1.77142857143E+09 +1.310818646E-01 +4.465893403E-02 +2.245242885E-01 +1.160289712E-01 -4.786530611E-01 +1.231582962E-02
1.78214285714E+09 +9.667026910E-02 -1.043135098E-01 +2.370597571E-01 -5.376155817E-02 -4.186718292E-01 +2.043220767E-01
1.79285714286E+09 -5.871134712E-02 -1.327651203E-01 +1.425057102E-01 -1.911931963E-01 -2.898316966E-01 +3.528807787E-01
1.80357142857E+09 -1.462522933E-01 +2.107714961E-03 -1.110826689E-02 -2.372524168E-01 -1.137594459E-01 +4.358032530E-01
1.81428571429E+09 -5.562304360E-02 +1.351804775E-01 -1.517844140E-01 -1.809977948E-01 +8.503971949E-02 +4.385245577E-01
1.82500000000E+09 +1.011187791E-01 +1.050173923E-01 -2.231216664E-01 -5.818154950E-02 +2.679676205E-01 +3.529948244E-01
1.83571428571E+09 +1.373321867E-01 -4.954877743E-02 -2.058313382E-01 +7.458674132E-02 +3.921698459E-01 +1.910937657E-01
1.84642857143E+09 +1.111811823E-02 -1.467936105E-01 -1.158313349E-01 +1.657247326E-01 +4.282918279E-01 -8.499040469E-03
1.85714285714E+09 -1.315191640E-01 -7.039468644E-02 +7.224738392E-03 +1.833334130E-01 +3.746006518E-01 -1.946799773E-01
1.86785714286E+09 -1.184518479E-01 +9.420078953E-02 +1.128494873E-01 +1.238248570E-01 +2.534986648E-01 -3.319815263E-01
1.87857142857E+09 +4.088269893E-02 +1.470742436E-01 +1.580412973E-01 +1.556899991E-02 +9.569940996E-02 -4.062962014E-01
1.88928571429E+09 +1.515504523E-01 +1.951773594E-02 +1.282336140E-01 -9.165068908E-02 -7.520996586E-02 -4.128582176E-01
1.90000000000E+09 +7.733720064E-02 -1.308203311E-01 +4.543597994E-02 -1.525477632E-01 -2.373659658E-01 -3.469696147E-01
1.91071428571E+09 -8.812171940E-02 -1.225976794E-01 -4.711655017E-02 -1.502278010E-01 -3.596829526E-01 -2.151344696E-01
1.92142857143E+09 -1.477224140E-01 +3.041769398E-02 -1.112868417E-01 -9.904952519E-02 -4.104489230E-01 -4.343096491E-02
1.93214285714E+09 -3.274298735E-02 +1.481957810E-01 -1.302925050E-01 -2.942239338E-02 -3.802601179E-01 +1.251490644E-01
1.94285714286E+09 +1.240423537E-01 +9.108165518E-02 -1.095296505E-01 +3.008208162E-02 -2.852259560E-01 +2.554181656E-01
1.95357142857E+09 +1.353258985E-01 -7.867974730E-02 -6.707363680E-02 +6.455861267E-02 -1.561932246E-01 +3.315257213E-01
1.96428571429E+09 -1.950184166E-02 -1.577912081E-01 -2.025079984E-02 +7.391365991E-02 -1.412449285E-02 +3.530952158E-01
1.97500000000E+09 -1.549872745E-01 -4.386817498E-02 +2.202775758E-02 +6.487596840E-02 +1.265110879E-01 +3.215937366E-01
1.98571428571E+09 -1.008365249E-01 +1.272193056E-01 +5.758538765E-02 +4.195667283E-02 +2.475224728E-01 +2.347432989E-01
1.99642857143E+09 +7.941997494E-02 +1.423092723E-01 +8.358859477E-02 +5.227541279E-03 +3.200384825E-01 +1.026060238E-01
2.00714285714E+09 +1.615523416E-01 -1.893532947E-02 +9.196226430E-02 -4.397830572E-02 +3.244636220E-01 -4.445526659E-02
2.01785714286E+09 +4.425723916E-02 -1.551514591E-01 +7.353250406E-02 -9.670054059E-02 +2.653114052E-01 -1.687993411E-01
2.02857142857E+09 -1.243173417E-01 -9.990741881E-02 +2.489686552E-02 -1.363592741E-01 +1.691686690E-01 -2.511087446E-01
2.03928571429E+09 -1.390484133E-01 +7.415255198E-02 -4.549186602E-02 -1.436234921E-01 +5.870799204E-02 -2.922420794E-01
2.05000000000E+09 +1.278901312E-02 +1.561299684E-01 -1.162296220E-01 -1.055146303E-01 -5.648211887E-02 -2.951139582E-01
2.06071428571E+09 +1.481767131E-01 +5.036400450E-02 -1.578996719E-01 -2.364258458E-02 -1.702036321E-01 -2.561800146E-01
2.07142857143E+09 +1.048151606E-01 -1.167650892E-01 -1.425611951E-01 +8.036539119E-02 -2.618097889E-01 -1.714692999E-01
2.08214285714E+09 -6.745749695E-02 -1.419289050E-01 -5.862415060E-02 +1.653030494E-01 -3.080030898E-01 -5.389049342E-02
2.09285714286E+09 -1.557161235E-01 +8.754765017E-03 +7.329717668E-02 +1.838570640E-01 -2.975662008E-01 +6.761914787E-02
2.10357142857E+09 -4.983421029E-02 +1.448090971E-01 +1.987165581E-01 +1.108023812E-01 -2.423155654E-01 +1.696164400E-01
2.11428571429E+09 +1.110644709E-01 +9.933893790E-02 +2.541197098E-01 -3.342421355E-02 -1.613050299E-01 +2.431242674E-01
2.12500000000E+09 +1.318480680E-01 -6.021780237E-02 +2.046863565E-01 -1.880488137E-01 -6.154892509E-02 +2.875652324E-01
2.13571428571E+09 -8.217374686E-04 -1.421519009E-01 +6.282624837E-02 -2.834191316E-01 +5.484137328E-02 +2.937518668E-01
2.14642857143E+09 -1.293446280E-01 -5.691293546E-02 -1.189049521E-01 -2.704071606E-01 +1.727306066E-01 +2.522754037E-01
2.15714285714E+09 -1.044782410E-01 +9.661534806E-02 -2.642501577E-01 -1.386138259E-01 +2.634693751E-01 +1.608654616E-01
2.16785714286E+09 +4.947490786E-02 +1.344033710E-01 -2.976184769E-01 +7.013383494E-02 +3.038649674E-01 +3.769621630E-02
2.17857142857E+09 +1.422487153E-01 +4.082300869E-03 -1.840715449E-01 +2.638888396E-01 +2.895361961E-01 -8.978207630E-02
2.18928571429E+09 +5.547285016E-02 -1.268480223E-01 +3.493346088E-02 +3.429333461E-01 +2.311655289E-01 -1.988519114E-01
2.20000000000E+09 -9.132498754E-02 -9.583626388E-02 +2.568928930E-01 +2.636617312E-01 +1.374490946E-01 -2.801746025E-01
2.21071428571E+09 -1.190885604E-01 +4.269802835E-02 +3.806571552E-01 +6.228787038E-02 +1.324884423E-02 -3.236066055E-01
2.22142857143E+09 -1.082547902E-02 +1.220599353E-01 +3.541042755E-01 -1.753361897E-01 -1.245824397E-01 -3.130854370E-01
2.23214285714E+09 +1.049351823E-01 +6.067188515E-02 +1.826845648E-01 -3.534823381E-01 -2.486030863E-01 -2.390564971E-01
2.24285714286E+09 +9.889927460E-02 -7.103105751E-02 -7.551487647E-02 -3.911397939E-01 -3.294851788E-01 -1.143474886E-01
2.25357142857E+09 -2.677815272E-02 -1.195771006E-01 -3.146151523E-01 -2.504013007E-01 -3.484393946E-01 +3.173990323E-02
2.26428571429E+09 -1.196813833E-01 -2.026064701E-02 -4.125591299E-01 +2.405543952E-02 -3.073309976E-01 +1.701435238E-01
2.27500000000E+09 -6.170572336E-02 +9.960067471E-02 -3.073235316E-01 +3.023746305E-01 -2.168103274E-01 +2.822853935E-01
2.28571428571E+09 +6.392153016E-02 +9.126531681E-02 -5.034620138E-02 +4.471275339E-01 -8.735192557E-02 +3.546875717E-01
2.29642857143E+09 +1.044180405E-01 -1.890075470E-02 +2.341463153E-01 +4.001926919E-01 +6.631496973E-02 +3.685841593E-01
2.30714285714E+09 +2.762919443E-02 -9.929020959E-02 +4.283303761E-01 +1.921545782E-01 +2.181720616E-01 +3.116469302E-01
2.31785714286E+09 -7.702997343E-02 -6.812965287E-02 +4.585333169E-01 -9.503955512E-02 +3.332386788E-01 +1.899593306E-01
2.32857142857E+09 -9.589020286E-02 +4.181443200E-02 +3.015214366E-01 -3.519063236E-01 +3.835408394E-01 +2.914595442E-02
2.33928571429E+09 +4.338007401E-04 +1.066048179E-01 +2.526584647E-03 -4.600123201E-01 +3.600848975E-01 -1.352817176E-01
2.35000000000E+09 +9.881716283E-02 +3.935308090E-02 -3.090877671E-01 -3.453120556E-01 +2.752466626E-01 -2.738958068E-01
2.36071428571E+09 +7.082713165E-02 -7.451710798E-02 -4.723877534E-01 -5.179536535E-02 +1.452268567E-01 -3.666725377E-01
2.37142857143E+09 -3.830739495E-02 -8.922418791E-02 -4.100943357E-01 +2.701582220E-01 -1.718878535E-02 -3.999143179E-01
2.38214285714E+09 -9.157732024E-02 -3.067067226E-03 -1.709961375E-01 +4.744880085E-01 -1.859979843E-01 -3.615503151E-01
2.39285714286E+09 -4.227812490E-02 +7.763138790E-02 +1.329716973E-01 +4.932683046E-01 -3.257282826E-01 -2.505731939E-01
2.40357142857E+09 +4.955875750E-02 +7.276045597E-02 +3.880190919E-01 +3.304061652E-01 -4.015344587E-01 -8.806972514E-02
2.41428571429E+09 +8.941381043E-02 -1.320292810E-02 +5.009017210E-01 +3.668615613E-02 -3.983500496E-01 +9.132596893E-02
2.42500000000E+09 +2.508280752E-02 -9.037125369E-02 +4.042372939E-01 -2.810637607E-01 -3.217028793E-01 +2.468676887E-01
2.43571428571E+09 -7.580619382E-02 -5.833958882E-02 +1.128118345E-01 -4.724915148E-01 -1.932731202E-01 +3.535891858E-01
2.44642857143E+09 -8.073355873E-02 +4.831252362E-02 -2.382450391E-01 -4.255004898E-01 -3.165995549E-02 +4.002465035E-01
2.45714285714E+09 +1.276926463E-02 +8.846107692E-02 -4.682174095E-01 -1.691246985E-01 +1.418507801E-01 +3.798052411E-01
2.46785714286E+09 +8.057841319E-02 +2.401717954E-02 -4.855700380E-01 +1.561474002E-01 +2.954735401E-01 +2.864312511E-01
2.47857142857E+09 +5.524434822E-02 -5.863163045E-02 -3.134789503E-01 +4.125789725E-01 +3.929212969E-01 +1.315198818E-01
2.48928571429E+09 -2.642760505E-02 -7.548916406E-02 -3.082460773E-02 +5.180886065E-01 +4.130905778E-01 -5.210768556E-02
2.50000000000E+09 -8.168266406E-02 -1.067848603E-02 +2.653463794E-01 +4.377227701E-01 +3.512686352E-01 -2.199936563E-01
2.51071428571E+09 -4.609215197E-02 +7.310890531E-02 +4.631053760E-01 +1.831716178E-01 +2.279780430E-01 -3.404742875E-01
2.52142857143E+09 +5.201301170E-02 +7.342474722E-02 +4.557877491E-01 -1.573707497E-01 +7.048898679E-02 -3.979924563E-01
2.53214285714E+09 +8.770163012E-02 -2.208751068E-02 +2.210594994E-01 -4.179860754E-01 -9.671629467E-02 -3.929736070E-01
2.54285714286E+09 +1.140316751E-02 -8.636783516E-02 -1.209713217E-01 -4.596965569E-01 -2.499848979E-01 -3.232677279E-01
2.55357142857E+09 -7.027555764E-02 -4.265981960E-02 -3.942150671E-01 -2.840000995E-01 -3.630565673E-01 -1.903613973E-01
2.56428571429E+09 -6.584949293E-02 +4.235135193E-02 -4.964637869E-01 +6.993837182E-04 -4.078805012E-01 -1.937965974E-02
2.57500000000E+09 +7.216647672E-03 +7.673907011E-02 -4.174498333E-01 +2.771885349E-01 -3.715046692E-01 +1.511391411E-01
2.58571428571E+09 +7.317375753E-02 +2.949758566E-02 -1.964659306E-01 +4.563166828E-01 -2.648806319E-01 +2.852032137E-01
2.59642857143E+09 +6.147811705E-02 -5.586366492E-02 +9.580050104E-02 +4.731571968E-01 -1.172067479E-01 +3.581761960E-01
2.60714285714E+09 -2.840755896E-02 -8.325585671E-02 +3.503343647E-01 +3.001246783E-01 +4.078886613E-02 +3.664571375E-01
2.61785714286E+09 -9.071898715E-02 -3.812589069E-03 +4.402567235E-01 -7.602564993E-03 +1.875557156E-01 +3.155493583E-01
2.62857142857E+09 -3.523224521E-02 +8.277373587E-02 +3.080216220E-01 -3.007968336E-01 +3.061234956E-01 +2.110436747E-01
2.63928571429E+09 +6.069781393E-02 +6.095430519E-02 +3.054781699E-02 -4.342844559E-01 +3.707276728E-01 +6.246797031E-02
2.65000000000E+09 +7.623062872E-02 -2.870168387E-02 -2.490723687E-01 -3.718816686E-01 +3.611374000E-01 -1.026059643E-01
2.66071428571E+09 +7.590293927E-03 -7.810893273E-02 -4.251008592E-01 -1.701234903E-01 +2.812336980E-01 -2.445663921E-01
2.67142857143E+09 -6.596398730E-02 -4.188722118E-02 -4.518909919E-01 +8.621292833E-02 +1.549203892E-01 -3.341154467E-01
2.68214285714E+09 -6.866474569E-02 +4.203462510E-02 -3.262172419E-01 +3.113282628E-01 +8.434262242E-03 -3.613081663E-01
2.69285714286E+09 +1.031564369E-02 +8.393596031E-02 -8.454515044E-02 +4.217812759E-01 -1.307199508E-01 -3.332658718E-01
2.70357142857E+09 +8.529122817E-02 +2.350760965E-02 +1.840129585E-01 +3.580669115E-01 -2.463701207E-01 -2.608655287E-01
2.71428571429E+09 +5.362795695E-02 -7.213046589E-02 +3.545080281E-01 +1.347074503E-01 -3.270136658E-01 -1.474198181E-01
2.72500000000E+09 -4.659677489E-02 -7.455832563E-02 +3.443179540E-01 -1.400943321E-01 -3.565647004E-01 -4.606205305E-03
2.73571428571E+09 -8.316680761E-02 +1.363713169E-02 +1.757622660E-01 -3.374691970E-01 -3.215034306E-01 +1.395906404E-01
2.74642857143E+09 -2.112161255E-02 +7.809515026E-02 -6.000961065E-02 -3.910642910E-01 -2.297569746E-01 +2.501133387E-01
2.75714285714E+09 +6.004344747E-02 +5.175327069E-02 -2.709777463E-01 -3.042994663E-01 -1.041773747E-01 +3.082429937E-01
2.76785714286E+09 +7.326796532E-02 -3.166927190E-02 -3.928414088E-01 -1.185348111E-01 +2.710937464E-02 +3.162160303E-01
2.77857142857E+09 +2.281621370E-03 -8.206443794E-02 -3.872198928E-01 +1.054379289E-01 +1.467390543E-01 +2.766874467E-01
2.78928571429E+09 -7.719259854E-02 -3.594424926E-02 -2.471920917E-01 +2.898596631E-01 +2.447289017E-01 +1.958417013E-01
2.80000000000E+09 -6.354174963E-02 +5.984486346E-02 -1.596612587E-02 +3.546206291E-01 +3.081749940E-01 +7.820851788E-02
2.81071428571E+09 +3.318707273E-02 +8.074346273E-02 +2.098736483E-01 +2.615923754E-01 +3.170538335E-01 -6.059151610E-02
2.82142857143E+09 +8.486194381E-02 -1.236484852E-03 +3.285144295E-01 +5.242271864E-02 +2.644215225E-01 -1.923025357E-01
2.83214285714E+09 +3.037902548E-02 -7.508735161E-02 +2.980236447E-01 -1.759434364E-01 +1.630475521E-01 -2.862928412E-01
2.84285714286E+09 -5.334077082E-02 -5.610769822E-02 +1.473001002E-01 -3.351211287E-01 +3.776332340E-02 -3.305704645E-01
2.85357142857E+09 -7.129978135E-02 +2.339072634E-02 -5.983932019E-02 -3.783822059E-01 -9.043142689E-02 -3.257444897E-01
2.86428571429E+09 -9.426395286E-03 +7.395462376E-02 -2.539946683E-01 -2.981616882E-01 -2.081005091E-01 -2.740564092E-01
2.87500000000E+09 +6.395494480E-02 +4.018447715E-02 -3.709319185E-01 -1.177194707E-01 -3.024990381E-01 -1.789253010E-01
2.88571428571E+09 +6.372834445E-02 -4.331388550E-02 -3.604618541E-01 +1.066978380E-01 -3.549819757E-01 -4.799345022E-02
2.89642857143E+09 -1.565026211E-02 -7.637974698E-02 -2.110229791E-01 +2.884008597E-01 -3.482062071E-01 +9.860429624E-02
2.90714285714E+09 -7.581810173E-02 -1.406151575E-02 +2.515824456E-02 +3.430296398E-01 -2.809415645E-01 +2.302498276E-01
2.91785714286E+09 -4.057669509E-02 +6.267818981E-02 +2.462457414E-01 +2.416641814E-01 -1.664637708E-01 +3.194356761E-01
2.92857142857E+09 +3.966021442E-02 +5.960961744E-02 +3.595431655E-01 +3.104145241E-02 -2.602690594E-02 +3.551954722E-01
2.93928571429E+09 +6.824560195E-02 -1.096928048E-02 +3.269622620E-01 -2.011963228E-01 +1.189544772E-01 +3.347573251E-01
2.95000000000E+09 +1.892326641E-02 -6.521044318E-02 +1.661542075E-01 -3.701675121E-01 +2.477448563E-01 +2.566238573E-01
2.96071428571E+09 -5.084957001E-02 -4.480213465E-02 -6.706168321E-02 -4.151260479E-01 +3.388749978E-01 +1.263426271E-01
2.97142857143E+09 -6.238001197E-02 +2.806561273E-02 -2.905174080E-01 -3.100137652E-01 +3.701777081E-01 -3.466882844E-02
2.98214285714E+09 +1.127673232E-03 +6.875415524E-02 -4.108861077E-01 -8.063221170E-02 +3.296654765E-01 -1.949373221E-01
2.99285714286E+09 +6.326688126E-02 +2.489199551E-02 -3.629484941E-01 +1.843016270E-01 +2.202775719E-01 -3.205683264E-01
3.00357142857E+09 +4.872808161E-02 -4.454582256E-02 -1.801528106E-01 +3.558733461E-01 +6.754837254E-02 -3.895947329E-01
3.01428571429E+09 -1.994633295E-02 -5.993781880E-02 +8.744698355E-02 +3.913126310E-01 -1.002020767E-01 -3.924961686E-01
3.02500000000E+09 -6.002316922E-02 -7.119737548E-03 +3.205472788E-01 +2.613440520E-01 -2.545358716E-01 -3.269348387E-01
3.03571428571E+09 -3.161962895E-02 +4.930588641E-02 +4.316191648E-01 +1.985304920E-02 -3.738092444E-01 -1.997259448E-01
3.04642857143E+09 +3.054705225E-02 +4.929227038E-02 +3.769072843E-01 -2.465729821E-01 -4.328922178E-01 -3.343884069E-02
3.05714285714E+09 +5.804782297E-02 -7.068852668E-03 +1.652723957E-01 -4.332127987E-01 -4.148465216E-01 +1.426956465E-01
3.06785714286E+09 +1.689244184E-02 -5.671566706E-02 -1.308460843E-01 -4.497464474E-01 -3.209845081E-01 +2.947033211E-01
3.07857142857E+09 -4.587424497E-02 -3.756068952E-02 -3.797886800E-01 -2.679248508E-01 -1.678982033E-01 +3.963492083E-01
3.08928571429E+09 -5.134009271E-02 +2.719698272E-02 -4.563782283E-01 +3.584172732E-02 +1.236715394E-02 +4.267754995E-01
3.10000000000E+09 +4.198455289E-03 +5.584383737E-02 -3.264440316E-01 +3.156424636E-01 +1.900834666E-01 +3.811658877E-01
3.11071428571E+09 +5.063905338E-02 +1.897835350E-02 -5.924754713E-02 +4.532001802E-01 +3.359624392E-01 +2.635903854E-01
3.12142857143E+09 +3.843164461E-02 -3.658727070E-02 +2.303706791E-01 +4.049219864E-01 +4.207190596E-01 +9.267946929E-02
3.13214285714E+09 -1.613353433E-02 -5.077204483E-02 +4.360246326E-01 +1.948298636E-01 +4.217268256E-01 -1.013299612E-01
3.14285714286E+09 -5.391590334E-02 -7.161557383E-03 +4.769113612E-01 -1.045449997E-01 +3.359355658E-01 -2.786585420E-01
3.15357142857E+09 -2.890571696E-02 +4.741744877E-02 +3.185925494E-01 -3.775465565E-01 +1.802147375E-01 -4.024787685E-01
3.16428571429E+09 +3.262602624E-02 +4.509469500E-02 +1.072106153E-02 -4.932260882E-01 -1.022576723E-02 -4.463816350E-01
3.17500000000E+09 +5.256898950E-02 -1.241524034E-02 -3.050033045E-01 -3.825786099E-01 -1.999728246E-01 -4.090025349E-01
3.18571428571E+09 +9.435362718E-03 -5.035834578E-02 -4.767687288E-01 -1.014659150E-01 -3.554904177E-01 -2.990783901E-01
3.19642857143E+09 -3.897887809E-02 -2.884658127E-02 -4.416075130E-01 +2.143672503E-01 -4.533709377E-01 -1.320068368E-01
3.20714285714E+09 -4.211049669E-02 +2.055382144E-02 -2.333617556E-01 +4.408328775E-01 -4.709009234E-01 +6.283777720E-02
3.21785714286E+09 -1.751578100E-03 +4.696616107E-02 +6.534289621E-02 +5.043500389E-01 -4.052598813E-01 +2.493541452E-01
3.22857142857E+09 +4.239771640E-02 +2.394376263E-02 +3.524115877E-01 +3.782931157E-01 -2.651310754E-01 +3.908362250E-01
3.23928571429E+09 +4.197893323E-02 -2.949021734E-02 +5.126223434E-01 +8.951474067E-02 -7.624916969E-02 +4.612515183E-01
3.25000000000E+09 -1.106468363E-02 -5.225436634E-02 +4.500034481E-01 -2.537159834E-01 +1.206152658E-01 +4.463850676E-01
3.26071428571E+09 -5.289851694E-02 -9.271412014E-03 +1.697279339E-01 -4.794889711E-01 +2.876959944E-01 +3.544353158E-01
3.27142857143E+09 -2.791406288E-02 +4.389370465E-02 -1.858478525E-01 -4.682325223E-01 +4.025103066E-01 +1.958058181E-01
3.28214285714E+09 +2.694001159E-02 +4.147151821E-02 -4.425313645E-01 -2.465892820E-01 +4.453338817E-01 +6.436470739E-04
3.29285714286E+09 +4.719419269E-02 -5.214574374E-03 -5.117929721E-01 +6.603650612E-02 +4.003699059E-01 -1.976380094E-01
3.30357142857E+09 +1.739345853E-02 -4.371111946E-02 -3.939349968E-01 +3.512727943E-01 +2.701431715E-01 -3.555719366E-01
3.31428571429E+09 -3.144625272E-02 -3.675833855E-02 -1.349539695E-01 +5.199888742E-01 +8.102268615E-02 -4.444527023E-01
3.32500000000E+09 -4.978607650E-02 +1.264412461E-02 +1.865140152E-01 +5.063475273E-01 -1.218805934E-01 -4.392058756E-01
3.33571428571E+09 -9.264390429E-03 +5.401664096E-02 +4.480629526E-01 +2.850993683E-01 -2.950090591E-01 -3.476027428E-01
3.34642857143E+09 +4.851492840E-02 +2.990879680E-02 +5.079240481E-01 -7.192285475E-02 -4.098380822E-01 -1.931658631E-01
3.35714285714E+09 +4.541425001E-02 -3.380256916E-02 +3.129277855E-01 -3.843597655E-01 -4.543412337E-01 -6.705064319E-03
3.36785714286E+09 -1.259545519E-02 -5.257795760E-02 -2.748081129E-02 -4.905965570E-01 -4.221775392E-01 +1.782776008E-01
3.37857142857E+09 -5.023226578E-02 -1.094375788E-02 -3.392586040E-01 -3.698302712E-01 -3.143916559E-01 +3.343258660E-01
3.38928571429E+09 -3.238377342E-02 +3.832022282E-02 -5.087722821E-01 -1.052065757E-01 -1.485960658E-01 +4.326636046E-01
3.40000000000E+09 +1.839576858E-02 +4.777743070E-02 -4.978863928E-01 +1.988634892E-01 +4.083054141E-02 +4.485897414E-01
3.41071428571E+09 +5.421036730E-02 +6.427088354E-03 -3.134542594E-01 +4.447090828E-01 +2.185767142E-01 +3.781542736E-01
3.42142857143E+09 +3.180398080E-02 -5.057848292E-02 -5.064314077E-03 +5.366456107E-01 +3.424906047E-01 +2.388907072E-01
3.43214285714E+09 -3.760497561E-02 -5.309210675E-02 +3.103075463E-01 +4.062583524E-01 +3.959281807E-01 +6.207943889E-02
3.44285714286E+09 -6.584390172E-02 +1.723998589E-02 +4.679447060E-01 +8.853173079E-02 +3.722278564E-01 -1.132133342E-01
3.45357142857E+09 -6.862482048E-03 +6.745540699E-02 +3.754550800E-01 -2.524039499E-01 +2.806618378E-01 -2.621839119E-01
3.46428571429E+09 +5.756107907E-02 +3.095727210E-02 +9.869904470E-02 -4.433768647E-01 +1.340777704E-01 -3.584210597E-01
3.47500000000E+09 +5.042133433E-02 -3.765246170E-02 -2.141332967E-01 -4.256583635E-01 -4.056440866E-02 -3.799970244E-01
3.48571428571E+09 -1.059980025E-02 -6.129175324E-02 -4.439632398E-01 -2.399933226E-01 -2.081052344E-01 -3.193304109E-01
3.49642857143E+09 -6.079311500E-02 -1.930917262E-02 -5.250435927E-01 +3.626995692E-02 -3.269396842E-01 -1.923388404E-01
3.50714285714E+09 -4.712827592E-02 +4.863716782E-02 -4.304381644E-01 +3.118520278E-01 -3.726065480E-01 -3.217909064E-02
3.51785714286E+09 +2.658798359E-02 +6.798826780E-02 -1.790756352E-01 +4.809264273E-01 -3.487159077E-01 +1.237646744E-01
3.52857142857E+09 +7.820866362E-02 +1.151436399E-03 +1.358185656E-01 +4.510658325E-01 -2.677785588E-01 +2.454573576E-01
3.53928571429E+09 +3.034894220E-02 -7.559735715E-02 +3.589409591E-01 +2.182781346E-01 -1.496459867E-01 +3.189881600E-01
3.55000000000E+09 -5.964651813E-02 -5.625851982E-02 +3.750434704E-01 -9.650259272E-02 -1.153708291E-02 +3.418610189E-01
3.56071428571E+09 -7.424880102E-02 +3.274091811E-02 +1.976759116E-01 -3.349602122E-01 +1.237778231E-01 +3.066603534E-01
3.57142857143E+09 -9.273917900E-04 +8.072164831E-02 -6.895261110E-02 -4.092665756E-01 +2.278169342E-01 +2.179507957E-01
3.58214285714E+09 +7.392467137E-02 +3.561500454E-02 -3.128292319E-01 -3.165220181E-01 +2.761597332E-01 +9.362548400E-02
3.59285714286E+09 +6.620255100E-02 -5.445336584E-02 -4.505873209E-01 -1.051030968E-01 +2.664243435E-01 -3.215191631E-02
3.60357142857E+09 -2.458706002E-02 -8.765379026E-02 -4.341245299E-01 +1.448931801E-01 +2.085207521E-01 -1.295250580E-01
3.61428571429E+09 -9.615839741E-02 -1.115755750E-02 -2.654740689E-01 +3.335916295E-01 +1.229122982E-01 -1.864409082E-01
3.62500000000E+09 -4.705152547E-02 +8.936829361E-02 -1.309851460E-02 +3.745983439E-01 +2.862571990E-02 -2.071753866E-01
3.63571428571E+09 +6.837016168E-02 +7.672193917E-02 +2.064972173E-01 +2.477589466E-01 -6.040348785E-02 -1.939942538E-01
3.64642857143E+09 +9.610937395E-02 -3.616629417E-02 +2.953948497E-01 +1.940626652E-02 -1.340029555E-01 -1.472618853E-01
3.65714285714E+09 +2.612657754E-03 -1.017829074E-01 +2.299122621E-01 -2.031152246E-01 -1.786674744E-01 -7.707340556E-02
3.66785714286E+09 -9.245577782E-02 -4.214936834E-02 +5.583511113E-02 -3.339912238E-01 -1.883085412E-01 -1.860461331E-03
3.67857142857E+09 -7.605908628E-02 +6.855598339E-02 -1.491832000E-01 -3.371847533E-01 -1.690809931E-01 +6.034992680E-02
3.68928571429E+09 +3.377377541E-02 +9.875222087E-02 -3.086283762E-01 -2.250959180E-01 -1.375951558E-01 +1.027737479E-01
3.70000000000E+09 +1.067618647E-01 +6.848412035E-03 -3.686045195E-01 -4.717843092E-02 -1.021567005E-01 +1.326976838E-01
3.71071428571E+09 +4.720670180E-02 -9.907587994E-02 -3.122515862E-01 +1.269878306E-01 -6.630376701E-02 +1.567107800E-01
3.72142857143E+09 -7.647049599E-02 -8.182321708E-02 -1.669936774E-01 +2.315690519E-01 -2.253835411E-02 +1.735232900E-01
3.73214285714E+09 -1.047714646E-01 +4.173164426E-02 +7.567722464E-03 +2.319283012E-01 +2.677992440E-02 +1.776031575E-01
3.74285714286E+09 +6.305714910E-04 +1.124896211E-01 +1.470785002E-01 +1.350881799E-01 +7.854560960E-02 +1.636257541E-01
3.75357142857E+09 +1.038139893E-01 +4.079844498E-02 +2.061023509E-01 -1.912430398E-02 +1.260413313E-01 +1.333103433E-01
3.76428571429E+09 +7.599745574E-02 -8.014390341E-02 +1.693523876E-01 -1.760371597E-01 +1.652010098E-01 +8.692291213E-02
3.77500000000E+09 -4.510097627E-02 -1.000696382E-01 +5.235480909E-02 -2.825000235E-01 +1.894563142E-01 +2.392770266E-02
3.78571428571E+09 -1.092629712E-01 +3.691688029E-03 -1.026951811E-01 -3.020411206E-01 +1.899223026E-01 -5.426862487E-02
3.79642857143E+09 -3.785506808E-02 +1.021545887E-01 -2.397434124E-01 -2.273428496E-01 +1.553445888E-01 -1.347231113E-01
3.80714285714E+09 +7.982306610E-02 +7.284502720E-02 -3.073148738E-01 -8.502002634E-02 +8.397278661E-02 -1.999020394E-01
3.81785714286E+09 +9.635512425E-02 -4.650548180E-02 -2.784622267E-01 +7.270511671E-02 -1.548796952E-02 -2.280781825E-01
3.82857142857E+09 -6.816686299E-03 -1.053452462E-01 -1.614040509E-01 +1.871439579E-01 -1.279178129E-01 -2.083822059E-01
3.83928571429E+09 -9.823452183E-02 -3.289218220E-02 +3.195182262E-03 +2.148744559E-01 -2.270093989E-01 -1.406367776E-01
3.85000000000E+09 -6.637004030E-02 +7.654263372E-02 +1.573820908E-01 +1.430418485E-01 -2.889651549E-01 -3.139663043E-02
3.86071428571E+09 +4.390975932E-02 +8.841957049E-02 +2.445377488E-01 -6.764619257E-03 -2.977538603E-01 +1.008629851E-01
3.87142857143E+09 +9.594862915E-02 -6.037990588E-03 +2.277468592E-01 -1.826776905E-01 -2.481554825E-01 +2.301364103E-01
3.88214285714E+09 +3.119007375E-02 -8.812447070E-02 +1.065850873E-01 -3.164441239E-01 -1.462712025E-01 +3.270800673E-01
3.89285714286E+09 -6.667432229E-02 -6.178539474E-02 -7.568282494E-02 -3.488198685E-01 -8.755025148E-03 +3.716066209E-01
3.90357142857E+09 -8.118265261E-02 +3.527222090E-02 -2.435802975E-01 -2.594182410E-01 +1.436065433E-01 +3.551123877E-01
3.91428571429E+09 -8.461564443E-04 +8.640971165E-02 -3.236951624E-01 -8.085243336E-02 +2.784939696E-01 +2.760878488E-01
3.92500000000E+09 +7.719344679E-02 +3.549976066E-02 -2.782248636E-01 +1.148441295E-01 +3.698299339E-01 +1.419811268E-01
3.93571428571E+09 +6.344218704E-02 -5.551984318E-02 -1.212356172E-01 +2.470550709E-01 +3.954507309E-01 -2.348140215E-02
3.94642857143E+09 -2.521150245E-02 -8.046971300E-02 +8.675654097E-02 +2.592560796E-01 +3.445540987E-01 -1.871172285E-01
3.95714285714E+09 -8.418915341E-02 -8.762965311E-03 +2.615091910E-01 +1.428617084E-01 +2.233718305E-01 -3.141711237E-01
3.96785714286E+09 -4.076170749E-02 +7.415235154E-02 +3.286578320E-01 -5.637863661E-02 +5.592846565E-02 -3.765047555E-01
3.97857142857E+09 +5.221999767E-02 +6.552867531E-02 +2.572651601E-01 -2.536718509E-01 -1.251815410E-01 -3.600520170E-01
3.98928571429E+09 +7.864017152E-02 -2.241723000E-02 +7.797629571E-02 -3.621952506E-01 -2.836661443E-01 -2.659015227E-01
4.00000000000E+09 +9.703401850E-03 -7.855817356E-02 -1.304715230E-01 -3.349773983E-01 -3.870770546E-01 -1.132888735E-01
4.01071428571E+09 -6.570202867E-02 -3.913797608E-02 -2.795013001E-01 -1.841589449E-01 -4.094213078E-01 +7.104356047E-02
4.02142857143E+09 -6.106478033E-02 +4.235188407E-02 -3.074199554E-01 +2.845207919E-02 -3.476847766E-01 +2.513899663E-01
4.03214285714E+09 +1.254876084E-02 +7.184070943E-02 -2.015196829E-01 +2.179550414E-01 -2.130301290E-01 +3.869234197E-01
4.04285714286E+09 +6.977223363E-02 +1.863494557E-02 -7.987336905E-04 +3.073805103E-01 -3.658455704E-02 +4.526442991E-01
4.05357142857E+09 +4.571894800E-02 -5.540965817E-02 +2.145455206E-01 +2.556442499E-01 +1.495799049E-01 +4.358181590E-01
4.06428571429E+09 -3.169464726E-02 -6.424585179E-02 +3.505592164E-01 +8.068739629E-02 +3.117485689E-01 +3.441467075E-01
4.07500000000E+09 -7.117003083E-02 +2.820352856E-03 +3.443778593E-01 -1.396565479E-01 +4.227703123E-01 +1.971755685E-01
4.08571428571E+09 -2.631356698E-02 +6.560683008E-02 +2.005837452E-01 -3.041394610E-01 +4.592900210E-01 +1.574531573E-02
4.09642857143E+09 +4.835866679E-02 +5.070763777E-02 -1.218565598E-02 -3.417141909E-01 +4.161346576E-01 -1.729553613E-01
4.10714285714E+09 +6.597317869E-02 -2.268037119E-02 -2.013933938E-01 -2.424750152E-01 +2.984658617E-01 -3.278145613E-01
4.11785714286E+09 +6.936940808E-03 -6.967002441E-02 -2.927085446E-01 -5.204476486E-02 +1.236336338E-01 -4.156036826E-01
4.12857142857E+09 -6.138876979E-02 -3.537981041E-02 -2.541933555E-01 +1.531807888E-01 -7.422172721E-02 -4.156180729E-01
4.13928571429E+09 -5.821685254E-02 +4.261017602E-02 -1.036979948E-01 +2.936092972E-01 -2.507271923E-01 -3.316371670E-01
4.15000000000E+09 +1.639448921E-02 +7.145114370E-02 +9.767988512E-02 +3.143462168E-01 -3.710379387E-01 -1.804042444E-01
4.16071428571E+09 +7.276248281E-02 +1.271329069E-02 +2.656933838E-01 +2.076316903E-01 -4.116114974E-01 +6.133290458E-03
4.17142857143E+09 +3.974455752E-02 -6.198459285E-02 +3.275057050E-01 +2.157597385E-02 -3.691484044E-01 +1.939269406E-01
4.18214285714E+09 -4.102683687E-02 -6.019244972E-02 +2.581996086E-01 -1.591737506E-01 -2.566168411E-01 +3.430578742E-01
4.19285714286E+09 -7.047335637E-02 +1.346709215E-02 +9.277479410E-02 -2.551648562E-01 -9.212302408E-02 +4.299214437E-01
4.20357142857E+09 -1.627792528E-02 +6.897973440E-02 -9.379891035E-02 -2.290906993E-01 +9.185872003E-02 +4.373682545E-01
4.21428571429E+09 +5.578861321E-02 +4.328192810E-02 -2.234885404E-01 -9.836497070E-02 +2.589319394E-01 +3.681768043E-01
4.22500000000E+09 +6.300412184E-02 -3.274131958E-02 -2.480737106E-01 +7.801762576E-02 +3.799879405E-01 +2.362385392E-01
4.23571428571E+09 -3.656843826E-03 -7.189585955E-02 -1.653700472E-01 +2.269345266E-01 +4.350662128E-01 +6.937264152E-02
4.24642857143E+09 -6.835530981E-02 -2.666432741E-02 -1.679707526E-02 +2.909821383E-01 +4.177900068E-01 -1.034253496E-01
4.25714285714E+09 -5.285183727E-02 +5.301366798E-02 +1.316958626E-01 +2.514540616E-01 +3.343361770E-01 -2.535037568E-01
4.26785714286E+09 +2.869755667E-02 +7.099170584E-02 +2.197265441E-01 +1.334465780E-01 +1.985282542E-01 -3.551120479E-01
4.27857142857E+09 +7.809432882E-02 +1.186282571E-03 +2.172060379E-01 -9.158005980E-03 +3.380054761E-02 -3.892749932E-01
4.28928571429E+09 +3.164415384E-02 -7.269632808E-02 +1.323593184E-01 -1.194551123E-01 -1.315628187E-01 -3.504549382E-01
4.30000000000E+09 -5.554866867E-02 -5.769496647E-02 +2.526074689E-03 -1.596217398E-01 -2.652512614E-01 -2.451310045E-01
4.31071428571E+09 -7.496741531E-02 +2.925375817E-02 -1.235645106E-01 -1.211929342E-01 -3.406927100E-01 -9.646211493E-02
4.32142857143E+09 -1.977431713E-03 +8.058350033E-02 -2.036579744E-01 -2.369475925E-02 -3.431314575E-01 +6.514981483E-02
4.33214285714E+09 +7.353323148E-02 +3.305349738E-02 -2.152578127E-01 +9.473182301E-02 -2.782817041E-01 +2.105737768E-01
4.34285714286E+09 +5.924610891E-02 -5.504827131E-02 -1.619758648E-01 +1.921187988E-01 -1.652405599E-01 +3.114479050E-01
4.35357142857E+09 -2.737594012E-02 -7.629090758E-02 -6.883345138E-02 +2.385615637E-01 -2.457504684E-02 +3.543920787E-01
4.36428571429E+09 -8.098146658E-02 -4.571014444E-03 +2.938261984E-02 +2.239551441E-01 +1.189217838E-01 +3.400133649E-01
4.37500000000E+09 -3.585266714E-02 +7.328374895E-02 +1.007932016E-01 +1.579153719E-01 +2.434151573E-01 +2.722529030E-01
4.38571428571E+09 +5.395901912E-02 +6.178301837E-02 +1.246752505E-01 +6.285006915E-02 +3.309666630E-01 +1.624788114E-01
4.39642857143E+09 +7.814514381E-02 -2.610416076E-02 +9.394243332E-02 -3.316378948E-02 +3.666053763E-01 +2.816341283E-02
4.40714285714E+09 +5.876982988E-03 -8.234689004E-02 +1.456112103E-02 -1.021671749E-01 +3.451229912E-01 -1.093650124E-01
4.41785714286E+09 -7.373409776E-02 -3.683550694E-02 -9.390489579E-02 -1.201888547E-01 +2.711932659E-01 -2.240708171E-01
4.42857142857E+09 -6.188121021E-02 +5.375832607E-02 -1.988435445E-01 -7.503249490E-02 +1.603975550E-01 -2.969776445E-01
4.43928571429E+09 +2.576134323E-02 +7.730231665E-02 -2.621565772E-01 +2.448902508E-02 +3.072070294E-02 -3.210491451E-01
4.45000000000E+09 +8.091749814E-02 +6.175727988E-03 -2.552225789E-01 +1.466617467E-01 -9.505502306E-02 -2.943860401E-01
4.46071428571E+09 +3.718194329E-02 -7.187548544E-02 -1.722119382E-01 +2.456443045E-01 -2.051520415E-01 -2.230378552E-01
4.47142857143E+09 -5.188453347E-02 -6.197132070E-02 -3.669262060E-02 +2.767727899E-01 -2.783800566E-01 -1.151794672E-01
4.48214285714E+09 -7.710191269E-02 +2.454406652E-02 +1.019653357E-01 +2.150995662E-01 -2.993321962E-01 +1.775398819E-02
4.49285714286E+09 -5.888830933E-03 +8.054612746E-02 +1.833983005E-01 +7.080032139E-02 -2.636349635E-01 +1.501118058E-01
4.50357142857E+09 +7.192702338E-02 +3.471184320E-02 +1.617574321E-01 -1.062871384E-01 -1.766153404E-01 +2.555781803E-01
4.51428571429E+09 +5.740779513E-02 -5.265509745E-02 +3.280293705E-02 -2.424063648E-01 -5.622283525E-02 +3.148399738E-01
4.52500000000E+09 -2.591241323E-02 -7.038298775E-02 -1.562402339E-01 -2.748935674E-01 +7.746235733E-02 +3.226861741E-01
4.53571428571E+09 -7.172072128E-02 -3.718556540E-03 -3.276150760E-01 -1.861637817E-01 +2.039932677E-01 +2.809956138E-01
4.54642857143E+09 -3.138077904E-02 +6.170154080E-02 -4.105013814E-01 -9.873603997E-03 +3.069087358E-01 +1.943388203E-01
4.55714285714E+09 +4.226541058E-02 +5.311669505E-02 -3.671270783E-01 +1.854917315E-01 +3.654549538E-01 +6.618316499E-02
4.56785714286E+09 +6.573015352E-02 -1.621746093E-02 -2.047852866E-01 +3.198984430E-01 +3.702889668E-01 -7.986067943E-02
4.57857142857E+09 +1.187324118E-02 -6.734528355E-02 +2.159709075E-02 +3.257291005E-01 +3.118994397E-01 -2.152933388E-01
4.58928571429E+09 -5.819186285E-02 -3.729789734E-02 +2.155088567E-01 +1.778779654E-01 +2.038140006E-01 -3.145675102E-01
4.60000000000E+09 -5.610000546E-02 +4.015461225E-02 +2.745438322E-01 -7.273962038E-02 +6.454989056E-02 -3.610163490E-01
4.61071428571E+09 +1.633762619E-02 +6.549568019E-02 +1.571558482E-01 -3.076372462E-01 -8.415843798E-02 -3.491251449E-01
4.62142857143E+09 +6.407033122E-02 +9.509843086E-03 -7.994624239E-02 -4.119328874E-01 -2.134584289E-01 -2.818759200E-01
4.63214285714E+09 +3.279466461E-02 -5.258131551E-02 -3.228739049E-01 -3.450279227E-01 -3.066274627E-01 -1.613564271E-01
4.64285714286E+09 -3.304055866E-02 -4.990889794E-02 -4.692918429E-01 -1.458074246E-01 -3.454321937E-01 -3.931402726E-03
4.65357142857E+09 -5.817428436E-02 +8.740937408E-03 -4.641647879E-01 +1.040486263E-01 -3.125469507E-01 +1.570222843E-01
4.66428571429E+09 -1.612179878E-02 +5.664388190E-02 -3.026324581E-01 +3.085529427E-01 -2.107741638E-01 +2.885654818E-01
4.67500000000E+09 +4.601303139E-02 +3.762372791E-02 -3.420314213E-02 +3.768805014E-01 -6.309424291E-02 +3.618389664E-01
4.68571428571E+09 +5.243196090E-02 -2.833177634E-02 +2.339847961E-01 +2.581859645E-01 +1.009451477E-01 +3.653027956E-01
4.69642857143E+09 -6.557905258E-03 -5.811421536E-02 +3.723300639E-01 -1.065228243E-02 +2.490836585E-01 +3.015006396E-01
4.70714285714E+09 -5.385254863E-02 -1.559208068E-02 +3.096411596E-01 -3.043951372E-01 +3.591735411E-01 +1.815358764E-01
4.71785714286E+09 -3.437339368E-02 +4.057218867E-02 +8.397861735E-02 -4.864700748E-01 +4.141864614E-01 +2.535392998E-02
4.72857142857E+09 +2.065618596E-02 +4.625660534E-02 -1.945267952E-01 -4.890229403E-01 +4.011508982E-01 -1.432288941E-01
4.73928571429E+09 +4.950379976E-02 +2.054255651E-03 -4.121983534E-01 -3.243970083E-01 +3.203456607E-01 -2.920108033E-01
4.75000000000E+09 +2.392101542E-02 -4.376296450E-02 -4.867426552E-01 -5.804845341E-02 +1.836969547E-01 -3.874048127E-01
4.76071428571E+09 -3.039236163E-02 -4.150392735E-02 -3.791581780E-01 +2.102629028E-01 +1.518283093E-02 -4.171995208E-01
4.77142857143E+09 -5.199482921E-02 +1.175070234E-02 -1.142017288E-01 +3.620093172E-01 -1.503230147E-01 -3.760463164E-01
4.78214285714E+09 -8.788224790E-03 +5.361258496E-02 +1.980613578E-01 +3.092853546E-01 -2.820500587E-01 -2.750090667E-01
4.79285714286E+09 +4.603821656E-02 +2.761946378E-02 +4.035374252E-01 +6.847229317E-02 -3.629641254E-01 -1.257429743E-01
4.80357142857E+09 +4.163365035E-02 -3.083363614E-02 +4.072897043E-01 -2.366274288E-01 -3.754558001E-01 +4.681849962E-02
4.81428571429E+09 -1.101842584E-02 -4.832843906E-02 +2.266938731E-01 -4.644344560E-01 -3.163542139E-01 +2.107096870E-01
4.82500000000E+09 -4.699706296E-02 -1.020264259E-02 -4.398374411E-02 -5.300788272E-01 -1.874498187E-01 +3.292081042E-01
4.83571428571E+09 -2.930034632E-02 +3.746260514E-02 -2.968290191E-01 -4.205811549E-01 -1.873824860E-02 +3.793767820E-01
4.84642857143E+09 +2.145502302E-02 +4.300286415E-02 -4.374558826E-01 -1.761488093E-01 +1.561592236E-01 +3.521201634E-01
4.85714285714E+09 +4.904046691E-02 -1.938546461E-03 -4.010670998E-01 +1.170551734E-01 +2.973559648E-01 +2.578890664E-01
4.86785714286E+09 +1.769374649E-02 -4.677207556E-02 -1.829545757E-01 +3.352882213E-01 +3.846417271E-01 +1.148010595E-01
4.87857142857E+09 -3.643541988E-02 -3.422884344E-02 +1.284937613E-01 +3.693057171E-01 +4.071289672E-01 -5.019725773E-02
4.88928571429E+09 -4.466500811E-02 +1.978060457E-02 +3.857088352E-01 +2.027731538E-01 +3.641709753E-01 -2.077336686E-01
4.90000000000E+09 -1.358633290E-04 +4.729158036E-02 +4.766966977E-01 -7.402424315E-02 +2.580940157E-01 -3.305727437E-01
4.91071428571E+09 +4.159073244E-02 +1.969729730E-02 +3.826872142E-01 -3.331055775E-01 +1.028823729E-01 -3.945956277E-01
4.92142857143E+09 +3.588578825E-02 -2.891920800E-02 +1.589112498E-01 -4.763171261E-01 -6.458033815E-02 -4.008913974E-01
4.93214285714E+09 -1.064039018E-02 -4.573257525E-02 -1.051664191E-01 -4.560538309E-01 -2.127416084E-01 -3.297838240E-01
4.94285714286E+09 -4.777592984E-02 -9.632274612E-03 -3.086119426E-01 -2.769793088E-01 -3.166326470E-01 -2.096679433E-01
4.95357142857E+09 -2.878245220E-02 +4.176602264E-02 -3.637096361E-01 -2.980833663E-03 -3.635153116E-01 -6.033621493E-02
4.96428571429E+09 +2.845480800E-02 +4.351264940E-02 -2.373400863E-01 +2.511682290E-01 -3.462170351E-01 +9.503945992E-02
4.97500000000E+09 +5.115584894E-02 -1.011713726E-02 +1.466483884E-02 +3.707288745E-01 -2.651274504E-01 +2.283395599E-01
4.98571428571E+09 +1.029164963E-02 -5.030828535E-02 +2.738038326E-01 +3.121551216E-01 -1.348757184E-01 +3.178265941E-01
4.99642857143E+09 -4.109554363E-02 -2.895963790E-02 +4.326166477E-01 +1.197463945E-01 +2.129466216E-02 +3.446570428E-01
5.00714285714E+09 -4.296348179E-02 +2.524862957E-02 +4.417391265E-01 -1.167359240E-01 +1.696874149E-01 +3.034604321E-01
5.01785714286E+09 +5.224295891E-03 +4.998862157E-02 +3.091354408E-01 -3.061195815E-01 +2.840680509E-01 +2.100195149E-01
5.02857142857E+09 +4.887107365E-02 +1.583606831E-02 +8.722378027E-02 -3.772749797E-01 +3.439056004E-01 +8.046955488E-02
5.03928571429E+09 +3.451209199E-02 -3.975908771E-02 -1.378566748E-01 -2.971047728E-01 +3.520589485E-01 -6.215325835E-02
5.05000000000E+09 -2.428421523E-02 -4.753905821E-02 -2.699340311E-01 -9.285401175E-02 +3.047888161E-01 -1.956936907E-01
5.06071428571E+09 -5.291999650E-02 +4.834452568E-03 -2.504963718E-01 +1.472632959E-01 +2.060177434E-01 -2.978849334E-01
5.07142857143E+09 -1.532616545E-02 +4.974198095E-02 -9.685950433E-02 +3.192445360E-01 +7.533336614E-02 -3.528933062E-01
5.08214285714E+09 +3.865512738E-02 +3.299482201E-02 +1.146890544E-01 +3.628000489E-01 -6.718153733E-02 -3.506988211E-01
5.09285714286E+09 +4.531013483E-02 -2.133637458E-02 +2.987382407E-01 +2.796740216E-01 -1.894359234E-01 -2.950235823E-01
5.10357142857E+09 -2.779618805E-04 -4.988849236E-02 +3.959073835E-01 +1.124329512E-01 -2.772526091E-01 -1.958342607E-01
5.11428571429E+09 -4.625190744E-02 -2.064050118E-02 +3.784732759E-01 -7.904145219E-02 -3.190580229E-01 -6.797224406E-02
5.12500000000E+09 -3.824858174E-02 +3.522745452E-02 +2.500943608E-01 -2.291218203E-01 -3.154520243E-01 +6.286541518E-02
5.13571428571E+09 +1.863232620E-02 +5.011100369E-02 +5.037629660E-02 -2.786407119E-01 -2.588892332E-01 +1.848692397E-01
5.14642857143E+09 +5.408245576E-02 +1.001416021E-03 -1.463421652E-01 -2.001538125E-01 -1.542469426E-01 +2.770238169E-01
5.15714285714E+09 +2.029292400E-02 -4.950738458E-02 -2.599242878E-01 -2.109112215E-02 -2.049377699E-02 +3.190295377E-01
5.16785714286E+09 -3.736191362E-02 -3.612371929E-02 -2.473242044E-01 +1.841531420E-01 +1.142957132E-01 +2.990350845E-01
5.17857142857E+09 -4.596669372E-02 +1.983526867E-02 -1.237490922E-01 +3.350875387E-01 +2.287508255E-01 +2.254725009E-01
5.18928571429E+09 -3.070157550E-04 +4.870157220E-02 +5.532671584E-02 +3.832720002E-01 +3.092276921E-01 +1.122636121E-01
5.20000000000E+09 +4.364792556E-02 +2.005494770E-02 +2.251751835E-01 +3.190890399E-01 +3.403514792E-01 -2.385750086E-02
5.21071428571E+09 +3.614132094E-02 -3.165931201E-02 +3.269823546E-01 +1.647073671E-01 +3.141873896E-01 -1.654632315E-01
5.22142857143E+09 -1.483529955E-02 -4.612147868E-02 +3.177072788E-01 -3.028779515E-02 +2.329357058E-01 -2.826702262E-01
5.23214285714E+09 -4.860277795E-02 -3.532788951E-03 +1.857416542E-01 -1.921229148E-01 +1.037534375E-01 -3.599947781E-01
5.24285714286E+09 -2.073219609E-02 +4.360386307E-02 -2.795794836E-02 -2.453044139E-01 -4.645206121E-02 -3.744271284E-01
5.25357142857E+09 +3.194038774E-02 +3.398655156E-02 -2.348146203E-01 -1.565410638E-01 -1.895980262E-01 -3.247947438E-01
5.26428571429E+09 +4.130083664E-02 -1.576957802E-02 -3.447757782E-01 +3.670143579E-02 -3.025809205E-01 -2.207805313E-01
5.27500000000E+09 +2.140182715E-03 -4.171362230E-02 -3.179497891E-01 +2.504874395E-01 -3.697347257E-01 -8.182524810E-02
5.28571428571E+09 -3.521313923E-02 -1.865706120E-02 -1.733031460E-01 +4.030595025E-01 -3.768371887E-01 +7.149365887E-02
5.29642857143E+09 -3.129878100E-02 +2.319154276E-02 +3.468465220E-02 +4.415978967E-01 -3.172067282E-01 +2.212498776E-01
5.30714285714E+09 +7.760479265E-03 +3.827817259E-02 +2.346759497E-01 +3.465554532E-01 -1.937629403E-01 +3.329633622E-01
5.31785714286E+09 +3.869035891E-02 +8.656150141E-03 +3.478457072E-01 +1.367678688E-01 -2.785282538E-02 +3.873562507E-01
5.32857142857E+09 +2.295796520E-02 -3.277659420E-02 +3.093583696E-01 -1.173907394E-01 +1.432240149E-01 +3.644206501E-01
5.33928571429E+09 -2.161904751E-02 -3.297911672E-02 +1.138749876E-01 -3.037195833E-01 +2.915141071E-01 +2.733442763E-01
5.35000000000E+09 -3.700869442E-02 +7.414986116E-03 -1.570004593E-01 -3.297695206E-01 +3.908861434E-01 +1.235882909E-01
5.36071428571E+09 -7.419399019E-03 +3.461858751E-02 -3.801438997E-01 -1.890380956E-01 +4.221523887E-01 -4.841368477E-02
5.37142857143E+09 +2.642514003E-02 +2.010065832E-02 -4.695501883E-01 +4.653441302E-02 +3.726128994E-01 -2.139991063E-01
5.38214285714E+09 +2.853319907E-02 -1.418125833E-02 -4.038152446E-01 +2.818364310E-01 +2.518547724E-01 -3.495027274E-01
5.39285714286E+09 +7.633466845E-05 -3.158518571E-02 -2.101740436E-01 +4.337727388E-01 +8.123111399E-02 -4.274910876E-01
5.40357142857E+09 -2.877998276E-02 -1.393159295E-02 +4.844110213E-02 +4.407821634E-01 -1.078889347E-01 -4.337506408E-01
5.41428571429E+09 -2.508676036E-02 +2.120397424E-02 +2.738710548E-01 +2.771076913E-01 -2.784839644E-01 -3.515404303E-01
5.42500000000E+09 +1.026890690E-02 +3.153516730E-02 +3.520506567E-01 -1.010891892E-02 -3.990071775E-01 -2.145718204E-01
5.43571428571E+09 +3.237063145E-02 +2.006088780E-03 +2.246828439E-01 -2.891513431E-01 -4.508841396E-01 -3.931598153E-02
5.44642857143E+09 +1.361698807E-02 -2.765030707E-02 -4.661724826E-02 -4.206970161E-01 -4.252294276E-01 +1.405585167E-01
5.45714285714E+09 -1.819255955E-02 -2.248047183E-02 -3.266497129E-01 -3.579249379E-01 -3.260140547E-01 +3.023083396E-01
5.46785714286E+09 -2.682216416E-02 +5.730067965E-03 -5.028110661E-01 -1.495665448E-01 -1.622112407E-01 +4.148758061E-01
5.47857142857E+09 -7.265013125E-03 +2.585805903E-02 -5.213618269E-01 +1.168233712E-01 +3.103574122E-02 +4.507660643E-01
5.48928571429E+09 +1.986393169E-02 +1.837720028E-02 -3.771924543E-01 +3.485835763E-01 +2.143643785E-01 +4.021505778E-01
5.50000000000E+09 +2.611215500E-02 -1.030360681E-02 -1.086475242E-01 +4.561811063E-01 +3.614789555E-01 +2.772102703E-01
5.51071428571E+09 +1.127141911E-03 -2.918033678E-02 +1.895431551E-01 +3.736447500E-01 +4.416679514E-01 +9.753251968E-02
5.52142857143E+09 -2.688468079E-02 -1.224491089E-02 +3.795545470E-01 +1.114232822E-01 +4.370237705E-01 -9.363439225E-02
5.53214285714E+09 -2.112296385E-02 +1.988904684E-02 +3.610638993E-01 -2.129096886E-01 +3.514886484E-01 -2.687303071E-01
5.54285714286E+09 +9.372006309E-03 +2.621609432E-02 +1.520366460E-01 -4.454883898E-01 +1.993305554E-01 -3.925224152E-01
5.55357142857E+09 +2.650176901E-02 +2.559569199E-03 -1.383709289E-01 -4.990249449E-01 +9.307024096E-03 -4.503576544E-01
5.56428571429E+09 +1.380919310E-02 -2.209713366E-02 -3.915259325E-01 -3.743582844E-01 -1.810795217E-01 -4.148318650E-01
5.57500000000E+09 -1.359590333E-02 -2.247200796E-02 -5.210997712E-01 -1.258600545E-01 -3.343858097E-01 -3.016190264E-01
5.58571428571E+09 -2.712315546E-02 +2.413723144E-03 -4.756191960E-01 +1.607966628E-01 -4.263712322E-01 -1.248331096E-01
5.59642857143E+09 -9.368268942E-03 +2.671335865E-02 -2.529953391E-01 +3.731017022E-01 -4.328213712E-01 +7.291187999E-02
5.60714285714E+09 +2.167393960E-02 +1.940183487E-02 +6.924467176E-02 +4.019325268E-01 -3.649041636E-01 +2.481721635E-01
5.61785714286E+09 +2.615111715E-02 -1.260676032E-02 +3.414869199E-01 +2.164688991E-01 -2.212404442E-01 +3.821098658E-01
5.62857142857E+09 -1.346159740E-03 -2.809123535E-02 +4.326049960E-01 -9.182104586E-02 -4.076714449E-02 +4.479394316E-01
5.63928571429E+09 -2.501009455E-02 -1.016317427E-02 +3.192760164E-01 -3.748262616E-01 +1.422252395E-01 +4.329911983E-01
5.65000000000E+09 -1.956852711E-02 +1.749582155E-02 +7.144187061E-02 -5.231667349E-01 +3.026946005E-01 +3.341255530E-01
5.66071428571E+09 +6.855916989E-03 +2.537569228E-02 -2.085918649E-01 -4.944834830E-01 +4.041003735E-01 +1.692879090E-01
5.67142857143E+09 +2.665152879E-02 +5.274243690E-03 -4.191484718E-01 -3.009901652E-01 +4.388328869E-01 -1.871751784E-02
5.68214285714E+09 +1.665366644E-02 -2.305786762E-02 -4.720867328E-01 -6.077561618E-03 +3.902781274E-01 -2.018810589E-01
5.69285714286E+09 -1.533144296E-02 -2.565744572E-02 -3.244955641E-01 +2.715763524E-01 +2.725130126E-01 -3.401255534E-01
5.70357142857E+09 -3.015039274E-02 +4.626026186E-03 -2.867724965E-02 +3.980585441E-01 +1.115347668E-01 -4.193005282E-01
5.71428571429E+09 -7.277787482E-03 +2.952421242E-02 +2.759473976E-01 +3.124189662E-01 -6.494418402E-02 -4.232106473E-01
5.72500000000E+09 +2.357720032E-02 +1.839635755E-02 +4.542077403E-01 +7.023504332E-02 -2.283194101E-01 -3.480270291E-01
5.73571428571E+09 +2.645164917E-02 -1.324962855E-02 +4.515950051E-01 -2.122791791E-01 -3.464573530E-01 -2.091354483E-01
5.74642857143E+09 -3.268987442E-04 -2.993253126E-02 +2.893594531E-01 -4.283991127E-01 -3.963732891E-01 -3.568729818E-02
5.75714285714E+09 -2.819893768E-02 -1.294565542E-02 +3.185160853E-02 -5.049378248E-01 -3.701014240E-01 +1.347692778E-01
5.76785714286E+09 -2.469970614E-02 +2.184439823E-02 -2.277684498E-01 -4.070727939E-01 -2.726367902E-01 +2.722494660E-01
5.77857142857E+09 +1.128648125E-02 +3.292270913E-02 -3.786039426E-01 -1.582370709E-01 -1.330529862E-01 +3.553022274E-01
5.78928571429E+09 +3.591612629E-02 +1.117153802E-03 -3.380037836E-01 +1.390426794E-01 +2.925651465E-02 +3.693658338E-01
5.80000000000E+09 +1.389632686E-02 -3.315056633E-02 -1.202454773E-01 +3.423027140E-01 +1.802462801E-01 +3.161113004E-01
5.81071428571E+09 -2.492739829E-02 -2.481441804E-02 +1.627563115E-01 +3.658269355E-01 +2.972642849E-01 +2.058244651E-01
5.82142857143E+09 -3.210255277E-02 +1.264373403E-02 +3.864518791E-01 +2.250067560E-01 +3.566272859E-01 +6.054336052E-02
5.83214285714E+09 -2.207592246E-03 +3.424059658E-02 +4.780852690E-01 -4.540992553E-03 +3.469486849E-01 -9.536703388E-02
5.84285714286E+09 +3.101135941E-02 +1.700605834E-02 +4.195667981E-01 -2.356875135E-01 +2.798864138E-01 -2.158959865E-01
5.85357142857E+09 +2.975176247E-02 -2.233334139E-02 +2.333414448E-01 -3.878430888E-01 +1.674442458E-01 -3.002244218E-01
5.86428571429E+09 -9.884801562E-03 -3.806849985E-02 -1.691907624E-02 -3.958044207E-01 +3.824284453E-02 -3.380750081E-01
5.87500000000E+09 -4.094938719E-02 -4.234930761E-03 -2.269962222E-01 -2.408149182E-01 -9.207858291E-02 -3.230959089E-01
5.88571428571E+09 -1.803863966E-02 +3.750217701E-02 -2.951293333E-01 +1.505085973E-02 -2.092637707E-01 -2.560224390E-01
5.89642857143E+09 +2.834286018E-02 +2.928457723E-02 -1.936172177E-01 +2.516671224E-01 -2.884539174E-01 -1.503150793E-01
5.90714285714E+09 +3.647779840E-02 -1.483215157E-02 +1.484384245E-02 +3.729637937E-01 -3.145637295E-01 -2.701169451E-02
5.91785714286E+09 +7.713940009E-04 -3.822020934E-02 +2.368882675E-01 +3.542635660E-01 -2.879106869E-01 +8.593224403E-02
5.92857142857E+09 -3.422763905E-02 -1.639077698E-02 +3.992798435E-01 +2.224702571E-01 -2.229607063E-01 +1.813854401E-01
5.93928571429E+09 -2.963890868E-02 +2.493510547E-02 +4.576501481E-01 +2.663999872E-02 -1.305686443E-01 +2.479562568E-01
5.95000000000E+09 +1.175925356E-02 +3.875306105E-02 +3.915360518E-01 -1.722082686E-01 -2.569723435E-02 +2.764355848E-01
5.96071428571E+09 +4.241181388E-02 +3.522242673E-03 +2.110695404E-01 -3.017586444E-01 +8.613967930E-02 +2.662105495E-01
5.97142857143E+09 +1.809822280E-02 -3.993937988E-02 -2.516668309E-02 -2.960982003E-01 +1.867867460E-01 +2.122360951E-01
5.98214285714E+09 -3.201034058E-02 -2.992883514E-02 -2.147444032E-01 -1.412577261E-01 +2.588316196E-01 +1.184249391E-01
5.99285714286E+09 -3.718314429E-02 +1.942339422E-02 -2.693424974E-01 +9.570457920E-02 +2.846868604E-01 +5.778390025E-03
6.00357142857E+09 +4.655853186E-03 +3.902859072E-02 -1.759741990E-01 +3.089327760E-01 +2.651739111E-01 -1.100648455E-01
6.01428571429E+09 +3.545651567E-02 +1.023898448E-02 +1.258880681E-02 +4.220955099E-01 +2.048445395E-01 -2.113499336E-01
6.02500000000E+09 +2.286940509E-02 -2.695352437E-02 +2.232983044E-01 +4.082840023E-01 +1.119353949E-01 -2.856762511E-01
6.03571428571E+09 -1.469106709E-02 -3.160651205E-02 +3.891995123E-01 +2.767179691E-01 -4.826921773E-03 -3.220531178E-01
6.04642857143E+09 -3.509867852E-02 +7.472561757E-04 +4.523125860E-01 +6.255609602E-02 -1.365002051E-01 -3.073360382E-01
6.05714285714E+09 -1.287250285E-02 +3.365665630E-02 +3.703959831E-01 -1.661999104E-01 -2.540412725E-01 -2.330476796E-01
6.06785714286E+09 +2.729101874E-02 +2.409440936E-02 +1.481111341E-01 -3.093632706E-01 -3.313908059E-01 -1.160923981E-01
6.07857142857E+09 +3.108022984E-02 -1.726515936E-02 -1.289733067E-01 -2.802045524E-01 -3.512203374E-01 +2.657289784E-02
6.08928571429E+09 -4.974328050E-03 -3.309699014E-02 -3.270971595E-01 -8.311532946E-02 -3.176499485E-01 +1.678178708E-01
6.10000000000E+09 -2.995675911E-02 -7.378400231E-03 -3.614684010E-01 +1.837377848E-01 -2.291765421E-01 +2.906821145E-01
6.11071428571E+09 -1.767038117E-02 +2.241440327E-02 -2.369687110E-01 +4.066205060E-01 -1.014092627E-01 +3.669694442E-01
6.12142857143E+09 +1.193019537E-02 +2.430940206E-02 -1.281613364E-02 +5.113566694E-01 +5.755872713E-02 +3.784336268E-01
6.13214285714E+09 +2.666093344E-02 -2.413714933E-04 +2.340354962E-01 +4.649786897E-01 +2.104064186E-01 +3.137716389E-01
6.14285714286E+09 +1.103257458E-02 -2.459446468E-02 +4.161999186E-01 +2.699943625E-01 +3.315447520E-01 +1.873983759E-01
6.15357142857E+09 -1.881111518E-02 -1.978106001E-02 +4.446354745E-01 -1.798525811E-02 +3.856992326E-01 +3.073088662E-02
6.16428571429E+09 -2.500743398E-02 +1.050887592E-02 +2.751260050E-01 -2.775169517E-01 +3.698465777E-01 -1.411383140E-01
6.17500000000E+09 +9.427509124E-04 +2.587273718E-02 -2.943467243E-02 -3.721543246E-01 +2.855360341E-01 -2.938493324E-01
6.18571428571E+09 +2.264886099E-02 +8.150573699E-03 -3.200000175E-01 -2.565400652E-01 +1.462669229E-01 -3.944146279E-01
6.19642857143E+09 +1.542925484E-02 -1.585094431E-02 -4.719100919E-01 -1.580505922E-03 -3.022492278E-02 -4.226195965E-01
6.20714285714E+09 -6.871705575E-03 -1.956849246E-02 -4.453745195E-01 +2.787472529E-01 -2.078929257E-01 -3.727403727E-01
6.21785714286E+09 -1.984004679E-02 -2.766922737E-03 -2.643600128E-01 +4.868411401E-01 -3.540952782E-01 -2.581064939E-01
6.22857142857E+09 -1.144105201E-02 +1.637107296E-02 +1.142336192E-02 +5.510431076E-01 -4.444670793E-01 -8.759859195E-02
6.23928571429E+09 +1.026380060E-02 +1.774848103E-02 +2.871657659E-01 +4.304178982E-01 -4.545377901E-01 +9.358235332E-02
6.25000000000E+09 +2.068304947E-02 -2.596852710E-03 +4.392395938E-01 +1.467172736E-01 -3.740068748E-01 +2.637478992E-01
6.26071428571E+09 +5.282487907E-03 -2.007145749E-02 +3.736236356E-01 -1.828582364E-01 -2.392994650E-01 +3.858179038E-01
6.27142857143E+09 -1.600969387E-02 -1.197782231E-02 +1.123293075E-01 -3.948868680E-01 -5.900654352E-02 +4.322425785E-01
6.28214285714E+09 -1.641348197E-02 +9.378983494E-03 -2.117878763E-01 -3.967664536E-01 +1.325497397E-01 +4.078564713E-01
6.29285714286E+09 +1.516252524E-03 +1.794992143E-02 -4.565913983E-01 -2.115602257E-01 +3.013096322E-01 +3.058715005E-01
6.30357142857E+09 +1.631679205E-02 +6.299753141E-03 -5.390160672E-01 +7.211457237E-02 +4.119546477E-01 +1.492994222E-01
6.31428571429E+09 +1.274857484E-02 -1.203602824E-02 -4.355271251E-01 +3.488217920E-01 +4.323276309E-01 -4.839896147E-02
6.32500000000E+09 -5.637021278E-03 -1.693865699E-02 -1.761709824E-01 +5.128514347E-01 +3.710326895E-01 -2.269979334E-01
6.33571428571E+09 -1.799388831E-02 -1.630279820E-03 +1.460921046E-01 +4.806061343E-01 +2.296041511E-01 -3.659219834E-01
6.34642857143E+09 -8.361355927E-03 +1.586302599E-02 +3.861268112E-01 +2.432738063E-01 +4.471690000E-02 -4.312658913E-01
6.35714285714E+09 +1.099301615E-02 +1.332637462E-02 +4.222845007E-01 -9.563269648E-02 -1.502503747E-01 -4.237025415E-01
6.36785714286E+09 +1.571940143E-02 -4.390226320E-03 +2.444331200E-01 -3.766155790E-01 -3.259203209E-01 -3.321421937E-01
6.37857142857E+09 +2.712326834E-03 -1.522877669E-02 -5.340100202E-02 -4.875498506E-01 -4.428414445E-01 -1.861479779E-01
6.38928571429E+09 -1.196853072E-02 -9.014814419E-03 -3.465801928E-01 -4.028485356E-01 -4.923663828E-01 -5.179468265E-03
6.40000000000E+09 -1.346493003E-02 +6.682328791E-03 -5.292391613E-01 -1.627663617E-01 -4.463625546E-01 +1.769907565E-01
6.41071428571E+09 +1.093865203E-04 +1.545187710E-02 -5.289482199E-01 +1.464169725E-01 -3.318744848E-01 +3.280779577E-01
6.42142857143E+09 +1.464730851E-02 +6.409103460E-03 -3.288284396E-01 +4.001597640E-01 -1.682050212E-01 +4.279885933E-01
6.43214285714E+09 +1.191681193E-02 -1.136684297E-02 -1.791793429E-03 +4.744941669E-01 +1.699249386E-02 +4.496602653E-01
6.44285714286E+09 -5.764418507E-03 -1.543424693E-02 +3.017118818E-01 +3.240691006E-01 +2.068702560E-01 +3.905516254E-01
6.45357142857E+09 -1.620509545E-02 -7.392392141E-04 +4.434613369E-01 +2.472529854E-02 +3.389688807E-01 +2.751545728E-01
6.46428571429E+09 -7.318682623E-03 +1.413706104E-02 +3.800525908E-01 -2.857747761E-01 +4.067671054E-01 +1.025994921E-01
6.47500000000E+09 +9.529118713E-03 +1.267058052E-02 +1.572522642E-01 -4.908160893E-01 +3.916114063E-01 -8.600902335E-02
6.48571428571E+09 +1.577985087E-02 -3.164063305E-03 -1.365490433E-01 -5.260917671E-01 +2.896733815E-01 -2.491647176E-01
6.49642857143E+09 +3.675913178E-03 -1.598995325E-02 -3.968086255E-01 -3.776032212E-01 +1.382892910E-01 -3.743118327E-01
6.50714285714E+09 -1.375535509E-02 -1.001625205E-02 -5.171338779E-01 -9.009701730E-02 -4.826207539E-02 -4.028341203E-01
6.51785714286E+09 -1.465110584E-02 +9.146216495E-03 -4.277979744E-01 +2.222603439E-01 -2.210115062E-01 -3.558764194E-01
6.52857142857E+09 +3.126280654E-03 +1.674182646E-02 -1.560330717E-01 +4.111478699E-01 -3.494878163E-01 -2.439709567E-01
6.53928571429E+09 +1.621168552E-02 +3.414215593E-03 +1.694207700E-01 +3.883179938E-01 -4.211812524E-01 -8.274379215E-02
6.55000000000E+09 +9.367692445E-03 -1.289367644E-02 +4.040493344E-01 +1.808244086E-01 -4.181907806E-01 +9.175853845E-02
6.56071428571E+09 -7.491943434E-03 -1.365524037E-02 +4.676993636E-01 -1.101170053E-01 -3.422331136E-01 +2.602306161E-01
6.57142857143E+09 -1.574161535E-02 +6.937525545E-04 +3.534355168E-01 -3.734728094E-01 -2.281042542E-01 +3.731945434E-01
6.58214285714E+09 -6.368159404E-03 +1.499141726E-02 +1.060374567E-01 -5.170473028E-01 -7.027108374E-02 +4.339432679E-01
6.59285714286E+09 +1.182948619E-02 +1.266977195E-02 -1.861545079E-01 -4.788150382E-01 +7.823044460E-02 +4.101793611E-01
6.60357142857E+09 +1.695500071E-02 -6.390770715E-03 -3.993661755E-01 -2.566798132E-01 +2.229744091E-01 +3.377151563E-01
6.61428571429E+09 +7.085796686E-05 -1.851365383E-02 -4.241567508E-01 +5.896671426E-02 +3.200346233E-01 +2.152700909E-01
6.62500000000E+09 -1.705309910E-02 -6.524597824E-03 -2.457679664E-01 +3.185856954E-01 +3.627140878E-01 +4.597488282E-02
6.63571428571E+09 -1.211189021E-02 +1.293266328E-02 +4.290168804E-02 +4.120519288E-01 +3.317945083E-01 -1.134903900E-01
6.64642857143E+09 +6.809764169E-03 +1.578043317E-02 +3.164050220E-01 +3.244687183E-01 +2.411216672E-01 -2.465017810E-01
6.65714285714E+09 +1.696661534E-02 +2.669116067E-04 +4.832596915E-01 +1.081032111E-01 +1.162465292E-01 -3.262635724E-01
6.66785714286E+09 +7.430573591E-03 -1.571051516E-02 +4.965926160E-01 -1.588742088E-01 -3.786929278E-02 -3.399404873E-01
6.67857142857E+09 -1.183059819E-02 -1.344449559E-02 +3.476346812E-01 -3.865772970E-01 -1.784742275E-01 -2.950044128E-01
6.68928571429E+09 -1.760322465E-02 +6.330938788E-03 +7.725672833E-02 -4.801383274E-01 -2.938598456E-01 -2.020353232E-01
6.70000000000E+09 -5.287350958E-05 +1.915166350E-02 -2.065721274E-01 -3.756990921E-01 -3.650804074E-01 -6.198247903E-02
6.71071428571E+09 +1.764456178E-02 +6.323572222E-03 -3.613348845E-01 -1.051091356E-01 -3.727084154E-01 +8.295758858E-02
6.72142857143E+09 +1.152025390E-02 -1.359222386E-02 -3.093897082E-01 +1.989737402E-01 -3.348400086E-01 +2.210513391E-01
6.73214285714E+09 -7.460094288E-03 -1.482252219E-02 -9.278983647E-02 +3.990866120E-01 -2.469807079E-01 +3.217738360E-01
6.74285714286E+09 -1.565830173E-02 +4.772645672E-04 +1.834952952E-01 +4.339675367E-01 -1.227436857E-01 +3.731037441E-01
6.75357142857E+09 -6.148622607E-03 +1.377436164E-02 +4.205150911E-01 +3.119407530E-01 +1.588214547E-02 +3.856143230E-01
6.76428571429E+09 +9.863127400E-03 +1.154593705E-02 +5.461907627E-01 +7.882705479E-02 +1.455550298E-01 +3.373097210E-01
6.77500000000E+09 +1.512490965E-02 -4.367267366E-03 +5.122834067E-01 -1.939958760E-01 +2.635246806E-01 +2.544427334E-01
6.78571428571E+09 +1.759453177E-03 -1.641108585E-02 +3.081205534E-01 -4.054397665E-01 +3.326613442E-01 +1.272529345E-01
6.79642857143E+09 -1.531620731E-02 -7.476429665E-03 -3.426861276E-03 -4.469928173E-01 +3.385672932E-01 -1.654337705E-02
6.80714285714E+09 -1.198714793E-02 +1.203727235E-02 -2.811218891E-01 -2.755401925E-01 +2.854702772E-01 -1.422434428E-01
6.81785714286E+09 +6.928653350E-03 +1.463455210E-02 -3.884151073E-01 +3.085147530E-02 +1.627054811E-01 -2.528282472E-01
6.82857142857E+09 +1.506815720E-02 -9.975189459E-04 -2.904156963E-01 +3.264772466E-01 +7.177168307E-03 -3.011771798E-01
6.83928571429E+09 +4.751379519E-03 -1.333606584E-02 -5.044749325E-02 +4.982803644E-01 -1.656762883E-01 -2.867336835E-01
6.85000000000E+09 -9.447661832E-03 -9.469707810E-03 +2.336076611E-01 +4.995142019E-01 -3.086488106E-01 -2.095109038E-01
6.86071428571E+09 -1.207926241E-02 +4.318010317E-03 +4.651573043E-01 +3.353398435E-01 -3.973014912E-01 -8.253733519E-02
6.87142857143E+09 -1.029081934E-03 +1.248153631E-02 +5.576575132E-01 +5.478291636E-02 -4.103476944E-01 +6.714834106E-02
6.88214285714E+09 +1.099265823E-02 +5.680543710E-03 +4.528649272E-01 -2.417523198E-01 -3.688872080E-01 +2.238687295E-01
6.89285714286E+09 +9.181242409E-03 -7.959203660E-03 +1.694274036E-01 -4.164792650E-01 -2.579002194E-01 +3.640843199E-01
6.90357142857E+09 -3.751272070E-03 -1.108682043E-02 -1.694044491E-01 -3.700580114E-01 -1.153604633E-01 +4.532277559E-01
6.91428571429E+09 -1.104977283E-02 -8.187680811E-04 -4.011906327E-01 -1.242404362E-01 +4.796889071E-02 +4.860544642E-01
6.92500000000E+09 -5.135867717E-03 +9.272321811E-03 -4.332512511E-01 +1.983712091E-01 +2.016408919E-01 +4.684861760E-01
6.93571428571E+09 +5.848340667E-03 +8.591922430E-03 -2.748107648E-01 +4.640647163E-01 +3.279743658E-01 +3.704414447E-01
6.94642857143E+09 +1.043170234E-02 -1.239154460E-03 +2.204001393E-03 +5.824243372E-01 +3.802917451E-01 +2.243829510E-01
6.95714285714E+09 +3.780086847E-03 -1.017284624E-02 +2.978798573E-01 +5.128864140E-01 +3.772716470E-01 +2.662530160E-02
6.96785714286E+09 -7.872599430E-03 -7.904102414E-03 +4.996729358E-01 +2.700861739E-01 +3.210581994E-01 -1.729806882E-01
6.97857142857E+09 -1.044376129E-02 +4.415621922E-03 +5.103694485E-01 -6.170771176E-02 +1.968026661E-01 -3.278590824E-01
6.98928571429E+09 +5.247783350E-04 +1.120205620E-02 +3.040841902E-01 -3.381025107E-01 +2.726924400E-02 -3.975952595E-01
7.00000000000E+09 +1.025001796E-02 +3.215630809E-03 -3.300617018E-02 -4.261944452E-01 -1.613230443E-01 -3.724622145E-01
7.01071428571E+09 +6.228659354E-03 -7.856535102E-03 -3.464025036E-01 -2.903016249E-01 -3.049361541E-01 -2.636079644E-01
7.02142857143E+09 -4.448119074E-03 -7.967020833E-03 -5.072794022E-01 -3.568202140E-03 -3.842249839E-01 -5.012753482E-02
7.03214285714E+09 -8.574029745E-03 +8.752106751E-04 -4.656495972E-01 +3.111200700E-01 -4.059149566E-01 +1.625656519E-01
7.04285714286E+09 -2.842005776E-03 +7.804805889E-03 -2.459833771E-01 +5.345868522E-01 -3.504003537E-01 +3.560194267E-01
7.05357142857E+09 +5.583987406E-03 +6.028759348E-03 +6.924453752E-02 +5.796235812E-01 -2.514407848E-01 +5.074441912E-01
7.06428571429E+09 +7.881011496E-03 -2.271809455E-03 +3.555300893E-01 +4.166040358E-01 -1.033697039E-01 +5.521894547E-01
7.07500000000E+09 +1.524846626E-03 -8.107403483E-03 +4.845062240E-01 +1.011500325E-01 +6.935797993E-02 +5.556826455E-01
7.08571428571E+09 -6.484408000E-03 -4.963031043E-03 +3.896637469E-01 -2.325303272E-01 +2.298117828E-01 +4.661432265E-01
7.09642857143E+09 -7.315280960E-03 +3.578804709E-03 +1.117446390E-01 -4.367845444E-01 +3.560704858E-01 +3.200309168E-01
7.10714285714E+09 -1.859696021E-04 +8.093125718E-03 -2.242722746E-01 -4.309119417E-01 +4.309239325E-01 +1.195482666E-01
7.11785714286E+09 +7.226142788E-03 +3.762997415E-03 -4.802216048E-01 -2.304035894E-01 +4.625454560E-01 -7.627306497E-02
7.12857142857E+09 +6.464236666E-03 -5.045343602E-03 -5.601333802E-01 +7.778626198E-02 +4.049834968E-01 -2.660154858E-01
7.13928571429E+09 -2.324221483E-03 -8.106740917E-03 -4.333198808E-01 +3.701624439E-01 +2.731781553E-01 -3.714872800E-01
7.15000000000E+09 -8.771492956E-03 -6.980233169E-04 -1.461108929E-01 +5.234308689E-01 +6.204374750E-02 -3.995140913E-01
7.16071428571E+09 -3.715350349E-03 +8.181889366E-03 +1.824914121E-01 +4.623608844E-01 -1.376796818E-01 -3.050868390E-01
7.17142857143E+09 +6.276903106E-03 +6.233700937E-03 +4.056035788E-01 +2.067527628E-01 -3.418260060E-01 -1.488039109E-01
7.18214285714E+09 +7.869954003E-03 -3.403979193E-03 +4.252628130E-01 -1.306537614E-01 -4.280574966E-01 +4.291701170E-02
7.19285714286E+09 +3.181953930E-05 -8.223881130E-03 +2.421257515E-01 -4.055186589E-01 -4.239453567E-01 +2.303512597E-01
7.20357142857E+09 -7.053017304E-03 -3.503650886E-03 -5.923424892E-02 -5.136112801E-01 -3.563870022E-01 +3.884167368E-01
7.21428571429E+09 -6.216932852E-03 +4.406956740E-03 -3.577363389E-01 -4.219708150E-01 -1.991104494E-01 +4.703956788E-01
7.22500000000E+09 +9.918391781E-04 +7.392639243E-03 -5.374585099E-01 -1.683575601E-01 -1.177962913E-02 +4.876279060E-01
7.23571428571E+09 +7.096478594E-03 +2.370621743E-03 -5.197953125E-01 +1.475801675E-01 +1.828127390E-01 +4.682303664E-01
7.24642857143E+09 +5.341659591E-03 -5.261569641E-03 -3.003012739E-01 +3.882883866E-01 +3.490276562E-01 +3.603664761E-01
7.25714285714E+09 -2.749046269E-03 -7.102371055E-03 +2.883680453E-02 +4.364023661E-01 +4.814752715E-01 +2.524744456E-01
7.26785714286E+09 -7.770894427E-03 -3.962801089E-04 +3.152188038E-01 +2.678766861E-01 +5.406745859E-01 +9.210920985E-02
7.27857142857E+09 -3.459338277E-03 +7.168020019E-03 +4.352845673E-01 -3.290305755E-02 +5.235664029E-01 -6.005752244E-02
7.28928571429E+09 +5.371384258E-03 +6.140095765E-03 +3.550556641E-01 -3.329858127E-01 +4.317345503E-01 -2.040481318E-01
7.30000000000E+09 +8.292402203E-03 -2.726648281E-03 +1.230787645E-01 -5.197359332E-01 +2.214779725E-01 -3.017070115E-01
7.31071428571E+09 +6.391189458E-04 -9.335144816E-03 -1.668261907E-01 -5.321843196E-01 +1.126605539E-03 -3.231339356E-01
7.32142857143E+09 -8.953552545E-03 -4.322212865E-03 -4.059371972E-01 -3.680006248E-01 -2.024492506E-01 -2.731018834E-01
7.33214285714E+09 -7.466279087E-03 +7.022242336E-03 -4.973570719E-01 -8.605749750E-02 -3.441419460E-01 -1.312223259E-01
7.34285714286E+09 +3.862404446E-03 +9.440410544E-03 -3.933021103E-01 +2.007636688E-01 -3.919388921E-01 +5.000780531E-02
7.35357142857E+09 +9.898683473E-03 -2.868012550E-04 -1.298129824E-01 +3.654956667E-01 -3.299562892E-01 +2.409475049E-01
7.36428571429E+09 +3.240009855E-03 -8.755665161E-03 +1.779988627E-01 +3.342608456E-01 -1.947249203E-01 +3.832465620E-01
7.37500000000E+09 -6.239624369E-03 -5.959285689E-03 +3.978010404E-01 +1.290288149E-01 -1.327995163E-02 +4.601936024E-01
7.38571428571E+09 -7.501558766E-03 +2.994934669E-03 +4.481980903E-01 -1.545249790E-01 +1.653701798E-01 +4.945074874E-01
7.39642857143E+09 -3.902222373E-04 +7.696405818E-03 +3.242358784E-01 -4.009473740E-01 +3.290035048E-01 +4.749099722E-01
7.40714285714E+09 +6.813409825E-03 +3.633507310E-03 +8.371697044E-02 -5.200423143E-01 +4.429355082E-01 +3.958400368E-01
7.41785714286E+09 +6.451523961E-03 -4.722414802E-03 -1.786008033E-01 -4.703115843E-01 +5.077499402E-01 +2.697848917E-01
7.42857142857E+09 -1.722847710E-03 -8.366444000E-03 -3.610431655E-01 -2.709929371E-01 +5.186552218E-01 +1.025561152E-01
7.43928571429E+09 -8.961159780E-03 -2.001407562E-03 -3.906040552E-01 +2.151462268E-03 +4.656095433E-01 -7.035637474E-02
7.45000000000E+09 -5.812324099E-03 +7.930093864E-03 -2.536165854E-01 +2.429786126E-01 +3.730335099E-01 -2.281709274E-01
7.46071428571E+09 +5.499876248E-03 +8.884801065E-03 -3.899784407E-03 +3.589039757E-01 +2.223954663E-01 -3.469851198E-01
7.47142857143E+09 +1.079360394E-02 -1.964041003E-03 +2.608055436E-01 +3.093028338E-01 +5.003800427E-02 -3.686720766E-01
7.48214285714E+09 +1.929422535E-03 -1.103084511E-02 +4.408909460E-01 +1.192696728E-01 -1.182025410E-01 -3.191309749E-01
7.49285714286E+09 -9.702134612E-03 -5.377385127E-03 +4.704154569E-01 -1.347426645E-01 -2.438969113E-01 -1.726225668E-01
7.50357142857E+09 -7.866589191E-03 +7.303243996E-03 +3.394788895E-01 -3.523891492E-01 -2.981398962E-01 +4.970117676E-02
7.51428571429E+09 +4.228442514E-03 +9.306188509E-03 +9.937790883E-02 -4.446657409E-01 -2.655312642E-01 +2.651497208E-01
7.52500000000E+09 +9.560062979E-03 -7.641724888E-04 -1.532092568E-01 -3.705715115E-01 -1.629683653E-01 +4.111518919E-01
7.53571428571E+09 +2.491158480E-03 -8.503318605E-03 -3.152486169E-01 -1.563800768E-01 -7.431626362E-03 +5.020013281E-01
7.54642857143E+09 -6.369274767E-03 -5.105148387E-03 -3.213210177E-01 +1.139536696E-01 +1.539842854E-01 +5.206585581E-01
7.55714285714E+09 -6.858763678E-03 +3.403255338E-03 -1.714497642E-01 +3.360564421E-01 +3.086453449E-01 +4.491784016E-01
7.56785714286E+09 +1.977270424E-05 +7.437817993E-03 +7.439598642E-02 +4.287830893E-01 +4.217069598E-01 +3.139269970E-01
7.57857142857E+09 +6.456031259E-03 +3.385927923E-03 +3.232657686E-01 +3.609611539E-01 +5.128114081E-01 +1.411292746E-01
7.58928571429E+09 +5.944858663E-03 -4.067540698E-03 +4.806406407E-01 +1.579199255E-01 +5.616294168E-01 -1.840181931E-02
7.60000000000E+09 -8.949195092E-04 -7.083252889E-03 +4.811950060E-01 -1.039291971E-01 +5.495634443E-01 -1.677719690E-01
7.61071428571E+09 -7.011193882E-03 -2.126602286E-03 +3.147323364E-01 -3.188441882E-01 +4.528400725E-01 -3.182066321E-01
7.62142857143E+09 -4.802775761E-03 +5.744879079E-03 +4.147153557E-02 -3.906005198E-01 +3.091923942E-01 -3.949475126E-01
7.63214285714E+09 +3.690400938E-03 +6.631469777E-03 -2.263058543E-01 -2.812892428E-01 +1.018838894E-01 -4.032710861E-01
7.64285714286E+09 +7.514450916E-03 -1.181725838E-03 -3.776073292E-01 -3.432901138E-02 -1.150203422E-01 -3.261332895E-01
7.65357142857E+09 +1.362048263E-03 -7.371569897E-03 -3.559025254E-01 +2.492806004E-01 -2.920135466E-01 -1.521507897E-01
7.66428571429E+09 -6.355474941E-03 -3.650642566E-03 -1.769205350E-01 +4.605058922E-01 -3.861841963E-01 +5.387687693E-02
7.67500000000E+09 -5.449298461E-03 +4.414792841E-03 +8.769285647E-02 +5.234995979E-01 -3.380004930E-01 +2.440340572E-01
7.68571428571E+09 +1.765951959E-03 +6.370117637E-03 +3.383953406E-01 +4.132681213E-01 -1.794657961E-01 +3.676349733E-01
7.69642857143E+09 +6.051679847E-03 +9.600150282E-04 +4.739903315E-01 +1.651078317E-01 +3.286208349E-02 +4.402198399E-01
7.70714285714E+09 +3.270414701E-03 -4.582623476E-03 +4.283730593E-01 -1.269343401E-01 +2.760852603E-01 +4.192248961E-01
7.71785714286E+09 -2.486236060E-03 -4.452535941E-03 +2.069274378E-01 -3.392027349E-01 +4.462714680E-01 +3.420654157E-01
7.72857142857E+09 -4.605642837E-03 +1.417002794E-04 -1.018526793E-01 -3.772122929E-01 +5.727275432E-01 +2.166199625E-01
7.73928571429E+09 -1.968543422E-03 +3.796427667E-03 -3.703719437E-01 -2.273561598E-01 +6.896173375E-01 +7.331165634E-02
7.75000000000E+09 +2.098303088E-03 +3.312285252E-03 -4.967773159E-01 +4.302978132E-02 +6.670842182E-01 -3.027641564E-02
7.76071428571E+09 +3.837830506E-03 -1.772034394E-04 -4.427442878E-01 +3.273513412E-01 +6.133496432E-01 -1.538606940E-01
7.77142857143E+09 +1.582609963E-03 -3.583021590E-03 -2.344231213E-01 +5.218832645E-01 +4.440844639E-01 -2.908744435E-01
7.78214285714E+09 -2.700650522E-03 -3.311106904E-03 +5.222902066E-02 +5.539523110E-01 +2.224992459E-01 -3.910450983E-01
7.79285714286E+09 -4.602688089E-03 +1.333716886E-03 +3.095975553E-01 +4.026837760E-01 +4.648300392E-02 -4.370245248E-01
7.80357142857E+09 -6.757984746E-04 +5.202452147E-03 +4.290317021E-01 +1.148932926E-01 -1.707980232E-01 -4.002580620E-01
7.81428571429E+09 +4.904750991E-03 +2.666345208E-03 +3.488307624E-01 -1.958262292E-01 -3.125458088E-01 -2.609438115E-01
7.82500000000E+09 +4.387823409E-03 -3.756282751E-03 +9.706711429E-02 -3.967918295E-01 -3.506872742E-01 -7.274938084E-02
7.83571428571E+09 -1.948472913E-03 -5.158787981E-03 -2.179885435E-01 -4.064328929E-01 -2.451300799E-01 +1.646024750E-01
7.84642857143E+09 -5.057554811E-03 -3.215921833E-04 -4.669247804E-01 -2.313287073E-01 -3.626910713E-02 +3.569165584E-01
7.85714285714E+09 -2.173269194E-03 +3.959804636E-03 -5.571117158E-01 +4.983352953E-02 +1.877179282E-01 +4.668132024E-01
7.86785714286E+09 +2.256196021E-03 +3.284106499E-03 -4.587906861E-01 +3.257605726E-01 +3.910608587E-01 +5.074167922E-01
7.87857142857E+09 +3.655324818E-03 -4.428763941E-04 -2.082015484E-01 +4.879098395E-01 +5.472094315E-01 +4.707482884E-01
7.88928571429E+09 +1.004052141E-03 -3.304401362E-03 +1.007818733E-01 +4.648305722E-01 +5.908786253E-01 +2.679066027E-01
7.90000000000E+09 -2.432592705E-03 -2.346294997E-03 +3.423885822E-01 +2.531128349E-01 +6.119055371E-01 +8.545984612E-02
7.91071428571E+09 -3.235870897E-03 +1.118820867E-03 +4.103644404E-01 -6.623891867E-02 +5.712238774E-01 -7.749374260E-02
7.92142857143E+09 -5.174011505E-04 +3.466082363E-03 +2.768918976E-01 -3.602564578E-01 +4.622793727E-01 -2.656387395E-01
7.93214285714E+09 +2.979853528E-03 +2.226322694E-03 +4.242941437E-03 -5.128055922E-01 +3.280413410E-01 -4.581605126E-01
7.94285714286E+09 +3.668317572E-03 -1.705696912E-03 -2.934190121E-01 -4.760839777E-01 +2.140682812E-01 -5.514910089E-01
7.95357142857E+09 +2.802080884E-04 -4.523587715E-03 -5.048957433E-01 -2.756526119E-01 +3.309578509E-02 -5.471282047E-01
7.96428571429E+09 -4.254549948E-03 -2.312429262E-03 -5.549112540E-01 +1.025090017E-02 -8.213977228E-02 -4.101670856E-01
7.97500000000E+09 -4.188795940E-03 +3.331093049E-03 -4.213076379E-01 +2.759865761E-01 -2.251675249E-01 -2.115101391E-01
7.98571428571E+09 +1.759948416E-03 +5.308087208E-03 -1.455644557E-01 +4.152105201E-01 -2.475141365E-01 +5.550287979E-02
7.99642857143E+09 +5.635016119E-03 +1.352923267E-04 +1.687710540E-01 +3.603362052E-01 -1.443597809E-01 +3.145238315E-01
8.00714285714E+09 +1.716491959E-03 -5.143799674E-03 +3.889968268E-01 +1.251357955E-01 -8.808481391E-03 +4.440665427E-01
8.01785714286E+09 -3.885512094E-03 -3.140887772E-03 +4.217393358E-01 -1.897828787E-01 +1.582797408E-01 +4.857939894E-01
8.02857142857E+09 -3.990275510E-03 +2.261620628E-03 +2.625692465E-01 -4.495844174E-01 +3.088106536E-01 +4.088984875E-01
8.03928571429E+09 +4.491545354E-04 +4.280248169E-03 -1.014505835E-02 -5.539266451E-01 +4.435526710E-01 +2.284730610E-01
8.05000000000E+09 +3.905513595E-03 +1.542157204E-03 -2.826211400E-01 -4.726021923E-01 +5.280768574E-01 +2.115137521E-02
8.06071428571E+09 +3.295568635E-03 -2.806551255E-03 -4.502818801E-01 -2.426035195E-01 +5.778627835E-01 -1.443301709E-01
8.07142857143E+09 -8.487628853E-04 -4.457697645E-03 -4.462025390E-01 +4.881817794E-02 +5.360467060E-01 -2.971317003E-01
8.08214285714E+09 -4.618615723E-03 -1.369078614E-03 -2.631070356E-01 +2.876750293E-01 +4.760717469E-01 -4.123731116E-01
8.09285714286E+09 -3.509138376E-03 +3.839244084E-03 +3.323660559E-02 +3.705030310E-01 +3.545179996E-01 -4.851846534E-01
8.10357142857E+09 +2.225633376E-03 +5.188219197E-03 +3.186055001E-01 +2.569571447E-01 +1.979645315E-01 -4.936699501E-01
8.11428571429E+09 +5.974929441E-03 +4.484404754E-06 +4.710149545E-01 +2.224944569E-04 +2.097178551E-02 -4.356272798E-01
8.12500000000E+09 +2.226904399E-03 -5.846170648E-03 +4.364274469E-01 -2.833474759E-01 -1.573178680E-01 -3.056966892E-01
8.13571428571E+09 -4.911001010E-03 -4.100448033E-03 +2.452643940E-01 -4.796572021E-01 -2.902267233E-01 -1.249117730E-01
8.14642857143E+09 -5.630975302E-03 +3.563549480E-03 -1.899710382E-02 -5.230405414E-01 -3.362861074E-01 +4.533085926E-02
8.15714285714E+09 +1.703833444E-03 +6.685480809E-03 -2.596205204E-01 -4.059154109E-01 -2.313066878E-01 +1.842146498E-01
8.16785714286E+09 +6.912423704E-03 +5.947696706E-04 -3.941682823E-01 -1.693715650E-01 -5.521328958E-02 +2.717788959E-01
8.17857142857E+09 +2.906686469E-03 -6.188821531E-03 -3.732951095E-01 +1.078748644E-01 +1.561238884E-01 +2.778508963E-01
8.18928571429E+09 -4.616772859E-03 -4.791543491E-03 -1.964301657E-01 +3.283441247E-01 +3.579667788E-01 +2.032505434E-01
8.20000000000E+09 -5.917134449E-03 +2.415921727E-03 +7.611209848E-02 +4.053358354E-01 +5.026840351E-01 +1.233201954E-01
8.21071428571E+09 -6.288431425E-05 +6.057005747E-03 +3.371889234E-01 +3.048779079E-01 +5.733848157E-01 +3.794536144E-03
8.22142857143E+09 +5.182767099E-03 +2.303222369E-03 +4.776610316E-01 +6.984321445E-02 +5.702998856E-01 -1.120140558E-01
8.23214285714E+09 +4.054928170E-03 -3.493795656E-03 +4.419348744E-01 -1.963901077E-01 +4.919142328E-01 -2.569924973E-01
8.24285714286E+09 -1.463618195E-03 -4.907870220E-03 +2.522498105E-01 -3.835474369E-01 +3.648923736E-01 -3.986691569E-01
8.25357142857E+09 -4.858783555E-03 -6.732411545E-04 -1.214330554E-02 -4.225797583E-01 +2.506124217E-01 -4.688055883E-01
8.26428571429E+09 -2.656229060E-03 +4.207731095E-03 -2.540167032E-01 -3.023472276E-01 +9.270831699E-02 -5.408510793E-01
8.27500000000E+09 +2.976342431E-03 +4.377057977E-03 -3.891945726E-01 -6.436954535E-02 -5.659634266E-02 -5.763726515E-01
8.28571428571E+09 +5.557158666E-03 -1.080446692E-03 -3.671971090E-01 +2.120095042E-01 -1.888428387E-01 -4.922825730E-01
8.29642857143E+09 +1.103587540E-03 -6.209337936E-03 -1.876306195E-01 +4.276861304E-01 -2.578686563E-01 -3.963446919E-01
8.30714285714E+09 -5.712074606E-03 -3.329364621E-03 +8.846569188E-02 +4.928546638E-01 -2.435084458E-01 -1.655199579E-01
8.31785714286E+09 -4.927446218E-03 +4.436887575E-03 +3.484677054E-01 +3.713204870E-01 -1.802314158E-01 +8.183027725E-02
8.32857142857E+09 +2.591891638E-03 +5.654518707E-03 +4.767856855E-01 +1.112876490E-01 -2.553873907E-02 +2.540019683E-01
8.33928571429E+09 +5.470827787E-03 -6.502798489E-04 +4.190279895E-01 -1.745297682E-01 +1.549934724E-01 +3.388605057E-01
8.35000000000E+09 +1.067081827E-03 -4.577134392E-03 +2.049526157E-01 -3.719191566E-01 +3.247429042E-01 +2.920012405E-01
8.36071428571E+09 -3.272752770E-03 -2.343244252E-03 -8.130902928E-02 -4.140318316E-01 +4.179859735E-01 +1.614759616E-01
8.37142857143E+09 -3.050448453E-03 +1.800230253E-03 -3.415169967E-01 -2.921445638E-01 +4.337928352E-01 -3.237532192E-02
8.38214285714E+09 +2.305196047E-04 +3.177271538E-03 -4.897452369E-01 -4.678179489E-02 +4.757143493E-01 -2.740310730E-01
8.39285714286E+09 +2.878294895E-03 +1.095799645E-03 -4.692920535E-01 +2.421184515E-01 +4.546849810E-01 -4.718921776E-01
8.40357142857E+09 +2.416076390E-03 -1.913781716E-03 -2.733185718E-01 +4.650194580E-01 +4.778791623E-01 -6.122120286E-01
8.41428571429E+09 -6.128634138E-04 -3.059707706E-03 +2.983676476E-02 +5.164352968E-01 +3.749916714E-01 -6.423093994E-01
8.42500000000E+09 -3.038572893E-03 -7.577795517E-04 +3.049116277E-01 +3.574628443E-01 +2.168344333E-01 -6.596864570E-01
8.43571428571E+09 -2.097364402E-03 +2.239185535E-03 +4.213306570E-01 +5.718152788E-02 +9.078292932E-02 -5.795797594E-01
8.44642857143E+09 +1.100369663E-03 +2.841048339E-03 +3.344719591E-01 -2.488500729E-01 -9.535044775E-02 -4.897653269E-01
8.45714285714E+09 +3.030763610E-03 +3.961453294E-04 +9.511596099E-02 -4.432129011E-01 -2.063573355E-01 -2.182997840E-01
8.46785714286E+09 +1.669956135E-03 -2.496573381E-03 -2.008208198E-01 -4.700291647E-01 -3.167422348E-01 +3.623959632E-02
8.47857142857E+09 -1.574084240E-03 -2.450044797E-03 -4.553866936E-01 -3.309667393E-01 -3.703661595E-01 +2.609993839E-01
8.48928571429E+09 -2.659355631E-03 +6.298999011E-04 -5.842644391E-01 -7.075133163E-02 -2.812172498E-01 +3.822066476E-01
8.50000000000E+09 -2.212002176E-05 +2.632613856E-03 -5.304714082E-01 +2.240934202E-01 -2.836756557E-02 +2.784003666E-01

[Channel0\Trace0\Marker0]
Enabled=1
Position=0.266666666666667

[Channel0\Trace1]
ReferencePosition[0]=1

[Channel0\Trace1\Marker0]
Enabled=1
Position=0.266666666666667

[Channel0\Trace2]
SPort=0
FormatType=2

[Channel0\Trace2\Marker0]
Enabled=1
Position=0.266666666666667

[Channel0\Trace3]
SPort=0
FormatType=2

[Channel0\Trace3\Marker0]
Enabled=1
Position=0.266666666666667

