[NWA State]
TriggerSource=3

[Channel0]
Points=501
FrequencyStart=2000000000
FrequencyStop=7000000000
FixedPower[0]=2
FixedPower[1]=2
IFBW=1000
CorrectionEnabled=1
TraceCount=4

[Channel0\Correction\11]
Calyyyymmdd=2021/09/24
Calhhmmss=10:38:44
VNATemperature=87.5 °F
Type=3
KitLabel=ACM2509.2
KitDescription=AutoCal Module 20 kHz-9 GHz (CMT), SN: 19039185, Char: Factory, 73.22°F, ThermoComp: ON
CalIFBW=1 kHz
CalPower=2 dBm
CalPorts[0]=0
CalPorts[1]=0

[Channel0\Correction\11\Data]
2.00000000000E+09 +1.279610626E-01 -1.138635018E-02 -7.062347009E-02 -1.205735230E-01 +1.805520540E-02 -6.016495843E-02
2.01000000000E+09 +3.919145003E-02 -1.215034207E-01 -9.024237447E-02 -1.130701344E-01 -1.442980779E-02 -5.718650472E-02
2.02000000000E+09 -9.624084653E-02 -8.329851421E-02 -1.036116507E-01 -1.009488999E-01 -3.381268817E-02 -2.505576719E-02
2.03000000000E+09 -1.138129604E-01 +5.610179321E-02 -1.122715544E-01 -8.791505717E-02 -2.172899436E-02 +1.064941939E-02
2.04000000000E+09 +7.543694632E-03 +1.265695803E-01 -1.185646857E-01 -7.383633608E-02 +9.147558751E-03 +2.151202899E-02
2.05000000000E+09 +1.195212829E-01 +4.234024743E-02 -1.219490570E-01 -5.681221652E-02 +3.165656013E-02 +6.259737211E-03
2.06000000000E+09 +8.539193971E-02 -9.373529598E-02 -1.192337179E-01 -3.731829971E-02 +3.474365260E-02 -1.376948546E-02
2.07000000000E+09 -5.355642836E-02 -1.152099337E-01 -1.088423240E-01 -1.933816915E-02 +2.933974801E-02 -2.137775492E-02
2.08000000000E+09 -1.271787227E-01 +5.057387578E-03 -9.325819808E-02 -6.818933325E-03 +2.789514855E-02 -2.416272106E-02
2.09000000000E+09 -4.419251568E-02 +1.196159775E-01 -7.679563931E-02 +1.085867578E-04 +2.648699989E-02 -3.326905172E-02
2.10000000000E+09 +9.371061683E-02 +8.679160303E-02 -6.090080766E-02 +4.609455201E-03 +1.328695542E-02 -4.504376277E-02
2.11000000000E+09 +1.162074580E-01 -5.351865436E-02 -4.282817432E-02 +8.289742112E-03 -9.631221855E-03 -4.138692385E-02
2.12000000000E+09 -5.306987596E-03 -1.279250113E-01 -1.966763264E-02 +7.862369003E-03 -2.220882165E-02 -1.713758670E-02
2.13000000000E+09 -1.202153339E-01 -4.334286998E-02 +6.644116052E-03 -2.585929410E-03 -8.636627970E-03 +8.306224275E-03
2.14000000000E+09 -8.511996088E-02 +9.443815827E-02 +2.888224435E-02 -2.582275697E-02 +2.050781643E-02 +1.073690402E-02
2.15000000000E+09 +5.453984226E-02 +1.136113517E-01 +3.946354505E-02 -5.833455929E-02 +3.638805961E-02 -1.170309889E-02
2.16000000000E+09 +1.246045584E-01 -6.867127432E-03 +3.534253003E-02 -9.289427719E-02 +2.586695705E-02 -3.511108693E-02
2.17000000000E+09 +4.142519231E-02 -1.164675139E-01 +1.805627145E-02 -1.233229243E-01 +1.850237912E-03 -3.748112501E-02
2.18000000000E+09 -9.053313805E-02 -8.248134751E-02 -9.784459633E-03 -1.462853452E-01 -1.251077940E-02 -1.860432499E-02
2.19000000000E+09 -1.105333829E-01 +5.110983153E-02 -4.643932955E-02 -1.588396106E-01 -7.440845194E-03 +1.763372221E-03
2.20000000000E+09 +3.921771410E-03 +1.213706746E-01 -8.908068422E-02 -1.566478109E-01 +8.865286943E-03 +1.000407476E-02
2.21000000000E+09 +1.130401337E-01 +4.361360361E-02 -1.311050850E-01 -1.357797649E-01 +2.561352381E-02 +6.292193047E-03
2.22000000000E+09 +8.392897471E-02 -8.732656666E-02 -1.626145928E-01 -9.683053358E-02 +3.946855499E-02 -2.400816866E-03
2.23000000000E+09 -4.839654218E-02 -1.113570308E-01 -1.752548025E-01 -4.691445586E-02 +4.935755261E-02 -1.664537063E-02
2.24000000000E+09 -1.215661052E-01 +1.940544441E-03 -1.665659489E-01 +3.164778832E-03 +5.046225164E-02 -3.898483536E-02
2.25000000000E+09 -4.450014617E-02 +1.131468481E-01 -1.404522348E-01 +4.423512157E-02 +3.396279543E-02 -6.404879271E-02
2.26000000000E+09 +8.770589545E-02 +8.430836768E-02 -1.033990621E-01 +7.174220318E-02 -5.968666290E-04 -7.719425633E-02
2.27000000000E+09 +1.112427999E-01 -4.875728774E-02 -6.095991175E-02 +8.420438884E-02 -3.796993203E-02 -6.322927158E-02
2.28000000000E+09 -2.766250168E-03 -1.210421258E-01 -1.789891289E-02 +8.094685153E-02 -5.845113470E-02 -2.474428074E-02
2.29000000000E+09 -1.125809344E-01 -4.331461724E-02 +2.005638840E-02 +6.192574744E-02 -4.976413883E-02 +2.032138589E-02
2.30000000000E+09 -8.247473034E-02 +8.720103747E-02 +4.640343513E-02 +3.019830064E-02 -1.478249568E-02 +5.050125328E-02
2.31000000000E+09 +4.880041511E-02 +1.089565881E-01 +5.710702648E-02 -7.610836121E-03 +3.194226850E-02 +5.181032482E-02
2.32000000000E+09 +1.185535372E-01 -3.277386375E-03 +5.290287029E-02 -4.428498034E-02 +7.098235564E-02 +2.410340283E-02
2.33000000000E+09 +4.223793668E-02 -1.100768902E-01 +3.750089241E-02 -7.576030938E-02 +8.560212337E-02 -2.170772457E-02
2.34000000000E+09 -8.490825005E-02 -8.092448933E-02 +1.374190980E-02 -1.012344556E-01 +6.831311876E-02 -6.772162245E-02
2.35000000000E+09 -1.069725510E-01 +4.700600326E-02 -1.807829503E-02 -1.198209154E-01 +2.758083876E-02 -9.539411678E-02
2.36000000000E+09 +2.096833842E-03 +1.164641972E-01 -5.750610941E-02 -1.278331227E-01 -2.043144411E-02 -9.283328301E-02
2.37000000000E+09 +1.078485219E-01 +4.260981157E-02 -1.001823441E-01 -1.205313058E-01 -5.540958572E-02 -6.352925092E-02
2.38000000000E+09 +8.033006566E-02 -8.303951504E-02 -1.379003038E-01 -9.681680217E-02 -6.661245307E-02 -1.891618105E-02
2.39000000000E+09 -4.559922695E-02 -1.055626013E-01 -1.631221323E-01 -6.159921409E-02 -5.302551604E-02 +2.460001063E-02
2.40000000000E+09 -1.141204732E-01 +1.243297146E-03 -1.734682974E-01 -2.348671290E-02 -1.652775242E-02 +5.110157605E-02
2.41000000000E+09 -4.237289466E-02 +1.051920764E-01 -1.720088240E-01 +1.280744953E-02 +3.085445346E-02 +4.884204288E-02
2.42000000000E+09 +8.012790829E-02 +7.928806604E-02 -1.620798581E-01 +4.497835659E-02 +6.788330700E-02 +1.392998976E-02
2.43000000000E+09 +1.035033089E-01 -4.275517150E-02 -1.445741213E-01 +7.286309135E-02 +7.236748707E-02 -3.808481733E-02
2.44000000000E+09 +9.240285925E-04 -1.115584467E-01 -1.190288423E-01 +9.436429826E-02 +3.739573345E-02 -7.734897694E-02
2.45000000000E+09 -1.024746283E-01 -4.428022359E-02 -8.721329234E-02 +1.054359593E-01 -1.589949067E-02 -7.742178537E-02
2.46000000000E+09 -8.075016899E-02 +7.752888427E-02 -5.428532384E-02 +1.035528104E-01 -5.222212152E-02 -3.958140164E-02
2.47000000000E+09 +4.087646534E-02 +1.047514373E-01 -2.591557781E-02 +9.024378999E-02 -4.811190905E-02 +8.418726750E-03
2.48000000000E+09 +1.129281161E-01 +2.066742866E-03 -4.747914414E-03 +6.979485942E-02 -1.193434902E-02 +3.582633169E-02
2.49000000000E+09 +4.473366460E-02 -1.039465428E-01 +1.021061671E-02 +4.519603454E-02 +2.606952131E-02 +3.047521373E-02
2.50000000000E+09 -7.950011236E-02 -8.061988239E-02 +1.988741608E-02 +1.599768211E-02 +4.724446385E-02 +6.008187971E-03
2.51000000000E+09 -1.043809552E-01 +4.333508333E-02 +2.188033270E-02 -1.915764302E-02 +5.129154801E-02 -2.118167734E-02
2.52000000000E+09 +1.211700291E-03 +1.123313884E-01 +1.135315182E-02 -5.824105555E-02 +4.327788430E-02 -4.568224710E-02
2.53000000000E+09 +1.037173826E-01 +4.047101783E-02 -1.460336818E-02 -9.506628965E-02 +2.103453476E-02 -6.578221441E-02
2.54000000000E+09 +7.542596956E-02 -7.984435632E-02 -5.418674109E-02 -1.224331475E-01 -1.562840576E-02 -6.851641600E-02
2.55000000000E+09 -4.468875443E-02 -9.811836567E-02 -1.024757975E-01 -1.358677475E-01 -5.035212179E-02 -4.047395213E-02
2.56000000000E+09 -1.055170083E-01 +3.937136607E-03 -1.545150035E-01 -1.333671922E-01 -5.263429675E-02 +8.283366379E-03
2.57000000000E+09 -3.641514853E-02 +9.656859948E-02 -2.056035444E-01 -1.134960325E-01 -1.238744973E-02 +4.426003352E-02
2.58000000000E+09 +7.245342406E-02 +6.979357754E-02 -2.494223804E-01 -7.525119144E-02 +4.269301468E-02 +3.703684700E-02
2.59000000000E+09 +9.102622381E-02 -3.761325093E-02 -2.776102519E-01 -2.067149949E-02 +7.239820906E-02 -8.766263216E-03
2.60000000000E+09 +2.814934709E-03 -9.736104536E-02 -2.826055241E-01 +4.326480255E-02 +5.692346823E-02 -5.653965007E-02
2.61000000000E+09 -8.736239415E-02 -4.252050411E-02 -2.610715361E-01 +1.058664173E-01 +1.619652006E-02 -7.704400328E-02
2.62000000000E+09 -7.495166117E-02 +6.326174645E-02 -2.153635920E-01 +1.559674599E-01 -1.822181613E-02 -6.598883586E-02
2.63000000000E+09 +2.870518773E-02 +9.590586150E-02 -1.521332518E-01 +1.851773855E-01 -3.272274978E-02 -4.612044813E-02
2.64000000000E+09 +1.017576519E-01 +1.125027547E-02 -7.982385524E-02 +1.884893086E-01 -3.688920848E-02 -3.106487110E-02
2.65000000000E+09 +4.987238027E-02 -9.185771391E-02 -7.592116157E-03 +1.631191608E-01 -4.171169855E-02 -1.574393590E-02
2.66000000000E+09 -6.817472162E-02 -8.136600752E-02 +5.334815481E-02 +1.085392649E-01 -3.926934613E-02 +1.156725823E-02
2.67000000000E+09 -1.009355950E-01 +3.449942578E-02 +8.954639725E-02 +2.931137456E-02 -1.455224177E-02 +3.619673935E-02
2.68000000000E+09 -3.990825976E-03 +1.055732265E-01 +8.960853705E-02 -6.126867768E-02 +2.626910434E-02 +3.396774139E-02
2.69000000000E+09 +9.460122082E-02 +4.124303308E-02 +5.169925567E-02 -1.438118416E-01 +5.224222620E-02 -3.453691106E-04
2.70000000000E+09 +7.133918447E-02 -6.987573256E-02 -1.434087982E-02 -2.020900780E-01 +4.208515741E-02 -4.064774139E-02
2.71000000000E+09 -3.567469198E-02 -8.958772395E-02 -9.342290714E-02 -2.290945429E-01 +1.082846241E-02 -5.566512739E-02
2.72000000000E+09 -9.363845053E-02 -2.796724458E-03 -1.725226924E-01 -2.260297203E-01 -1.341994189E-02 -4.449760274E-02
2.73000000000E+09 -3.987928393E-02 +8.226902709E-02 -2.431105503E-01 -1.971407722E-01 -1.708459712E-02 -2.777202258E-02
2.74000000000E+09 +5.765159470E-02 +6.908106103E-02 -2.989756157E-01 -1.463397624E-01 -1.331634955E-02 -2.252559379E-02
2.75000000000E+09 +8.669133240E-02 -2.390267183E-02 -3.336193972E-01 -7.818673694E-02 -1.741025196E-02 -2.074497809E-02
2.76000000000E+09 +1.425527039E-02 -8.970959249E-02 -3.405744425E-01 -1.145209208E-04 -2.508103247E-02 -8.612109226E-03
2.77000000000E+09 -7.773558226E-02 -5.026003569E-02 -3.161428825E-01 +7.658770981E-02 -1.767254437E-02 +1.289317857E-02
2.78000000000E+09 -7.889944989E-02 +5.316342407E-02 -2.624305146E-01 +1.386771293E-01 +1.166044582E-02 +2.179020942E-02
2.79000000000E+09 +1.936039416E-02 +9.594436909E-02 -1.879974448E-01 +1.751659067E-01 +4.371738742E-02 -1.075999540E-03
2.80000000000E+09 +9.824552598E-02 +1.842311445E-02 -1.050932574E-01 +1.804516406E-01 +4.635868800E-02 -4.415979582E-02
2.81000000000E+09 +5.382671424E-02 -8.579427787E-02 -2.620309863E-02 +1.544107810E-01 +1.350196868E-02 -7.414713072E-02
2.82000000000E+09 -6.070934349E-02 -8.180606378E-02 +3.735744770E-02 +1.010228471E-01 -3.228327649E-02 -6.704348317E-02
2.83000000000E+09 -9.792330553E-02 +2.650777736E-02 +7.575229158E-02 +2.789910395E-02 -5.622483310E-02 -3.456235375E-02
2.84000000000E+09 -1.131773547E-02 +9.954045455E-02 +8.253917953E-02 -5.265735570E-02 -5.158622947E-02 +1.675709506E-04
2.85000000000E+09 +8.642757904E-02 +4.704142927E-02 +5.818923013E-02 -1.258571244E-01 -3.054227946E-02 +2.267456033E-02
2.86000000000E+09 +7.487603718E-02 -6.067028068E-02 +1.087765545E-02 -1.799747058E-01 -4.752847837E-03 +3.051718005E-02
2.87000000000E+09 -2.648743956E-02 -9.095828806E-02 -4.788377814E-02 -2.101673929E-01 +2.477804848E-02 +2.427809779E-02
2.88000000000E+09 -9.272747775E-02 -1.138947376E-02 -1.084285014E-01 -2.175495689E-01 +5.160091250E-02 -4.578041324E-05
2.89000000000E+09 -4.668405392E-02 +7.962479403E-02 -1.649815796E-01 -2.054303846E-01 +5.997569706E-02 -4.380583497E-02
2.90000000000E+09 +5.425144351E-02 +7.406360090E-02 -2.137572395E-01 -1.761885369E-01 +3.249057352E-02 -8.629233924E-02
2.91000000000E+09 +8.966951726E-02 -2.032328546E-02 -2.502062208E-01 -1.317033539E-01 -2.439129888E-02 -1.001232148E-01
2.92000000000E+09 +1.693602268E-02 -9.081503605E-02 -2.688515513E-01 -7.610261003E-02 -7.926477733E-02 -6.995789508E-02
2.93000000000E+09 -7.780692801E-02 -5.139940978E-02 -2.660613299E-01 -1.693614606E-02 -9.814131243E-02 -1.019907600E-02
2.94000000000E+09 -7.834258482E-02 +5.267389157E-02 -2.427439732E-01 +3.690529748E-02 -6.770545961E-02 +4.469225951E-02
2.95000000000E+09 +1.891318339E-02 +9.323158327E-02 -2.038814084E-01 +7.899303088E-02 -1.073653312E-02 +6.566925022E-02
2.96000000000E+09 +9.378830767E-02 +1.762044898E-02 -1.551204993E-01 +1.067584608E-01 +4.118445795E-02 +4.527641611E-02
2.97000000000E+09 +5.174065826E-02 -8.041250927E-02 -1.003224743E-01 +1.192464956E-01 +6.415752872E-02 -5.024189510E-05
2.98000000000E+09 -5.473763718E-02 -7.811608072E-02 -4.290839445E-02 +1.144471243E-01 +5.483043400E-02 -4.825864609E-02
2.99000000000E+09 -9.267414094E-02 +2.096833091E-02 +1.119714049E-02 +9.001417809E-02 +2.185133802E-02 -8.068268623E-02
3.00000000000E+09 -2.140265812E-02 +9.215531245E-02 +5.061824628E-02 +5.011889987E-02 -2.150229807E-02 -8.571485641E-02
3.01000000000E+09 +7.628998199E-02 +5.515233212E-02 +7.650735004E-02 -3.143768784E-03 -5.962905310E-02 -6.411442236E-02
3.02000000000E+09 +8.010674085E-02 -4.872071242E-02 +8.093027930E-02 -6.039918479E-02 -7.728695795E-02 -2.469973330E-02
3.03000000000E+09 -1.406758642E-02 -9.227399717E-02 +6.502312648E-02 -1.138051155E-01 -6.668219650E-02 +1.594749165E-02
3.04000000000E+09 -9.026662251E-02 -2.210073644E-02 +3.201802499E-02 -1.577979464E-01 -3.333316616E-02 +4.063512072E-02
3.05000000000E+09 -5.415360510E-02 +7.476775471E-02 -1.527671967E-02 -1.884287755E-01 +4.525311970E-03 +4.114757736E-02
3.06000000000E+09 +4.875140828E-02 +7.771772327E-02 -7.329395829E-02 -2.009424961E-01 +3.100346251E-02 +1.807762733E-02
3.07000000000E+09 +8.954152198E-02 -1.593814795E-02 -1.355151688E-01 -1.907622961E-01 +3.614353557E-02 -1.512919956E-02
3.08000000000E+09 +1.845169903E-02 -8.809219226E-02 -1.921881703E-01 -1.567786044E-01 +2.074613562E-02 -4.121576297E-02
3.09000000000E+09 -7.414489322E-02 -4.985915184E-02 -2.339233513E-01 -1.027336951E-01 -3.354243716E-03 -4.849873862E-02
3.10000000000E+09 -7.384389670E-02 +4.888883038E-02 -2.544022031E-01 -3.710112611E-02 -2.218643985E-02 -3.743233764E-02
3.11000000000E+09 +1.663160512E-02 +8.609017028E-02 -2.517741211E-01 +3.274233340E-02 -2.716317201E-02 -1.947921467E-02
3.12000000000E+09 +8.533410088E-02 +1.799379603E-02 -2.258189721E-01 +9.885255438E-02 -2.149451508E-02 -9.570323984E-03
3.13000000000E+09 +5.002570303E-02 -7.117083174E-02 -1.773362860E-01 +1.541480307E-01 -1.468507699E-02 -9.659638124E-03
3.14000000000E+09 -4.556321616E-02 -7.419409453E-02 -1.097838610E-01 +1.894780059E-01 -1.315336637E-02 -1.252985181E-02
3.15000000000E+09 -8.663282149E-02 +1.269435818E-02 -3.118507199E-02 +1.964096055E-01 -1.397492097E-02 -9.800239109E-03
3.16000000000E+09 -2.247604333E-02 +8.573499205E-02 +4.529158163E-02 +1.704672075E-01 -8.271835512E-03 -4.968954489E-03
3.17000000000E+09 +7.129901882E-02 +5.470678567E-02 +1.049006456E-01 +1.144406432E-01 +2.882574009E-03 -8.149830958E-03
3.18000000000E+09 +7.864420864E-02 -4.569795832E-02 +1.358232942E-01 +3.816730560E-02 +8.451415692E-03 -2.187125480E-02
3.19000000000E+09 -1.303819888E-02 -9.081823266E-02 +1.321360978E-01 -4.468403028E-02 -2.152789742E-03 -3.616720166E-02
3.20000000000E+09 -8.930631948E-02 -2.156553522E-02 +9.404023253E-02 -1.196082659E-01 -2.252609070E-02 -3.615629063E-02
3.21000000000E+09 -5.268618963E-02 +7.469027576E-02 +2.704802764E-02 -1.733641988E-01 -3.609111883E-02 -2.107382542E-02
3.22000000000E+09 +4.900161994E-02 +7.569693819E-02 -5.807868504E-02 -1.950378014E-01 -3.169489512E-02 -5.128093233E-03
3.23000000000E+09 +8.667289321E-02 -1.645710267E-02 -1.455519623E-01 -1.791631889E-01 -1.811256971E-02 +5.673479118E-04
3.24000000000E+09 +1.775462712E-02 -8.438620775E-02 -2.181504273E-01 -1.289603100E-01 -9.151785906E-03 -2.809626430E-03
3.25000000000E+09 -6.912512283E-02 -4.869807517E-02 -2.629978882E-01 -5.580595259E-02 -5.946023029E-03 -5.127926085E-03
3.26000000000E+09 -7.136315838E-02 +4.296261353E-02 -2.751956324E-01 +2.541799592E-02 -6.175283117E-04 -5.316652278E-03
3.27000000000E+09 +1.028677539E-02 +8.202608916E-02 -2.567834474E-01 +1.013646046E-01 +7.842584487E-03 -1.265343401E-02
3.28000000000E+09 +7.957430361E-02 +2.385567891E-02 -2.134890893E-01 +1.623658159E-01 +7.117071970E-03 -3.148192747E-02
3.29000000000E+09 +5.469875909E-02 -6.403476648E-02 -1.524322349E-01 +2.016438209E-01 -1.280700878E-02 -4.769410499E-02
3.30000000000E+09 -3.790698068E-02 -7.700516918E-02 -8.179320108E-02 +2.139648069E-01 -4.408703538E-02 -4.145996510E-02
3.31000000000E+09 -8.780820248E-02 +5.609913976E-03 -1.251333442E-02 +1.960070693E-01 -6.136765557E-02 -7.993381692E-03
3.32000000000E+09 -2.840924442E-02 +8.549584499E-02 +4.190642102E-02 +1.495993344E-01 -4.375965166E-02 +2.933635582E-02
3.33000000000E+09 +7.028914028E-02 +5.859589899E-02 +6.926439837E-02 +8.432243515E-02 -3.461123660E-03 +3.918580086E-02
3.34000000000E+09 +8.047310641E-02 -4.455821808E-02 +6.453388724E-02 +1.544231477E-02 +2.679330429E-02 +1.511368735E-02
3.35000000000E+09 -1.231521369E-02 -9.050634789E-02 +3.190821666E-02 -4.238007583E-02 +2.660834035E-02 -1.829915772E-02
3.36000000000E+09 -8.736799236E-02 -2.147612997E-02 -1.887688497E-02 -8.032004766E-02 +6.499520672E-03 -3.571274251E-02
3.37000000000E+09 -5.161492981E-02 +7.151239363E-02 -7.775746213E-02 -9.543109606E-02 -1.060430371E-02 -3.472893483E-02
3.38000000000E+09 +4.532879031E-02 +7.360851387E-02 -1.359827657E-01 -8.788288899E-02 -1.819387610E-02 -2.872402741E-02
3.39000000000E+09 +8.380449962E-02 -1.262863626E-02 -1.854655407E-01 -5.981072616E-02 -2.412588533E-02 -2.579247927E-02
3.40000000000E+09 +2.116728960E-02 -8.088361039E-02 -2.185110210E-01 -1.628955094E-02 -3.229865672E-02 -1.663169252E-02
3.41000000000E+09 -6.553816894E-02 -5.152214386E-02 -2.300651319E-01 +3.400031274E-02 -3.191611325E-02 +1.321658905E-03
3.42000000000E+09 -7.352913209E-02 +3.964212871E-02 -2.198429320E-01 +8.067854251E-02 -1.367521768E-02 +1.667997103E-02
3.43000000000E+09 +7.766262885E-03 +8.381247136E-02 -1.928142627E-01 +1.148202837E-01 +1.318876713E-02 +9.787783239E-03
3.44000000000E+09 +8.125272437E-02 +2.563495992E-02 -1.572726702E-01 +1.316518688E-01 +2.374542016E-02 -1.960008560E-02
3.45000000000E+09 +5.524354792E-02 -6.590755409E-02 -1.211840312E-01 +1.312597110E-01 +3.809086326E-03 -4.826917523E-02
3.46000000000E+09 -4.073998534E-02 -7.652783291E-02 -9.036004850E-02 +1.163953217E-01 -2.935722196E-02 -4.902172123E-02
3.47000000000E+09 -8.656254121E-02 +9.219823188E-03 -6.946493384E-02 +9.057044215E-02 -4.744732569E-02 -2.091508154E-02
3.48000000000E+09 -2.360131899E-02 +8.372905297E-02 -6.164774752E-02 +5.877267720E-02 -3.721687616E-02 +5.920919927E-03
3.49000000000E+09 +6.845351473E-02 +5.287014640E-02 -6.777472006E-02 +2.752760591E-02 -1.317880037E-02 +1.058104796E-02
3.50000000000E+09 +7.393337692E-02 -4.321116316E-02 -8.508544601E-02 +3.035304553E-03 -1.454180941E-03 -3.474565318E-03
3.51000000000E+09 -1.175648848E-02 -8.394594003E-02 -1.080169202E-01 -1.140756948E-02 -7.105948995E-03 -1.594381001E-02
3.52000000000E+09 -8.110914732E-02 -2.111358119E-02 -1.311981097E-01 -1.638909261E-02 -1.537467289E-02 -1.436907212E-02
3.53000000000E+09 -5.025750873E-02 +6.612961725E-02 -1.517048600E-01 -1.437281097E-02 -1.560986795E-02 -7.984191249E-03
3.54000000000E+09 +4.123556120E-02 +7.144760280E-02 -1.688543257E-01 -7.293797031E-03 -1.217257595E-02 -1.098905396E-02
3.55000000000E+09 +8.129315139E-02 -1.026766208E-02 -1.817633364E-01 +4.259713820E-03 -1.477378991E-02 -1.806705503E-02
3.56000000000E+09 +2.193333631E-02 -7.874414037E-02 -1.885486430E-01 +1.932935954E-02 -2.385698651E-02 -1.857609937E-02
3.57000000000E+09 -6.413632060E-02 -5.077766336E-02 -1.874537255E-01 +3.511319670E-02 -2.964803338E-02 -6.698965025E-03
3.58000000000E+09 -7.160768986E-02 +3.955706327E-02 -1.787845407E-01 +4.764397105E-02 -2.475594697E-02 +6.731101004E-03
3.59000000000E+09 +9.100721949E-03 +8.142127215E-02 -1.654535974E-01 +5.401999625E-02 -1.473176015E-02 +8.071613035E-03
3.60000000000E+09 +7.880697267E-02 +2.274540550E-02 -1.508680266E-01 +5.402983587E-02 -1.057306753E-02 +1.647886615E-03
3.61000000000E+09 +5.103043332E-02 -6.424942627E-02 -1.370215928E-01 +4.903560282E-02 -1.249485612E-02 +3.808967349E-04
3.62000000000E+09 -4.003423708E-02 -7.167852846E-02 -1.243440737E-01 +3.983935239E-02 -1.124324921E-02 +1.197377742E-02
3.63000000000E+09 -8.145805286E-02 +9.827397877E-03 -1.135444999E-01 +2.606676088E-02 +5.156350705E-03 +2.111494381E-02
3.64000000000E+09 -2.163707600E-02 +7.887421189E-02 -1.069421287E-01 +7.689243937E-03 +3.102380539E-02 +1.038620476E-02
3.65000000000E+09 +6.447740113E-02 +4.959801620E-02 -1.073944973E-01 -1.302672962E-02 +4.471993430E-02 -2.276338255E-02
3.66000000000E+09 +6.991576484E-02 -4.058458686E-02 -1.155627744E-01 -3.195905524E-02 +2.965361854E-02 -5.922249985E-02
3.67000000000E+09 -1.069903193E-02 -7.956466946E-02 -1.292865629E-01 -4.550593036E-02 -1.062390911E-02 -7.601072529E-02
3.68000000000E+09 -7.703752381E-02 -2.051051238E-02 -1.451246729E-01 -5.243548798E-02 -5.282164460E-02 -6.097484210E-02
3.69000000000E+09 -4.818454988E-02 +6.286459596E-02 -1.607367002E-01 -5.355281746E-02 -7.708164461E-02 -2.645343474E-02
3.70000000000E+09 +3.926497678E-02 +6.838690168E-02 -1.750778096E-01 -4.955145446E-02 -7.387824242E-02 +1.430985076E-02
3.71000000000E+09 +7.788825105E-02 -9.938873593E-03 -1.873151010E-01 -4.033593876E-02 -4.677450353E-02 +4.489928277E-02
3.72000000000E+09 +2.071923709E-02 -7.564761443E-02 -1.955230750E-01 -2.577902984E-02 -8.610791007E-03 +5.657946919E-02
3.73000000000E+09 -6.158620750E-02 -4.828347188E-02 -1.972987079E-01 -7.060257141E-03 +2.899096442E-02 +4.504958297E-02
3.74000000000E+09 -6.804948502E-02 +3.819388990E-02 -1.909538019E-01 +1.335082573E-02 +5.362128128E-02 +1.041795141E-02
3.75000000000E+09 +9.085263255E-03 +7.758304254E-02 -1.759582667E-01 +3.264008492E-02 +5.357196188E-02 -3.483020385E-02
3.76000000000E+09 +7.507816280E-02 +2.161895429E-02 -1.524440765E-01 +4.812842605E-02 +2.446220717E-02 -7.255091722E-02
3.77000000000E+09 +4.895611098E-02 -6.122837449E-02 -1.207725374E-01 +5.646861406E-02 -2.328342611E-02 -7.957749543E-02
3.78000000000E+09 -3.787998701E-02 -6.918647248E-02 -8.267698289E-02 +5.302909833E-02 -6.894045470E-02 -5.294115065E-02
3.79000000000E+09 -7.889993016E-02 +8.647311142E-03 -4.347837152E-02 +3.316275200E-02 -8.549349294E-02 -3.121916142E-03
3.80000000000E+09 -2.204943612E-02 +7.682117185E-02 -1.231475752E-02 -4.533334151E-03 -6.509180996E-02 +4.528265206E-02
3.81000000000E+09 +6.318507304E-02 +4.953998506E-02 +8.765031662E-04 -5.534864917E-02 -1.935069898E-02 +6.785563000E-02
3.82000000000E+09 +6.964401985E-02 -4.010120405E-02 -9.983918686E-03 -1.087663943E-01 +2.684114331E-02 +5.793982324E-02
3.83000000000E+09 -1.103708700E-02 -7.934858260E-02 -4.409250134E-02 -1.523185468E-01 +5.287415191E-02 +2.615585413E-02
3.84000000000E+09 -7.716433990E-02 -1.942310657E-02 -9.461887319E-02 -1.762173127E-01 +5.570862315E-02 -1.288622324E-02
3.85000000000E+09 -4.684671125E-02 +6.344321996E-02 -1.516839797E-01 -1.748967123E-01 +4.137240325E-02 -4.182338421E-02
3.86000000000E+09 +4.024608666E-02 +6.670344468E-02 -2.044215280E-01 -1.473225337E-01 +1.818415025E-02 -5.667777445E-02
3.87000000000E+09 +7.640262587E-02 -1.148118873E-02 -2.420076722E-01 -9.661268080E-02 -8.166039041E-03 -5.673636696E-02
3.88000000000E+09 +1.913498020E-02 -7.437462985E-02 -2.551734027E-01 -3.047863588E-02 -3.174373678E-02 -4.352479019E-02
3.89000000000E+09 -6.065436969E-02 -4.643940757E-02 -2.384942095E-01 +3.919881902E-02 -4.373614309E-02 -2.047346430E-02
3.90000000000E+09 -6.639965655E-02 +3.785066427E-02 -1.928369629E-01 +9.868259149E-02 -3.682067058E-02 +4.074069664E-03
3.91000000000E+09 +9.196530587E-03 +7.636243409E-02 -1.254540948E-01 +1.362655904E-01 -1.467585621E-02 +1.725427558E-02
3.92000000000E+09 +7.463629868E-02 +2.109688328E-02 -4.802532126E-02 +1.448768452E-01 +8.467318458E-03 +1.144467664E-02
3.93000000000E+09 +4.825812641E-02 -6.155323530E-02 +2.666547033E-02 +1.234965566E-01 +2.004148790E-02 -7.558410653E-03
3.94000000000E+09 -3.931356363E-02 -6.841709227E-02 +8.707578473E-02 +7.561745813E-02 +1.398491477E-02 -2.609998790E-02
3.95000000000E+09 -7.860918679E-02 +1.113187113E-02 +1.236139131E-01 +8.704408926E-03 -4.687294699E-04 -3.364497104E-02
3.96000000000E+09 -1.875549390E-02 +7.730253066E-02 +1.298117292E-01 -6.643235593E-02 -1.302926919E-02 -3.095231895E-02
3.97000000000E+09 +6.475412863E-02 +4.582535188E-02 +1.040651886E-01 -1.363402225E-01 -2.148723077E-02 -2.404027144E-02
3.98000000000E+09 +6.582755542E-02 -4.274038363E-02 +5.130400665E-02 -1.875884902E-01 -2.978180394E-02 -1.793614687E-02
3.99000000000E+09 -1.507015617E-02 -7.593735561E-02 -1.773848580E-02 -2.106839040E-01 -3.503792002E-02 -5.016799551E-03
4.00000000000E+09 -7.486561616E-02 -1.452195313E-02 -8.970024274E-02 -2.027409587E-01 -2.908206049E-02 +1.381430665E-02
4.01000000000E+09 -4.131456966E-02 +6.249086125E-02 -1.525200892E-01 -1.665649521E-01 -7.882870033E-03 +2.926163504E-02
4.02000000000E+09 +4.103355984E-02 +6.126836544E-02 -1.971928264E-01 -1.087737338E-01 +2.005329093E-02 +2.542181527E-02
4.03000000000E+09 +7.160486494E-02 -1.368540499E-02 -2.180293559E-01 -3.772913465E-02 +3.815579320E-02 +5.171373208E-04
4.04000000000E+09 +1.558756973E-02 -7.068002108E-02 -2.122111101E-01 +3.709858788E-02 +3.369662906E-02 -3.133006474E-02
4.05000000000E+09 -5.851641991E-02 -4.207913432E-02 -1.801798584E-01 +1.056193476E-01 +1.064803012E-02 -5.068960500E-02
4.06000000000E+09 -6.179111042E-02 +3.738867066E-02 -1.261731801E-01 +1.583708149E-01 -1.797755364E-02 -4.755033749E-02
4.07000000000E+09 +1.040788408E-02 +7.203904080E-02 -5.785251980E-02 +1.881761971E-01 -3.689154944E-02 -2.760601498E-02
4.08000000000E+09 +7.103833088E-02 +1.837119920E-02 +1.507735754E-02 +1.914157819E-01 -3.898768925E-02 -1.804477717E-03
4.09000000000E+09 +4.427358231E-02 -5.922561039E-02 +8.278935180E-02 +1.679778832E-01 -2.617463180E-02 +1.973893143E-02
4.10000000000E+09 -3.864621619E-02 -6.366086755E-02 +1.354859841E-01 +1.209963468E-01 -7.068458924E-04 +3.419219138E-02
4.11000000000E+09 -7.373017102E-02 +1.241003120E-02 +1.644079990E-01 +5.699111143E-02 +3.099317519E-02 +3.113997425E-02
4.12000000000E+09 -1.573952070E-02 +7.284464888E-02 +1.632535913E-01 -1.322539402E-02 +5.874200558E-02 +5.384356786E-03
4.13000000000E+09 +6.126016734E-02 +4.109944736E-02 +1.315652112E-01 -7.582588792E-02 +6.370601958E-02 -4.055119382E-02
4.14000000000E+09 +6.015635211E-02 -4.100958045E-02 +7.636383461E-02 -1.182012918E-01 +3.720684980E-02 -8.328666098E-02
4.15000000000E+09 -1.497360694E-02 -7.016566757E-02 +9.836907233E-03 -1.335710461E-01 -1.436795777E-02 -9.628276930E-02
4.16000000000E+09 -6.954341000E-02 -1.283581924E-02 -5.555453255E-02 -1.224544679E-01 -6.432610354E-02 -7.054141905E-02
4.17000000000E+09 -3.823924076E-02 +5.849170810E-02 -1.110327577E-01 -9.021209542E-02 -8.562460424E-02 -1.818390860E-02
4.18000000000E+09 +3.878879886E-02 +5.738755844E-02 -1.522050169E-01 -4.318149798E-02 -6.720028154E-02 +3.452157750E-02
4.19000000000E+09 +6.767360550E-02 -1.339464594E-02 -1.766612351E-01 +1.334493461E-02 -2.019184013E-02 +6.180467573E-02
4.20000000000E+09 +1.397329952E-02 -6.731222413E-02 -1.823580587E-01 +7.419999469E-02 +3.207402140E-02 +5.376378246E-02
4.21000000000E+09 -5.648499825E-02 -3.891813641E-02 -1.682709724E-01 +1.331120827E-01 +6.699249320E-02 +1.420537832E-02
4.22000000000E+09 -5.774326261E-02 +3.708013139E-02 -1.355818549E-01 +1.827623078E-01 +7.022051981E-02 -3.868445963E-02
4.23000000000E+09 +1.188763348E-02 +6.770938959E-02 -8.887970673E-02 +2.165135490E-01 +4.083822238E-02 -8.411161360E-02
4.24000000000E+09 +6.720382135E-02 +1.512066319E-02 -3.508288183E-02 +2.303488152E-01 -1.258792500E-02 -1.016154615E-01
4.25000000000E+09 +3.977910996E-02 -5.657312770E-02 +1.832532712E-02 +2.234190101E-01 -6.953263844E-02 -8.042979336E-02
4.26000000000E+09 -3.740381569E-02 -5.875027469E-02 +6.464985493E-02 +1.972130658E-01 -1.030086973E-01 -2.393802487E-02
4.27000000000E+09 -6.877775023E-02 +1.232048602E-02 +9.772001588E-02 +1.547944287E-01 -9.174534217E-02 +4.444481415E-02
4.28000000000E+09 -1.443773834E-02 +6.852689765E-02 +1.124229105E-01 +1.013861351E-01 -3.642811539E-02 +8.871716914E-02
4.29000000000E+09 +5.819008431E-02 +3.912789667E-02 +1.054500152E-01 +4.430297089E-02 +3.802739786E-02 +8.740382570E-02
4.30000000000E+09 +5.791471921E-02 -3.919725095E-02 +7.677898948E-02 -7.979979259E-03 +9.146484802E-02 +3.913756322E-02
4.31000000000E+09 -1.450549642E-02 -6.809038702E-02 +2.999159658E-02 -4.787693037E-02 +9.870252373E-02 -3.194801841E-02
4.32000000000E+09 -6.799555688E-02 -1.219496179E-02 -2.903482956E-02 -7.006414151E-02 +5.920793399E-02 -8.859071437E-02
4.33000000000E+09 -3.677646847E-02 +5.777243869E-02 -9.345600898E-02 -7.149956051E-02 -4.565982721E-03 -1.065291244E-01
4.34000000000E+09 +3.898488072E-02 +5.563813871E-02 -1.557825028E-01 -5.112754385E-02 -6.122152734E-02 -8.091122331E-02
4.35000000000E+09 +6.593725970E-02 -1.441572128E-02 -2.079345398E-01 -1.024363621E-02 -8.993561030E-02 -2.556685514E-02
4.36000000000E+09 +1.222513648E-02 -6.591469214E-02 -2.419024278E-01 +4.651206340E-02 -7.912695449E-02 +3.486989681E-02
4.37000000000E+09 -5.574510897E-02 -3.661331668E-02 -2.518333392E-01 +1.106954012E-01 -3.209957332E-02 +7.608056051E-02
4.38000000000E+09 -5.532950620E-02 +3.710450186E-02 -2.364463925E-01 +1.718528395E-01 +3.315831746E-02 +7.946250785E-02
4.39000000000E+09 +1.257524435E-02 +6.531263572E-02 -1.992366303E-01 +2.205215041E-01 +8.891229549E-02 +4.032169993E-02
4.40000000000E+09 +6.518965766E-02 +1.364065189E-02 -1.467763341E-01 +2.500528765E-01 +1.065186853E-01 -2.558850978E-02
4.41000000000E+09 +3.809544078E-02 -5.517417234E-02 -8.658665493E-02 +2.567974703E-01 +7.549135449E-02 -9.036614676E-02
4.42000000000E+09 -3.634414831E-02 -5.680148286E-02 -2.663236035E-02 +2.392039644E-01 +1.116727176E-02 -1.215018537E-01
4.43000000000E+09 -6.690654550E-02 +1.199478495E-02 +2.442596624E-02 +1.977869122E-01 -5.569287424E-02 -1.032816464E-01
4.44000000000E+09 -1.429949341E-02 +6.711364664E-02 +5.729575527E-02 +1.367027082E-01 -8.984109919E-02 -4.714928564E-02
4.45000000000E+09 +5.733331997E-02 +3.876343126E-02 +6.446194775E-02 +6.448484024E-02 -8.305952384E-02 +1.300481161E-02
4.46000000000E+09 +5.763029016E-02 -3.902357314E-02 +4.300969575E-02 -6.887488856E-03 -4.360889877E-02 +5.003441598E-02
4.47000000000E+09 -1.492872779E-02 -6.796974195E-02 -3.669673665E-03 -6.519573556E-02 +4.562679596E-03 +5.488455338E-02
4.48000000000E+09 -6.826108080E-02 -1.123690209E-02 -6.725762581E-02 -1.014668307E-01 +4.279281693E-02 +3.419620842E-02
4.49000000000E+09 -3.557124613E-02 +5.854668691E-02 -1.368574411E-01 -1.115945906E-01 +6.116419364E-02 -1.880019991E-03
4.50000000000E+09 +4.036011619E-02 +5.449700603E-02 -2.019496888E-01 -9.627582017E-02 +5.262017956E-02 -4.125569233E-02
4.51000000000E+09 +6.500125325E-02 -1.608034011E-02 -2.532792895E-01 -5.971621364E-02 +2.285947983E-02 -6.975004106E-02
4.52000000000E+09 +1.008915016E-02 -6.537652649E-02 -2.841795065E-01 -9.301556564E-03 -1.927944198E-02 -7.322547140E-02
4.53000000000E+09 -5.597562915E-02 -3.450078718E-02 -2.918224150E-01 +4.585117147E-02 -5.224105264E-02 -4.642181899E-02
4.54000000000E+09 -5.347143660E-02 +3.783506236E-02 -2.774191615E-01 +9.696573891E-02 -5.998451441E-02 -3.141699581E-03
4.55000000000E+09 +1.412472060E-02 +6.395847557E-02 -2.451906488E-01 +1.373661495E-01 -3.850267413E-02 +3.324487089E-02
4.56000000000E+09 +6.483133555E-02 +1.182676641E-02 -2.003299561E-01 +1.630947279E-01 -1.926313940E-06 +4.421281304E-02
4.57000000000E+09 +3.624391673E-02 -5.556169842E-02 -1.477954488E-01 +1.718850586E-01 +3.365432844E-02 +2.799644054E-02
4.58000000000E+09 -3.783472019E-02 -5.503578262E-02 -9.261515898E-02 +1.619239858E-01 +4.910832793E-02 -3.053005005E-04
4.59000000000E+09 -6.580897605E-02 +1.434216606E-02 -4.125065322E-02 +1.322630096E-01 +4.884621199E-02 -2.686990383E-02
4.60000000000E+09 -1.143090160E-02 +6.685940040E-02 -1.547163811E-03 +8.459805653E-02 +3.461294818E-02 -4.933547933E-02
4.61000000000E+09 +5.802261891E-02 +3.569215053E-02 +1.944932708E-02 +2.483011895E-02 +1.229442056E-02 -6.472346316E-02
4.62000000000E+09 +5.464441761E-02 -4.062456028E-02 +1.819823934E-02 -3.778498325E-02 -1.784134016E-02 -6.587873909E-02
4.63000000000E+09 -1.740615599E-02 -6.558848911E-02 -3.923009292E-03 -9.390389137E-02 -4.703427096E-02 -4.522023316E-02
4.64000000000E+09 -6.687849802E-02 -8.208611803E-03 -4.200584178E-02 -1.364092509E-01 -5.826864822E-02 -6.387155661E-03
4.65000000000E+09 -3.244942131E-02 +5.840022857E-02 -8.966251299E-02 -1.609876055E-01 -3.885654920E-02 +3.227816481E-02
4.66000000000E+09 +4.120830688E-02 +5.165266428E-02 -1.401005823E-01 -1.657110639E-01 +2.666291677E-03 +4.815338867E-02
4.67000000000E+09 +6.266707881E-02 -1.813818647E-02 -1.861118719E-01 -1.506030658E-01 +4.783027361E-02 +3.285956043E-02
4.68000000000E+09 +7.320326226E-03 -6.425698347E-02 -2.203699880E-01 -1.184021416E-01 +7.190099811E-02 -6.697048514E-03
4.69000000000E+09 -5.592448449E-02 -3.152955100E-02 -2.374565769E-01 -7.502007205E-02 +6.596766302E-02 -5.016404671E-02
4.70000000000E+09 -5.066961911E-02 +3.907255373E-02 -2.350158278E-01 -2.797820615E-02 +3.364462135E-02 -8.649357841E-02
4.71000000000E+09 +1.626119242E-02 +6.195878768E-02 -2.139432857E-01 +1.578936828E-02 -1.242336115E-02 -9.750463448E-02
4.72000000000E+09 +6.364142688E-02 +9.275706003E-03 -1.772457549E-01 +5.060932718E-02 -6.084295830E-02 -7.941833917E-02
4.73000000000E+09 +3.335022878E-02 -5.549788254E-02 -1.286489738E-01 +7.239059632E-02 -8.998443021E-02 -3.114459167E-02
4.74000000000E+09 -3.887919892E-02 -5.254393909E-02 -7.289183004E-02 +7.745798681E-02 -8.459729615E-02 +3.301357800E-02
4.75000000000E+09 -6.390610969E-02 +1.615725167E-02 -1.644658566E-02 +6.342856283E-02 -3.538786458E-02 +7.991979074E-02
4.76000000000E+09 -9.100573325E-03 +6.560675266E-02 +3.255215106E-02 +3.077310460E-02 +3.827254064E-02 +8.271006257E-02
4.77000000000E+09 +5.745154137E-02 +3.300950899E-02 +6.651491567E-02 -1.587088551E-02 +9.796892308E-02 +3.535409760E-02
4.78000000000E+09 +5.195679198E-02 -4.067779447E-02 +8.107628509E-02 -6.882378582E-02 +1.121585755E-01 -3.969819408E-02
4.79000000000E+09 -1.793945887E-02 -6.311338863E-02 +7.598575933E-02 -1.198722711E-01 +7.329832893E-02 -1.068591388E-01
4.80000000000E+09 -6.471074290E-02 -7.867992317E-03 +5.493590018E-02 -1.621047815E-01 +2.791457985E-03 -1.348068533E-01
4.81000000000E+09 -3.199608561E-02 +5.629563322E-02 +1.941144334E-02 -1.908912329E-01 -6.786396896E-02 -1.140893983E-01
4.82000000000E+09 +3.943274027E-02 +5.094106386E-02 -2.417438079E-02 -2.015856073E-01 -1.103127591E-01 -5.371765362E-02
4.83000000000E+09 +6.226518451E-02 -1.677757007E-02 -6.871303690E-02 -1.915760504E-01 -1.064185898E-01 +2.107526162E-02
4.84000000000E+09 +8.623146593E-03 -6.412811244E-02 -1.056751794E-01 -1.615578691E-01 -5.906921148E-02 +7.905476402E-02
4.85000000000E+09 -5.622302351E-02 -3.267974871E-02 -1.270939738E-01 -1.163193668E-01 +1.552766086E-02 +8.939008875E-02
4.86000000000E+09 -5.195051352E-02 +3.989370426E-02 -1.282802806E-01 -6.390364570E-02 +8.076861783E-02 +4.872957754E-02
4.87000000000E+09 +1.734819127E-02 +6.365063726E-02 -1.088182201E-01 -1.356399017E-02 +1.029618343E-01 -2.535693937E-02
4.88000000000E+09 +6.586757150E-02 +7.871669695E-03 -7.193067090E-02 +2.679110891E-02 +6.922681498E-02 -9.238989504E-02
4.89000000000E+09 +3.212232921E-02 -5.839714279E-02 -2.354796637E-02 +5.134670118E-02 -3.469807547E-04 -1.189919041E-01
4.90000000000E+09 -4.227861001E-02 -5.178209289E-02 +2.870513569E-02 +5.685959009E-02 -6.706029115E-02 -9.448556309E-02
4.91000000000E+09 -6.380863842E-02 +1.992363158E-02 +7.607878877E-02 +4.351797392E-02 -9.821078126E-02 -3.357987828E-02
4.92000000000E+09 -5.310843038E-03 +6.650548007E-02 +1.106516186E-01 +1.584354078E-02 -8.279929906E-02 +3.121054935E-02
4.93000000000E+09 +5.947301909E-02 +2.963817427E-02 +1.280822028E-01 -1.815957018E-02 -3.110727517E-02 +6.916503373E-02
4.94000000000E+09 +4.941049382E-02 -4.384470898E-02 +1.291713817E-01 -5.022093154E-02 +2.951599625E-02 +6.386155156E-02
4.95000000000E+09 -2.185964733E-02 -6.190470682E-02 +1.182266451E-01 -7.482066746E-02 +7.459778442E-02 +1.946882031E-02
4.96000000000E+09 -6.504433570E-02 -3.214468218E-03 +1.000787264E-01 -9.012291154E-02 +8.145351755E-02 -4.200765042E-02
4.97000000000E+09 -2.747983487E-02 +5.846988488E-02 +7.817165857E-02 -9.615560000E-02 +4.797964772E-02 -8.980137555E-02
4.98000000000E+09 +4.334382624E-02 +4.745473784E-02 +5.489903087E-02 -9.293938065E-02 -1.078141115E-02 -1.031619939E-01
4.99000000000E+09 +6.015586049E-02 -2.187868483E-02 +3.317583713E-02 -8.046114367E-02 -6.214725378E-02 -7.818592892E-02
5.00000000000E+09 +2.699805241E-03 -6.382942867E-02 +1.653698594E-02 -6.013994127E-02 -8.127903294E-02 -2.844290641E-02
5.01000000000E+09 -5.786261920E-02 -2.664157339E-02 +7.523302171E-03 -3.562946947E-02 -6.569398340E-02 +1.897254865E-02
5.02000000000E+09 -4.637609874E-02 +4.330589236E-02 +5.851489105E-03 -1.127473569E-02 -2.709394086E-02 +4.462176802E-02
5.03000000000E+09 +2.245433888E-02 +5.898568670E-02 +8.880290905E-03 +1.031536641E-02 +1.433953859E-02 +4.100426126E-02
5.04000000000E+09 +6.269880353E-02 +1.536822840E-03 +1.404722267E-02 +2.914417660E-02 +4.359725077E-02 +1.515556314E-02
5.05000000000E+09 +2.501826670E-02 -5.692578483E-02 +2.060058569E-02 +4.629882604E-02 +5.414848563E-02 -2.041529747E-02
5.06000000000E+09 -4.269979480E-02 -4.437680128E-02 +2.909436923E-02 +6.194173257E-02 +4.270800592E-02 -5.350123317E-02
5.07000000000E+09 -5.676763604E-02 +2.225613618E-02 +3.961604956E-02 +7.499835934E-02 +1.486409806E-02 -7.391050084E-02
5.08000000000E+09 -1.156600791E-03 +6.036524644E-02 +5.115663437E-02 +8.467502568E-02 -1.908353072E-02 -7.494849501E-02
5.09000000000E+09 +5.481402996E-02 +2.407049208E-02 +6.274063243E-02 +9.131855773E-02 -4.550320153E-02 -5.932823114E-02
5.10000000000E+09 +4.296831586E-02 -4.085264674E-02 +7.465033666E-02 +9.541359829E-02 -5.583973911E-02 -3.459195567E-02
5.11000000000E+09 -2.089754107E-02 -5.488799799E-02 +8.787413578E-02 +9.595632938E-02 -5.345327376E-02 -8.869055928E-03
5.12000000000E+09 -5.825866454E-02 -1.952198149E-03 +1.019171280E-01 +9.023034140E-02 -4.370371949E-02 +1.363693401E-02
5.13000000000E+09 -2.426480294E-02 +5.253902440E-02 +1.134709940E-01 +7.596033999E-02 -2.435971137E-02 +2.989280560E-02
5.14000000000E+09 +3.882151646E-02 +4.245235438E-02 +1.176211765E-01 +5.354522805E-02 +4.122022053E-03 +3.367201958E-02
5.15000000000E+09 +5.401214786E-02 -1.919523139E-02 +1.101511742E-01 +2.647462368E-02 +3.900606982E-02 +2.070170381E-02
5.16000000000E+09 +3.247934477E-03 -5.698769632E-02 +8.926376237E-02 -1.435176833E-05 +6.104101518E-02 -1.247487179E-02
5.17000000000E+09 -5.107786198E-02 -2.494974960E-02 +5.543451662E-02 -2.046618330E-02 +5.778925573E-02 -5.589562543E-02
5.18000000000E+09 -4.259267449E-02 +3.730828338E-02 +1.095676300E-02 -2.954275064E-02 +2.695104121E-02 -9.180766316E-02
5.19000000000E+09 +1.784337170E-02 +5.343416714E-02 -3.947656063E-02 -2.198688776E-02 -1.880535104E-02 -1.031510825E-01
5.20000000000E+09 +5.581641307E-02 +4.223351009E-03 -8.775788583E-02 +5.653881652E-03 -6.141737151E-02 -8.438232165E-02
5.21000000000E+09 +2.541977668E-02 -4.942442023E-02 -1.231532572E-01 +5.221982173E-02 -8.615500234E-02 -4.494603105E-02
5.22000000000E+09 -3.528463705E-02 -4.247391905E-02 -1.360916382E-01 +1.098435678E-01 -8.483413505E-02 +1.823774815E-03
5.23000000000E+09 -5.257273560E-02 +1.568450321E-02 -1.227727031E-01 +1.660597774E-01 -5.765056802E-02 +3.637404723E-02
5.24000000000E+09 -6.295678518E-03 +5.443952104E-02 -8.666188600E-02 +2.084632892E-01 -1.125035341E-02 +4.746828082E-02
5.25000000000E+09 +4.750838286E-02 +2.744740145E-02 -3.661048397E-02 +2.286809090E-01 +3.489015665E-02 +2.766045490E-02
5.26000000000E+09 +4.411725188E-02 -3.284434298E-02 +1.699996902E-02 +2.237118501E-01 +5.514147989E-02 -1.633782476E-02
5.27000000000E+09 -1.305435769E-02 -5.390000337E-02 +6.436269742E-02 +1.944006478E-01 +3.661599774E-02 -6.538172644E-02
5.28000000000E+09 -5.542291960E-02 -9.118337853E-03 +9.673515572E-02 +1.447416450E-01 -1.161222039E-02 -8.673871730E-02
5.29000000000E+09 -3.017679547E-02 +4.821813296E-02 +1.065647826E-01 +8.170127652E-02 -5.841814308E-02 -7.116421915E-02
5.30000000000E+09 +3.366106990E-02 +4.690247245E-02 +8.898673398E-02 +1.613327864E-02 -7.687302610E-02 -2.786795874E-02
5.31000000000E+09 +5.670796941E-02 -1.372155704E-02 +4.528133180E-02 -3.869442855E-02 -6.030095848E-02 +1.514957253E-02
5.32000000000E+09 +8.352067456E-03 -5.805573515E-02 -1.592337775E-02 -7.165134376E-02 -2.290297791E-02 +3.167038851E-02
5.33000000000E+09 -5.073799940E-02 -2.929940823E-02 -8.160393218E-02 -7.840910998E-02 +1.595382393E-02 +1.737928402E-02
5.34000000000E+09 -4.585848127E-02 +3.579614616E-02 -1.399436049E-01 -6.196914105E-02 +3.664400632E-02 -1.912524209E-02
5.35000000000E+09 +1.557260669E-02 +5.538099089E-02 -1.838141524E-01 -2.930401114E-02 +2.629134295E-02 -5.952681838E-02
5.36000000000E+09 +5.648501967E-02 +6.731860011E-03 -2.102639542E-01 +1.276006140E-02 -1.166979814E-02 -8.263963738E-02
5.37000000000E+09 +2.793813416E-02 -4.908851894E-02 -2.178631221E-01 +5.808537170E-02 -6.290813703E-02 -7.777752080E-02
5.38000000000E+09 -3.411886299E-02 -4.474016634E-02 -2.063540312E-01 +1.003093310E-01 -9.830044663E-02 -3.639794443E-02
5.39000000000E+09 -5.463264537E-02 +1.405186054E-02 -1.777801955E-01 +1.322928296E-01 -9.516971110E-02 +2.220981161E-02
5.40000000000E+09 -8.344475799E-03 +5.627383465E-02 -1.377425664E-01 +1.480751944E-01 -4.740180630E-02 +6.668893652E-02
5.41000000000E+09 +4.913552303E-02 +2.945527970E-02 -9.401407255E-02 +1.451512689E-01 +1.885976899E-02 +6.589877376E-02
5.42000000000E+09 +4.612075273E-02 -3.468893198E-02 -5.409457613E-02 +1.250060336E-01 +6.448739696E-02 +2.098865503E-02
5.43000000000E+09 -1.490799804E-02 -5.609837595E-02 -2.311870042E-02 +9.143744307E-02 +7.046225652E-02 -4.584829733E-02
5.44000000000E+09 -5.766889479E-02 -7.151328521E-03 -4.347753700E-03 +4.868762360E-02 +3.454079773E-02 -9.751584921E-02
5.45000000000E+09 -2.814848410E-02 +5.064620165E-02 -2.064762179E-04 +1.466787517E-03 -2.334642605E-02 -1.143650692E-01
5.46000000000E+09 +3.618067117E-02 +4.489109211E-02 -1.205570142E-02 -4.391437570E-02 -7.901122788E-02 -9.524645515E-02
5.47000000000E+09 +5.489013158E-02 -1.648338479E-02 -3.774814223E-02 -7.995461012E-02 -1.136477942E-01 -5.138874031E-02
5.48000000000E+09 +5.533494213E-03 -5.670672032E-02 -7.071777104E-02 -1.011364677E-01 -1.162714350E-01 +4.976872880E-03
5.49000000000E+09 -5.003450306E-02 -2.664038741E-02 -1.024062175E-01 -1.069358689E-01 -8.495405620E-02 +5.331086553E-02
5.50000000000E+09 -4.352911276E-02 +3.598300471E-02 -1.264994608E-01 -1.018329259E-01 -3.153038380E-02 +7.374394436E-02
5.51000000000E+09 +1.675213398E-02 +5.367585817E-02 -1.412642025E-01 -9.195847771E-02 +1.729072127E-02 +5.810595031E-02
5.52000000000E+09 +5.587581055E-02 +4.753703422E-03 -1.485562940E-01 -8.164838573E-02 +4.386926598E-02 +1.558631889E-02
5.53000000000E+09 +2.537858380E-02 -4.962917980E-02 -1.510975531E-01 -7.226174977E-02 +4.003341424E-02 -2.689120230E-02
5.54000000000E+09 -3.624675013E-02 -4.196707122E-02 -1.507419793E-01 -6.364805854E-02 +2.169659664E-02 -5.454567138E-02
5.55000000000E+09 -5.222230670E-02 +1.743962222E-02 -1.482941427E-01 -5.515568331E-02 -2.748539468E-03 -6.500554654E-02
5.56000000000E+09 -3.570765498E-03 +5.443077860E-02 -1.443386998E-01 -4.562079499E-02 -2.554759109E-02 -6.755535090E-02
5.57000000000E+09 +4.866855055E-02 +2.382199896E-02 -1.381483984E-01 -3.308718170E-02 -4.985242974E-02 -6.582456615E-02
5.58000000000E+09 +4.024489253E-02 -3.563860402E-02 -1.262782206E-01 -1.621159338E-02 -7.453112391E-02 -5.313262197E-02
5.59000000000E+09 -1.757885671E-02 -5.049466906E-02 -1.034873131E-01 +2.857752507E-03 -9.059289701E-02 -2.260642644E-02
5.60000000000E+09 -5.310734386E-02 -2.893020726E-03 -6.643990377E-02 +1.712732772E-02 -8.881215063E-02 +1.492264732E-02
5.61000000000E+09 -2.252437491E-02 +4.774138863E-02 -1.748764113E-02 +1.714145872E-02 -6.563560248E-02 +4.526437638E-02
5.62000000000E+09 +3.550588513E-02 +3.835124361E-02 +3.449261851E-02 -4.004977859E-03 -2.857998055E-02 +5.588764986E-02
5.63000000000E+09 +4.809683977E-02 -1.821709077E-02 +7.749746552E-02 -4.659541685E-02 +9.814210987E-03 +4.626226497E-02
5.64000000000E+09 +1.301751577E-03 -5.028332986E-02 +1.014334880E-01 -1.042885743E-01 +3.869621148E-02 +1.838826765E-02
5.65000000000E+09 -4.474192360E-02 -2.000164708E-02 +1.009818575E-01 -1.671653250E-01 +4.779913392E-02 -2.299201695E-02
5.66000000000E+09 -3.497121810E-02 +3.250443458E-02 +7.525044267E-02 -2.246034518E-01 +2.748715075E-02 -6.866424864E-02
5.67000000000E+09 +1.540489937E-02 +4.402354207E-02 +2.724570978E-02 -2.662071259E-01 -1.784974339E-02 -9.625709494E-02
5.68000000000E+09 +4.571108119E-02 +3.652287971E-03 -3.582946761E-02 -2.829627901E-01 -7.159470572E-02 -8.806860272E-02
5.69000000000E+09 +2.184779213E-02 -4.013709488E-02 -1.027510350E-01 -2.690458393E-01 -1.064371196E-01 -4.374635697E-02
5.70000000000E+09 -2.787257955E-02 -3.650096561E-02 -1.597023859E-01 -2.241226758E-01 -1.073748474E-01 +1.458843575E-02
5.71000000000E+09 -4.503507643E-02 +1.120809892E-02 -1.935697134E-01 -1.547827657E-01 -7.129296660E-02 +5.441380700E-02
5.72000000000E+09 -7.227694267E-03 +4.664844294E-02 -1.957518696E-01 -7.331832377E-02 -1.922993105E-02 +5.547995618E-02
5.73000000000E+09 +4.099401300E-02 +2.471886030E-02 -1.642407070E-01 +5.565611799E-03 +1.864914496E-02 +2.538773039E-02
5.74000000000E+09 +3.840344612E-02 -2.896649063E-02 -1.035748466E-01 +6.834932368E-02 +2.286129408E-02 -2.146316524E-02
5.75000000000E+09 -1.262927771E-02 -4.631514341E-02 -2.245876161E-02 +1.045523234E-01 -4.369080279E-03 -5.571087098E-02
5.76000000000E+09 -4.717308922E-02 -5.468623769E-03 +6.666277903E-02 +1.076437210E-01 -4.597961221E-02 -6.393162980E-02
5.77000000000E+09 -2.259130902E-02 +4.097171544E-02 +1.490086779E-01 +7.641178093E-02 -8.164817303E-02 -4.179292794E-02
5.78000000000E+09 +2.859511436E-02 +3.613299438E-02 +2.101681947E-01 +1.675380292E-02 -9.188301517E-02 +5.969115308E-03
5.79000000000E+09 +4.380972833E-02 -1.189869621E-02 +2.399499791E-01 -5.949266872E-02 -6.910442850E-02 +5.050688972E-02
5.80000000000E+09 +6.296977866E-03 -4.436704756E-02 +2.351985091E-01 -1.375199331E-01 -1.881902704E-02 +6.661397400E-02
5.81000000000E+09 -3.809409358E-02 -2.315030135E-02 +1.992230164E-01 -2.040202083E-01 +3.242236161E-02 +3.976849951E-02
5.82000000000E+09 -3.644246300E-02 +2.582885407E-02 +1.393422633E-01 -2.491610788E-01 +5.321463066E-02 -1.889070159E-02
5.83000000000E+09 +9.383063713E-03 +4.366178970E-02 +6.453822594E-02 -2.664202704E-01 +2.645384681E-02 -7.965619763E-02
5.84000000000E+09 +4.411415975E-02 +8.466616354E-03 -1.472887811E-02 -2.513491114E-01 -3.661017965E-02 -1.053816726E-01
5.85000000000E+09 +2.526882245E-02 -3.761391697E-02 -8.531548804E-02 -2.028877268E-01 -1.046035583E-01 -8.362915220E-02
5.86000000000E+09 -2.511544746E-02 -3.816617320E-02 -1.326945455E-01 -1.260057618E-01 -1.398927820E-01 -2.333195565E-02
5.87000000000E+09 -4.516593860E-02 +8.677916593E-03 -1.449163693E-01 -3.376347544E-02 -1.328940634E-01 +4.802992154E-02
5.88000000000E+09 -9.233101414E-03 +4.527211445E-02 -1.183774279E-01 +5.545838512E-02 -8.240286468E-02 +1.011177472E-01
5.89000000000E+09 +3.843206965E-02 +2.574877850E-02 -5.982848706E-02 +1.240891242E-01 -8.852730393E-03 +1.118277323E-01
5.90000000000E+09 +3.839540499E-02 -2.561566466E-02 +1.688285157E-02 +1.612011569E-01 +5.629084239E-02 +7.525120751E-02
5.91000000000E+09 -8.874321670E-03 -4.507207437E-02 +9.618602616E-02 +1.642540123E-01 +8.910964414E-02 +2.016851163E-03
5.92000000000E+09 -4.471526352E-02 -9.288029056E-03 +1.647844267E-01 +1.364088018E-01 +7.107799467E-02 -7.666512975E-02
5.93000000000E+09 -2.599878524E-02 +3.741820645E-02 +2.118148796E-01 +8.480075926E-02 +8.058565589E-03 -1.253505780E-01
5.94000000000E+09 +2.420732286E-02 +3.885484705E-02 +2.297132967E-01 +2.021902317E-02 -7.139627077E-02 -1.229509867E-01
5.95000000000E+09 +4.561292501E-02 -6.903593216E-03 +2.157766721E-01 -4.369431274E-02 -1.321092172E-01 -7.814642818E-02
5.96000000000E+09 +1.156528699E-02 -4.536900241E-02 +1.744050930E-01 -9.290255165E-02 -1.499476007E-01 -1.029122193E-02
5.97000000000E+09 -3.818254491E-02 -2.867516975E-02 +1.169379781E-01 -1.177402811E-01 -1.285988869E-01 +5.041634834E-02
5.98000000000E+09 -4.168718029E-02 +2.483704949E-02 +5.728576952E-02 -1.165210638E-01 -8.027341159E-02 +8.612924881E-02
5.99000000000E+09 +7.650475874E-03 +4.871171309E-02 +6.183814453E-03 -9.466588390E-02 -2.647857992E-02 +8.947283995E-02
6.00000000000E+09 +4.855116332E-02 +1.114805303E-02 -3.147646773E-02 -6.040661989E-02 +1.774557005E-02 +6.278426648E-02
6.01000000000E+09 +2.843658256E-02 -4.123541865E-02 -5.521157758E-02 -2.051491441E-02 +3.843061193E-02 +1.834989232E-02
6.02000000000E+09 -2.776886977E-02 -4.178185536E-02 -6.584446417E-02 +2.030369106E-02 +3.041167970E-02 -2.608150424E-02
6.03000000000E+09 -4.899127392E-02 +1.011428454E-02 -6.466251318E-02 +5.796265321E-02 -1.096375128E-03 -5.305022518E-02
6.04000000000E+09 -9.021489106E-03 +4.903353426E-02 -5.430875039E-02 +8.864078754E-02 -3.843815514E-02 -5.728747961E-02
6.05000000000E+09 +4.182988791E-02 +2.681569333E-02 -3.912791554E-02 +1.105876320E-01 -6.605018372E-02 -4.338187934E-02
6.06000000000E+09 +4.056735997E-02 -2.848182965E-02 -2.273528119E-02 +1.249098026E-01 -7.803776290E-02 -2.096230240E-02
6.07000000000E+09 -1.091136297E-02 -4.834325365E-02 -5.964074103E-03 +1.336798220E-01 -7.923555978E-02 +2.722136926E-03
6.08000000000E+09 -4.890065324E-02 -8.329477639E-03 +1.224788801E-02 +1.370082030E-01 -7.080983547E-02 +2.338628587E-02
6.09000000000E+09 -2.638767615E-02 +4.210586479E-02 +3.171235198E-02 +1.324881281E-01 -5.423194820E-02 +3.731169079E-02
6.10000000000E+09 +2.909597379E-02 +4.041079330E-02 +4.904147795E-02 +1.177347560E-01 -3.105516951E-02 +3.604821709E-02
6.11000000000E+09 +4.858225787E-02 -1.187227860E-02 +5.890297718E-02 +9.353064861E-02 -1.290624116E-02 +1.946663241E-02
6.12000000000E+09 +7.198188780E-03 -4.958980227E-02 +5.741940070E-02 +6.445505979E-02 -1.215527010E-02 -3.285933846E-03
6.13000000000E+09 -4.329247475E-02 -2.504151012E-02 +4.460582215E-02 +3.606075418E-02 -2.944474691E-02 -1.809705367E-02
6.14000000000E+09 -3.919663175E-02 +3.072782409E-02 +2.286260996E-02 +1.181379364E-02 -5.205215798E-02 -1.607432285E-02
6.15000000000E+09 +1.376441213E-02 +4.744734151E-02 -5.734261080E-03 -6.841888694E-03 -6.448990220E-02 +2.039704909E-04
6.16000000000E+09 +4.875909740E-02 +4.911412695E-03 -4.009676129E-02 -1.805490358E-02 -5.861152787E-02 +2.151547789E-02
6.17000000000E+09 +2.269129697E-02 -4.283726821E-02 -7.776495146E-02 -1.889928587E-02 -4.199032733E-02 +3.522369274E-02
6.18000000000E+09 -3.068174613E-02 -3.671400088E-02 -1.138064948E-01 -7.606607402E-03 -2.045324260E-02 +3.480409592E-02
6.19000000000E+09 -4.505807494E-02 +1.421307786E-02 -1.424062574E-01 +1.424555409E-02 -4.916768406E-04 +1.750304385E-02
6.20000000000E+09 -4.008198669E-03 +4.648098234E-02 -1.598520981E-01 +4.212939673E-02 +7.444862356E-03 -1.456874870E-02
6.21000000000E+09 +4.086831426E-02 +2.133965556E-02 -1.656144082E-01 +7.126860016E-02 -9.771831869E-03 -4.899627440E-02
6.22000000000E+09 +3.506052453E-02 -2.905695311E-02 -1.604967660E-01 +9.862569337E-02 -5.437043746E-02 -6.627146458E-02
6.23000000000E+09 -1.304377649E-02 -4.324071590E-02 -1.446086568E-01 +1.220697547E-01 -1.072179558E-01 -4.597543311E-02
6.24000000000E+09 -4.467542103E-02 -4.958936094E-03 -1.173668597E-01 +1.376800253E-01 -1.358499631E-01 +9.185313854E-03
6.25000000000E+09 -2.190454434E-02 +3.916193094E-02 -8.077372955E-02 +1.392542283E-01 -1.232695871E-01 +7.413212708E-02
6.26000000000E+09 +2.786312860E-02 +3.550682846E-02 -4.173776861E-02 +1.213988768E-01 -6.717246868E-02 +1.167412850E-01
6.27000000000E+09 +4.363531200E-02 -1.225047368E-02 -1.064429745E-02 +8.351677073E-02 +3.889014987E-03 +1.174847275E-01
6.28000000000E+09 +5.028229378E-03 -4.506032064E-02 +2.930916391E-03 +3.154276644E-02 +6.030657023E-02 +7.377426346E-02
6.29000000000E+09 -3.965883948E-02 -2.141159097E-02 -5.697896639E-03 -2.419611290E-02 +8.214801443E-02 +4.983409424E-03
6.30000000000E+09 -3.424302709E-02 +2.831031744E-02 -3.539068450E-02 -7.312795311E-02 +6.010174319E-02 -6.500413091E-02
6.31000000000E+09 +1.283368890E-02 +4.169447137E-02 -8.085644574E-02 -1.070122965E-01 +4.614004223E-04 -1.093919585E-01
6.32000000000E+09 +4.254022319E-02 +4.465777711E-03 -1.345578199E-01 -1.204059120E-01 -8.026122649E-02 -1.106586745E-01
6.33000000000E+09 +2.086354398E-02 -3.661850163E-02 -1.872809269E-01 -1.107869459E-01 -1.487483278E-01 -6.091029222E-02
6.34000000000E+09 -2.471899817E-02 -3.366550105E-02 -2.284921128E-01 -7.954130488E-02 -1.724072151E-01 +2.031872204E-02
6.35000000000E+09 -4.104340278E-02 +8.964523665E-03 -2.486602691E-01 -3.340086453E-02 -1.394095192E-01 +9.868230857E-02
6.36000000000E+09 -8.496987336E-03 +4.195018382E-02 -2.426212675E-01 +1.622899178E-02 -6.206301237E-02 +1.394730997E-01
6.37000000000E+09 +3.602059011E-02 +2.487485109E-02 -2.117920633E-01 +5.681037564E-02 +1.814140193E-02 +1.277658620E-01
6.38000000000E+09 +3.771353197E-02 -2.449930632E-02 -1.636747796E-01 +7.830495625E-02 +6.790461075E-02 +6.893981154E-02
6.39000000000E+09 -8.769069706E-03 -4.511825564E-02 -1.092195279E-01 +7.606259198E-02 +7.138887491E-02 -2.435968347E-03
6.40000000000E+09 -4.575551638E-02 -8.504281996E-03 -5.919761831E-02 +5.083229266E-02 +3.700041190E-02 -5.631289068E-02
6.41000000000E+09 -2.487367671E-02 +3.962908508E-02 -2.243106919E-02 +7.257906015E-03 -1.825369627E-02 -7.692581865E-02
6.42000000000E+09 +2.749187442E-02 +3.765774618E-02 -5.500749529E-03 -4.705888174E-02 -7.250563272E-02 -6.311602055E-02
6.43000000000E+09 +4.494888463E-02 -1.126652076E-02 -1.149982113E-02 -1.019160129E-01 -1.078424910E-01 -2.207021012E-02
6.44000000000E+09 +6.721344467E-03 -4.552071043E-02 -3.778608711E-02 -1.462522537E-01 -1.112167601E-01 +2.952959023E-02
6.45000000000E+09 -3.937440162E-02 -2.360931323E-02 -7.625904029E-02 -1.723208521E-01 -7.693241929E-02 +6.793373529E-02
6.46000000000E+09 -3.712187850E-02 +2.722700843E-02 -1.169795527E-01 -1.780619697E-01 -2.990797438E-02 +7.610948970E-02
6.47000000000E+09 +1.101408731E-02 +4.486295293E-02 -1.520632170E-01 -1.666042530E-01 +5.467494740E-03 +5.309233732E-02
6.48000000000E+09 +4.616421330E-02 +7.028822782E-03 -1.772465254E-01 -1.425223784E-01 +1.078516751E-02 +1.670006844E-02
6.49000000000E+09 +2.424268607E-02 -4.023563498E-02 -1.903944549E-01 -1.096754589E-01 -1.003901057E-02 -1.171706616E-02
6.50000000000E+09 -2.839641793E-02 -3.779756143E-02 -1.893433466E-01 -7.124299720E-02 -3.910229044E-02 -1.272910557E-02
6.51000000000E+09 -4.610757033E-02 +1.224775224E-02 -1.712406116E-01 -3.231950756E-02 -5.680075134E-02 +4.073554345E-03
6.52000000000E+09 -5.872999905E-03 +4.750494047E-02 -1.359432132E-01 -7.213534225E-04 -5.756058420E-02 +2.576954234E-02
6.53000000000E+09 +4.223778948E-02 +2.318083395E-02 -8.823892665E-02 +1.554382771E-02 -4.469504029E-02 +4.361025138E-02
6.54000000000E+09 +3.725244207E-02 -3.062500360E-02 -3.681582064E-02 +1.258645919E-02 -2.331355271E-02 +4.837150705E-02
6.55000000000E+09 -1.466897400E-02 -4.585133753E-02 +9.472561543E-03 -8.229102563E-03 -1.330467089E-03 +3.875211362E-02
6.56000000000E+09 -4.781012609E-02 -3.431246257E-03 +4.460837546E-02 -4.271043390E-02 +9.430173204E-03 +1.537683814E-02
6.57000000000E+09 -2.084074499E-02 +4.272641234E-02 +6.469952960E-02 -8.597567395E-02 +6.935712396E-04 -1.428058765E-02
6.58000000000E+09 +3.143386477E-02 +3.512152474E-02 +6.670399998E-02 -1.325098255E-01 -2.825978508E-02 -3.215280289E-02
6.59000000000E+09 +4.394646657E-02 -1.555397586E-02 +4.901878345E-02 -1.747917556E-01 -6.356882946E-02 -2.729997976E-02
6.60000000000E+09 +2.357261174E-03 -4.631130650E-02 +1.382968800E-02 -2.038168723E-01 -8.847720209E-02 -8.115969951E-05
6.61000000000E+09 -4.158870312E-02 -2.000072950E-02 -3.146436491E-02 -2.121042826E-01 -8.998946005E-02 +3.928832130E-02
6.62000000000E+09 -3.433280643E-02 +3.071672632E-02 -7.611633393E-02 -1.975431046E-01 -7.101107676E-02 +7.345044502E-02
6.63000000000E+09 +1.534501742E-02 +4.364801868E-02 -1.105231443E-01 -1.638475383E-01 -3.424186542E-02 +9.054847131E-02
6.64000000000E+09 +4.637416059E-02 +2.500876846E-03 -1.290253124E-01 -1.181161465E-01 +5.431711489E-03 +8.448964486E-02
6.65000000000E+09 +1.986354778E-02 -4.212631091E-02 -1.299224923E-01 -6.754151295E-02 +3.600933610E-02 +5.854895596E-02
6.66000000000E+09 -3.164073800E-02 -3.436114527E-02 -1.134404813E-01 -1.824741175E-02 +4.858830838E-02 +1.619729560E-02
6.67000000000E+09 -4.366917027E-02 +1.644088635E-02 -8.083185889E-02 +2.380254736E-02 +3.483606870E-02 -2.563269602E-02
6.68000000000E+09 -1.188683760E-03 +4.658837528E-02 -3.567877485E-02 +5.242126920E-02 -3.734575348E-04 -5.337732239E-02
6.69000000000E+09 +4.251182193E-02 +1.858725614E-02 +1.530319739E-02 +6.310714300E-02 -4.492069743E-02 -5.438837227E-02
6.70000000000E+09 +3.320600253E-02 -3.217338455E-02 +6.386838984E-02 +5.530336405E-02 -8.262753032E-02 -3.099551596E-02
6.71000000000E+09 -1.698314655E-02 -4.284391863E-02 +1.033441496E-01 +3.232239743E-02 -1.015685525E-01 +9.883223667E-03
6.72000000000E+09 -4.605741882E-02 -6.987988385E-04 +1.299601215E-01 -1.300371956E-03 -9.551091920E-02 +5.159196983E-02
6.73000000000E+09 -1.835325167E-02 +4.237796902E-02 +1.414767805E-01 -4.160141905E-02 -6.495961190E-02 +8.394372061E-02
6.74000000000E+09 +3.235037323E-02 +3.317532859E-02 +1.354663531E-01 -8.468618788E-02 -2.238944322E-02 +9.117448774E-02
6.75000000000E+09 +4.319999715E-02 -1.760755921E-02 +1.094869489E-01 -1.243437670E-01 +1.660939921E-02 +7.362676030E-02
6.76000000000E+09 -1.147480321E-04 -4.684053717E-02 +6.426070778E-02 -1.513934052E-01 +3.608595253E-02 +3.654564950E-02
6.77000000000E+09 -4.354084726E-02 -1.724803578E-02 +6.379503805E-03 -1.570136633E-01 +3.014044734E-02 -1.378743890E-03
6.78000000000E+09 -3.207654014E-02 +3.396840268E-02 -5.292426564E-02 -1.370032660E-01 +3.391247982E-03 -2.431015855E-02
6.79000000000E+09 +1.939686154E-02 +4.220873215E-02 -1.021746294E-01 -9.400267432E-02 -3.127105632E-02 -2.608691220E-02
6.80000000000E+09 +4.603154699E-02 -2.020038095E-03 -1.333604150E-01 -3.502307966E-02 -5.779597508E-02 -1.037261952E-02
6.81000000000E+09 +1.557864147E-02 -4.292677130E-02 -1.424911498E-01 +3.157661752E-02 -7.046427119E-02 +1.461307117E-02
6.82000000000E+09 -3.345226960E-02 -3.066932115E-02 -1.281048975E-01 +9.718005565E-02 -6.407644150E-02 +3.970287251E-02
6.83000000000E+09 -4.114349797E-02 +1.902574039E-02 -9.122812859E-02 +1.525013074E-01 -4.309047397E-02 +5.719625317E-02
6.84000000000E+09 +1.691735920E-03 +4.551277786E-02 -3.699177988E-02 +1.881026389E-01 -1.696695712E-02 +6.024423922E-02
6.85000000000E+09 +4.301031655E-02 +1.595320041E-02 +2.474972162E-02 +1.970647195E-01 +7.761825722E-04 +4.523712515E-02
6.86000000000E+09 +3.131306576E-02 -3.416691144E-02 +8.128771638E-02 +1.782119011E-01 +4.193986218E-03 +2.172188329E-02
6.87000000000E+09 -2.031181873E-02 -4.228622763E-02 +1.212765174E-01 +1.372570232E-01 -1.109459451E-02 +4.762273308E-03
6.88000000000E+09 -4.709833610E-02 +3.270549280E-03 +1.381408773E-01 +8.384500747E-02 -3.350995151E-02 +7.709361508E-03
6.89000000000E+09 -1.411959734E-02 +4.518400043E-02 +1.305325172E-01 +2.808091835E-02 -4.293385425E-02 +2.580947945E-02
6.90000000000E+09 +3.691229004E-02 +2.964780589E-02 +1.003246971E-01 -2.147981567E-02 -3.638639660E-02 +4.407686400E-02
6.91000000000E+09 +4.084417056E-02 -2.339584654E-02 +5.136202418E-02 -5.719275922E-02 -1.982837533E-02 +5.119434604E-02
6.92000000000E+09 -6.715514155E-03 -4.617801883E-02 -9.480818019E-03 -7.244343107E-02 -3.820972024E-03 +4.550640517E-02
6.93000000000E+09 -4.481290115E-02 -1.074567498E-02 -7.210933367E-02 -6.394477003E-02 +5.731124993E-03 +3.467331469E-02
6.94000000000E+09 -2.637370691E-02 +3.704280219E-02 -1.256543682E-01 -3.422382695E-02 +7.254439367E-03 +1.859174096E-02
6.95000000000E+09 +2.399845402E-02 +3.805643309E-02 -1.627753855E-01 +9.278481885E-03 -1.757423394E-03 +2.938810598E-03
6.96000000000E+09 +4.392899846E-02 -7.496398810E-03 -1.812786755E-01 +5.782279643E-02 -1.922880684E-02 -8.211377948E-03
6.97000000000E+09 +9.872391036E-03 -4.308572882E-02 -1.824656508E-01 +1.046391792E-01 -4.343829853E-02 -1.894026016E-03
6.98000000000E+09 -3.588210585E-02 -2.562209888E-02 -1.686192243E-01 +1.450973010E-01 -5.810486353E-02 +2.054325279E-02
6.99000000000E+09 -3.761481761E-02 +2.325102818E-02 -1.419384449E-01 +1.749163490E-01 -5.471281846E-02 +5.128849732E-02
7.00000000000E+09 +7.113893008E-03 +4.386493254E-02 -1.061357377E-01 +1.894447000E-01 -3.194574592E-02 +7.126710188E-02

[Channel0\Trace0\Marker0]
Enabled=1
Position=0.2

[Channel0\Trace1]
ReferencePosition[0]=1

[Channel0\Trace1\Marker0]
Enabled=1
Position=0.2

[Channel0\Trace2]
SPort=0
FormatType=2

[Channel0\Trace2\Marker0]
Enabled=1
Position=0.2

[Channel0\Trace3]
SPort=0
FormatType=2

[Channel0\Trace3\Marker0]
Enabled=1
Position=0.2

