[NWA State]
TriggerSource=3

[Channel0]
Points=501
FrequencyStart=2000000000
FrequencyStop=7000000000
FixedPower[0]=5
FixedPower[1]=5
IFBW=1000
CorrectionEnabled=1
TraceCount=4

[Channel0\Correction\11]
Calyyyymmdd=2022/03/26
Calhhmmss=18:16:02
VNATemperature=37.5 °C
Type=3
KitLabel=ACM2509.2
KitDescription=AutoCal Module 20 kHz-9 GHz (CMT), SN: 19039185, Char: Factory, 26.3°C, ThermoComp: ON
CalIFBW=1 kHz
CalPower=5 dBm
CalPorts[0]=0
CalPorts[1]=0

[Channel0\Correction\11\Data]
2.00000000000E+09 -1.352091923E-01 -7.273670271E-02 -1.123157561E-01 -5.759125156E-02 -2.338009803E-01 +8.898530850E-02
2.01000000000E+09 -4.674920646E-02 +1.509696013E-01 -8.788620779E-02 +4.112595961E-02 -1.813386126E-01 +6.911925502E-02
2.02000000000E+09 +1.577024620E-01 +1.369897847E-02 -4.179607971E-03 +4.218785800E-02 -1.921817887E-01 +1.921624462E-02
2.03000000000E+09 -1.601975404E-02 -1.539241521E-01 -1.517447659E-04 +1.512662439E-03 -2.430965408E-01 +2.628350047E-02
2.04000000000E+09 -1.483747987E-01 +4.084655895E-02 -4.035079820E-03 +2.706190024E-02 -2.427744290E-01 +8.027424905E-02
2.05000000000E+09 +6.825853951E-02 +1.414815638E-01 +6.191420485E-02 +2.655700456E-02 -1.861671989E-01 +9.501948634E-02
2.06000000000E+09 +1.254455006E-01 -9.726718041E-02 +7.988962870E-02 -5.843560880E-02 -1.540097731E-01 +4.675889238E-02
2.07000000000E+09 -1.191156328E-01 -9.999149854E-02 +6.773576530E-03 -8.836712405E-02 -1.886786917E-01 -4.524037451E-03
2.08000000000E+09 -7.271699236E-02 +1.305805688E-01 -1.198285723E-02 -3.991783311E-02 -2.583958041E-01 -3.202886285E-03
2.09000000000E+09 +1.353949540E-01 +5.030021230E-02 +2.285994596E-02 -4.955785051E-02 -3.033035287E-01 +6.502040946E-02
2.10000000000E+09 +3.197000867E-02 -1.418561990E-01 -1.367950352E-02 -9.279991907E-02 -2.661552084E-01 +1.542690260E-01
2.11000000000E+09 -1.523884446E-01 -8.685562583E-03 -7.905557573E-02 -4.826713886E-02 -1.577685668E-01 +1.705185627E-01
2.12000000000E+09 +2.644984157E-02 +1.565214561E-01 -4.771963486E-02 +2.697074452E-02 -9.645984572E-02 +7.324830614E-02
2.13000000000E+09 +1.429397480E-01 -6.116241047E-02 +5.599845504E-03 +1.131488473E-02 -1.657033616E-01 -1.734363334E-02
2.14000000000E+09 -8.244498395E-02 -1.223284058E-01 -1.593960116E-02 -2.217357871E-03 -2.665719957E-01 +1.106404329E-02
2.15000000000E+09 -1.059003223E-01 +9.681506481E-02 -7.319560669E-03 +4.856615364E-02 -2.866031605E-01 +1.088274767E-01
2.16000000000E+09 +1.126707807E-01 +9.212059342E-02 +6.937887374E-02 +5.017612625E-02 -2.150130966E-01 +1.839651032E-01
2.17000000000E+09 +7.366181720E-02 -1.326536742E-01 +9.320098130E-02 -2.400911910E-02 -1.007356096E-01 +1.664427992E-01
2.18000000000E+09 -1.496460811E-01 -4.301460461E-02 +4.760428792E-02 -5.124901739E-02 -4.966288317E-02 +4.216697564E-02
2.19000000000E+09 -7.323803204E-03 +1.508018429E-01 +4.731028112E-02 -3.833965828E-02 -1.403542704E-01 -6.987900545E-02
2.20000000000E+09 +1.409969308E-01 -1.858700831E-02 +4.798240910E-02 -8.179732403E-02 -2.755264001E-01 -4.278670004E-02
2.21000000000E+09 -3.618129483E-02 -1.335755998E-01 -2.995515239E-02 -1.023662798E-01 -3.182998494E-01 +7.219007890E-02
2.22000000000E+09 -1.302210191E-01 +5.589535161E-02 -8.590027696E-02 -2.217533302E-02 -2.607321748E-01 +1.581561382E-01
2.23000000000E+09 +8.157453917E-02 +1.231862694E-01 -3.432689591E-02 +4.851398511E-02 -1.756903909E-01 +1.623711116E-01
2.24000000000E+09 +1.065302376E-01 -1.084247962E-01 +1.109004023E-02 +2.638451353E-02 -1.249158871E-01 +1.061290386E-01
2.25000000000E+09 -1.290799125E-01 -8.003429434E-02 -1.001273821E-02 +2.620601373E-02 -1.383456922E-01 +3.711528277E-02
2.26000000000E+09 -5.069675577E-02 +1.383998516E-01 +1.928572635E-02 +7.032509029E-02 -2.026458646E-01 +1.680631621E-02
2.27000000000E+09 +1.410822074E-01 +2.567872750E-02 +8.339217388E-02 +3.978619970E-02 -2.456232779E-01 +5.967127408E-02
2.28000000000E+09 +2.149698639E-03 -1.433207059E-01 +6.334452830E-02 -2.497200375E-02 -2.299443348E-01 +1.031400132E-01
2.29000000000E+09 -1.430361281E-01 +2.404270067E-02 +1.412683411E-02 -6.989536075E-03 -2.015056398E-01 +1.052238145E-01
2.30000000000E+09 +5.068975631E-02 +1.363098368E-01 +4.481341188E-02 +2.338686481E-02 -1.952606274E-01 +9.895604686E-02
2.31000000000E+09 +1.249084197E-01 -7.519427881E-02 +6.652540879E-02 -2.777022360E-02 -1.850879115E-01 +9.816409776E-02
2.32000000000E+09 -9.887797428E-02 -1.082732265E-01 +2.791653549E-03 -5.420808019E-02 -1.785674511E-01 +7.498845583E-02
2.33000000000E+09 -8.487841646E-02 +1.169923052E-01 -2.601302095E-02 +2.586553700E-03 -2.106093997E-01 +5.468203594E-02
2.34000000000E+09 +1.270943673E-01 +6.077840095E-02 +1.503288073E-02 +1.406370013E-02 -2.468805537E-01 +8.119254769E-02
2.35000000000E+09 +3.831918069E-02 -1.339586138E-01 -3.899861766E-03 -2.800796665E-02 -2.432814479E-01 +1.265781566E-01
2.36000000000E+09 -1.387960461E-01 -1.518727670E-02 -6.789164050E-02 +7.625390928E-03 -2.143963702E-01 +1.538148124E-01
2.37000000000E+09 +9.346151870E-03 +1.405907396E-01 -4.313839006E-02 +8.883042226E-02 -1.743688212E-01 +1.602123627E-01
2.38000000000E+09 +1.385734438E-01 -3.617032528E-02 +2.754475817E-02 +8.546991761E-02 -1.307916277E-01 +1.281420132E-01
2.39000000000E+09 -6.426919717E-02 -1.286159315E-01 +2.916818286E-02 +4.974974184E-02 -1.362071979E-01 +6.237719822E-02
2.40000000000E+09 -1.105895142E-01 +8.579393040E-02 +3.071119071E-02 +6.985459614E-02 -2.048701632E-01 +4.439611596E-02
2.41000000000E+09 +1.000361056E-01 +9.278461506E-02 +8.946160085E-02 +5.289965309E-02 -2.433042039E-01 +1.006122790E-01
2.42000000000E+09 +7.662691918E-02 -1.147157657E-01 +9.080240027E-02 -3.779575319E-02 -2.104268913E-01 +1.483273576E-01
2.43000000000E+09 -1.301597065E-01 -5.530719515E-02 +2.956552359E-03 -7.266254878E-02 -1.664656912E-01 +1.366389533E-01
2.44000000000E+09 -2.790820920E-02 +1.399060570E-01 -4.085294396E-02 -2.542961216E-02 -1.567060563E-01 +1.035375231E-01
2.45000000000E+09 +1.413822364E-01 -1.376309598E-03 -3.513110821E-02 -1.914710379E-02 -1.712303845E-01 +8.100519323E-02
2.46000000000E+09 -2.827646676E-02 -1.349843612E-01 -8.690540658E-02 -2.351184687E-02 -2.058903540E-01 +7.795780106E-02
2.47000000000E+09 -1.242992448E-01 +4.931947909E-02 -1.280613013E-01 +5.788484043E-02 -2.322469593E-01 +1.147984755E-01
2.48000000000E+09 +6.755905595E-02 +1.148390649E-01 -6.464745054E-02 +1.336560982E-01 -2.010706967E-01 +1.564313554E-01
2.49000000000E+09 +1.040192845E-01 -8.871501571E-02 +8.364267051E-03 +1.108322524E-01 -1.466982396E-01 +1.335421733E-01
2.50000000000E+09 -1.090932572E-01 -8.439338953E-02 +9.523127143E-03 +8.162226404E-02 -1.576021203E-01 +7.643547218E-02
2.51000000000E+09 -6.077372026E-02 +1.211294738E-01 +3.629810249E-02 +9.613023654E-02 -2.124917905E-01 +7.456792097E-02
2.52000000000E+09 +1.286470990E-01 +3.824208133E-02 +9.989256225E-02 +4.215686868E-02 -2.331031740E-01 +1.116179006E-01
2.53000000000E+09 +1.435374500E-02 -1.336051499E-01 +6.724700253E-02 -6.521725852E-02 -2.274090352E-01 +1.334544277E-01
2.54000000000E+09 -1.333696566E-01 +1.042987731E-02 -3.608110034E-02 -7.702675217E-02 -2.208170261E-01 +1.508825431E-01
2.55000000000E+09 +3.397682364E-02 +1.289666868E-01 -6.430701544E-02 -2.411124933E-02 -1.979057008E-01 +1.689882573E-01
2.56000000000E+09 +1.207512988E-01 -5.736075258E-02 -5.932763493E-02 -3.041770791E-02 -1.750389884E-01 +1.605496364E-01
2.57000000000E+09 -7.810724546E-02 -1.069062614E-01 -1.199879625E-01 -3.084845228E-02 -1.797165944E-01 +1.506483022E-01
2.58000000000E+09 -9.092116941E-02 +9.408296393E-02 -1.527909278E-01 +5.569471803E-02 -1.759467065E-01 +1.639922759E-01
2.59000000000E+09 +1.095735487E-01 +7.468830794E-02 -8.447628582E-02 +1.190431613E-01 -1.443719873E-01 +1.536852226E-01
2.60000000000E+09 +5.254047136E-02 -1.233580741E-01 -2.682906461E-02 +9.134621165E-02 -1.487474043E-01 +1.127709364E-01
2.61000000000E+09 -1.296246161E-01 -2.753584993E-02 -2.850559996E-02 +7.980577873E-02 -1.951247367E-01 +1.137846783E-01
2.62000000000E+09 -4.917040976E-03 +1.313567397E-01 +1.540391347E-02 +9.742647736E-02 -2.047167339E-01 +1.577576714E-01
2.63000000000E+09 +1.319521920E-01 -1.844766167E-02 +8.267066866E-02 +3.299196811E-02 -1.711239688E-01 +1.724655249E-01
2.64000000000E+09 -4.449430962E-02 -1.271816857E-01 +4.794892183E-02 -6.936302971E-02 -1.517436563E-01 +1.521832277E-01
2.65000000000E+09 -1.149519828E-01 +6.865916582E-02 -3.397945571E-02 -7.891482053E-02 -1.545368475E-01 +1.367965272E-01
2.66000000000E+09 +8.855623433E-02 +9.775015362E-02 -4.920869136E-02 -5.717031052E-02 -1.683621500E-01 +1.269460467E-01
2.67000000000E+09 +7.723668416E-02 -1.023455821E-01 -7.231874026E-02 -8.599681751E-02 -2.002900721E-01 +1.371834270E-01
2.68000000000E+09 -1.097331003E-01 -5.820885525E-02 -1.546739742E-01 -6.930264876E-02 -2.062340960E-01 +1.894384716E-01
2.69000000000E+09 -4.256419101E-02 +1.179017440E-01 -1.821318706E-01 +3.008503777E-02 -1.428989691E-01 +2.227157798E-01
2.70000000000E+09 +1.284638875E-01 +2.270725855E-02 -1.155562147E-01 +9.400572458E-02 -7.384641439E-02 +1.739284735E-01
2.71000000000E+09 -5.037215055E-03 -1.337633429E-01 -6.363780002E-02 +8.478038454E-02 -8.815383143E-02 +9.346545154E-02
2.72000000000E+09 -1.287648899E-01 +3.301976848E-02 -3.813520714E-02 +9.511001355E-02 -1.548110368E-01 +7.094239411E-02
2.73000000000E+09 +5.661832162E-02 +1.177247533E-01 +4.077908886E-02 +9.089981182E-02 -1.999971039E-01 +9.315498608E-02
2.74000000000E+09 +1.032443143E-01 -7.606555821E-02 +9.511559910E-02 -7.527195243E-03 -2.180240531E-01 +1.283855176E-01
2.75000000000E+09 -9.132171439E-02 -8.717094607E-02 +3.770765924E-02 -9.787225353E-02 -2.068304293E-01 +1.704275810E-01
2.76000000000E+09 -7.049845868E-02 +1.051596954E-01 -2.792432450E-02 -9.349604353E-02 -1.666637428E-01 +1.835663111E-01
2.77000000000E+09 +1.175006474E-01 +4.945579710E-02 -3.287874600E-02 -9.128835517E-02 -1.512268662E-01 +1.535235984E-01
2.78000000000E+09 +2.565652258E-02 -1.225905435E-01 -7.800494030E-02 -1.278232154E-01 -1.812551299E-01 +1.426283702E-01
2.79000000000E+09 -1.230386110E-01 -4.619787767E-03 -1.678253464E-01 -8.636168109E-02 -1.939858574E-01 +1.723534659E-01
2.80000000000E+09 +1.508307596E-02 +1.229710859E-01 -1.707628541E-01 +2.319114910E-02 -1.659905318E-01 +1.939721031E-01
2.81000000000E+09 +1.204954973E-01 -3.745529804E-02 -9.454095949E-02 +6.607879387E-02 -1.417704251E-01 +1.857653137E-01
2.82000000000E+09 -6.070198586E-02 -1.127121404E-01 -6.024253200E-02 +5.262872056E-02 -1.359847656E-01 +1.740019234E-01
2.83000000000E+09 -9.953707235E-02 +8.244215844E-02 -3.563403582E-02 +7.861167877E-02 -1.320611531E-01 +1.558323225E-01
2.84000000000E+09 +1.009393812E-01 +8.027345370E-02 +5.400464580E-02 +7.454642248E-02 -1.478723944E-01 +1.339964623E-01
2.85000000000E+09 +5.744342055E-02 -1.119752975E-01 +1.031679943E-01 -2.582732203E-02 -1.795084807E-01 +1.458240966E-01
2.86000000000E+09 -1.175168485E-01 -3.657488723E-02 +4.836702020E-02 -1.015100288E-01 -1.796720816E-01 +1.829820300E-01
2.87000000000E+09 -1.635620378E-02 +1.217930199E-01 +2.536636567E-03 -9.798282931E-02 -1.511604257E-01 +1.961522091E-01
2.88000000000E+09 +1.235727686E-01 -5.456749562E-03 -2.495458049E-03 -1.143156072E-01 -1.346624604E-01 +1.831809613E-01
2.89000000000E+09 -2.845819553E-02 -1.210398856E-01 -6.432924904E-02 -1.480220845E-01 -1.357558033E-01 +1.673501470E-01
2.90000000000E+09 -1.139280831E-01 +5.082042976E-02 -1.495179137E-01 -8.897342509E-02 -1.445585333E-01 +1.588890399E-01
2.91000000000E+09 +7.099425668E-02 +1.013723412E-01 -1.337949763E-01 +1.459752419E-02 -1.630410250E-01 +1.709180237E-01
2.92000000000E+09 +8.591880991E-02 -8.699320315E-02 -6.630072710E-02 +4.001214641E-02 -1.611076310E-01 +2.105650430E-01
2.93000000000E+09 -1.007180804E-01 -7.074502808E-02 -4.634618656E-02 +3.574555907E-02 -1.070934926E-01 +2.294796375E-01
2.94000000000E+09 -5.202827933E-02 +1.152556912E-01 -1.515071432E-02 +6.801586519E-02 -4.905396300E-02 +1.786594394E-01
2.95000000000E+09 +1.252396820E-01 +2.600636475E-02 +6.656584670E-02 +5.392893062E-02 -6.412656526E-02 +9.305006177E-02
2.96000000000E+09 -2.043876453E-03 -1.247837557E-01 +9.094579828E-02 -2.849361533E-02 -1.490349113E-01 +5.747569103E-02
2.97000000000E+09 -1.162086192E-01 +2.462055545E-02 +5.002136910E-02 -6.418038645E-02 -2.306738941E-01 +1.030919309E-01
2.98000000000E+09 +4.001276983E-02 +1.067441362E-01 +4.636700726E-02 -6.234765066E-02 -2.471648789E-01 +1.977547514E-01
2.99000000000E+09 +1.007671232E-01 -5.361056281E-02 +4.799942102E-02 -1.091595524E-01 -1.791703060E-01 +2.690753312E-01
3.00000000000E+09 -6.628005788E-02 -1.001894447E-01 -1.969970251E-02 -1.507043577E-01 -7.374702660E-02 +2.457507530E-01
3.01000000000E+09 -8.834082269E-02 +9.023127730E-02 -1.038246982E-01 -9.389811619E-02 -4.673032831E-02 +1.378995898E-01
3.02000000000E+09 +1.077905270E-01 +6.303432468E-02 -9.204441476E-02 -1.437617942E-02 -1.420395621E-01 +7.283812020E-02
3.03000000000E+09 +3.718908693E-02 -1.115623543E-01 -6.957643304E-02 +1.844577022E-04 -2.408431618E-01 +1.259741678E-01
3.04000000000E+09 -1.097718880E-01 -1.862608958E-02 -8.394733860E-02 +3.992288736E-02 -2.468756353E-01 +2.313399085E-01
3.05000000000E+09 -4.456158213E-03 +1.099943229E-01 -3.359368582E-02 +1.176096979E-01 -1.664447048E-01 +3.041653296E-01
3.06000000000E+09 +1.141278795E-01 -1.213405881E-02 +8.236671957E-02 +1.133930484E-01 -5.506483938E-02 +2.847326553E-01
3.07000000000E+09 -3.755422002E-02 -1.158133895E-01 +1.305353857E-01 +1.902694864E-02 -1.136661206E-02 +1.718734273E-01
3.08000000000E+09 -1.042748928E-01 +6.618206223E-02 +9.957028495E-02 -3.468025578E-02 -1.001162460E-01 +8.273503340E-02
3.09000000000E+09 +8.421859313E-02 +8.276799074E-02 +9.707778530E-02 -5.813884345E-02 -2.119714363E-01 +1.267275696E-01
3.10000000000E+09 +6.498712722E-02 -9.287162338E-02 +7.202140217E-02 -1.279680120E-01 -2.177588691E-01 +2.328825623E-01
3.11000000000E+09 -1.016223817E-01 -5.085383077E-02 -3.880503142E-02 -1.549109732E-01 -1.410703830E-01 +2.916545566E-01
3.12000000000E+09 -3.403879827E-02 +1.119982584E-01 -1.244277630E-01 -6.672239747E-02 -5.972653738E-02 +2.726906932E-01
3.13000000000E+09 +1.206519259E-01 +1.143927889E-02 -1.015523583E-01 +2.516515100E-02 -2.842774891E-02 +1.998827923E-01
3.14000000000E+09 -1.542766505E-02 -1.212870187E-01 -6.931739601E-02 +4.753738407E-02 -6.894649704E-02 +1.336515477E-01
3.15000000000E+09 -1.121860214E-01 +3.892577068E-02 -6.389292644E-02 +8.900446162E-02 -1.386332205E-01 +1.456589925E-01
3.16000000000E+09 +5.509303094E-02 +1.011887187E-01 +2.914971508E-03 +1.411104732E-01 -1.460945365E-01 +2.122884870E-01
3.17000000000E+09 +9.240203344E-02 -6.987627595E-02 +9.555361242E-02 +1.071034177E-01 -8.753249406E-02 +2.363716133E-01
3.18000000000E+09 -8.814323661E-02 -8.128457618E-02 +1.093761749E-01 +2.677722348E-02 -5.199751368E-02 +1.881850249E-01
3.19000000000E+09 -6.200951895E-02 +1.048858780E-01 +8.323299385E-02 -8.348694023E-04 -8.421126197E-02 +1.428526530E-01
3.20000000000E+09 +1.144271013E-01 +3.895302435E-02 +9.203405027E-02 -2.690749259E-02 -1.252822834E-01 +1.515774228E-01
3.21000000000E+09 +1.618793291E-02 -1.181502913E-01 +5.842608852E-02 -9.673931355E-02 -1.369736687E-01 +1.845872210E-01
3.22000000000E+09 -1.171919713E-01 +5.425219288E-03 -4.521161237E-02 -1.052040998E-01 -1.223952351E-01 +2.181521308E-01
3.23000000000E+09 +2.573489090E-02 +1.142820443E-01 -1.004577886E-01 -2.863622453E-02 -7.845844633E-02 +2.230327152E-01
3.24000000000E+09 +1.089345954E-01 -4.754431328E-02 -8.686423971E-02 +2.234156211E-02 -4.718826029E-02 +1.688903029E-01
3.25000000000E+09 -6.931144506E-02 -9.584627229E-02 -9.657308784E-02 +4.599749801E-02 -9.543302489E-02 +1.101114095E-01
3.26000000000E+09 -7.721070309E-02 +8.352694735E-02 -9.449397564E-02 +1.202215800E-01 -1.746787547E-01 +1.384078848E-01
3.27000000000E+09 +9.089887740E-02 +6.109249308E-02 -5.559673455E-03 +1.734295840E-01 -1.854083060E-01 +2.181367824E-01
3.28000000000E+09 +4.766411996E-02 -9.895106997E-02 +8.358347970E-02 +1.232656493E-01 -1.370362322E-01 +2.630344086E-01
3.29000000000E+09 -1.083006427E-01 -3.165123717E-02 +8.472472557E-02 +5.134202822E-02 -8.550584549E-02 +2.572500050E-01
3.30000000000E+09 -1.114997135E-02 +1.163468582E-01 +7.265836130E-02 +3.434250914E-02 -5.144075900E-02 +2.204909001E-01
3.31000000000E+09 +1.190973606E-01 -1.455587500E-02 +9.475538006E-02 -1.005670989E-02 -6.251613027E-02 +1.689466974E-01
3.32000000000E+09 -4.082207266E-02 -1.104702916E-01 +4.421644952E-02 -9.633182129E-02 -1.291718009E-01 +1.615904265E-01
3.33000000000E+09 -9.496284696E-02 +5.833226316E-02 -7.071991710E-02 -9.350116109E-02 -1.642839026E-01 +2.326650704E-01
3.34000000000E+09 +6.891184053E-02 +8.242639890E-02 -1.171752194E-01 -1.595395608E-02 -1.067588825E-01 +2.983274784E-01
3.35000000000E+09 +7.289643004E-02 -8.057069915E-02 -1.067870636E-01 +2.500113335E-02 -1.889569420E-02 +2.809465629E-01
3.36000000000E+09 -9.516521106E-02 -5.982607147E-02 -1.247010092E-01 +4.841938143E-02 +1.298317274E-02 +2.072683461E-01
3.37000000000E+09 -4.124454737E-02 +1.072262532E-01 -1.261434759E-01 +1.236057084E-01 -1.668125394E-02 +1.476714373E-01
3.38000000000E+09 +1.141194777E-01 +1.880310106E-02 -4.389486578E-02 +1.770502710E-01 -7.696383386E-02 +1.300545107E-01
3.39000000000E+09 -4.065605035E-03 -1.142114603E-01 +3.518249148E-02 +1.393741758E-01 -1.307919235E-01 +1.638756355E-01
3.40000000000E+09 -1.102874875E-01 +2.388275908E-02 +5.168672362E-02 +9.185882519E-02 -1.238383112E-01 +2.290589334E-01
3.41000000000E+09 +4.265873925E-02 +1.063148914E-01 +7.724421682E-02 +6.495192601E-02 -6.037325713E-02 +2.516948665E-01
3.42000000000E+09 +9.853813825E-02 -6.434763589E-02 +1.039349564E-01 -1.885652211E-02 -2.699660922E-02 +2.056583952E-01
3.43000000000E+09 -8.445640860E-02 -8.152123242E-02 +2.941266020E-02 -1.204916991E-01 -6.237144252E-02 +1.731818955E-01
3.44000000000E+09 -6.107686052E-02 +9.564966708E-02 -9.519726889E-02 -1.159089585E-01 -8.458551722E-02 +2.016860451E-01
3.45000000000E+09 +1.021850268E-01 +4.360803260E-02 -1.518528868E-01 -4.693315658E-02 -5.155646925E-02 +2.232094077E-01
3.46000000000E+09 +2.586424103E-02 -1.085846703E-01 -1.700435453E-01 +1.283285153E-03 -1.679825113E-02 +1.968358284E-01
3.47000000000E+09 -1.136811931E-01 -5.858475688E-03 -1.939231209E-01 +6.641203440E-02 -1.894320414E-02 +1.474547872E-01
3.48000000000E+09 +1.753132098E-02 +1.137345255E-01 -1.531302208E-01 +1.646860907E-01 -6.913862078E-02 +1.138043699E-01
3.49000000000E+09 +1.061938923E-01 -4.061601463E-02 -3.712994062E-02 +1.904413521E-01 -1.427699086E-01 +1.351910033E-01
3.50000000000E+09 -5.801422222E-02 -9.376590303E-02 +3.641990060E-02 +1.264356944E-01 -1.613235486E-01 +2.204995133E-01
3.51000000000E+09 -8.285092677E-02 +7.166567853E-02 +5.110023409E-02 +7.185711918E-02 -8.339933046E-02 +2.869379481E-01
3.52000000000E+09 +8.771246586E-02 +7.180933497E-02 +7.626053485E-02 +2.186731778E-02 +1.283215016E-02 +2.394467254E-01
3.53000000000E+09 +5.133489051E-02 -1.050341721E-01 +6.685081190E-02 -7.945074953E-02 -2.498925517E-03 +1.219541648E-01
3.54000000000E+09 -1.107408650E-01 -2.278074673E-02 -4.066285555E-02 -1.434757620E-01 -1.259891035E-01 +9.390676090E-02
3.55000000000E+09 -2.189364689E-04 +1.041918765E-01 -1.363515783E-01 -9.757986594E-02 -2.061884705E-01 +1.959920197E-01
3.56000000000E+09 +9.607751632E-02 -1.288953865E-02 -1.535992233E-01 -4.089923990E-02 -1.642673835E-01 +3.226167446E-01
3.57000000000E+09 -2.218095709E-02 -9.352933416E-02 -1.678940251E-01 -1.891354240E-02 -2.967265773E-02 +3.732763686E-01
3.58000000000E+09 -9.568127149E-02 +3.504603393E-02 -1.990755703E-01 +3.622293099E-02 +1.064100673E-01 +2.956506184E-01
3.59000000000E+09 +5.781595775E-02 +9.481318350E-02 -1.633555370E-01 +1.288021396E-01 +1.153016902E-01 +1.168318776E-01
3.60000000000E+09 +7.889076666E-02 -8.314157692E-02 -5.859830289E-02 +1.511061433E-01 -4.488924443E-02 +1.421118961E-02
3.61000000000E+09 -9.475862329E-02 -5.350491212E-02 +3.610688670E-03 +1.032818711E-01 -1.962971899E-01 +1.146220001E-01
3.62000000000E+09 -3.490607882E-02 +9.576846338E-02 +3.623304991E-02 +6.799236962E-02 -1.836918718E-01 +2.772135536E-01
3.63000000000E+09 +9.798161050E-02 +2.234669433E-02 +8.407834512E-02 +7.109232224E-03 -5.793541191E-02 +3.436047476E-01
3.64000000000E+09 +8.383572406E-03 -1.044096748E-01 +7.553727236E-02 -1.090676380E-01 +6.169884807E-02 +2.816106331E-01
3.65000000000E+09 -1.100927234E-01 +1.318988678E-02 -3.306785350E-02 -1.809123144E-01 +7.057365392E-02 +1.505795182E-01
3.66000000000E+09 +3.950363373E-02 +1.053103346E-01 -1.346780020E-01 -1.448654797E-01 -3.552146476E-02 +8.280943784E-02
3.67000000000E+09 +9.054448913E-02 -5.981160123E-02 -1.690929823E-01 -9.223736251E-02 -1.327473477E-01 +1.490870260E-01
3.68000000000E+09 -7.111312751E-02 -7.611334821E-02 -2.034370524E-01 -4.840638976E-02 -1.156259917E-01 +2.607616987E-01
3.69000000000E+09 -6.503406947E-02 +8.107902995E-02 -2.175526635E-01 +4.442115525E-02 -1.858336779E-02 +2.918621940E-01
3.70000000000E+09 +9.481182138E-02 +5.261175693E-02 -1.373648358E-01 +1.359903524E-01 +5.524177117E-02 +2.162348687E-01
3.71000000000E+09 +3.208285073E-02 -1.077995736E-01 -1.835486711E-02 +1.272327291E-01 +2.814976459E-02 +1.219363562E-01
3.72000000000E+09 -1.121994886E-01 -6.360912897E-03 +3.624605498E-02 +6.314390170E-02 -6.327390178E-02 +1.082940246E-01
3.73000000000E+09 +1.629798551E-02 +1.075363883E-01 +6.459957103E-02 +1.666944023E-02 -1.130323638E-01 +1.708500648E-01
3.74000000000E+09 +1.006630403E-01 -3.383424526E-02 +9.290430735E-02 -5.969300680E-02 -8.326821245E-02 +2.340880120E-01
3.75000000000E+09 -5.049361353E-02 -9.412075985E-02 +4.783241400E-02 -1.591175632E-01 -2.538236616E-02 +2.326284637E-01
3.76000000000E+09 -8.433263700E-02 +6.897570882E-02 -5.749003860E-02 -1.809956201E-01 -9.321037457E-03 +1.792166927E-01
3.77000000000E+09 +8.578998849E-02 +6.740544549E-02 -1.128377729E-01 -1.314288197E-01 -5.536014749E-02 +1.503696787E-01
3.78000000000E+09 +4.684437262E-02 -9.539813641E-02 -1.271659048E-01 -1.059104254E-01 -1.043414938E-01 +1.941918229E-01
3.79000000000E+09 -9.824412905E-02 -2.845751280E-02 -1.694582509E-01 -7.312161644E-02 -8.994553703E-02 +2.646242727E-01
3.80000000000E+09 -1.306829082E-02 +1.003317497E-01 -1.779464836E-01 +1.998681029E-02 -1.550727462E-02 +2.857241609E-01
3.81000000000E+09 +1.034316030E-01 -3.321603579E-03 -9.559516239E-02 +9.115581828E-02 +5.444393188E-02 +2.367503674E-01
3.82000000000E+09 -2.445923694E-02 -1.044789752E-01 -6.254608329E-03 +7.247469033E-02 +4.686071731E-02 +1.496359217E-01
3.83000000000E+09 -9.699722976E-02 +4.751352214E-02 +2.783830930E-02 +3.710833372E-02 -3.870159909E-02 +1.116471468E-01
3.84000000000E+09 +6.479718621E-02 +8.211243982E-02 +7.226669784E-02 +1.681252828E-02 -1.075636032E-01 +1.713791674E-01
3.85000000000E+09 +6.708003406E-02 -7.503576496E-02 +1.184520571E-01 -5.919107164E-02 -8.990753260E-02 +2.587229294E-01
3.86000000000E+09 -8.323421325E-02 -5.464613617E-02 +8.026234474E-02 -1.582571688E-01 -6.134261653E-03 +2.877616022E-01
3.87000000000E+09 -4.165813836E-02 +9.310628611E-02 -1.096063166E-02 -1.816113217E-01 +7.100882092E-02 +2.352579779E-01
3.88000000000E+09 +1.035576923E-01 +2.334517749E-02 -6.075122410E-02 -1.493485181E-01 +6.892932783E-02 +1.396812983E-01
3.89000000000E+09 -6.938402248E-04 -1.072072185E-01 -9.117973625E-02 -1.327133739E-01 -2.557959452E-02 +8.874153019E-02
3.90000000000E+09 -1.006054834E-01 +2.364281767E-02 -1.436801765E-01 -8.533056960E-02 -1.158859872E-01 +1.459375430E-01
3.91000000000E+09 +3.876987543E-02 +8.998307073E-02 -1.406031547E-01 +1.489895351E-02 -1.002005814E-01 +2.566586317E-01
3.92000000000E+09 +8.217460269E-02 -4.998324393E-02 -6.029108908E-02 +7.455511304E-02 +2.236891161E-03 +2.993307529E-01
3.93000000000E+09 -6.349858592E-02 -7.614282646E-02 +1.181090261E-02 +6.421604396E-02 +9.183496661E-02 +2.294133144E-01
3.94000000000E+09 -6.549519473E-02 +8.062562940E-02 +5.086077907E-02 +4.994537517E-02 +7.932633606E-02 +1.101850428E-01
3.95000000000E+09 +9.500630028E-02 +4.594323960E-02 +1.104292178E-01 +2.966476187E-02 -3.626193875E-02 +6.089283324E-02
3.96000000000E+09 +2.305791205E-02 -9.948283417E-02 +1.514259594E-01 -5.282320223E-02 -1.371936261E-01 +1.344644529E-01
3.97000000000E+09 -9.703901784E-02 -4.828217196E-03 +1.075909158E-01 -1.348536001E-01 -1.220575036E-01 +2.608588735E-01
3.98000000000E+09 +8.845322176E-03 +9.527445157E-02 +4.021123390E-02 -1.474159939E-01 -6.890312396E-03 +3.177549582E-01
3.99000000000E+09 +9.636152472E-02 -2.366124406E-02 +5.646134134E-03 -1.385117510E-01 +1.021616216E-01 +2.438315298E-01
4.00000000000E+09 -4.520310333E-02 -9.405891131E-02 -4.294190072E-02 -1.395862694E-01 +8.551668957E-02 +9.900184166E-02
4.01000000000E+09 -8.060810582E-02 +6.684643489E-02 -1.112959896E-01 -8.354128954E-02 -5.168591701E-02 +5.563785530E-02
4.02000000000E+09 +7.836421523E-02 +6.101650109E-02 -1.074474840E-01 +1.968570996E-02 -1.459863920E-01 +1.614194875E-01
4.03000000000E+09 +4.563513532E-02 -8.256518391E-02 -4.249848169E-02 +7.360622619E-02 -1.030732726E-01 +2.839903308E-01
4.04000000000E+09 -8.743479894E-02 -3.496104900E-02 +6.527534227E-03 +8.538693616E-02 +1.938183663E-02 +3.086970645E-01
4.05000000000E+09 -2.251954648E-02 +9.638536766E-02 +5.571667570E-02 +1.065728578E-01 +1.033485568E-01 +2.174927354E-01
4.06000000000E+09 +1.048058021E-01 +2.028029894E-03 +1.461062109E-01 +9.344975646E-02 +6.006817308E-02 +9.141501364E-02
4.07000000000E+09 -2.398015099E-02 -1.025138482E-01 +2.013104451E-01 -4.164309024E-03 -7.737468776E-02 +8.380553630E-02
4.08000000000E+09 -8.995799416E-02 +4.344364596E-02 +1.595470126E-01 -9.537648176E-02 -1.380896050E-01 +2.128801360E-01
4.09000000000E+09 +5.423989803E-02 +7.871211531E-02 +9.795389851E-02 -1.233207222E-01 -5.179825817E-02 +3.208881437E-01
4.10000000000E+09 +7.112008269E-02 -6.500112685E-02 +4.809336551E-02 -1.406205272E-01 +8.315524380E-02 +2.926039033E-01
4.11000000000E+09 -8.056887147E-02 -6.171551351E-02 -3.728278118E-02 -1.434446955E-01 +1.275496515E-01 +1.601035693E-01
4.12000000000E+09 -4.299331841E-02 +9.552409734E-02 -1.255022095E-01 -6.304319808E-02 +2.765965942E-02 +6.563968366E-02
4.13000000000E+09 +1.004600474E-01 +1.889352852E-02 -1.212436375E-01 +5.900820810E-02 -9.460376874E-02 +1.156640704E-01
4.14000000000E+09 -2.512889889E-04 -9.748463879E-02 -5.650307797E-02 +1.258716831E-01 -9.836431389E-02 +2.401086549E-01
4.15000000000E+09 -9.457161118E-02 +1.403022440E-02 +2.239768517E-03 +1.570153001E-01 +7.193611760E-03 +2.970346840E-01
4.16000000000E+09 +2.914047935E-02 +9.449376747E-02 +8.102582544E-02 +1.785960551E-01 +1.108084244E-01 +2.231222665E-01
4.17000000000E+09 +9.156965808E-02 -5.049600424E-02 +1.828121877E-01 +1.333301394E-01 +9.122450607E-02 +8.790536855E-02
4.18000000000E+09 -7.268206579E-02 -7.677739510E-02 +2.137862611E-01 +1.565897094E-02 -5.164720402E-02 +5.536402053E-02
4.19000000000E+09 -5.574975730E-02 +8.438355432E-02 +1.557077882E-01 -6.783400550E-02 -1.395328649E-01 +1.752806860E-01
4.20000000000E+09 +8.779286677E-02 +3.862594921E-02 +9.185239630E-02 -9.727805231E-02 -7.054063373E-02 +2.953839840E-01
4.21000000000E+09 +2.570257328E-02 -9.227625993E-02 +2.234433013E-02 -1.191347605E-01 +6.721639303E-02 +2.897537113E-01
4.22000000000E+09 -9.952654098E-02 -9.816293441E-03 -8.173447610E-02 -9.730149362E-02 +1.265127326E-01 +1.669701721E-01
4.23000000000E+09 +1.325554901E-02 +1.022301865E-01 -1.503635738E-01 +9.628133159E-03 +4.047982585E-02 +5.618522667E-02
4.24000000000E+09 +9.411311580E-02 -3.656042658E-02 -1.204337929E-01 +1.191871120E-01 -9.681921984E-02 +8.914130142E-02
4.25000000000E+09 -5.132284729E-02 -8.062227275E-02 -6.018913046E-02 +1.670289738E-01 -1.280519169E-01 +2.222617571E-01
4.26000000000E+09 -6.962881934E-02 +6.026587759E-02 -6.153940404E-03 +1.975223655E-01 -2.744618515E-02 +3.066277771E-01
4.27000000000E+09 +7.103977603E-02 +6.195110633E-02 +7.925141976E-02 +2.075147365E-01 +1.009423148E-01 +2.582747307E-01
4.28000000000E+09 +4.995689271E-02 -8.598336396E-02 +1.652730224E-01 +1.393722391E-01 +1.158831639E-01 +1.168594075E-01
4.29000000000E+09 -9.824678029E-02 -2.801010617E-02 +1.657230711E-01 +2.913374253E-02 -2.238035177E-02 +4.039642792E-02
4.30000000000E+09 -3.500705744E-03 +9.772944709E-02 +1.084286651E-01 -3.000954328E-02 -1.500565577E-01 +1.334415796E-01
4.31000000000E+09 +9.055683252E-02 -1.330527798E-02 +5.963442620E-02 -6.232291508E-02 -1.244638475E-01 +2.830831563E-01
4.32000000000E+09 -2.478444087E-02 -8.551248201E-02 -1.711285834E-02 -9.394265297E-02 +4.373259531E-03 +3.409138834E-01
4.33000000000E+09 -8.307295092E-02 +3.743470410E-02 -1.268129197E-01 -6.085621545E-02 +1.207200436E-01 +2.722530231E-01
4.34000000000E+09 +5.467766529E-02 +7.833095898E-02 -1.780593005E-01 +5.003252150E-02 +1.302976926E-01 +1.427216566E-01
4.35000000000E+09 +6.554231230E-02 -7.294467423E-02 -1.378659069E-01 +1.400397213E-01 +2.303147259E-02 +6.949358028E-02
4.36000000000E+09 -8.352958582E-02 -4.606794731E-02 -8.752917071E-02 +1.726381377E-01 -8.789523348E-02 +1.252765569E-01
4.37000000000E+09 -2.827600994E-02 +8.637894414E-02 -3.905000265E-02 +2.012406325E-01 -8.303459212E-02 +2.437034904E-01
4.38000000000E+09 +8.732119332E-02 +1.523065249E-02 +4.623017922E-02 +1.996411925E-01 +1.804984208E-02 +2.991681018E-01
4.39000000000E+09 +2.065747516E-03 -9.087118448E-02 +1.144520022E-01 +1.198775461E-01 +1.085592833E-01 +2.441175089E-01
4.40000000000E+09 -9.375774516E-02 +1.557048610E-02 +9.645070693E-02 +1.970921804E-02 +1.127363366E-01 +1.398381964E-01
4.41000000000E+09 +3.673959011E-02 +9.029891916E-02 +3.699349558E-02 -2.440581702E-02 +4.137840947E-02 +8.661459407E-02
4.42000000000E+09 +7.930776085E-02 -5.569931729E-02 -7.764531200E-03 -4.504784836E-02 -3.381370184E-02 +1.088766042E-01
4.43000000000E+09 -6.885807894E-02 -6.431867560E-02 -7.265739436E-02 -6.063956073E-02 -5.929480317E-02 +1.701002322E-01
4.44000000000E+09 -4.928270779E-02 +7.721017899E-02 -1.443611559E-01 -1.996416616E-02 -2.705113104E-02 +2.241029141E-01
4.45000000000E+09 +8.365837773E-02 +3.511927018E-02 -1.545470144E-01 +5.256495624E-02 +2.758352759E-02 +2.275068822E-01
4.46000000000E+09 +2.019576468E-02 -8.924185386E-02 -1.232831506E-01 +8.421200052E-02 +5.466028201E-02 +1.801498023E-01
4.47000000000E+09 -9.232302629E-02 -2.490482245E-03 -1.128283990E-01 +9.234714401E-02 +3.451756841E-02 +1.418243620E-01
4.48000000000E+09 +1.550110009E-02 +9.072371301E-02 -9.584910006E-02 +1.223095320E-01 +3.124794165E-03 +1.464683949E-01
4.49000000000E+09 +8.582821936E-02 -3.234062722E-02 -3.909888547E-02 +1.296673544E-01 -8.262433872E-03 +1.596216830E-01
4.50000000000E+09 -4.788601418E-02 -7.814253878E-02 +1.183902706E-03 +8.554418160E-02 -1.076475221E-02 +1.622175770E-01
4.51000000000E+09 -6.753041602E-02 +6.203244006E-02 +8.285896600E-04 +4.636790899E-02 -1.624522597E-02 +1.693630905E-01
4.52000000000E+09 +7.391698891E-02 +5.415948918E-02 +1.112461451E-02 +2.160043335E-02 -2.035143557E-02 +1.783879514E-01
4.53000000000E+09 +3.831904963E-02 -8.268307291E-02 +1.761544150E-02 -4.021666365E-02 -2.468640199E-02 +1.891368166E-01
4.54000000000E+09 -8.732537163E-02 -2.118667113E-02 -4.091125144E-02 -1.036060441E-01 -1.687666506E-02 +2.152344156E-01
4.55000000000E+09 -4.927416013E-03 +8.848649316E-02 -1.222808324E-01 -9.704572814E-02 +2.073759534E-02 +2.287097755E-01
4.56000000000E+09 +8.825182004E-02 -1.074480243E-02 -1.579543873E-01 -5.522364019E-02 +6.101135268E-02 +1.846547709E-01
4.57000000000E+09 -2.860491451E-02 -8.525110609E-02 -1.756206138E-01 -2.647192991E-02 +3.625098251E-02 +1.175740869E-01
4.58000000000E+09 -7.629255509E-02 +4.577808090E-02 -1.945010854E-01 +2.613587246E-02 -5.010952543E-02 +1.151390410E-01
4.59000000000E+09 +5.799758037E-02 +6.286398168E-02 -1.535767391E-01 +9.901429577E-02 -1.036737797E-01 +1.969131071E-01
4.60000000000E+09 +5.021753566E-02 -6.477235198E-02 -6.114530699E-02 +1.094096018E-01 -6.296574552E-02 +2.897313116E-01
4.61000000000E+09 -7.022013669E-02 -4.000672873E-02 -3.167069524E-03 +5.528658169E-02 +4.707982179E-02 +3.216659680E-01
4.62000000000E+09 -3.036352098E-02 +7.752106445E-02 +1.015389143E-02 +6.554606525E-03 +1.509275891E-01 +2.479164853E-01
4.63000000000E+09 +8.668544525E-02 +1.609367362E-02 +2.725339162E-02 -3.544401508E-02 +1.502900080E-01 +9.692535782E-02
4.64000000000E+09 -5.837430072E-03 -9.058159109E-02 +2.310963576E-02 -1.093118362E-01 +2.738333541E-03 +1.688226061E-02
4.65000000000E+09 -8.269028637E-02 +2.682777402E-02 -4.441004254E-02 -1.610859759E-01 -1.430278359E-01 +1.211283595E-01
4.66000000000E+09 +3.832294656E-02 +7.095244979E-02 -1.102515417E-01 -1.448147618E-01 -1.154029395E-01 +2.872119001E-01
4.67000000000E+09 +6.292587680E-02 -4.514865159E-02 -1.347089543E-01 -1.144963225E-01 +3.915907756E-02 +3.467739674E-01
4.68000000000E+09 -5.418564934E-02 -5.841604229E-02 -1.567171941E-01 -9.226588720E-02 +1.719414282E-01 +2.511757266E-01
4.69000000000E+09 -5.071261931E-02 +6.781615375E-02 -1.766772806E-01 -3.865380789E-02 +1.575778915E-01 +7.479588599E-02
4.70000000000E+09 +8.038248633E-02 +3.449322966E-02 -1.383356228E-01 +3.151029312E-02 -1.583362887E-02 -9.367477203E-03
4.71000000000E+09 +1.409046742E-02 -8.306294873E-02 -6.066518481E-02 +4.725055471E-02 -1.728422293E-01 +1.126009621E-01
4.72000000000E+09 -7.897040817E-02 +2.890647102E-04 -8.087107482E-03 +2.545470018E-02 -1.443662597E-01 +3.048167283E-01
4.73000000000E+09 +9.221313819E-03 +7.685856597E-02 +3.803042762E-02 +5.420641970E-03 +2.781440790E-02 +3.748941333E-01
4.74000000000E+09 +7.905357758E-02 -2.011716346E-02 +9.490736098E-02 -4.685966653E-02 +1.757968143E-01 +2.698441072E-01
4.75000000000E+09 -3.826257404E-02 -7.943121468E-02 +1.022656400E-01 -1.467722377E-01 +1.529413498E-01 +8.898326588E-02
4.76000000000E+09 -6.931577897E-02 +5.871203737E-02 +3.020666098E-02 -2.132148665E-01 -1.543092720E-02 +2.794067251E-02
4.77000000000E+09 +7.011627755E-02 +5.137337094E-02 -4.155947989E-02 -2.067148707E-01 -1.271251341E-01 +1.465983086E-01
4.78000000000E+09 +3.667989709E-02 -7.413805700E-02 -8.511043970E-02 -1.829172043E-01 -7.841979822E-02 +2.860414200E-01
4.79000000000E+09 -7.823360391E-02 -2.610095336E-02 -1.311883215E-01 -1.394608407E-01 +5.306539765E-02 +3.048048397E-01
4.80000000000E+09 -1.373678780E-02 +8.586029847E-02 -1.423776777E-01 -4.797496358E-02 +1.253688397E-01 +1.905109620E-01
4.81000000000E+09 +9.103261945E-02 -6.913194951E-03 -6.941120232E-02 +3.249900161E-02 +4.344922409E-02 +7.821186269E-02
4.82000000000E+09 -2.949616745E-02 -8.471247059E-02 +2.332682946E-02 +3.077808862E-02 -9.796786678E-02 +1.239284476E-01
4.83000000000E+09 -7.190886570E-02 +4.317591070E-02 +7.206021094E-02 +2.152402146E-03 -1.091511627E-01 +2.688001969E-01
4.84000000000E+09 +5.094012979E-02 +6.219486100E-02 +1.205910821E-01 -2.171803651E-02 +8.132427190E-03 +3.472647565E-01
4.85000000000E+09 +5.556602690E-02 -5.977666494E-02 +1.669541499E-01 -8.838543892E-02 +1.283196928E-01 +2.936618595E-01
4.86000000000E+09 -7.270436128E-02 -4.658687650E-02 +1.423413888E-01 -1.806714611E-01 +1.442564835E-01 +1.592732605E-01
4.87000000000E+09 -2.952262497E-02 +8.399429100E-02 +5.956109039E-02 -2.080887243E-01 +4.064216183E-02 +8.756414629E-02
4.88000000000E+09 +8.679180636E-02 +8.322475492E-03 +1.103058037E-02 -1.745378816E-01 -6.187573943E-02 +1.575643550E-01
4.89000000000E+09 -8.034459126E-03 -8.254310293E-02 -9.342752140E-03 -1.497047205E-01 -3.974135114E-02 +2.721420681E-01
4.90000000000E+09 -7.883901835E-02 +2.007497005E-02 -4.105925442E-02 -1.111447626E-01 +7.221133694E-02 +2.931560603E-01
4.91000000000E+09 +3.344287026E-02 +7.653352124E-02 -3.856044115E-02 -3.478220017E-02 +1.462347714E-01 +2.041799194E-01
4.92000000000E+09 +7.064191435E-02 -5.044335564E-02 +2.565188565E-02 +1.540970194E-02 +9.848057684E-02 +9.378845788E-02
4.93000000000E+09 -6.557111677E-02 -5.704953312E-02 +8.291908238E-02 +5.627379822E-03 -1.749034528E-02 +7.949754364E-02
4.94000000000E+09 -3.969417507E-02 +7.350058394E-02 +1.078142081E-01 -5.142025958E-03 -8.394626862E-02 +1.681204236E-01
4.95000000000E+09 +7.585021737E-02 +2.483105436E-02 +1.453826724E-01 -1.586644772E-02 -5.538836634E-02 +2.645171773E-01
4.96000000000E+09 +1.266501282E-02 -7.739087302E-02 +1.690202680E-01 -6.611569124E-02 +2.797580737E-02 +2.878255756E-01
4.97000000000E+09 -7.955626965E-02 -2.761828276E-04 +1.324306375E-01 -1.115500211E-01 +9.314024957E-02 +2.372110317E-01
4.98000000000E+09 +1.557064338E-02 +8.008652263E-02 +8.493744536E-02 -9.563674980E-02 +8.271844979E-02 +1.725699793E-01
4.99000000000E+09 +7.545286720E-02 -3.238298175E-02 +8.404910117E-02 -6.594736278E-02 +2.758256287E-02 +1.525815243E-01
5.00000000000E+09 -4.652812509E-02 -6.624362406E-02 +8.322992458E-02 -6.691663342E-02 -5.580220989E-03 +1.753195510E-01
5.01000000000E+09 -5.472226689E-02 +5.717402001E-02 +5.891248657E-02 -4.920094841E-02 -8.004265182E-03 +2.110488148E-01
5.02000000000E+09 +6.494698433E-02 +4.245942968E-02 +6.589210619E-02 -8.070743090E-03 +6.364831497E-03 +2.367435715E-01
5.03000000000E+09 +3.019871312E-02 -7.041417101E-02 +9.571624500E-02 -3.216175470E-03 +4.035112511E-02 +2.409950332E-01
5.04000000000E+09 -7.453004773E-02 -1.741276671E-02 +8.729216461E-02 -1.709741693E-02 +6.665178591E-02 +2.182010743E-01
5.05000000000E+09 -3.004516989E-03 +7.690557773E-02 +6.587123633E-02 +1.039241444E-02 +5.608745119E-02 +1.871493958E-01
5.06000000000E+09 +7.565315481E-02 -1.222920040E-02 +8.862466979E-02 +4.674331242E-02 +2.423379223E-02 +1.770706996E-01
5.07000000000E+09 -2.606942062E-02 -7.046413936E-02 +1.174001334E-01 +4.195041594E-02 +3.160253845E-03 +1.974584966E-01
5.08000000000E+09 -6.270329082E-02 +3.759513440E-02 +1.155449676E-01 +3.816581362E-02 +2.054692070E-03 +2.362353962E-01
5.09000000000E+09 +4.625312260E-02 +5.434378282E-02 +1.309699578E-01 +5.494695623E-02 +3.320747615E-02 +2.633347253E-01
5.10000000000E+09 +4.659065241E-02 -5.388077894E-02 +1.690765667E-01 +3.476817634E-02 +8.495013174E-02 +2.472579212E-01
5.11000000000E+09 -6.206002395E-02 -3.775093496E-02 +1.616881365E-01 -2.340589242E-02 +9.888376375E-02 +1.946644395E-01
5.12000000000E+09 -2.518149503E-02 +6.978809326E-02 +1.036206171E-01 -4.622602437E-02 +5.378333460E-02 +1.628637589E-01
5.13000000000E+09 +7.301519938E-02 +1.039185118E-02 +6.147664197E-02 -2.634949736E-02 +1.436929133E-02 +1.891124698E-01
5.14000000000E+09 -3.319653208E-03 -7.226172231E-02 +3.267876617E-02 -1.226440380E-02 +3.016846059E-02 +2.286925192E-01
5.15000000000E+09 -6.997856480E-02 +1.570790212E-02 -1.351834738E-02 +2.021081565E-02 +6.635428358E-02 +2.257870809E-01
5.16000000000E+09 +2.798369586E-02 +6.636282387E-02 -2.866000779E-02 +9.705959981E-02 +7.899180087E-02 +1.868624922E-01
5.17000000000E+09 +6.001780540E-02 -3.993546343E-02 +2.053610725E-02 +1.560860746E-01 +4.976359406E-02 +1.542325977E-01
5.18000000000E+09 -5.038565448E-02 -5.025105169E-02 +7.581731286E-02 +1.583421071E-01 -6.401556876E-03 +1.694783676E-01
5.19000000000E+09 -3.921249525E-02 +5.684507372E-02 +1.083238494E-01 +1.473554322E-01 -2.729236089E-02 +2.332044922E-01
5.20000000000E+09 +6.094807806E-02 +2.958593170E-02 +1.513020453E-01 +1.252573079E-01 +2.597712734E-02 +2.801730204E-01
5.21000000000E+09 +2.110824040E-02 -6.584917537E-02 +1.792004983E-01 +5.263743484E-02 +9.627483415E-02 +2.542143064E-01
5.22000000000E+09 -7.169798952E-02 -8.993385825E-03 +1.310635683E-01 -3.290282449E-02 +9.360867852E-02 +1.843548481E-01
5.23000000000E+09 +7.235972634E-03 +7.348649039E-02 +3.920878923E-02 -5.187111621E-02 +2.821778144E-02 +1.663274215E-01
5.24000000000E+09 +6.861037833E-02 -2.234503678E-02 -2.174194608E-02 -2.572167140E-02 -3.908702309E-03 +2.225517875E-01
5.25000000000E+09 -3.327834822E-02 -6.120994594E-02 -7.195709330E-02 +5.512971561E-04 +2.977335443E-02 +2.732235304E-01
5.26000000000E+09 -5.446493559E-02 +4.189890015E-02 -1.231550465E-01 +6.245647446E-02 +9.118281568E-02 +2.653077546E-01
5.27000000000E+09 +5.049706810E-02 +4.793119554E-02 -1.142550541E-01 +1.576956200E-01 +1.234915358E-01 +2.067795759E-01
5.28000000000E+09 +3.849627050E-02 -5.984551962E-02 -3.889688303E-02 +2.067588071E-01 +8.032075506E-02 +1.511042692E-01
5.29000000000E+09 -6.678733659E-02 -2.538726430E-02 +2.597504408E-02 +1.893849146E-01 -1.372233684E-03 +1.703819115E-01
5.30000000000E+09 -1.199700563E-02 +6.859590912E-02 +6.282055195E-02 +1.616874160E-01 -1.052697115E-02 +2.523641494E-01
5.31000000000E+09 +6.922301770E-02 +1.370337416E-03 +1.054161313E-01 +1.162347574E-01 +6.644170207E-02 +2.907147327E-01
5.32000000000E+09 -1.036587683E-02 -7.090486224E-02 +1.138119955E-01 +2.278915190E-02 +1.245474754E-01 +2.355931457E-01
5.33000000000E+09 -6.998307801E-02 +2.623497437E-02 +4.052128561E-02 -5.630553460E-02 +8.929375383E-02 +1.679459839E-01
5.34000000000E+09 +4.194884768E-02 +6.150958405E-02 -4.889632779E-02 -5.622718145E-02 +1.760911117E-02 +1.844841111E-01
5.35000000000E+09 +4.882499512E-02 -5.152070432E-02 -9.522847408E-02 -3.149570905E-02 +5.789600104E-03 +2.605114802E-01
5.36000000000E+09 -5.628774213E-02 -3.782300499E-02 -1.412959316E-01 -1.177180617E-02 +7.374586236E-02 +3.032865617E-01
5.37000000000E+09 -2.969841516E-02 +6.045402606E-02 -1.842958116E-01 +4.711783659E-02 +1.618706562E-01 +2.660945065E-01
5.38000000000E+09 +6.665543117E-02 +2.061204889E-02 -1.653552388E-01 +1.271565164E-01 +1.748912616E-01 +1.589049377E-01
5.39000000000E+09 +6.074992940E-03 -7.255435372E-02 -9.845685356E-02 +1.557953551E-01 +6.222528920E-02 +8.944160751E-02
5.40000000000E+09 -7.076903702E-02 +1.098431459E-02 -5.385155951E-02 +1.403498722E-01 -5.122797259E-02 +1.690459217E-01
5.41000000000E+09 +2.280385677E-02 +6.407672737E-02 -1.777307779E-02 +1.297993847E-01 -1.760622841E-02 +3.049966056E-01
5.42000000000E+09 +5.899205733E-02 -3.071491718E-02 +3.497378266E-02 +9.062464588E-02 +1.112312103E-01 +3.346464711E-01
5.43000000000E+09 -4.072573990E-02 -5.603324292E-02 +4.869769537E-02 +4.675557123E-03 +1.968755476E-01 +2.351378646E-01
5.44000000000E+09 -4.918073571E-02 +5.425402171E-02 -4.286201488E-03 -5.895616857E-02 +1.530631353E-01 +1.122996486E-01
5.45000000000E+09 +6.572540969E-02 +3.442496871E-02 -5.575181372E-02 -6.611976978E-02 +1.533342512E-02 +8.972772444E-02
5.46000000000E+09 +1.661376184E-02 -6.840160717E-02 -8.541188059E-02 -7.356743888E-02 -7.355268531E-02 +2.000352658E-01
5.47000000000E+09 -6.484483463E-02 -4.183139438E-03 -1.379932242E-01 -7.099144496E-02 -1.744160382E-02 +3.341391552E-01
5.48000000000E+09 +3.086133976E-03 +6.224176536E-02 -1.763078754E-01 -1.584865869E-02 +1.181958252E-01 +3.637937686E-01
5.49000000000E+09 +6.356892342E-02 -1.092991378E-02 -1.484885742E-01 +4.641190727E-02 +2.120638129E-01 +2.672305726E-01
5.50000000000E+09 -2.375132526E-02 -6.501261386E-02 -9.351662468E-02 +5.410303281E-02 +1.826064173E-01 +1.355881740E-01
5.51000000000E+09 -5.999604069E-02 +3.997808010E-02 -7.058824720E-02 +3.929327439E-02 +6.603713375E-02 +1.021116051E-01
5.52000000000E+09 +5.216557625E-02 +4.796165552E-02 -4.318066103E-02 +4.262125356E-02 -1.371463777E-02 +1.741834119E-01
5.53000000000E+09 +3.504228411E-02 -5.848707052E-02 +5.077798184E-03 +1.544971366E-02 +7.773549457E-04 +2.621822408E-01
5.54000000000E+09 -6.165829922E-02 -2.384192774E-02 +1.467256146E-02 -4.209485177E-02 +7.059745986E-02 +3.023336619E-01
5.55000000000E+09 -1.355271425E-02 +6.464638594E-02 -7.302281767E-03 -6.779349963E-02 +1.361755923E-01 +2.705691935E-01
5.56000000000E+09 +6.758523687E-02 +1.297959133E-03 -2.729591931E-03 -7.477498644E-02 +1.435838169E-01 +1.997229561E-01
5.57000000000E+09 -1.319563609E-02 -6.716404411E-02 +2.839089022E-03 -1.161533114E-01 +9.172803071E-02 +1.646674527E-01
5.58000000000E+09 -6.136361681E-02 +2.694809924E-02 -4.128507092E-02 -1.506346075E-01 +3.643255436E-02 +1.939820552E-01
5.59000000000E+09 +3.722071709E-02 +5.250279443E-02 -8.409361311E-02 -1.305992047E-01 +2.457239882E-02 +2.493508401E-01
5.60000000000E+09 +4.338110884E-02 -4.390631945E-02 -8.770891270E-02 -1.066485024E-01 +6.210522864E-02 +2.951306947E-01
5.61000000000E+09 -4.876641162E-02 -3.552778002E-02 -9.975125311E-02 -9.951080165E-02 +1.287811213E-01 +3.045759706E-01
5.62000000000E+09 -2.828691515E-02 +5.385061824E-02 -1.223459862E-01 -5.667414958E-02 +1.828593011E-01 +2.541049285E-01
5.63000000000E+09 +6.043841942E-02 +1.888631457E-02 -8.929529474E-02 +1.521518095E-02 +1.680646537E-01 +1.697164935E-01
5.64000000000E+09 +5.073548076E-03 -6.462273918E-02 -3.480623503E-03 +3.724172925E-02 +8.867135701E-02 +1.424937957E-01
5.65000000000E+09 -6.240155868E-02 +9.728180166E-03 +6.003269739E-02 +5.967572923E-03 +2.673138064E-02 +2.010579083E-01
5.66000000000E+09 +2.076852269E-02 +5.599190768E-02 +1.032386935E-01 -2.750974312E-02 +5.113794067E-02 +2.768437266E-01
5.67000000000E+09 +5.003576412E-02 -2.771293966E-02 +1.482853230E-01 -8.621508614E-02 +1.333416311E-01 +2.978545781E-01
5.68000000000E+09 -3.412458986E-02 -4.554918592E-02 +1.443446443E-01 -1.810021908E-01 +1.955853018E-01 +2.385632500E-01
5.69000000000E+09 -4.026875257E-02 +4.276817734E-02 +6.902094796E-02 -2.435889012E-01 +1.623862388E-01 +1.368274309E-01
5.70000000000E+09 +5.144463145E-02 +3.041125551E-02 -1.377814012E-02 -2.342418222E-01 +4.688578264E-02 +1.158971470E-01
5.71000000000E+09 +1.747815018E-02 -5.482960103E-02 -6.731240916E-02 -1.967185614E-01 -2.233745698E-02 +2.283155958E-01
5.72000000000E+09 -5.329846074E-02 -7.788989541E-03 -1.164330154E-01 -1.363228139E-01 +4.539124522E-02 +3.404651763E-01
5.73000000000E+09 -1.102854066E-03 +5.286029204E-02 -1.272393186E-01 -2.654498196E-02 +1.716511771E-01 +3.366745671E-01
5.74000000000E+09 +5.460804195E-02 -6.453000615E-03 -4.786948432E-02 +7.913364219E-02 +2.382846383E-01 +2.296853672E-01
5.75000000000E+09 -1.819812989E-02 -5.530415523E-02 +7.900616751E-02 +1.006801157E-01 +1.741097053E-01 +1.127246263E-01
5.76000000000E+09 -4.917359974E-02 +3.159138169E-02 +1.713321392E-01 +5.630271348E-02 +3.682137242E-02 +1.135688724E-01
5.77000000000E+09 +3.914974557E-02 +3.818027080E-02 +2.343987617E-01 -5.838928961E-03 -1.653165906E-02 +2.465081638E-01
5.78000000000E+09 +2.958561226E-02 -4.041998780E-02 +2.691120663E-01 -1.044776476E-01 +7.399125032E-02 +3.559553540E-01
5.79000000000E+09 -4.197927345E-02 -2.543673966E-02 +2.255225395E-01 -2.169679127E-01 +2.055190335E-01 +3.317681488E-01
5.80000000000E+09 -2.197791379E-02 +4.772791053E-02 +1.106892510E-01 -2.668487814E-01 +2.539922986E-01 +1.936338725E-01
5.81000000000E+09 +5.599250851E-02 +1.284997339E-02 +2.524770808E-03 -2.278851804E-01 +1.540050672E-01 +9.068572823E-02
5.82000000000E+09 -1.950005865E-03 -5.899135870E-02 -5.973334225E-02 -1.528740071E-01 +1.792725628E-02 +1.400266527E-01
5.83000000000E+09 -5.422022955E-02 +1.483898072E-02 -9.600824625E-02 -5.231751227E-02 +4.411258583E-03 +2.724497220E-01
5.84000000000E+09 +2.225449831E-02 +4.820525365E-02 -6.501150364E-02 +7.867461124E-02 +1.023375286E-01 +3.454719128E-01
5.85000000000E+09 +4.435130586E-02 -2.784919531E-02 +5.434737715E-02 +1.613245382E-01 +2.033766753E-01 +3.053229867E-01
5.86000000000E+09 -3.537127005E-02 -4.126813809E-02 +1.822538256E-01 +1.431967024E-01 +2.279746634E-01 +1.929040638E-01
5.87000000000E+09 -3.479895339E-02 +4.500601965E-02 +2.512478406E-01 +7.612388091E-02 +1.413639226E-01 +1.270614712E-01
5.88000000000E+09 +5.140353814E-02 +2.395213817E-02 +2.865354595E-01 +6.952731366E-03 +5.241386532E-02 +1.885794819E-01
5.89000000000E+09 +1.379683877E-02 -5.267856298E-02 +2.908891231E-01 -8.802834485E-02 +7.459856994E-02 +2.853399800E-01
5.90000000000E+09 -5.392815738E-02 -6.262272616E-03 +2.170529441E-01 -1.787527581E-01 +1.571193323E-01 +2.888343876E-01
5.91000000000E+09 +2.434696872E-03 +5.673950292E-02 +9.416843449E-02 -1.885370838E-01 +1.978485741E-01 +2.300799849E-01
5.92000000000E+09 +5.824979542E-02 -1.506286600E-02 +1.024968540E-02 -1.232118682E-01 +1.641466842E-01 +1.784399539E-01
5.93000000000E+09 -2.894747143E-02 -5.374940130E-02 -2.744681875E-02 -5.122059148E-02 +1.102553458E-01 +1.888526212E-01
5.94000000000E+09 -4.475578216E-02 +3.910389891E-02 -5.103556934E-02 +3.655086406E-02 +1.033268940E-01 +2.418677003E-01
5.95000000000E+09 +4.474894950E-02 +3.541113403E-02 -1.422211050E-02 +1.453426752E-01 +1.478234087E-01 +2.709765643E-01
5.96000000000E+09 +2.773982558E-02 -4.901215756E-02 +8.844535609E-02 +1.989129662E-01 +1.973223181E-01 +2.298398319E-01
5.97000000000E+09 -5.435885021E-02 -1.947845951E-02 +1.771597619E-01 +1.733738293E-01 +1.817202080E-01 +1.600353922E-01
5.98000000000E+09 -7.878611065E-03 +5.854083442E-02 +2.197799705E-01 +1.288300869E-01 +1.012212173E-01 +1.570213880E-01
5.99000000000E+09 +5.764071886E-02 -4.159060767E-03 +2.537854302E-01 +7.819815696E-02 +6.424993974E-02 +2.319805605E-01
6.00000000000E+09 -1.382641393E-02 -5.481252769E-02 +2.550990865E-01 -9.508106480E-03 +1.118240749E-01 +2.874350212E-01
6.01000000000E+09 -5.211451827E-02 +2.238887214E-02 +1.791080565E-01 -8.302839627E-02 +1.818636244E-01 +2.804985645E-01
6.02000000000E+09 +3.234220639E-02 +4.907066112E-02 +7.929958332E-02 -7.657194353E-02 +2.073838633E-01 +2.286585569E-01
6.03000000000E+09 +4.280404566E-02 -4.304767036E-02 +2.607999618E-02 -2.974290806E-02 +1.864852975E-01 +1.812821570E-01
6.04000000000E+09 -5.228201978E-02 -3.247820333E-02 -1.113055925E-02 +7.510805499E-03 +1.369155165E-01 +1.737422910E-01
6.05000000000E+09 -1.945431127E-02 +5.688996771E-02 -4.799930778E-02 +7.467120568E-02 +1.043863417E-01 +2.167160562E-01
6.06000000000E+09 +5.700015737E-02 +8.047628202E-03 -2.423738099E-02 +1.618665375E-01 +1.314136382E-01 +2.575529904E-01
6.07000000000E+09 -1.161991287E-03 -5.646911238E-02 +4.564828099E-02 +1.939740721E-01 +1.794562515E-01 +2.496984991E-01
6.08000000000E+09 -5.604361570E-02 +1.072807108E-02 +8.991630889E-02 +1.773051091E-01 +1.902567996E-01 +2.153896771E-01
6.09000000000E+09 +2.105375604E-02 +5.411793390E-02 +1.138108526E-01 +1.669832463E-01 +1.703914936E-01 +1.941208064E-01
6.10000000000E+09 +4.947688446E-02 -3.185610311E-02 +1.552523828E-01 +1.412715524E-01 +1.457875228E-01 +1.920222891E-01
6.11000000000E+09 -4.137622912E-02 -4.209826403E-02 +1.682414947E-01 +6.797990245E-02 +1.285079829E-01 +2.050350369E-01
6.12000000000E+09 -3.221323146E-02 +4.900683656E-02 +1.162761307E-01 +1.004218614E-02 +1.206640929E-01 +2.377434206E-01
6.13000000000E+09 +5.304315091E-02 +2.160984941E-02 +6.219508994E-02 +4.065320541E-03 +1.478638067E-01 +2.666103656E-01
6.14000000000E+09 +1.171032591E-02 -5.535789774E-02 +2.814447140E-02 -3.759470181E-03 +1.875453968E-01 +2.618898417E-01
6.15000000000E+09 -5.648523351E-02 -1.398350474E-03 -3.591872677E-02 -1.016094673E-02 +2.020459005E-01 +2.338404221E-01
6.16000000000E+09 +9.176257423E-03 +5.561973926E-02 -1.050024657E-01 +4.473976010E-02 +1.977070334E-01 +2.109912988E-01
6.17000000000E+09 +5.268457718E-02 -1.950670035E-02 -1.060744731E-01 +1.289686860E-01 +1.874121687E-01 +1.993230262E-01
6.18000000000E+09 -2.899013102E-02 -4.759096251E-02 -6.366773583E-02 +1.691042323E-01 +1.725207015E-01 +2.025958342E-01
6.19000000000E+09 -4.121620653E-02 +3.680764686E-02 -3.315629732E-02 +1.838698180E-01 +1.715937306E-01 +2.142559419E-01
6.20000000000E+09 +4.357992090E-02 +3.388632703E-02 +1.289241478E-02 +2.019000773E-01 +1.822325478E-01 +2.074499972E-01
6.21000000000E+09 +2.570001955E-02 -4.985123071E-02 +8.622239776E-02 +1.734171676E-01 +1.730845039E-01 +1.857810026E-01
6.22000000000E+09 -5.484976364E-02 -1.433528601E-02 +1.153456672E-01 +8.638950143E-02 +1.359283051E-01 +1.939785429E-01
6.23000000000E+09 -2.037537509E-03 +5.526504450E-02 +8.078888244E-02 +1.698724094E-02 +1.272918524E-01 +2.445598439E-01
6.24000000000E+09 +5.263218270E-02 -8.001909865E-03 +4.302502466E-02 -2.035714402E-02 +1.736843851E-01 +2.787021734E-01
6.25000000000E+09 -1.610898779E-02 -4.953250791E-02 -5.794544979E-03 -6.429150185E-02 +2.261372800E-01 +2.570439374E-01
6.26000000000E+09 -4.673615835E-02 +2.423357735E-02 -9.811078237E-02 -7.723476901E-02 +2.381942995E-01 +1.953149428E-01
6.27000000000E+09 +3.379642986E-02 +4.193308527E-02 -1.762903799E-01 -1.382174276E-02 +1.881001426E-01 +1.540946425E-01
6.28000000000E+09 +3.276810286E-02 -4.218992407E-02 -1.796163402E-01 +6.851595610E-02 +1.170493459E-01 +1.925920003E-01
6.29000000000E+09 -4.539479797E-02 -2.206495602E-02 -1.524915067E-01 +1.143524705E-01 +1.244283276E-01 +2.852321082E-01
6.30000000000E+09 -1.401924736E-02 +4.513213688E-02 -1.207849178E-01 +1.578052154E-01 +2.227924797E-01 +3.239641681E-01
6.31000000000E+09 +4.632027941E-02 +9.150816711E-03 -4.411447108E-02 +1.920433673E-01 +3.170990999E-01 +2.521599198E-01
6.32000000000E+09 +2.236551826E-03 -5.039877038E-02 +5.916811483E-02 +1.546976243E-01 +3.066288630E-01 +1.211101388E-01
6.33000000000E+09 -5.310541524E-02 +1.021770084E-02 +1.058540258E-01 +5.101357615E-02 +1.733977563E-01 +5.907375311E-02
6.34000000000E+09 +2.424546641E-02 +4.755667718E-02 +8.569244271E-02 -3.861518562E-02 +4.665565249E-02 +1.583509335E-01
6.35000000000E+09 +3.681064979E-02 -3.097981423E-02 +4.768267863E-02 -1.088005959E-01 +7.461930220E-02 +3.155954913E-01
6.36000000000E+09 -3.196061931E-02 -2.968441113E-02 -3.047221058E-02 -1.702408270E-01 +2.185409775E-01 +3.657157958E-01
6.37000000000E+09 -2.707778494E-02 +3.349670612E-02 -1.465478192E-01 -1.668033812E-01 +3.456440103E-01 +2.814208315E-01
6.38000000000E+09 +3.941810728E-02 +2.530752503E-02 -2.255597004E-01 -7.908704320E-02 +3.459232625E-01 +1.272379684E-01
6.39000000000E+09 +1.793925047E-02 -4.920119210E-02 -2.171180306E-01 +2.442028136E-02 +1.926597399E-01 +4.686886147E-02
6.40000000000E+09 -5.271038840E-02 -3.009192925E-03 -1.678059901E-01 +8.753901952E-02 +5.610272652E-02 +1.568093222E-01
6.41000000000E+09 +8.615389273E-03 +4.782580189E-02 -9.854514010E-02 +1.381135260E-01 +1.045807263E-01 +3.156009760E-01
6.42000000000E+09 +4.250012021E-02 -1.400699229E-02 +1.783037282E-02 +1.457280886E-01 +2.531738817E-01 +3.478735985E-01
6.43000000000E+09 -1.774857694E-02 -4.083531670E-02 +1.229479168E-01 +6.171391945E-02 +3.639764319E-01 +2.481863689E-01
6.44000000000E+09 -4.115346236E-02 +2.468772223E-02 +1.404828324E-01 -6.574803403E-02 +3.447621947E-01 +9.877592186E-02
6.45000000000E+09 +3.582473566E-02 +3.795239460E-02 +8.896642707E-02 -1.523181300E-01 +1.875320267E-01 +2.879383402E-02
6.46000000000E+09 +2.717478112E-02 -4.482903810E-02 +2.796164421E-02 -1.993249381E-01 +5.554757079E-02 +1.380841570E-01
6.47000000000E+09 -4.641025423E-02 -1.589406021E-02 -5.761981341E-02 -2.225381738E-01 +1.000316897E-01 +2.878302496E-01
6.48000000000E+09 -9.205697864E-03 +4.586944682E-02 -1.520985935E-01 -1.736916262E-01 +2.293638429E-01 +3.212070701E-01
6.49000000000E+09 +4.837716002E-02 +3.505651684E-03 -1.784073035E-01 -6.576823773E-02 +3.074221654E-01 +2.419612433E-01
6.50000000000E+09 -5.561005735E-03 -5.209752298E-02 -1.248066295E-01 +1.558056741E-02 +2.797393029E-01 +1.407551842E-01
6.51000000000E+09 -5.182729513E-02 +1.953727911E-02 -6.130777754E-02 +4.571998752E-02 +1.790757176E-01 +1.243002168E-01
6.52000000000E+09 +3.172599175E-02 +4.344477787E-02 +8.244319991E-03 +6.874957498E-02 +1.261460224E-01 +2.121287153E-01
6.53000000000E+09 +3.339620221E-02 -3.675811518E-02 +1.090081433E-01 +4.475066611E-02 +1.871784253E-01 +2.950635527E-01
6.54000000000E+09 -3.863481584E-02 -2.685987988E-02 +1.672740295E-01 -5.211764692E-02 +2.901621578E-01 +2.885945548E-01
6.55000000000E+09 -2.280468777E-02 +4.239139060E-02 +1.404015210E-01 -1.444458615E-01 +3.316400421E-01 +1.985501716E-01
6.56000000000E+09 +4.897666516E-02 +1.652550845E-02 +8.622380680E-02 -1.776633463E-01 +2.753192371E-01 +1.151704136E-01
6.57000000000E+09 +4.796726342E-03 -5.395589545E-02 +4.802986792E-02 -1.913416256E-01 +1.876661343E-01 +1.277724658E-01
6.58000000000E+09 -5.304737225E-02 +7.861873296E-03 -1.391574082E-02 -1.956090335E-01 +1.635842309E-01 +2.047389854E-01
6.59000000000E+09 +1.797720475E-02 +4.881871288E-02 -7.635594809E-02 -1.339515100E-01 +2.113365221E-01 +2.556572685E-01
6.60000000000E+09 +4.437649254E-02 -2.543552367E-02 -6.418749652E-02 -4.235698538E-02 +2.746859281E-01 +2.388589845E-01
6.61000000000E+09 -3.331928267E-02 -4.037552711E-02 -5.203894491E-03 -1.885710274E-04 +2.910117610E-01 +1.770142083E-01
6.62000000000E+09 -3.371634902E-02 +4.246838317E-02 +3.628260939E-02 +1.182039108E-02 +2.374793132E-01 +1.303803614E-01
6.63000000000E+09 +4.939941659E-02 +2.239767788E-02 +8.865808876E-02 +3.058232379E-02 +1.695446708E-01 +1.680084223E-01
6.64000000000E+09 +1.035516064E-02 -5.018379026E-02 +1.638404732E-01 +1.589237028E-03 +1.807739585E-01 +2.523167072E-01
6.65000000000E+09 -4.813839635E-02 -2.143162292E-03 +1.839114515E-01 -7.612780787E-02 +2.559042538E-01 +2.857860487E-01
6.66000000000E+09 +3.859136854E-03 +4.759018147E-02 +1.427207261E-01 -1.197801008E-01 +3.195295385E-01 +2.422397891E-01
6.67000000000E+09 +4.828560683E-02 -1.117541936E-02 +1.122084974E-01 -1.163622464E-01 +3.318282388E-01 +1.708895640E-01
6.68000000000E+09 -2.128198971E-02 -4.827581412E-02 +9.898622842E-02 -1.235902781E-01 +2.841833899E-01 +1.161918957E-01
6.69000000000E+09 -4.341190438E-02 +3.345492879E-02 +5.056932748E-02 -1.259169372E-01 +2.120610614E-01 +1.321383082E-01
6.70000000000E+09 +4.212956965E-02 +3.337780059E-02 +8.947959087E-03 -6.669095098E-02 +1.942239366E-01 +1.994067045E-01
6.71000000000E+09 +2.324938361E-02 -4.570676577E-02 +3.357479567E-02 -2.951765487E-03 +2.469067064E-01 +2.417413516E-01
6.72000000000E+09 -4.767718462E-02 -1.548071823E-02 +6.945280767E-02 +1.338726135E-02 +3.040799854E-01 +2.093621740E-01
6.73000000000E+09 -7.559195111E-03 +5.084530791E-02 +8.221150251E-02 +2.937725512E-02 +2.976610128E-01 +1.446905273E-01
6.74000000000E+09 +5.296221050E-02 -3.286193407E-03 +1.210681645E-01 +5.762559752E-02 +2.389251057E-01 +1.283078785E-01
6.75000000000E+09 -1.524737745E-02 -5.043298021E-02 +1.788593915E-01 +3.505855971E-02 +1.933202358E-01 +1.768513103E-01
6.76000000000E+09 -4.429812488E-02 +2.448732670E-02 +1.806570373E-01 -1.928931406E-02 +2.089839900E-01 +2.404026372E-01
6.77000000000E+09 +3.012234190E-02 +3.764448131E-02 +1.502037476E-01 -3.256086612E-02 +2.798696939E-01 +2.640735798E-01
6.78000000000E+09 +3.303455810E-02 -3.467010752E-02 +1.454903110E-01 -3.128550523E-02 +3.397598540E-01 +2.240438482E-01
6.79000000000E+09 -4.111572499E-02 -2.842445090E-02 +1.300433001E-01 -5.871596940E-02 +3.389888281E-01 +1.544500085E-01
6.80000000000E+09 -2.022534626E-02 +4.872806957E-02 +6.580417376E-02 -6.047275366E-02 +2.777267721E-01 +1.222093374E-01
6.81000000000E+09 +5.245111357E-02 +7.634162148E-03 +2.624822037E-02 +4.374692836E-03 +2.346873773E-01 +1.675001389E-01
6.82000000000E+09 -3.578699829E-03 -5.045558066E-02 +4.999321581E-02 +5.526393501E-02 +2.649785244E-01 +2.148609078E-01
6.83000000000E+09 -4.737468336E-02 +1.142203476E-02 +6.607084979E-02 +6.635181277E-02 +3.205657368E-01 +2.033271524E-01
6.84000000000E+09 +1.858281200E-02 +4.536258449E-02 +6.916242272E-02 +9.450412605E-02 +3.400633695E-01 +1.517710730E-01
6.85000000000E+09 +4.299317437E-02 -2.723686006E-02 +1.128348708E-01 +1.236611168E-01 +3.042075614E-01 +1.042899520E-01
6.86000000000E+09 -3.740389310E-02 -3.719143287E-02 +1.647467861E-01 +9.150345199E-02 +2.342331214E-01 +1.127236338E-01
6.87000000000E+09 -2.678861825E-02 +4.441695047E-02 +1.556030028E-01 +3.858602718E-02 +2.116757757E-01 +1.805152784E-01
6.88000000000E+09 +4.667831908E-02 +1.644920415E-02 +1.279113254E-01 +2.619613873E-02 +2.627286373E-01 +2.345101539E-01
6.89000000000E+09 +8.653636507E-03 -4.711906201E-02 +1.191654500E-01 +1.012467024E-02 +3.326869411E-01 +2.194130556E-01
6.90000000000E+09 -4.882557360E-02 -1.442047787E-03 +7.678698956E-02 -2.303030051E-02 +3.519862354E-01 +1.569303545E-01
6.91000000000E+09 +8.269582417E-03 +5.026070819E-02 -7.533960590E-04 -2.715233331E-03 +3.136619027E-01 +1.166521226E-01
6.92000000000E+09 +4.791191540E-02 -1.963078266E-02 -2.607423734E-02 +7.219334612E-02 +2.702851470E-01 +1.287682472E-01
6.93000000000E+09 -2.907170862E-02 -4.161800680E-02 +3.164641249E-03 +1.126141121E-01 +2.687877127E-01 +1.658438802E-01
6.94000000000E+09 -3.422900003E-02 +3.535888974E-02 +1.557204378E-02 +1.231247723E-01 +3.038391718E-01 +1.812308478E-01
6.95000000000E+09 +4.009047581E-02 +2.780743870E-02 +3.297705234E-02 +1.518726402E-01 +3.327953563E-01 +1.548902691E-01
6.96000000000E+09 +2.084740084E-02 -4.553368459E-02 +9.141546211E-02 +1.536324789E-01 +3.173383857E-01 +1.150463584E-01
6.97000000000E+09 -5.033590041E-02 -1.122989335E-02 +1.260038668E-01 +8.912388535E-02 +2.750196686E-01 +1.095967067E-01
6.98000000000E+09 +7.107293016E-04 +5.146092738E-02 +9.074922870E-02 +3.120763738E-02 +2.543743166E-01 +1.499441127E-01
6.99000000000E+09 +4.856038939E-02 -1.099347407E-02 +5.219762800E-02 +1.926245818E-02 +2.847662525E-01 +1.824870455E-01
7.00000000000E+09 -1.895145465E-02 -4.494039210E-02 +2.621669995E-02 -7.597750750E-04 +3.233730399E-01 +1.698789247E-01

[Channel0\Trace0\Marker0]
Enabled=1
Position=0.2

[Channel0\Trace1]
ReferencePosition[0]=1

[Channel0\Trace1\Marker0]
Enabled=1
Position=0.2

[Channel0\Trace2]
SPort=0
FormatType=2

[Channel0\Trace2\Marker0]
Enabled=1
Position=0.2

[Channel0\Trace3]
SPort=0
FormatType=2

[Channel0\Trace3\Marker0]
Enabled=1
Position=0.2

