[NWA State]
TriggerSource=3

[Channel0]
Points=501
FrequencyStart=2000000000
FrequencyStop=7000000000
FixedPower[0]=5
FixedPower[1]=5
IFBW=1000
CorrectionEnabled=1
TraceCount=4

[Channel0\Correction\11]
Calyyyymmdd=2022/03/26
Calhhmmss=17:28:09
VNATemperature=37.4 °C
Type=3
KitLabel=ACM2509.2
KitDescription=AutoCal Module 20 kHz-9 GHz (CMT), SN: 19039185, Char: Factory, 27°C, ThermoComp: ON
CalIFBW=1 kHz
CalPower=5 dBm
CalPorts[0]=0
CalPorts[1]=0

[Channel0\Correction\11\Data]
2.00000000000E+09 -1.133929122E-01 +4.896894623E-02 -7.179112400E-02 +1.030205490E-02 -1.719996685E-01 +7.872780992E-02
2.01000000000E+09 +1.062082028E-01 -6.048046223E-02 -3.400399204E-03 +1.026246484E-04 -1.977908355E-01 -2.300470464E-02
2.02000000000E+09 -1.031973090E-01 +6.093618899E-02 -3.028625706E-02 +2.839760832E-02 -2.316149265E-01 +8.316919866E-02
2.03000000000E+09 +1.005054232E-01 -7.284730874E-02 +4.086840721E-02 -8.113822166E-03 -1.571845325E-01 +1.730295372E-02
2.04000000000E+09 -9.203627402E-02 +7.504954744E-02 +6.206438295E-03 +2.612323711E-03 -2.441993277E-01 +4.447277256E-02
2.05000000000E+09 +9.090503217E-02 -8.203487343E-02 +5.289245975E-02 -4.905829258E-02 -1.621333184E-01 +6.869795142E-02
2.06000000000E+09 -8.104931738E-02 +8.798618832E-02 +5.015876689E-04 -3.246776579E-02 -2.112161895E-01 +1.043139164E-02
2.07000000000E+09 +7.807691933E-02 -8.979702712E-02 +2.456616168E-02 -7.563605955E-02 -2.043388244E-01 +8.432258112E-02
2.08000000000E+09 -7.086614435E-02 +9.819324123E-02 -3.042445982E-02 -3.452410384E-02 -1.671105754E-01 +1.758786492E-02
2.09000000000E+09 +6.382127493E-02 -9.801239138E-02 -7.273248800E-03 -6.213836498E-02 -2.375440697E-01 +5.663616414E-02
2.10000000000E+09 -5.949932848E-02 +1.052933076E-01 -4.182115869E-02 -4.141578788E-04 -1.634251997E-01 +5.343812135E-02
2.11000000000E+09 +4.928588051E-02 -1.056085012E-01 -6.015467324E-04 -3.333702363E-02 -2.407095684E-01 +3.810645152E-02
2.12000000000E+09 -4.661250844E-02 +1.098295590E-01 -2.028646776E-02 +1.954231354E-02 -1.729941987E-01 +9.245003074E-02
2.13000000000E+09 +3.496390156E-02 -1.126219865E-01 +1.897656819E-02 -2.619998848E-02 -2.052333044E-01 +2.050472190E-02
2.14000000000E+09 -3.072373283E-02 +1.125360925E-01 +3.612020605E-03 +1.798133773E-02 -2.061304552E-01 +9.085920360E-02
2.15000000000E+09 +2.093984555E-02 -1.164519183E-01 +2.676866582E-02 -3.633217691E-02 -1.757094258E-01 +3.289203172E-02
2.16000000000E+09 -1.408779457E-02 +1.133019538E-01 +1.000253814E-02 +1.437228550E-02 -2.355992400E-01 +6.858641924E-02
2.17000000000E+09 +8.062577106E-03 -1.172515300E-01 +2.715551899E-02 -3.665893124E-02 -1.619055194E-01 +7.609501474E-02
2.18000000000E+09 +2.882623358E-03 +1.134962571E-01 +2.059153445E-02 +1.782131477E-02 -2.330228182E-01 +3.101688059E-02
2.19000000000E+09 -5.000624733E-03 -1.141363237E-01 +3.761919495E-02 -3.921933380E-02 -1.862079236E-01 +1.206103179E-01
2.20000000000E+09 +1.834856527E-02 +1.131952181E-01 +3.580854641E-02 +3.790782553E-03 -1.881961086E-01 +7.508977116E-03
2.21000000000E+09 -1.912735950E-02 -1.078269580E-01 +3.348323418E-02 -6.449370790E-02 -2.440713048E-01 +1.220530712E-01
2.22000000000E+09 +2.931532711E-02 +1.120614039E-01 +1.364811444E-02 -2.017520619E-02 -1.293334279E-01 +5.414196875E-02
2.23000000000E+09 -3.573996050E-02 -1.028217334E-01 -1.270202073E-02 -6.717299174E-02 -2.582693111E-01 +5.270303592E-02
2.24000000000E+09 +3.929353117E-02 +1.057062107E-01 -2.735751843E-02 +5.280744249E-03 -1.567134214E-01 +1.262740963E-01
2.25000000000E+09 -5.191681383E-02 -9.853622895E-02 -4.348901311E-02 -1.276093827E-02 -2.005133893E-01 -1.043151290E-03
2.26000000000E+09 +5.000512278E-02 +9.365304937E-02 -1.447796841E-02 +7.271975891E-02 -2.514434548E-01 +1.374954186E-01
2.27000000000E+09 -6.161680113E-02 -9.475809003E-02 +3.829055426E-03 +4.002706619E-02 -1.207240995E-01 +5.459776251E-02
2.28000000000E+09 +6.289132818E-02 +8.203906044E-02 +5.958641544E-02 +8.775294957E-02 -2.845540332E-01 +6.610985836E-02
2.29000000000E+09 -6.551725776E-02 -8.660731798E-02 +7.195628035E-02 +1.242490501E-02 -1.358641282E-01 +1.549177783E-01
2.30000000000E+09 +7.551221918E-02 +7.591690138E-02 +9.956665961E-02 +2.077384344E-02 -2.108400650E-01 +3.248688251E-03
2.31000000000E+09 -7.242084199E-02 -7.439019438E-02 +6.064487840E-02 -6.202352949E-02 -2.260826266E-01 +1.619522148E-01
2.32000000000E+09 +8.462307803E-02 +7.158104587E-02 +4.771766386E-02 -3.977162137E-02 -1.227710232E-01 +4.637736132E-02
2.33000000000E+09 -8.369526342E-02 -6.083240288E-02 -2.519443859E-02 -7.820963775E-02 -2.689123819E-01 +7.558412156E-02
2.34000000000E+09 +8.856937572E-02 +6.224889335E-02 -3.003281511E-02 -9.582131603E-03 -1.449796002E-01 +1.460427280E-01
2.35000000000E+09 -9.484622043E-02 -4.859520771E-02 -7.974711012E-02 -6.970891986E-03 -2.098541493E-01 +1.348978592E-02
2.36000000000E+09 +8.987211428E-02 +4.691486617E-02 -3.394131463E-02 +7.486041041E-02 -2.363645683E-01 +1.733866237E-01
2.37000000000E+09 -1.003352815E-01 -4.177985266E-02 -3.862727023E-02 +6.421843479E-02 -1.116745212E-01 +6.226795086E-02
2.38000000000E+09 +9.564923605E-02 +3.207668990E-02 +3.269083608E-02 +1.047052959E-01 -2.595748301E-01 +9.200736182E-02
2.39000000000E+09 -1.007946059E-01 -3.197003150E-02 +2.868113121E-02 +6.218445765E-02 -1.313455258E-01 +1.356561229E-01
2.40000000000E+09 +1.020514420E-01 +2.045532933E-02 +8.948892109E-02 +6.157709795E-02 -2.059062068E-01 +3.696274610E-02
2.41000000000E+09 -1.007485142E-01 -1.872529222E-02 +5.036984462E-02 +1.710570337E-04 -2.118429754E-01 +1.433694140E-01
2.42000000000E+09 +1.069124617E-01 +1.059317198E-02 +7.759536043E-02 -1.045304234E-02 -1.407076311E-01 +7.168882476E-02
2.43000000000E+09 -1.024246983E-01 -1.850303770E-03 -1.740533425E-03 -5.257803561E-02 -2.492919718E-01 +8.226100252E-02
2.44000000000E+09 +1.056507918E-01 -8.466565163E-04 +6.174011706E-03 -3.938649625E-02 -1.599149089E-01 +1.431880238E-01
2.45000000000E+09 -1.035072396E-01 +1.348968451E-02 -8.609518439E-02 -3.954481957E-02 -2.117347516E-01 +5.505713636E-02
2.46000000000E+09 +1.002542168E-01 -1.481108639E-02 -6.331586090E-02 +1.080629599E-02 -2.069225028E-01 +1.608537897E-01
2.47000000000E+09 -1.016886165E-01 +2.384510792E-02 -1.204402680E-01 +4.215819511E-02 -1.539219691E-01 +8.734389353E-02
2.48000000000E+09 +9.624564014E-02 -2.900848847E-02 -5.668665068E-02 +9.510143150E-02 -2.130380451E-01 +1.063042739E-01
2.49000000000E+09 -9.563272588E-02 +3.326007604E-02 -6.654398764E-02 +1.225657709E-01 -1.804571494E-01 +1.213561750E-01
2.50000000000E+09 +9.335026402E-02 -3.942482495E-02 +4.045137230E-02 +1.294613143E-01 -1.895909083E-01 +1.052311217E-01
2.51000000000E+09 -9.147694486E-02 +4.406070487E-02 +4.079183627E-02 +9.483672392E-02 -1.888103548E-01 +1.269673462E-01
2.52000000000E+09 +8.986793633E-02 -5.181733546E-02 +1.146568202E-01 +3.356836877E-02 -1.730033166E-01 +1.014857662E-01
2.53000000000E+09 -8.469241902E-02 +5.714306010E-02 +4.992505851E-02 -2.671568622E-02 -2.086929017E-01 +1.225449757E-01
2.54000000000E+09 +8.215546364E-02 -6.413272997E-02 +5.085799247E-02 -8.646525964E-02 -1.659289266E-01 +1.199959239E-01
2.55000000000E+09 -7.422188125E-02 +6.889754453E-02 -7.272041457E-02 -8.965486524E-02 -2.071476096E-01 +1.184310330E-01
2.56000000000E+09 +7.037310881E-02 -7.319728472E-02 -9.398311055E-02 -7.538784289E-02 -1.615540004E-01 +1.258829513E-01
2.57000000000E+09 -6.213152052E-02 +7.556278176E-02 -1.808531139E-01 +5.745961467E-03 -2.118894986E-01 +1.101203032E-01
2.58000000000E+09 +6.001129521E-02 -7.672328143E-02 -1.311290367E-01 +5.859514578E-02 -1.725277492E-01 +1.494666040E-01
2.59000000000E+09 -5.469006558E-02 +8.110160837E-02 -1.325892341E-01 +1.357320574E-01 -1.806842802E-01 +1.048506199E-01
2.60000000000E+09 +5.061130504E-02 -8.220186834E-02 -2.099943642E-02 +1.339929026E-01 -2.047458642E-01 +1.389204587E-01
2.61000000000E+09 -4.813877833E-02 +8.732649785E-02 +4.925753429E-03 +1.387306608E-01 -1.564942846E-01 +1.413854297E-01
2.62000000000E+09 +3.928231595E-02 -9.151179228E-02 +9.491981685E-02 +5.275872880E-02 -2.059553700E-01 +1.013383675E-01
2.63000000000E+09 -3.576650180E-02 +9.236923482E-02 +6.192999040E-02 +7.674894877E-03 -1.778641446E-01 +1.786505913E-01
2.64000000000E+09 +2.561685436E-02 -9.775317963E-02 +6.509263004E-02 -9.478573451E-02 -1.706321916E-01 +8.956126759E-02
2.65000000000E+09 -1.990807567E-02 +9.276172984E-02 -3.847181098E-02 -9.455845484E-02 -2.162481326E-01 +1.810261699E-01
2.66000000000E+09 +1.528625861E-02 -9.738398915E-02 -7.391036695E-02 -1.237365177E-01 -1.204028417E-01 +1.297584220E-01
2.67000000000E+09 -6.369246834E-03 +9.317109784E-02 -1.571988347E-01 -4.690790104E-02 -2.221324874E-01 +1.185334983E-01
2.68000000000E+09 +6.205975050E-03 -9.332315540E-02 -1.503831797E-01 -2.624111578E-02 -1.554327577E-01 +1.875715062E-01
2.69000000000E+09 +2.377826501E-03 +9.592950480E-02 -1.654985258E-01 +7.315641342E-02 -1.586393047E-01 +9.319714952E-02
2.70000000000E+09 -5.954212636E-03 -9.179100131E-02 -9.713786997E-02 +7.722029139E-02 -2.184066898E-01 +1.724816002E-01
2.71000000000E+09 +1.067930871E-02 +9.731066138E-02 -5.846539244E-02 +1.336263731E-01 -1.134084442E-01 +1.438469921E-01
2.72000000000E+09 -2.128247958E-02 -9.182342866E-02 +2.294527006E-02 +6.677454881E-02 -2.350840529E-01 +1.128713283E-01
2.73000000000E+09 +2.131844738E-02 +9.274296807E-02 +4.437958242E-02 +6.281953157E-02 -1.434295789E-01 +2.184276345E-01
2.74000000000E+09 -3.452485930E-02 -9.169906844E-02 +7.160220901E-02 -4.834808170E-02 -1.608380478E-01 +8.139338297E-02
2.75000000000E+09 +3.549500455E-02 +8.473922817E-02 +3.293381231E-02 -6.254878407E-02 -2.073586315E-01 +1.994565691E-01
2.76000000000E+09 -4.239831212E-02 -8.629454966E-02 -9.375866687E-03 -1.457933097E-01 -1.103285321E-01 +1.347057894E-01
2.77000000000E+09 +4.755254742E-02 +7.785803687E-02 -7.917211752E-02 -1.019718360E-01 -2.175850751E-01 +1.297059567E-01
2.78000000000E+09 -4.770993917E-02 -7.810841572E-02 -1.279771375E-01 -1.171407471E-01 -1.433124935E-01 +2.033772254E-01
2.79000000000E+09 +5.687865169E-02 +7.512992240E-02 -1.583224342E-01 -1.316812546E-02 -1.578040341E-01 +9.588942480E-02
2.80000000000E+09 -5.663631798E-02 -7.018948762E-02 -1.481855874E-01 +3.123811149E-03 -2.029081959E-01 +2.035770550E-01
2.81000000000E+09 +6.511321087E-02 +7.160694161E-02 -1.023006287E-01 +9.985014473E-02 -1.043939326E-01 +1.326896065E-01
2.82000000000E+09 -6.910952541E-02 -6.190087035E-02 -4.005622129E-02 +6.931980451E-02 -2.180392392E-01 +1.506758056E-01
2.83000000000E+09 +7.313018321E-02 +6.155083494E-02 +3.391158951E-02 +9.169101231E-02 -1.197388331E-01 +1.799303419E-01
2.84000000000E+09 -7.885500369E-02 -5.131099488E-02 +6.118977002E-02 -9.555246028E-03 -1.927666889E-01 +1.175982743E-01
2.85000000000E+09 +7.759211196E-02 +4.814661663E-02 +8.093659136E-02 -2.751208015E-02 -1.683043211E-01 +2.077057916E-01
2.86000000000E+09 -8.365561727E-02 -4.293523594E-02 +3.432422464E-02 -1.279815356E-01 -1.346333858E-01 +1.326367785E-01
2.87000000000E+09 +8.240990668E-02 +3.593540905E-02 -1.283627887E-03 -1.103279226E-01 -1.932666987E-01 +1.794258218E-01
2.88000000000E+09 -8.639595830E-02 -3.389796853E-02 -7.707617512E-02 -1.431373178E-01 -1.159269482E-01 +1.671265854E-01
2.89000000000E+09 +8.740147651E-02 +2.447138357E-02 -9.248870013E-02 -6.538736650E-02 -1.975570156E-01 +1.398624678E-01
2.90000000000E+09 -8.799288884E-02 -2.319461297E-02 -1.294802486E-01 -5.405359249E-02 -1.347210408E-01 +2.104988748E-01
2.91000000000E+09 +9.217021389E-02 +1.321950913E-02 -8.358900134E-02 +3.212506818E-02 -1.603512737E-01 +1.132235449E-01
2.92000000000E+09 -8.825803286E-02 -9.326674043E-03 -7.549673923E-02 +2.667693808E-02 -1.845507809E-01 +2.192807817E-01
2.93000000000E+09 +9.317757641E-02 +2.973163735E-03 +5.344638617E-03 +6.826234775E-02 -1.103469691E-01 +1.426725440E-01
2.94000000000E+09 -8.765161638E-02 +5.168160188E-03 +1.177192551E-02 +1.710679173E-02 -2.096273127E-01 +1.811968081E-01
2.95000000000E+09 +8.935010364E-02 -6.350704599E-03 +7.208466151E-02 +1.698942183E-02 -9.743403693E-02 +2.096364933E-01
2.96000000000E+09 -8.805798239E-02 +1.714670009E-02 +4.341607121E-02 -5.002538535E-02 -1.710239151E-01 +1.164298054E-01
2.97000000000E+09 +8.375367299E-02 -1.759679576E-02 +6.699505698E-02 -5.924619785E-02 -1.622828929E-01 +2.365063495E-01
2.98000000000E+09 -8.726051347E-02 +2.554164972E-02 -2.253202263E-05 -1.041628752E-01 -9.812060970E-02 +1.230412060E-01
2.99000000000E+09 +7.886385496E-02 -3.019662343E-02 +5.558937573E-03 -8.715829978E-02 -2.204987064E-01 +1.970398358E-01
3.00000000000E+09 -8.446666277E-02 +2.692942680E-02 -6.383064238E-02 -9.590741934E-02 -7.267752597E-02 +2.055241946E-01
3.01000000000E+09 +7.916487832E-02 -3.756332217E-02 -4.699381236E-02 -4.527994019E-02 -1.912402523E-01 +1.229672981E-01
3.02000000000E+09 -7.652935528E-02 +3.579519475E-02 -9.452444944E-02 -2.180327873E-02 -1.403779130E-01 +2.522385753E-01
3.03000000000E+09 +7.702516488E-02 -4.541665822E-02 -3.586570615E-02 +3.410259823E-02 -1.021922134E-01 +1.242293774E-01
3.04000000000E+09 -6.774051123E-02 +4.729928680E-02 -4.480458130E-02 +4.878725481E-02 -2.072914377E-01 +2.100245220E-01
3.05000000000E+09 +7.015008159E-02 -4.948083765E-02 +4.354209458E-02 +6.648429276E-02 -6.400865664E-02 +2.163433311E-01
3.06000000000E+09 -6.246806868E-02 +5.860086513E-02 +4.113085019E-02 +3.650054937E-02 -1.742357761E-01 +1.228066973E-01
3.07000000000E+09 +5.954725567E-02 -5.704726484E-02 +1.035214653E-01 +3.525445115E-03 -1.313695387E-01 +2.531980319E-01
3.08000000000E+09 -5.678503326E-02 +6.680448742E-02 +5.593451492E-02 -4.044206793E-02 -9.989911954E-02 +1.214761627E-01
3.09000000000E+09 +4.781900545E-02 -6.658894926E-02 +7.146526669E-02 -7.476158935E-02 -1.974974802E-01 +2.149066996E-01
3.10000000000E+09 -4.839566508E-02 +7.071639669E-02 -1.713849113E-02 -8.061191812E-02 -7.355339522E-02 +2.121628214E-01
3.11000000000E+09 +3.868629766E-02 -7.655508592E-02 -1.280338027E-02 -6.724004883E-02 -1.584935429E-01 +1.450998014E-01
3.12000000000E+09 -3.494921075E-02 +7.480445715E-02 -7.816003758E-02 -2.254463090E-02 -1.355232135E-01 +2.432259555E-01
3.13000000000E+09 +3.046248640E-02 -8.069211075E-02 -3.549202516E-02 +6.336219107E-03 -8.966958449E-02 +1.588088369E-01
3.14000000000E+09 -2.238415710E-02 +7.872996147E-02 -5.951767527E-02 +5.172132185E-02 -1.725126987E-01 +2.052980820E-01
3.15000000000E+09 +2.175344514E-02 -8.049924161E-02 +1.061595757E-02 +5.389227187E-02 -7.473481733E-02 +2.185908257E-01
3.16000000000E+09 -1.361698963E-02 +8.292219972E-02 -8.882517807E-04 +6.829096181E-02 -1.339092164E-01 +1.566943792E-01
3.17000000000E+09 +1.038497974E-02 -8.161157339E-02 +5.585439151E-02 +3.886393408E-02 -1.194825085E-01 +2.182393044E-01
3.18000000000E+09 -4.848214625E-03 +8.400194197E-02 +3.184849385E-02 +4.290873372E-02 -1.049239664E-01 +1.731707033E-01
3.19000000000E+09 -1.138676056E-03 -8.269365447E-02 +6.805093446E-02 -1.340597213E-03 -1.401932073E-01 +1.912602310E-01
3.20000000000E+09 +4.846773222E-03 +8.239247714E-02 +2.566619416E-02 +7.318153192E-03 -1.101211504E-01 +2.161286567E-01
3.21000000000E+09 -1.136507633E-02 -8.318805926E-02 +4.408953417E-02 -3.373099529E-02 -1.083356190E-01 +1.749660241E-01
3.22000000000E+09 +1.654987725E-02 +8.004455208E-02 -8.692755872E-03 -1.208862553E-02 -1.338779779E-01 +2.129576330E-01
3.23000000000E+09 -2.121309512E-02 -8.015961530E-02 -6.090342734E-03 -4.086598757E-02 -9.306911800E-02 +1.958683144E-01
3.24000000000E+09 +2.724473987E-02 +7.668434058E-02 -5.943114096E-02 +7.973361840E-03 -1.285238039E-01 +1.961245752E-01
3.25000000000E+09 -3.066244677E-02 -7.436286112E-02 -5.140147545E-02 +2.094139366E-03 -1.078274910E-01 +2.140372594E-01
3.26000000000E+09 +3.464435774E-02 +7.225161410E-02 -7.828183642E-02 +7.428309870E-02 -9.589568477E-02 +2.084911026E-01
3.27000000000E+09 -3.915861557E-02 -6.962711652E-02 -3.547190972E-02 +7.501196305E-02 -1.074167513E-01 +1.929291150E-01
3.28000000000E+09 +4.177519702E-02 +6.713364816E-02 -1.799180261E-02 +1.291402256E-01 -9.655656704E-02 +2.201302084E-01
3.29000000000E+09 -4.681999945E-02 -6.568831614E-02 +4.572168902E-02 +8.718286838E-02 -9.099214697E-02 +1.851534751E-01
3.30000000000E+09 +5.077046899E-02 +6.200398532E-02 +6.518449968E-02 +8.967983133E-02 -1.082969239E-01 +2.087165411E-01
3.31000000000E+09 -5.524704152E-02 -5.947317042E-02 +8.838654434E-02 -1.302668968E-03 -8.892757993E-02 +2.021804907E-01
3.32000000000E+09 +6.011876858E-02 +5.494464126E-02 +5.219533656E-02 -1.561060575E-02 -9.548446792E-02 +1.925121123E-01
3.33000000000E+09 -6.313577912E-02 -4.915695349E-02 +4.999581128E-03 -8.626672352E-02 -1.136653946E-01 +2.054149424E-01
3.34000000000E+09 +6.502836487E-02 +4.533425900E-02 -6.448520503E-02 -4.068808004E-02 -7.883567309E-02 +2.141344735E-01
3.35000000000E+09 -6.781071690E-02 -3.933439355E-02 -1.130663504E-01 -4.153113376E-02 -1.099800248E-01 +1.877682641E-01
3.36000000000E+09 +6.693456442E-02 +3.607115674E-02 -1.359863118E-01 +6.016560636E-02 -8.708838627E-02 +2.376994457E-01
3.37000000000E+09 -7.047099865E-02 -3.290368375E-02 -1.182509963E-01 +8.270125089E-02 -7.272335726E-02 +1.827371656E-01
3.38000000000E+09 +7.108592609E-02 +2.805578269E-02 -6.883844230E-02 +1.613950237E-01 -1.107985007E-01 +2.125439686E-01
3.39000000000E+09 -7.277839609E-02 -2.562424478E-02 -1.071482508E-02 +1.281257341E-01 -6.862154074E-02 +2.245205189E-01
3.40000000000E+09 +7.694319840E-02 +2.044804644E-02 +4.849534972E-02 +1.365227421E-01 -7.791529172E-02 +1.771592088E-01
3.41000000000E+09 -7.615391219E-02 -1.407244347E-02 +6.919267038E-02 +4.148880745E-02 -1.098207116E-01 +2.306708670E-01
3.42000000000E+09 +7.915238355E-02 +1.054178343E-02 +7.250061240E-02 +1.395064762E-02 -3.767184459E-02 +1.976525255E-01
3.43000000000E+09 -7.778627818E-02 -1.347572927E-03 +1.737805698E-02 -7.526378054E-02 -1.238247910E-01 +1.924226294E-01
3.44000000000E+09 +7.633737516E-02 -5.886138223E-04 -3.125797472E-02 -6.276030419E-02 -4.638750962E-02 +2.385165311E-01
3.45000000000E+09 -7.669291188E-02 +7.808754000E-03 -1.135151518E-01 -8.167078032E-02 -8.841405541E-02 +1.622508998E-01
3.46000000000E+09 +7.223064055E-02 -1.042210176E-02 -1.401438251E-01 -4.380249415E-03 -9.879522669E-02 +2.482540199E-01
3.47000000000E+09 -7.444108992E-02 +1.312567240E-02 -1.755866696E-01 +2.395540199E-02 -2.930901511E-02 +1.954370597E-01
3.48000000000E+09 +7.191468303E-02 -1.973482290E-02 -1.361739255E-01 +1.136964457E-01 -1.184300094E-01 +1.909030188E-01
3.49000000000E+09 -7.116550480E-02 +2.070066324E-02 -1.101835374E-01 +1.247597348E-01 -4.329681165E-02 +2.542278477E-01
3.50000000000E+09 +7.247098754E-02 -2.870854587E-02 -2.118159658E-02 +1.601178201E-01 -6.985784527E-02 +1.480757188E-01
3.51000000000E+09 -6.671794563E-02 +3.200158517E-02 +1.309630705E-02 +1.028948962E-01 -1.049925934E-01 +2.612615746E-01
3.52000000000E+09 +6.896206765E-02 -3.630026088E-02 +7.824977906E-02 +6.738847064E-02 -5.775878520E-03 +1.894667492E-01
3.53000000000E+09 -6.210890960E-02 +4.363555168E-02 +4.849460728E-02 -3.235275408E-02 -1.205659453E-01 +1.953602542E-01
3.54000000000E+09 +6.019008912E-02 -4.393263787E-02 +3.517629523E-02 -7.711727878E-02 -2.618179905E-02 +2.460552616E-01
3.55000000000E+09 -5.678907732E-02 +5.077313995E-02 -6.706695733E-02 -1.282836257E-01 -7.205215122E-02 +1.519909651E-01
3.56000000000E+09 +5.096291707E-02 -5.049444941E-02 -1.131246588E-01 -1.023877625E-01 -9.166047102E-02 +2.514844435E-01
3.57000000000E+09 -5.175348815E-02 +5.364886327E-02 -2.067560235E-01 -6.717318130E-02 -9.334183540E-03 +1.939236436E-01
3.58000000000E+09 +4.539725841E-02 -5.788133537E-02 -1.973974026E-01 +2.478289798E-02 -1.090890031E-01 +1.891029100E-01
3.59000000000E+09 -4.476918460E-02 +5.839364334E-02 -2.038811810E-01 +9.278865013E-02 -2.566738706E-02 +2.457308785E-01
3.60000000000E+09 +4.007826312E-02 -6.520690275E-02 -9.973124245E-02 +1.536141369E-01 -7.298173373E-02 +1.543291241E-01
3.61000000000E+09 -3.507823886E-02 +6.505293331E-02 -4.480586581E-02 +1.502630400E-01 -7.423360633E-02 +2.564261380E-01
3.62000000000E+09 +3.202424402E-02 -7.010760584E-02 +7.214648083E-02 +1.044040597E-01 -2.703505786E-02 +1.799216669E-01
3.63000000000E+09 -2.403502143E-02 +7.081910112E-02 +7.366302798E-02 +1.302675527E-02 -9.244699099E-02 +2.202882771E-01
3.64000000000E+09 +2.128198463E-02 -7.170276757E-02 +9.338946385E-02 -8.187764543E-02 -2.342100108E-02 +2.220655544E-01
3.65000000000E+09 -1.423941224E-02 +7.316243435E-02 -8.446404001E-03 -1.484391649E-01 -7.772555037E-02 +1.899848716E-01
3.66000000000E+09 +1.104406651E-02 -7.158618308E-02 -6.141917454E-02 -1.741820538E-01 -4.154442407E-02 +2.505051969E-01
3.67000000000E+09 -6.647059921E-03 +7.425312370E-02 -1.833868966E-01 -1.385573240E-01 -3.256834706E-02 +1.820074842E-01
3.68000000000E+09 +8.538282160E-04 -7.261689808E-02 -2.006109176E-01 -7.147319037E-02 -6.566506274E-02 +2.351820677E-01
3.69000000000E+09 +1.865136198E-03 +7.423310756E-02 -2.369281565E-01 +2.642559429E-02 -4.666482907E-03 +2.013597118E-01
3.70000000000E+09 -9.789021568E-03 -7.358930011E-02 -1.544286830E-01 +9.419915571E-02 -7.596041844E-02 +1.913335788E-01
3.71000000000E+09 +1.245775834E-02 +7.218488107E-02 -9.856117634E-02 +1.452074946E-01 -2.292889031E-02 +2.351298139E-01
3.72000000000E+09 -1.960618038E-02 -7.238046074E-02 +2.781590632E-02 +1.128956859E-01 -4.888002530E-02 +1.690006673E-01
3.73000000000E+09 +2.342190674E-02 +6.835729512E-02 +7.051680265E-02 +6.527154459E-02 -5.947542069E-02 +2.432044900E-01
3.74000000000E+09 -2.756414663E-02 -6.874198677E-02 +1.255349301E-01 -4.946292581E-02 -1.036399004E-02 +1.930906953E-01
3.75000000000E+09 +3.333184637E-02 +6.447829193E-02 +6.766589916E-02 -1.205772028E-01 -6.974500443E-02 +2.107768444E-01
3.76000000000E+09 -3.528065353E-02 -6.316322883E-02 +2.147832135E-02 -2.024047819E-01 -4.557852501E-03 +2.289352458E-01
3.77000000000E+09 +4.174014825E-02 +6.039873289E-02 -9.550835655E-02 -1.892048743E-01 -5.051955353E-02 +1.715862401E-01
3.78000000000E+09 -4.351497786E-02 -5.618419839E-02 -1.548608405E-01 -1.711893077E-01 -4.155902737E-02 +2.492834660E-01
3.79000000000E+09 +4.788623990E-02 +5.507948522E-02 -2.201378748E-01 -6.149800988E-02 -2.444687180E-03 +1.824627891E-01
3.80000000000E+09 -5.181644047E-02 -4.942234124E-02 -1.889952763E-01 +6.669960160E-03 -6.678916435E-02 +2.143266473E-01
3.81000000000E+09 +5.307785872E-02 +4.725957955E-02 -1.425251724E-01 +1.096059391E-01 -4.033151639E-05 +2.264863130E-01
3.82000000000E+09 -5.803198241E-02 -4.321128282E-02 -2.969805819E-02 +1.079137825E-01 -3.821934563E-02 +1.774057131E-01
3.83000000000E+09 +5.865221790E-02 +3.869742273E-02 +5.174959764E-02 +1.084031245E-01 -3.394679303E-02 +2.371043408E-01
3.84000000000E+09 -6.210184986E-02 -3.644616793E-02 +1.295422959E-01 +2.745342168E-03 -9.040033981E-04 +1.846334232E-01
3.85000000000E+09 +6.449679194E-02 +3.059435199E-02 +1.315482799E-01 -6.371711109E-02 -4.983803341E-02 +2.061416719E-01
3.86000000000E+09 -6.581943449E-02 -2.747733673E-02 +9.833639128E-02 -1.792736831E-01 -6.154011418E-03 +2.123058652E-01
3.87000000000E+09 +6.875321039E-02 +2.176145006E-02 +1.282871999E-02 -1.934781882E-01 -3.305781875E-02 +1.837911205E-01
3.88000000000E+09 -6.827125265E-02 -1.678372910E-02 -7.365239395E-02 -2.179370076E-01 -3.331323821E-02 +2.242250365E-01
3.89000000000E+09 +6.982578212E-02 +1.263016051E-02 -1.454965166E-01 -1.279248516E-01 -6.153367733E-04 +1.914293580E-01
3.90000000000E+09 -6.952007581E-02 -6.489509180E-03 -1.708444353E-01 -7.103944397E-02 -5.473800604E-02 +1.965762747E-01
3.91000000000E+09 +6.831324380E-02 +3.472115837E-03 -1.393088981E-01 +4.803440779E-02 -7.193742295E-03 +2.295234856E-01
3.92000000000E+09 -6.960919382E-02 +1.286643705E-03 -7.287217268E-02 +7.398490162E-02 -2.100670036E-02 +1.799311713E-01
3.93000000000E+09 +6.781723145E-02 -5.726977058E-03 +2.115782153E-02 +1.166233636E-01 -3.826108108E-02 +2.249829837E-01
3.94000000000E+09 -6.829396748E-02 +8.944264309E-03 +9.205255170E-02 +5.071307560E-02 +5.249491359E-03 +2.063683942E-01
3.95000000000E+09 +6.788866690E-02 -1.463533580E-02 +1.465364863E-01 +1.404627431E-02 -3.252952600E-02 +1.929191853E-01
3.96000000000E+09 -6.590350049E-02 +1.852958404E-02 +1.386886616E-01 -9.253250391E-02 -1.300842367E-02 +2.249609640E-01
3.97000000000E+09 +6.566377916E-02 -2.338151727E-02 +1.136349393E-01 -1.271033249E-01 -5.127115678E-03 +1.922405554E-01
3.98000000000E+09 -6.222817388E-02 +2.831022282E-02 +3.356988540E-02 -1.864431901E-01 -2.951765263E-02 +2.160667429E-01
3.99000000000E+09 +6.068144711E-02 -3.140218794E-02 -2.217027253E-02 -1.483964281E-01 +1.441075367E-02 +2.099575486E-01
4.00000000000E+09 -5.762944903E-02 +3.651549489E-02 -9.295012068E-02 -1.263208731E-01 -2.353916519E-02 +1.864138889E-01
4.01000000000E+09 +5.442627769E-02 -3.880779550E-02 -9.789052553E-02 -3.306426644E-02 -1.672690142E-03 +2.172978482E-01
4.02000000000E+09 -5.200638854E-02 +4.280515990E-02 -1.009249241E-01 +1.927593456E-02 -1.428450200E-02 +1.796518739E-01
4.03000000000E+09 +4.811258605E-02 -4.490193416E-02 -2.781578988E-02 +9.396593266E-02 -2.437874686E-02 +2.206758573E-01
4.04000000000E+09 -4.646508697E-02 +4.759148203E-02 +1.898250495E-02 +9.645537519E-02 +5.947102988E-03 +2.025410536E-01
4.05000000000E+09 +4.281709501E-02 -5.094274539E-02 +1.133308758E-01 +9.986652130E-02 -2.292428881E-02 +2.013738940E-01
4.06000000000E+09 -3.994055012E-02 +5.292156171E-02 +1.390925475E-01 +3.319498805E-02 +8.481465868E-03 +2.227107743E-01
4.07000000000E+09 +3.657656608E-02 -5.669319287E-02 +1.802730245E-01 -1.696556241E-02 -2.680453726E-03 +1.835517748E-01
4.08000000000E+09 -3.169994200E-02 +5.847488224E-02 +1.313438782E-01 -9.633969232E-02 -8.482228437E-03 +2.192448334E-01
4.09000000000E+09 +2.780500414E-02 -6.092219758E-02 +1.005433074E-01 -1.277991566E-01 +2.364797300E-03 +1.901651833E-01
4.10000000000E+09 -2.230204759E-02 +6.151501413E-02 -3.957761955E-03 -1.411325822E-01 -1.290245523E-02 +2.242707086E-01
4.11000000000E+09 +1.902905011E-02 -6.279869753E-02 -4.296231779E-02 -9.186282930E-02 +2.253313722E-02 +1.959144031E-01
4.12000000000E+09 -1.306551549E-02 +6.307631354E-02 -1.088060127E-01 -2.608729558E-02 -2.585115688E-02 +2.134216965E-01
4.13000000000E+09 +1.104851233E-02 -6.211392120E-02 -6.951558488E-02 +6.107593635E-02 +5.081949343E-02 +2.349546290E-01
4.14000000000E+09 -6.894887748E-03 +6.494672523E-02 -5.218412800E-02 +1.123790264E-01 +2.130099576E-02 +1.554303118E-01
4.15000000000E+09 +1.825429434E-03 -6.403332367E-02 +3.832031526E-02 +1.485389971E-01 +5.529753257E-03 +2.082747732E-01
4.16000000000E+09 +2.145228663E-03 +6.526496169E-02 +8.824892055E-02 +1.382755251E-01 +2.388753183E-02 +1.557838443E-01
4.17000000000E+09 -8.291973079E-03 -6.333106267E-02 +1.660258715E-01 +8.421133547E-02 -4.065460464E-02 +2.035717931E-01
4.18000000000E+09 +1.036145661E-02 +6.286986596E-02 +1.524882914E-01 +1.915698726E-02 +4.894529326E-02 +2.100128650E-01
4.19000000000E+09 -1.757568165E-02 -6.251976732E-02 +1.487216114E-01 -5.179449742E-02 -3.272647211E-02 +1.514653180E-01
4.20000000000E+09 +1.977914642E-02 +5.827075837E-02 +6.091569616E-02 -8.022752927E-02 +1.270081537E-02 +2.607096714E-01
4.21000000000E+09 -2.421011393E-02 -5.962827463E-02 +1.456715606E-02 -8.629186784E-02 +4.213023701E-02 +1.319716746E-01
4.22000000000E+09 +2.911223716E-02 +5.393752765E-02 -6.892552525E-02 -3.735674468E-02 -5.491987047E-02 +2.290046762E-01
4.23000000000E+09 -2.978523636E-02 -5.375919207E-02 -7.850593802E-02 +1.300328978E-02 +7.903490463E-02 +1.977441009E-01
4.24000000000E+09 +3.631159192E-02 +5.011347677E-02 -9.616520598E-02 +9.448047064E-02 -5.825179365E-02 +1.524910328E-01
4.25000000000E+09 -3.513866549E-02 -4.650121599E-02 -3.940067461E-02 +1.313737450E-01 +3.737437023E-02 +2.763399203E-01
4.26000000000E+09 +4.031213129E-02 +4.726750288E-02 -7.105992787E-03 +1.718891010E-01 +3.776047466E-02 +1.152526330E-01
4.27000000000E+09 -4.244342811E-02 -4.051188651E-02 +6.886854217E-02 +1.484027277E-01 -4.790323261E-02 +2.546945972E-01
4.28000000000E+09 +4.316920245E-02 +4.158071149E-02 +9.205472610E-02 +1.296136596E-01 +1.081463694E-01 +1.852302210E-01
4.29000000000E+09 -4.946616446E-02 -3.613961517E-02 +1.265390637E-01 +5.825857513E-02 -6.362541524E-02 +1.536299219E-01
4.30000000000E+09 +4.751054287E-02 +3.326402834E-02 +9.517090622E-02 +2.016449039E-02 +6.699267910E-02 +2.688094900E-01
4.31000000000E+09 -5.380680879E-02 -3.149523858E-02 +6.617047528E-02 -4.148771119E-02 +2.023634999E-02 +9.280455503E-02
4.32000000000E+09 +5.263212886E-02 +2.425548289E-02 -8.568208788E-03 -3.655130471E-02 -2.741872151E-02 +2.679876278E-01
4.33000000000E+09 -5.484767711E-02 -2.453683475E-02 -5.781331240E-02 -3.918011270E-02 +1.064808871E-01 +1.386692594E-01
4.34000000000E+09 +5.671384951E-02 +1.636010317E-02 -1.110857483E-01 +2.438237397E-02 -8.553476644E-02 +1.745480821E-01
4.35000000000E+09 -5.430905512E-02 -1.593831315E-02 -1.216029788E-01 +6.058496316E-02 +8.290717731E-02 +2.505973288E-01
4.36000000000E+09 +5.889061929E-02 +1.116514525E-02 -1.135316953E-01 +1.404523348E-01 -1.073710331E-02 +9.726958912E-02
4.37000000000E+09 -5.479372129E-02 -6.930659305E-03 -6.637870508E-02 +1.566865080E-01 -1.031084701E-02 +2.805670136E-01
4.38000000000E+09 +5.808680603E-02 +6.925077290E-03 -1.504219144E-02 +1.895081740E-01 +1.029914880E-01 +1.276078521E-01
4.39000000000E+09 -5.751540399E-02 +6.917854730E-04 +4.354935931E-02 +1.438281500E-01 -8.099789394E-02 +1.955478659E-01
4.40000000000E+09 +5.672716681E-02 -2.045526111E-04 +7.735897869E-02 +1.133535399E-01 +1.097722517E-01 +2.321069255E-01
4.41000000000E+09 -5.986846277E-02 +7.455092724E-03 +8.003135473E-02 +2.267851799E-02 -3.718537853E-02 +9.873900283E-02
4.42000000000E+09 +5.533952636E-02 -1.003160881E-02 +4.625652807E-02 -1.652774577E-02 +2.570680005E-02 +2.827076567E-01
4.43000000000E+09 -5.862034983E-02 +1.371304213E-02 -1.851048995E-02 -7.525249076E-02 +6.774171381E-02 +9.022415111E-02
4.44000000000E+09 +5.341595386E-02 -1.979089815E-02 -8.618430889E-02 -5.496382264E-02 -7.399970863E-02 +2.322742023E-01
4.45000000000E+09 -5.360701468E-02 +1.940147020E-02 -1.553397088E-01 -4.024226845E-02 +1.142517879E-01 +1.985926370E-01
4.46000000000E+09 +5.223939492E-02 -2.674094275E-02 -1.798560703E-01 +4.437106740E-02 -5.541099365E-02 +1.249780129E-01
4.47000000000E+09 -4.813246231E-02 +2.639110872E-02 -1.788658209E-01 +9.217281906E-02 +4.666461054E-02 +2.683231355E-01
4.48000000000E+09 +4.964840154E-02 -3.105056514E-02 -1.234651502E-01 +1.607334953E-01 +3.449951772E-02 +9.151633944E-02
4.49000000000E+09 -4.356852916E-02 +3.327390901E-02 -6.855713853E-02 +1.593250273E-01 -5.797592124E-02 +2.585292726E-01
4.50000000000E+09 +4.593785763E-02 -3.378577343E-02 +1.669195570E-02 +1.536709755E-01 +1.130848287E-01 +1.901570681E-01
4.51000000000E+09 -4.206171625E-02 +4.124038693E-02 +4.953370291E-02 +6.707726906E-02 -5.117433238E-02 +1.661092094E-01
4.52000000000E+09 +3.950272265E-02 -4.054234879E-02 +6.786598693E-02 +6.038080435E-03 +9.228679249E-02 +2.513503323E-01
4.53000000000E+09 -3.809094709E-02 +4.711452323E-02 +1.786707232E-02 -8.569991173E-02 +1.587082918E-02 +8.963021563E-02
4.54000000000E+09 +3.158337901E-02 -4.751799727E-02 -3.758737146E-02 -1.152183536E-01 -1.349854532E-02 +2.525466714E-01
4.55000000000E+09 -3.096978764E-02 +5.012872939E-02 -1.354577980E-01 -1.264445223E-01 +8.895274368E-02 +1.470310806E-01
4.56000000000E+09 +2.407044515E-02 -5.251709455E-02 -1.778643416E-01 -6.980177118E-02 -5.095538602E-02 +1.817778539E-01
4.57000000000E+09 -2.254710698E-02 +5.138466229E-02 -2.201230300E-01 -1.412783922E-02 +8.363387245E-02 +2.265672888E-01
4.58000000000E+09 +1.836673295E-02 -5.530689606E-02 -1.822119387E-01 +6.111354681E-02 -1.455673308E-02 +1.170398341E-01
4.59000000000E+09 -1.455477178E-02 +5.293114446E-02 -1.506882466E-01 +9.813710331E-02 +1.568009200E-02 +2.709741381E-01
4.60000000000E+09 +1.388277212E-02 -5.671398392E-02 -5.560140196E-02 +1.151711384E-01 +7.920752951E-02 +1.326470782E-01
4.61000000000E+09 -6.896801598E-03 +5.734412764E-02 -9.879325943E-03 +7.215096288E-02 -2.984010222E-02 +2.118402276E-01
4.62000000000E+09 +5.318126837E-03 -5.790674358E-02 +5.093447345E-02 +1.352653516E-02 +9.552349647E-02 +1.886907165E-01
4.63000000000E+09 +1.652959220E-03 +5.969820646E-02 +3.061014008E-02 -6.544187320E-02 -2.002608040E-02 +1.445865202E-01
4.64000000000E+09 -5.077054568E-03 -5.716192056E-02 +1.617745958E-02 -1.254885992E-01 +4.667285634E-02 +2.319574483E-01
4.65000000000E+09 +9.669206817E-03 +5.835734308E-02 -6.379572204E-02 -1.556105314E-01 +3.425299791E-02 +1.325560009E-01
4.66000000000E+09 -1.441996441E-02 -5.470280724E-02 -1.012867223E-01 -1.526162002E-01 -7.412039911E-03 +2.220148074E-01
4.67000000000E+09 +1.629969382E-02 +5.447384897E-02 -1.657297821E-01 -1.137060973E-01 +7.185218851E-02 +1.756466844E-01
4.68000000000E+09 -2.166752270E-02 -5.224660498E-02 -1.578738127E-01 -6.829482009E-02 -1.626815553E-02 +1.791534012E-01
4.69000000000E+09 +2.269800456E-02 +5.024239894E-02 -1.640711436E-01 -1.263969949E-02 +6.735548239E-02 +2.210776528E-01
4.70000000000E+09 -2.755713118E-02 -4.983110253E-02 -1.023908705E-01 +1.650011280E-02 +1.707660687E-02 +1.424820623E-01
4.71000000000E+09 +2.974409522E-02 +4.618187429E-02 -6.868754009E-02 +3.646716232E-02 +3.276391618E-02 +2.333279104E-01
4.72000000000E+09 -3.310351191E-02 -4.609698347E-02 +7.202150875E-03 +1.415972310E-02 +6.463558836E-02 +1.419924169E-01
4.73000000000E+09 +3.694739454E-02 +4.171339021E-02 +3.333182974E-02 -1.478185286E-02 -1.144792492E-02 +1.992724509E-01
4.74000000000E+09 -3.842453540E-02 -3.995629294E-02 +7.080647421E-02 -8.027893056E-02 +7.437055687E-02 +1.951183750E-01
4.75000000000E+09 +4.252254073E-02 +3.645604458E-02 +4.631235338E-02 -1.196195432E-01 +4.809860906E-03 +1.541672208E-01
4.76000000000E+09 -4.287009267E-02 -3.260418971E-02 +3.260624969E-02 -1.722706106E-01 +4.575323871E-02 +2.289870120E-01
4.77000000000E+09 +4.557196897E-02 +3.075700009E-02 -2.584727814E-02 -1.733675351E-01 +5.459566815E-02 +1.380657906E-01
4.78000000000E+09 -4.657176023E-02 -2.569573338E-02 -5.533443833E-02 -1.767137233E-01 -7.579533225E-04 +2.150885350E-01
4.79000000000E+09 +4.717764043E-02 +2.456577554E-02 -9.850610426E-02 -1.253538160E-01 +9.087282465E-02 +1.709754922E-01
4.80000000000E+09 -4.981659904E-02 -2.023260238E-02 -9.189278532E-02 -9.022952833E-02 -1.200214156E-02 +1.553201116E-01
4.81000000000E+09 +4.925614737E-02 +1.743280657E-02 -7.761694563E-02 -2.378100120E-02 +5.771437875E-02 +2.198141057E-01
4.82000000000E+09 -5.205468112E-02 -1.434689894E-02 -2.108430567E-02 -7.166916811E-03 +3.415560459E-02 +1.317953128E-01
4.83000000000E+09 +5.125419114E-02 +9.437289057E-03 +3.306924838E-02 +1.869584153E-02 +3.125299338E-03 +2.220915443E-01
4.84000000000E+09 -5.195740095E-02 -7.872973661E-03 +9.667985073E-02 -2.428637710E-02 +8.691854273E-02 +1.708750787E-01
4.85000000000E+09 +5.276833420E-02 +2.494485405E-03 +1.262432284E-01 -5.244166941E-02 -9.939825385E-03 +1.578871956E-01
4.86000000000E+09 -5.091526880E-02 -1.931000257E-04 +1.350801119E-01 -1.245785359E-01 +5.711348835E-02 +2.254297340E-01
4.87000000000E+09 +5.227868563E-02 -3.091095474E-03 +1.098765775E-01 -1.487130775E-01 +4.880575594E-02 +1.323842144E-01
4.88000000000E+09 -5.038464325E-02 +7.197708408E-03 +7.177123439E-02 -1.895075535E-01 +3.083531933E-03 +2.078712476E-01
4.89000000000E+09 +5.037486288E-02 -9.156698617E-03 +2.590409164E-02 -1.676810303E-01 +7.703053744E-02 +1.709242556E-01
4.90000000000E+09 -4.942880275E-02 +1.394328815E-02 -1.526527088E-02 -1.559382251E-01 -1.082285413E-02 +1.647875450E-01
4.91000000000E+09 +4.739974621E-02 -1.562471282E-02 -3.044818336E-02 -8.637794118E-02 +5.949300703E-02 +2.266670995E-01
4.92000000000E+09 -4.789990933E-02 +1.932731595E-02 -2.407892178E-02 -5.043579611E-02 +4.576833845E-02 +1.310998746E-01
4.93000000000E+09 +4.453796400E-02 -2.289289547E-02 +1.521165300E-02 +1.247305609E-02 -3.153525235E-03 +2.186736060E-01
4.94000000000E+09 -4.396357952E-02 +2.436408215E-02 +5.917349425E-02 +1.884891689E-02 +8.935522805E-02 +1.764538148E-01
4.95000000000E+09 +4.138289389E-02 -2.895382977E-02 +1.199605448E-01 +3.450336083E-02 -1.697375525E-02 +1.612618444E-01
4.96000000000E+09 -3.855902983E-02 +2.908814902E-02 +1.535598310E-01 -7.621439888E-03 +6.702607729E-02 +2.373619949E-01
4.97000000000E+09 +3.823928176E-02 -3.245050451E-02 +1.845443708E-01 -2.985396634E-02 +5.053559304E-02 +1.276992223E-01
4.98000000000E+09 -3.424787476E-02 +3.436578653E-02 +1.736199619E-01 -8.873972794E-02 -3.888609941E-04 +2.150000409E-01
4.99000000000E+09 +3.359081319E-02 -3.566191160E-02 +1.571180962E-01 -1.108503280E-01 +8.269458143E-02 +1.775922841E-01
5.00000000000E+09 -3.022036281E-02 +3.909775598E-02 +9.802918455E-02 -1.390499815E-01 -1.417436049E-02 +1.637151260E-01
5.01000000000E+09 +2.786033645E-02 -3.895809558E-02 +6.046017138E-02 -1.112643184E-01 +6.532867340E-02 +2.396094291E-01
5.02000000000E+09 -2.634815712E-02 +4.264540475E-02 +6.666012621E-03 -8.333696197E-02 +4.527338132E-02 +1.234706999E-01
5.03000000000E+09 +2.152676723E-02 -4.319887770E-02 +3.901324132E-03 -1.288224989E-02 -2.034804029E-03 +2.341902517E-01
5.04000000000E+09 -2.043342215E-02 +4.452913150E-02 +1.808872416E-03 +4.013285274E-02 +9.062702636E-02 +1.731685105E-01
5.05000000000E+09 +1.532540312E-02 -4.607234843E-02 +6.261230770E-02 +9.718423972E-02 -1.485729094E-02 +1.856145461E-01
5.06000000000E+09 -1.367977279E-02 +4.461230018E-02 +1.032931271E-01 +1.052665845E-01 +9.155080375E-02 +2.356043600E-01
5.07000000000E+09 +1.110046819E-02 -4.725958714E-02 +1.758110178E-01 +1.001445238E-01 +3.673175091E-02 +1.260620166E-01
5.08000000000E+09 -7.333654309E-03 +4.568163828E-02 +1.963377399E-01 +5.033433545E-02 +2.662718152E-02 +2.459389483E-01
5.09000000000E+09 +6.710054428E-03 -4.730273316E-02 +2.184825916E-01 +8.360927403E-04 +1.026652927E-01 +1.419719871E-01
5.10000000000E+09 -1.428174874E-03 +4.750108412E-02 +1.726678937E-01 -5.611778921E-02 -2.551996872E-02 +1.929622515E-01
5.11000000000E+09 +6.764949458E-04 -4.690342046E-02 +1.331573443E-01 -8.206238733E-02 +1.103535908E-01 +2.153570342E-01
5.12000000000E+09 +4.478937926E-03 +4.881995730E-02 +4.672900234E-02 -8.002777110E-02 -2.477032621E-03 +1.230069055E-01
5.13000000000E+09 -7.022612519E-03 -4.561599636E-02 +4.887808015E-03 -3.931614876E-02 +4.941271257E-02 +2.661157982E-01
5.14000000000E+09 +9.583682392E-03 +4.740294180E-02 -4.726209021E-02 +2.579050142E-02 +8.382456759E-02 +1.176025092E-01
5.15000000000E+09 -1.424653962E-02 -4.381940000E-02 -2.629848085E-02 +9.672570998E-02 -2.290433083E-02 +2.278043287E-01
5.16000000000E+09 +1.400160891E-02 +4.321851113E-02 -7.056047304E-03 +1.569987722E-01 +1.273618194E-01 +1.965970235E-01
5.17000000000E+09 -1.859406790E-02 -4.254367904E-02 +6.945428825E-02 +1.832064051E-01 -1.865477380E-02 +1.272888340E-01
5.18000000000E+09 +1.857832302E-02 +3.948371051E-02 +1.180639379E-01 +1.783042454E-01 +5.621316738E-02 +2.739127751E-01
5.19000000000E+09 -2.106865404E-02 -4.148805301E-02 +1.829846906E-01 +1.261671443E-01 +7.706317797E-02 +1.089976481E-01
5.20000000000E+09 +2.428275676E-02 +3.741766008E-02 +1.794173649E-01 +6.314859393E-02 -2.958487320E-02 +2.556544575E-01
5.21000000000E+09 -2.427331487E-02 -3.883225425E-02 +1.678805230E-01 -1.551910396E-02 +1.456225180E-01 +1.893694758E-01
5.22000000000E+09 +3.060406573E-02 +3.651045510E-02 +8.250528877E-02 -5.678092718E-02 -3.603514047E-02 +1.542066988E-01
5.23000000000E+09 -2.990300098E-02 -3.358658592E-02 +1.098295420E-02 -7.303416301E-02 +9.854611224E-02 +2.759351134E-01
5.24000000000E+09 +3.432643801E-02 +3.382296500E-02 -8.675648867E-02 -2.288047239E-02 +6.852116033E-02 +9.859968037E-02
5.25000000000E+09 -3.552101123E-02 -2.805770236E-02 -1.177554038E-01 +4.340545965E-02 -5.361767695E-03 +2.560172443E-01
5.26000000000E+09 +3.582992543E-02 +2.852649521E-02 -1.284452294E-01 +1.385015926E-01 +1.371187224E-01 +1.651191270E-01
5.27000000000E+09 -3.900175195E-02 -2.415104989E-02 -6.985238001E-02 +1.905899273E-01 -4.106977822E-02 +1.674821771E-01
5.28000000000E+09 +3.700025434E-02 +2.335026341E-02 -8.917410475E-03 +2.297356445E-01 +1.076929273E-01 +2.676417793E-01
5.29000000000E+09 -4.158581888E-02 -2.292739331E-02 +7.926491880E-02 +1.925000521E-01 +4.655670404E-02 +1.045211944E-01
5.30000000000E+09 +4.161090180E-02 +1.860677256E-02 +1.176643525E-01 +1.404224253E-01 +1.396818318E-02 +2.709750446E-01
5.31000000000E+09 -4.437458816E-02 -1.902655132E-02 +1.320579147E-01 +3.616257419E-02 +1.255086674E-01 +1.594720424E-01
5.32000000000E+09 +4.735830051E-02 +1.283943104E-02 +7.342483406E-02 -2.493866117E-02 -1.406056874E-02 +1.937192385E-01
5.33000000000E+09 -4.680004754E-02 -1.080415023E-02 +1.037717279E-03 -8.215576895E-02 +1.121550047E-01 +2.291062918E-01
5.34000000000E+09 +4.940485757E-02 +6.167162613E-03 -9.303462347E-02 -5.608719081E-02 +3.013348361E-02 +1.358331355E-01
5.35000000000E+09 -4.690212129E-02 -2.180310937E-03 -1.521307841E-01 -2.524255761E-02 +3.947570377E-02 +2.558260828E-01
5.36000000000E+09 +4.796472160E-02 +1.000668340E-03 -1.799888432E-01 +6.416823112E-02 +1.066111665E-01 +1.649589845E-01
5.37000000000E+09 -4.737206035E-02 +4.009586762E-03 -1.565317327E-01 +1.072285695E-01 +7.903194500E-03 +2.056694518E-01
5.38000000000E+09 +4.683266230E-02 -4.644280102E-03 -1.122047714E-01 +1.628329925E-01 +1.150030653E-01 +2.123954199E-01
5.39000000000E+09 -4.807667531E-02 +9.354363203E-03 -5.200909258E-02 +1.452307543E-01 +2.683213610E-02 +1.575948742E-01
5.40000000000E+09 +4.649357039E-02 -1.187948821E-02 -4.722388634E-03 +1.331016258E-01 +7.694358370E-02 +2.307209893E-01
5.41000000000E+09 -4.725917857E-02 +1.612025232E-02 +1.790139023E-02 +6.311903569E-02 +6.035035454E-02 +1.546983098E-01
5.42000000000E+09 +4.464240010E-02 -2.003281899E-02 +1.647412112E-02 +2.849062356E-02 +4.173809476E-02 +2.199855904E-01
5.43000000000E+09 -4.369341945E-02 +2.309117819E-02 -1.554962731E-02 -3.160566465E-02 +7.776751028E-02 +1.812889736E-01
5.44000000000E+09 +4.058513045E-02 -2.689383131E-02 -4.548124144E-02 -3.415945508E-02 +3.203624394E-02 +2.023473843E-01
5.45000000000E+09 -3.842948254E-02 +2.844209234E-02 -8.919274469E-02 -5.491107197E-02 +8.509550584E-02 +2.117733242E-01
5.46000000000E+09 +3.607584207E-02 -3.168613817E-02 -1.059661235E-01 -2.442247239E-02 +4.449599366E-02 +1.800214882E-01
5.47000000000E+09 -3.311152412E-02 +3.283556116E-02 -1.280054577E-01 -2.306872665E-02 +7.435594174E-02 +2.248728689E-01
5.48000000000E+09 +3.143251754E-02 -3.544394034E-02 -1.184330525E-01 +1.253867454E-02 +6.371382202E-02 +1.592113270E-01
5.49000000000E+09 -2.759523790E-02 +3.683792051E-02 -1.186505689E-01 +1.613927598E-02 +3.081986526E-02 +2.271873104E-01
5.50000000000E+09 +2.620765701E-02 -3.818538655E-02 -8.330963525E-02 +3.871974581E-02 +8.784427153E-02 +1.920886363E-01
5.51000000000E+09 -2.227134372E-02 +4.034216899E-02 -7.297255097E-02 +2.494513612E-02 +2.297458143E-02 +2.070148957E-01
5.52000000000E+09 +2.011852250E-02 -4.030823698E-02 -2.931460945E-02 +2.643689241E-02 +9.242064139E-02 +2.346352784E-01
5.53000000000E+09 -1.743416626E-02 +4.276065190E-02 -2.288667379E-02 -9.547020923E-03 +6.269059431E-02 +1.733840235E-01
5.54000000000E+09 +1.340734052E-02 -4.274041492E-02 +6.244410070E-03 -2.857709329E-02 +5.271592056E-02 +2.334888195E-01
5.55000000000E+09 -1.143520967E-02 +4.344481753E-02 -9.244691624E-03 -7.015557397E-02 +9.854336104E-02 +1.908765362E-01
5.56000000000E+09 +7.016595344E-03 -4.409002391E-02 -2.540381152E-03 -9.052287438E-02 +2.962522629E-02 +1.974702843E-01
5.57000000000E+09 -4.923763191E-03 +4.281046833E-02 -3.972658305E-02 -1.153676118E-01 +8.770208378E-02 +2.378143065E-01
5.58000000000E+09 +1.802487720E-03 -4.398703844E-02 -4.343423117E-02 -1.165885302E-01 +6.218349477E-02 +1.753518411E-01
5.59000000000E+09 +1.356513533E-03 +4.217811824E-02 -8.254587951E-02 -1.136666683E-01 +4.973899702E-02 +2.479499824E-01
5.60000000000E+09 -2.840885471E-03 -4.235153411E-02 -7.394731892E-02 -9.368209398E-02 +1.071374675E-01 +2.097128914E-01
5.61000000000E+09 +6.421275899E-03 +4.220291904E-02 -9.541435221E-02 -7.497270580E-02 +5.527479988E-02 +1.977472676E-01
5.62000000000E+09 -8.738371894E-03 -4.082264659E-02 -6.618478954E-02 -4.721366543E-02 +8.281656538E-02 +2.352250645E-01
5.63000000000E+09 +1.132124205E-02 +4.084429471E-02 -5.933459544E-02 -2.442541475E-02 +8.804134388E-02 +1.835351656E-01
5.64000000000E+09 -1.475645654E-02 -3.898659153E-02 -2.077899729E-03 -1.330266852E-02 +4.602783024E-02 +2.229613476E-01
5.65000000000E+09 +1.633488977E-02 +3.767569729E-02 +2.531219959E-02 -1.586556275E-02 +1.023757920E-01 +2.209391342E-01
5.66000000000E+09 -1.962240352E-02 -3.632748709E-02 +8.548982805E-02 -4.731022973E-02 +5.649191842E-02 +1.931390899E-01
5.67000000000E+09 +2.109616517E-02 +3.333436812E-02 +9.247502269E-02 -8.637930304E-02 +7.221229576E-02 +2.470140613E-01
5.68000000000E+09 -2.238132985E-02 -3.265763329E-02 +1.099673868E-01 -1.441960525E-01 +1.086259719E-01 +2.001487233E-01
5.69000000000E+09 +2.488741353E-02 +2.997629993E-02 +6.383011495E-02 -1.803322996E-01 +4.637798719E-02 +2.132962249E-01
5.70000000000E+09 -2.485749361E-02 -2.850361924E-02 +3.056563901E-02 -2.063658602E-01 +1.171098702E-01 +2.430373587E-01
5.71000000000E+09 +2.762706279E-02 +2.755961134E-02 -4.066410927E-02 -1.822793837E-01 +6.903767368E-02 +1.689425529E-01
5.72000000000E+09 -2.839401787E-02 -2.451573118E-02 -6.658757427E-02 -1.410060983E-01 +6.461164940E-02 +2.622073930E-01
5.73000000000E+09 +2.996874167E-02 +2.412360514E-02 -8.766640110E-02 -5.629086570E-02 +1.217746436E-01 +1.909370161E-01
5.74000000000E+09 -3.230364648E-02 -2.029912393E-02 -3.588035508E-02 +4.374908906E-03 +3.590763020E-02 +2.246862185E-01
5.75000000000E+09 +3.183123767E-02 +1.862225601E-02 +2.535723743E-02 +6.276120180E-02 +1.333366945E-01 +2.506385322E-01
5.76000000000E+09 -3.412120573E-02 -1.639808914E-02 +1.288910438E-01 +4.894739076E-02 +7.458430744E-02 +1.709837898E-01
5.77000000000E+09 +3.323601512E-02 +1.298836849E-02 +1.926435134E-01 +1.323064128E-02 +7.658404328E-02 +2.667556586E-01
5.78000000000E+09 -3.359390594E-02 -1.257194668E-02 +2.369965911E-01 -8.080182618E-02 +1.316898187E-01 +1.947190851E-01
5.79000000000E+09 +3.449464241E-02 +9.219500653E-03 +2.091690470E-01 -1.481373867E-01 +4.903110607E-02 +2.234549816E-01
5.80000000000E+09 -3.374101617E-02 -8.704832039E-03 +1.570659526E-01 -2.185773237E-01 +1.348009130E-01 +2.390290202E-01
5.81000000000E+09 +3.601831074E-02 +5.952031105E-03 +6.263877320E-02 -2.147263131E-01 +5.859971331E-02 +1.794039234E-01
5.82000000000E+09 -3.483250132E-02 -3.737395493E-03 -1.456174840E-02 -1.874721401E-01 +9.418508387E-02 +2.775977954E-01
5.83000000000E+09 +3.673750312E-02 +1.941875749E-03 -6.923710906E-02 -8.032797899E-02 +1.170728401E-01 +1.872719099E-01
5.84000000000E+09 -3.581845829E-02 +2.350580942E-03 -5.481773075E-02 +7.464351821E-03 +6.442711368E-02 +2.495558301E-01
5.85000000000E+09 +3.518279131E-02 -3.448543555E-03 +5.593011043E-03 +1.114468490E-01 +1.428372691E-01 +2.270664201E-01
5.86000000000E+09 -3.465724354E-02 +7.219308897E-03 +1.072807808E-01 +1.314631126E-01 +6.608392557E-02 +2.011167130E-01
5.87000000000E+09 +3.239378735E-02 -7.914800466E-03 +2.042604133E-01 +1.294389582E-01 +1.281072874E-01 +2.642708229E-01
5.88000000000E+09 -3.273257175E-02 +9.927306528E-03 +2.743355746E-01 +4.613066845E-02 +9.757636236E-02 +1.736600598E-01
5.89000000000E+09 +3.043935970E-02 -1.139004040E-02 +2.951313416E-01 -2.803206221E-02 +8.894450297E-02 +2.773561637E-01
5.90000000000E+09 -3.137967748E-02 +1.204757143E-02 +2.590579574E-01 -1.332987888E-01 +1.457899373E-01 +1.880598385E-01
5.91000000000E+09 +2.978843352E-02 -1.557340017E-02 +1.786915646E-01 -1.725054617E-01 +4.724692163E-02 +2.480342974E-01
5.92000000000E+09 -2.924861922E-02 +1.552226774E-02 +6.686372941E-02 -1.923351668E-01 +1.726756030E-01 +2.523652817E-01
5.93000000000E+09 +2.898442038E-02 -2.001046423E-02 -2.804687038E-02 -1.112276850E-01 +7.349518558E-02 +1.771332966E-01
5.94000000000E+09 -2.536984839E-02 +2.078239740E-02 -8.279796531E-02 -1.812383123E-02 +1.232760289E-01 +2.913063356E-01
5.95000000000E+09 +2.520639412E-02 -2.257825762E-02 -6.009472190E-02 +1.186628925E-01 +1.406514054E-01 +1.614934181E-01
5.96000000000E+09 -2.078047955E-02 +2.409520611E-02 +8.987909685E-03 +1.949151229E-01 +5.185872402E-02 +2.671988530E-01
5.97000000000E+09 +2.061968691E-02 -2.253388783E-02 +1.263983239E-01 +2.435313958E-01 +1.843185316E-01 +2.384593862E-01
5.98000000000E+09 -1.862823207E-02 +2.544097559E-02 +2.225770954E-01 +1.999108581E-01 +4.860737674E-02 +1.914950263E-01
5.99000000000E+09 +1.700152005E-02 -2.291748324E-02 +3.031472204E-01 +1.324462510E-01 +1.557791449E-01 +3.167599392E-01
6.00000000000E+09 -1.866794254E-02 +2.566793520E-02 +3.067408913E-01 +6.048725409E-03 +1.465006529E-01 +1.348962853E-01
6.01000000000E+09 +1.481834428E-02 -2.662007852E-02 +2.597564924E-01 -8.494314530E-02 +5.991967940E-02 +2.973091306E-01
6.02000000000E+09 -1.611063357E-02 +2.691886051E-02 +1.359782337E-01 -1.566983320E-01 +2.157599598E-01 +2.142986947E-01
6.03000000000E+09 +1.243530931E-02 -3.113327987E-02 +1.535075863E-02 -1.265064046E-01 +4.442592054E-02 +1.848789957E-01
6.04000000000E+09 -1.017579107E-02 +2.906058649E-02 -9.735074130E-02 -4.943084409E-02 +1.595550089E-01 +3.030967091E-01
6.05000000000E+09 +8.941843761E-03 -3.176626731E-02 -1.181138187E-01 +8.621133513E-02 +1.284829150E-01 +1.365408262E-01
6.06000000000E+09 -4.784641191E-03 +2.952632480E-02 -9.488425820E-02 +1.951120951E-01 +6.188554748E-02 +3.135617861E-01
6.07000000000E+09 +6.531051113E-03 -2.932206338E-02 +1.181874640E-02 +2.752869750E-01 +2.175583683E-01 +2.175114707E-01
6.08000000000E+09 -2.717681378E-03 +3.112758562E-02 +1.052866744E-01 +2.732248768E-01 +4.606181538E-02 +2.224886778E-01
6.09000000000E+09 +3.314966537E-03 -2.874341004E-02 +2.138961928E-01 +2.257485165E-01 +1.966451600E-01 +3.057472462E-01
6.10000000000E+09 -2.325736706E-03 +3.291233781E-02 +2.420489161E-01 +1.143553407E-01 +1.340909822E-01 +1.425716226E-01
6.11000000000E+09 -1.533441817E-03 -3.141224379E-02 +2.344188683E-01 +8.777903389E-03 +9.212045304E-02 +3.084111953E-01
6.12000000000E+09 +1.380459073E-03 +3.298588289E-02 +1.307806398E-01 -7.931042837E-02 +2.123110113E-01 +2.074489160E-01
6.13000000000E+09 -7.080731655E-03 -3.337956254E-02 +3.301689575E-02 -9.476543685E-02 +6.431647444E-02 +2.272934866E-01
6.14000000000E+09 +7.226555997E-03 +3.076184425E-02 -9.257856060E-02 -5.322845758E-02 +1.939153699E-01 +2.958015517E-01
6.15000000000E+09 -1.007479244E-02 -3.280487299E-02 -1.321669362E-01 +3.857181397E-02 +1.439148331E-01 +1.705066325E-01
6.16000000000E+09 +1.242479391E-02 +2.919966241E-02 -1.548750299E-01 +1.338049609E-01 +1.236609171E-01 +2.998473527E-01
6.17000000000E+09 -1.226647934E-02 -3.031140629E-02 -8.716268945E-02 +2.109220171E-01 +2.130543688E-01 +2.016761149E-01
6.18000000000E+09 +1.625610320E-02 +2.923469996E-02 -2.924257805E-02 +2.426497794E-01 +9.040071855E-02 +2.330009836E-01
6.19000000000E+09 -1.622434440E-02 -2.825744426E-02 +7.046067159E-02 +2.233651147E-01 +1.977069120E-01 +2.623043262E-01
6.20000000000E+09 +2.000833779E-02 +2.881847161E-02 +1.067124223E-01 +1.653001830E-01 +1.333850769E-01 +1.945899288E-01
6.21000000000E+09 -2.182143584E-02 -2.593541518E-02 +1.423364526E-01 +7.764156451E-02 +1.487319283E-01 +2.779330744E-01
6.22000000000E+09 +2.398239322E-02 +2.587177819E-02 +9.055286265E-02 +3.250834829E-03 +1.826575189E-01 +2.077521477E-01
6.23000000000E+09 -2.682814009E-02 -2.232817750E-02 +4.349001563E-02 -5.680172931E-02 +1.202959106E-01 +2.547390203E-01
6.24000000000E+09 +2.677396891E-02 +2.093195250E-02 -5.778324195E-02 -5.776835419E-02 +2.055872199E-01 +2.488296209E-01
6.25000000000E+09 -2.959683268E-02 -1.899333798E-02 -1.065578288E-01 -3.673250698E-02 +1.363429050E-01 +2.081687216E-01
6.26000000000E+09 +2.935878973E-02 +1.620964751E-02 -1.623536069E-01 +2.904053567E-02 +1.719731308E-01 +2.674218949E-01
6.27000000000E+09 -3.111514653E-02 -1.512170334E-02 -1.476733886E-01 +7.742860631E-02 +1.642703878E-01 +2.144710002E-01
6.28000000000E+09 +3.141816500E-02 +1.195409498E-02 -1.319442176E-01 +1.413282886E-01 +1.522401065E-01 +2.691549610E-01
6.29000000000E+09 -3.225470734E-02 -1.116238267E-02 -5.969561034E-02 +1.463213374E-01 +1.985687926E-01 +2.347449706E-01
6.30000000000E+09 +3.376287186E-02 +7.868330059E-03 -1.703580431E-02 +1.479467432E-01 +1.529649921E-01 +2.426568716E-01
6.31000000000E+09 -3.329008639E-02 -5.901891035E-03 +4.251966828E-02 +8.452926990E-02 +2.069178177E-01 +2.568981763E-01
6.32000000000E+09 +3.495596272E-02 +3.286718896E-03 +4.174041553E-02 +3.828802663E-02 +1.691901646E-01 +2.073612036E-01
6.33000000000E+09 -3.340900069E-02 +1.004728257E-04 +3.355771873E-02 -4.073149449E-02 +1.768928657E-01 +2.744915207E-01
6.34000000000E+09 +3.390994642E-02 -1.028723361E-03 -2.225385133E-02 -6.015891698E-02 +2.138906295E-01 +2.101013879E-01
6.35000000000E+09 -3.327450923E-02 +5.053950839E-03 -6.471557622E-02 -8.912036980E-02 +1.432176961E-01 +2.466143283E-01
6.36000000000E+09 +3.185320621E-02 -5.456852987E-03 -1.144164467E-01 -5.015940024E-02 +2.291821489E-01 +2.590864835E-01
6.37000000000E+09 -3.296372826E-02 +8.317732557E-03 -1.268804254E-01 -3.779425402E-02 +1.716842319E-01 +2.006694195E-01
6.38000000000E+09 +3.047245526E-02 -1.052755378E-02 -1.282956746E-01 +2.025915123E-02 +1.930518147E-01 +2.818502141E-01
6.39000000000E+09 -3.127965299E-02 +1.147382193E-02 -9.711794565E-02 +2.375779946E-02 +2.296285286E-01 +2.008235897E-01
6.40000000000E+09 +2.965374374E-02 -1.556484119E-02 -6.460961541E-02 +5.263366384E-02 +1.500651186E-01 +2.446857010E-01
6.41000000000E+09 -2.801709914E-02 +1.540555374E-02 -2.768607988E-02 +1.813038112E-02 +2.482766651E-01 +2.577927707E-01
6.42000000000E+09 +2.848097633E-02 -1.876506463E-02 -3.605714051E-03 +1.593894230E-02 +1.766409589E-01 +1.810620033E-01
6.43000000000E+09 -2.491268221E-02 +2.016995110E-02 +9.969721550E-03 -3.634601691E-02 +1.939714639E-01 +2.800068273E-01
6.44000000000E+09 +2.520725630E-02 -2.124418592E-02 +1.374596473E-02 -4.670338520E-02 +2.265286532E-01 +1.939975515E-01
6.45000000000E+09 -2.176918321E-02 +2.400775254E-02 -1.566830713E-03 -9.325730949E-02 +1.512685841E-01 +2.588300131E-01
6.46000000000E+09 +2.073046412E-02 -2.276531292E-02 -1.037115941E-02 -8.636565208E-02 +2.579925881E-01 +2.625288538E-01
6.47000000000E+09 -2.053928470E-02 +2.601273743E-02 -3.400765195E-02 -1.157302530E-01 +1.920602708E-01 +1.880815052E-01
6.48000000000E+09 +1.682325603E-02 -2.616496897E-02 -4.400594766E-02 -8.927955235E-02 +2.071688742E-01 +2.866138594E-01
6.49000000000E+09 -1.754021331E-02 +2.703342896E-02 -6.360393090E-02 -9.508119758E-02 +2.612673438E-01 +1.943665667E-01
6.50000000000E+09 +1.378544332E-02 -2.975022254E-02 -5.374550067E-02 -5.018003128E-02 +1.676968491E-01 +2.403967678E-01
6.51000000000E+09 -1.266514158E-02 +2.867828292E-02 -4.849151112E-02 -4.569109893E-02 +2.683271996E-01 +2.497858865E-01
6.52000000000E+09 +1.079943368E-02 -3.174989160E-02 -5.448177789E-03 -9.839995552E-03 +1.957556719E-01 +1.864758561E-01
6.53000000000E+09 -7.271042273E-03 +3.066602980E-02 +2.001356727E-02 -2.775092694E-02 +2.185015760E-01 +2.756200249E-01
6.54000000000E+09 +6.742071090E-03 -3.156856737E-02 +7.250712671E-02 -3.038972899E-02 +2.547323828E-01 +2.053457258E-01
6.55000000000E+09 -3.110160474E-03 +3.211422099E-02 +7.587568083E-02 -8.314818434E-02 +2.026270044E-01 +2.424113415E-01
6.56000000000E+09 +2.221708565E-03 -3.133082787E-02 +9.140607815E-02 -1.025379021E-01 +2.697979287E-01 +2.313767308E-01
6.57000000000E+09 +4.472010653E-04 +3.293155221E-02 +5.455075650E-02 -1.437977000E-01 +2.060908258E-01 +2.000021611E-01
6.58000000000E+09 -2.870332264E-03 -3.147077279E-02 +4.254819886E-02 -1.375369384E-01 +2.386976293E-01 +2.586045666E-01
6.59000000000E+09 +4.483589811E-03 +3.254590751E-02 -6.759936975E-03 -1.333909752E-01 +2.415544440E-01 +2.050753704E-01
6.60000000000E+09 -7.912690860E-03 -3.129113260E-02 +1.854973453E-03 -8.868392141E-02 +2.250010884E-01 +2.525922599E-01
6.61000000000E+09 +9.107028619E-03 +3.102572069E-02 -1.285631660E-02 -6.017961220E-02 +2.660400799E-01 +2.171833006E-01
6.62000000000E+09 -1.241904611E-02 -3.017415405E-02 +3.960559654E-02 -2.046821841E-02 +2.305692377E-01 +2.281429464E-01
6.63000000000E+09 +1.368736604E-02 +2.873449790E-02 +5.581078674E-02 -1.716081938E-02 +2.667276131E-01 +2.210942077E-01
6.64000000000E+09 -1.639328471E-02 -2.787293415E-02 +1.147089884E-01 -2.036365658E-02 +2.298389585E-01 +2.113031712E-01
6.65000000000E+09 +1.732438297E-02 +2.547988021E-02 +1.136812775E-01 -4.463751791E-02 +2.635864918E-01 +2.459476064E-01
6.66000000000E+09 -1.879774784E-02 -2.555425286E-02 +1.456163320E-01 -6.688476184E-02 +2.649903748E-01 +1.906272521E-01
6.67000000000E+09 +2.115548557E-02 +2.296432057E-02 +1.128886460E-01 -8.983606474E-02 +2.348039233E-01 +2.411644442E-01
6.68000000000E+09 -2.141596377E-02 -2.231661774E-02 +1.164321737E-01 -9.986476930E-02 +2.944710963E-01 +2.087321591E-01
6.69000000000E+09 +2.465120449E-02 +2.029979836E-02 +6.810975747E-02 -9.096869972E-02 +2.232327809E-01 +2.148221660E-01
6.70000000000E+09 -2.403067271E-02 -1.797093527E-02 +7.519397811E-02 -7.381901261E-02 +3.036797831E-01 +2.422448827E-01
6.71000000000E+09 +2.678084624E-02 +1.757125438E-02 +4.415900908E-02 -4.044163638E-02 +2.542244313E-01 +1.692570732E-01
6.72000000000E+09 -2.702154750E-02 -1.347077617E-02 +7.476482558E-02 -1.588754940E-02 +2.593667708E-01 +2.546015039E-01
6.73000000000E+09 +2.740662476E-02 +1.348017238E-02 +7.130012187E-02 +1.556079869E-02 +3.037931271E-01 +1.744609318E-01
6.74000000000E+09 -2.934979303E-02 -9.712799286E-03 +1.181510961E-01 +1.934207425E-02 +2.168281182E-01 +2.202046453E-01
6.75000000000E+09 +2.740577077E-02 +8.537273472E-03 +1.227670305E-01 +3.024875372E-02 +3.180902700E-01 +2.359674765E-01
6.76000000000E+09 -3.013623460E-02 -7.493223714E-03 +1.623056686E-01 +6.242261506E-03 +2.466242194E-01 +1.566747132E-01
6.77000000000E+09 +2.848830159E-02 +3.660873499E-03 +1.491415738E-01 -1.121636536E-03 +2.669731116E-01 +2.721793971E-01
6.78000000000E+09 -2.912562566E-02 -4.776153651E-03 +1.576125257E-01 -3.735088240E-02 +3.282460378E-01 +1.707520913E-01
6.79000000000E+09 +3.081452355E-02 +2.726037348E-04 +1.102143524E-01 -3.293720399E-02 +2.262707117E-01 +2.143833855E-01
6.80000000000E+09 -2.877192037E-02 +4.075091559E-04 +9.477310991E-02 -4.003097668E-02 +3.334979464E-01 +2.240562954E-01
6.81000000000E+09 +3.123872215E-02 -2.719815815E-03 +5.135676802E-02 +4.563970958E-03 +2.537784736E-01 +1.513437106E-01
6.82000000000E+09 -2.857674456E-02 +6.077373598E-03 +5.697038076E-02 +2.540300668E-02 +2.759812194E-01 +2.540240499E-01
6.83000000000E+09 +2.905239112E-02 -6.074096595E-03 +5.617184133E-02 +8.247168031E-02 +3.221947952E-01 +1.719800711E-01
6.84000000000E+09 -2.836886287E-02 +1.028344308E-02 +9.676014641E-02 +8.252652230E-02 +2.418858281E-01 +2.168760932E-01
6.85000000000E+09 +2.619004123E-02 -9.954681161E-03 +1.175666777E-01 +1.049059255E-01 +3.448745499E-01 +2.305921617E-01
6.86000000000E+09 -2.789468789E-02 +1.233767157E-02 +1.509630635E-01 +5.929003878E-02 +2.860971045E-01 +1.555620655E-01
6.87000000000E+09 +2.491105692E-02 -1.482174878E-02 +1.397604241E-01 +4.980408591E-02 +3.024647241E-01 +2.382723714E-01
6.88000000000E+09 -2.544353629E-02 +1.531184178E-02 +1.240383377E-01 -1.920967758E-03 +3.356199626E-01 +1.599628695E-01
6.89000000000E+09 +2.370634300E-02 -1.928440440E-02 +7.552584833E-02 +1.232131628E-02 +2.633296611E-01 +1.971241264E-01
6.90000000000E+09 -2.146666640E-02 +1.944032589E-02 +3.702165613E-02 +4.422412062E-03 +3.343537260E-01 +2.152827751E-01
6.91000000000E+09 +2.107464579E-02 -2.170432425E-02 +8.792530459E-03 +6.682297376E-02 +3.017022305E-01 +1.654346174E-01
6.92000000000E+09 -1.787328846E-02 +2.303478882E-02 +8.941590382E-03 +8.157463140E-02 +3.058141276E-01 +2.196059403E-01
6.93000000000E+09 +1.724455558E-02 -2.323613154E-02 +3.050998390E-02 +1.371098923E-01 +3.430630292E-01 +1.760290265E-01
6.94000000000E+09 -1.526960224E-02 +2.555427157E-02 +6.124568783E-02 +1.166688332E-01 +2.999634569E-01 +1.778299002E-01
6.95000000000E+09 +1.308946013E-02 -2.559647435E-02 +8.942813345E-02 +1.240611949E-01 +3.364194096E-01 +1.919402803E-01
6.96000000000E+09 -1.189660053E-02 +2.717046288E-02 +9.271745210E-02 +6.524550982E-02 +3.176612822E-01 +1.555707497E-01
6.97000000000E+09 +8.841480404E-03 -2.793133506E-02 +8.224522445E-02 +5.404769157E-02 +3.111250210E-01 +1.886576421E-01
6.98000000000E+09 -7.267927000E-03 +2.804805015E-02 +3.798060323E-02 +8.478310932E-03 +3.339926476E-01 +1.728491790E-01
6.99000000000E+09 +4.802099736E-03 -2.890215700E-02 +5.329863291E-03 +3.076240518E-02 +3.110463504E-01 +1.686803846E-01
7.00000000000E+09 -2.420862865E-03 +2.828582503E-02 -4.206006963E-02 +2.913159082E-02 +3.299773789E-01 +1.914325475E-01

[Channel0\Trace0\Marker0]
Enabled=1
Position=0.2

[Channel0\Trace1]
ReferencePosition[0]=1

[Channel0\Trace1\Marker0]
Enabled=1
Position=0.2

[Channel0\Trace2]
SPort=0
FormatType=2

[Channel0\Trace2\Marker0]
Enabled=1
Position=0.2

[Channel0\Trace3]
SPort=0
FormatType=2

[Channel0\Trace3\Marker0]
Enabled=1
Position=0.2

