[NWA State]
TriggerSource=3

[Channel0]
Points=501
FrequencyStart=2000000000
FrequencyStop=7000000000
FixedPower[0]=5
FixedPower[1]=5
IFBW=1000
CorrectionEnabled=1
TraceCount=4

[Channel0\Correction\11]
Calyyyymmdd=2022/03/26
Calhhmmss=10:39:30
VNATemperature=35.6 °C
Type=3
KitLabel=ACM2509.2
KitDescription=AutoCal Module 20 kHz-9 GHz (CMT), SN: 19039185, Char: Factory, 30°C, ThermoComp: ON
CalIFBW=1 kHz
CalPower=5 dBm
CalPorts[0]=0
CalPorts[1]=0

[Channel0\Correction\11\Data]
2.00000000000E+09 -1.395062289E-01 -9.154814435E-02 -7.021314044E-02 -2.788376450E-02 -2.445993588E-01 +9.894084070E-02
2.01000000000E+09 -7.220462382E-02 +1.580906625E-01 -4.094746857E-02 +3.868054686E-02 -1.529735423E-01 +1.016985147E-01
2.02000000000E+09 +1.717633395E-01 +4.104839215E-02 +3.106805566E-02 +1.538938486E-02 -1.190848272E-01 +1.413663963E-02
2.03000000000E+09 +8.877446174E-03 -1.709077127E-01 +1.227215377E-02 -4.052005162E-02 -1.889755643E-01 -4.278110238E-02
2.04000000000E+09 -1.645277083E-01 +1.435781878E-02 -2.052802766E-02 -1.214002598E-02 -2.595502314E-01 -5.016179228E-03
2.05000000000E+09 +3.428991063E-02 +1.608834319E-01 +2.716910694E-02 +1.044927715E-02 -2.578322249E-01 +6.293267980E-02
2.06000000000E+09 +1.576665780E-01 -5.723762201E-02 +5.306718480E-02 -5.187096277E-02 -2.063014445E-01 +9.380143632E-02
2.07000000000E+09 -8.399898969E-02 -1.493436617E-01 -1.238573093E-02 -8.164991916E-02 -1.565898689E-01 +6.818863705E-02
2.08000000000E+09 -1.313955408E-01 +1.095609512E-01 -3.804273537E-02 -2.061147001E-02 -1.595770040E-01 +8.268607919E-03
2.09000000000E+09 +1.259719594E-01 +1.081731912E-01 +1.622360651E-02 -7.514680286E-03 -2.230858389E-01 -1.312535689E-02
2.10000000000E+09 +8.864317633E-02 -1.353253284E-01 +1.301910745E-02 -5.828124311E-02 -2.684626948E-01 +4.419299732E-02
2.11000000000E+09 -1.469551709E-01 -7.252676662E-02 -4.218234821E-02 -4.194564792E-02 -2.285964873E-01 +1.108008140E-01
2.12000000000E+09 -4.986175767E-02 +1.622416938E-01 -2.038453563E-02 +1.941678549E-02 -1.508749835E-01 +9.339734138E-02
2.13000000000E+09 +1.693116239E-01 +1.804499607E-02 +3.687802842E-02 -5.586608805E-03 -1.456899592E-01 +1.458225647E-02
2.14000000000E+09 -1.109133929E-02 -1.641487551E-01 +2.009216227E-03 -5.015160472E-02 -2.155367776E-01 -1.596318712E-02
2.15000000000E+09 -1.556376402E-01 +3.244497850E-02 -3.683783951E-02 -1.027687119E-03 -2.718616512E-01 +2.930063129E-02
2.16000000000E+09 +5.032737301E-02 +1.496982876E-01 +1.811360169E-02 +4.247933861E-02 -2.655234585E-01 +1.030895499E-01
2.17000000000E+09 +1.456678646E-01 -7.138642347E-02 +6.235598592E-02 -5.547554246E-03 -1.945475976E-01 +1.427613671E-01
2.18000000000E+09 -9.881445102E-02 -1.357614435E-01 +2.164017364E-02 -3.486069716E-02 -1.151478670E-01 +9.056893123E-02
2.19000000000E+09 -1.121746189E-01 +1.234634416E-01 +1.795779489E-02 +9.579818315E-03 -1.352853130E-01 -1.611911705E-02
2.20000000000E+09 +1.328881441E-01 +8.446140317E-02 +7.602025629E-02 -7.822471079E-03 -2.488595892E-01 -3.557002035E-02
2.21000000000E+09 +6.631245557E-02 -1.351352829E-01 +5.516283131E-02 -8.236544116E-02 -3.135142966E-01 +5.978988206E-02
2.22000000000E+09 -1.430320963E-01 -5.332022723E-02 -2.752237106E-02 -7.645026063E-02 -2.627391647E-01 +1.585476741E-01
2.23000000000E+09 -3.435553917E-02 +1.568715998E-01 -3.776359044E-02 -7.639285358E-03 -1.556666744E-01 +1.629871210E-01
2.24000000000E+09 +1.662750190E-01 +3.950753822E-03 -1.676896561E-03 -5.375973858E-03 -9.744364077E-02 +7.332682614E-02
2.25000000000E+09 -2.983254203E-02 -1.608299455E-01 -3.763099065E-02 -1.680066064E-02 -1.452890961E-01 -2.325829838E-02
2.26000000000E+09 -1.445194511E-01 +5.352213111E-02 -5.594565615E-02 +5.907110904E-02 -2.584319616E-01 -2.857167298E-02
2.27000000000E+09 +6.581576017E-02 +1.305843650E-01 +2.760947624E-02 +1.062999768E-01 -3.242773451E-01 +7.092137910E-02
2.28000000000E+09 +1.250640886E-01 -7.762140980E-02 +9.274448898E-02 +4.852379506E-02 -2.692522859E-01 +1.809109777E-01
2.29000000000E+09 -9.919207540E-02 -1.205468214E-01 +6.534481066E-02 -2.171017036E-03 -1.416253053E-01 +1.811789696E-01
2.30000000000E+09 -1.027211839E-01 +1.252223345E-01 +5.540622497E-02 +1.773231000E-02 -8.875791565E-02 +6.748754676E-02
2.31000000000E+09 +1.398779663E-01 +7.447180516E-02 +9.682892736E-02 -1.284080830E-02 -1.645384942E-01 -1.687877725E-02
2.32000000000E+09 +4.941272553E-02 -1.430148835E-01 +5.511841295E-02 -9.028357469E-02 -2.612439521E-01 +4.239263597E-03
2.33000000000E+09 -1.439692862E-01 -3.081877056E-02 -4.271178552E-02 -7.264607402E-02 -2.996508669E-01 +8.395431775E-02
2.34000000000E+09 -1.447657447E-02 +1.477159616E-01 -5.542709907E-02 +7.457106343E-03 -2.627577565E-01 +1.616259467E-01
2.35000000000E+09 +1.543600698E-01 -5.993569519E-03 -1.741485579E-02 +1.790720288E-02 -1.698936573E-01 +1.770932412E-01
2.36000000000E+09 -3.566325802E-02 -1.560142646E-01 -4.783209480E-02 +6.482816344E-03 -1.109043545E-01 +9.773299752E-02
2.37000000000E+09 -1.429605782E-01 +6.463583014E-02 -6.852569824E-02 +8.008899557E-02 -1.666174509E-01 +1.723264065E-02
2.38000000000E+09 +8.153701256E-02 +1.248182189E-01 +1.343826324E-02 +1.286271456E-01 -2.526892781E-01 +3.880739483E-02
2.39000000000E+09 +1.121824030E-01 -9.357925677E-02 +7.636595982E-02 +7.218079772E-02 -2.648551887E-01 +1.093694263E-01
2.40000000000E+09 -1.079750022E-01 -1.017725530E-01 +5.047094598E-02 +2.724183327E-02 -2.216817482E-01 +1.438912014E-01
2.41000000000E+09 -8.686760905E-02 +1.248742557E-01 +4.833749399E-02 +4.713512916E-02 -1.833766799E-01 +1.362287005E-01
2.42000000000E+09 +1.399668434E-01 +6.648663344E-02 +9.849144976E-02 +1.101483903E-02 -1.654155903E-01 +1.098846501E-01
2.43000000000E+09 +4.083999065E-02 -1.502216422E-01 +6.158663619E-02 -8.436410737E-02 -1.799904109E-01 +7.606432736E-02
2.44000000000E+09 -1.518521452E-01 -1.427381782E-02 -4.883401951E-02 -8.415985420E-02 -2.244999345E-01 +7.566435197E-02
2.45000000000E+09 +7.350907934E-03 +1.492790377E-01 -8.087204639E-02 -1.187419962E-02 -2.351134164E-01 +1.209062383E-01
2.46000000000E+09 +1.475600093E-01 -2.847469672E-02 -6.771584744E-02 +3.198478329E-03 -1.919391986E-01 +1.436863125E-01
2.47000000000E+09 -5.268902608E-02 -1.416541385E-01 -1.133427132E-01 +1.558163241E-02 -1.687228074E-01 +1.100288824E-01
2.48000000000E+09 -1.284091170E-01 +7.322696507E-02 -1.285168355E-01 +1.140834708E-01 -2.004718374E-01 +8.955383972E-02
2.49000000000E+09 +8.816069462E-02 +1.147489263E-01 -2.798376476E-02 +1.803994702E-01 -2.218823462E-01 +1.151801226E-01
2.50000000000E+09 +1.032457307E-01 -1.028448035E-01 +6.492744997E-02 +1.262018725E-01 -2.043215332E-01 +1.352476207E-01
2.51000000000E+09 -1.188194288E-01 -8.866513230E-02 +6.483732487E-02 +6.229394441E-02 -1.864271195E-01 +1.342899709E-01
2.52000000000E+09 -7.026230965E-02 +1.334867455E-01 +7.269820290E-02 +4.984104500E-02 -1.742385166E-01 +1.306834512E-01
2.53000000000E+09 +1.459937353E-01 +4.698598796E-02 +1.094512744E-01 -1.960871182E-02 -1.654437902E-01 +1.077959244E-01
2.54000000000E+09 +1.841819088E-02 -1.504110572E-01 +4.002897448E-02 -1.295442007E-01 -1.989658732E-01 +7.889215967E-02
2.55000000000E+09 -1.451399428E-01 +5.920737505E-03 -9.812089032E-02 -1.188042767E-01 -2.477977269E-01 +1.092186737E-01
2.56000000000E+09 +2.291641253E-02 +1.396038600E-01 -1.436595093E-01 -2.585492255E-02 -2.297742827E-01 +1.751328872E-01
2.57000000000E+09 +1.373417708E-01 -4.071731709E-02 -1.278056065E-01 +1.485781309E-02 -1.597059242E-01 +1.861233996E-01
2.58000000000E+09 -6.290057410E-02 -1.319799555E-01 -1.514899996E-01 +4.340323130E-02 -1.278551874E-01 +1.312537254E-01
2.59000000000E+09 -1.191771316E-01 +8.339697633E-02 -1.409307547E-01 +1.377373479E-01 -1.575909391E-01 +8.588739918E-02
2.60000000000E+09 +1.000492338E-01 +1.036069242E-01 -2.328085838E-02 +1.861938209E-01 -2.044664175E-01 +7.904116438E-02
2.61000000000E+09 +8.646355531E-02 -1.125875508E-01 +7.115209198E-02 +1.079282260E-01 -2.439510309E-01 +1.074868147E-01
2.62000000000E+09 -1.216101222E-01 -7.023721150E-02 +5.955479236E-02 +2.738367911E-02 -2.479031903E-01 +1.747713708E-01
2.63000000000E+09 -5.557545561E-02 +1.322584608E-01 +4.956876074E-02 +8.170576957E-03 -1.815563913E-01 +2.228357259E-01
2.64000000000E+09 +1.457130740E-01 +3.465728805E-02 +6.946209736E-02 -5.211545005E-02 -1.004377606E-01 +1.753147885E-01
2.65000000000E+09 +3.836646732E-03 -1.503201174E-01 -2.263936044E-03 -1.437963535E-01 -1.188354305E-01 +7.617540937E-02
2.66000000000E+09 -1.410833533E-01 +2.271984588E-02 -1.269006019E-01 -1.201734324E-01 -2.095512475E-01 +5.910613557E-02
2.67000000000E+09 +3.862280146E-02 +1.299525873E-01 -1.554480463E-01 -2.961655364E-02 -2.558806253E-01 +1.235299773E-01
2.68000000000E+09 +1.229093235E-01 -5.138524322E-02 -1.314738684E-01 +1.447942708E-03 -2.385657057E-01 +1.895106924E-01
2.69000000000E+09 -6.539833034E-02 -1.188309132E-01 -1.518151994E-01 +1.968092159E-02 -1.814153904E-01 +2.233564696E-01
2.70000000000E+09 -1.139732641E-01 +8.498923110E-02 -1.477161313E-01 +1.039919176E-01 -1.117601990E-01 +1.957505311E-01
2.71000000000E+09 +1.093460282E-01 +1.006275900E-01 -3.824935779E-02 +1.546877083E-01 -9.667782413E-02 +1.043719677E-01
2.72000000000E+09 +7.514778566E-02 -1.261075541E-01 +5.310057046E-02 +8.062618432E-02 -1.820811564E-01 +5.396311819E-02
2.73000000000E+09 -1.299974563E-01 -5.102053280E-02 +4.248225385E-02 +9.309113015E-03 -2.614129067E-01 +1.199359895E-01
2.74000000000E+09 -3.478842361E-02 +1.323285691E-01 +4.242199519E-02 -6.136526629E-03 -2.360390070E-01 +2.110380315E-01
2.75000000000E+09 +1.386473908E-01 +1.791971290E-02 +6.775142166E-02 -6.860351995E-02 -1.543752122E-01 +2.256208853E-01
2.76000000000E+09 -5.184019710E-03 -1.428795835E-01 +2.088349351E-03 -1.612057421E-01 -1.099373851E-01 +1.682723231E-01
2.77000000000E+09 -1.398149744E-01 +3.043268229E-02 -1.200484177E-01 -1.435316040E-01 -1.303645517E-01 +1.096908547E-01
2.78000000000E+09 +5.205323889E-02 +1.293905721E-01 -1.502537638E-01 -5.379814639E-02 -1.891585405E-01 +9.806989273E-02
2.79000000000E+09 +1.172220697E-01 -6.753106757E-02 -1.263479746E-01 -2.191399427E-02 -2.350888143E-01 +1.478743537E-01
2.80000000000E+09 -7.975694785E-02 -1.083461365E-01 -1.448037137E-01 +3.005917100E-04 -2.118420886E-01 +2.191293033E-01
2.81000000000E+09 -1.015988086E-01 +9.680512902E-02 -1.328728251E-01 +8.520036618E-02 -1.279962207E-01 +2.231351755E-01
2.82000000000E+09 +1.193551966E-01 +8.613863299E-02 -1.846643892E-02 +1.277926519E-01 -8.992714935E-02 +1.394679516E-01
2.83000000000E+09 +5.850750199E-02 -1.331728335E-01 +6.648607740E-02 +4.617407378E-02 -1.602836559E-01 +8.353423372E-02
2.84000000000E+09 -1.341469012E-01 -3.345016221E-02 +4.622853677E-02 -2.213444448E-02 -2.337678879E-01 +1.297283905E-01
2.85000000000E+09 -1.619648174E-02 +1.327280349E-01 +4.145062282E-02 -2.908445908E-02 -2.260040946E-01 +2.069061144E-01
2.86000000000E+09 +1.344725926E-01 +8.123587787E-04 +6.514794424E-02 -7.978020966E-02 -1.601197395E-01 +2.398592112E-01
2.87000000000E+09 -1.902774980E-02 -1.377493472E-01 +7.519107208E-03 -1.576647880E-01 -9.389139261E-02 +2.004124831E-01
2.88000000000E+09 -1.355725122E-01 +4.457339278E-02 -9.804930151E-02 -1.340204711E-01 -9.283869356E-02 +1.164253057E-01
2.89000000000E+09 +6.882174949E-02 +1.218300203E-01 -1.107372186E-01 -5.011765722E-02 -1.797919717E-01 +7.852343490E-02
2.90000000000E+09 +1.041545938E-01 -8.235636511E-02 -8.000260391E-02 -3.450164585E-02 -2.579182390E-01 +1.497610920E-01
2.91000000000E+09 -9.063199893E-02 -9.284663958E-02 -1.032911984E-01 -2.529402652E-02 -2.271940030E-01 +2.507701163E-01
2.92000000000E+09 -8.506998968E-02 +1.041177979E-01 -1.015872491E-01 +5.033528272E-02 -1.184602132E-01 +2.680666259E-01
2.93000000000E+09 +1.231038548E-01 +6.989824934E-02 -5.991656003E-03 +9.119896214E-02 -5.129992492E-02 +1.824408004E-01
2.94000000000E+09 +4.283797211E-02 -1.362777338E-01 +6.154447081E-02 +2.445413588E-02 -1.008170883E-01 +8.743829466E-02
2.95000000000E+09 -1.355863267E-01 -1.507296855E-02 +3.852312981E-02 -2.037431785E-02 -2.059642621E-01 +8.522036741E-02
2.96000000000E+09 +3.497799414E-03 +1.283829563E-01 +4.643247930E-02 -1.026567946E-02 -2.601829070E-01 +1.729141925E-01
2.97000000000E+09 +1.242664207E-01 -1.538420346E-02 +8.458899029E-02 -5.582821250E-02 -2.166700183E-01 +2.687690554E-01
2.98000000000E+09 -2.873008825E-02 -1.268688395E-01 +4.118010265E-02 -1.349424234E-01 -1.040543683E-01 +2.829601421E-01
2.99000000000E+09 -1.285861083E-01 +5.195499950E-02 -5.573037953E-02 -1.225260944E-01 -3.433826176E-02 +1.868661381E-01
3.00000000000E+09 +7.252339928E-02 +1.210023288E-01 -6.728287354E-02 -5.354212966E-02 -9.742999341E-02 +8.655530711E-02
3.01000000000E+09 +1.008405184E-01 -9.000073125E-02 -4.496189441E-02 -4.435804064E-02 -2.080001558E-01 +1.008488264E-01
3.02000000000E+09 -9.746673824E-02 -8.339504045E-02 -8.081100847E-02 -3.602076235E-02 -2.421693593E-01 +1.916973318E-01
3.03000000000E+09 -7.146549539E-02 +1.040192780E-01 -8.940592363E-02 +4.565752015E-02 -1.894410803E-01 +2.669942110E-01
3.04000000000E+09 +1.144879097E-01 +6.007488535E-02 -2.251314540E-03 +9.726369201E-02 -1.010171095E-01 +2.721538238E-01
3.05000000000E+09 +4.264974027E-02 -1.281797511E-01 +6.885227989E-02 +4.411116587E-02 -4.753297099E-02 +1.969853530E-01
3.06000000000E+09 -1.365444375E-01 -1.588395500E-02 +5.070559026E-02 -6.082398959E-04 -9.224923341E-02 +1.113623651E-01
3.07000000000E+09 +1.067330675E-02 +1.323359359E-01 +5.609450921E-02 +1.293546094E-02 -1.858826818E-01 +1.198987879E-01
3.08000000000E+09 +1.243953571E-01 -2.888621737E-02 +9.592908528E-02 -2.780061735E-02 -2.122565151E-01 +2.004359422E-01
3.09000000000E+09 -4.431889625E-02 -1.195055148E-01 +5.443652026E-02 -1.025196959E-01 -1.601219899E-01 +2.535830263E-01
3.10000000000E+09 -1.147406164E-01 +6.269102754E-02 -3.452111084E-02 -8.668540159E-02 -1.014034169E-01 +2.426156720E-01
3.11000000000E+09 +8.365954245E-02 +1.045786184E-01 -4.186666356E-02 -1.861557048E-02 -8.261852800E-02 +1.980987641E-01
3.12000000000E+09 +8.819984248E-02 -1.017953389E-01 -1.459562140E-02 -1.903521517E-02 -1.010954059E-01 +1.578832048E-01
3.13000000000E+09 -1.139298539E-01 -6.756768492E-02 -5.242003310E-02 -2.263060386E-02 -1.443922032E-01 +1.521862095E-01
3.14000000000E+09 -4.777455539E-02 +1.189944317E-01 -6.730969285E-02 +4.751138179E-02 -1.717925340E-01 +1.926714528E-01
3.15000000000E+09 +1.223239442E-01 +3.186057602E-02 +1.405273304E-03 +8.621612668E-02 -1.468358338E-01 +2.329947881E-01
3.16000000000E+09 +1.522247318E-02 -1.273177460E-01 +4.263152493E-02 +4.101726010E-02 -1.057221052E-01 +2.234311052E-01
3.17000000000E+09 -1.295496086E-01 +5.073294569E-03 +1.211732907E-02 +2.409465555E-02 -1.050899997E-01 +1.935666703E-01
3.18000000000E+09 +2.543020664E-02 +1.264761282E-01 +2.413198462E-02 +6.230570923E-02 -1.230848185E-01 +1.935948870E-01
3.19000000000E+09 +1.210848250E-01 -4.357723824E-02 +8.287978189E-02 +3.792141156E-02 -1.182644553E-01 +2.034038612E-01
3.20000000000E+09 -6.195698164E-02 -1.135731464E-01 +6.712925475E-02 -3.548744895E-02 -1.144649854E-01 +1.978160652E-01
3.21000000000E+09 -1.016497180E-01 +7.913047040E-02 +2.105765886E-03 -3.640238996E-02 -1.240018400E-01 +1.997183493E-01
3.22000000000E+09 +9.319544028E-02 +8.805084731E-02 +2.874890169E-04 -2.638717571E-03 -1.170755181E-01 +2.097223448E-01
3.23000000000E+09 +7.248902935E-02 -1.061244487E-01 +6.692468511E-03 -3.047796398E-02 -1.063202358E-01 +2.005736925E-01
3.24000000000E+09 -1.152395507E-01 -5.352217018E-02 -6.144671447E-02 -4.196066099E-02 -1.212588245E-01 +1.961009699E-01
3.25000000000E+09 -3.514762609E-02 +1.192404566E-01 -1.045910678E-01 +3.770906888E-02 -1.263557225E-01 +2.199318562E-01
3.26000000000E+09 +1.221490502E-01 +1.888135526E-02 -5.300354057E-02 +1.009627581E-01 -9.787015710E-02 +2.300776567E-01
3.27000000000E+09 +1.065041966E-03 -1.250899123E-01 -8.561516206E-03 +8.597177278E-02 -8.280631937E-02 +2.024286204E-01
3.28000000000E+09 -1.239341655E-01 +1.903362934E-02 -1.510175655E-02 +8.809047461E-02 -1.025457686E-01 +1.873107050E-01
3.29000000000E+09 +3.717256946E-02 +1.194154328E-01 +2.582926743E-02 +1.223083288E-01 -1.125520564E-01 +2.007134215E-01
3.30000000000E+09 +1.131812181E-01 -5.510333937E-02 +1.032164311E-01 +7.765533585E-02 -1.081686877E-01 +2.071393186E-01
3.31000000000E+09 -7.286585171E-02 -1.025939264E-01 +9.039104257E-02 -2.263884720E-02 -1.166908559E-01 +2.114061486E-01
3.32000000000E+09 -8.921700036E-02 +8.714112461E-02 +1.328267645E-02 -4.791537170E-02 -1.092190761E-01 +2.330075296E-01
3.33000000000E+09 +9.947270588E-02 +7.565142725E-02 -1.361787874E-02 -2.763943924E-02 -7.023449876E-02 +2.331270021E-01
3.34000000000E+09 +5.907825105E-02 -1.115102214E-01 -3.421472086E-02 -4.952475823E-02 -5.805399699E-02 +1.908085549E-01
3.35000000000E+09 -1.185706757E-01 -3.828279276E-02 -1.156544981E-01 -4.118667078E-02 -9.801061938E-02 +1.690334888E-01
3.36000000000E+09 -1.941977504E-02 +1.190960938E-01 -1.560243599E-01 +5.601998277E-02 -1.273943854E-01 +1.980527941E-01
3.37000000000E+09 +1.189414532E-01 +3.681277342E-03 -9.601013317E-02 +1.295110603E-01 -1.195545486E-01 +2.274708109E-01
3.38000000000E+09 -1.200129864E-02 -1.184174216E-01 -3.931766616E-02 +1.204633161E-01 -1.000495424E-01 +2.401726537E-01
3.39000000000E+09 -1.174948682E-01 +2.830831067E-02 -2.986052961E-02 +1.187390792E-01 -6.997006541E-02 +2.431649378E-01
3.40000000000E+09 +4.667413181E-02 +1.156839824E-01 +2.035923111E-02 +1.397843320E-01 -3.782338497E-02 +2.157312742E-01
3.41000000000E+09 +1.079419701E-01 -6.861757105E-02 +9.842133240E-02 +7.958478800E-02 -5.900103567E-02 +1.622910320E-01
3.42000000000E+09 -8.719924038E-02 -9.087503084E-02 +7.751068180E-02 -3.161332686E-02 -1.274207120E-01 +1.631714254E-01
3.43000000000E+09 -7.259328430E-02 +9.621731045E-02 -5.561523724E-03 -6.124277500E-02 -1.445578276E-01 +2.302197674E-01
3.44000000000E+09 +1.022997600E-01 +5.883538419E-02 -3.999230400E-02 -4.687557549E-02 -9.251208319E-02 +2.718376187E-01
3.45000000000E+09 +4.526272960E-02 -1.099876444E-01 -7.141250022E-02 -6.732845609E-02 -4.055984662E-02 +2.510182858E-01
3.46000000000E+09 -1.171707024E-01 -2.884687244E-02 -1.574649546E-01 -5.324686335E-02 -2.920197869E-02 +2.042487214E-01
3.47000000000E+09 -9.466830622E-03 +1.211271425E-01 -2.005301214E-01 +5.042336665E-02 -5.801557737E-02 +1.699912708E-01
3.48000000000E+09 +1.201764664E-01 -1.065590745E-02 -1.383248295E-01 +1.323834143E-01 -1.084158930E-01 +1.699138051E-01
3.49000000000E+09 -2.841968042E-02 -1.145711003E-01 -7.461280265E-02 +1.307627021E-01 -1.356699574E-01 +2.221252832E-01
3.50000000000E+09 -1.093974725E-01 +4.229922075E-02 -5.006684642E-02 +1.326425969E-01 -9.252649679E-02 +2.804149673E-01
3.51000000000E+09 +5.754252750E-02 +1.062799480E-01 +1.655772608E-02 +1.441571506E-01 -1.789372269E-02 +2.672235961E-01
3.52000000000E+09 +9.832075279E-02 -7.829801562E-02 +1.013756956E-01 +6.668589229E-02 -6.056974967E-03 +1.894306180E-01
3.53000000000E+09 -9.652490255E-02 -8.066470778E-02 +7.787800528E-02 -6.102681100E-02 -6.735792337E-02 +1.508057103E-01
3.54000000000E+09 -5.999819293E-02 +1.053502563E-01 -1.463393212E-02 -1.031939721E-01 -1.164444817E-01 +1.890863152E-01
3.55000000000E+09 +1.085716206E-01 +4.276778401E-02 -6.473646229E-02 -9.536806017E-02 -1.079369871E-01 +2.424934095E-01
3.56000000000E+09 +2.886074405E-02 -1.119144594E-01 -1.145606254E-01 -1.087452289E-01 -6.335161250E-02 +2.650560681E-01
3.57000000000E+09 -1.163752152E-01 -1.476548909E-02 -2.070814804E-01 -7.552210044E-02 -1.827365175E-02 +2.440658245E-01
3.58000000000E+09 +3.460198704E-03 +1.209042682E-01 -2.425007111E-01 +4.602813229E-02 -1.848447141E-02 +1.876631046E-01
3.59000000000E+09 +1.195868662E-01 -2.577489180E-02 -1.624864850E-01 +1.378300515E-01 -7.362455528E-02 +1.604875344E-01
3.60000000000E+09 -4.521716206E-02 -1.107251851E-01 -7.893086540E-02 +1.343908789E-01 -1.169646287E-01 +2.113066225E-01
3.61000000000E+09 -1.016529657E-01 +5.896531498E-02 -3.687826324E-02 +1.253853768E-01 -8.458252165E-02 +2.752696619E-01
3.62000000000E+09 +7.254505849E-02 +9.400141881E-02 +3.865232941E-02 +1.150277118E-01 -1.644834481E-02 +2.719243746E-01
3.63000000000E+09 +8.352393445E-02 -8.927829231E-02 +1.134780739E-01 +1.721674699E-02 +1.023509379E-02 +2.056621477E-01
3.64000000000E+09 -1.042933215E-01 -6.587116071E-02 +7.337719707E-02 -1.145679590E-01 -3.321083246E-02 +1.562149640E-01
3.65000000000E+09 -4.477362135E-02 +1.115968128E-01 -3.019705528E-02 -1.517123314E-01 -9.326202807E-02 +1.731536786E-01
3.66000000000E+09 +1.128367476E-01 +2.601656976E-02 -8.675927163E-02 -1.357520565E-01 -1.084757799E-01 +2.334588397E-01
3.67000000000E+09 +1.184759446E-02 -1.131541747E-01 -1.393319510E-01 -1.367151619E-01 -6.181040606E-02 +2.817185998E-01
3.68000000000E+09 -1.155906748E-01 +1.921349371E-03 -2.248462338E-01 -8.866462517E-02 +3.573057971E-03 +2.671154665E-01
3.69000000000E+09 +2.071460685E-02 +1.183888925E-01 -2.437376537E-01 +4.003537117E-02 +2.141316409E-02 +1.939076764E-01
3.70000000000E+09 +1.142438611E-01 -4.366853315E-02 -1.482626233E-01 +1.276392675E-01 -3.283222359E-02 +1.460466133E-01
3.71000000000E+09 -6.337085819E-02 -1.017639617E-01 -5.655240906E-02 +1.167335913E-01 -9.751548779E-02 +1.814871874E-01
3.72000000000E+09 -8.788127049E-02 +7.533986890E-02 -7.403512281E-03 +1.002538568E-01 -9.665982622E-02 +2.533582130E-01
3.73000000000E+09 +8.483842573E-02 +7.655326531E-02 +7.064545445E-02 +7.584460671E-02 -3.652432372E-02 +2.830534438E-01
3.74000000000E+09 +6.566484592E-02 -9.612311830E-02 +1.348605521E-01 -3.198009754E-02 +2.136092419E-02 +2.483460686E-01
3.75000000000E+09 -1.086450530E-01 -5.064453912E-02 +8.417551641E-02 -1.620014102E-01 +2.161461260E-02 +1.802045552E-01
3.76000000000E+09 -2.948723204E-02 +1.167586719E-01 -2.567697108E-02 -1.942991781E-01 -3.698487281E-02 +1.486422179E-01
3.77000000000E+09 +1.174652036E-01 +7.730622598E-03 -8.704748965E-02 -1.714798143E-01 -8.917644711E-02 +1.888121171E-01
3.78000000000E+09 -9.164245472E-03 -1.138635791E-01 -1.434796347E-01 -1.606227479E-01 -8.167734595E-02 +2.539107717E-01
3.79000000000E+09 -1.104315232E-01 +2.359593883E-02 -2.218152626E-01 -9.474243116E-02 -2.769590282E-02 +2.774077805E-01
3.80000000000E+09 +3.894922074E-02 +1.080248218E-01 -2.209169536E-01 +4.017549411E-02 +2.570088281E-02 +2.421178875E-01
3.81000000000E+09 +1.025968081E-01 -5.729976115E-02 -1.124304984E-01 +1.207506472E-01 +2.658207460E-02 +1.848075733E-01
3.82000000000E+09 -7.548853807E-02 -9.134372274E-02 -1.433032404E-02 +1.026308853E-01 -2.522094782E-02 +1.575109979E-01
3.83000000000E+09 -7.546094484E-02 +8.852701336E-02 +3.916766626E-02 +7.713083267E-02 -7.402872928E-02 +1.869498308E-01
3.84000000000E+09 +9.624090858E-02 +5.992014046E-02 +1.149726862E-01 +3.980534915E-02 -7.059785983E-02 +2.428282282E-01
3.85000000000E+09 +4.639418423E-02 -1.026502439E-01 +1.640156255E-01 -7.572664791E-02 -2.460936416E-02 +2.660550269E-01
3.86000000000E+09 -1.095697747E-01 -3.205174727E-02 +9.748701098E-02 -1.971585397E-01 +1.938737435E-02 +2.423174068E-01
3.87000000000E+09 -1.421553470E-02 +1.153875764E-01 -1.833861485E-02 -2.141858093E-01 +2.695769770E-02 +1.999164379E-01
3.88000000000E+09 +1.174054497E-01 -6.513325638E-03 -7.854926647E-02 -1.747433804E-01 -1.593106214E-03 +1.733905778E-01
3.89000000000E+09 -2.666027920E-02 -1.128374265E-01 -1.253053922E-01 -1.482377588E-01 -4.422945593E-02 +1.795842246E-01
3.90000000000E+09 -1.040631479E-01 +4.354366037E-02 -1.847839483E-01 -7.288002196E-02 -6.067738691E-02 +2.164835449E-01
3.91000000000E+09 +5.613235590E-02 +9.465332335E-02 -1.621926732E-01 +5.385382136E-02 -2.997315287E-02 +2.546468449E-01
3.92000000000E+09 +8.652627964E-02 -6.794229879E-02 -4.955468791E-02 +1.148356008E-01 +1.793416854E-02 +2.497068654E-01
3.93000000000E+09 -8.150211271E-02 -7.732675683E-02 +4.018926313E-02 +8.532562745E-02 +3.544840171E-02 +2.062109530E-01
3.94000000000E+09 -6.392926572E-02 +9.483447026E-02 +8.158543695E-02 +5.456392079E-02 +9.417014653E-03 +1.720994719E-01
3.95000000000E+09 +1.045501680E-01 +4.645234703E-02 +1.418200121E-01 +2.004785054E-02 -3.072348341E-02 +1.766612818E-01
3.96000000000E+09 +2.794630110E-02 -1.093245963E-01 +1.766470650E-01 -8.234795356E-02 -4.831883194E-02 +2.088434987E-01
3.97000000000E+09 -1.102447085E-01 -1.070043999E-02 +1.070782002E-01 -1.800495681E-01 -2.587463045E-02 +2.466555833E-01
3.98000000000E+09 +5.239770942E-03 +1.100031073E-01 +6.285167085E-03 -1.800798393E-01 +2.275447408E-02 +2.524102566E-01
3.99000000000E+09 +1.097744899E-01 -2.154258895E-02 -3.863192611E-02 -1.389930723E-01 +5.333634075E-02 +2.072486846E-01
4.00000000000E+09 -4.070901561E-02 -1.057735190E-01 -7.495410033E-02 -1.156425790E-01 +2.231549564E-02 +1.492086085E-01
4.01000000000E+09 -9.539229562E-02 +5.849575674E-02 -1.262706916E-01 -4.859497493E-02 -4.114131688E-02 +1.554566099E-01
4.02000000000E+09 +7.039473139E-02 +8.200910464E-02 -1.032902113E-01 +6.268339541E-02 -6.116576216E-02 +2.186189664E-01
4.03000000000E+09 +7.053273700E-02 -7.856123391E-02 -6.381985642E-03 +1.113065596E-01 -1.741881226E-02 +2.628226650E-01
4.04000000000E+09 -8.741876038E-02 -6.081659715E-02 +6.303742042E-02 +8.717073113E-02 +4.167289921E-02 +2.497051448E-01
4.05000000000E+09 -4.904728417E-02 +9.801953895E-02 +9.479835499E-02 +7.033453064E-02 +6.113358525E-02 +1.940465174E-01
4.06000000000E+09 +1.075336386E-01 +3.213129265E-02 +1.517265471E-01 +4.892337848E-02 +2.122017180E-02 +1.436315535E-01
4.07000000000E+09 +1.144411097E-02 -1.111135033E-01 +1.874167532E-01 -3.972744658E-02 -4.158364625E-02 +1.573628064E-01
4.08000000000E+09 -1.076737583E-01 +7.235521291E-03 +1.277036770E-01 -1.249345545E-01 -5.507803756E-02 +2.293044087E-01
4.09000000000E+09 +2.132057023E-02 +1.033776274E-01 +4.353648887E-02 -1.261943882E-01 +4.836412722E-03 +2.749907490E-01
4.10000000000E+09 +1.006410686E-01 -3.473152251E-02 +4.511091581E-03 -9.896537174E-02 +7.438244851E-02 +2.332263501E-01
4.11000000000E+09 -5.192000524E-02 -9.650170558E-02 -3.763385608E-02 -8.620487859E-02 +6.940515837E-02 +1.468825555E-01
4.12000000000E+09 -8.531068376E-02 +6.972326621E-02 -9.677791913E-02 -2.524916665E-02 -1.421372617E-02 +1.193789620E-01
4.13000000000E+09 +8.100388367E-02 +6.905739068E-02 -8.420033422E-02 +8.057356117E-02 -7.303789897E-02 +1.842665196E-01
4.14000000000E+09 +5.473542752E-02 -8.662870328E-02 -4.107701600E-03 +1.287714517E-01 -4.069419175E-02 +2.645746416E-01
4.15000000000E+09 -9.189146809E-02 -4.392919102E-02 +5.113481384E-02 +1.164934421E-01 +4.402980496E-02 +2.783480034E-01
4.16000000000E+09 -3.257698750E-02 +9.983783445E-02 +8.135962584E-02 +1.131206949E-01 +1.002458402E-01 +2.056874563E-01
4.17000000000E+09 +1.082954906E-01 +1.522483156E-02 +1.399272505E-01 +9.735040208E-02 +6.323001375E-02 +1.119346577E-01
4.18000000000E+09 -7.247021865E-03 -1.092375513E-01 +1.743997893E-01 +1.420274072E-02 -4.479059688E-02 +1.103110912E-01
4.19000000000E+09 -1.014562032E-01 +2.629443987E-02 +1.194706915E-01 -6.184338554E-02 -9.517702866E-02 +2.151278204E-01
4.20000000000E+09 +3.758115526E-02 +9.277663283E-02 +4.899802409E-02 -6.349074315E-02 -2.318394733E-02 +3.040474336E-01
4.21000000000E+09 +8.827978916E-02 -4.750297367E-02 +1.617663984E-02 -4.914408561E-02 +9.526703001E-02 +2.801316515E-01
4.22000000000E+09 -6.209826378E-02 -8.431344328E-02 -2.956858051E-02 -4.796385786E-02 +1.309726074E-01 +1.630441886E-01
4.23000000000E+09 -7.311721825E-02 +7.953584869E-02 -9.484528061E-02 +3.884066077E-03 +3.621579789E-02 +7.528770615E-02
4.24000000000E+09 +9.056206123E-02 +5.401406323E-02 -9.255021835E-02 +1.003582335E-01 -8.016862938E-02 +1.269814381E-01
4.25000000000E+09 +3.672044551E-02 -9.275276247E-02 -3.060778368E-02 +1.448132254E-01 -8.459530214E-02 +2.523239111E-01
4.26000000000E+09 -9.319156741E-02 -2.550446569E-02 +8.612549882E-03 +1.432190746E-01 +1.833030419E-02 +3.132979940E-01
4.27000000000E+09 -1.573937045E-02 +9.738249800E-02 +3.688276105E-02 +1.539017273E-01 +1.286773281E-01 +2.509539897E-01
4.28000000000E+09 +1.044304992E-01 +1.140001856E-03 +9.948586902E-02 +1.457763613E-01 +1.309511421E-01 +1.173066798E-01
4.29000000000E+09 -2.133079784E-02 -1.055549615E-01 +1.409650239E-01 +6.817513632E-02 -1.300983139E-03 +5.707711861E-02
4.30000000000E+09 -9.568524409E-02 +4.127550047E-02 +9.897310127E-02 -7.936912821E-03 -1.146649265E-01 +1.555038084E-01
4.31000000000E+09 +5.187521035E-02 +8.329794043E-02 +4.155267509E-02 -2.261528492E-02 -6.854620097E-02 +2.950535682E-01
4.32000000000E+09 +7.604522508E-02 -5.902120329E-02 +8.218562448E-03 -2.990149678E-02 +7.427311714E-02 +3.203952928E-01
4.33000000000E+09 -7.025191705E-02 -7.135273246E-02 -5.012284939E-02 -4.269969378E-02 +1.642447993E-01 +2.048299574E-01
4.34000000000E+09 -6.083251445E-02 +8.592826902E-02 -1.278956623E-01 +2.910669818E-03 +1.041930456E-01 +6.636759786E-02
4.35000000000E+09 +9.692130331E-02 +4.123363930E-02 -1.389856910E-01 +9.607325309E-02 -4.769243327E-02 +6.432599722E-02
4.36000000000E+09 +2.175419709E-02 -9.791174706E-02 -9.196755054E-02 +1.451192849E-01 -1.152106610E-01 +1.938546313E-01
4.37000000000E+09 -9.465364366E-02 -8.955324731E-03 -5.918091195E-02 +1.585932563E-01 -3.533347916E-02 +3.052158568E-01
4.38000000000E+09 +1.139486181E-04 +9.531377596E-02 -2.107184559E-02 +1.812063400E-01 +1.020087063E-01 +2.939878566E-01
4.39000000000E+09 +9.973349422E-02 -1.267662395E-02 +5.475143314E-02 +1.716404057E-01 +1.606192967E-01 +1.659733408E-01
4.40000000000E+09 -3.341765653E-02 -1.010693136E-01 +1.044333739E-01 +8.751111466E-02 +5.845002674E-02 +4.985577724E-02
4.41000000000E+09 -9.055419459E-02 +5.441598308E-02 +6.948617172E-02 +3.092293355E-03 -8.952062329E-02 +1.013496832E-01
4.42000000000E+09 +6.562182448E-02 +7.526713057E-02 +1.723676523E-02 -2.516766085E-02 -9.397885708E-02 +2.546518397E-01
4.43000000000E+09 +6.473679041E-02 -7.168298319E-02 -2.063643506E-02 -4.882276084E-02 +3.273719200E-02 +3.190800534E-01
4.44000000000E+09 -8.031100952E-02 -5.709821277E-02 -9.104157414E-02 -6.780647330E-02 +1.459685333E-01 +2.383206378E-01
4.45000000000E+09 -4.535949499E-02 +9.247660524E-02 -1.731993240E-01 -1.956422177E-02 +1.289152377E-01 +1.045100054E-01
4.46000000000E+09 +1.013147798E-01 +2.581084699E-02 -1.823443778E-01 +7.174907976E-02 -3.250750638E-03 +6.126061012E-02
4.47000000000E+09 +5.773338079E-03 -1.003032883E-01 -1.368790129E-01 +1.162393854E-01 -9.678721327E-02 +1.570371224E-01
4.48000000000E+09 -9.483360178E-02 +8.227070834E-03 -1.063779962E-01 +1.298086141E-01 -4.888719676E-02 +2.816162705E-01
4.49000000000E+09 +1.738939158E-02 +9.226303729E-02 -6.502671893E-02 +1.526867364E-01 +8.382681959E-02 +3.007179186E-01
4.50000000000E+09 +9.377139476E-02 -2.966939823E-02 +1.257537994E-02 +1.383846445E-01 +1.610351215E-01 +1.851320518E-01
4.51000000000E+09 -4.918153712E-02 -9.182193131E-02 +5.893801159E-02 +5.389863687E-02 +8.179851563E-02 +5.621454608E-02
4.52000000000E+09 -7.856022182E-02 +6.823861845E-02 +2.739891778E-02 -2.392513764E-02 -6.848362831E-02 +8.939421560E-02
4.53000000000E+09 +7.713033100E-02 +6.108012471E-02 -1.204052061E-02 -5.165920429E-02 -9.285559497E-02 +2.355472276E-01
4.54000000000E+09 +4.847219854E-02 -8.041147379E-02 -4.018478058E-02 -8.380495869E-02 +2.139577600E-02 +3.128501976E-01
4.55000000000E+09 -8.562931961E-02 -3.939777978E-02 -1.057499119E-01 -1.106415969E-01 +1.427106248E-01 +2.557985730E-01
4.56000000000E+09 -2.744573696E-02 +9.397212618E-02 -1.817791077E-01 -7.184208022E-02 +1.522743659E-01 +1.220528195E-01
4.57000000000E+09 +1.001337174E-01 +9.304882023E-03 -1.922146509E-01 +4.468797421E-03 +3.168528060E-02 +4.092655399E-02
4.58000000000E+09 -1.082489534E-02 -9.699088739E-02 -1.592682002E-01 +4.129193043E-02 -9.347038362E-02 +1.187196103E-01
4.59000000000E+09 -8.885320792E-02 +2.411082831E-02 -1.396333292E-01 +6.138383236E-02 -7.479198806E-02 +2.696524649E-01
4.60000000000E+09 +3.222049899E-02 +8.348539247E-02 -9.880354554E-02 +9.485819616E-02 +6.493942676E-02 +3.201381818E-01
4.61000000000E+09 +8.239247882E-02 -4.240511710E-02 -1.775254384E-02 +8.906387736E-02 +1.774070152E-01 +2.131283165E-01
4.62000000000E+09 -5.912859134E-02 -7.887147246E-02 +3.638326420E-02 +1.617842555E-02 +1.319910495E-01 +6.030649922E-02
4.63000000000E+09 -6.520070515E-02 +7.623880927E-02 +2.477364880E-02 -5.445053616E-02 -3.074120139E-02 +3.894917242E-02
4.64000000000E+09 +8.386253854E-02 +4.638482596E-02 +6.291080651E-03 -9.153640531E-02 -1.162702848E-01 +1.680429319E-01
4.65000000000E+09 +3.165792689E-02 -8.445810827E-02 -1.572458147E-02 -1.409252881E-01 -4.807215637E-02 +2.973722113E-01
4.66000000000E+09 -8.501449742E-02 -2.199232826E-02 -8.564203456E-02 -1.761552850E-01 +8.981924853E-02 +3.136781163E-01
4.67000000000E+09 -1.267484726E-02 +8.940056958E-02 -1.637492157E-01 -1.399131117E-01 +1.779114389E-01 +2.009744895E-01
4.68000000000E+09 +9.448422117E-02 -1.654444727E-03 -1.788418578E-01 -6.546640180E-02 +1.271466075E-01 +5.696127685E-02
4.69000000000E+09 -2.106236419E-02 -9.351726146E-02 -1.519688392E-01 -2.225772685E-02 -3.014760581E-02 +4.235999626E-02
4.70000000000E+09 -8.459195589E-02 +3.650170173E-02 -1.308386574E-01 +1.057055626E-02 -1.095490019E-01 +1.785035167E-01
4.71000000000E+09 +4.535192907E-02 +7.564477244E-02 -7.870829520E-02 +5.318713952E-02 -3.161030195E-02 +2.960667008E-01
4.72000000000E+09 +7.038889106E-02 -5.321446957E-02 +1.260415963E-02 +4.688518418E-02 +1.009677154E-01 +2.889807890E-01
4.73000000000E+09 -6.457646897E-02 -6.537674013E-02 +7.016901417E-02 -2.506131454E-02 +1.591773740E-01 +1.801830166E-01
4.74000000000E+09 -5.533108903E-02 +7.823140374E-02 +6.396008904E-02 -9.152272725E-02 +9.805840849E-02 +7.359068967E-02
4.75000000000E+09 +8.804227560E-02 +3.847792717E-02 +5.142436511E-02 -1.254087497E-01 -1.917096312E-02 +7.298378336E-02
4.76000000000E+09 +2.085503765E-02 -9.012854820E-02 +3.535955524E-02 -1.710648424E-01 -7.839315390E-02 +1.754355969E-01
4.77000000000E+09 -8.817777306E-02 -7.444417350E-03 -2.618658446E-02 -2.008038647E-01 -2.625080197E-02 +2.711225782E-01
4.78000000000E+09 +2.368247394E-03 +8.726861692E-02 -8.922818053E-02 -1.641864691E-01 +8.217727387E-02 +2.720640439E-01
4.79000000000E+09 +8.849935543E-02 -1.384020400E-02 -9.391794721E-02 -1.021507882E-01 +1.375134734E-01 +1.879392688E-01
4.80000000000E+09 -2.887037603E-02 -8.813538151E-02 -7.059392154E-02 -7.293831022E-02 +9.226094129E-02 +1.058472761E-01
4.81000000000E+09 -8.192450926E-02 +4.532812720E-02 -6.253372272E-02 -4.599794580E-02 +3.790859369E-03 +9.995334949E-02
4.82000000000E+09 +5.810570183E-02 +7.113349598E-02 -2.609736849E-02 +7.781947382E-04 -3.778644248E-02 +1.660268992E-01
4.83000000000E+09 +5.966342233E-02 -6.665081001E-02 +4.971937105E-02 +6.822985863E-03 -1.128510506E-02 +2.334289095E-01
4.84000000000E+09 -7.327712562E-02 -4.951127728E-02 +9.608813973E-02 -3.869597419E-02 +5.596995217E-02 +2.454575810E-01
4.85000000000E+09 -3.918975864E-02 +8.001224621E-02 +1.004989371E-01 -7.242308199E-02 +1.062241120E-01 +1.974954225E-01
4.86000000000E+09 +8.697573514E-02 +2.650415440E-02 +1.151473453E-01 -8.926853443E-02 +8.890689048E-02 +1.355243742E-01
4.87000000000E+09 +1.071459149E-02 -9.056128760E-02 +1.272867889E-01 -1.365317083E-01 +2.554655890E-02 +1.201620923E-01
4.88000000000E+09 -8.976725307E-02 +4.576166245E-03 +8.551283417E-02 -1.834211880E-01 -1.087857795E-02 +1.591548053E-01
4.89000000000E+09 +1.785194485E-02 +8.589251841E-02 +2.715471025E-02 -1.731947076E-01 +4.179655322E-03 +2.092150953E-01
4.90000000000E+09 +8.200440243E-02 -2.940603965E-02 +5.300364703E-03 -1.387256415E-01 +4.747876437E-02 +2.257966480E-01
4.91000000000E+09 -4.087349831E-02 -7.759366273E-02 -9.185022915E-03 -1.176419375E-01 +8.371044483E-02 +1.964123771E-01
4.92000000000E+09 -7.168476573E-02 +5.339067673E-02 -3.533075782E-02 -7.270019211E-02 +8.054841797E-02 +1.449171447E-01
4.93000000000E+09 +6.566145705E-02 +6.184470472E-02 -1.727543454E-02 +5.307642077E-03 +3.107108029E-02 +1.282092496E-01
4.94000000000E+09 +4.883506940E-02 -7.447015495E-02 +5.601852888E-02 +4.543967867E-02 -6.941747939E-03 +1.649719643E-01
4.95000000000E+09 -7.903096899E-02 -3.595666151E-02 +1.155734951E-01 +3.139414910E-02 +1.335711684E-02 +2.116200101E-01
4.96000000000E+09 -2.436242908E-02 +8.230721225E-02 +1.492325783E-01 +1.496198531E-02 +6.169179782E-02 +2.184276459E-01
4.97000000000E+09 +8.526592490E-02 +1.267078954E-02 +1.925632559E-01 -1.003874116E-02 +8.452826319E-02 +1.802075657E-01
4.98000000000E+09 -6.098543209E-04 -8.749314937E-02 +2.149886461E-01 -7.847153648E-02 +6.364111591E-02 +1.346906926E-01
4.99000000000E+09 -8.621096999E-02 +1.492712312E-02 +1.681273774E-01 -1.446271811E-01 +1.604890572E-02 +1.350342367E-01
5.00000000000E+09 +2.873757317E-02 +8.155063378E-02 +9.528613347E-02 -1.484958233E-01 -1.052940495E-02 +1.858697694E-01
5.01000000000E+09 +7.542812713E-02 -3.954298184E-02 +5.079106365E-02 -1.204705427E-01 +2.621165150E-02 +2.336551821E-01
5.02000000000E+09 -4.960729784E-02 -6.963135149E-02 +1.102795242E-02 -9.110937953E-02 +9.290202303E-02 +2.142179481E-01
5.03000000000E+09 -6.278995191E-02 +6.105429452E-02 -2.905746947E-02 -2.599041155E-02 +1.039703440E-01 +1.408179116E-01
5.04000000000E+09 +7.229957321E-02 +5.139146508E-02 -1.131248987E-02 +6.891304533E-02 +3.391706197E-02 +9.771926901E-02
5.05000000000E+09 +3.677851558E-02 -7.860522976E-02 +6.357376499E-02 +1.180250764E-01 -3.458303493E-02 +1.422209659E-01
5.06000000000E+09 -7.994488534E-02 -2.322655997E-02 +1.252540398E-01 +1.131028313E-01 -2.741470927E-02 +2.270337617E-01
5.07000000000E+09 -1.310267118E-02 +8.006050833E-02 +1.680833856E-01 +1.013948062E-01 +4.401021422E-02 +2.668014313E-01
5.08000000000E+09 +8.173418953E-02 +3.897737735E-03 +2.194583805E-01 +6.960935505E-02 +1.191603627E-01 +2.210397802E-01
5.09000000000E+09 -7.312593859E-03 -8.477775689E-02 +2.413627290E-01 -1.026628807E-02 +1.232596387E-01 +1.238252891E-01
5.10000000000E+09 -8.436794109E-02 +2.311894979E-02 +1.876400834E-01 -8.668524780E-02 +2.593910277E-02 +7.730610020E-02
5.11000000000E+09 +3.844328913E-02 +7.777257194E-02 +1.054131693E-01 -9.888546263E-02 -6.545284593E-02 +1.525582010E-01
5.12000000000E+09 +6.832164629E-02 -4.825075619E-02 +4.644753455E-02 -7.931161814E-02 -3.263104712E-02 +2.639453680E-01
5.13000000000E+09 -5.560165646E-02 -6.100458273E-02 -1.415415954E-02 -4.989708373E-02 +8.017824993E-02 +2.849488763E-01
5.14000000000E+09 -5.435995183E-02 +6.449361082E-02 -6.940318262E-02 +2.671100687E-02 +1.490783072E-01 +2.003812526E-01
5.15000000000E+09 +7.460265118E-02 +4.460266395E-02 -5.559487548E-02 +1.342198528E-01 +1.124781842E-01 +9.811732430E-02
5.16000000000E+09 +3.005530549E-02 -8.149799403E-02 +2.217320403E-02 +1.909780021E-01 +6.287821155E-03 +8.264390653E-02
5.17000000000E+09 -8.282431837E-02 -1.499011626E-02 +8.956592437E-02 +1.879946069E-01 -6.354433586E-02 +1.720936808E-01
5.18000000000E+09 -3.921192023E-03 +8.073470178E-02 +1.401690121E-01 +1.719342569E-01 -2.014091672E-02 +2.733330025E-01
5.19000000000E+09 +8.077407811E-02 -4.209901596E-03 +1.959230065E-01 +1.265033133E-01 +9.597816812E-02 +2.812744930E-01
5.20000000000E+09 -1.426754199E-02 -8.362542130E-02 +2.119141973E-01 +2.933181510E-02 +1.595058246E-01 +1.827034410E-01
5.21000000000E+09 -8.442230153E-02 +3.083201068E-02 +1.428467445E-01 -5.854896972E-02 +9.018522274E-02 +8.527686644E-02
5.22000000000E+09 +4.827808816E-02 +7.704658301E-02 +4.444741222E-02 -7.109256201E-02 -2.153103476E-02 +1.107921381E-01
5.23000000000E+09 +6.465001875E-02 -5.967571566E-02 -2.382696906E-02 -4.610520376E-02 -3.609540487E-02 +2.114121519E-01
5.24000000000E+09 -6.648248502E-02 -5.358460417E-02 -8.714407379E-02 -9.044793733E-03 +3.523179876E-02 +2.602240444E-01
5.25000000000E+09 -4.420275112E-02 +7.286619814E-02 -1.336934227E-01 +7.258097965E-02 +1.070098709E-01 +2.217181342E-01
5.26000000000E+09 +7.964201558E-02 +3.377538629E-02 -1.068429299E-01 +1.700056271E-01 +1.104514430E-01 +1.439501198E-01
5.27000000000E+09 +1.962818120E-02 -8.510844858E-02 -2.795516014E-02 +2.064578718E-01 +3.337646240E-02 +1.089426849E-01
5.28000000000E+09 -8.583396162E-02 -4.527558244E-03 +2.816782284E-02 +1.881488299E-01 -3.728947093E-02 +1.698892841E-01
5.29000000000E+09 +7.669736393E-03 +8.322306171E-02 +6.545027172E-02 +1.662797945E-01 -1.954091781E-03 +2.582376081E-01
5.30000000000E+09 +8.228084085E-02 -1.747034780E-02 +1.098543953E-01 +1.199358383E-01 +9.990559123E-02 +2.588902090E-01
5.31000000000E+09 -3.070189367E-02 -8.227558878E-02 +1.141770841E-01 +2.903050320E-02 +1.358970459E-01 +1.615096144E-01
5.32000000000E+09 -7.716126448E-02 +4.791754416E-02 +4.505658162E-02 -3.971007728E-02 +5.186510656E-02 +9.197646450E-02
5.33000000000E+09 +6.167594061E-02 +6.419651731E-02 -2.906505482E-02 -4.107129267E-02 -4.102441238E-02 +1.454449181E-01
5.34000000000E+09 +4.997862887E-02 -6.801158234E-02 -7.141255840E-02 -3.039653519E-02 -3.464581363E-02 +2.482061373E-01
5.35000000000E+09 -7.107424948E-02 -3.926689578E-02 -1.238992359E-01 -1.807461797E-02 +5.553789793E-02 +2.902727300E-01
5.36000000000E+09 -3.108189748E-02 +7.506756908E-02 -1.707969695E-01 +3.867382577E-02 +1.475463148E-01 +2.368434970E-01
5.37000000000E+09 +8.117808455E-02 +2.075529490E-02 -1.556832450E-01 +1.134294645E-01 +1.442767668E-01 +1.205950655E-01
5.38000000000E+09 +5.062834449E-03 -8.563737856E-02 -1.006484986E-01 +1.386671616E-01 +1.672187891E-02 +6.430500721E-02
5.39000000000E+09 -8.222841264E-02 +1.120827771E-02 -6.809856502E-02 +1.312558820E-01 -9.128884367E-02 +1.638235185E-01
5.40000000000E+09 +2.142305673E-02 +7.576579444E-02 -3.515636604E-02 +1.328339864E-01 -4.252750050E-02 +3.061780338E-01
5.41000000000E+09 +7.215139959E-02 -2.846509264E-02 +2.065936386E-02 +1.042047886E-01 +9.708736059E-02 +3.315696181E-01
5.42000000000E+09 -3.850410610E-02 -7.131519216E-02 +4.239830029E-02 +2.476116757E-02 +1.843968289E-01 +2.251579311E-01
5.43000000000E+09 -6.696189369E-02 +5.305989651E-02 -2.513634657E-03 -3.894604677E-02 +1.406615899E-01 +9.976450910E-02
5.44000000000E+09 +6.675656091E-02 +5.475630617E-02 -4.978356330E-02 -4.768869548E-02 +8.960090029E-03 +7.588565348E-02
5.45000000000E+09 +3.848917844E-02 -7.316783853E-02 -7.293295292E-02 -5.579453629E-02 -7.732977541E-02 +1.743164111E-01
5.46000000000E+09 -7.311037043E-02 -2.569829107E-02 -1.180792067E-01 -6.209704601E-02 -3.363605519E-02 +2.992116593E-01
5.47000000000E+09 -1.792511870E-02 +7.274528557E-02 -1.600279525E-01 -1.954619661E-02 +9.251480875E-02 +3.345946461E-01
5.48000000000E+09 +7.631403150E-02 +1.059390169E-02 -1.421762803E-01 +3.921994414E-02 +1.849037898E-01 +2.444229396E-01
5.49000000000E+09 -1.406647897E-03 -8.172747156E-02 -9.115530139E-02 +4.907138176E-02 +1.528053852E-01 +1.135890023E-01
5.50000000000E+09 -8.186806016E-02 +1.849062162E-02 -7.027283588E-02 +3.088038044E-02 +3.046736997E-02 +8.544856328E-02
5.51000000000E+09 +3.330860068E-02 +7.457331409E-02 -5.291362270E-02 +3.304767733E-02 -4.838536898E-02 +1.714225157E-01
5.52000000000E+09 +6.545635689E-02 -4.306796288E-02 -1.028999150E-02 +1.443157923E-02 -2.351197719E-02 +2.679541053E-01
5.53000000000E+09 -4.968812493E-02 -5.774471347E-02 +1.719345246E-03 -4.104968779E-02 +6.219989426E-02 +3.069109448E-01
5.54000000000E+09 -5.149604905E-02 +5.658702625E-02 -3.002038502E-02 -6.931827816E-02 +1.415188893E-01 +2.677306443E-01
5.55000000000E+09 +6.556665791E-02 +4.399455831E-02 -4.001652449E-02 -5.670578884E-02 +1.554712256E-01 +1.755329803E-01
5.56000000000E+09 +3.211775029E-02 -7.443737356E-02 -1.804361828E-02 -6.719365599E-02 +8.700020854E-02 +1.147492670E-01
5.57000000000E+09 -7.828017696E-02 -1.679539997E-02 -2.649020124E-02 -1.013059117E-01 +4.586494040E-03 +1.474651467E-01
5.58000000000E+09 -2.861263252E-03 +7.679563702E-02 -5.286277163E-02 -1.008508714E-01 -1.551601006E-02 +2.242197910E-01
5.59000000000E+09 +7.369237537E-02 -7.971259181E-03 -4.744701227E-02 -8.986713787E-02 +2.905663125E-02 +2.763263201E-01
5.60000000000E+09 -1.681103548E-02 -7.091160801E-02 -4.475654874E-02 -1.086878015E-01 +9.924683113E-02 +2.824808149E-01
5.61000000000E+09 -6.890293566E-02 +2.571954155E-02 -7.993409259E-02 -1.120599098E-01 +1.492845568E-01 +2.319103728E-01
5.62000000000E+09 +3.720816877E-02 +6.600353864E-02 -9.886019391E-02 -6.296962948E-02 +1.304373447E-01 +1.513354663E-01
5.63000000000E+09 +5.872469569E-02 -4.970337770E-02 -6.039348813E-02 -1.843222809E-02 +4.786178174E-02 +1.215708850E-01
5.64000000000E+09 -5.854514326E-02 -4.688872566E-02 -1.681840588E-02 -1.555313801E-02 -2.029919369E-02 +1.871456708E-01
5.65000000000E+09 -3.513357166E-02 +6.211783553E-02 +1.398761623E-02 -1.003649029E-02 -4.598216030E-04 +2.743360988E-01
5.66000000000E+09 +6.392172951E-02 +2.614246553E-02 +7.433434396E-02 -1.119554178E-02 +7.987149969E-02 +3.055607246E-01
5.67000000000E+09 +1.845957983E-02 -6.622632360E-02 +1.348958974E-01 -7.213677855E-02 +1.531727072E-01 +2.672857752E-01
5.68000000000E+09 -6.960357899E-02 -9.398616806E-03 +1.256886208E-01 -1.615301421E-01 +1.584988291E-01 +1.831934453E-01
5.69000000000E+09 +2.910596883E-03 +7.166828324E-02 +6.554481849E-02 -2.018582801E-01 +8.374476747E-02 +1.263079553E-01
5.70000000000E+09 +6.861318153E-02 -1.606258895E-02 +1.885306992E-02 -2.014118415E-01 +1.473893911E-03 +1.729408419E-01
5.71000000000E+09 -2.508121951E-02 -6.270107105E-02 -2.923326656E-02 -1.964184773E-01 +9.025487605E-03 +2.714932674E-01
5.72000000000E+09 -5.778232730E-02 +3.139903135E-02 -9.192057918E-02 -1.481536083E-01 +9.293266932E-02 +3.065137899E-01
5.73000000000E+09 +3.908944770E-02 +5.494662197E-02 -1.041644647E-01 -4.323066097E-02 +1.610278487E-01 +2.483057650E-01
5.74000000000E+09 +4.979753677E-02 -4.936663433E-02 -3.248246072E-02 +4.110198785E-02 +1.448582480E-01 +1.684290870E-01
5.75000000000E+09 -5.870273686E-02 -3.957821631E-02 +5.622431489E-02 +5.591108115E-02 +6.777299578E-02 +1.455786947E-01
5.76000000000E+09 -2.662351103E-02 +6.309190058E-02 +1.236735515E-01 +4.584956825E-02 +1.651478375E-02 +2.013971749E-01
5.77000000000E+09 +6.291596043E-02 +1.622390339E-02 +1.987659820E-01 +1.322682241E-02 +4.730731815E-02 +2.753218393E-01
5.78000000000E+09 +9.066539872E-03 -6.228190520E-02 +2.479555908E-01 -7.621087150E-02 +1.206312860E-01 +2.851617260E-01
5.79000000000E+09 -6.420874706E-02 -1.842174462E-03 +2.147456257E-01 -1.774406755E-01 +1.580086310E-01 +2.124556198E-01
5.80000000000E+09 +8.777841960E-03 +6.613237573E-02 +1.292870365E-01 -2.165762263E-01 +1.060845363E-01 +1.470311651E-01
5.81000000000E+09 +6.349796800E-02 -2.144680410E-02 +5.888552444E-02 -2.040001075E-01 +2.369527708E-02 +1.850622999E-01
5.82000000000E+09 -3.039827083E-02 -5.703049691E-02 -6.906202512E-03 -1.762736207E-01 +3.075787240E-02 +2.753812767E-01
5.83000000000E+09 -5.145561793E-02 +3.693691416E-02 -7.363878074E-02 -9.784949469E-02 +1.115126884E-01 +3.044631858E-01
5.84000000000E+09 +4.388134072E-02 +4.677853260E-02 -7.154623292E-02 +3.114649274E-02 +1.762915720E-01 +2.490210613E-01
5.85000000000E+09 +4.019085695E-02 -5.237521223E-02 +2.026163138E-02 +1.220148575E-01 +1.560500745E-01 +1.616448268E-01
5.86000000000E+09 -5.928138805E-02 -2.900913257E-02 +1.223836580E-01 +1.330308331E-01 +6.555153633E-02 +1.344079733E-01
5.87000000000E+09 -1.644965145E-02 +6.064793079E-02 +1.988633370E-01 +1.137765518E-01 +7.680870168E-04 +2.161314174E-01
5.88000000000E+09 +5.783355211E-02 +8.153245373E-03 +2.749096175E-01 +6.506341070E-02 +4.707034311E-02 +3.206037781E-01
5.89000000000E+09 +3.727402741E-03 -5.666662842E-02 +3.129429002E-01 -3.977614693E-02 +1.585038459E-01 +3.263953111E-01
5.90000000000E+09 -5.994935805E-02 +1.388512170E-03 +2.605663989E-01 -1.510931737E-01 +2.209275712E-01 +2.177955528E-01
5.91000000000E+09 +1.239553994E-02 +6.353674173E-02 +1.490781650E-01 -1.914834914E-01 +1.490056646E-01 +1.135951099E-01
5.92000000000E+09 +6.084737364E-02 -2.694705023E-02 +5.365272221E-02 -1.661143423E-01 +1.978381880E-02 +1.414245187E-01
5.93000000000E+09 -3.695310262E-02 -5.146033925E-02 -2.815791557E-02 -1.144900909E-01 -7.893769822E-03 +2.654661688E-01
5.94000000000E+09 -4.303916446E-02 +4.114349051E-02 -9.266991978E-02 -7.113138970E-03 +7.967798613E-02 +3.470110107E-01
5.95000000000E+09 +4.411452733E-02 +3.782538917E-02 -7.042603710E-02 +1.369585681E-01 +1.879961289E-01 +3.195174701E-01
5.96000000000E+09 +3.370229926E-02 -4.939921737E-02 +3.991153031E-02 +2.237156969E-01 +2.307913135E-01 +2.029948803E-01
5.97000000000E+09 -5.683132233E-02 -2.616774977E-02 +1.519627236E-01 +2.202010534E-01 +1.460204935E-01 +1.044903803E-01
5.98000000000E+09 -1.417669521E-02 +6.069745242E-02 +2.263795354E-01 +1.817022872E-01 +1.389161346E-02 +1.533025604E-01
5.99000000000E+09 +5.844254148E-02 +4.393041783E-03 +2.906366700E-01 +1.168436412E-01 +6.365822114E-03 +2.928954669E-01
6.00000000000E+09 -1.076297374E-03 -5.677012863E-02 +3.096026856E-01 +3.198734097E-04 +1.137828666E-01 +3.493917925E-01
6.01000000000E+09 -5.882327785E-02 +6.235205314E-03 +2.320705858E-01 -1.120554892E-01 +2.147540988E-01 +2.897786599E-01
6.02000000000E+09 +1.646702072E-02 +6.218369478E-02 +1.007086533E-01 -1.368191694E-01 +2.075480153E-01 +1.823998728E-01
6.03000000000E+09 +6.015213310E-02 -3.090501429E-02 +4.560715843E-03 -8.944134092E-02 +1.159839039E-01 +1.429817620E-01
6.04000000000E+09 -4.274634046E-02 -5.078609974E-02 -6.240810611E-02 -2.810946884E-02 +4.440165979E-02 +2.047281235E-01
6.05000000000E+09 -3.989595797E-02 +4.772074754E-02 -1.111227015E-01 +7.358886993E-02 +6.596150313E-02 +2.960214486E-01
6.06000000000E+09 +4.946162419E-02 +3.278156137E-02 -7.950434962E-02 +1.991874345E-01 +1.522739518E-01 +3.118302706E-01
6.07000000000E+09 +2.799758613E-02 -5.331286651E-02 +2.541981300E-02 +2.613162409E-01 +2.105594509E-01 +2.396125854E-01
6.08000000000E+09 -5.974038183E-02 -2.057941173E-02 +1.184056379E-01 +2.399179662E-01 +1.624218779E-01 +1.631714946E-01
6.09000000000E+09 -8.997667760E-03 +6.369018203E-02 +1.698798840E-01 +1.974757800E-01 +7.012979060E-02 +1.884644059E-01
6.10000000000E+09 +6.201722602E-02 -2.104014242E-03 +2.187834387E-01 +1.386354016E-01 +6.588796408E-02 +2.811797772E-01
6.11000000000E+09 -9.511785098E-03 -6.019364322E-02 +2.288293108E-01 +2.807262281E-02 +1.476046367E-01 +3.139950212E-01
6.12000000000E+09 -5.997903376E-02 +1.746578157E-02 +1.444142577E-01 -7.285841487E-02 +2.131194941E-01 +2.649539550E-01
6.13000000000E+09 +2.856726579E-02 +5.927605195E-02 +2.151843674E-02 -8.256563680E-02 +1.993709976E-01 +1.831428969E-01
6.14000000000E+09 +5.310857811E-02 -4.159896456E-02 -5.559543872E-02 -3.710631853E-02 +1.140153276E-01 +1.589904714E-01
6.15000000000E+09 -4.976528467E-02 -4.103275910E-02 -1.127974217E-01 +9.818171902E-03 +4.990005833E-02 +2.374031018E-01
6.16000000000E+09 -3.033067564E-02 +5.087596134E-02 -1.587141042E-01 +9.748125127E-02 +9.249383475E-02 +3.319505917E-01
6.17000000000E+09 +5.070956116E-02 +2.476864134E-02 -1.271032524E-01 +2.084255176E-01 +2.055661927E-01 +3.361404493E-01
6.18000000000E+09 +2.156271213E-02 -5.420305307E-02 -2.549209675E-02 +2.566148275E-01 +2.752015390E-01 +2.413468369E-01
6.19000000000E+09 -6.210766563E-02 -1.427027762E-02 +6.091369017E-02 +2.222595296E-01 +2.152634371E-01 +1.315226504E-01
6.20000000000E+09 -3.595949764E-04 +6.620932449E-02 +1.018045980E-01 +1.715588527E-01 +8.492948920E-02 +1.395949286E-01
6.21000000000E+09 +6.236555486E-02 -1.367446618E-02 +1.411607039E-01 +1.086042379E-01 +3.828875866E-02 +2.560576080E-01
6.22000000000E+09 -2.154422181E-02 -5.548213935E-02 +1.374470202E-01 -1.299439667E-03 +1.129442796E-01 +3.493374238E-01
6.23000000000E+09 -5.134575263E-02 +2.602657093E-02 +4.434514791E-02 -8.565265621E-02 +2.314267488E-01 +3.392743297E-01
6.24000000000E+09 +3.197713585E-02 +5.008855931E-02 -6.739977652E-02 -7.773696287E-02 +2.961204494E-01 +2.353274281E-01
6.25000000000E+09 +4.782978609E-02 -4.233380271E-02 -1.225316533E-01 -2.508647197E-02 +2.337472335E-01 +1.169587359E-01
6.26000000000E+09 -5.363836861E-02 -3.813983858E-02 -1.520858393E-01 +1.464733658E-02 +8.430216282E-02 +1.200699760E-01
6.27000000000E+09 -2.410857994E-02 +5.706792009E-02 -1.769446070E-01 +8.057384982E-02 +2.778744547E-02 +2.538871504E-01
6.28000000000E+09 +5.506252286E-02 +1.507475294E-02 -1.339111268E-01 +1.614153106E-01 +1.178883578E-01 +3.604226993E-01
6.29000000000E+09 +1.030807611E-02 -5.452617100E-02 -4.000897664E-02 +1.742482198E-01 +2.419335887E-01 +3.505294641E-01
6.30000000000E+09 -5.808633476E-02 -5.941249749E-03 +1.774666919E-02 +1.192611677E-01 +3.078529949E-01 +2.478243821E-01
6.31000000000E+09 +3.498488301E-03 +6.359416841E-02 +2.506368074E-02 +7.115232877E-02 +2.598421988E-01 +1.284166447E-01
6.32000000000E+09 +6.429533789E-02 -1.883692806E-02 +4.047905214E-02 +3.533685740E-02 +1.225925716E-01 +1.075089436E-01
6.33000000000E+09 -3.249827109E-02 -5.569173247E-02 +3.718910879E-02 -3.639851366E-02 +3.960044134E-02 +2.234748366E-01
6.34000000000E+09 -4.506987434E-02 +3.750228560E-02 -2.987888558E-02 -8.417640032E-02 +1.026971529E-01 +3.446426260E-01
6.35000000000E+09 +3.903486352E-02 +3.954403142E-02 -8.942915787E-02 -6.225355445E-02 +2.285867687E-01 +3.592892079E-01
6.36000000000E+09 +3.739101890E-02 -4.302232637E-02 -9.532996412E-02 -3.197393958E-02 +3.061693459E-01 +2.716638485E-01
6.37000000000E+09 -5.134346066E-02 -3.407518349E-02 -9.814664743E-02 -3.443111502E-02 +2.798633337E-01 +1.550856013E-01
6.38000000000E+09 -2.427412788E-02 +6.112066476E-02 -1.265128265E-01 -1.570608367E-02 +1.684144704E-01 +1.168707854E-01
6.39000000000E+09 +6.424758033E-02 +9.200174693E-03 -1.108708015E-01 +3.701757947E-02 +8.034465460E-02 +1.991710503E-01
6.40000000000E+09 -2.597056031E-03 -6.066430138E-02 -5.368437412E-02 +4.177439976E-02 +1.093138519E-01 +3.133295792E-01
6.41000000000E+09 -5.662459436E-02 +8.932587231E-03 -3.332434061E-02 +1.049305232E-02 +2.170824875E-01 +3.458693516E-01
6.42000000000E+09 +1.384417302E-02 +5.634475959E-02 -3.197211913E-02 +8.790900405E-03 +2.978962924E-01 +2.772627420E-01
6.43000000000E+09 +5.768079429E-02 -2.282411368E-02 +7.699088485E-03 +1.047786715E-02 +2.822155498E-01 +1.735304009E-01
6.44000000000E+09 -3.577165877E-02 -5.459115087E-02 +4.493806988E-02 -4.484027259E-02 +1.868570838E-01 +1.384548532E-01
6.45000000000E+09 -4.469436064E-02 +4.633969952E-02 +1.489704395E-02 -1.009245914E-01 +1.193875302E-01 +2.092658183E-01
6.46000000000E+09 +5.022783497E-02 +3.365373926E-02 -1.890809724E-02 -9.911677985E-02 +1.439543811E-01 +2.972046050E-01
6.47000000000E+09 +2.645136369E-02 -5.131664692E-02 -1.655186542E-02 -1.004129647E-01 +2.273445599E-01 +3.180312722E-01
6.48000000000E+09 -5.430538182E-02 -2.168973420E-02 -3.679225815E-02 -1.244811657E-01 +2.936752338E-01 +2.615890839E-01
6.49000000000E+09 -1.504978035E-02 +6.035176482E-02 -8.706121753E-02 -1.044402303E-01 +2.753582793E-01 +1.761675635E-01
6.50000000000E+09 +6.550462403E-02 +2.292827334E-03 -8.452783493E-02 -3.597156462E-02 +1.867596818E-01 +1.594489578E-01
6.51000000000E+09 -1.185062127E-02 -6.287155270E-02 -2.723454979E-02 -1.330907137E-02 +1.464072921E-01 +2.345753564E-01
6.52000000000E+09 -5.674792150E-02 +2.075581529E-02 -1.956877747E-03 -2.853682851E-02 +1.952710952E-01 +2.977340512E-01
6.53000000000E+09 +2.651028395E-02 +5.229378430E-02 +1.406699419E-02 -1.556998319E-02 +2.662168572E-01 +2.839852696E-01
6.54000000000E+09 +4.980402617E-02 -3.315636652E-02 +7.197384908E-02 -1.491396404E-02 +2.908565483E-01 +2.205181587E-01
6.55000000000E+09 -4.234795229E-02 -4.573809212E-02 +1.144565147E-01 -7.825091196E-02 +2.532439101E-01 +1.732101559E-01
6.56000000000E+09 -3.706111111E-02 +5.127125613E-02 +8.152471089E-02 -1.369368139E-01 +1.898801560E-01 +1.891297925E-01
6.57000000000E+09 +5.556489282E-02 +2.583703028E-02 +4.367355812E-02 -1.314662217E-01 +1.790497568E-01 +2.553705427E-01
6.58000000000E+09 +1.689119494E-02 -5.586403230E-02 +4.386392580E-02 -1.279532526E-01 +2.455688772E-01 +2.921136982E-01
6.59000000000E+09 -5.729047613E-02 -1.124257128E-02 +1.937740715E-02 -1.445241212E-01 +3.079379470E-01 +2.473403581E-01
6.60000000000E+09 -3.387486715E-03 +6.165162874E-02 -3.053296808E-02 -1.119215566E-01 +2.944605650E-01 +1.695720549E-01
6.61000000000E+09 +6.405123821E-02 -9.507988375E-03 -2.043560516E-02 -3.606506347E-02 +2.149796304E-01 +1.495255543E-01
6.62000000000E+09 -2.304437161E-02 -5.921511213E-02 +4.029250125E-02 -1.320724598E-02 +1.699327921E-01 +2.195563550E-01
6.63000000000E+09 -5.090585896E-02 +3.075914355E-02 +6.371771917E-02 -2.554449825E-02 +2.120197465E-01 +2.834973183E-01
6.64000000000E+09 +3.491262641E-02 +4.500046660E-02 +8.041709773E-02 -8.471118603E-03 +2.857021711E-01 +2.793081427E-01
6.65000000000E+09 +4.172569949E-02 -3.955458407E-02 +1.367621243E-01 -7.819196458E-03 +3.293685459E-01 +2.186528137E-01
6.66000000000E+09 -4.731389017E-02 -3.806922685E-02 +1.718647130E-01 -6.807718143E-02 +2.959287970E-01 +1.459418572E-01
6.67000000000E+09 -2.913114463E-02 +5.679118112E-02 +1.322098671E-01 -1.184365124E-01 +2.022835358E-01 +1.441540431E-01
6.68000000000E+09 +6.017598428E-02 +1.561679225E-02 +9.261237316E-02 -1.037099825E-01 +1.693969096E-01 +2.306384962E-01
6.69000000000E+09 +5.518880960E-03 -5.817989696E-02 +9.036838308E-02 -9.535324583E-02 +2.355626252E-01 +2.972288952E-01
6.70000000000E+09 -5.683684415E-02 +5.707811210E-04 +5.936973787E-02 -1.021871557E-01 +3.201540125E-01 +2.717654041E-01
6.71000000000E+09 +7.312656909E-03 +5.868882332E-02 +1.215889861E-02 -5.470235083E-02 +3.379236339E-01 +1.885824425E-01
6.72000000000E+09 +5.983408464E-02 -1.824870417E-02 +3.322282031E-02 +2.640986552E-02 +2.810600734E-01 +1.377083406E-01
6.73000000000E+09 -3.094161729E-02 -5.558633670E-02 +1.005514328E-01 +4.446817904E-02 +2.108948661E-01 +1.621287675E-01
6.74000000000E+09 -4.647639346E-02 +3.996395001E-02 +1.229109956E-01 +2.490833378E-02 +1.986236526E-01 +2.321306177E-01
6.75000000000E+09 +4.386680843E-02 +3.767504597E-02 +1.357982424E-01 +3.510407636E-02 +2.567226599E-01 +2.772873107E-01
6.76000000000E+09 +3.237211314E-02 -4.650524859E-02 +1.815288809E-01 +2.398763807E-02 +3.237507339E-01 +2.510529362E-01
6.77000000000E+09 -5.200041272E-02 -2.782189511E-02 +1.918580141E-01 -4.144847212E-02 +3.324011391E-01 +1.864855210E-01
6.78000000000E+09 -1.948941494E-02 +5.940424056E-02 +1.266677214E-01 -7.836692121E-02 +2.772397977E-01 +1.484889734E-01
6.79000000000E+09 +6.285304747E-02 +6.258466756E-03 +7.644330313E-02 -3.933256650E-02 +2.319643173E-01 +1.890623746E-01
6.80000000000E+09 -5.304933173E-03 -6.051476400E-02 +7.846241230E-02 -1.143607442E-02 +2.537589017E-01 +2.389155117E-01
6.81000000000E+09 -5.737169303E-02 +1.364413484E-02 +5.687626044E-02 -6.064835952E-03 +2.993620181E-01 +2.375523199E-01
6.82000000000E+09 +2.125724778E-02 +5.496529550E-02 +2.831733827E-02 +4.683517696E-02 +3.214383363E-01 +2.056862121E-01
6.83000000000E+09 +5.215568690E-02 -2.984467774E-02 +6.935265167E-02 +1.107989479E-01 +3.074371844E-01 +1.743988331E-01
6.84000000000E+09 -3.935822555E-02 -4.676837112E-02 +1.349189977E-01 +9.849057363E-02 +2.722427436E-01 +1.734846118E-01
6.85000000000E+09 -3.809892154E-02 +4.666216118E-02 +1.366033411E-01 +5.634791515E-02 +2.634476598E-01 +2.051030794E-01
6.86000000000E+09 +5.073724719E-02 +2.919990769E-02 +1.229404002E-01 +5.797493608E-02 +2.925841060E-01 +2.301689929E-01
6.87000000000E+09 +2.186319539E-02 -5.344559139E-02 +1.430206119E-01 +4.753140914E-02 +3.309707928E-01 +2.123383636E-01
6.88000000000E+09 -5.755430431E-02 -1.439414304E-02 +1.273488743E-01 -5.454291940E-03 +3.261754459E-01 +1.697881656E-01
6.89000000000E+09 -3.705459326E-03 +6.079988746E-02 +5.196497199E-02 -1.372386500E-02 +2.912093352E-01 +1.607651044E-01
6.90000000000E+09 +5.984637459E-02 -8.155425968E-03 +1.646817445E-02 +4.527079070E-02 +2.713350023E-01 +1.886869992E-01
6.91000000000E+09 -1.790375781E-02 -5.564725413E-02 +3.626528635E-02 +7.344805018E-02 +2.904442737E-01 +2.154669619E-01
6.92000000000E+09 -5.096740198E-02 +2.513649617E-02 +2.746897481E-02 +7.123161229E-02 +3.254484148E-01 +2.138421906E-01
6.93000000000E+09 +3.161170545E-02 +4.705584528E-02 +1.128132521E-02 +1.093206179E-01 +3.434779224E-01 +1.856246859E-01
6.94000000000E+09 +4.273114315E-02 -3.906761067E-02 +5.600030153E-02 +1.462455864E-01 +3.291381511E-01 +1.560574639E-01
6.95000000000E+09 -4.709908757E-02 -3.598853426E-02 +1.062440445E-01 +1.074658255E-01 +2.951822608E-01 +1.500719603E-01
6.96000000000E+09 -2.580459439E-02 +5.284996701E-02 +8.408646797E-02 +5.533252122E-02 +2.790059713E-01 +1.841845250E-01
6.97000000000E+09 +5.461027102E-02 +1.580297182E-02 +5.370468402E-02 +5.721479994E-02 +3.053600009E-01 +2.140058328E-01
6.98000000000E+09 +7.594937150E-03 -5.492081357E-02 +5.915414609E-02 +4.735065454E-02 +3.407674730E-01 +2.056161906E-01
6.99000000000E+09 -5.547882840E-02 -6.196540490E-05 +2.846198621E-02 +5.376036145E-03 +3.564283110E-01 +1.757554636E-01
7.00000000000E+09 +8.480754026E-03 +5.592295562E-02 -4.473987125E-02 +1.608579718E-02 +3.400870936E-01 +1.464478082E-01

[Channel0\Trace0\Marker0]
Enabled=1
Position=0.2

[Channel0\Trace1]
ReferencePosition[0]=1

[Channel0\Trace1\Marker0]
Enabled=1
Position=0.2

[Channel0\Trace2]
SPort=0
FormatType=2

[Channel0\Trace2\Marker0]
Enabled=1
Position=0.2

[Channel0\Trace3]
SPort=0
FormatType=2

[Channel0\Trace3\Marker0]
Enabled=1
Position=0.2

