[NWA State]
TriggerSource=3

[Channel0]
Points=501
FrequencyStart=2000000000
FrequencyStop=7000000000
FixedPower[0]=5
FixedPower[1]=5
IFBW=1000
CorrectionEnabled=1
TraceCount=4

[Channel0\Correction\11]
Calyyyymmdd=2022/03/26
Calhhmmss=09:48:51
VNATemperature=34.3 °C
Type=3
KitLabel=ACM2509.2
KitDescription=AutoCal Module 20 kHz-9 GHz (CMT), SN: 19039185, Char: Factory, 28.9°C, ThermoComp: ON
CalIFBW=1 kHz
CalPower=5 dBm
CalPorts[0]=0
CalPorts[1]=0

[Channel0\Correction\11\Data]
2.00000000000E+09 -1.328234021E-01 -8.346397234E-02 -1.011845412E-01 -4.885908640E-02 -1.988369606E-01 +8.743795597E-02
2.01000000000E+09 -5.741382990E-02 +1.503521281E-01 -7.818460335E-02 +3.738976681E-02 -1.430427662E-01 +5.692034245E-02
2.02000000000E+09 +1.588622849E-01 +2.386822044E-02 -3.240249909E-03 +3.643358074E-02 -1.572783834E-01 -9.853879511E-03
2.03000000000E+09 -6.687481437E-03 -1.560663590E-01 -1.617315796E-03 +4.222785523E-04 -2.259692563E-01 -1.583203981E-02
2.04000000000E+09 -1.508629609E-01 +3.143720592E-02 -3.282804421E-03 +2.718896430E-02 -2.508167330E-01 +4.165357044E-02
2.05000000000E+09 +5.741013428E-02 +1.453485548E-01 +6.309375958E-02 +2.572015955E-02 -2.096129205E-01 +7.953642060E-02
2.06000000000E+09 +1.333358799E-01 -8.564474632E-02 +8.231622091E-02 -5.999305397E-02 -1.677056979E-01 +6.145706644E-02
2.07000000000E+09 -1.103125132E-01 -1.127526036E-01 +8.356975143E-03 -9.526091661E-02 -1.689732871E-01 +2.166716434E-02
2.08000000000E+09 -8.738954684E-02 +1.275325149E-01 -1.945700523E-02 -4.819604592E-02 -2.070893473E-01 +1.685446497E-03
2.09000000000E+09 +1.373770183E-01 +6.295577097E-02 +8.624810939E-03 -4.897019437E-02 -2.481012590E-01 +3.019016600E-02
2.10000000000E+09 +4.093997669E-02 -1.456923207E-01 -2.491612233E-02 -7.962055687E-02 -2.367041705E-01 +8.954060943E-02
2.11000000000E+09 -1.550888651E-01 -1.515620283E-02 -7.572929210E-02 -2.858040382E-02 -1.684904443E-01 +1.032676909E-01
2.12000000000E+09 +1.887418066E-02 +1.575611798E-01 -3.037683740E-02 +3.680361255E-02 -1.337856726E-01 +3.601389862E-02
2.13000000000E+09 +1.459781899E-01 -5.101707434E-02 +2.284165060E-02 +6.909918646E-03 -1.917502189E-01 -1.928934332E-02
2.14000000000E+09 -7.289539571E-02 -1.295980093E-01 -5.610142968E-03 -1.483675223E-02 -2.613574673E-01 +1.349079776E-02
2.15000000000E+09 -1.156485324E-01 +9.073611075E-02 -5.046389435E-03 +3.280161844E-02 -2.637343889E-01 +8.611318175E-02
2.16000000000E+09 +1.101812314E-01 +1.012795269E-01 +6.299651552E-02 +3.268990259E-02 -2.062277590E-01 +1.274779127E-01
2.17000000000E+09 +8.062548174E-02 -1.310862741E-01 +7.224574925E-02 -3.691135094E-02 -1.383623373E-01 +1.004069103E-01
2.18000000000E+09 -1.463003034E-01 -5.005483364E-02 +1.863314389E-02 -4.362547107E-02 -1.291172766E-01 +1.703336119E-02
2.19000000000E+09 -1.775820722E-02 +1.479001716E-01 +3.185439006E-02 -8.753072385E-03 -2.090821936E-01 -3.011583616E-02
2.20000000000E+09 +1.422912030E-01 -6.050855678E-03 +6.041538418E-02 -4.882043479E-02 -2.876350660E-01 +2.690983228E-02
2.21000000000E+09 -2.514364584E-02 -1.397710189E-01 +2.486631924E-03 -8.946141150E-02 -2.714697582E-01 +1.218945849E-01
2.22000000000E+09 -1.391169664E-01 +4.970410487E-02 -5.505733821E-02 -3.493169727E-02 -1.857303240E-01 +1.480359089E-01
2.23000000000E+09 +8.003613208E-02 +1.295890376E-01 -1.987262124E-02 +1.834155204E-02 -1.315484845E-01 +8.759754178E-02
2.24000000000E+09 +1.082488215E-01 -1.057706117E-01 -1.382374997E-04 -5.653908897E-03 -1.549323298E-01 +2.041441937E-02
2.25000000000E+09 -1.213847248E-01 -8.219270536E-02 -3.941811554E-02 +1.205796162E-02 -2.177335580E-01 +6.413994505E-03
2.26000000000E+09 -5.847991752E-02 +1.289794130E-01 -1.071826218E-02 +8.006659324E-02 -2.665244500E-01 +5.210445918E-02
2.27000000000E+09 +1.352611795E-01 +3.839453157E-02 +7.029091940E-02 +6.709551909E-02 -2.536687534E-01 +1.200431350E-01
2.28000000000E+09 +1.575351303E-02 -1.433942932E-01 +7.287320892E-02 -1.728358667E-04 -1.868223454E-01 +1.373014873E-01
2.29000000000E+09 -1.468099932E-01 +1.363638377E-02 +3.335050581E-02 +3.562768673E-03 -1.498071326E-01 +8.442262178E-02
2.30000000000E+09 +4.290818404E-02 +1.393451006E-01 +6.400949101E-02 +2.145546821E-02 -1.841464437E-01 +4.576134296E-02
2.31000000000E+09 +1.270356394E-01 -6.593873357E-02 +8.090523288E-02 -3.909453658E-02 -2.181021037E-01 +6.351439282E-02
2.32000000000E+09 -8.717900085E-02 -1.135185329E-01 +8.615691641E-03 -7.299335357E-02 -2.156366421E-01 +8.589972291E-02
2.33000000000E+09 -9.568814920E-02 +1.069419359E-01 -3.554862765E-02 -1.629144973E-02 -2.091747842E-01 +8.855097072E-02
2.34000000000E+09 +1.225629534E-01 +7.413320605E-02 -4.003122341E-03 +8.611257867E-03 -2.066897989E-01 +9.323990608E-02
2.35000000000E+09 +4.977230955E-02 -1.341102236E-01 -1.954667811E-02 -1.994769754E-02 -1.987980435E-01 +9.473321258E-02
2.36000000000E+09 -1.399242064E-01 -2.346387900E-02 -7.329447285E-02 +2.292927185E-02 -2.022450395E-01 +9.212595942E-02
2.37000000000E+09 +1.812853152E-03 +1.402240035E-01 -3.701426235E-02 +1.014838341E-01 -2.050919198E-01 +1.051304939E-01
2.38000000000E+09 +1.380060019E-01 -2.654757107E-02 +3.777496479E-02 +8.968746652E-02 -1.809928928E-01 +1.084499879E-01
2.39000000000E+09 -5.275621220E-02 -1.309860850E-01 +3.698931624E-02 +4.758254257E-02 -1.707174286E-01 +7.412736470E-02
2.40000000000E+09 -1.165014529E-01 +7.523135896E-02 +3.407920721E-02 +6.680636865E-02 -2.124731807E-01 +5.785813412E-02
2.41000000000E+09 +9.161347544E-02 +1.004985621E-01 +9.316499844E-02 +5.150144843E-02 -2.413823907E-01 +9.897381128E-02
2.42000000000E+09 +8.517963274E-02 -1.077640947E-01 +9.613736069E-02 -4.283044055E-02 -2.155799939E-01 +1.379044227E-01
2.43000000000E+09 -1.242955542E-01 -6.507952612E-02 +3.151202821E-03 -8.256616146E-02 -1.793272751E-01 +1.299347747E-01
2.44000000000E+09 -3.925319287E-02 +1.358870283E-01 -4.893704135E-02 -3.255291024E-02 -1.669227765E-01 +1.047007918E-01
2.45000000000E+09 +1.401656139E-01 +1.080817311E-02 -4.509338427E-02 -1.825419716E-02 -1.713200356E-01 +8.244076879E-02
2.46000000000E+09 -1.680766151E-02 -1.364259873E-01 -9.388034622E-02 -1.779466002E-02 -2.015790938E-01 +6.825546473E-02
2.47000000000E+09 -1.269597883E-01 +3.888676739E-02 -1.319795076E-01 +6.726152797E-02 -2.389220268E-01 +9.535808785E-02
2.48000000000E+09 +5.687476380E-02 +1.182350652E-01 -6.166325342E-02 +1.460915828E-01 -2.252961491E-01 +1.438559578E-01
2.49000000000E+09 +1.098918186E-01 -7.708569568E-02 +2.141614574E-02 +1.188319068E-01 -1.748963772E-01 +1.435741014E-01
2.50000000000E+09 -9.843923636E-02 -9.445443164E-02 +2.419456956E-02 +7.586658609E-02 -1.658415657E-01 +1.050378059E-01
2.51000000000E+09 -7.385010372E-02 +1.141838054E-01 +3.882114574E-02 +8.356214095E-02 -1.934707980E-01 +9.966652383E-02
2.52000000000E+09 +1.260081984E-01 +5.198276691E-02 +9.420898134E-02 +3.663491456E-02 -1.969436935E-01 +1.166185168E-01
2.53000000000E+09 +2.680394750E-02 -1.344750251E-01 +6.405808419E-02 -6.498975494E-02 -1.914837458E-01 +1.112772928E-01
2.54000000000E+09 -1.359530883E-01 +1.256027201E-04 -3.688400142E-02 -7.790694478E-02 -2.030845882E-01 +1.090844015E-01
2.55000000000E+09 +2.481834989E-02 +1.317416390E-01 -6.754158362E-02 -2.640120055E-02 -2.033226524E-01 +1.262033313E-01
2.56000000000E+09 +1.240417899E-01 -4.797865450E-02 -6.592466358E-02 -2.914489601E-02 -1.934988888E-01 +1.306591679E-01
2.57000000000E+09 -6.847111642E-02 -1.119817839E-01 -1.244957364E-01 -2.396373472E-02 -1.978385870E-01 +1.328478375E-01
2.58000000000E+09 -9.816839849E-02 +8.529680415E-02 -1.518963392E-01 +6.424407644E-02 -1.884110442E-01 +1.504100234E-01
2.59000000000E+09 +1.025592283E-01 +8.362541930E-02 -7.870732039E-02 +1.253215131E-01 -1.536080231E-01 +1.371519031E-01
2.60000000000E+09 +6.219857505E-02 -1.183150691E-01 -1.951549146E-02 +9.252938928E-02 -1.609787134E-01 +9.008237272E-02
2.61000000000E+09 -1.258053402E-01 -3.737905019E-02 -2.358362989E-02 +7.767636804E-02 -2.181744110E-01 +9.069503025E-02
2.62000000000E+09 -1.574642516E-02 +1.282730455E-01 +1.824393268E-02 +9.483166010E-02 -2.365051092E-01 +1.466136817E-01
2.63000000000E+09 +1.306566740E-01 -5.775546014E-03 +8.511598602E-02 +2.989505967E-02 -1.981357701E-01 +1.789634911E-01
2.64000000000E+09 -3.081473683E-02 -1.295327134E-01 +4.905678246E-02 -7.535496066E-02 -1.593645520E-01 +1.656294786E-01
2.65000000000E+09 -1.212693770E-01 +5.629644774E-02 -3.894262875E-02 -8.615050951E-02 -1.426323252E-01 +1.374954640E-01
2.66000000000E+09 +7.920461902E-02 +1.064028101E-01 -5.972645782E-02 -5.943138635E-02 -1.521797898E-01 +1.018846277E-01
2.67000000000E+09 +8.602143913E-02 -9.576251156E-02 -8.416098313E-02 -8.073023922E-02 -2.032303568E-01 +8.842155798E-02
2.68000000000E+09 -1.040676785E-01 -6.643698047E-02 -1.625132151E-01 -5.487184681E-02 -2.431006284E-01 +1.377961105E-01
2.69000000000E+09 -5.140496940E-02 +1.120814163E-01 -1.769774375E-01 +4.925671964E-02 -2.096569134E-01 +1.934391910E-01
2.70000000000E+09 +1.231370168E-01 +3.375854739E-02 -9.574392789E-02 +1.034752869E-01 -1.464783727E-01 +1.833205552E-01
2.71000000000E+09 +8.459390434E-03 -1.308636551E-01 -4.466834080E-02 +7.384515783E-02 -1.386413897E-01 +1.338424514E-01
2.72000000000E+09 -1.297010385E-01 +1.852571591E-02 -3.816045632E-02 +7.563617818E-02 -1.729549172E-01 +1.174745595E-01
2.73000000000E+09 +4.295977705E-02 +1.225429170E-01 +2.775011601E-02 +8.368235448E-02 -1.943018866E-01 +1.274958115E-01
2.74000000000E+09 +1.107580470E-01 -6.460859606E-02 +8.746647409E-02 -4.041666088E-03 -2.044319430E-01 +1.433360261E-01
2.75000000000E+09 -8.196478457E-02 -9.594568175E-02 +3.471824342E-02 -9.709817216E-02 -1.990596174E-01 +1.719675634E-01
2.76000000000E+09 -8.054185804E-02 +9.709740409E-02 -3.588751818E-02 -9.298837397E-02 -1.649364289E-01 +1.839595929E-01
2.77000000000E+09 +1.113587203E-01 +6.138997417E-02 -4.134975816E-02 -8.163683361E-02 -1.465204074E-01 +1.555832281E-01
2.78000000000E+09 +3.862824731E-02 -1.196690740E-01 -7.589076812E-02 -1.138167519E-01 -1.700394125E-01 +1.370916633E-01
2.79000000000E+09 -1.230370529E-01 -1.692366942E-02 -1.574446704E-01 -7.911424601E-02 -1.852187844E-01 +1.521194622E-01
2.80000000000E+09 +4.114570975E-03 +1.247356109E-01 -1.595341783E-01 +2.180412542E-02 -1.713896287E-01 +1.619260938E-01
2.81000000000E+09 +1.227846013E-01 -2.738091908E-02 -8.738538647E-02 +5.704175939E-02 -1.690038519E-01 +1.550461558E-01
2.82000000000E+09 -4.998140682E-02 -1.154261822E-01 -6.257300535E-02 +4.014453580E-02 -1.801164963E-01 +1.622810588E-01
2.83000000000E+09 -1.045442239E-01 +7.035516520E-02 -4.798771765E-02 +7.166075767E-02 -1.727069841E-01 +1.723292695E-01
2.84000000000E+09 +8.931554689E-02 +8.951099919E-02 +4.054027542E-02 +8.022656875E-02 -1.623469827E-01 +1.653697083E-01
2.85000000000E+09 +7.000483228E-02 -1.037901187E-01 +1.001716299E-01 -1.415618647E-02 -1.673207692E-01 +1.647353858E-01
2.86000000000E+09 -1.134157332E-01 -4.968776173E-02 +5.208200741E-02 -9.502427111E-02 -1.623476670E-01 +1.751672614E-01
2.87000000000E+09 -2.841038642E-02 +1.203064438E-01 +6.113387311E-03 -9.511411050E-02 -1.507509183E-01 +1.691960375E-01
2.88000000000E+09 +1.230146136E-01 +5.890573510E-03 +1.973267070E-03 -1.131673699E-01 -1.578582784E-01 +1.584131296E-01
2.89000000000E+09 -1.631025970E-02 -1.212991830E-01 -5.966833703E-02 -1.507595915E-01 -1.687766689E-01 +1.617227376E-01
2.90000000000E+09 -1.168445813E-01 +3.750709165E-02 -1.486553549E-01 -9.529421479E-02 -1.655292176E-01 +1.671514812E-01
2.91000000000E+09 +5.851164240E-02 +1.080552936E-01 -1.377655956E-01 +9.389303560E-03 -1.678955975E-01 +1.699859309E-01
2.92000000000E+09 +9.483508372E-02 -7.720766580E-02 -7.249206564E-02 +3.659176349E-02 -1.729443268E-01 +1.881070149E-01
2.93000000000E+09 -9.291558167E-02 -8.005605985E-02 -5.720245007E-02 +3.605606663E-02 -1.498700347E-01 +2.018956592E-01
2.94000000000E+09 -6.195914801E-02 +1.077655051E-01 -2.467434337E-02 +7.992551494E-02 -1.208832531E-01 +1.798534352E-01
2.95000000000E+09 +1.182269197E-01 +3.875106577E-02 +7.283693913E-02 +7.102146393E-02 -1.300806053E-01 +1.440128314E-01
2.96000000000E+09 +1.417259700E-02 -1.212308695E-01 +1.105515139E-01 -2.666843782E-02 -1.677290791E-01 +1.385283830E-01
2.97000000000E+09 -1.184729559E-01 +7.872891905E-03 +5.898163210E-02 -8.125500868E-02 -1.961319126E-01 +1.674213286E-01
2.98000000000E+09 +2.627453510E-02 +1.134920842E-01 +3.660505924E-02 -7.520052673E-02 -1.924937672E-01 +2.148462041E-01
2.99000000000E+09 +1.088139804E-01 -4.353449536E-02 +3.725978920E-02 -1.086973580E-01 -1.446608953E-01 +2.444691246E-01
3.00000000000E+09 -5.746458641E-02 -1.072335198E-01 -2.439360220E-02 -1.479155451E-01 -7.992472518E-02 +2.119449688E-01
3.01000000000E+09 -9.585387782E-02 +8.086422748E-02 -1.086518545E-01 -9.197732122E-02 -7.973694593E-02 +1.328379361E-01
3.02000000000E+09 +9.856024087E-02 +7.371287672E-02 -9.659645472E-02 -6.700460090E-03 -1.606105635E-01 +1.030148715E-01
3.03000000000E+09 +5.098810519E-02 -1.056902687E-01 -6.355277003E-02 +9.779784116E-03 -2.233577104E-01 +1.590637409E-01
3.04000000000E+09 -1.084868878E-01 -3.287857429E-02 -7.269114826E-02 +3.792484180E-02 -2.069122664E-01 +2.373007535E-01
3.05000000000E+09 -1.679160144E-02 +1.122876576E-01 -3.084719502E-02 +1.080342190E-01 -1.318940911E-01 +2.741306541E-01
3.06000000000E+09 +1.177614325E-01 -2.610748510E-03 +7.721519137E-02 +1.070621893E-01 -5.219234107E-02 +2.330187791E-01
3.07000000000E+09 -2.929234736E-02 -1.185506779E-01 +1.236812769E-01 +1.903041800E-02 -4.691867080E-02 +1.324197825E-01
3.08000000000E+09 -1.071321005E-01 +5.638232067E-02 +9.586797308E-02 -3.048645093E-02 -1.456526023E-01 +8.086320311E-02
3.09000000000E+09 +7.337723779E-02 +8.866422008E-02 +9.683511568E-02 -5.253178259E-02 -2.337924365E-01 +1.483520652E-01
3.10000000000E+09 +7.444452370E-02 -8.351526470E-02 +7.736182389E-02 -1.227567284E-01 -2.119928129E-01 +2.490168174E-01
3.11000000000E+09 -9.562891328E-02 -6.263270926E-02 -2.982385829E-02 -1.567509691E-01 -1.210630628E-01 +2.827635819E-01
3.12000000000E+09 -4.555125196E-02 +1.098523061E-01 -1.197522056E-01 -7.537982663E-02 -5.203476229E-02 +2.331295744E-01
3.13000000000E+09 +1.202768719E-01 +2.065434893E-02 -1.043511294E-01 +1.433294615E-02 -5.800570308E-02 +1.490515937E-01
3.14000000000E+09 -7.079500572E-03 -1.197514331E-01 -8.158325311E-02 +4.124054558E-02 -1.321471137E-01 +1.069635915E-01
3.15000000000E+09 -1.100663620E-01 +2.846137224E-02 -7.833290009E-02 +9.571512245E-02 -2.046381295E-01 +1.571410693E-01
3.16000000000E+09 +4.185286179E-02 +1.010712835E-01 -1.734069548E-03 +1.583233328E-01 -1.920755868E-01 +2.489540151E-01
3.17000000000E+09 +9.644177740E-02 -5.507400529E-02 +1.069223360E-01 +1.231939811E-01 -1.057064124E-01 +2.791795365E-01
3.18000000000E+09 -7.459987763E-02 -9.043767912E-02 +1.289164203E-01 +2.755435651E-02 -4.632730970E-02 +2.178953472E-01
3.19000000000E+09 -7.428089864E-02 +9.536218541E-02 +9.405264506E-02 -1.227458665E-02 -7.654813633E-02 +1.470269532E-01
3.20000000000E+09 +1.084336544E-01 +5.143935468E-02 +9.407394866E-02 -3.814208663E-02 -1.352499832E-01 +1.422362518E-01
3.21000000000E+09 +2.847735888E-02 -1.139556876E-01 +5.585612026E-02 -1.077813569E-01 -1.639370180E-01 +1.812398362E-01
3.22000000000E+09 -1.141398856E-01 -7.503742586E-03 -5.642598164E-02 -1.137202746E-01 -1.571506655E-01 +2.298758138E-01
3.23000000000E+09 +1.128442370E-02 +1.129237266E-01 -1.163819077E-01 -2.439825439E-02 -1.108305195E-01 +2.534280019E-01
3.24000000000E+09 +1.110508667E-01 -3.137358513E-02 -9.196938822E-02 +3.841435450E-02 -6.344237066E-02 +2.163130999E-01
3.25000000000E+09 -5.362620942E-02 -1.031982981E-01 -8.763851349E-02 +5.584970485E-02 -8.337365360E-02 +1.577613995E-01
3.26000000000E+09 -8.846761824E-02 +7.130007037E-02 -8.908283803E-02 +1.191541385E-01 -1.419842580E-01 +1.662870665E-01
3.27000000000E+09 +8.248222393E-02 +7.392651161E-02 -6.926292904E-03 +1.765792091E-01 -1.484312014E-01 +2.201022224E-01
3.28000000000E+09 +6.083899264E-02 -9.382089237E-02 +8.877816925E-02 +1.320624980E-01 -1.103787304E-01 +2.420741248E-01
3.29000000000E+09 -1.058319518E-01 -4.425032643E-02 +9.748816611E-02 +5.335399271E-02 -8.315297353E-02 +2.237678346E-01
3.30000000000E+09 -2.295810078E-02 +1.150863571E-01 +8.251429906E-02 +2.705087518E-02 -7.544600595E-02 +1.969771745E-01
3.31000000000E+09 +1.187055766E-01 -1.956216548E-03 +9.724134890E-02 -1.999736456E-02 -9.063942328E-02 +1.722976327E-01
3.32000000000E+09 -2.697448659E-02 -1.130973467E-01 +4.184827677E-02 -1.053149380E-01 -1.342595983E-01 +1.776157008E-01
3.33000000000E+09 -1.015638363E-01 +4.572495860E-02 -7.895828409E-02 -1.016285153E-01 -1.494641128E-01 +2.319326676E-01
3.34000000000E+09 +5.943853137E-02 +9.151411307E-02 -1.318064848E-01 -1.725366816E-02 -9.551801299E-02 +2.677453293E-01
3.35000000000E+09 +8.220550652E-02 -7.459931301E-02 -1.217296495E-01 +3.359112610E-02 -3.900966550E-02 +2.276533576E-01
3.36000000000E+09 -9.088087976E-02 -6.705330900E-02 -1.354578801E-01 +6.738706110E-02 -5.657974748E-02 +1.643945697E-01
3.37000000000E+09 -4.757604975E-02 +1.013492319E-01 -1.225787237E-01 +1.515905021E-01 -1.130714312E-01 +1.587565714E-01
3.38000000000E+09 +1.065141484E-01 +2.791406942E-02 -1.890229757E-02 +1.989775588E-01 -1.453895249E-01 +2.007634104E-01
3.39000000000E+09 +9.283798677E-03 -1.085670051E-01 +7.154767934E-02 +1.371125311E-01 -1.375668580E-01 +2.494318023E-01
3.40000000000E+09 -1.094124249E-01 +8.582703859E-03 +7.437824069E-02 +6.252005732E-02 -8.263071264E-02 +2.784687341E-01
3.41000000000E+09 +2.871069613E-02 +1.101010845E-01 +7.029995659E-02 +3.055876549E-02 -1.356847463E-02 +2.443303493E-01
3.42000000000E+09 +1.045339786E-01 -5.395183885E-02 +7.672982164E-02 -3.739438273E-02 -1.954407477E-02 +1.534590340E-01
3.43000000000E+09 -7.595412697E-02 -8.625489162E-02 -3.824801965E-03 -1.168738688E-01 -1.176347662E-01 +1.273689974E-01
3.44000000000E+09 -6.527306958E-02 +8.527620427E-02 -1.189417651E-01 -9.052384568E-02 -1.739224808E-01 +2.089283585E-01
3.45000000000E+09 +8.956372075E-02 +5.087672438E-02 -1.532555818E-01 -1.203305633E-02 -1.262812795E-01 +2.878867044E-01
3.46000000000E+09 +3.870277517E-02 -9.636038751E-02 -1.484680785E-01 +2.614663056E-02 -4.110007685E-02 +2.907170135E-01
3.47000000000E+09 -1.061067617E-01 -2.360583923E-02 -1.675457674E-01 +6.738717326E-02 +1.148885424E-02 +2.240355394E-01
3.48000000000E+09 -1.258360939E-03 +1.130630509E-01 -1.408621160E-01 +1.540986570E-01 -1.809244106E-02 +1.417778150E-01
3.49000000000E+09 +1.101894246E-01 -2.508504244E-02 -3.133971120E-02 +1.820028312E-01 -1.176312665E-01 +1.237189575E-01
3.50000000000E+09 -4.517497789E-02 -9.817003314E-02 +3.909404667E-02 +1.130860275E-01 -1.778454717E-01 +2.099402200E-01
3.51000000000E+09 -8.716135588E-02 +5.779294875E-02 +3.996049659E-02 +5.714403913E-02 -1.199967151E-01 +3.096788668E-01
3.52000000000E+09 +7.100839442E-02 +7.979753570E-02 +5.438834956E-02 +2.270327862E-02 -5.211761452E-03 +3.032523457E-01
3.53000000000E+09 +6.770277570E-02 -8.940239670E-02 +5.721898689E-02 -6.136994400E-02 +3.675637755E-02 +1.945759494E-01
3.54000000000E+09 -1.038473920E-01 -4.498262376E-02 -3.366902805E-02 -1.341960554E-01 -4.287410976E-02 +1.143113836E-01
3.55000000000E+09 -2.014464694E-02 +1.064764224E-01 -1.362644048E-01 -9.972512050E-02 -1.418428600E-01 +1.513265998E-01
3.56000000000E+09 +1.022036974E-01 +1.680743458E-03 -1.609099817E-01 -3.743244256E-02 -1.551083263E-01 +2.493865429E-01
3.57000000000E+09 -1.156154205E-02 -9.979893277E-02 -1.724137025E-01 -8.981108185E-03 -7.816185758E-02 +3.130823714E-01
3.58000000000E+09 -1.010045724E-01 +2.591627109E-02 -1.980890629E-01 +4.912465325E-02 +2.217756842E-02 +2.834465491E-01
3.59000000000E+09 +4.802897795E-02 +1.000895513E-01 -1.528960531E-01 +1.414957722E-01 +3.905202892E-02 +1.695244177E-01
3.60000000000E+09 +8.682604470E-02 -7.287354045E-02 -3.777400775E-02 +1.524120883E-01 -6.352930511E-02 +1.020932538E-01
3.61000000000E+09 -8.675271311E-02 -6.452870926E-02 +1.951279653E-02 +8.357890283E-02 -1.571376875E-01 +1.802590200E-01
3.62000000000E+09 -4.692768158E-02 +9.123426474E-02 +2.823915597E-02 +4.044438347E-02 -1.259092808E-01 +2.927507147E-01
3.63000000000E+09 +9.647778227E-02 +3.376777774E-02 +5.678903904E-02 -4.941994340E-03 -1.748490111E-02 +3.132708188E-01
3.64000000000E+09 +1.790552105E-02 -1.049521285E-01 +4.807121585E-02 -9.990079088E-02 +5.674015542E-02 +2.287475620E-01
3.65000000000E+09 -1.101317605E-01 +5.746389076E-03 -4.891015988E-02 -1.575569222E-01 +1.294824524E-02 +1.188828858E-01
3.66000000000E+09 +3.121031458E-02 +1.034941334E-01 -1.322549623E-01 -1.174327115E-01 -1.076941517E-01 +1.088424996E-01
3.67000000000E+09 +8.943966791E-02 -4.826019573E-02 -1.499257716E-01 -7.450662628E-02 -1.692120192E-01 +2.154391498E-01
3.68000000000E+09 -5.761992891E-02 -7.847233872E-02 -1.785999125E-01 -5.008283485E-02 -1.061476960E-01 +3.236355346E-01
3.69000000000E+09 -7.173668402E-02 +6.787182037E-02 -2.041053326E-01 +2.531380730E-02 +1.569984327E-02 +3.249572638E-01
3.70000000000E+09 +8.436945546E-02 +6.284858474E-02 -1.420774239E-01 +1.157847066E-01 +8.155222952E-02 +2.091447225E-01
3.71000000000E+09 +4.277772507E-02 -1.009141876E-01 -3.269831845E-02 +1.146819773E-01 +1.145799218E-02 +9.867501277E-02
3.72000000000E+09 -1.058743154E-01 -1.620952358E-02 +1.503231133E-02 +6.000569142E-02 -1.191629089E-01 +1.199056516E-01
3.73000000000E+09 +4.509181918E-03 +1.002482580E-01 +4.381343569E-02 +3.014810530E-02 -1.586676370E-01 +2.368293768E-01
3.74000000000E+09 +9.479320515E-02 -1.779818333E-02 +8.928294959E-02 -3.303344899E-02 -7.902152709E-02 +3.271715606E-01
3.75000000000E+09 -3.058653605E-02 -9.325707086E-02 +6.879074783E-02 -1.417778174E-01 +3.715541608E-02 +3.099957222E-01
3.76000000000E+09 -9.139314876E-02 +4.888614058E-02 -3.493346509E-02 -1.919001695E-01 +8.608156711E-02 +1.971884612E-01
3.77000000000E+09 +7.112817206E-02 +8.041900588E-02 -1.127679823E-01 -1.519555354E-01 +1.161691694E-02 +9.894233249E-02
3.78000000000E+09 +5.990385607E-02 -8.662309067E-02 -1.386878404E-01 -1.155607798E-01 -1.079037535E-01 +1.255118734E-01
3.79000000000E+09 -9.098398816E-02 -3.976370221E-02 -1.811123648E-01 -7.508474676E-02 -1.425461758E-01 +2.376962606E-01
3.80000000000E+09 -2.516668504E-02 +9.244070538E-02 -1.898952722E-01 +2.337704057E-02 -6.817666946E-02 +3.144752673E-01
3.81000000000E+09 +9.626900862E-02 +1.251060273E-02 -1.039886636E-01 +1.036925475E-01 +4.272097831E-02 +2.971746434E-01
3.82000000000E+09 -4.645673197E-03 -1.020109167E-01 -8.319056684E-05 +8.774726188E-02 +8.531956403E-02 +1.953430985E-01
3.83000000000E+09 -1.018628062E-01 +2.812023300E-02 +4.257374209E-02 +3.876158658E-02 +1.311651600E-02 +1.048079735E-01
3.84000000000E+09 +4.996084432E-02 +9.115617385E-02 +7.995530161E-02 +8.672997796E-03 -9.615726362E-02 +1.272405559E-01
3.85000000000E+09 +7.623179768E-02 -6.358626309E-02 +1.201911957E-01 -6.776025483E-02 -1.277464905E-01 +2.277991169E-01
3.86000000000E+09 -7.225682463E-02 -6.375369528E-02 +7.811436564E-02 -1.674663439E-01 -6.393090229E-02 +2.998982002E-01
3.87000000000E+09 -5.309913418E-02 +8.162026630E-02 -1.980798444E-02 -1.888739335E-01 +3.289204213E-02 +2.891733612E-01
3.88000000000E+09 +9.367834812E-02 +3.931874702E-02 -7.260174072E-02 -1.469511843E-01 +7.714825952E-02 +2.044106834E-01
3.89000000000E+09 +1.859513324E-02 -1.030571806E-01 -9.425868367E-02 -1.238037525E-01 +1.811913248E-02 +1.200505791E-01
3.90000000000E+09 -1.025737095E-01 +5.853296565E-03 -1.412412528E-01 -8.178216816E-02 -8.645670438E-02 +1.313075913E-01
3.91000000000E+09 +2.426692862E-02 +9.433015472E-02 -1.404579177E-01 +1.734525192E-02 -1.139803016E-01 +2.320660534E-01
3.92000000000E+09 +8.680364148E-02 -3.663398516E-02 -5.696108772E-02 +7.903871207E-02 -4.358483324E-02 +3.043041051E-01
3.93000000000E+09 -4.920171112E-02 -8.219012013E-02 +1.890446799E-02 +6.348843950E-02 +4.913649928E-02 +2.798993400E-01
3.94000000000E+09 -7.581067574E-02 +6.581493181E-02 +5.197903423E-02 +4.412518812E-02 +7.823848352E-02 +1.875740889E-01
3.95000000000E+09 +8.352924949E-02 +6.153650017E-02 +1.066585471E-01 +3.167208631E-02 +1.000920514E-02 +1.196072422E-01
3.96000000000E+09 +4.036109282E-02 -9.422225411E-02 +1.587130234E-01 -4.671958405E-02 -8.200591011E-02 +1.455066281E-01
3.97000000000E+09 -9.614274498E-02 -2.013898840E-02 +1.196314999E-01 -1.420720954E-01 -9.612652485E-02 +2.420899888E-01
3.98000000000E+09 -4.525891473E-03 +9.558536222E-02 +3.993687742E-02 -1.620779543E-01 -1.645507831E-02 +3.039815669E-01
3.99000000000E+09 +9.726211328E-02 -1.009119807E-02 -4.244690674E-03 -1.458018092E-01 +7.679323089E-02 +2.597761779E-01
4.00000000000E+09 -3.028220045E-02 -9.732923829E-02 -5.190881804E-02 -1.398095610E-01 +7.640145818E-02 +1.440457635E-01
4.01000000000E+09 -8.818424361E-02 +5.275817278E-02 -1.217792785E-01 -8.118487800E-02 -2.994616559E-02 +9.935367678E-02
4.02000000000E+09 +6.746333037E-02 +7.117126053E-02 -1.184401692E-01 +3.363346529E-02 -1.120908775E-01 +1.832195376E-01
4.03000000000E+09 +5.618848275E-02 -7.418307708E-02 -3.784315429E-02 +9.676879340E-02 -7.628879986E-02 +2.886955948E-01
4.04000000000E+09 -8.024148059E-02 -4.580451531E-02 +2.878238042E-02 +9.830650264E-02 +3.245917838E-02 +3.105308265E-01
4.05000000000E+09 -3.482847731E-02 +8.996432249E-02 +7.850937748E-02 +1.008333636E-01 +1.094469546E-01 +2.268553239E-01
4.06000000000E+09 +1.006309292E-01 +1.650408754E-02 +1.585194467E-01 +7.918602356E-02 +7.023179388E-02 +1.063787960E-01
4.07000000000E+09 -8.831945755E-03 -1.022498793E-01 +2.063754496E-01 -2.109305133E-02 -6.136188759E-02 +9.263385345E-02
4.08000000000E+09 -9.246334251E-02 +2.972769954E-02 +1.530303165E-01 -1.149529192E-01 -1.279688236E-01 +2.156714397E-01
4.09000000000E+09 +4.163688349E-02 +8.239194336E-02 +7.684136629E-02 -1.331507222E-01 -5.009073392E-02 +3.263302448E-01
4.10000000000E+09 +7.622905437E-02 -5.211584136E-02 +2.597386329E-02 -1.308926095E-01 +8.346415291E-02 +3.064973326E-01
4.11000000000E+09 -6.772302120E-02 -6.985412710E-02 -4.588849621E-02 -1.223678380E-01 +1.341006041E-01 +1.759712654E-01
4.12000000000E+09 -5.447059428E-02 +8.497848750E-02 -1.219744596E-01 -4.258433328E-02 +3.600701693E-02 +7.316988678E-02
4.13000000000E+09 +9.304365001E-02 +3.141921274E-02 -1.080012040E-01 +7.708969364E-02 -9.783624947E-02 +1.207030052E-01
4.14000000000E+09 +1.226369594E-02 -9.157861422E-02 -3.254502708E-02 +1.337134549E-01 -1.112162539E-01 +2.573639644E-01
4.15000000000E+09 -8.931020901E-02 +2.172461650E-04 +2.479439448E-02 +1.465277132E-01 -2.486630956E-03 +3.336681990E-01
4.16000000000E+09 +1.228944703E-02 +9.101686384E-02 +8.712751586E-02 +1.589651667E-01 +1.200637779E-01 +2.743220389E-01
4.17000000000E+09 +9.335891532E-02 -3.100805169E-02 +1.762871939E-01 +1.217711130E-01 +1.305248165E-01 +1.287568637E-01
4.18000000000E+09 -5.516032745E-02 -8.524422325E-02 +2.078631114E-01 +9.823837474E-03 -5.745832803E-03 +6.174206285E-02
4.19000000000E+09 -6.653332809E-02 +7.169661945E-02 +1.438453599E-01 -7.328773946E-02 -1.226351286E-01 +1.645742967E-01
4.20000000000E+09 +7.714389337E-02 +4.914657503E-02 +7.434552137E-02 -8.992689307E-02 -7.792701825E-02 +3.014723020E-01
4.21000000000E+09 +3.758086411E-02 -8.138423712E-02 +1.571093018E-02 -9.844201983E-02 +6.216993597E-02 +3.241133943E-01
4.22000000000E+09 -8.954480958E-02 -2.585064852E-02 -7.250877727E-02 -8.055306290E-02 +1.499580410E-01 +2.160632333E-01
4.23000000000E+09 -6.941207210E-03 +9.743478649E-02 -1.404335111E-01 +1.554424679E-02 +9.509656958E-02 +8.356914020E-02
4.24000000000E+09 +9.616460805E-02 -1.712068673E-02 -1.122816999E-01 +1.259296017E-01 -4.957910783E-02 +7.741535364E-02
4.25000000000E+09 -3.547672174E-02 -8.577373819E-02 -4.524535360E-02 +1.692741265E-01 -1.165641926E-01 +2.019841170E-01
4.26000000000E+09 -7.512194527E-02 +4.587438854E-02 +4.910376616E-03 +1.872360827E-01 -4.080613094E-02 +3.108657190E-01
4.27000000000E+09 +5.550489648E-02 +6.884763817E-02 +7.642722366E-02 +1.962451440E-01 +9.374973506E-02 +2.975916560E-01
4.28000000000E+09 +6.209292339E-02 -6.950772600E-02 +1.590499538E-01 +1.385566069E-01 +1.491290985E-01 +1.741297828E-01
4.29000000000E+09 -8.615813168E-02 -4.684129969E-02 +1.654637920E-01 +2.715424735E-02 +5.218858521E-02 +6.890518182E-02
4.30000000000E+09 -2.364282137E-02 +9.377568425E-02 +9.819590807E-02 -3.668198446E-02 -8.158614037E-02 +1.126178462E-01
4.31000000000E+09 +9.135644284E-02 +3.649210220E-03 +4.101575335E-02 -5.333174205E-02 -9.015539320E-02 +2.436770619E-01
4.32000000000E+09 -1.025327573E-02 -8.752532269E-02 -2.195781658E-02 -7.040560240E-02 +1.154878276E-02 +3.090950064E-01
4.33000000000E+09 -8.579135416E-02 +2.324677480E-02 -1.139451791E-01 -4.317623671E-02 +1.144770483E-01 +2.555651488E-01
4.34000000000E+09 +3.987660563E-02 +8.302659170E-02 -1.625001438E-01 +5.388104827E-02 +1.239240217E-01 +1.425329404E-01
4.35000000000E+09 +7.356019715E-02 -5.857594403E-02 -1.262435218E-01 +1.376356342E-01 +2.431935312E-02 +7.887904358E-02
4.36000000000E+09 -7.143858472E-02 -5.707851204E-02 -7.829083788E-02 +1.637798872E-01 -7.908679457E-02 +1.358500750E-01
4.37000000000E+09 -4.066505994E-02 +7.678719669E-02 -4.083665729E-02 +1.861983542E-01 -7.042253967E-02 +2.513754060E-01
4.38000000000E+09 +7.960769952E-02 +2.869632394E-02 +3.065311723E-02 +1.922257698E-01 +3.263763801E-02 +3.018681042E-01
4.39000000000E+09 +1.711626585E-02 -8.514148913E-02 +9.867637066E-02 +1.279159544E-01 +1.206843988E-01 +2.393341833E-01
4.40000000000E+09 -9.103688542E-02 -7.480234180E-04 +9.072485553E-02 +3.447524578E-02 +1.089473743E-01 +1.297845325E-01
4.41000000000E+09 +2.048707522E-02 +9.064797122E-02 +3.930569602E-02 -9.740257564E-03 +1.517168997E-02 +9.259954818E-02
4.42000000000E+09 +8.187477329E-02 -3.963191913E-02 +4.066496557E-03 -3.354383379E-02 -5.902585150E-02 +1.526949988E-01
4.43000000000E+09 -5.244919729E-02 -6.954339230E-02 -5.471647689E-02 -6.331331378E-02 -4.920767769E-02 +2.387616510E-01
4.44000000000E+09 -5.820829346E-02 +6.111768737E-02 -1.385884504E-01 -3.828753191E-02 +2.814734062E-02 +2.810648025E-01
4.45000000000E+09 +6.938517438E-02 +4.817861047E-02 -1.696040714E-01 +3.945016554E-02 +1.059090920E-01 +2.425569782E-01
4.46000000000E+09 +3.653259493E-02 -7.879282613E-02 -1.409205273E-01 +9.032939947E-02 +1.142707663E-01 +1.449319053E-01
4.47000000000E+09 -8.626901210E-02 -1.943558363E-02 -1.190412119E-01 +1.056172275E-01 +3.476767901E-02 +9.068019707E-02
4.48000000000E+09 -6.938841481E-04 +8.700283485E-02 -9.573376271E-02 +1.349773706E-01 -4.610133023E-02 +1.404652074E-01
4.49000000000E+09 +8.283798301E-02 -1.508927969E-02 -3.078390241E-02 +1.431149625E-01 -4.556210419E-02 +2.279494949E-01
4.50000000000E+09 -2.765310207E-02 -7.796926831E-02 +2.162105956E-02 +8.824537016E-02 +2.234784897E-02 +2.660223154E-01
4.51000000000E+09 -7.341576347E-02 +4.009097814E-02 +1.515288312E-02 +2.630359481E-02 +9.354784019E-02 +2.378293444E-01
4.52000000000E+09 +5.422036914E-02 +6.712774908E-02 -1.766943783E-03 -1.115221343E-03 +1.109252981E-01 +1.610855197E-01
4.53000000000E+09 +5.559568618E-02 -6.888281325E-02 -5.492502110E-03 -3.984894525E-02 +4.923913227E-02 +9.826342616E-02
4.54000000000E+09 -7.883876514E-02 -3.811805344E-02 -5.159738712E-02 -9.078950456E-02 -3.875593054E-02 +1.298098118E-01
4.55000000000E+09 -2.064470447E-02 +8.118334491E-02 -1.252632956E-01 -8.500981323E-02 -4.918387135E-02 +2.280746031E-01
4.56000000000E+09 +8.070076082E-02 +7.459738787E-03 -1.554748738E-01 -4.014918161E-02 +3.357915093E-02 +2.742944731E-01
4.57000000000E+09 -4.812180832E-03 -8.124956568E-02 -1.572460829E-01 -1.443991059E-02 +1.166983435E-01 +2.237973884E-01
4.58000000000E+09 -8.169966071E-02 +1.954073408E-02 -1.703845737E-01 +1.312351318E-02 +1.134445555E-01 +1.306215881E-01
4.59000000000E+09 +3.692794977E-02 +7.735683319E-02 -1.549481089E-01 +7.068309525E-02 +2.520403830E-02 +8.666040945E-02
4.60000000000E+09 +6.703132361E-02 -5.186025943E-02 -8.314301302E-02 +9.793054904E-02 -5.690765806E-02 +1.384958676E-01
4.61000000000E+09 -6.157594860E-02 -5.432932748E-02 -2.140469011E-02 +6.314703497E-02 -4.724271284E-02 +2.403299976E-01
4.62000000000E+09 -4.350195630E-02 +6.821936177E-02 +2.795591400E-03 +2.127882466E-02 +4.655003450E-02 +2.842823650E-01
4.63000000000E+09 +7.619490598E-02 +3.326428043E-02 +2.931636773E-02 -1.831414103E-02 +1.343638767E-01 +2.151057285E-01
4.64000000000E+09 +1.816733779E-02 -8.517716479E-02 +4.072201689E-02 -9.504495615E-02 +1.085168831E-01 +1.013175505E-01
4.65000000000E+09 -8.789858380E-02 +2.767590736E-03 -1.897757727E-02 -1.690800728E-01 -1.505642153E-02 +8.460044249E-02
4.66000000000E+09 +2.108996445E-02 +8.171385513E-02 -1.032201434E-01 -1.688928791E-01 -7.448793475E-02 +1.863397191E-01
4.67000000000E+09 +7.294843508E-02 -3.291101322E-02 -1.454640440E-01 -1.314638616E-01 -6.151486068E-03 +2.798856571E-01
4.68000000000E+09 -4.235452973E-02 -6.706863691E-02 -1.712196541E-01 -9.769391782E-02 +1.054283927E-01 +2.690936811E-01
4.69000000000E+09 -6.167537426E-02 +5.401961661E-02 -1.916854434E-01 -3.716968478E-02 +1.505450839E-01 +1.636670531E-01
4.70000000000E+09 +6.835663915E-02 +5.192030966E-02 -1.533272109E-01 +4.566918232E-02 +7.337610327E-02 +6.112371061E-02
4.71000000000E+09 +3.474552572E-02 -7.887186265E-02 -5.715016122E-02 +7.360545918E-02 -5.849551548E-02 +9.244484955E-02
4.72000000000E+09 -8.105172929E-02 -1.687137439E-02 +1.686815863E-02 +3.761237539E-02 -8.534366743E-02 +2.329614204E-01
4.73000000000E+09 -3.888021039E-03 +7.985606123E-02 +5.989167668E-02 -5.082970878E-03 +3.040587574E-02 +3.141402918E-01
4.74000000000E+09 +8.081378135E-02 -7.729448649E-03 +1.008265998E-01 -6.366413960E-02 +1.592408513E-01 +2.499693015E-01
4.75000000000E+09 -2.356302431E-02 -8.195024812E-02 +1.003902277E-01 -1.578543235E-01 +1.575564240E-01 +1.035636552E-01
4.76000000000E+09 -7.634750511E-02 +4.312950934E-02 +2.577292505E-02 -2.229451742E-01 +2.002769142E-02 +3.421341332E-02
4.77000000000E+09 +5.753872300E-02 +6.199691173E-02 -5.343823020E-02 -2.107605412E-01 -9.588078164E-02 +1.280468063E-01
4.78000000000E+09 +4.758584791E-02 -6.413897223E-02 -9.329713873E-02 -1.744170956E-01 -6.735280936E-02 +2.717932348E-01
4.79000000000E+09 -6.806103105E-02 -3.747604423E-02 -1.267471552E-01 -1.314396810E-01 +6.455672041E-02 +3.170525569E-01
4.80000000000E+09 -2.895711213E-02 +7.487309256E-02 -1.384434937E-01 -5.109212205E-02 +1.714054464E-01 +2.212121726E-01
4.81000000000E+09 +8.405225794E-02 +1.493260453E-02 -7.726770996E-02 +3.441772721E-02 +1.374691485E-01 +7.839911414E-02
4.82000000000E+09 -6.134738881E-03 -8.737877498E-02 +2.541299851E-02 +4.741404848E-02 -1.092280734E-02 +5.321679623E-02
4.83000000000E+09 -8.065099199E-02 +2.526655250E-02 +9.079189348E-02 +8.474088909E-03 -8.796301224E-02 +1.720575307E-01
4.84000000000E+09 +3.750881948E-02 +7.117958559E-02 +1.333931792E-01 -3.102493162E-02 -1.747370670E-02 +2.865175230E-01
4.85000000000E+09 +6.397228524E-02 -4.686538286E-02 +1.682702553E-01 -9.590435323E-02 +1.047584229E-01 +2.820673985E-01
4.86000000000E+09 -5.847370769E-02 -5.731357340E-02 +1.460031995E-01 -1.823027918E-01 +1.590085183E-01 +1.698978878E-01
4.87000000000E+09 -4.593538296E-02 +7.120639410E-02 +6.524519905E-02 -2.174482180E-01 +9.185012177E-02 +6.770802475E-02
4.88000000000E+09 +8.008372526E-02 +2.819005548E-02 +3.671849351E-03 -1.860600974E-01 -3.006980760E-02 +8.754119322E-02
4.89000000000E+09 +1.056454391E-02 -8.125203314E-02 -2.225894443E-02 -1.485952206E-01 -6.701223516E-02 +2.017164905E-01
4.90000000000E+09 -7.942031290E-02 +3.289161406E-03 -4.798593862E-02 -1.021836289E-01 +1.123291191E-02 +2.749301074E-01
4.91000000000E+09 +1.589453315E-02 +7.827816894E-02 -4.098471668E-02 -2.363998280E-02 +1.061067776E-01 +2.462010597E-01
4.92000000000E+09 +7.623720448E-02 -3.090775464E-02 +2.989952100E-02 +3.111624485E-02 +1.211064511E-01 +1.598473814E-01
4.93000000000E+09 -4.706704059E-02 -6.919457386E-02 +1.017637579E-01 +1.571314849E-02 +6.116748710E-02 +1.092173874E-01
4.94000000000E+09 -5.644489441E-02 +6.015407511E-02 +1.257332151E-01 -1.508333418E-02 +5.618055445E-05 +1.395325930E-01
4.95000000000E+09 +6.802160686E-02 +4.233162919E-02 +1.443456314E-01 -2.962868369E-02 -4.205202112E-03 +2.033722956E-01
4.96000000000E+09 +2.918872404E-02 -7.276955093E-02 +1.623948774E-01 -6.589512555E-02 +4.441347165E-02 +2.297767460E-01
4.97000000000E+09 -7.668723508E-02 -1.669344357E-02 +1.356194548E-01 -1.075683745E-01 +9.266644458E-02 +1.974238879E-01
4.98000000000E+09 -1.891283030E-03 +7.937978835E-02 +8.843621234E-02 -1.002494252E-01 +8.513484902E-02 +1.500383802E-01
4.99000000000E+09 +7.832563500E-02 -1.424818223E-02 +7.880383900E-02 -6.837618973E-02 +4.073669159E-02 +1.392264971E-01
5.00000000000E+09 -2.915760750E-02 -7.305517935E-02 +8.173827968E-02 -6.183832221E-02 +2.017684551E-02 +1.613785341E-01
5.01000000000E+09 -6.510864516E-02 +4.163354417E-02 +6.212869932E-02 -5.028404847E-02 +2.954932369E-02 +1.875126741E-01
5.02000000000E+09 +5.219871141E-02 +5.571966468E-02 +5.883246567E-02 -1.207676271E-02 +4.687382629E-02 +1.956696901E-01
5.03000000000E+09 +4.522872364E-02 -6.093846135E-02 +8.458825188E-02 +6.705448367E-03 +6.746762643E-02 +1.824806248E-01
5.04000000000E+09 -6.804284942E-02 -3.331586519E-02 +9.042371660E-02 +2.292801687E-04 +7.229874190E-02 +1.557097402E-01
5.05000000000E+09 -1.951055687E-02 +7.311915468E-02 +7.844177338E-02 +1.738226767E-02 +4.333983613E-02 +1.395191091E-01
5.06000000000E+09 +7.461274674E-02 +4.796520198E-03 +9.679981243E-02 +4.689389466E-02 +1.121129190E-02 +1.531061529E-01
5.07000000000E+09 -8.737074438E-03 -7.269717937E-02 +1.265085813E-01 +4.306233690E-02 +1.159418274E-02 +1.844606948E-01
5.08000000000E+09 -6.870804928E-02 +2.101567718E-02 +1.282504750E-01 +2.958707823E-02 +3.314284307E-02 +2.082207028E-01
5.09000000000E+09 +3.194552817E-02 +6.361730268E-02 +1.304506372E-01 +3.527944827E-02 +6.230007610E-02 +2.058526383E-01
5.10000000000E+09 +5.763885042E-02 -4.250350893E-02 +1.510365359E-01 +2.368084770E-02 +8.520026877E-02 +1.706502431E-01
5.11000000000E+09 -5.291597531E-02 -4.953716169E-02 +1.432126190E-01 -1.704650112E-02 +6.504155770E-02 +1.265873120E-01
5.12000000000E+09 -3.774019679E-02 +6.205784533E-02 +9.519778812E-02 -3.304497933E-02 +1.208137302E-03 +1.292949557E-01
5.13000000000E+09 +6.680460433E-02 +2.426952102E-02 +5.896732753E-02 -1.297444071E-02 -2.617425191E-02 +1.923293816E-01
5.14000000000E+09 +1.208971659E-02 -6.810708792E-02 +3.731866430E-02 +2.481254219E-03 +2.374940777E-02 +2.469098317E-01
5.15000000000E+09 -6.875092323E-02 -1.013333729E-03 +8.506008662E-04 +2.760658067E-02 +9.241724910E-02 +2.308034561E-01
5.16000000000E+09 +1.093695069E-02 +6.886863818E-02 -1.671258189E-02 +9.127907289E-02 +1.130137524E-01 +1.613273163E-01
5.17000000000E+09 +6.624461229E-02 -2.391173900E-02 +2.290091490E-02 +1.483505901E-01 +6.727784153E-02 +1.058007994E-01
5.18000000000E+09 -3.646549482E-02 -5.933564893E-02 +7.723677616E-02 +1.532846648E-01 -1.178406488E-02 +1.239824691E-01
5.19000000000E+09 -5.005132416E-02 +4.530131022E-02 +1.082260610E-01 +1.371522295E-01 -3.956833415E-02 +2.073340070E-01
5.20000000000E+09 +5.112221734E-02 +4.150310173E-02 +1.397011528E-01 +1.150711267E-01 +2.915941757E-02 +2.691361133E-01
5.21000000000E+09 +3.470055382E-02 -5.726853742E-02 +1.624879617E-01 +5.645160848E-02 +1.245236898E-01 +2.337675049E-01
5.22000000000E+09 -6.539541576E-02 -2.520591956E-02 +1.264255983E-01 -1.982327015E-02 +1.294601338E-01 +1.296153632E-01
5.23000000000E+09 -1.048147561E-02 +7.148451016E-02 +4.356445805E-02 -4.669015412E-02 +3.129133460E-02 +8.203424929E-02
5.24000000000E+09 +7.058456447E-02 -5.644594128E-03 -2.185625791E-02 -2.510744464E-02 -4.689106812E-02 +1.513139789E-01
5.25000000000E+09 -1.803257591E-02 -6.533293037E-02 -7.135575059E-02 +5.244201501E-03 -2.529720356E-02 +2.474338348E-01
5.26000000000E+09 -6.019296209E-02 +2.706349514E-02 -1.162757592E-01 +6.348533805E-02 +6.419707242E-02 +2.732473725E-01
5.27000000000E+09 +3.563781547E-02 +5.630245721E-02 -1.112239083E-01 +1.505793768E-01 +1.392451708E-01 +2.100198610E-01
5.28000000000E+09 +5.084621548E-02 -4.612441668E-02 -4.351652449E-02 +2.031453073E-01 +1.173606007E-01 +1.123842938E-01
5.29000000000E+09 -5.680598114E-02 -4.109058588E-02 +2.583284989E-02 +1.913620673E-01 +6.698100062E-03 +9.106528625E-02
5.30000000000E+09 -2.836321203E-02 +6.278679733E-02 +6.665632757E-02 +1.575904502E-01 -5.389662096E-02 +1.817617864E-01
5.31000000000E+09 +6.566376001E-02 +1.728914190E-02 +1.022836236E-01 +1.085347531E-01 +1.033007875E-02 +2.664175415E-01
5.32000000000E+09 +6.875015471E-03 -6.880122644E-02 +1.071975162E-01 +2.242992364E-02 +1.047407326E-01 +2.432607498E-01
5.33000000000E+09 -7.176638628E-02 +6.718932513E-03 +4.157205122E-02 -5.450276971E-02 +1.152689814E-01 +1.522198079E-01
5.34000000000E+09 +2.316880127E-02 +6.954738527E-02 -4.827663133E-02 -6.262798808E-02 +3.914868893E-02 +1.094796032E-01
5.35000000000E+09 +6.102955921E-02 -3.712585220E-02 -1.034851355E-01 -3.552450791E-02 -3.192495894E-02 +1.615305522E-01
5.36000000000E+09 -4.581356330E-02 -5.056888985E-02 -1.480625508E-01 -6.282330371E-03 -1.977665143E-02 +2.434584367E-01
5.37000000000E+09 -4.219119810E-02 +5.147421624E-02 -1.824887613E-01 +5.421985300E-02 +6.654761754E-02 +2.735995674E-01
5.38000000000E+09 +5.789532433E-02 +3.485205924E-02 -1.598303734E-01 +1.297037727E-01 +1.358156188E-01 +2.101397638E-01
5.39000000000E+09 +2.428834069E-02 -6.621113952E-02 -9.183660214E-02 +1.566929221E-01 +9.344884454E-02 +1.145863154E-01
5.40000000000E+09 -7.074436229E-02 -9.054697507E-03 -4.336191316E-02 +1.361498532E-01 -1.718214240E-02 +1.175977785E-01
5.41000000000E+09 +5.526390806E-03 +6.918879578E-02 -1.196654170E-02 +1.166563188E-01 -4.697894552E-02 +2.241360882E-01
5.42000000000E+09 +6.572371597E-02 -1.655004358E-02 +3.022067452E-02 +7.761959368E-02 +2.993761273E-02 +2.909790124E-01
5.43000000000E+09 -2.732443859E-02 -6.320984575E-02 +3.899079109E-02 -5.090302586E-04 +1.156117054E-01 +2.535114736E-01
5.44000000000E+09 -5.871732371E-02 +4.006333708E-02 -1.217644108E-02 -5.802684915E-02 +1.264664101E-01 +1.692746260E-01
5.45000000000E+09 +5.283419519E-02 +4.913814174E-02 -6.254067903E-02 -6.082051317E-02 +5.491164277E-02 +1.213929439E-01
5.46000000000E+09 +3.511063436E-02 -6.126337234E-02 -8.522501856E-02 -6.071849510E-02 -2.300447740E-02 +1.598042138E-01
5.47000000000E+09 -6.379805234E-02 -2.169060275E-02 -1.236605784E-01 -6.184522563E-02 -1.881035447E-02 +2.501606593E-01
5.48000000000E+09 -1.144718996E-02 +6.419197724E-02 -1.582576550E-01 -2.132409163E-02 +6.036445555E-02 +2.932464139E-01
5.49000000000E+09 +6.604211697E-02 +1.545084354E-03 -1.396583912E-01 +3.028391124E-02 +1.278187345E-01 +2.426200466E-01
5.50000000000E+09 -1.111720646E-02 -6.748319483E-02 -9.748037972E-02 +3.872442349E-02 +1.138832062E-01 +1.610201525E-01
5.51000000000E+09 -6.438111631E-02 +2.583029761E-02 -8.110576289E-02 +3.202077110E-02 +4.586183205E-02 +1.463271593E-01
5.52000000000E+09 +3.809922353E-02 +5.640562047E-02 -5.541178982E-02 +4.465649600E-02 +4.980716951E-03 +1.932256087E-01
5.53000000000E+09 +4.699374749E-02 -4.713380712E-02 -1.257777754E-03 +2.876459139E-02 +2.041508792E-02 +2.404352767E-01
5.54000000000E+09 -5.372909557E-02 -3.721459775E-02 +2.336408991E-02 -2.706297806E-02 +6.257181238E-02 +2.595353195E-01
5.55000000000E+09 -2.708192565E-02 +5.919673936E-02 +9.969281901E-03 -6.424838481E-02 +9.952454013E-02 +2.396966327E-01
5.56000000000E+09 +6.362168983E-02 +1.547136077E-02 +1.048998289E-02 -8.146310750E-02 +1.049228875E-01 +1.981681423E-01
5.57000000000E+09 +2.580669166E-03 -6.538437479E-02 +1.084553257E-02 -1.247065941E-01 +7.995489901E-02 +1.770024181E-01
5.58000000000E+09 -6.349610756E-02 +1.016362035E-02 -3.540778271E-02 -1.631088904E-01 +5.329840981E-02 +1.889627534E-01
5.59000000000E+09 +2.164922336E-02 +5.906903350E-02 -8.944386272E-02 -1.469624485E-01 +3.901587040E-02 +2.065543143E-01
5.60000000000E+09 +5.291095819E-02 -3.139151748E-02 -1.054408339E-01 -1.119654826E-01 +4.168494393E-02 +2.290715904E-01
5.61000000000E+09 -3.927204745E-02 -4.581317486E-02 -1.143146006E-01 -8.799067540E-02 +6.779382530E-02 +2.555329745E-01
5.62000000000E+09 -3.867139903E-02 +4.572771059E-02 -1.239011653E-01 -3.891728287E-02 +1.133899425E-01 +2.473299160E-01
5.63000000000E+09 +5.276470201E-02 +3.060547745E-02 -8.160113929E-02 +2.950772386E-02 +1.283980241E-01 +1.931420965E-01
5.64000000000E+09 +1.961748259E-02 -5.879505695E-02 +9.428739390E-03 +4.828339124E-02 +8.762975241E-02 +1.509256917E-01
5.65000000000E+09 -6.083460886E-02 -6.268838501E-03 +7.996675408E-02 +9.964686940E-03 +2.447326565E-02 +1.685839110E-01
5.66000000000E+09 +6.050545318E-03 +5.816289977E-02 +1.222085420E-01 -3.694210205E-02 +6.953476123E-03 +2.305972262E-01
5.67000000000E+09 +5.387135048E-02 -1.480623132E-02 +1.565088838E-01 -1.035780430E-01 +5.874386774E-02 +2.833510841E-01
5.68000000000E+09 -2.145439782E-02 -5.006996393E-02 +1.413546418E-01 -1.976005345E-01 +1.315061028E-01 +2.745026361E-01
5.69000000000E+09 -4.715457568E-02 +2.921286397E-02 +5.724136590E-02 -2.560108063E-01 +1.556802792E-01 +1.962361525E-01
5.70000000000E+09 +3.884465321E-02 +4.212878300E-02 -3.478173253E-02 -2.373076499E-01 +9.497003877E-02 +1.268007934E-01
5.71000000000E+09 +3.257570987E-02 -4.701903008E-02 -8.797488578E-02 -1.812601966E-01 +5.684588973E-03 +1.655475398E-01
5.72000000000E+09 -5.043559184E-02 -2.234672726E-02 -1.213313697E-01 -1.096132917E-01 +3.775336069E-03 +2.637428362E-01
5.73000000000E+09 -1.372178069E-02 +5.205606798E-02 -1.156197535E-01 -3.263175070E-03 +8.637589901E-02 +3.068703473E-01
5.74000000000E+09 +5.406162869E-02 +5.771202343E-03 -2.750655476E-02 +9.157169138E-02 +1.611021560E-01 +2.584903576E-01
5.75000000000E+09 -4.280219519E-03 -5.590741841E-02 +1.015471825E-01 +1.017055346E-01 +1.548757899E-01 +1.683879906E-01
5.76000000000E+09 -5.404491368E-02 +1.646898097E-02 +1.911766037E-01 +4.394000826E-02 +6.957318888E-02 +1.247964926E-01
5.77000000000E+09 +2.676161420E-02 +4.757466948E-02 +2.399238798E-01 -2.834634118E-02 -3.499574178E-03 +1.899995822E-01
5.78000000000E+09 +4.026094823E-02 -3.220322587E-02 +2.579111746E-01 -1.228505458E-01 +2.537682272E-02 +2.890369885E-01
5.79000000000E+09 -3.603775750E-02 -3.538619972E-02 +2.060251157E-01 -2.234655952E-01 +1.176091495E-01 +3.080226868E-01
5.80000000000E+09 -3.161737442E-02 +4.235508004E-02 +9.090754625E-02 -2.608153622E-01 +1.711440352E-01 +2.242039935E-01
5.81000000000E+09 +5.070349518E-02 +2.405600065E-02 -1.153269638E-02 -2.116568686E-01 +1.208632855E-01 +1.476656101E-01
5.82000000000E+09 +1.169131534E-02 -5.610745202E-02 -6.249865166E-02 -1.305417859E-01 +3.146945488E-02 +1.685708969E-01
5.83000000000E+09 -5.541971343E-02 +8.817866583E-04 -8.503380128E-02 -3.447042682E-02 +1.659608085E-02 +2.566264943E-01
5.84000000000E+09 +1.000916717E-02 +5.232716616E-02 -4.975494754E-02 +8.435701872E-02 +8.477774817E-02 +3.088247886E-01
5.85000000000E+09 +4.974189785E-02 -1.749534984E-02 +6.535425074E-02 +1.589566001E-01 +1.597001565E-01 +2.773426380E-01
5.86000000000E+09 -2.597829267E-02 -4.730357542E-02 +1.887394758E-01 +1.380796426E-01 +1.689020607E-01 +1.863510231E-01
5.87000000000E+09 -4.187515882E-02 +3.595812436E-02 +2.547749504E-01 +6.894683523E-02 +9.085648857E-02 +1.395686517E-01
5.88000000000E+09 +4.309887644E-02 +3.278295492E-02 +2.847782914E-01 -2.525491949E-03 +1.428200841E-02 +2.073686829E-01
5.89000000000E+09 +2.418724498E-02 -4.581332081E-02 +2.827934364E-01 -9.489290868E-02 +4.633802811E-02 +3.037505887E-01
5.90000000000E+09 -4.858601090E-02 -1.800123186E-02 +2.070623005E-01 -1.810451910E-01 +1.370022543E-01 +3.071805234E-01
5.91000000000E+09 -1.101479634E-02 +5.351391814E-02 +8.299816762E-02 -1.884363313E-01 +1.886829331E-01 +2.354691847E-01
5.92000000000E+09 +5.822536050E-02 -6.480501336E-04 -3.549856729E-03 -1.176434051E-01 +1.461976799E-01 +1.614781179E-01
5.93000000000E+09 -1.518733591E-02 -5.713421445E-02 -3.726964798E-02 -3.657128741E-02 +6.522320552E-02 +1.653163823E-01
5.94000000000E+09 -5.029527414E-02 +2.686700706E-02 -4.966919436E-02 +5.400605496E-02 +3.374421075E-02 +2.393380758E-01
5.95000000000E+09 +3.348480120E-02 +4.225888179E-02 -3.631676929E-03 +1.568631560E-01 +7.887417518E-02 +3.054214070E-01
5.96000000000E+09 +3.633468450E-02 -3.809797307E-02 +1.025932508E-01 +2.015418850E-01 +1.570803549E-01 +2.910176111E-01
5.97000000000E+09 -4.429037984E-02 -3.110235023E-02 +1.908847868E-01 +1.659167136E-01 +1.873229421E-01 +2.127866950E-01
5.98000000000E+09 -2.274227469E-02 +5.158250682E-02 +2.249643091E-01 +1.111536923E-01 +1.259088142E-01 +1.644825927E-01
5.99000000000E+09 +5.543853282E-02 +1.147447922E-02 +2.443213796E-01 +6.115262166E-02 +6.061284326E-02 +2.026482034E-01
6.00000000000E+09 +3.761487913E-04 -5.566315531E-02 +2.387281110E-01 -1.613936322E-02 +6.814143628E-02 +2.639378867E-01
6.01000000000E+09 -5.472888195E-02 +9.139206622E-03 +1.643125074E-01 -8.095460420E-02 +1.211905797E-01 +2.861472667E-01
6.02000000000E+09 +1.919596798E-02 +5.316475069E-02 +6.833062257E-02 -6.974557022E-02 +1.570683107E-01 +2.620181263E-01
6.03000000000E+09 +4.946810900E-02 -2.980512568E-02 +1.997295663E-02 -1.907921825E-02 +1.616933684E-01 +2.218678907E-01
6.04000000000E+09 -4.027607545E-02 -4.259097952E-02 -8.705306959E-03 +1.847341815E-02 +1.314293878E-01 +1.972979113E-01
6.05000000000E+09 -3.220450530E-02 +4.792692934E-02 -3.997647652E-02 +7.834768016E-02 +9.219298777E-02 +2.182636426E-01
6.06000000000E+09 +5.134803105E-02 +2.153633577E-02 -1.825502019E-02 +1.591221633E-01 +9.725653594E-02 +2.569357802E-01
6.07000000000E+09 +1.234118307E-02 -5.304789044E-02 +4.909043896E-02 +1.893173494E-01 +1.337962171E-01 +2.641042125E-01
6.08000000000E+09 -5.440660138E-02 -3.093427674E-03 +9.175522963E-02 +1.705407836E-01 +1.521561963E-01 +2.481077072E-01
6.09000000000E+09 +6.616614605E-03 +5.471017224E-02 +1.114452579E-01 +1.589755928E-01 +1.479979462E-01 +2.334824052E-01
6.10000000000E+09 +5.284408771E-02 -1.705044784E-02 +1.496241497E-01 +1.371232413E-01 +1.392896642E-01 +2.260409201E-01
6.11000000000E+09 -2.723559169E-02 -4.907349782E-02 +1.656098954E-01 +6.702401788E-02 +1.285181888E-01 +2.232965785E-01
6.12000000000E+09 -4.224738624E-02 +3.692122215E-02 +1.154378653E-01 +5.452243464E-03 +1.149754269E-01 +2.391829306E-01
6.13000000000E+09 +4.378013854E-02 +3.356324469E-02 +5.602513495E-02 -1.305291814E-03 +1.270910136E-01 +2.643352063E-01
6.14000000000E+09 +2.469356468E-02 -4.865229810E-02 +2.027951335E-02 -2.387455391E-03 +1.556730366E-01 +2.656291795E-01
6.15000000000E+09 -5.217543506E-02 -1.515873198E-02 -3.775830691E-02 -5.006133009E-03 +1.663958144E-01 +2.448802431E-01
6.16000000000E+09 -4.945299525E-03 +5.388137450E-02 -1.023039915E-01 +4.696593954E-02 +1.580269461E-01 +2.274243351E-01
6.17000000000E+09 +5.330409835E-02 -5.591393485E-03 -1.030489966E-01 +1.286917235E-01 +1.449781690E-01 +2.242354408E-01
6.18000000000E+09 -1.546606798E-02 -5.028154640E-02 -5.986033827E-02 +1.673991929E-01 +1.325864727E-01 +2.420132040E-01
6.19000000000E+09 -4.581910291E-02 +2.358396811E-02 -2.998450505E-02 +1.792250141E-01 +1.443785940E-01 +2.670556308E-01
6.20000000000E+09 +3.041488219E-02 +4.086997702E-02 +1.230573018E-02 +1.970623039E-01 +1.792309251E-01 +2.660834849E-01
6.21000000000E+09 +3.620312221E-02 -3.746402442E-02 +8.556147656E-02 +1.734312193E-01 +1.959396441E-01 +2.234761586E-01
6.22000000000E+09 -4.546473670E-02 -2.848303753E-02 +1.215337102E-01 +8.597179301E-02 +1.588860504E-01 +1.922837841E-01
6.23000000000E+09 -1.732111220E-02 +5.058792654E-02 +8.671705440E-02 +8.139269392E-03 +1.131515437E-01 +2.203343905E-01
6.24000000000E+09 +5.105861563E-02 +6.114064851E-03 +4.103891147E-02 -3.046158116E-02 +1.207472210E-01 +2.772239229E-01
6.25000000000E+09 -2.528633323E-03 -4.914151546E-02 -1.086427892E-02 -6.957820291E-02 +1.722070001E-01 +2.989309098E-01
6.26000000000E+09 -4.767933594E-02 +9.622075772E-03 -1.025116502E-01 -8.034456361E-02 +2.226720419E-01 +2.639446757E-01
6.27000000000E+09 +1.769093551E-02 +4.651538336E-02 -1.838961855E-01 -1.555347762E-02 +2.221553405E-01 +1.974206754E-01
6.28000000000E+09 +4.290902847E-02 -2.758100175E-02 -1.885240091E-01 +7.668399055E-02 +1.531712690E-01 +1.692596832E-01
6.29000000000E+09 -3.595344620E-02 -3.511490061E-02 -1.496753960E-01 +1.297331156E-01 +9.287990824E-02 +2.303111521E-01
6.30000000000E+09 -2.613494408E-02 +3.947165268E-02 -1.067083699E-01 +1.678271312E-01 +1.247542400E-01 +3.135344797E-01
6.31000000000E+09 +4.143630988E-02 +2.014661504E-02 -2.541543993E-02 +1.930925466E-01 +2.174419921E-01 +3.200535492E-01
6.32000000000E+09 +1.472297852E-02 -4.504285987E-02 +7.791730446E-02 +1.454193068E-01 +2.719477951E-01 +2.442307349E-01
6.33000000000E+09 -5.001190817E-02 -6.271794407E-03 +1.179258716E-01 +3.035276582E-02 +2.317205954E-01 +1.572701530E-01
6.34000000000E+09 +6.458300746E-03 +5.134769041E-02 +7.947643064E-02 -6.370529842E-02 +1.297576280E-01 +1.581249975E-01
6.35000000000E+09 +4.578046588E-02 -1.765145065E-02 +2.678478383E-02 -1.188396624E-01 +8.305697017E-02 +2.551369913E-01
6.36000000000E+09 -2.321321993E-02 -3.873172823E-02 -4.813679425E-02 -1.637170275E-01 +1.490230304E-01 +3.348705307E-01
6.37000000000E+09 -3.476441295E-02 +2.620115703E-02 -1.558333153E-01 -1.523677140E-01 +2.561371116E-01 +3.204334978E-01
6.38000000000E+09 +3.112835875E-02 +3.306351608E-02 -2.258374340E-01 -6.049736476E-02 +3.039511784E-01 +2.225135785E-01
6.39000000000E+09 +2.901547466E-02 -4.037485293E-02 -2.057600819E-01 +4.356038676E-02 +2.301947596E-01 +1.327051514E-01
6.40000000000E+09 -4.792814938E-02 -1.830650781E-02 -1.437153335E-01 +9.722309265E-02 +1.133598178E-01 +1.609605118E-01
6.41000000000E+09 -5.847564157E-03 +4.869034375E-02 -7.475291983E-02 +1.303140611E-01 +9.525098765E-02 +2.752763056E-01
6.42000000000E+09 +4.562454968E-02 -2.453526131E-03 +3.084757903E-02 +1.287924842E-01 +1.805279656E-01 +3.387503517E-01
6.43000000000E+09 -7.767374027E-03 -4.398780106E-02 +1.247789742E-01 +4.253316735E-02 +2.792572418E-01 +3.049805285E-01
6.44000000000E+09 -4.440354035E-02 +1.432210050E-02 +1.300512208E-01 -8.140042486E-02 +3.044888110E-01 +2.087456576E-01
6.45000000000E+09 +2.434281243E-02 +4.344961656E-02 +7.001959093E-02 -1.554018344E-01 +2.230125433E-01 +1.377970653E-01
6.46000000000E+09 +3.644613611E-02 -3.472124480E-02 +1.360676858E-02 -1.864059975E-01 +1.248612627E-01 +1.818128146E-01
6.47000000000E+09 -3.963169450E-02 -2.659540138E-02 -5.819299141E-02 -2.057118578E-01 +1.346114202E-01 +2.839740342E-01
6.48000000000E+09 -1.961398179E-02 +4.104016858E-02 -1.464583714E-01 -1.624247777E-01 +2.241690856E-01 +3.229327389E-01
6.49000000000E+09 +4.408207439E-02 +1.423683808E-02 -1.719933679E-01 -5.606576930E-02 +2.925563887E-01 +2.711240065E-01
6.50000000000E+09 +7.133335570E-03 -4.878285548E-02 -1.126846823E-01 +2.532793291E-02 +2.859176932E-01 +1.858435557E-01
6.51000000000E+09 -5.192105783E-02 +4.643787220E-03 -4.241711889E-02 +4.567586716E-02 +2.097882543E-01 +1.509046015E-01
6.52000000000E+09 +1.765581151E-02 +4.844929640E-02 +1.959786806E-02 +5.560508626E-02 +1.431002162E-01 +2.034897769E-01
6.53000000000E+09 +4.078843459E-02 -2.594889539E-02 +1.076188530E-01 +3.224346619E-02 +1.637236254E-01 +2.850737305E-01
6.54000000000E+09 -2.986400267E-02 -3.432662952E-02 +1.609350416E-01 -5.915264662E-02 +2.463250757E-01 +3.103658084E-01
6.55000000000E+09 -3.057619062E-02 +3.385687028E-02 +1.308157834E-01 -1.477640547E-01 +3.030512625E-01 +2.565163124E-01
6.56000000000E+09 +4.047194001E-02 +2.629802154E-02 +7.317607189E-02 -1.740051827E-01 +2.825721698E-01 +1.814530600E-01
6.57000000000E+09 +1.762473718E-02 -4.745986366E-02 +3.910400802E-02 -1.773391894E-01 +2.166552357E-01 +1.656023891E-01
6.58000000000E+09 -5.041284248E-02 -6.181336778E-03 -1.157431404E-02 -1.801382153E-01 +1.774504085E-01 +2.140370794E-01
6.59000000000E+09 +4.735325012E-03 +4.894595623E-02 -6.934798972E-02 -1.241107369E-01 +1.975726451E-01 +2.709164839E-01
6.60000000000E+09 +4.587362685E-02 -1.277972636E-02 -5.516412172E-02 -3.480625937E-02 +2.547102528E-01 +2.826713321E-01
6.61000000000E+09 -1.977015932E-02 -4.330147499E-02 +9.080570477E-03 +2.015534460E-03 +2.990354599E-01 +2.454897618E-01
6.62000000000E+09 -4.043025665E-02 +2.782976626E-02 +4.906233662E-02 +4.205725176E-04 +2.890359419E-01 +1.840804012E-01
6.63000000000E+09 +3.706777107E-02 +3.438844095E-02 +8.426475972E-02 +1.293264871E-02 +2.290602673E-01 +1.658620755E-01
6.64000000000E+09 +2.460240000E-02 -4.318233084E-02 +1.482371571E-01 -2.834087340E-03 +1.942589247E-01 +2.163156797E-01
6.65000000000E+09 -4.498454271E-02 -1.508149487E-02 +1.730947896E-01 -7.064217641E-02 +2.221644243E-01 +2.658557366E-01
6.66000000000E+09 -7.612818890E-03 +4.563143708E-02 +1.359062173E-01 -1.129728236E-01 +2.698137995E-01 +2.671380293E-01
6.67000000000E+09 +4.656767566E-02 +5.994259727E-04 +1.070061690E-01 -1.068815083E-01 +3.053097273E-01 +2.321629351E-01
6.68000000000E+09 -7.647153692E-03 -4.788054873E-02 +1.000621699E-01 -1.111369037E-01 +2.953639882E-01 +1.834384845E-01
6.69000000000E+09 -4.682095354E-02 +1.854207802E-02 +5.965359871E-02 -1.189087469E-01 +2.450958052E-01 +1.671530233E-01
6.70000000000E+09 +2.914631074E-02 +4.090487273E-02 +1.609652398E-02 -6.813648128E-02 +2.070593594E-01 +2.072701310E-01
6.71000000000E+09 +3.221556257E-02 -3.546796212E-02 +3.749153747E-02 -5.303136416E-03 +2.324340182E-01 +2.637734800E-01
6.72000000000E+09 -3.852355660E-02 -2.501554050E-02 +7.387487565E-02 +7.625963911E-03 +2.926795533E-01 +2.631464943E-01
6.73000000000E+09 -1.915044195E-02 +4.204136370E-02 +8.014055120E-02 +1.728420255E-02 +3.220645610E-01 +2.109746768E-01
6.74000000000E+09 +4.633983792E-02 +1.180398301E-02 +1.061754981E-01 +5.029671254E-02 +2.977247113E-01 +1.658541463E-01
6.75000000000E+09 +1.785409122E-03 -4.887601024E-02 +1.649079136E-01 +4.336086241E-02 +2.470015028E-01 +1.656427952E-01
6.76000000000E+09 -4.761759393E-02 +9.142672485E-03 +1.796814594E-01 -9.100924011E-03 +2.170874465E-01 +2.103455860E-01
6.77000000000E+09 +1.762361982E-02 +4.295594911E-02 +1.511713367E-01 -2.925793492E-02 +2.494759474E-01 +2.569691271E-01
6.78000000000E+09 +3.863722296E-02 -2.343559093E-02 +1.444458326E-01 -2.695067867E-02 +3.068293118E-01 +2.559930006E-01
6.79000000000E+09 -2.938291852E-02 -3.528060771E-02 +1.345352140E-01 -5.256091531E-02 +3.357689873E-01 +2.057455543E-01
6.80000000000E+09 -3.066628809E-02 +3.732381275E-02 +7.576602160E-02 -6.269030370E-02 +3.002129185E-01 +1.553599568E-01
6.81000000000E+09 +4.449394940E-02 +2.144365952E-02 +2.881286095E-02 -6.192105187E-03 +2.463483527E-01 +1.726324969E-01
6.82000000000E+09 +1.039486891E-02 -4.669031975E-02 +4.565238925E-02 +4.801994340E-02 +2.423798252E-01 +2.238325213E-01
6.83000000000E+09 -4.564936484E-02 -1.494994750E-03 +6.121812324E-02 +6.122562586E-02 +2.858031599E-01 +2.463369857E-01
6.84000000000E+09 +5.496445235E-03 +4.450042004E-02 +6.113933740E-02 +9.037213026E-02 +3.280346232E-01 +2.266755023E-01
6.85000000000E+09 +4.390205323E-02 -1.263881552E-02 +1.027443402E-01 +1.264234171E-01 +3.312057396E-01 +1.811444252E-01
6.86000000000E+09 -2.187191335E-02 -4.213654844E-02 +1.626267886E-01 +1.004109543E-01 +2.883158413E-01 +1.578570607E-01
6.87000000000E+09 -3.626535964E-02 +3.109537393E-02 +1.610416378E-01 +4.055642843E-02 +2.531599286E-01 +1.872674033E-01
6.88000000000E+09 +3.697087740E-02 +2.772258293E-02 +1.279671269E-01 +2.317824571E-02 +2.705283518E-01 +2.376609930E-01
6.89000000000E+09 +2.026959767E-02 -3.961099399E-02 +1.181207563E-01 +1.273407473E-02 +3.275779905E-01 +2.430783412E-01
6.90000000000E+09 -4.256610318E-02 -1.408194394E-02 +8.383978966E-02 -2.085424210E-02 +3.537319876E-01 +1.960132721E-01
6.91000000000E+09 -6.233959426E-03 +4.615974130E-02 +7.294893176E-03 -1.087736824E-02 +3.285018039E-01 +1.547397112E-01
6.92000000000E+09 +4.740093882E-02 -4.301046068E-03 -2.748593054E-02 +6.100838778E-02 +2.826074408E-01 +1.574781010E-01
6.93000000000E+09 -1.473465580E-02 -4.424942652E-02 -1.344994497E-03 +1.064808770E-01 +2.692279725E-01 +1.995273879E-01
6.94000000000E+09 -3.864700357E-02 +2.209778254E-02 +1.080969973E-02 +1.171342614E-01 +3.059353974E-01 +2.343061305E-01
6.95000000000E+09 +2.697780467E-02 +3.386802454E-02 +2.271901705E-02 +1.484474790E-01 +3.537224075E-01 +2.179859781E-01
6.96000000000E+09 +2.993864804E-02 -3.241541570E-02 +8.110102928E-02 +1.615411894E-01 +3.639258837E-01 +1.700355131E-01
6.97000000000E+09 -3.931771932E-02 -2.440193055E-02 +1.293825203E-01 +1.023391617E-01 +3.249232591E-01 +1.337005772E-01
6.98000000000E+09 -1.457181232E-02 +4.488706127E-02 +1.021198085E-01 +3.392692346E-02 +2.779417792E-01 +1.590680766E-01
6.99000000000E+09 +4.544672459E-02 +3.689936188E-03 +5.971608660E-02 +1.699115785E-02 +2.864245957E-01 +2.128358773E-01
7.00000000000E+09 -4.560983706E-03 -4.320330861E-02 +3.586314231E-02 -3.481251359E-03 +3.375333142E-01 +2.306907026E-01

[Channel0\Trace0\Marker0]
Enabled=1
Position=0.2

[Channel0\Trace1]
ReferencePosition[0]=1

[Channel0\Trace1\Marker0]
Enabled=1
Position=0.2

[Channel0\Trace2]
SPort=0
FormatType=2

[Channel0\Trace2\Marker0]
Enabled=1
Position=0.2

[Channel0\Trace3]
SPort=0
FormatType=2

[Channel0\Trace3\Marker0]
Enabled=1
Position=0.2

