[NWA State]
TriggerSource=3

[Channel0]
Points=501
FrequencyStart=2000000000
FrequencyStop=7000000000
FixedPower[0]=5
FixedPower[1]=5
IFBW=1000
CorrectionEnabled=1
TraceCount=4

[Channel0\Correction\11]
Calyyyymmdd=2022/03/25
Calhhmmss=15:07:17
VNATemperature=36.7 °C
Type=3
KitLabel=ACM2509.2
KitDescription=AutoCal Module 20 kHz-9 GHz (CMT), SN: 19039185, Char: Factory, 30.2°C, ThermoComp: ON
CalIFBW=1 kHz
CalPower=5 dBm
CalPorts[0]=0
CalPorts[1]=0

[Channel0\Correction\11\Data]
2.00000000000E+09 -1.150978277E-01 -1.048494347E-01 -9.222754405E-02 -4.943293133E-02 -1.913862470E-01 +8.363250650E-02
2.01000000000E+09 -8.201334450E-02 +1.365269658E-01 -7.589279737E-02 +3.384384551E-02 -1.403798594E-01 +4.770335570E-02
2.02000000000E+09 +1.499794580E-01 +5.069923989E-02 +4.718437295E-04 +3.685576980E-02 -1.586091967E-01 -1.805311975E-02
2.03000000000E+09 +2.083758452E-02 -1.519897036E-01 +5.810440306E-03 -5.595974445E-03 -2.321362775E-01 -2.039805166E-02
2.04000000000E+09 -1.512093994E-01 +3.266837839E-03 -5.697640081E-03 +1.542166002E-02 -2.600513798E-01 +4.313752994E-02
2.05000000000E+09 +2.867358824E-02 +1.510920055E-01 +5.229375213E-02 +2.456989705E-02 -2.124648035E-01 +8.654078301E-02
2.06000000000E+09 +1.453448698E-01 -5.835267855E-02 +8.053630308E-02 -5.209058864E-02 -1.591278317E-01 +6.691072695E-02
2.07000000000E+09 -8.673125903E-02 -1.298637434E-01 +1.313915345E-02 -9.388905684E-02 -1.575423695E-01 +1.731537017E-02
2.08000000000E+09 -1.077598849E-01 +1.081055822E-01 -2.002969114E-02 -4.890298849E-02 -2.020091319E-01 -1.167136111E-02
2.09000000000E+09 +1.214920234E-01 +8.552286733E-02 +1.001234293E-02 -4.324128937E-02 -2.524008617E-01 +1.581913647E-02
2.10000000000E+09 +6.598098140E-02 -1.327238606E-01 -1.474167842E-02 -7.775104003E-02 -2.495758390E-01 +8.255356553E-02
2.11000000000E+09 -1.463044119E-01 -4.384560788E-02 -6.944192011E-02 -3.723444841E-02 -1.799774743E-01 +1.081815104E-01
2.12000000000E+09 -1.205748457E-02 +1.559201053E-01 -3.409741113E-02 +3.177833998E-02 -1.305840621E-01 +4.427923391E-02
2.13000000000E+09 +1.512283743E-01 -2.184897357E-02 +2.334412122E-02 +8.804166255E-03 -1.805761505E-01 -2.204675419E-02
2.14000000000E+09 -4.657021409E-02 -1.388934508E-01 -1.781489745E-03 -1.894219822E-02 -2.597521661E-01 +2.991752186E-05
2.15000000000E+09 -1.281615832E-01 +6.584008615E-02 -1.000115851E-02 +2.706195209E-02 -2.741953144E-01 +7.322381856E-02
2.16000000000E+09 +8.631297468E-02 +1.182447856E-01 +5.592926631E-02 +3.814996586E-02 -2.198769442E-01 +1.258158454E-01
2.17000000000E+09 +1.032781760E-01 -1.100522816E-01 +7.684346504E-02 -2.858788509E-02 -1.452517529E-01 +1.106475212E-01
2.18000000000E+09 -1.313345011E-01 -7.746272375E-02 +2.504463275E-02 -4.539391280E-02 -1.227670762E-01 +2.618001523E-02
2.19000000000E+09 -4.611428431E-02 +1.399689694E-01 +3.046139296E-02 -9.206340734E-03 -1.962265273E-01 -3.613533171E-02
2.20000000000E+09 +1.386530984E-01 +2.124047694E-02 +6.386046798E-02 -4.264680766E-02 -2.850240000E-01 +1.034304652E-02
2.21000000000E+09 +2.680492052E-03 -1.389721589E-01 +1.351739499E-02 -9.044317311E-02 -2.832489280E-01 +1.098975327E-01
2.22000000000E+09 -1.430648328E-01 +1.998361983E-02 -5.190855849E-02 -4.539934113E-02 -1.979163522E-01 +1.497423836E-01
2.23000000000E+09 +5.060148710E-02 +1.408631690E-01 -2.636057628E-02 +1.509815373E-02 -1.305158302E-01 +9.552105189E-02
2.24000000000E+09 +1.258842915E-01 -8.033749005E-02 -4.826240540E-04 -2.268723763E-03 -1.463620143E-01 +1.958200414E-02
2.25000000000E+09 -1.009629533E-01 -1.033328225E-01 -3.783337095E-02 +9.333973828E-03 -2.132159079E-01 -6.646492086E-03
2.26000000000E+09 -8.155547579E-02 +1.125317425E-01 -1.704403617E-02 +7.912325356E-02 -2.710615058E-01 +3.585174979E-02
2.27000000000E+09 +1.216998267E-01 +6.373684453E-02 +6.693504825E-02 +7.660417237E-02 -2.664275548E-01 +1.123419017E-01
2.28000000000E+09 +4.465973406E-02 -1.337690419E-01 +8.160597069E-02 +7.023511908E-03 -1.974462956E-01 +1.424599509E-01
2.29000000000E+09 -1.440587340E-01 -1.767215261E-02 +4.042908532E-02 -6.813617943E-04 -1.459827568E-01 +8.836095138E-02
2.30000000000E+09 +1.281192165E-02 +1.433710031E-01 +6.289863747E-02 +1.936164958E-02 -1.754521004E-01 +3.394936788E-02
2.31000000000E+09 +1.354448840E-01 -3.784365101E-02 +8.376615837E-02 -3.696187414E-02 -2.230282231E-01 +4.412484534E-02
2.32000000000E+09 -6.021887952E-02 -1.261618449E-01 +1.326893754E-02 -7.802905465E-02 -2.329861976E-01 +7.420425473E-02
2.33000000000E+09 -1.136524713E-01 +8.191871968E-02 -4.148383908E-02 -2.263452918E-02 -2.247725099E-01 +8.879067094E-02
2.34000000000E+09 +1.013389554E-01 +9.720717048E-02 -1.162541767E-02 +1.471278167E-02 -2.134174801E-01 +9.919562088E-02
2.35000000000E+09 +7.675895285E-02 -1.181948901E-01 -1.502447020E-02 -1.211502149E-02 -1.972503520E-01 +9.616625028E-02
2.36000000000E+09 -1.300669659E-01 -5.223385466E-02 -6.806074580E-02 +2.053746790E-02 -1.984270563E-01 +8.031574928E-02
2.37000000000E+09 -2.721930624E-02 +1.352692362E-01 -3.922189095E-02 +1.003422706E-01 -2.121974463E-01 +8.608152166E-02
2.38000000000E+09 +1.372072667E-01 +3.334385061E-03 +3.968223894E-02 +9.377365000E-02 -2.030746547E-01 +9.904190761E-02
2.39000000000E+09 -2.215452039E-02 -1.359704800E-01 +4.333239972E-02 +4.377116642E-02 -1.924605118E-01 +7.945381477E-02
2.40000000000E+09 -1.276858875E-01 +4.634308758E-02 +2.908285009E-02 +5.823762641E-02 -2.205693653E-01 +6.666001580E-02
2.41000000000E+09 +6.571381413E-02 +1.164808030E-01 +8.244839832E-02 +5.582748380E-02 -2.416638097E-01 +1.034725424E-01
2.42000000000E+09 +1.054661488E-01 -8.479786851E-02 +9.780623808E-02 -3.191460415E-02 -2.147852758E-01 +1.375590344E-01
2.43000000000E+09 -1.054499698E-01 -8.960661011E-02 +1.086971991E-02 -8.201325885E-02 -1.783891112E-01 +1.218624188E-01
2.44000000000E+09 -6.664052703E-02 +1.221634644E-01 -4.872041088E-02 -3.516360762E-02 -1.737406175E-01 +9.101218857E-02
2.45000000000E+09 +1.314650440E-01 +4.012648588E-02 -4.318931487E-02 -1.541124529E-02 -1.893932185E-01 +7.394114522E-02
2.46000000000E+09 +1.358855974E-02 -1.333056364E-01 -8.623105075E-02 -2.195705816E-02 -2.203118049E-01 +6.891963057E-02
2.47000000000E+09 -1.292060848E-01 +8.858826420E-03 -1.348050449E-01 +5.503630586E-02 -2.507461785E-01 +1.008874710E-01
2.48000000000E+09 +2.736337181E-02 +1.252457510E-01 -7.514583034E-02 +1.446456238E-01 -2.312723795E-01 +1.531366208E-01
2.49000000000E+09 +1.226677095E-01 -4.849745133E-02 +1.682447419E-02 +1.289231075E-01 -1.730639793E-01 +1.503689373E-01
2.50000000000E+09 -7.331389169E-02 -1.129206986E-01 +2.881749453E-02 +7.939753958E-02 -1.587376803E-01 +9.474452179E-02
2.51000000000E+09 -9.549841789E-02 +9.342078454E-02 +3.836197667E-02 +8.301214683E-02 -2.006049900E-01 +7.592988237E-02
2.52000000000E+09 +1.081058563E-01 +7.647392660E-02 +9.523811789E-02 +4.204826654E-02 -2.251893661E-01 +1.029860796E-01
2.53000000000E+09 +5.557447957E-02 -1.203887545E-01 +7.464751679E-02 -6.513528589E-02 -2.223811081E-01 +1.199062432E-01
2.54000000000E+09 -1.282017499E-01 -3.193535697E-02 -3.361151444E-02 -9.163660907E-02 -2.177670034E-01 +1.287233482E-01
2.55000000000E+09 -8.116728316E-03 +1.311854745E-01 -7.959374135E-02 -3.323854453E-02 -2.012827075E-01 +1.418074309E-01
2.56000000000E+09 +1.303511553E-01 -1.641665323E-02 -7.231925961E-02 -2.205825597E-02 -1.844099499E-01 +1.304232547E-01
2.57000000000E+09 -4.011971296E-02 -1.232320058E-01 -1.209298062E-01 -2.175812462E-02 -1.983505172E-01 +1.139611184E-01
2.58000000000E+09 -1.124148791E-01 +5.913654029E-02 -1.538227035E-01 +6.128187991E-02 -2.114909247E-01 +1.335973472E-01
2.59000000000E+09 +7.716866524E-02 +1.022890257E-01 -8.210275877E-02 +1.307520280E-01 -1.892331637E-01 +1.459141639E-01
2.60000000000E+09 +8.758160049E-02 -9.622807933E-02 -9.754275216E-03 +9.764541066E-02 -1.777162291E-01 +1.175059804E-01
2.61000000000E+09 -1.107057645E-01 -6.694004463E-02 -1.439148709E-02 +6.595744755E-02 -2.090542637E-01 +1.080377303E-01
2.62000000000E+09 -4.620837097E-02 +1.195296310E-01 +1.035017163E-02 +8.260682895E-02 -2.242154213E-01 +1.443629281E-01
2.63000000000E+09 +1.269681553E-01 +2.507820405E-02 +7.570560081E-02 +3.197467731E-02 -1.991810186E-01 +1.645527366E-01
2.64000000000E+09 +2.710316159E-04 -1.306955352E-01 +4.939666746E-02 -7.276864839E-02 -1.776533050E-01 +1.496962345E-01
2.65000000000E+09 -1.276080235E-01 +2.518399527E-02 -4.191223626E-02 -8.876162045E-02 -1.725965106E-01 +1.364218679E-01
2.66000000000E+09 +4.892268645E-02 +1.192686916E-01 -6.553755730E-02 -5.276682345E-02 -1.756090679E-01 +1.215697533E-01
2.67000000000E+09 +1.052804366E-01 -6.945626684E-02 -7.512517768E-02 -7.072707827E-02 -2.060565195E-01 +1.082802572E-01
2.68000000000E+09 -8.307579851E-02 -8.898121039E-02 -1.481542523E-01 -6.157000796E-02 -2.375325846E-01 +1.416130818E-01
2.69000000000E+09 -7.574488422E-02 +9.462795374E-02 -1.769624159E-01 +3.568659656E-02 -2.151087741E-01 +1.895392931E-01
2.70000000000E+09 +1.088494783E-01 +6.139207440E-02 -1.013852054E-01 +1.006069196E-01 -1.626234289E-01 +1.833129989E-01
2.71000000000E+09 +3.949256270E-02 -1.217069835E-01 -4.181330043E-02 +7.189458586E-02 -1.546514638E-01 +1.389055838E-01
2.72000000000E+09 -1.267789118E-01 -1.408805354E-02 -4.057941067E-02 +6.483282546E-02 -1.850991559E-01 +1.280933073E-01
2.73000000000E+09 +1.008292855E-02 +1.262242266E-01 +1.381841237E-02 +8.274329013E-02 -2.014712402E-01 +1.426392057E-01
2.74000000000E+09 +1.211158186E-01 -3.337523721E-02 +8.465193257E-02 +9.192294985E-03 -2.058512278E-01 +1.522558548E-01
2.75000000000E+09 -5.389955855E-02 -1.114273451E-01 +4.581155992E-02 -9.334083430E-02 -2.019454897E-01 +1.720139713E-01
2.76000000000E+09 -1.001645763E-01 +7.201182206E-02 -3.238260044E-02 -9.948766586E-02 -1.755174564E-01 +1.855813458E-01
2.77000000000E+09 +8.981114901E-02 +8.567075548E-02 -4.305553046E-02 -7.987271967E-02 -1.579034085E-01 +1.630172267E-01
2.78000000000E+09 +6.654008670E-02 -1.033868670E-01 -6.637319139E-02 -1.109835802E-01 -1.766809896E-01 +1.430949013E-01
2.79000000000E+09 -1.118120669E-01 -4.666707971E-02 -1.485781460E-01 -9.026951245E-02 -1.934380171E-01 +1.574105974E-01
2.80000000000E+09 -2.743476339E-02 +1.184542163E-01 -1.655856960E-01 +1.135537640E-02 -1.832480720E-01 +1.702203840E-01
2.81000000000E+09 +1.224814094E-01 +5.465492492E-03 -9.204101704E-02 +6.028626487E-02 -1.792789972E-01 +1.634865527E-01
2.82000000000E+09 -1.743319047E-02 -1.211746614E-01 -5.590158792E-02 +3.925970161E-02 -1.879751045E-01 +1.712275760E-01
2.83000000000E+09 -1.162982627E-01 +3.893581043E-02 -4.961267813E-02 +6.080600099E-02 -1.783823659E-01 +1.863133699E-01
2.84000000000E+09 +6.060958264E-02 +1.077726937E-01 +2.844264371E-02 +8.124481665E-02 -1.627072007E-01 +1.768533553E-01
2.85000000000E+09 +9.340885641E-02 -7.997385888E-02 +1.007206502E-01 -2.266010534E-03 -1.666692375E-01 +1.636173741E-01
2.86000000000E+09 -9.452946253E-02 -7.590038888E-02 +6.151664858E-02 -9.373652082E-02 -1.728101246E-01 +1.690096631E-01
2.87000000000E+09 -5.711665485E-02 +1.055636864E-01 +6.735151956E-03 -9.802180642E-02 -1.733499745E-01 +1.738702834E-01
2.88000000000E+09 +1.130331743E-01 +3.740268240E-02 +4.193149698E-03 -1.060198817E-01 -1.786163507E-01 +1.771473698E-01
2.89000000000E+09 +1.748833628E-02 -1.170940438E-01 -4.330406955E-02 -1.493725009E-01 -1.753200604E-01 +1.896178162E-01
2.90000000000E+09 -1.197596300E-01 +2.739397118E-03 -1.387922898E-01 -1.124356518E-01 -1.550476904E-01 +1.906078184E-01
2.91000000000E+09 +2.561017808E-02 +1.186421064E-01 -1.475296152E-01 -3.276529559E-03 -1.512158095E-01 +1.712770182E-01
2.92000000000E+09 +1.106951436E-01 -4.831979112E-02 -8.004079858E-02 +3.922048876E-02 -1.729752933E-01 +1.687351904E-01
2.93000000000E+09 -6.693665434E-02 -9.908198563E-02 -5.703527304E-02 +3.590725193E-02 -1.775024628E-01 +1.911437195E-01
2.94000000000E+09 -8.550640337E-02 +8.358888252E-02 -3.251835291E-02 +7.820774682E-02 -1.585367894E-01 +1.996982194E-01
2.95000000000E+09 +9.825161917E-02 +6.868788333E-02 +6.523949653E-02 +8.518858918E-02 -1.453113229E-01 +1.863804393E-01
2.96000000000E+09 +4.870760270E-02 -1.090735037E-01 +1.246180862E-01 -1.084778051E-02 -1.484647646E-01 +1.729530301E-01
2.97000000000E+09 -1.149666600E-01 -2.708170858E-02 +7.755636250E-02 -8.717183670E-02 -1.643987353E-01 +1.702713503E-01
2.98000000000E+09 -6.013800674E-03 +1.162787375E-01 +3.872213201E-02 -8.663372064E-02 -1.833863455E-01 +1.882518478E-01
2.99000000000E+09 +1.147420330E-01 -1.302431597E-02 +3.657420214E-02 -1.107495305E-01 -1.732818506E-01 +2.196028718E-01
3.00000000000E+09 -2.543070561E-02 -1.148331761E-01 -1.959764318E-02 -1.531432340E-01 -1.279178767E-01 +2.234995673E-01
3.01000000000E+09 -1.110782954E-01 +4.789094174E-02 -1.147854052E-01 -1.036921661E-01 -1.061748287E-01 +1.802085508E-01
3.02000000000E+09 +7.028359254E-02 +9.799765083E-02 -1.125993476E-01 -1.680797464E-03 -1.452255917E-01 +1.450296910E-01
3.03000000000E+09 +7.955791233E-02 -8.563671574E-02 -6.184282138E-02 +2.670901970E-02 -1.932366194E-01 +1.677802842E-01
3.04000000000E+09 -9.479780523E-02 -6.171374333E-02 -5.984574035E-02 +4.015768588E-02 -1.969616034E-01 +2.206020119E-01
3.05000000000E+09 -4.567821447E-02 +1.022242654E-01 -2.881962390E-02 +1.023217106E-01 -1.556109351E-01 +2.576152591E-01
3.06000000000E+09 +1.106793508E-01 +2.881278286E-02 +7.619840919E-02 +1.102843806E-01 -9.337617292E-02 +2.450064059E-01
3.07000000000E+09 +6.358301276E-03 -1.180004319E-01 +1.330661018E-01 +1.950094820E-02 -6.753419990E-02 +1.777755928E-01
3.08000000000E+09 -1.169420653E-01 +2.119882101E-02 +9.695760540E-02 -4.368749514E-02 -1.281404736E-01 +1.225701531E-01
3.09000000000E+09 +4.402289354E-02 +1.056825099E-01 +8.219008711E-02 -5.442646904E-02 -2.074163283E-01 +1.569616988E-01
3.10000000000E+09 +9.410476332E-02 -5.895822052E-02 +7.358564715E-02 -1.087904300E-01 -2.044854191E-01 +2.387522936E-01
3.11000000000E+09 -7.338170617E-02 -8.485878527E-02 -1.922910940E-02 -1.519171183E-01 -1.352918554E-01 +2.774728061E-01
3.12000000000E+09 -7.244800877E-02 +9.007138154E-02 -1.174913184E-01 -8.177461417E-02 -7.470659804E-02 +2.456968539E-01
3.13000000000E+09 +1.058352254E-01 +5.308199714E-02 -1.085248413E-01 +1.754053802E-02 -6.765530190E-02 +1.782836770E-01
3.14000000000E+09 +2.812646641E-02 -1.138259637E-01 -7.318324977E-02 +4.551168857E-02 -1.210696545E-01 +1.335469288E-01
3.15000000000E+09 -1.117926295E-01 -4.762927372E-03 -7.275308495E-02 +8.442073550E-02 -1.916091646E-01 +1.639628231E-01
3.16000000000E+09 +1.137818426E-02 +1.065254436E-01 -1.304182041E-02 +1.506356433E-01 -1.957214602E-01 +2.460367957E-01
3.17000000000E+09 +1.047947066E-01 -2.444013896E-02 +9.816422544E-02 +1.320687755E-01 -1.211943305E-01 +2.882607324E-01
3.18000000000E+09 -4.287368384E-02 -1.047249224E-01 +1.353931622E-01 +3.369688038E-02 -5.421403171E-02 +2.438676316E-01
3.19000000000E+09 -9.690098648E-02 +6.642733184E-02 +9.493787096E-02 -1.901521255E-02 -6.926160097E-02 +1.708333271E-01
3.20000000000E+09 +8.609104099E-02 +7.986747954E-02 +8.528835239E-02 -3.511670410E-02 -1.253065193E-01 +1.519934036E-01
3.21000000000E+09 +5.949269809E-02 -9.819913763E-02 +6.058090309E-02 -9.782674235E-02 -1.611749702E-01 +1.848788300E-01
3.22000000000E+09 -1.038544450E-01 -3.958655721E-02 -4.638732336E-02 -1.195721161E-01 -1.645789997E-01 +2.364394686E-01
3.23000000000E+09 -2.205197431E-02 +1.070440113E-01 -1.228589692E-01 -3.440157084E-02 -1.222425146E-01 +2.723993610E-01
3.24000000000E+09 +1.108831966E-01 +4.609184666E-03 -1.009599454E-01 +4.529124742E-02 -6.031972208E-02 +2.492584060E-01
3.25000000000E+09 -1.725972496E-02 -1.120195534E-01 -7.902036500E-02 +6.266866609E-02 -5.826802726E-02 +1.798599841E-01
3.26000000000E+09 -1.047469320E-01 +3.975480651E-02 -8.308332714E-02 +1.087973665E-01 -1.215970608E-01 +1.586129020E-01
3.27000000000E+09 +5.564593103E-02 +9.348095106E-02 -1.561685308E-02 +1.703240155E-01 -1.536280112E-01 +2.065027995E-01
3.28000000000E+09 +8.328038394E-02 -6.907735340E-02 +8.575472223E-02 +1.372500644E-01 -1.309139085E-01 +2.497496724E-01
3.29000000000E+09 -8.331029291E-02 -7.176820848E-02 +1.033913143E-01 +4.914016522E-02 -9.722116244E-02 +2.544396384E-01
3.30000000000E+09 -5.666380442E-02 +9.748950778E-02 +7.347656796E-02 +1.506151373E-02 -6.704359914E-02 +2.348094746E-01
3.31000000000E+09 +1.096627871E-01 +3.662832731E-02 +8.014124471E-02 -1.201424666E-02 -5.726662916E-02 +1.957256249E-01
3.32000000000E+09 +1.145617721E-02 -1.147145893E-01 +4.628476117E-02 -8.872260029E-02 -1.000124700E-01 +1.678362191E-01
3.33000000000E+09 -1.098508137E-01 +1.200695587E-02 -6.680598616E-02 -1.026917154E-01 -1.488333629E-01 +2.047258569E-01
3.34000000000E+09 +2.829063036E-02 +1.024600280E-01 -1.310163060E-01 -2.247533448E-02 -1.245734233E-01 +2.635955964E-01
3.35000000000E+09 +9.746826100E-02 -4.305495786E-02 -1.182922461E-01 +3.665358599E-02 -6.174197664E-02 +2.621153987E-01
3.36000000000E+09 -6.079423014E-02 -9.022301629E-02 -1.212773227E-01 +5.985218468E-02 -4.224408299E-02 +2.101551844E-01
3.37000000000E+09 -7.791395129E-02 +7.781977487E-02 -1.237805796E-01 +1.281527196E-01 -7.102453724E-02 +1.752447992E-01
3.38000000000E+09 +9.105877186E-02 +6.135120834E-02 -3.931866231E-02 +1.896792436E-01 -1.101315383E-01 +1.826570466E-01
3.39000000000E+09 +4.282980808E-02 -9.967209023E-02 +6.009220473E-02 +1.452311057E-01 -1.368967701E-01 +2.181397269E-01
3.40000000000E+09 -1.044899966E-01 -2.478833140E-02 +7.315413567E-02 +6.595035006E-02 -1.161786836E-01 +2.654129874E-01
3.41000000000E+09 -7.412712724E-03 +1.090432606E-01 +6.293625618E-02 +3.300424798E-02 -4.558103315E-02 +2.733153889E-01
3.42000000000E+09 +1.125560286E-01 -1.435258782E-02 +7.533672213E-02 -2.098607517E-02 -8.757032967E-03 +2.051194557E-01
3.43000000000E+09 -4.050380901E-02 -1.062034810E-01 +1.691576055E-02 -1.085848422E-01 -7.156428572E-02 +1.443901396E-01
3.44000000000E+09 -9.034372466E-02 +5.907496995E-02 -1.035100135E-01 -1.056279361E-01 -1.454062119E-01 +1.825384843E-01
3.45000000000E+09 +6.900665628E-02 +7.606186030E-02 -1.552462531E-01 -2.601302273E-02 -1.385690926E-01 +2.603873998E-01
3.46000000000E+09 +6.500606444E-02 -7.756712990E-02 -1.492717336E-01 +2.141933672E-02 -7.676408776E-02 +2.932456540E-01
3.47000000000E+09 -8.893709126E-02 -5.443870721E-02 -1.643658112E-01 +5.537792799E-02 -1.233117340E-02 +2.620540623E-01
3.48000000000E+09 -3.906487662E-02 +1.018642347E-01 -1.539044535E-01 +1.380507493E-01 +3.512435251E-03 +1.911269083E-01
3.49000000000E+09 +1.106997959E-01 +1.574834002E-02 -5.168499581E-02 +1.883532604E-01 -6.521260948E-02 +1.385048985E-01
3.50000000000E+09 -9.242441101E-03 -1.084494879E-01 +3.995043688E-02 +1.288982436E-01 -1.502441086E-01 +1.783321944E-01
3.51000000000E+09 -1.006312562E-01 +2.710042171E-02 +4.860437970E-02 +5.864805403E-02 -1.368734328E-01 +2.787148254E-01
3.52000000000E+09 +4.100632327E-02 +9.559942133E-02 +5.424144149E-02 +2.231596381E-02 -4.001430487E-02 +3.141336065E-01
3.53000000000E+09 +9.047333195E-02 -5.894243184E-02 +6.315072730E-02 -5.224708629E-02 +2.908856668E-02 +2.422541372E-01
3.54000000000E+09 -7.911806972E-02 -7.729548089E-02 -1.344296588E-02 -1.373861693E-01 -3.938725281E-03 +1.477665763E-01
3.55000000000E+09 -5.630034322E-02 +9.259234669E-02 -1.295818368E-01 -1.202670159E-01 -9.588355382E-02 +1.380069534E-01
3.56000000000E+09 +9.641836631E-02 +3.591273822E-02 -1.697321572E-01 -4.789034608E-02 -1.462635751E-01 +2.113985690E-01
3.57000000000E+09 +2.056115588E-02 -9.722866019E-02 -1.749354766E-01 -9.679001605E-03 -1.114626068E-01 +2.899610598E-01
3.58000000000E+09 -1.004903682E-01 -7.864591989E-03 -1.976282685E-01 +4.139992268E-02 -1.715186613E-02 +3.048408542E-01
3.59000000000E+09 +9.574689141E-03 +1.061502856E-01 -1.656076838E-01 +1.353750813E-01 +3.972308851E-02 +2.284761327E-01
3.60000000000E+09 +1.056087369E-01 -3.507754748E-02 -4.737958928E-02 +1.667768927E-01 -1.540860666E-02 +1.350994262E-01
3.61000000000E+09 -5.824294664E-02 -9.186266719E-02 +3.230876324E-02 +9.526815296E-02 -1.151673801E-01 +1.550381629E-01
3.62000000000E+09 -7.509718924E-02 +7.091276940E-02 +3.942512502E-02 +3.459195517E-02 -1.292635280E-01 +2.556369170E-01
3.63000000000E+09 +7.907553710E-02 +6.224055738E-02 +5.704454104E-02 -8.094150521E-03 -5.467149330E-02 +3.111969686E-01
3.64000000000E+09 +5.066469998E-02 -8.928093714E-02 +5.588319896E-02 -9.620560611E-02 +2.978830567E-02 +2.731117455E-01
3.65000000000E+09 -1.009818963E-01 -3.399121943E-02 -3.455806345E-02 -1.686874353E-01 +4.140526027E-02 +1.790587005E-01
3.66000000000E+09 -1.071185042E-02 +1.072030774E-01 -1.387441153E-01 -1.367046271E-01 -3.571869067E-02 +1.242305646E-01
3.67000000000E+09 +1.034641266E-01 -1.237871828E-02 -1.658280599E-01 -7.229308130E-02 -1.200156615E-01 +1.699473392E-01
3.68000000000E+09 -2.874537859E-02 -9.572181917E-02 -1.778758668E-01 -3.868284507E-02 -1.126577208E-01 +2.640564085E-01
3.69000000000E+09 -8.994199760E-02 +4.161835285E-02 -1.967579144E-01 +2.614710370E-02 -2.729328152E-02 +3.046202397E-01
3.70000000000E+09 +5.783137687E-02 +8.514588946E-02 -1.422083734E-01 +1.150516176E-01 +4.302361982E-02 +2.434110066E-01
3.71000000000E+09 +7.385108556E-02 -7.728721778E-02 -2.753011197E-02 +1.219397121E-01 +2.285825018E-02 +1.489737345E-01
3.72000000000E+09 -9.222302909E-02 -5.343575508E-02 +3.020398003E-02 +5.540860652E-02 -6.770440440E-02 +1.307552314E-01
3.73000000000E+09 -3.166431734E-02 +9.687781994E-02 +4.400852368E-02 +1.400777949E-02 -1.241372517E-01 +2.042281504E-01
3.74000000000E+09 +9.675667979E-02 +1.503177478E-02 +7.734237221E-02 -3.588725280E-02 -9.077626607E-02 +2.861238242E-01
3.75000000000E+09 +1.102244801E-03 -9.769713713E-02 +6.600986145E-02 -1.339778812E-01 -5.299846735E-03 +2.983020137E-01
3.76000000000E+09 -9.992986103E-02 +1.558781568E-02 -3.147688132E-02 -1.905468264E-01 +5.262930428E-02 +2.312262903E-01
3.77000000000E+09 +3.732986142E-02 +9.763786102E-02 -1.170099990E-01 -1.501500738E-01 +2.256069890E-02 +1.497708201E-01
3.78000000000E+09 +8.622316344E-02 -5.842384639E-02 -1.358586820E-01 -1.018438228E-01 -6.344483963E-02 +1.411633419E-01
3.79000000000E+09 -7.150414943E-02 -6.984829824E-02 -1.621063489E-01 -7.164457098E-02 -1.074977664E-01 +2.113380808E-01
3.80000000000E+09 -5.509423759E-02 +7.916950202E-02 -1.792734495E-01 +8.584898199E-03 -7.188787569E-02 +2.814960507E-01
3.81000000000E+09 +8.631441247E-02 +4.294274911E-02 -1.097533809E-01 +9.258537948E-02 +8.154036747E-03 +2.875271085E-01
3.82000000000E+09 +2.886709202E-02 -9.522966343E-02 -4.588974009E-03 +8.721611761E-02 +5.594733458E-02 +2.210002974E-01
3.83000000000E+09 -1.021263873E-01 -8.972403004E-03 +4.125568363E-02 +3.366911935E-02 +2.197530909E-02 +1.470557739E-01
3.84000000000E+09 +1.366707677E-02 +1.011636700E-01 +6.646761313E-02 +5.612258630E-03 -5.936912687E-02 +1.464002231E-01
3.85000000000E+09 +9.330965647E-02 -3.221302209E-02 +1.092998564E-01 -5.200593911E-02 -9.950690109E-02 +2.148572510E-01
3.86000000000E+09 -4.566924623E-02 -8.420242818E-02 +8.784341844E-02 -1.510856031E-01 -6.012679725E-02 +2.766758591E-01
3.87000000000E+09 -7.624316841E-02 +5.804398963E-02 -6.191455561E-03 -1.897850336E-01 +1.631311738E-02 +2.828838528E-01
3.88000000000E+09 +7.238214408E-02 +6.703891547E-02 -7.061169234E-02 -1.510881731E-01 +6.258654922E-02 +2.235783088E-01
3.89000000000E+09 +5.252570169E-02 -8.706256387E-02 -8.972839166E-02 -1.206698080E-01 +3.146956857E-02 +1.445489045E-01
3.90000000000E+09 -9.580252548E-02 -3.105229822E-02 -1.303450785E-01 -8.910261427E-02 -5.565044352E-02 +1.341939126E-01
3.91000000000E+09 -1.071037306E-02 +9.582018003E-02 -1.445375244E-01 +1.856110209E-03 -1.005206612E-01 +2.130187627E-01
3.92000000000E+09 +9.275950853E-02 -4.177721866E-03 -7.108609531E-02 +7.751083683E-02 -5.534104172E-02 +2.870167986E-01
3.93000000000E+09 -1.720485211E-02 -9.155201324E-02 +1.534023922E-02 +7.122941580E-02 +3.304281997E-02 +2.829594730E-01
3.94000000000E+09 -9.095528646E-02 +3.348508688E-02 +5.380846847E-02 +4.279433736E-02 +7.748060717E-02 +2.076552733E-01
3.95000000000E+09 +5.367383734E-02 +8.509708820E-02 +9.778718108E-02 +2.988449092E-02 +2.795282468E-02 +1.323073143E-01
3.96000000000E+09 +7.050688178E-02 -7.139115581E-02 +1.529785183E-01 -3.531964675E-02 -6.528510343E-02 +1.325544446E-01
3.97000000000E+09 -8.096412367E-02 -5.207197343E-02 +1.274387530E-01 -1.349791997E-01 -1.023682885E-01 +2.209985894E-01
3.98000000000E+09 -3.667515504E-02 +8.510988893E-02 +4.355221288E-02 -1.659639405E-01 -4.347226761E-02 +3.060604832E-01
3.99000000000E+09 +9.026779091E-02 +2.458354798E-02 -7.947745394E-03 -1.437508326E-01 +5.896181034E-02 +2.912765799E-01
4.00000000000E+09 +8.820703556E-03 -9.705114695E-02 -4.459280145E-02 -1.325672058E-01 +9.934638146E-02 +1.814885376E-01
4.01000000000E+09 -9.926504702E-02 +1.369704960E-02 -1.087411207E-01 -9.059588362E-02 +1.783277339E-02 +9.912904777E-02
4.02000000000E+09 +3.504100361E-02 +9.087038032E-02 -1.229769291E-01 +1.699237657E-02 -9.537381180E-02 +1.432804559E-01
4.03000000000E+09 +7.848789162E-02 -4.803205499E-02 -4.957361801E-02 +9.292345689E-02 -1.035438052E-01 +2.531573334E-01
4.04000000000E+09 -5.664299188E-02 -6.937205840E-02 +2.405108152E-02 +9.796539533E-02 -9.637646697E-03 +3.156323369E-01
4.05000000000E+09 -6.279225230E-02 +6.731256840E-02 +7.040205555E-02 +9.504094963E-02 +8.975111212E-02 +2.754063447E-01
4.06000000000E+09 +8.239800993E-02 +5.276768266E-02 +1.410411542E-01 +8.389706141E-02 +9.991177685E-02 +1.528286464E-01
4.07000000000E+09 +3.282217237E-02 -9.559589798E-02 +2.031223985E-01 -1.307825496E-03 -6.150002278E-03 +8.215497116E-02
4.08000000000E+09 -9.703123556E-02 -8.570505233E-03 +1.667074552E-01 -1.072315348E-01 -1.136392564E-01 +1.655479547E-01
4.09000000000E+09 +8.648032244E-03 +9.163245556E-02 +8.428342186E-02 -1.383462265E-01 -9.072272076E-02 +2.954776304E-01
4.10000000000E+09 +8.774952592E-02 -2.026096149E-02 +2.830643545E-02 -1.329271851E-01 +3.230043678E-02 +3.255349275E-01
4.11000000000E+09 -3.454851459E-02 -8.682863928E-02 -3.679038639E-02 -1.265983081E-01 +1.250147668E-01 +2.324685227E-01
4.12000000000E+09 -8.155432885E-02 +5.447150531E-02 -1.184150429E-01 -6.103738646E-02 +7.936338460E-02 +1.113244932E-01
4.13000000000E+09 +7.233978180E-02 +6.578348218E-02 -1.231984813E-01 +6.347071519E-02 -5.471367993E-02 +9.746789275E-02
4.14000000000E+09 +4.640998900E-02 -8.020175712E-02 -4.554700515E-02 +1.366615115E-01 -1.143633434E-01 +2.099764028E-01
4.15000000000E+09 -8.221035706E-02 -3.201297755E-02 +2.201304873E-02 +1.484330007E-01 -4.512566142E-02 +3.209909531E-01
4.16000000000E+09 -2.148259813E-02 +8.609065959E-02 +8.020662931E-02 +1.561239011E-01 +7.861855137E-02 +3.131755467E-01
4.17000000000E+09 +9.409632847E-02 +7.768221865E-03 +1.659071009E-01 +1.296489999E-01 +1.408760018E-01 +1.872140609E-01
4.18000000000E+09 -1.484718954E-02 -9.828290644E-02 +2.141702991E-01 +2.328089306E-02 +5.469433548E-02 +7.748549157E-02
4.19000000000E+09 -8.994948545E-02 +3.924140264E-02 +1.573016587E-01 -7.726846030E-02 -8.913672170E-02 +1.227911075E-01
4.20000000000E+09 +5.319214735E-02 +7.504526157E-02 +7.516726643E-02 -9.976008172E-02 -1.060705985E-01 +2.584795819E-01
4.21000000000E+09 +6.384608233E-02 -6.096371040E-02 +1.479774949E-02 -1.005760975E-01 +9.238333191E-03 +3.261799551E-01
4.22000000000E+09 -7.056905573E-02 -5.561256088E-02 -6.646273515E-02 -8.625300459E-02 +1.219581627E-01 +2.684900273E-01
4.23000000000E+09 -4.361351447E-02 +8.359955539E-02 -1.422118534E-01 +1.125057808E-04 +1.198219971E-01 +1.371199677E-01
4.24000000000E+09 +9.336407693E-02 +2.320533501E-02 -1.259851602E-01 +1.201970635E-01 +2.396601324E-03 +7.444518290E-02
4.25000000000E+09 +1.110455658E-03 -9.268450958E-02 -4.999626961E-02 +1.740130455E-01 -9.983043811E-02 +1.601093676E-01
4.26000000000E+09 -8.614085968E-02 +1.419968872E-02 +6.279150884E-03 +1.846668971E-01 -7.728677236E-02 +2.876019041E-01
4.27000000000E+09 +2.515749370E-02 +8.199373159E-02 +6.992424485E-02 +1.920226245E-01 +4.215471912E-02 +3.204433254E-01
4.28000000000E+09 +8.076710406E-02 -3.796557747E-02 +1.532850199E-01 +1.457057508E-01 +1.399156382E-01 +2.333721392E-01
4.29000000000E+09 -5.713542531E-02 -7.551210402E-02 +1.747774802E-01 +3.311420793E-02 +1.012843915E-01 +1.117280393E-01
4.30000000000E+09 -5.967585985E-02 +7.502495140E-02 +1.058419045E-01 -4.620359232E-02 -3.453547944E-02 +9.324674313E-02
4.31000000000E+09 +8.258792835E-02 +3.931011334E-02 +3.682922458E-02 -5.979640001E-02 -9.580135558E-02 +1.980177857E-01
4.32000000000E+09 +2.326553259E-02 -8.354801417E-02 -2.097531804E-02 -6.936612176E-02 -3.296051257E-02 +2.987614210E-01
4.33000000000E+09 -8.480799178E-02 -1.091552047E-02 -1.077881987E-01 -5.029810561E-02 +7.173400517E-02 +2.991793887E-01
4.34000000000E+09 +2.786733098E-03 +8.771006137E-02 -1.679314895E-01 +4.174977847E-02 +1.299085329E-01 +2.090536847E-01
4.35000000000E+09 +8.836317105E-02 -2.101982580E-02 -1.371076294E-01 +1.399185687E-01 +8.734883252E-02 +1.136553048E-01
4.36000000000E+09 -4.023089455E-02 -8.160433559E-02 -7.403465589E-02 +1.708292622E-01 -2.227073924E-02 +1.083194293E-01
4.37000000000E+09 -6.849152030E-02 +5.421646786E-02 -3.376199411E-02 +1.800247867E-01 -7.799110869E-02 +1.985427587E-01
4.38000000000E+09 +6.209625070E-02 +5.667677729E-02 +2.738636639E-02 +1.854386850E-01 -2.071980573E-02 +2.828128734E-01
4.39000000000E+09 +4.710547712E-02 -6.957976497E-02 +9.715250064E-02 +1.293064518E-01 +7.543136696E-02 +2.815970978E-01
4.40000000000E+09 -7.926623014E-02 -3.603774234E-02 +9.642241844E-02 +3.048571791E-02 +1.143152733E-01 +2.033258905E-01
4.41000000000E+09 -1.947910963E-02 +8.791313849E-02 +3.452720967E-02 -2.113960770E-02 +7.314601492E-02 +1.311922298E-01
4.42000000000E+09 +9.026290435E-02 -7.271721982E-04 -9.203919010E-03 -3.028904926E-02 +2.026239124E-03 +1.293079977E-01
4.43000000000E+09 -1.930779443E-02 -8.552147649E-02 -5.307207645E-02 -5.049720467E-02 -3.983303054E-02 +1.873790098E-01
4.44000000000E+09 -7.734753121E-02 +3.345136472E-02 -1.279540287E-01 -3.650664904E-02 -1.934228573E-02 +2.515071138E-01
4.45000000000E+09 +4.422949805E-02 +6.946763778E-02 -1.651717586E-01 +3.577327049E-02 +5.018603953E-02 +2.684502152E-01
4.46000000000E+09 +6.248356096E-02 -5.510876385E-02 -1.356046249E-01 +9.098797218E-02 +1.049132296E-01 +2.173196013E-01
4.47000000000E+09 -6.719611497E-02 -5.238965616E-02 -1.065525048E-01 +9.822868559E-02 +8.524275964E-02 +1.483576305E-01
4.48000000000E+09 -3.778984416E-02 +7.724640586E-02 -9.572760938E-02 +1.147964462E-01 +1.775821243E-02 +1.314174335E-01
4.49000000000E+09 +8.195088008E-02 +2.105178483E-02 -4.772466145E-02 +1.338292742E-01 -2.225808034E-02 +1.774934260E-01
4.50000000000E+09 +5.777021672E-03 -8.256243578E-02 +9.688845119E-03 +9.473372934E-02 -1.027550800E-02 +2.325312420E-01
4.51000000000E+09 -8.151432790E-02 +8.062015831E-03 +1.185497927E-02 +3.228420564E-02 +3.706528009E-02 +2.553109337E-01
4.52000000000E+09 +2.162713856E-02 +7.991789020E-02 -7.443806667E-03 +5.340965031E-03 +8.856338015E-02 +2.254560649E-01
4.53000000000E+09 +7.660303749E-02 -3.692262158E-02 -4.928546918E-03 -2.299048152E-02 +9.330230651E-02 +1.633140212E-01
4.54000000000E+09 -5.316220222E-02 -6.781858668E-02 -3.203894329E-02 -8.026043958E-02 +3.075819427E-02 +1.348390840E-01
4.55000000000E+09 -5.372514192E-02 +6.504938836E-02 -1.076145501E-01 -9.612179863E-02 -2.185320343E-02 +1.789553692E-01
4.56000000000E+09 +7.135575402E-02 +3.969086255E-02 -1.542331406E-01 -5.435643638E-02 +3.185868434E-03 +2.365546396E-01
4.57000000000E+09 +2.732280278E-02 -7.548102506E-02 -1.595521932E-01 -2.175917611E-02 +6.519825468E-02 +2.434449774E-01
4.58000000000E+09 -8.004105979E-02 -1.464169918E-02 -1.733585032E-01 +2.906824168E-03 +9.001881829E-02 +1.979401321E-01
4.59000000000E+09 +6.395612324E-04 +8.283970486E-02 -1.706844127E-01 +6.244659011E-02 +6.286200474E-02 +1.520864208E-01
4.60000000000E+09 +8.162209304E-02 -1.738914119E-02 -1.009580649E-01 +1.094919266E-01 +1.290295296E-02 +1.557993815E-01
4.61000000000E+09 -3.270182455E-02 -7.546619251E-02 -1.914935956E-02 +8.141093094E-02 -7.181314542E-03 +2.123424047E-01
4.62000000000E+09 -6.758557078E-02 +4.467785878E-02 +1.300973306E-02 +2.462571700E-02 +3.817034783E-02 +2.559826580E-01
4.63000000000E+09 +5.576106319E-02 +6.005767323E-02 +3.027004374E-02 -1.982876556E-02 +1.101773097E-01 +2.250665306E-01
4.64000000000E+09 +4.995343049E-02 -6.848769478E-02 +4.302433672E-02 -8.965807873E-02 +1.105101600E-01 +1.450240179E-01
4.65000000000E+09 -7.908828623E-02 -3.350887618E-02 -8.605479701E-03 -1.715834211E-01 +2.048121439E-02 +1.154958916E-01
4.66000000000E+09 -1.462115642E-02 +8.195597458E-02 -1.044819537E-01 -1.814892056E-01 -3.660873996E-02 +1.829345650E-01
4.67000000000E+09 +7.901714185E-02 -1.308724713E-04 -1.575137776E-01 -1.324647970E-01 +1.328956020E-02 +2.652835561E-01
4.68000000000E+09 -1.147113233E-02 -7.686278992E-02 -1.732804846E-01 -8.901601546E-02 +1.048360000E-01 +2.656283198E-01
4.69000000000E+09 -7.607041306E-02 +2.355777752E-02 -1.859700064E-01 -3.770169583E-02 +1.491517797E-01 +1.746053637E-01
4.70000000000E+09 +3.963601023E-02 +7.310324026E-02 -1.567950066E-01 +3.951671824E-02 +9.064668387E-02 +7.603247905E-02
4.71000000000E+09 +6.239939715E-02 -5.600906510E-02 -6.298063741E-02 +7.616269407E-02 -3.734822864E-02 +9.408627866E-02
4.72000000000E+09 -6.533302568E-02 -4.667005596E-02 +1.865499108E-02 +3.774784536E-02 -8.591034193E-02 +2.295205952E-01
4.73000000000E+09 -3.389569493E-02 +6.836628575E-02 +5.447482020E-02 -1.274391201E-02 +1.978267716E-02 +3.276862627E-01
4.74000000000E+09 +7.205119831E-02 +2.467141472E-02 +8.487174362E-02 -6.109474138E-02 +1.680748141E-01 +2.888740162E-01
4.75000000000E+09 +1.350423293E-02 -7.897645122E-02 +9.517082312E-02 -1.410136324E-01 +2.020655819E-01 +1.400230393E-01
4.76000000000E+09 -8.393133751E-02 +4.603502304E-03 +3.586562618E-02 -2.150950925E-01 +7.497838632E-02 +2.423433890E-02
4.77000000000E+09 +2.437375064E-02 +7.883724157E-02 -4.945416879E-02 -2.138547689E-01 -7.561759840E-02 +8.665828310E-02
4.78000000000E+09 +6.756411616E-02 -3.737799568E-02 -9.210509997E-02 -1.727122986E-01 -8.764663509E-02 +2.560936703E-01
4.79000000000E+09 -4.391016389E-02 -5.875868498E-02 -1.175252201E-01 -1.339892922E-01 +3.873529329E-02 +3.455691511E-01
4.80000000000E+09 -5.410364290E-02 +5.089054459E-02 -1.353491856E-01 -6.847318512E-02 +1.843500353E-01 +2.758893477E-01
4.81000000000E+09 +6.302938651E-02 +4.840727788E-02 -9.507924829E-02 +1.983627586E-02 +2.084120302E-01 +1.120472180E-01
4.82000000000E+09 +3.425556782E-02 -7.686034316E-02 +6.384907050E-03 +5.370907852E-02 +5.921933678E-02 +1.940631688E-02
4.83000000000E+09 -8.193377746E-02 -1.358408502E-02 +8.568596111E-02 +1.700206964E-02 -8.787976237E-02 +1.061158959E-01
4.84000000000E+09 +3.282352012E-03 +7.798228983E-02 +1.273067937E-01 -2.706904309E-02 -6.526187563E-02 +2.650579417E-01
4.85000000000E+09 +7.359970307E-02 -1.403939160E-02 +1.631054188E-01 -8.412648988E-02 +6.850055562E-02 +3.278909879E-01
4.86000000000E+09 -2.438557349E-02 -7.206352610E-02 +1.563287452E-01 -1.706873733E-01 +1.758684522E-01 +2.465039199E-01
4.87000000000E+09 -7.041527943E-02 +3.807394799E-02 +7.976961711E-02 -2.256088128E-01 +1.724220188E-01 +1.038123325E-01
4.88000000000E+09 +5.477216489E-02 +6.196576946E-02 -2.550960030E-04 -2.009534151E-01 +5.071681261E-02 +5.073611398E-02
4.89000000000E+09 +4.694827796E-02 -6.683520552E-02 -3.067691844E-02 -1.501683993E-01 -5.584193692E-02 +1.387895100E-01
4.90000000000E+09 -7.168721039E-02 -3.177810370E-02 -4.782546311E-02 -1.046599152E-01 -2.707508972E-02 +2.497181525E-01
4.91000000000E+09 -1.954926817E-02 +7.447488329E-02 -4.730677378E-02 -3.366399557E-02 +8.200099098E-02 +2.730107094E-01
4.92000000000E+09 +7.811559428E-02 +6.964991932E-03 +1.409102820E-02 +3.150769177E-02 +1.427315561E-01 +2.080869837E-01
4.93000000000E+09 -8.661042775E-03 -8.033094862E-02 +9.797320413E-02 +2.747343011E-02 +1.127174013E-01 +1.245033369E-01
4.94000000000E+09 -7.678973583E-02 +2.596352422E-02 +1.324398202E-01 -1.468469399E-02 +4.205678358E-02 +1.084295523E-01
4.95000000000E+09 +4.073698987E-02 +6.807501650E-02 +1.411617451E-01 -3.594818741E-02 +4.469624719E-04 +1.674233218E-01
4.96000000000E+09 +5.746769636E-02 -5.112379622E-02 +1.571246511E-01 -6.288194007E-02 +2.151941086E-02 +2.250646683E-01
4.97000000000E+09 -5.925899519E-02 -4.771634452E-02 +1.406396422E-01 -1.057844930E-01 +8.102144711E-02 +2.202695136E-01
4.98000000000E+09 -3.676559367E-02 +6.709973000E-02 +9.024366565E-02 -1.099808096E-01 +1.081827360E-01 +1.764375938E-01
4.99000000000E+09 +7.385222851E-02 +2.308812210E-02 +6.896960685E-02 -7.325588836E-02 +7.615873731E-02 +1.457804584E-01
5.00000000000E+09 +7.504618653E-03 -7.664042569E-02 +7.814624703E-02 -5.648790992E-02 +3.605583679E-02 +1.514667553E-01
5.01000000000E+09 -7.524447081E-02 +7.355741584E-03 +6.636159878E-02 -5.233969653E-02 +3.233294710E-02 +1.800847435E-01
5.02000000000E+09 +2.073555557E-02 +7.113566115E-02 +5.424426235E-02 -1.898487126E-02 +5.074156482E-02 +2.073807783E-01
5.03000000000E+09 +6.559462417E-02 -3.255315930E-02 +7.767395892E-02 +1.076703272E-02 +7.960573873E-02 +2.062254236E-01
5.04000000000E+09 -4.334108056E-02 -5.892885967E-02 +9.665168483E-02 +5.377202777E-03 +1.023061906E-01 +1.700370843E-01
5.05000000000E+09 -4.996194168E-02 +5.392625643E-02 +8.534924969E-02 +8.516566054E-03 +8.297920983E-02 +1.345794357E-01
5.06000000000E+09 +6.249782531E-02 +3.793049479E-02 +9.093397006E-02 +3.811855926E-02 +3.242399666E-02 +1.383806417E-01
5.07000000000E+09 +2.466756066E-02 -6.722067060E-02 +1.224858447E-01 +4.421165291E-02 +1.044426902E-02 +1.761803109E-01
5.08000000000E+09 -6.855866371E-02 -1.199365411E-02 +1.311394227E-01 +2.578332810E-02 +3.590147008E-02 +2.159812657E-01
5.09000000000E+09 -6.072511592E-04 +6.844140366E-02 +1.241414728E-01 +2.594205303E-02 +8.286964590E-02 +2.266259282E-01
5.10000000000E+09 +6.776995136E-02 -1.054614520E-02 +1.379591770E-01 +2.715713033E-02 +1.194575105E-01 +1.870895764E-01
5.11000000000E+09 -2.268461225E-02 -6.620135047E-02 +1.435112471E-01 -4.397962534E-03 +1.065991362E-01 +1.180860350E-01
5.12000000000E+09 -6.073701988E-02 +3.622049253E-02 +1.046325157E-01 -3.088496387E-02 +2.996205420E-02 +9.934487540E-02
5.13000000000E+09 +4.716631712E-02 +5.058949427E-02 +6.181397108E-02 -1.534640911E-02 -3.122606714E-02 +1.731499764E-01
5.14000000000E+09 +3.957845957E-02 -5.317829322E-02 +4.298386473E-02 +5.387077405E-03 +9.512891074E-03 +2.612588571E-01
5.15000000000E+09 -5.710511248E-02 -3.050949316E-02 +1.509968645E-02 +2.137663006E-02 +1.112532720E-01 +2.676877900E-01
5.16000000000E+09 -2.179391756E-02 +6.165057037E-02 -1.373421213E-02 +7.015896136E-02 +1.739819082E-01 +1.874264057E-01
5.17000000000E+09 +6.623512125E-02 +1.089892955E-02 +6.438890277E-03 +1.354688359E-01 +1.359229699E-01 +8.448945004E-02
5.18000000000E+09 -3.093670345E-03 -6.755085400E-02 +6.320871762E-02 +1.580158669E-01 +1.997193683E-02 +5.859945874E-02
5.19000000000E+09 -6.365928778E-02 +1.642691597E-02 +1.030741053E-01 +1.427518148E-01 -6.166059181E-02 +1.569946036E-01
5.20000000000E+09 +2.539820849E-02 +5.714824211E-02 +1.323146464E-01 +1.219312404E-01 -1.335031433E-02 +2.808747711E-01
5.21000000000E+09 +5.291148020E-02 -3.195059585E-02 +1.607415074E-01 +7.440947882E-02 +1.211214352E-01 +2.938363909E-01
5.22000000000E+09 -4.038681184E-02 -5.002614232E-02 +1.449457482E-01 -4.256528938E-03 +2.037461283E-01 +1.779367585E-01
5.23000000000E+09 -4.382414942E-02 +5.230119765E-02 +6.637275478E-02 -5.467143201E-02 +1.378720949E-01 +5.063406316E-02
5.24000000000E+09 +6.213831662E-02 +3.089041475E-02 -1.745825689E-02 -4.161111539E-02 -9.469085066E-03 +5.195953632E-02
5.25000000000E+09 +1.582776067E-02 -6.491587359E-02 -7.374271684E-02 -3.123066209E-03 -7.596548880E-02 +1.723201645E-01
5.26000000000E+09 -6.323506709E-02 -4.380468773E-03 -1.187729076E-01 +5.440059543E-02 -8.603920409E-03 +2.817297412E-01
5.27000000000E+09 +3.632206594E-03 +6.200763072E-02 -1.241203378E-01 +1.424675477E-01 +1.160467972E-01 +2.869096526E-01
5.28000000000E+09 +6.256117643E-02 -1.213880948E-02 -6.103836012E-02 +2.118998221E-01 +1.810399411E-01 +1.844540639E-01
5.29000000000E+09 -2.458361861E-02 -6.265195700E-02 +2.553095701E-02 +2.104556544E-01 +1.165363264E-01 +7.475515943E-02
5.30000000000E+09 -5.730346675E-02 +3.829577259E-02 +7.687136981E-02 +1.637485639E-01 -5.488474624E-03 +9.311042553E-02
5.31000000000E+09 +4.849464579E-02 +4.756821518E-02 +1.045813522E-01 +1.094554151E-01 -3.048404904E-02 +2.061853630E-01
5.32000000000E+09 +3.827213881E-02 -5.541910716E-02 +1.114383938E-01 +2.968525593E-02 +5.033078830E-02 +2.603363499E-01
5.33000000000E+09 -6.235549969E-02 -2.882753729E-02 +5.486260093E-02 -5.546084059E-02 +1.254462721E-01 +2.189310221E-01
5.34000000000E+09 -1.661450596E-02 +6.849311666E-02 -4.710250073E-02 -7.695215294E-02 +1.233783153E-01 +1.503531608E-01
5.35000000000E+09 +7.097588531E-02 +1.474455338E-03 -1.178608626E-01 -3.673986541E-02 +6.155917894E-02 +1.240911924E-01
5.36000000000E+09 -1.314986469E-02 -6.845479341E-02 -1.504102821E-01 +6.667880950E-03 +1.866883025E-02 +1.590605788E-01
5.37000000000E+09 -6.325017848E-02 +2.462115936E-02 -1.739380088E-01 +5.687254392E-02 +4.350670693E-02 +2.124363790E-01
5.38000000000E+09 +3.395678556E-02 +5.811061654E-02 -1.602788294E-01 +1.245185948E-01 +9.834356188E-02 +2.074074572E-01
5.39000000000E+09 +5.230777017E-02 -4.476170865E-02 -9.685625015E-02 +1.598823447E-01 +9.910469760E-02 +1.421853086E-01
5.40000000000E+09 -5.572779056E-02 -4.292885999E-02 -3.952723953E-02 +1.387956004E-01 +3.083247273E-02 +1.206404826E-01
5.41000000000E+09 -2.975083585E-02 +6.258935962E-02 -1.443009165E-02 +1.088987749E-01 -9.643013038E-03 +1.951431154E-01
5.42000000000E+09 +6.523109107E-02 +1.750392542E-02 +1.465303599E-02 +7.977132661E-02 +4.243489587E-02 +2.600611254E-01
5.43000000000E+09 +6.401746147E-03 -6.753384645E-02 +3.364615233E-02 +1.745117947E-02 +1.255514748E-01 +2.328600468E-01
5.44000000000E+09 -6.917359988E-02 +6.082113966E-03 -8.234872768E-04 -4.844699580E-02 +1.470576671E-01 +1.528257818E-01
5.45000000000E+09 +2.096457896E-02 +6.732933363E-02 -5.747517114E-02 -6.508527348E-02 +7.839168514E-02 +9.651620323E-02
5.46000000000E+09 +5.992667455E-02 -3.513389694E-02 -8.743238689E-02 -5.911306120E-02 -1.246095648E-02 +1.221036123E-01
5.47000000000E+09 -4.442479470E-02 -4.942041394E-02 -1.176624234E-01 -6.034935056E-02 -2.469716363E-02 +2.196058290E-01
5.48000000000E+09 -4.008259255E-02 +4.932062025E-02 -1.565016930E-01 -3.262103129E-02 +5.611969521E-02 +2.902279050E-01
5.49000000000E+09 +5.437678134E-02 +3.248993813E-02 -1.551912880E-01 +2.275264377E-02 +1.492304731E-01 +2.483640510E-01
5.50000000000E+09 +2.376772196E-02 -6.139885871E-02 -1.116156523E-01 +5.050819016E-02 +1.610461748E-01 +1.373997849E-01
5.51000000000E+09 -6.704015768E-02 -1.059860226E-02 -7.762900289E-02 +4.389649972E-02 +7.772400568E-02 +8.312681923E-02
5.52000000000E+09 +4.472178937E-03 +6.707167016E-02 -5.232805731E-02 +4.387072138E-02 -1.376078222E-02 +1.298465268E-01
5.53000000000E+09 +6.272189828E-02 -1.762138079E-02 -4.707369686E-03 +3.072542595E-02 -2.282835506E-02 +2.126425825E-01
5.54000000000E+09 -2.741569284E-02 -5.687072279E-02 +2.710604177E-02 -2.336712912E-02 +4.066732215E-02 +2.697688281E-01
5.55000000000E+09 -5.106859420E-02 +3.574137278E-02 +1.342806983E-02 -7.330644172E-02 +1.157363785E-01 +2.618058758E-01
5.56000000000E+09 +4.448747039E-02 +4.453341256E-02 -3.526843369E-03 -9.084379174E-02 +1.486953781E-01 +1.898365582E-01
5.57000000000E+09 +3.557070801E-02 -5.342938876E-02 -5.505592440E-03 -1.147404329E-01 +1.158883656E-01 +1.203912028E-01
5.58000000000E+09 -5.940586395E-02 -2.351454644E-02 -3.464070212E-02 -1.486387309E-01 +4.633179688E-02 +1.199344662E-01
5.59000000000E+09 -1.045371028E-02 +6.107594824E-02 -8.378795047E-02 -1.433957778E-01 -3.402869467E-03 +1.690408252E-01
5.60000000000E+09 +5.984529336E-02 -1.096333027E-03 -1.031966919E-01 -1.094019855E-01 +4.536884493E-03 +2.261907932E-01
5.61000000000E+09 -1.063345656E-02 -5.713243576E-02 -1.048212782E-01 -8.608565597E-02 +6.259759547E-02 +2.704353611E-01
5.62000000000E+09 -5.450041582E-02 +1.884628259E-02 -1.127742872E-01 -5.286480637E-02 +1.345219702E-01 +2.556892022E-01
5.63000000000E+09 +2.829530471E-02 +5.156905669E-02 -8.988739010E-02 +6.983382831E-03 +1.588278523E-01 +1.718410371E-01
5.64000000000E+09 +4.598326410E-02 -3.924829592E-02 -1.314859218E-02 +4.140497669E-02 +1.039059674E-01 +9.296586103E-02
5.65000000000E+09 -4.829825162E-02 -3.549996406E-02 +6.426123570E-02 +1.655461424E-02 +8.394169770E-04 +1.106243021E-01
5.66000000000E+09 -2.305766007E-02 +5.174105149E-02 +1.113935529E-01 -2.938449294E-02 -4.680762834E-02 +2.056389512E-01
5.67000000000E+09 +5.161042856E-02 +1.318102636E-02 +1.477082234E-01 -8.902942459E-02 +1.511160345E-02 +2.947164050E-01
5.68000000000E+09 +6.504084089E-03 -5.110307063E-02 +1.477771529E-01 -1.779140326E-01 +1.276676988E-01 +3.096548874E-01
5.69000000000E+09 -5.228442115E-02 -8.226951319E-05 +7.881219515E-02 -2.510171666E-01 +1.898299173E-01 +2.208419881E-01
5.70000000000E+09 +9.480892293E-03 +5.392923936E-02 -2.042601199E-02 -2.515702724E-01 +1.378605481E-01 +9.353718618E-02
5.71000000000E+09 +5.116022078E-02 -2.172464629E-02 -8.712453875E-02 -1.956923673E-01 +9.021835024E-03 +8.796295305E-02
5.72000000000E+09 -3.102771326E-02 -4.403147168E-02 -1.219135596E-01 -1.221390106E-01 -4.958644492E-02 +2.165010980E-01
5.73000000000E+09 -3.649685669E-02 +3.602884354E-02 -1.233772934E-01 -2.060542686E-02 +2.057496649E-02 +3.208770311E-01
5.74000000000E+09 +4.022372909E-02 +3.100149514E-02 -4.945015512E-02 +8.282262936E-02 +1.400225280E-01 +3.091866370E-01
5.75000000000E+09 +2.530334717E-02 -4.595113902E-02 +8.306804683E-02 +1.129744405E-01 +1.958022812E-01 +2.087531900E-01
5.76000000000E+09 -5.175202429E-02 -1.635640368E-02 +1.905444916E-01 +5.728425009E-02 +1.311877420E-01 +1.034277197E-01
5.77000000000E+09 -4.030920433E-03 +5.364162333E-02 +2.414813181E-01 -2.446471927E-02 +1.291794127E-02 +1.124157467E-01
5.78000000000E+09 +5.077389143E-02 -6.128425428E-03 +2.578230903E-01 -1.151072361E-01 -1.866221932E-02 +2.363779103E-01
5.79000000000E+09 -1.214257490E-02 -4.749638433E-02 +2.173278703E-01 -2.147581966E-01 +6.230220606E-02 +3.216229554E-01
5.80000000000E+09 -4.663154734E-02 +1.786015773E-02 +1.084651932E-01 -2.672487007E-01 +1.546525720E-01 +2.711508563E-01
5.81000000000E+09 +2.700245556E-02 +4.587498494E-02 -7.630724396E-03 -2.287896041E-01 +1.680976068E-01 +1.605069868E-01
5.82000000000E+09 +4.037763392E-02 -3.892698947E-02 -6.738255490E-02 -1.382470947E-01 +7.697866009E-02 +1.236642704E-01
5.83000000000E+09 -4.682400300E-02 -2.954244868E-02 -8.366064405E-02 -4.123942058E-02 +4.720070697E-03 +1.973470947E-01
5.84000000000E+09 -1.886507019E-02 +4.930363024E-02 -5.546124118E-02 +7.045330296E-02 +3.526122061E-02 +2.838110433E-01
5.85000000000E+09 +4.990862140E-02 +1.074420558E-02 +4.781121998E-02 +1.552983578E-01 +1.254911997E-01 +2.992245240E-01
5.86000000000E+09 +3.567145449E-03 -5.144230392E-02 +1.789920318E-01 +1.502219363E-01 +1.777170272E-01 +2.193766210E-01
5.87000000000E+09 -5.282610464E-02 +6.160440734E-03 +2.591796476E-01 +7.741986253E-02 +1.347583858E-01 +1.259540598E-01
5.88000000000E+09 +1.777895219E-02 +5.041045057E-02 +2.861356288E-01 -8.834780850E-04 +3.214637354E-02 +1.493461596E-01
5.89000000000E+09 +4.449559706E-02 -2.593791008E-02 +2.847332861E-01 -8.587563323E-02 +9.786128753E-03 +2.662682837E-01
5.90000000000E+09 -3.105958429E-02 -3.943596575E-02 +2.229784676E-01 -1.741924659E-01 +8.915381339E-02 +3.221526106E-01
5.91000000000E+09 -3.606932111E-02 +3.698776038E-02 +1.005232578E-01 -2.003231028E-01 +1.862583872E-01 +2.634421026E-01
5.92000000000E+09 +4.609958293E-02 +3.034481082E-02 -4.874918553E-03 -1.354406740E-01 +1.906020566E-01 +1.622268745E-01
5.93000000000E+09 +1.928032022E-02 -5.439064215E-02 -4.435396406E-02 -4.043521596E-02 +9.965683096E-02 +1.153027048E-01
5.94000000000E+09 -5.640433572E-02 -4.975940514E-03 -4.963910865E-02 +5.048803700E-02 +7.637421042E-03 +1.753698239E-01
5.95000000000E+09 +6.090997771E-03 +5.244411560E-02 -1.071229489E-02 +1.502791676E-01 +1.450329696E-02 +2.865161318E-01
5.96000000000E+09 +4.846266840E-02 -1.251276565E-02 +9.128455455E-02 +2.075306888E-01 +1.102152621E-01 +3.290894346E-01
5.97000000000E+09 -1.819715356E-02 -4.701252701E-02 +1.938349366E-01 +1.799150056E-01 +2.008847459E-01 +2.620763736E-01
5.98000000000E+09 -4.585667650E-02 +2.715381603E-02 +2.376230212E-01 +1.116530615E-01 +1.921762835E-01 +1.631867124E-01
5.99000000000E+09 +3.828952891E-02 +4.084011164E-02 +2.448874399E-01 +5.440374055E-02 +9.180282390E-02 +1.391499502E-01
6.00000000000E+09 +3.103676855E-02 -4.621399956E-02 +2.368198668E-01 -1.246470679E-02 +2.500054557E-02 +2.086842366E-01
6.01000000000E+09 -4.992352459E-02 -2.108671408E-02 +1.716713718E-01 -7.941363936E-02 +5.248659178E-02 +2.811663546E-01
6.02000000000E+09 -1.178516866E-02 +5.190074511E-02 +6.924448250E-02 -7.767444200E-02 +1.260979450E-01 +3.079111333E-01
6.03000000000E+09 +5.375517532E-02 +3.252718573E-03 +9.877875158E-03 -1.646261771E-02 +1.906048008E-01 +2.738228867E-01
6.04000000000E+09 -6.845115477E-03 -5.534629791E-02 -4.786526504E-03 +3.414869613E-02 +1.985404029E-01 +1.994339003E-01
6.05000000000E+09 -5.379621769E-02 +1.910780692E-02 -2.225584142E-02 +7.833485424E-02 +1.358349567E-01 +1.555136717E-01
6.06000000000E+09 +3.028355504E-02 +4.757230149E-02 -1.439610160E-02 +1.466826319E-01 +7.007101898E-02 +1.845818696E-01
6.07000000000E+09 +3.909623465E-02 -3.764914797E-02 +4.433792831E-02 +1.863837128E-01 +6.821587363E-02 +2.419452198E-01
6.08000000000E+09 -4.234813230E-02 -3.104999982E-02 +9.356675730E-02 +1.697050232E-01 +1.114208273E-01 +2.798713018E-01
6.09000000000E+09 -2.381932140E-02 +4.662457542E-02 +1.078205586E-01 +1.496207098E-01 +1.528344069E-01 +2.798430589E-01
6.10000000000E+09 +5.059887825E-02 +1.621774082E-02 +1.315636529E-01 +1.382400229E-01 +1.786836339E-01 +2.455407672E-01
6.11000000000E+09 +7.021301187E-03 -5.458641584E-02 +1.580710137E-01 +8.807772709E-02 +1.717940059E-01 +1.919026049E-01
6.12000000000E+09 -5.581739828E-02 +5.368392100E-03 +1.278352809E-01 +1.899923238E-02 +1.193060142E-01 +1.779028547E-01
6.13000000000E+09 +1.763660357E-02 +5.247513252E-02 +6.392849769E-02 -1.489778060E-03 +8.337938537E-02 +2.262103769E-01
6.14000000000E+09 +4.628894905E-02 -2.676926186E-02 +2.344108009E-02 +2.653809838E-03 +1.044801161E-01 +2.785477858E-01
6.15000000000E+09 -3.325066130E-02 -3.988370264E-02 -2.386886541E-02 -2.008650687E-03 +1.528770884E-01 +2.893442497E-01
6.16000000000E+09 -3.370048106E-02 +3.911504645E-02 -9.214033135E-02 +3.175199221E-02 +1.877880818E-01 +2.571398435E-01
6.17000000000E+09 +4.479806386E-02 +2.655930905E-02 -1.151538514E-01 +1.147848133E-01 +1.906871636E-01 +2.125016820E-01
6.18000000000E+09 +1.751383708E-02 -4.958845022E-02 -7.303763627E-02 +1.737584875E-01 +1.540338582E-01 +1.932774506E-01
6.19000000000E+09 -5.183883036E-02 -6.944800813E-03 -2.887687257E-02 +1.853112024E-01 +1.143138828E-01 +2.210581585E-01
6.20000000000E+09 +2.612601410E-03 +5.074419374E-02 +8.656331596E-03 +1.940165975E-01 +1.286045659E-01 +2.632481737E-01
6.21000000000E+09 +4.948463435E-02 -1.080163718E-02 +7.403048798E-02 +1.800263568E-01 +1.719068621E-01 +2.615309691E-01
6.22000000000E+09 -1.977827353E-02 -4.764119110E-02 +1.229890099E-01 +1.012455091E-01 +1.821228020E-01 +2.256738298E-01
6.23000000000E+09 -4.322787897E-02 +2.992549401E-02 +9.619043201E-02 +9.109095347E-03 +1.518263058E-01 +2.098335090E-01
6.24000000000E+09 +3.809790972E-02 +3.507677411E-02 +3.641199716E-02 -3.344079409E-02 +1.305491423E-01 +2.391391219E-01
6.25000000000E+09 +2.607255004E-02 -4.247388023E-02 -1.431143655E-02 -5.836796585E-02 +1.479805896E-01 +2.744672809E-01
6.26000000000E+09 -4.491797473E-02 -1.822242583E-02 -9.015111147E-02 -7.316573313E-02 +1.897930342E-01 +2.708841483E-01
6.27000000000E+09 -1.091600026E-02 +4.724965840E-02 -1.748104002E-01 -2.551484421E-02 +2.157371521E-01 +2.261076021E-01
6.28000000000E+09 +4.958608949E-02 +2.016849610E-03 -1.945323157E-01 +6.853045703E-02 +1.796647634E-01 +1.848687103E-01
6.29000000000E+09 -9.063663501E-03 -4.891665648E-02 -1.516993841E-01 +1.305139029E-01 +1.152884551E-01 +2.103049971E-01
6.30000000000E+09 -4.387576917E-02 +1.782799868E-02 -1.062231712E-01 +1.583596667E-01 +1.148852892E-01 +2.885652990E-01
6.31000000000E+09 +2.323782720E-02 +3.879952134E-02 -4.251651820E-02 +1.822119983E-01 +1.975525158E-01 +3.240491181E-01
6.32000000000E+09 +3.561750787E-02 -2.796903685E-02 +5.463129888E-02 +1.564138933E-01 +2.740614290E-01 +2.719474213E-01
6.33000000000E+09 -3.526964572E-02 -3.242305175E-02 +1.156763258E-01 +5.326846506E-02 +2.703022852E-01 +1.691830003E-01
6.34000000000E+09 -2.461805033E-02 +4.382797779E-02 +8.920312025E-02 -5.615514668E-02 +1.739012472E-01 +1.232215808E-01
6.35000000000E+09 +4.763758836E-02 +1.252926707E-02 +2.818375469E-02 -1.152524937E-01 +7.909577978E-02 +1.953991456E-01
6.36000000000E+09 +2.233314324E-03 -4.520549513E-02 -3.952599170E-02 -1.549737526E-01 +9.717212745E-02 +3.082550289E-01
6.37000000000E+09 -4.197574441E-02 +3.121093939E-03 -1.381065421E-01 -1.579625443E-01 +2.121085250E-01 +3.444018043E-01
6.38000000000E+09 +6.899539030E-03 +4.192875329E-02 -2.220364290E-01 -8.289406252E-02 +3.057518732E-01 +2.713243610E-01
6.39000000000E+09 +4.399991124E-02 -1.409461634E-02 -2.227235328E-01 +3.002057785E-02 +2.872698902E-01 +1.500819631E-01
6.40000000000E+09 -2.588230025E-02 -4.263725335E-02 -1.555897432E-01 +9.988603560E-02 +1.577080659E-01 +1.049475142E-01
6.41000000000E+09 -3.341812511E-02 +3.601828503E-02 -8.167885481E-02 +1.275362878E-01 +6.621214792E-02 +2.066005076E-01
6.42000000000E+09 +3.878487085E-02 +2.299313509E-02 +1.420316946E-02 +1.309016328E-01 +1.098755623E-01 +3.300538322E-01
6.43000000000E+09 +1.662907626E-02 -3.876094396E-02 +1.157482600E-01 +6.087662150E-02 +2.311523876E-01 +3.552263170E-01
6.44000000000E+09 -4.032353162E-02 -1.278464072E-02 +1.422617311E-01 -6.716835490E-02 +3.230891758E-01 +2.783223585E-01
6.45000000000E+09 -7.666901160E-03 +4.495823184E-02 +8.180512837E-02 -1.629670869E-01 +3.066516371E-01 +1.615259817E-01
6.46000000000E+09 +4.895166355E-02 -2.645634148E-03 +7.776470958E-03 -1.918642439E-01 +1.877131992E-01 +1.164521808E-01
6.47000000000E+09 -1.490985626E-02 -4.632912063E-02 -5.566120795E-02 -1.998006321E-01 +1.071703942E-01 +2.015798705E-01
6.48000000000E+09 -4.017682919E-02 +2.253268676E-02 -1.361022129E-01 -1.701146147E-01 +1.523687795E-01 +3.032251921E-01
6.49000000000E+09 +2.714717422E-02 +3.518086060E-02 -1.773730839E-01 -7.201944731E-02 +2.488652448E-01 +3.176779099E-01
6.50000000000E+09 +3.219238823E-02 -3.255986074E-02 -1.271786984E-01 +2.547895359E-02 +3.047803034E-01 +2.489313253E-01
6.51000000000E+09 -4.019186010E-02 -2.742475093E-02 -4.022294717E-02 +5.256474620E-02 +2.854246924E-01 +1.657657537E-01
6.52000000000E+09 -1.815014690E-02 +4.748338247E-02 +2.222656082E-02 +4.420843116E-02 +2.019598614E-01 +1.415347060E-01
6.53000000000E+09 +4.967759011E-02 +5.578715307E-03 +9.102129612E-02 +2.705060688E-02 +1.441068667E-01 +2.046754788E-01
6.54000000000E+09 -4.141259330E-03 -4.668573549E-02 +1.524991930E-01 -4.550282802E-02 +1.797875266E-01 +2.807369159E-01
6.55000000000E+09 -4.388162595E-02 +1.030233765E-02 +1.392018117E-01 -1.403225741E-01 +2.531372645E-01 +2.887511821E-01
6.56000000000E+09 +1.650434467E-02 +4.288687227E-02 +7.607534797E-02 -1.793484036E-01 +2.869852287E-01 +2.376249932E-01
6.57000000000E+09 +4.114897529E-02 -2.486299264E-02 +3.418042511E-02 -1.727218077E-01 +2.663718896E-01 +1.842276180E-01
6.58000000000E+09 -3.438560068E-02 -3.621125388E-02 +1.604867646E-03 -1.716000790E-01 +2.236908170E-01 +1.819367038E-01
6.59000000000E+09 -2.745967890E-02 +4.158689962E-02 -5.337797600E-02 -1.400074344E-01 +2.027814399E-01 +2.169845664E-01
6.60000000000E+09 +4.540094818E-02 +1.784204391E-02 -6.442480349E-02 -5.434629771E-02 +2.195823164E-01 +2.505725831E-01
6.61000000000E+09 +9.195275119E-03 -4.670342780E-02 -4.528090817E-03 +3.319264416E-03 +2.649935778E-01 +2.522180419E-01
6.62000000000E+09 -4.773282670E-02 -1.443575660E-03 +5.048342185E-02 +3.329459987E-03 +2.873875004E-01 +2.109800149E-01
6.63000000000E+09 +7.879985258E-03 +4.825730016E-02 +7.998005339E-02 +4.404871940E-03 +2.596714135E-01 +1.739069672E-01
6.64000000000E+09 +4.569311592E-02 -1.811182042E-02 +1.327373823E-01 +3.213260467E-03 +2.211894514E-01 +1.866653132E-01
6.65000000000E+09 -2.634733737E-02 -4.010821421E-02 +1.772971000E-01 -5.169378676E-02 +2.197302095E-01 +2.252591061E-01
6.66000000000E+09 -3.391442501E-02 +3.228570241E-02 +1.541431934E-01 -1.130427214E-01 +2.477580400E-01 +2.456065036E-01
6.67000000000E+09 +3.711580041E-02 +2.807945294E-02 +1.095553663E-01 -1.194465454E-01 +2.803815554E-01 +2.282821632E-01
6.68000000000E+09 +2.175557174E-02 -4.234326867E-02 +9.483539760E-02 -1.102275423E-01 +2.882159547E-01 +1.960584624E-01
6.69000000000E+09 -4.717866671E-02 -1.345448124E-02 +6.856390680E-02 -1.168158710E-01 +2.614996783E-01 +1.698230871E-01
6.70000000000E+09 -2.259230026E-03 +4.967601412E-02 +1.932977038E-02 -8.255910795E-02 +2.175044532E-01 +1.866164108E-01
6.71000000000E+09 +4.719353215E-02 -8.637277660E-03 +2.280313167E-02 -9.282510466E-03 +2.220334566E-01 +2.404975546E-01
6.72000000000E+09 -1.596117359E-02 -4.275866717E-02 +7.109987341E-02 +2.098285232E-02 +2.756102764E-01 +2.604521641E-01
6.73000000000E+09 -3.939804676E-02 +2.167550798E-02 +9.290917309E-02 +1.858125243E-02 +3.211929985E-01 +2.235859681E-01
6.74000000000E+09 +2.838602001E-02 +3.639327508E-02 +1.054776999E-01 +3.830613612E-02 +3.193466281E-01 +1.687546212E-01
6.75000000000E+09 +3.133277702E-02 -3.615568653E-02 +1.538047376E-01 +4.740587942E-02 +2.715873131E-01 +1.432492724E-01
6.76000000000E+09 -4.269714734E-02 -2.259755632E-02 +1.866790919E-01 +1.384728312E-03 +2.231979272E-01 +1.722322056E-01
6.77000000000E+09 -1.255451557E-02 +4.519572111E-02 +1.596922804E-01 -3.756524921E-02 +2.266160644E-01 +2.265208905E-01
6.78000000000E+09 +4.482483167E-02 +4.117881740E-03 +1.341033769E-01 -3.277037541E-02 +2.814941555E-01 +2.546861350E-01
6.79000000000E+09 -2.251264617E-03 -4.452058030E-02 +1.290337775E-01 -3.883134877E-02 +3.358143486E-01 +2.172906690E-01
6.80000000000E+09 -4.545106842E-02 +9.883153696E-03 +9.081115818E-02 -5.545468247E-02 +3.251655485E-01 +1.523954881E-01
6.81000000000E+09 +2.034183753E-02 +4.409831046E-02 +3.487870372E-02 -1.890600215E-02 +2.636972377E-01 +1.313149172E-01
6.82000000000E+09 +3.774034792E-02 -3.020862893E-02 +3.596865866E-02 +4.681833572E-02 +2.200169089E-01 +1.775803359E-01
6.83000000000E+09 -3.577400919E-02 -2.900468163E-02 +6.483704693E-02 +6.952465800E-02 +2.421343567E-01 +2.329531441E-01
6.84000000000E+09 -2.160834245E-02 +3.832448178E-02 +6.912934035E-02 +8.320623607E-02 +2.996206388E-01 +2.445003334E-01
6.85000000000E+09 +4.077696140E-02 +1.588924053E-02 +9.213641047E-02 +1.173217274E-01 +3.398885590E-01 +2.080203052E-01
6.86000000000E+09 +9.375144276E-03 -4.423785915E-02 +1.511605921E-01 +1.129344835E-01 +3.302659284E-01 +1.593491654E-01
6.87000000000E+09 -4.713920803E-02 -1.232251970E-04 +1.721223941E-01 +5.151409945E-02 +2.798881571E-01 +1.431244965E-01
6.88000000000E+09 +1.092304596E-02 +4.574300462E-02 +1.330254667E-01 +1.360243947E-02 +2.541087510E-01 +1.866796817E-01
6.89000000000E+09 +4.098896681E-02 -1.926653014E-02 +1.062302496E-01 +1.337015951E-02 +2.885155297E-01 +2.238425696E-01
6.90000000000E+09 -2.529968888E-02 -3.635854443E-02 +8.516635454E-02 -5.501617950E-03 +3.326209566E-01 +2.120828716E-01
6.91000000000E+09 -3.216613249E-02 +3.125974670E-02 +2.255805205E-02 -1.143779390E-02 +3.441628129E-01 +1.692129695E-01
6.92000000000E+09 +3.789261983E-02 +2.635050362E-02 -3.063566474E-02 +4.791042407E-02 +3.138379498E-01 +1.385263677E-01
6.93000000000E+09 +1.767179604E-02 -4.318395632E-02 -1.290171951E-02 +1.134489785E-01 +2.797714228E-01 +1.500601881E-01
6.94000000000E+09 -4.501574036E-02 -7.857722076E-03 +1.981109541E-02 +1.266967311E-01 +2.793378736E-01 +1.857233093E-01
6.95000000000E+09 +6.563149061E-04 +4.441116972E-02 +2.991862879E-02 +1.373051110E-01 +3.094220537E-01 +2.022252529E-01
6.96000000000E+09 +4.323179925E-02 -7.828988334E-03 +6.761665038E-02 +1.539099137E-01 +3.399614698E-01 +1.827690942E-01
6.97000000000E+09 -1.563085093E-02 -4.233111665E-02 +1.202517301E-01 +1.144543764E-01 +3.307209028E-01 +1.456723451E-01
6.98000000000E+09 -3.897765215E-02 +2.481941402E-02 +1.096518178E-01 +3.850766836E-02 +2.959558569E-01 +1.436515896E-01
6.99000000000E+09 +3.264344908E-02 +3.211824644E-02 +5.414651760E-02 +1.008034199E-02 +2.831325654E-01 +1.767395046E-01
7.00000000000E+09 +2.395098826E-02 -3.718294305E-02 +2.339932848E-02 +8.368950268E-03 +3.107372570E-01 +2.047430604E-01

[Channel0\Trace0\Marker0]
Enabled=1
Position=0.2

[Channel0\Trace1]
ReferencePosition[0]=1

[Channel0\Trace1\Marker0]
Enabled=1
Position=0.2

[Channel0\Trace2]
SPort=0
FormatType=2

[Channel0\Trace2\Marker0]
Enabled=1
Position=0.2

[Channel0\Trace3]
SPort=0
FormatType=2

[Channel0\Trace3\Marker0]
Enabled=1
Position=0.2

