[NWA State]
TriggerSource=3

[Channel0]
Points=501
FrequencyStart=2000000000
FrequencyStop=7000000000
FixedPower[0]=5
FixedPower[1]=5
IFBW=1000
CorrectionEnabled=1
TraceCount=4

[Channel0\Correction\11]
Calyyyymmdd=2022/03/26
Calhhmmss=15:09:31
VNATemperature=37.2 °C
Type=3
KitLabel=ACM2509.2
KitDescription=AutoCal Module 20 kHz-9 GHz (CMT), SN: 19039185, Char: Factory, 25.6°C, ThermoComp: ON
CalIFBW=1 kHz
CalPower=5 dBm
CalPorts[0]=0
CalPorts[1]=0

[Channel0\Correction\11\Data]
2.00000000000E+09 +1.653210108E-01 +3.254895066E-02 -1.707472884E-03 -1.759376715E-02 -1.554086488E-01 +5.072051196E-03
2.01000000000E+09 -1.044074228E-01 -1.232606876E-01 -5.971885348E-02 -4.372594653E-02 -2.417852564E-01 -2.512303377E-03
2.02000000000E+09 -2.046327664E-03 +1.625293118E-01 -3.087241797E-02 +3.527819773E-02 -2.190181888E-01 +8.004495092E-02
2.03000000000E+09 +1.042788381E-01 -1.308838839E-01 +1.087299266E-02 -2.174397190E-02 -1.539326182E-01 +3.894323855E-02
2.04000000000E+09 -1.586043296E-01 +3.943727752E-02 -3.203443181E-02 +1.345225440E-02 -2.046421606E-01 -8.265103348E-03
2.05000000000E+09 +1.433558244E-01 +7.023058117E-02 +5.475553781E-02 +1.627089696E-02 -2.440748816E-01 +4.616468623E-02
2.06000000000E+09 -6.616084532E-02 -1.490696357E-01 +2.147883430E-02 -5.549794206E-02 -1.848429265E-01 +8.879738197E-02
2.07000000000E+09 -3.735985427E-02 +1.610137264E-01 +2.078563317E-02 -6.956198256E-03 -1.496987726E-01 +1.380074513E-02
2.08000000000E+09 +1.239695359E-01 -9.862854162E-02 +4.993386868E-02 -7.704838739E-02 -2.346594758E-01 +2.645294510E-03
2.09000000000E+09 -1.581143479E-01 -7.310111132E-03 -3.456563309E-02 -6.822732650E-02 -2.200605564E-01 +8.815434610E-02
2.10000000000E+09 +1.237533578E-01 +1.066656850E-01 +6.034361862E-03 -3.218601399E-02 -1.490473870E-01 +4.756620619E-02
2.11000000000E+09 -3.230875674E-02 -1.564396934E-01 -3.823528976E-02 -7.667881882E-02 -2.014629151E-01 -1.891360405E-03
2.12000000000E+09 -7.433378621E-02 +1.379318058E-01 -5.734050886E-02 +1.399065816E-02 -2.374165132E-01 +4.849147537E-02
2.13000000000E+09 +1.478285303E-01 -5.960785053E-02 +8.676207787E-03 -3.885386131E-03 -1.963573689E-01 +8.068860247E-02
2.14000000000E+09 -1.557793698E-01 -4.372302003E-02 -4.069274767E-02 +7.541279991E-03 -1.620009814E-01 +3.607822085E-02
2.15000000000E+09 +9.356665836E-02 +1.261759388E-01 +3.704254354E-02 +5.660835730E-02 -2.213115601E-01 +8.347001342E-03
2.16000000000E+09 +1.093002532E-02 -1.540844352E-01 +4.850946766E-02 -2.139300329E-02 -2.388527121E-01 +7.988909596E-02
2.17000000000E+09 -1.087695048E-01 +1.162092896E-01 +2.605702666E-02 +1.868895031E-02 -1.627835016E-01 +7.800772411E-02
2.18000000000E+09 +1.552890201E-01 -2.690423035E-02 +9.125287907E-02 -2.777775415E-02 -1.826813713E-01 +1.043988240E-02
2.19000000000E+09 -1.326080112E-01 -7.500331841E-02 +1.411129350E-02 -6.551498097E-02 -2.432691615E-01 +3.473887929E-02
2.20000000000E+09 +5.182503833E-02 +1.433753531E-01 +3.406679581E-02 -1.448155124E-02 -2.291857197E-01 +9.321958518E-02
2.21000000000E+09 +5.166427915E-02 -1.485579386E-01 +2.629818375E-02 -8.411358238E-02 -1.613133768E-01 +8.699703499E-02
2.22000000000E+09 -1.296438376E-01 +8.829643711E-02 -4.487249364E-02 -2.848665515E-02 -1.809359461E-01 +8.446900469E-03
2.23000000000E+09 +1.497091654E-01 +1.362645751E-02 +8.898788691E-03 -1.522729980E-02 -2.628109537E-01 +5.055863628E-02
2.24000000000E+09 -1.063749669E-01 -1.107948234E-01 -5.278327966E-02 -3.064049641E-02 -1.974793916E-01 +1.255473391E-01
2.25000000000E+09 +1.942211695E-02 +1.569338081E-01 -2.902616933E-02 +6.404751143E-02 -1.416921221E-01 +4.551455277E-02
2.26000000000E+09 +7.617373059E-02 -1.310957729E-01 +1.606298211E-02 +2.319961236E-02 -2.273082371E-01 +5.394830501E-03
2.27000000000E+09 -1.389853148E-01 +4.762380225E-02 -1.444590068E-02 +6.858837500E-02 -2.602818533E-01 +8.923849762E-02
2.28000000000E+09 +1.408030237E-01 +5.579216359E-02 +8.727748100E-02 +7.819724365E-02 -1.743610367E-01 +1.286318183E-01
2.29000000000E+09 -8.211366083E-02 -1.310313848E-01 +7.131036024E-02 -1.849484518E-03 -1.427508950E-01 +1.994480150E-02
2.30000000000E+09 -1.569779083E-02 +1.445711381E-01 +8.053103199E-02 +2.791918133E-02 -2.680861038E-01 +1.479494349E-02
2.31000000000E+09 +1.097768111E-01 -9.509074692E-02 +1.068312903E-01 -6.490258670E-02 -2.458838248E-01 +1.445375101E-01
2.32000000000E+09 -1.552710737E-01 +7.759717665E-03 -4.053552805E-03 -7.834838363E-02 -1.293112850E-01 +8.963060301E-02
2.33000000000E+09 +1.274635201E-01 +8.210831458E-02 +7.607648446E-03 -4.118359611E-02 -2.101020321E-01 -5.659690449E-04
2.34000000000E+09 -4.219483011E-02 -1.392275724E-01 -6.451614910E-02 -7.277109559E-02 -2.727019577E-01 +8.338843086E-02
2.35000000000E+09 -5.960260359E-02 +1.364262260E-01 -1.025719133E-01 +5.020857239E-02 -2.035879991E-01 +1.362193204E-01
2.36000000000E+09 +1.327171666E-01 -7.497387282E-02 -2.478218323E-02 +6.299088959E-02 -1.570294510E-01 +6.207178481E-02
2.37000000000E+09 -1.437306763E-01 -2.000199770E-02 -5.566079703E-02 +9.058911524E-02 -2.459187546E-01 +3.302216052E-02
2.38000000000E+09 +9.044903518E-02 +1.081537094E-01 +4.732283976E-02 +1.455977452E-01 -2.582310886E-01 +1.365728369E-01
2.39000000000E+09 -6.177413735E-04 -1.491170477E-01 +8.875492467E-02 +4.598960920E-02 -1.542839913E-01 +1.177041801E-01
2.40000000000E+09 -8.729881931E-02 +1.191366771E-01 +6.621869166E-02 +5.711546519E-02 -2.092597310E-01 +3.647091520E-02
2.41000000000E+09 +1.391728022E-01 -3.275746185E-02 +1.269948899E-01 -1.464319889E-02 -2.596723805E-01 +1.129916765E-01
2.42000000000E+09 -1.322681252E-01 -6.664482843E-02 +2.109181520E-02 -8.871161553E-02 -1.928934120E-01 +1.392404171E-01
2.43000000000E+09 +6.652580466E-02 +1.353948332E-01 -6.875526254E-03 -3.228081367E-02 -1.755028824E-01 +8.899271176E-02
2.44000000000E+09 +2.901309558E-02 -1.447807848E-01 -4.318798635E-02 -8.152715022E-02 -2.168396400E-01 +7.722319647E-02
2.45000000000E+09 -1.115635911E-01 +9.034419394E-02 -1.337681678E-01 +7.971508270E-03 -2.346413991E-01 +1.258014262E-01
2.46000000000E+09 +1.460703296E-01 +2.031241689E-03 -6.545538644E-02 +6.620852321E-02 -1.704847612E-01 +1.344988468E-01
2.47000000000E+09 -1.147954801E-01 -8.995576729E-02 -9.161182271E-02 +6.247339038E-02 -1.835997956E-01 +7.322650551E-02
2.48000000000E+09 +2.966286692E-02 +1.378752328E-01 -3.808466194E-02 +1.512929550E-01 -2.290608061E-01 +1.103380606E-01
2.49000000000E+09 +6.759176952E-02 -1.270924838E-01 +4.252786434E-02 +8.642049379E-02 -1.848899424E-01 +1.244972793E-01
2.50000000000E+09 -1.326707912E-01 +5.862613187E-02 +1.126021613E-02 +8.063804791E-02 -1.934269369E-01 +9.831748376E-02
2.51000000000E+09 +1.403288940E-01 +3.793649824E-02 +9.016364371E-02 +5.942880573E-02 -1.972891345E-01 +1.111125432E-01
2.52000000000E+09 -8.772735988E-02 -1.166494615E-01 +3.904220079E-02 -4.362662570E-02 -2.033285534E-01 +9.426849063E-02
2.53000000000E+09 -4.911501781E-03 +1.437494651E-01 +3.304097853E-04 -2.798244521E-03 -2.180510788E-01 +1.230069549E-01
2.54000000000E+09 +9.490653256E-02 -1.100413450E-01 +1.006102777E-02 -6.622128383E-02 -1.878244913E-01 +1.252530367E-01
2.55000000000E+09 -1.406459135E-01 +2.829714150E-02 -1.041458234E-01 -4.936811483E-02 -2.030714102E-01 +1.068090225E-01
2.56000000000E+09 +1.250369633E-01 +6.585274908E-02 -7.383981540E-02 +1.814137866E-02 -2.045245599E-01 +1.218926097E-01
2.57000000000E+09 -5.486330484E-02 -1.286084203E-01 -1.056208714E-01 -1.398573519E-02 -2.080422767E-01 +1.264577758E-01
2.58000000000E+09 -4.038121579E-02 +1.334520387E-01 -1.257755951E-01 +8.645994179E-02 -1.909350736E-01 +1.439158322E-01
2.59000000000E+09 +1.161738435E-01 -8.080107716E-02 -3.715067932E-02 +8.068532263E-02 -1.764017872E-01 +1.022921664E-01
2.60000000000E+09 -1.371234451E-01 -9.490753823E-03 -7.037292864E-02 +7.486008742E-02 -2.356642835E-01 +1.195700510E-01
2.61000000000E+09 +9.827020973E-02 +9.836104488E-02 +1.089779302E-02 +1.199752922E-01 -1.945274896E-01 +1.735712800E-01
2.62000000000E+09 -1.841510634E-02 -1.427732968E-01 +4.345678349E-02 +1.504581677E-02 -1.623397810E-01 +1.174347770E-01
2.63000000000E+09 -7.094313609E-02 +1.215397489E-01 +3.135177146E-03 +2.421650239E-02 -2.140043329E-01 +1.192299657E-01
2.64000000000E+09 +1.310105360E-01 -4.804440579E-02 +5.756434958E-02 -3.126582651E-02 -2.033836888E-01 +1.566215469E-01
2.65000000000E+09 -1.328176327E-01 -4.506508867E-02 -4.002154777E-02 -9.801634245E-02 -1.732430053E-01 +1.531393467E-01
2.66000000000E+09 +7.718035835E-02 +1.174140144E-01 -6.289084865E-02 -4.079329300E-02 -1.638137248E-01 +1.185658965E-01
2.67000000000E+09 +1.153069397E-02 -1.353667883E-01 -8.703963020E-02 -8.748274602E-02 -2.183874154E-01 +1.160384596E-01
2.68000000000E+09 -9.611363332E-02 +9.271587193E-02 -1.693396735E-01 -1.093960787E-02 -2.014133177E-01 +1.776054710E-01
2.69000000000E+09 +1.377408042E-01 -1.176051067E-02 -1.015503488E-01 +4.423289639E-02 -1.446596907E-01 +1.342592629E-01
2.70000000000E+09 -1.143761509E-01 -7.328520685E-02 -1.233517926E-01 +3.459510312E-02 -2.104272000E-01 +1.093382782E-01
2.71000000000E+09 +3.902909034E-02 +1.287047947E-01 -7.146018682E-02 +1.228398551E-01 -2.110747445E-01 +1.665361922E-01
2.72000000000E+09 +5.200684452E-02 -1.279517818E-01 +2.039128395E-02 +5.544693716E-02 -1.715855657E-01 +1.582625841E-01
2.73000000000E+09 -1.200983008E-01 +6.955607144E-02 -1.063401373E-02 +3.797212232E-02 -1.786433981E-01 +1.437440935E-01
2.74000000000E+09 +1.365530762E-01 +1.907754050E-02 +6.806149166E-02 +1.626027105E-02 -1.897438406E-01 +1.389754514E-01
2.75000000000E+09 -9.277190248E-02 -9.875422531E-02 +2.228332816E-02 -9.423563784E-02 -1.947995491E-01 +1.591474584E-01
2.76000000000E+09 +1.002651642E-02 +1.356511728E-01 -2.511727711E-02 -6.085460427E-02 -1.677073727E-01 +1.541573852E-01
2.77000000000E+09 +7.414440781E-02 -1.111842844E-01 -1.910096081E-02 -1.186300686E-01 -2.004178515E-01 +1.338019276E-01
2.78000000000E+09 -1.254461466E-01 +3.588902330E-02 -1.347717983E-01 -1.020164672E-01 -2.043557483E-01 +1.801794960E-01
2.79000000000E+09 +1.218614636E-01 +5.374064398E-02 -1.098697215E-01 -1.786251682E-02 -1.611166033E-01 +1.705444233E-01
2.80000000000E+09 -6.252101294E-02 -1.174404618E-01 -1.238955572E-01 -4.057147845E-02 -1.870899978E-01 +1.529600962E-01
2.81000000000E+09 -2.651107775E-02 +1.300274085E-01 -1.372275390E-01 +6.267911128E-02 -1.848436657E-01 +1.755290757E-01
2.82000000000E+09 +1.034974853E-01 -8.552598427E-02 -2.666260516E-02 +6.602510335E-02 -1.663991994E-01 +1.756316712E-01
2.83000000000E+09 -1.355120707E-01 +3.015545952E-03 -3.791622649E-02 +4.091003857E-02 -1.603590369E-01 +1.637341131E-01
2.84000000000E+09 +1.085419718E-01 +7.985522161E-02 +4.489901642E-02 +6.882054969E-02 -1.795436205E-01 +1.465102516E-01
2.85000000000E+09 -3.279333034E-02 -1.268239932E-01 +7.486358583E-02 -4.924225772E-02 -1.933373577E-01 +1.871750874E-01
2.86000000000E+09 -5.693602228E-02 +1.197630343E-01 +1.816278249E-02 -5.473379634E-02 -1.403575330E-01 +1.903037632E-01
2.87000000000E+09 +1.185355068E-01 -6.076291832E-02 +5.232101546E-02 -9.827560605E-02 -1.575674153E-01 +1.357900574E-01
2.88000000000E+09 -1.262016118E-01 -2.648150559E-02 -4.992091713E-02 -1.484661625E-01 -1.999043454E-01 +1.662298355E-01
2.89000000000E+09 +7.855207897E-02 +1.021291503E-01 -7.646601980E-02 -7.022696894E-02 -1.671131759E-01 +2.030924763E-01
2.90000000000E+09 +3.110633074E-03 -1.322576151E-01 -7.911965517E-02 -9.484198780E-02 -1.369039976E-01 +1.733554490E-01
2.91000000000E+09 -8.276988792E-02 +1.036221496E-01 -1.446093879E-01 -1.537076637E-02 -1.698964064E-01 +1.366479349E-01
2.92000000000E+09 +1.249613547E-01 -2.759249154E-02 -5.628716459E-02 +4.174021695E-02 -2.082673885E-01 +1.919711439E-01
2.93000000000E+09 -1.142736662E-01 -6.181322944E-02 -5.729686603E-02 +1.544361915E-02 -1.386795165E-01 +2.240326537E-01
2.94000000000E+09 +5.593269690E-02 +1.220828847E-01 -9.871477192E-03 +8.655532900E-02 -1.232832144E-01 +1.394590657E-01
2.95000000000E+09 +2.777128080E-02 -1.250594078E-01 +7.531863788E-02 +1.170543307E-02 -2.093849606E-01 +1.595101549E-01
2.96000000000E+09 -1.014151383E-01 +7.375493256E-02 +3.458742547E-02 -1.435042154E-02 -1.704431290E-01 +2.360035876E-01
2.97000000000E+09 +1.302771207E-01 +7.686183125E-03 +9.304085115E-02 -2.608623266E-02 -1.021032425E-01 +1.865445138E-01
2.98000000000E+09 -9.997147171E-02 -8.334859118E-02 +4.502540277E-02 -1.253156826E-01 -1.639300971E-01 +1.290549148E-01
2.99000000000E+09 +2.283081878E-02 +1.216807563E-01 -1.304874352E-02 -8.033734790E-02 -2.113772177E-01 +2.107118731E-01
3.00000000000E+09 +7.200004417E-02 -1.042757782E-01 +5.672166529E-03 -1.094158712E-01 -1.152198100E-01 +2.467064045E-01
3.01000000000E+09 -1.267874568E-01 +4.216152850E-02 -9.639612884E-02 -9.608879408E-02 -9.928050241E-02 +1.315535264E-01
3.02000000000E+09 +1.197085144E-01 +3.924815035E-02 -7.034544952E-02 -2.084220525E-03 -2.199305673E-01 +1.662352926E-01
3.03000000000E+09 -6.017632180E-02 -1.070821860E-01 -6.427554151E-02 -1.949494022E-02 -1.509259030E-01 +2.717637780E-01
3.04000000000E+09 -2.207514949E-02 +1.290767559E-01 -7.694508401E-02 +6.782412781E-02 -5.452217453E-02 +1.797284486E-01
3.05000000000E+09 +8.964806326E-02 -9.207169388E-02 +3.011559537E-02 +7.301354689E-02 -1.698809500E-01 +1.127101870E-01
3.06000000000E+09 -1.191244986E-01 +1.208724738E-02 +2.084417471E-02 +4.085747648E-02 -2.090861915E-01 +2.347859290E-01
3.07000000000E+09 +9.952813865E-02 +7.321034761E-02 +8.296753111E-02 +6.788563090E-02 -7.415584831E-02 +2.591048278E-01
3.08000000000E+09 -4.073993141E-02 -1.247559835E-01 +1.155982385E-01 -3.688724029E-02 -7.527631582E-02 +1.029991640E-01
3.09000000000E+09 -3.677238808E-02 +1.165890926E-01 +5.725798862E-02 -4.535730988E-02 -2.385735602E-01 +1.540642715E-01
3.10000000000E+09 +1.040556064E-01 -5.817028903E-02 +8.174245193E-02 -8.183877799E-02 -1.492153908E-01 +2.963010137E-01
3.11000000000E+09 -1.292634625E-01 -2.187200932E-02 -1.987276769E-02 -1.341436889E-01 -2.437354399E-02 +1.747280071E-01
3.12000000000E+09 +9.445507829E-02 +8.703066831E-02 -6.071695635E-02 -4.996038998E-02 -1.830265405E-01 +9.709904113E-02
3.13000000000E+09 -1.405472231E-02 -1.174213438E-01 -7.180831413E-02 -5.696626008E-02 -2.150364203E-01 +2.497291635E-01
3.14000000000E+09 -7.167389026E-02 +9.905886464E-02 -1.338193292E-01 +3.314921164E-02 -6.906657262E-02 +2.668081421E-01
3.15000000000E+09 +1.221737495E-01 -3.968843594E-02 -4.137901168E-02 +1.095638808E-01 -7.817650787E-02 +1.209304364E-01
3.16000000000E+09 -1.134077260E-01 -3.839568047E-02 -2.102467460E-02 +9.093610562E-02 -2.219774679E-01 +1.650021952E-01
3.17000000000E+09 +5.303383583E-02 +1.028555201E-01 +4.006386626E-02 +1.478183058E-01 -1.454126976E-01 +2.996859185E-01
3.18000000000E+09 +2.907703078E-02 -1.235367388E-01 +1.392500305E-01 +6.376738067E-02 -2.650276654E-02 +1.954147354E-01
3.19000000000E+09 -9.350231153E-02 +8.605886512E-02 +9.370331053E-02 +2.476085501E-03 -1.680850439E-01 +1.224641596E-01
3.20000000000E+09 +1.200652805E-01 -4.232430075E-03 +1.231164134E-01 -2.797589420E-02 -1.785856010E-01 +2.637473091E-01
3.21000000000E+09 -9.813566998E-02 -7.986363968E-02 +4.764211742E-02 -1.319678030E-01 -5.345932645E-02 +2.451682045E-01
3.22000000000E+09 +3.518876540E-02 +1.253108325E-01 -5.380084325E-02 -7.357484975E-02 -1.001439910E-01 +1.450742485E-01
3.23000000000E+09 +4.538847453E-02 -1.145913904E-01 -6.154471369E-02 -6.319039017E-02 -1.699200053E-01 +1.985534943E-01
3.24000000000E+09 -1.069119029E-01 +5.461141101E-02 -1.523002410E-01 -5.229432876E-03 -1.126438899E-01 +2.625667146E-01
3.25000000000E+09 +1.212817568E-01 +2.704153034E-02 -1.012736952E-01 +1.150299010E-01 -5.513086593E-02 +1.966993341E-01
3.26000000000E+09 -8.025592125E-02 -9.346893484E-02 -5.213764288E-02 +1.057865012E-01 -1.376655011E-01 +1.563758400E-01
3.27000000000E+09 -2.671198291E-04 +1.191756882E-01 -2.264232822E-02 +1.670801600E-01 -1.371797531E-01 +2.463397877E-01
3.28000000000E+09 +8.133185001E-02 -9.501018277E-02 +9.825111324E-02 +1.311893538E-01 -5.948201157E-02 +2.094008977E-01
3.29000000000E+09 -1.231255496E-01 +2.964318686E-02 +8.044648046E-02 +4.874027905E-02 -1.331459245E-01 +1.599215807E-01
3.30000000000E+09 +1.109421817E-01 +5.333627537E-02 +1.083603579E-01 +3.837369830E-02 -1.392812954E-01 +2.400179954E-01
3.31000000000E+09 -5.310369893E-02 -1.141223809E-01 +8.624413359E-02 -8.185008598E-02 -8.046775233E-02 +2.291063001E-01
3.32000000000E+09 -2.607956486E-02 +1.234441322E-01 -3.165395815E-02 -7.023732222E-02 -1.013632253E-01 +1.954952028E-01
3.33000000000E+09 +9.462198235E-02 -7.892354729E-02 -3.532902650E-02 -5.354039929E-02 -1.115736120E-01 +2.137948344E-01
3.34000000000E+09 -1.212149526E-01 +8.543386409E-04 -1.282808842E-01 -5.029475607E-02 -9.477710436E-02 +2.271496115E-01
3.35000000000E+09 +9.483593660E-02 +7.615782405E-02 -1.360519012E-01 +6.847116179E-02 -8.081131476E-02 +2.016323361E-01
3.36000000000E+09 -2.706449619E-02 -1.167994360E-01 -8.989512691E-02 +7.301394277E-02 -1.209073665E-01 +1.969701184E-01
3.37000000000E+09 -5.492216982E-02 +1.048037554E-01 -1.046586359E-01 +1.306577656E-01 -9.623524886E-02 +2.475609279E-01
3.38000000000E+09 +1.133730946E-01 -4.818125951E-02 +5.282983977E-03 +1.605152479E-01 -6.085998754E-02 +1.957492921E-01
3.39000000000E+09 -1.188293697E-01 -2.847993533E-02 +2.242815611E-02 +8.608294769E-02 -1.329321927E-01 +1.921988268E-01
3.40000000000E+09 +7.072827006E-02 +9.678844260E-02 +4.349495783E-02 +1.020573875E-01 -9.420796822E-02 +2.663897960E-01
3.41000000000E+09 +5.746418220E-03 -1.244289874E-01 +9.172400557E-02 +5.764098546E-03 -4.391678325E-02 +2.078737431E-01
3.42000000000E+09 -7.732375990E-02 +9.633781460E-02 +1.790994423E-03 -4.062365340E-02 -1.044338170E-01 +1.846267556E-01
3.43000000000E+09 +1.163000052E-01 -2.515270904E-02 +8.171192539E-04 -3.353578328E-02 -1.015251902E-01 +2.414637970E-01
3.44000000000E+09 -1.053485717E-01 -5.579475592E-02 -6.891188397E-02 -8.841368984E-02 -4.621047289E-02 +2.329090776E-01
3.45000000000E+09 +4.954332084E-02 +1.105246217E-01 -1.377436772E-01 -1.074839198E-02 -5.911529019E-02 +1.648757545E-01
3.46000000000E+09 +2.654199530E-02 -1.134628836E-01 -1.166077701E-01 +6.994581401E-03 -1.387924353E-01 +1.927106952E-01
3.47000000000E+09 -9.283863849E-02 +6.491538553E-02 -1.708832547E-01 +5.033072415E-02 -8.173458176E-02 +2.774885277E-01
3.48000000000E+09 +1.196102358E-01 +1.044227907E-02 -1.067415548E-01 +1.385108532E-01 -1.391112036E-02 +1.885633716E-01
3.49000000000E+09 -9.156991697E-02 -7.739836866E-02 -5.817944342E-02 +1.037252006E-01 -1.287872813E-01 +1.516727996E-01
3.50000000000E+09 +1.906380039E-02 +1.127562935E-01 -3.517356934E-02 +1.407104879E-01 -1.234655852E-01 +2.737548641E-01
3.51000000000E+09 +6.132704079E-02 -1.016953570E-01 +6.647133270E-02 +8.657431708E-02 -2.036667088E-02 +2.419546744E-01
3.52000000000E+09 -1.125267839E-01 +4.819775128E-02 +3.066061108E-02 -1.212577021E-03 -6.559747350E-02 +1.504708414E-01
3.53000000000E+09 +1.126271792E-01 +2.721191219E-02 +3.895983906E-02 -1.427954260E-02 -1.491009828E-01 +2.114082551E-01
3.54000000000E+09 -6.385088262E-02 -9.127424589E-02 -2.374322143E-03 -1.166545183E-01 -8.406035186E-02 +2.936319020E-01
3.55000000000E+09 -1.107003605E-02 +1.157925274E-01 -1.176261004E-01 -9.026662817E-02 -4.078156075E-03 +2.180318628E-01
3.56000000000E+09 +7.657991017E-02 -8.815101491E-02 -1.183837868E-01 -5.847213752E-02 -1.020834603E-01 +1.586390599E-01
3.57000000000E+09 -1.079366488E-01 +1.743142710E-02 -1.954670169E-01 -4.170870629E-02 -1.243660374E-01 +2.791498788E-01
3.58000000000E+09 +9.361340562E-02 +6.179415536E-02 -1.862836456E-01 +7.997087565E-02 -6.689843429E-03 +2.713950911E-01
3.59000000000E+09 -4.028176021E-02 -1.116103917E-01 -1.135244200E-01 +8.378624415E-02 -3.622495383E-02 +1.629636245E-01
3.60000000000E+09 -3.319185700E-02 +1.094830458E-01 -1.058379772E-01 +1.232337887E-01 -1.228173945E-01 +2.244903956E-01
3.61000000000E+09 +9.440210615E-02 -5.958891923E-02 +1.507931306E-02 +1.263457352E-01 -5.398500460E-02 +2.898103505E-01
3.62000000000E+09 -1.158625495E-01 -1.494442912E-02 +3.609151364E-02 +2.165730206E-02 +1.445395407E-02 +2.197038892E-01
3.63000000000E+09 +8.645749380E-02 +8.076486195E-02 +3.519771921E-02 +7.484453639E-03 -6.713636716E-02 +1.621519579E-01
3.64000000000E+09 -1.694395480E-02 -1.105077834E-01 +4.964343154E-02 -9.222378141E-02 -1.004743157E-01 +2.550364061E-01
3.65000000000E+09 -6.094156655E-02 +9.380521867E-02 -5.802587836E-02 -1.295577051E-01 +2.724883875E-03 +2.628579481E-01
3.66000000000E+09 +1.103404852E-01 -3.906030181E-02 -8.062320033E-02 -1.005995726E-01 -1.352681337E-02 +1.539827918E-01
3.67000000000E+09 -1.078864103E-01 -3.325585356E-02 -1.489519206E-01 -1.206055372E-01 -1.134655553E-01 +2.054859558E-01
3.68000000000E+09 +5.745705658E-02 +9.319957519E-02 -1.973576244E-01 -1.752101678E-02 -4.388712933E-02 +2.794726782E-01
3.69000000000E+09 +1.588862571E-02 -1.139558784E-01 -1.422134779E-01 +2.148320949E-02 +1.977222168E-02 +1.970645648E-01
3.70000000000E+09 -7.996098305E-02 +8.394940905E-02 -1.519281490E-01 +5.909584360E-02 -8.341130645E-02 +1.561227516E-01
3.71000000000E+09 +1.085322925E-01 -1.482036571E-02 -5.300194963E-02 +1.162042174E-01 -1.016774748E-01 +2.626523467E-01
3.72000000000E+09 -9.193666346E-02 -6.184058616E-02 +1.009397803E-02 +4.371163506E-02 +1.299322456E-02 +2.691349101E-01
3.73000000000E+09 +3.767734704E-02 +1.104202502E-01 +2.019760404E-02 +3.528264180E-02 -6.693881742E-03 +1.480027527E-01
3.74000000000E+09 +3.268769496E-02 -1.071063560E-01 +8.419155050E-02 -4.138684606E-02 -1.199185126E-01 +2.017038956E-01
3.75000000000E+09 -9.134931547E-02 +5.599478284E-02 +1.485804881E-02 -1.227859249E-01 -4.178285983E-02 +2.989059661E-01
3.76000000000E+09 +1.118132706E-01 +1.745313513E-02 -1.184411799E-02 -1.118221655E-01 +4.348916029E-02 +2.056696271E-01
3.77000000000E+09 -8.247712661E-02 -8.009485957E-02 -5.550391381E-02 -1.694725350E-01 -7.314560197E-02 +1.488611852E-01
3.78000000000E+09 +1.350833089E-02 +1.068436499E-01 -1.483389264E-01 -1.121805993E-01 -9.221354083E-02 +2.704321579E-01
3.79000000000E+09 +6.242857134E-02 -8.963888571E-02 -1.257945951E-01 -5.876079923E-02 +3.620036097E-02 +2.672983791E-01
3.80000000000E+09 -1.097095721E-01 +3.562546853E-02 -1.595177963E-01 -3.600226174E-02 -2.197642890E-03 +1.372791401E-01
3.81000000000E+09 +1.048035649E-01 +3.403935780E-02 -1.163200535E-01 +6.370459392E-02 -1.109342992E-01 +2.078198616E-01
3.82000000000E+09 -5.371244266E-02 -9.204105345E-02 -3.532734346E-02 +4.598905915E-02 -1.653159521E-02 +2.940273372E-01
3.83000000000E+09 -1.885692557E-02 +1.113057677E-01 -1.819154474E-02 +5.669601499E-02 +4.394513442E-02 +1.790204431E-01
3.84000000000E+09 +7.963440298E-02 -8.030242035E-02 +8.283057203E-02 +3.335720874E-02 -8.711352601E-02 +1.524504569E-01
3.85000000000E+09 -1.054829582E-01 +1.031472821E-02 +7.930186731E-02 -6.730671169E-02 -7.515249402E-02 +2.865347526E-01
3.86000000000E+09 +8.788650444E-02 +6.526845503E-02 +6.446096452E-02 -8.030255544E-02 +5.855097405E-02 +2.481918867E-01
3.87000000000E+09 -3.458398020E-02 -1.103047238E-01 +6.032685326E-02 -1.621681036E-01 -2.155519802E-02 +1.174166725E-01
3.88000000000E+09 -3.502354264E-02 +1.024640962E-01 -4.806849253E-02 -1.715606928E-01 -1.199951856E-01 +2.349755807E-01
3.89000000000E+09 +9.315349779E-02 -5.075356665E-02 -6.471645294E-02 -1.274553193E-01 +1.507253819E-02 +3.020754118E-01
3.90000000000E+09 -1.117832941E-01 -1.975321765E-02 -1.213940311E-01 -1.251192305E-01 +3.927184963E-02 +1.496734092E-01
3.91000000000E+09 +7.830094244E-02 +7.730192942E-02 -1.450966278E-01 -8.684666965E-03 -1.087698805E-01 +1.793088693E-01
3.92000000000E+09 -7.332980086E-03 -1.028877528E-01 -7.182306564E-02 +2.790056050E-02 -4.085588211E-02 +3.123987677E-01
3.93000000000E+09 -6.658350732E-02 +8.580856533E-02 -6.044086175E-02 +5.921618128E-02 +7.549082052E-02 +2.166786278E-01
3.94000000000E+09 +1.079373660E-01 -3.305672493E-02 +4.631713314E-02 +1.011117477E-01 -5.057259305E-02 +1.239731700E-01
3.95000000000E+09 -9.795520468E-02 -3.695628171E-02 +1.070907253E-01 +1.669644014E-02 -1.026067125E-01 +2.762587494E-01
3.96000000000E+09 +4.581406068E-02 +9.454831048E-02 +1.144807970E-01 -4.798404918E-03 +5.824664572E-02 +3.001527399E-01
3.97000000000E+09 +2.341551003E-02 -1.124346406E-01 +1.637973194E-01 -8.732610360E-02 +4.209208073E-02 +1.254215719E-01
3.98000000000E+09 -7.884832991E-02 +7.685049159E-02 +7.461552152E-02 -1.690517225E-01 -1.141189018E-01 +2.044603783E-01
3.99000000000E+09 +1.039238207E-01 -4.245844649E-03 +2.693661522E-02 -1.492339231E-01 +4.844819756E-03 +3.276279216E-01
4.00000000000E+09 -8.736264040E-02 -6.912151735E-02 -3.397083297E-02 -1.782470179E-01 +9.615086935E-02 +1.775838594E-01
4.01000000000E+09 +3.399488240E-02 +1.072396262E-01 -1.286283172E-01 -8.922685073E-02 -6.774357951E-02 +1.367562548E-01
4.02000000000E+09 +3.833638898E-02 -9.668131294E-02 -9.519698780E-02 -6.264264955E-03 -5.826608362E-02 +2.938841316E-01
4.03000000000E+09 -9.584751797E-02 +4.565513227E-02 -9.906724230E-02 +4.337202073E-02 +8.615473134E-02 +2.471494191E-01
4.04000000000E+09 +1.106838286E-01 +2.227604045E-02 -2.179224273E-02 +1.442793942E-01 +6.161216288E-03 +1.136265857E-01
4.05000000000E+09 -7.234376655E-02 -7.924724612E-02 +8.853573752E-02 +1.113834146E-01 -9.548492472E-02 +2.328706981E-01
4.06000000000E+09 -4.013014097E-04 +1.051931531E-01 +1.244763532E-01 +9.068429624E-02 +4.146548218E-02 +2.979473855E-01
4.07000000000E+09 +7.198125779E-02 -8.848632486E-02 +2.144980163E-01 +2.880638343E-02 +6.725099002E-02 +1.391209082E-01
4.08000000000E+09 -1.073198710E-01 +3.276020585E-02 +1.777196026E-01 -9.995484033E-02 -9.155747013E-02 +1.779691974E-01
4.09000000000E+09 +9.678577314E-02 +4.235559719E-02 +1.171593133E-01 -1.202032320E-01 -5.759545723E-03 +3.089438679E-01
4.10000000000E+09 -4.849206361E-02 -1.004823546E-01 +6.010312309E-02 -1.784910740E-01 +9.421158307E-02 +1.847215066E-01
4.11000000000E+09 -1.650069891E-02 +1.117074612E-01 -7.732731953E-02 -1.384593387E-01 -5.640149079E-02 +1.364671464E-01
4.12000000000E+09 +7.635736928E-02 -7.114635715E-02 -9.335073714E-02 -4.071115270E-02 -5.367341518E-02 +2.889180139E-01
4.13000000000E+09 -1.057636874E-01 +8.454353707E-04 -1.209437765E-01 +1.195670691E-02 +8.983484462E-02 +2.472254818E-01
4.14000000000E+09 +9.037217585E-02 +6.599187053E-02 -9.329171935E-02 +1.438056392E-01 +9.069506739E-03 +1.157314054E-01
4.15000000000E+09 -3.256478754E-02 -1.004417044E-01 +2.521792786E-02 +1.651259051E-01 -8.964042847E-02 +2.442048931E-01
4.16000000000E+09 -4.311292970E-02 +9.297520030E-02 +6.845863988E-02 +1.602971771E-01 +6.041315462E-02 +3.061337555E-01
4.17000000000E+09 +1.005181081E-01 -4.855996342E-02 +1.747171743E-01 +1.453850658E-01 +9.061154504E-02 +1.337412151E-01
4.18000000000E+09 -1.097875075E-01 -1.441742833E-02 +2.014199333E-01 +1.440086861E-02 -8.837135933E-02 +1.717970130E-01
4.19000000000E+09 +6.894719360E-02 +7.631126435E-02 +1.549278083E-01 -3.202563152E-02 +7.323304091E-03 +3.198455874E-01
4.20000000000E+09 -1.305309931E-03 -1.090063440E-01 +1.304603142E-01 -1.055079280E-01 +1.305247250E-01 +1.809238089E-01
4.21000000000E+09 -6.077172047E-02 +9.432249516E-02 -4.476130841E-03 -1.332765702E-01 -5.222551251E-02 +1.085586507E-01
4.22000000000E+09 +9.625265602E-02 -3.392369852E-02 -6.238842821E-02 -5.731223174E-02 -5.703714463E-02 +2.995988197E-01
4.23000000000E+09 -9.375211425E-02 -4.152887460E-02 -1.085450979E-01 -2.515077446E-02 +1.269687870E-01 +2.542932713E-01
4.24000000000E+09 +5.427743904E-02 +9.556712540E-02 -1.444441967E-01 +9.424803700E-02 +3.259952471E-02 +7.479723797E-02
4.25000000000E+09 +9.333194295E-03 -1.022147332E-01 -6.038490346E-02 +1.626480797E-01 -1.136627105E-01 +2.296724484E-01
4.26000000000E+09 -7.276956734E-02 +6.412965419E-02 -2.565041211E-02 +1.813875359E-01 +6.857979097E-02 +3.260117028E-01
4.27000000000E+09 +1.061757441E-01 -1.177046039E-03 +6.600961764E-02 +2.169922638E-01 +1.337883707E-01 +1.131818206E-01
4.28000000000E+09 -9.063496901E-02 -5.641330859E-02 +1.425446352E-01 +1.292256012E-01 -1.151733593E-01 +1.196841089E-01
4.29000000000E+09 +2.950810309E-02 +9.135515343E-02 +1.346893155E-01 +7.924844527E-02 -3.648786905E-02 +3.484288029E-01
4.30000000000E+09 +4.472193539E-02 -9.086430519E-02 +1.584936332E-01 +4.466430466E-03 +1.735008261E-01 +2.265829615E-01
4.31000000000E+09 -9.498158534E-02 +5.531587910E-02 +6.741483565E-02 -8.729150067E-02 -1.935113375E-02 +4.643716799E-02
4.32000000000E+09 +9.817789010E-02 +8.599105113E-03 -9.983472401E-03 -6.388431879E-02 -1.229085783E-01 +2.863500724E-01
4.33000000000E+09 -6.122120671E-02 -7.255429116E-02 -7.192452352E-02 -7.494558551E-02 +1.166427467E-01 +3.330719612E-01
4.34000000000E+09 +1.757837006E-03 +1.053555597E-01 -1.731093985E-01 +2.458807301E-03 +1.229339449E-01 +8.510485446E-02
4.35000000000E+09 +5.336607078E-02 -8.756129442E-02 -1.471476743E-01 +1.028442333E-01 -1.259264032E-01 +1.544467319E-01
4.36000000000E+09 -8.759007093E-02 +2.662934879E-02 -1.384578491E-01 +1.445591252E-01 -1.038876399E-03 +3.625408386E-01
4.37000000000E+09 +8.575193834E-02 +4.556217263E-02 -7.854783320E-02 +2.335720494E-01 +1.879470727E-01 +2.156174938E-01
4.38000000000E+09 -4.910410449E-02 -9.424656486E-02 +4.158287966E-02 +2.066463941E-01 -1.411049587E-02 +5.971624714E-02
4.39000000000E+09 -1.394836848E-02 +9.575900085E-02 +6.838156160E-02 +1.571735536E-01 -8.618492496E-02 +2.955152254E-01
4.40000000000E+09 +7.619229049E-02 -5.714023665E-02 +1.331405959E-01 +1.016862062E-01 +1.492739315E-01 +3.091583587E-01
4.41000000000E+09 -1.071416023E-01 -2.833491697E-03 +1.098077803E-01 -3.305242493E-02 +1.100598699E-01 +7.103254249E-02
4.42000000000E+09 +8.706650416E-02 +5.891126175E-02 +2.090237688E-02 -6.459292118E-02 -9.433080224E-02 +1.751548209E-01
4.43000000000E+09 -2.580998238E-02 -9.423969869E-02 -3.536619678E-02 -1.025948204E-01 +4.620530409E-02 +3.181587215E-01
4.44000000000E+09 -4.491863538E-02 +9.242120100E-02 -1.614439195E-01 -8.170219737E-02 +1.508393326E-01 +1.633961144E-01
4.45000000000E+09 +9.223428843E-02 -5.227995233E-02 -1.893955442E-01 +2.133885617E-02 -2.916992976E-02 +9.640132027E-02
4.46000000000E+09 -9.659752886E-02 -1.356572409E-02 -1.944063980E-01 +6.442789963E-02 -4.368044238E-02 +2.750321975E-01
4.47000000000E+09 +6.058480689E-02 +7.538856821E-02 -1.756998636E-01 +1.632169946E-01 +1.238769759E-01 +2.593330512E-01
4.48000000000E+09 -1.145777904E-03 -1.042542238E-01 -6.203628596E-02 +1.846940249E-01 +6.166836385E-02 +1.000498369E-01
4.49000000000E+09 -5.748661604E-02 +8.320707791E-02 -2.257281118E-02 +1.475883135E-01 -5.672944970E-02 +2.112682794E-01
4.50000000000E+09 +9.501281491E-02 -2.363613290E-02 +4.905532985E-02 +1.270366043E-01 +7.452769531E-02 +2.826082367E-01
4.51000000000E+09 -9.441020121E-02 -4.464546155E-02 +7.631906648E-02 +7.767753308E-03 +9.931662397E-02 +1.449211887E-01
4.52000000000E+09 +5.223156662E-02 +9.075465504E-02 +1.415184233E-02 -4.142489852E-02 -2.353688665E-02 +1.710701573E-01
4.53000000000E+09 +1.534797421E-02 -9.841828810E-02 -2.586325974E-03 -8.818143291E-02 +3.513670640E-02 +2.643172597E-01
4.54000000000E+09 -7.623477223E-02 +6.630739103E-02 -1.038233373E-01 -1.255232995E-01 +1.057589365E-01 +1.955049401E-01
4.55000000000E+09 +1.025180954E-01 -7.753789469E-03 -1.554863277E-01 -5.841857388E-02 +2.452649057E-02 +1.428490066E-01
4.56000000000E+09 -8.220721756E-02 -5.356743684E-02 -1.678352082E-01 -4.555449330E-02 +4.752549779E-03 +2.338494227E-01
4.57000000000E+09 +2.633692878E-02 +9.271966702E-02 -2.032200911E-01 +2.295857249E-02 +9.959374529E-02 +2.296878402E-01
4.58000000000E+09 +3.885277113E-02 -9.230761254E-02 -1.362001069E-01 +7.753342185E-02 +6.476367553E-02 +1.281162287E-01
4.59000000000E+09 -8.447142897E-02 +5.002772359E-02 -1.092128307E-01 +6.462709249E-02 -1.173814944E-02 +2.023027678E-01
4.60000000000E+09 +9.429971686E-02 +1.640880873E-02 -5.960780641E-02 +9.337762235E-02 +8.134144131E-02 +2.437186642E-01
4.61000000000E+09 -6.544827161E-02 -7.546144250E-02 +9.724380036E-03 +3.228145941E-02 +9.156001861E-02 +1.392328914E-01
4.62000000000E+09 +8.707584342E-03 +9.966563188E-02 -5.328864213E-03 -1.360195084E-02 -7.148385357E-03 +1.639750270E-01
4.63000000000E+09 +5.345151861E-02 -8.018530871E-02 +2.270729905E-02 -5.011350892E-02 +4.079825267E-02 +2.391773686E-01
4.64000000000E+09 -9.340505042E-02 +2.780024624E-02 -1.847451695E-02 -1.270338276E-01 +9.877124761E-02 +1.800723649E-01
4.65000000000E+09 +9.268464278E-02 +3.437194334E-02 -6.938162066E-02 -1.156146815E-01 +2.354906595E-02 +1.277350776E-01
4.66000000000E+09 -5.072849102E-02 -7.987616610E-02 -8.613202506E-02 -1.368934997E-01 -1.154953092E-02 +2.222646364E-01
4.67000000000E+09 -1.360545170E-02 +9.115506548E-02 -1.563002675E-01 -1.120081295E-01 +8.813879750E-02 +2.402143767E-01
4.68000000000E+09 +7.064151119E-02 -6.411654244E-02 -1.426760857E-01 -4.894820821E-02 +8.418802086E-02 +1.278921727E-01
4.69000000000E+09 -9.376156784E-02 +9.801182682E-03 -1.385444893E-01 -4.218349478E-02 -2.557342956E-02 +1.755476569E-01
4.70000000000E+09 +7.466976343E-02 +5.061632165E-02 -1.206423925E-01 +2.183354630E-02 +4.677705624E-02 +2.628058620E-01
4.71000000000E+09 -2.410961761E-02 -8.964553119E-02 -3.840630696E-02 +2.017733935E-02 +1.169758555E-01 +1.790489311E-01
4.72000000000E+09 -3.532710027E-02 +8.883237053E-02 -2.207701399E-02 -3.853760734E-03 +2.125582836E-02 +1.299899176E-01
4.73000000000E+09 +7.875778740E-02 -4.748562871E-02 +3.871458522E-02 -1.018106098E-02 -6.345807202E-03 +2.303690066E-01
4.74000000000E+09 -8.867175307E-02 -1.509758516E-02 +5.792836633E-02 -9.510865581E-02 +9.562521795E-02 +2.499817379E-01
4.75000000000E+09 +6.092192432E-02 +7.053056701E-02 +2.346849091E-02 -1.153037428E-01 +1.095891512E-01 +1.402016847E-01
4.76000000000E+09 -7.879524634E-03 -9.299643103E-02 +3.254354891E-02 -1.501303117E-01 -4.277607592E-03 +1.552725397E-01
4.77000000000E+09 -4.961047613E-02 +7.316418684E-02 -3.311729757E-02 -1.791932919E-01 +3.856328195E-02 +2.582678424E-01
4.78000000000E+09 +8.597865214E-02 -2.204120371E-02 -5.644112985E-02 -1.339365558E-01 +1.392974203E-01 +1.943667247E-01
4.79000000000E+09 -8.466760109E-02 -3.665642348E-02 -6.256330272E-02 -1.352395250E-01 +5.406237844E-02 +1.079884864E-01
4.80000000000E+09 +4.413963187E-02 +7.807939933E-02 -9.170493626E-02 -8.191765328E-02 -1.012232981E-02 +1.980704028E-01
4.81000000000E+09 +1.645701816E-02 -8.556524851E-02 -4.137593423E-02 -4.086192615E-02 +8.623845956E-02 +2.471175133E-01
4.82000000000E+09 -7.005381414E-02 +5.676482665E-02 -2.789440970E-02 -3.920606426E-02 +1.202067202E-01 +1.402842458E-01
4.83000000000E+09 +9.167862845E-02 -4.382769415E-03 +1.789933052E-02 +2.376057293E-03 +4.080781201E-03 +1.246085502E-01
4.84000000000E+09 -7.162395679E-02 -5.069374398E-02 +7.985180432E-02 -3.394364764E-02 +1.361884202E-02 +2.410583924E-01
4.85000000000E+09 +2.063055115E-02 +8.492983534E-02 +8.548335598E-02 -5.179021478E-02 +1.259508159E-01 +2.056886177E-01
4.86000000000E+09 +3.723801763E-02 -8.271528683E-02 +1.333633643E-01 -7.954832998E-02 +6.003054496E-02 +1.075482150E-01
4.87000000000E+09 -7.710383092E-02 +4.277363306E-02 +1.129867520E-01 -1.479424389E-01 -1.634389667E-02 +1.910872551E-01
4.88000000000E+09 +8.355651139E-02 +1.684903840E-02 +8.422012915E-02 -1.488274760E-01 +7.786858383E-02 +2.479685279E-01
4.89000000000E+09 -5.476486007E-02 -6.881853150E-02 +6.653418745E-02 -1.828771948E-01 +1.076482168E-01 +1.482030933E-01
4.90000000000E+09 +2.802553786E-03 +8.876659231E-02 -9.981153736E-03 -1.651608398E-01 +5.075565888E-03 +1.438135737E-01
4.91000000000E+09 +5.093990263E-02 -6.816944990E-02 -1.411351167E-02 -1.063163386E-01 +3.130808356E-02 +2.546093914E-01
4.92000000000E+09 -8.401741383E-02 +1.765340286E-02 -2.977934607E-02 -8.236108635E-02 +1.371375683E-01 +1.979761212E-01
4.93000000000E+09 +8.096904923E-02 +3.879993630E-02 -2.217907529E-02 +3.736480613E-03 +5.560772654E-02 +1.084485257E-01
4.94000000000E+09 -4.056929853E-02 -7.688100363E-02 +5.521979210E-02 +3.000911884E-02 -9.805106533E-04 +2.122262897E-01
4.95000000000E+09 -1.896505246E-02 +8.243221203E-02 +8.662722289E-02 +3.531010966E-02 +1.137242541E-01 +2.338218824E-01
4.96000000000E+09 +6.936484293E-02 -5.388082676E-02 +1.637026522E-01 +3.924464146E-02 +9.902908890E-02 +1.185045558E-01
4.97000000000E+09 -8.673982219E-02 +2.016390209E-03 +1.992154150E-01 -3.836525315E-02 -2.655723475E-03 +1.647640296E-01
4.98000000000E+09 +6.486051540E-02 +5.169292972E-02 +1.826201339E-01 -6.997356952E-02 +7.300903180E-02 +2.545222043E-01
4.99000000000E+09 -1.504685185E-02 -8.393333352E-02 +1.825367029E-01 -1.215781806E-01 +1.447461859E-01 +1.474835996E-01
5.00000000000E+09 -3.955645850E-02 +7.872497292E-02 +1.026928304E-01 -1.585882290E-01 +1.832343171E-02 +1.007103448E-01
5.01000000000E+09 +7.631924583E-02 -3.674562184E-02 +5.203430621E-02 -1.191665916E-01 +1.246625054E-02 +2.415016014E-01
5.02000000000E+09 -8.187622151E-02 -2.280737234E-02 +1.015392147E-02 -9.888189249E-02 +1.473506418E-01 +1.927199064E-01
5.03000000000E+09 +5.400654539E-02 +7.093852549E-02 -3.076529550E-02 -1.261833125E-02 +4.914951767E-02 +7.457570140E-02
5.04000000000E+09 -1.891513668E-03 -8.522726613E-02 +1.608202907E-02 +5.515593395E-02 -3.339825113E-02 +2.131743703E-01
5.05000000000E+09 -5.274012935E-02 +6.249807358E-02 +4.105059571E-02 +8.834268841E-02 +1.198512487E-01 +2.560971849E-01
5.06000000000E+09 +8.451616799E-02 -1.480567017E-02 +1.112382373E-01 +1.342530465E-01 +1.221252392E-01 +8.760540620E-02
5.07000000000E+09 -7.649143943E-02 -3.676704644E-02 +1.829209776E-01 +9.090283755E-02 -4.795691165E-02 +1.343728203E-01
5.08000000000E+09 +3.233332696E-02 +7.225576109E-02 +1.970828893E-01 +5.847760464E-02 +3.900081195E-02 +2.948927067E-01
5.09000000000E+09 +2.655467514E-02 -7.759094280E-02 +2.302448882E-01 +4.369872300E-03 +1.830270592E-01 +1.646312909E-01
5.10000000000E+09 -7.086393696E-02 +5.018837412E-02 +1.807627685E-01 -7.388420518E-02 -1.536912615E-03 +5.691977097E-02
5.11000000000E+09 +8.067922146E-02 +1.837182061E-03 +1.220739541E-01 -7.534566632E-02 -4.799299265E-02 +2.832464923E-01
5.12000000000E+09 -5.593917781E-02 -5.620794406E-02 +6.853655787E-02 -9.565584780E-02 +1.842084584E-01 +2.718068450E-01
5.13000000000E+09 +9.388711656E-03 +8.662346647E-02 -2.823050756E-02 -4.973196308E-02 +1.239006530E-01 +4.276539181E-02
5.14000000000E+09 +3.875689883E-02 -7.553921425E-02 -3.787510409E-02 +3.721805065E-02 -7.771040193E-02 +1.704661316E-01
5.15000000000E+09 -7.195106392E-02 +2.882887577E-02 -4.491186298E-02 +8.851729968E-02 +8.845518212E-02 +3.243690897E-01
5.16000000000E+09 +7.528580921E-02 +2.979321780E-02 -1.215418036E-02 +1.790448479E-01 +2.167377665E-01 +1.306047588E-01
5.17000000000E+09 -4.592368442E-02 -7.163042358E-02 +8.120917902E-02 +1.935807537E-01 -1.050620375E-02 +4.170689339E-02
5.18000000000E+09 -6.531739898E-03 +7.830556059E-02 +1.245986927E-01 +1.746795442E-01 -3.796123787E-02 +2.861821334E-01
5.19000000000E+09 +5.940428062E-02 -5.048686313E-02 +1.924061383E-01 +1.395695315E-01 +2.035124852E-01 +2.512389636E-01
5.20000000000E+09 -8.658360057E-02 +2.187520477E-03 +2.007493383E-01 +3.339019665E-02 +1.082267725E-01 +1.918809533E-02
5.21000000000E+09 +7.203567874E-02 +4.585572888E-02 +1.449643430E-01 -1.791999464E-02 -8.668568131E-02 +1.848952092E-01
5.22000000000E+09 -2.266536528E-02 -7.798069695E-02 +9.411811656E-02 -7.102237498E-02 +1.127952752E-01 +3.066026414E-01
5.23000000000E+09 -3.621123625E-02 +7.914339242E-02 -2.561960622E-02 -7.856592440E-02 +1.847464327E-01 +1.014016825E-01
5.24000000000E+09 +7.640315504E-02 -4.644491808E-02 -8.750485703E-02 -4.529065310E-04 -2.836385338E-02 +8.401666339E-02
5.25000000000E+09 -8.225338073E-02 -9.357816947E-03 -1.191824144E-01 +5.215664476E-02 +3.303630267E-03 +2.754525292E-01
5.26000000000E+09 +5.377603210E-02 +6.275819532E-02 -1.246577509E-01 +1.525710754E-01 +1.746952456E-01 +2.079037676E-01
5.27000000000E+09 -4.222414144E-03 -8.737591917E-02 -4.256579004E-02 +2.034050209E-01 +6.326860488E-02 +6.346599763E-02
5.28000000000E+09 -4.650681671E-02 +7.008243604E-02 +3.035165400E-03 +1.995286929E-01 -4.168919213E-02 +2.168197680E-01
5.29000000000E+09 +7.989743774E-02 -1.968276458E-02 +7.610524825E-02 +1.958262426E-01 +1.325240669E-01 +2.631085596E-01
5.30000000000E+09 -8.035961186E-02 -3.835019299E-02 +1.232297600E-01 +1.028175271E-01 +1.196009455E-01 +9.583382641E-02
5.31000000000E+09 +4.451322510E-02 +7.770094347E-02 +8.871917765E-02 +4.236876705E-02 -2.057934279E-02 +1.680611641E-01
5.32000000000E+09 +1.434475509E-02 -8.496585758E-02 +7.431181228E-02 -1.458777102E-02 +9.133427706E-02 +2.593285239E-01
5.33000000000E+09 -6.764561612E-02 +5.851069150E-02 -1.576541158E-02 -6.865947736E-02 +1.404123234E-01 +1.372550515E-01
5.34000000000E+09 +8.989825985E-02 -8.386052489E-03 -8.536980617E-02 -2.945876490E-02 +1.831176997E-02 +1.283082892E-01
5.35000000000E+09 -7.211877614E-02 -4.601001300E-02 -1.208040779E-01 -1.615962373E-02 +4.369762779E-02 +2.364705152E-01
5.36000000000E+09 +2.377033490E-02 +8.171741333E-02 -1.712359217E-01 +4.506921875E-02 +1.479225299E-01 +1.795727591E-01
5.37000000000E+09 +3.195627779E-02 -8.173399189E-02 -1.364567223E-01 +1.062432083E-01 +4.891087920E-02 +9.378988776E-02
5.38000000000E+09 -7.198282334E-02 +4.400990575E-02 -1.191603469E-01 +1.162353550E-01 +1.678321681E-03 +2.197586844E-01
5.39000000000E+09 +8.189948170E-02 +1.496203446E-02 -7.885937553E-02 +1.536221249E-01 +1.426754898E-01 +2.170182756E-01
5.40000000000E+09 -5.848628193E-02 -6.601414797E-02 -1.586620374E-02 +1.192942346E-01 +7.525686368E-02 +7.782326093E-02
5.41000000000E+09 +8.734001189E-03 +8.551391003E-02 -1.295180263E-02 +8.861085199E-02 -3.079919670E-02 +1.977063726E-01
5.42000000000E+09 +4.750118105E-02 -6.828273182E-02 +2.428031563E-02 +5.555244804E-02 +1.074883107E-01 +2.577996323E-01
5.43000000000E+09 -8.393681002E-02 +2.393996055E-02 +3.196215676E-03 -1.932589010E-02 +1.270989597E-01 +1.128287376E-01
5.44000000000E+09 +8.216068221E-02 +2.849338698E-02 -3.372567025E-02 -2.695040868E-02 -1.950569639E-02 +1.368867522E-01
5.45000000000E+09 -4.336998867E-02 -6.904129092E-02 -4.922194879E-02 -6.386696176E-02 +3.840123100E-02 +2.717221235E-01
5.46000000000E+09 -1.377763046E-02 +8.075226389E-02 -1.180697719E-01 -6.327801905E-02 +1.663879232E-01 +1.918540151E-01
5.47000000000E+09 +6.172085520E-02 -5.879516478E-02 -1.254778851E-01 -2.328833087E-02 +3.907220769E-02 +7.506425553E-02
5.48000000000E+09 -7.953686375E-02 +9.914073043E-03 -1.432866168E-01 -2.028459872E-02 -3.767816445E-02 +2.394521170E-01
5.49000000000E+09 +6.255295784E-02 +4.514200457E-02 -1.460002028E-01 +3.890815963E-02 +1.376139225E-01 +2.797769437E-01
5.50000000000E+09 -2.056501234E-02 -8.024410514E-02 -8.702695203E-02 +4.991632491E-02 +1.326793110E-01 +9.918810042E-02
5.51000000000E+09 -2.883054307E-02 +7.742276082E-02 -7.621485939E-02 +4.327439973E-02 -3.255662222E-02 +1.581858595E-01
5.52000000000E+09 +6.722649656E-02 -3.869986724E-02 -1.823884024E-02 +5.015649855E-02 +5.508717876E-02 +2.944477269E-01
5.53000000000E+09 -7.771620803E-02 -1.651729408E-02 +1.294013599E-02 -1.736845105E-02 +1.745959114E-01 +2.008794374E-01
5.54000000000E+09 +5.506146725E-02 +6.275836691E-02 -2.965476834E-03 -3.836352458E-02 +6.860419988E-02 +9.692544433E-02
5.55000000000E+09 -7.355418202E-03 -7.977716752E-02 +1.853872235E-02 -7.808354556E-02 -5.544406801E-03 +2.175439651E-01
5.56000000000E+09 -4.498508870E-02 +6.234443117E-02 -2.702224576E-02 -1.197682303E-01 +1.197012648E-01 +2.647255104E-01
5.57000000000E+09 +7.762201872E-02 -1.990781433E-02 -4.243643767E-02 -1.029064946E-01 +1.364619224E-01 +1.330676105E-01
5.58000000000E+09 -7.473113745E-02 -2.966757403E-02 -5.433859319E-02 -1.301791295E-01 +1.657830729E-02 +1.512083351E-01
5.59000000000E+09 +3.755567854E-02 +6.648526680E-02 -9.616834120E-02 -1.022544284E-01 +5.231533936E-02 +2.539837082E-01
5.60000000000E+09 +1.530755814E-02 -7.514295034E-02 -7.324088437E-02 -7.869628762E-02 +1.402277320E-01 +2.093730185E-01
5.61000000000E+09 -6.062743489E-02 +5.088272192E-02 -8.914260907E-02 -7.934099619E-02 +9.853896567E-02 +1.358194154E-01
5.62000000000E+09 +7.840897598E-02 -4.494841890E-03 -7.302421988E-02 -2.751158655E-02 +2.600866602E-02 +1.742665847E-01
5.63000000000E+09 -6.169647967E-02 -4.447369424E-02 -3.060838764E-02 -3.259384774E-02 +7.050490545E-02 +2.418142657E-01
5.64000000000E+09 +1.891398258E-02 +7.442035247E-02 -1.999596064E-02 -1.437959972E-02 +1.281465981E-01 +1.895136424E-01
5.65000000000E+09 +3.059327088E-02 -7.192909082E-02 +5.215039434E-02 -1.275811845E-02 +6.795375054E-02 +1.456244274E-01
5.66000000000E+09 -6.558570070E-02 +3.740632274E-02 +7.454843504E-02 -6.719883212E-02 +3.447597649E-02 +2.125082843E-01
5.67000000000E+09 +7.214408694E-02 +1.283393170E-02 +9.273405150E-02 -8.252136849E-02 +1.005370554E-01 +2.367648257E-01
5.68000000000E+09 -4.727195812E-02 -5.666128150E-02 +1.101120670E-01 -1.528378834E-01 +1.279053480E-01 +1.796780041E-01
5.69000000000E+09 +2.873266575E-03 +7.429371252E-02 +4.921196318E-02 -1.904001535E-01 +5.744958321E-02 +1.494678737E-01
5.70000000000E+09 +4.215889864E-02 -5.816246869E-02 +2.227876077E-02 -1.877250253E-01 +4.200335950E-02 +2.309759473E-01
5.71000000000E+09 -6.895717955E-02 +1.573618342E-02 -3.896326861E-02 -1.934983219E-01 +1.266174143E-01 +2.356039980E-01
5.72000000000E+09 +6.620117052E-02 +3.242338546E-02 -8.490014886E-02 -1.119534239E-01 +1.076391675E-01 +1.470792371E-01
5.73000000000E+09 -3.390699328E-02 -6.500586620E-02 -5.700566845E-02 -5.424682451E-02 +3.392214391E-02 +1.932595045E-01
5.74000000000E+09 -1.424302197E-02 +6.951749769E-02 -4.336889506E-02 +6.869752388E-03 +9.431541028E-02 +2.477116348E-01
5.75000000000E+09 +5.599561335E-02 -4.480858494E-02 +5.095282523E-02 +6.572732977E-02 +1.366103669E-01 +1.868555542E-01
5.76000000000E+09 -7.211590184E-02 +1.861458820E-03 +1.346622169E-01 +2.793950643E-02 +6.920725227E-02 +1.504512792E-01
5.77000000000E+09 +5.591305391E-02 +4.116909401E-02 +1.833840017E-01 -2.664284922E-04 +5.364864456E-02 +2.211541693E-01
5.78000000000E+09 -1.487791528E-02 -6.601276838E-02 +2.345528228E-01 -8.276125628E-02 +1.197912747E-01 +2.251901207E-01
5.79000000000E+09 -3.090745993E-02 +6.198456886E-02 +1.878277008E-01 -1.661113045E-01 +9.538039562E-02 +1.549833217E-01
5.80000000000E+09 +6.150727480E-02 -2.977430328E-02 +1.425044098E-01 -1.882898103E-01 +4.400311265E-02 +2.148409202E-01
5.81000000000E+09 -6.492048770E-02 -1.727593737E-02 +6.890800068E-02 -2.211352528E-01 +1.165875665E-01 +2.438830373E-01
5.82000000000E+09 +4.126101815E-02 +5.671322822E-02 -2.755524580E-02 -1.590462374E-01 +1.152173006E-01 +1.626700985E-01
5.83000000000E+09 +7.712919664E-05 -7.024176168E-02 -3.851959489E-02 -7.677823157E-02 +4.544293854E-02 +1.966042375E-01
5.84000000000E+09 -4.261920708E-02 +5.316358402E-02 -5.183057915E-02 +2.765831782E-03 +9.537387371E-02 +2.460535652E-01
5.85000000000E+09 +6.703549213E-02 -1.440225345E-02 +1.740603469E-02 +1.085909411E-01 +1.229626565E-01 +1.917762551E-01
5.86000000000E+09 -6.173051305E-02 -2.816780639E-02 +1.182581227E-01 +1.144700117E-01 +5.612413700E-02 +1.797597438E-01
5.87000000000E+09 +2.865420878E-02 +5.716819782E-02 +1.832017430E-01 +1.127781488E-01 +7.239818486E-02 +2.662684876E-01
5.88000000000E+09 +1.717067075E-02 -6.059142946E-02 +2.771760548E-01 +5.773426652E-02 +1.583502219E-01 +2.330222965E-01
5.89000000000E+09 -5.358076160E-02 +3.824891657E-02 +2.783487909E-01 -5.105274529E-02 +9.383792150E-02 +1.435156580E-01
5.90000000000E+09 +6.375335075E-02 +1.786902780E-03 +2.447239127E-01 -1.031123076E-01 +3.639123235E-02 +2.540669888E-01
5.91000000000E+09 -4.497312498E-02 -4.327815250E-02 +1.869491953E-01 -1.775561549E-01 +1.615346734E-01 +2.740584091E-01
5.92000000000E+09 +8.094310887E-03 +6.700904800E-02 +5.528564208E-02 -1.744824856E-01 +1.478243213E-01 +1.382906458E-01
5.93000000000E+09 +3.059198391E-02 -6.005859189E-02 -8.534659518E-03 -1.006282890E-01 +2.070177262E-02 +2.030910215E-01
5.94000000000E+09 -5.736491967E-02 +2.524530551E-02 -6.918849760E-02 -2.670499406E-02 +1.157840655E-01 +3.075700740E-01
5.95000000000E+09 +6.069535761E-02 +1.971897625E-02 -6.434226991E-02 +1.166487379E-01 +2.035521732E-01 +1.971266640E-01
5.96000000000E+09 -3.891420444E-02 -5.310488628E-02 +3.238360332E-02 +1.871912648E-01 +7.097739794E-02 +1.213805575E-01
5.97000000000E+09 -8.530472360E-04 +6.025051119E-02 +1.050230440E-01 +2.192687000E-01 +3.766571167E-02 +2.860240498E-01
5.98000000000E+09 +4.114382985E-02 -4.032169270E-02 +2.248649259E-01 +2.126849133E-01 +1.999382098E-01 +2.782117420E-01
5.99000000000E+09 -6.281310388E-02 +4.360787286E-03 +2.899483804E-01 +1.081534262E-01 +1.509587184E-01 +1.007680563E-01
6.00000000000E+09 +5.353719058E-02 +3.156475827E-02 +2.867612540E-01 +2.997694130E-02 -6.194795492E-03 +2.265997567E-01
6.01000000000E+09 -1.692914488E-02 -5.537263898E-02 +2.655948190E-01 -7.773053161E-02 +1.445353309E-01 +3.404141286E-01
6.02000000000E+09 -2.768316134E-02 +5.659635145E-02 +1.335120504E-01 -1.495749162E-01 +2.404502331E-01 +1.724328547E-01
6.03000000000E+09 +5.882395457E-02 -3.440268618E-02 +2.152109307E-02 -1.077348203E-01 +6.000538206E-02 +1.187803666E-01
6.04000000000E+09 -6.258483969E-02 -5.668416256E-03 -6.978005650E-02 -5.827968655E-02 +5.149947092E-02 +2.959139891E-01
6.05000000000E+09 +4.043740820E-02 +4.511968696E-02 -1.294983328E-01 +7.895034641E-02 +2.121788677E-01 +2.700205240E-01
6.06000000000E+09 -3.060017389E-03 -6.476400088E-02 -6.744433188E-02 +1.912449393E-01 +1.616183323E-01 +1.092690733E-01
6.07000000000E+09 -3.337219503E-02 +5.328724740E-02 -9.415867723E-03 +2.439491828E-01 +1.600856517E-02 +2.157273318E-01
6.08000000000E+09 +5.593297985E-02 -1.554176932E-02 +1.004435031E-01 +2.842245711E-01 +1.449684312E-01 +3.161120417E-01
6.09000000000E+09 -5.503044080E-02 -2.889638017E-02 +2.029872996E-01 +2.085522806E-01 +2.117215102E-01 +1.779684894E-01
6.10000000000E+09 +2.984184137E-02 +5.891620900E-02 +2.178028789E-01 +1.297810698E-01 +6.480499283E-02 +1.699112039E-01
6.11000000000E+09 +1.209321995E-02 -6.176272718E-02 +2.358567967E-01 +3.387938214E-02 +1.041355575E-01 +2.938387700E-01
6.12000000000E+09 -5.116708304E-02 +3.908651302E-02 +1.442208815E-01 -7.729474924E-02 +2.066844957E-01 +2.364049685E-01
6.13000000000E+09 +6.866508576E-02 -9.425787596E-04 +3.296904075E-02 -7.218429637E-02 +1.386933179E-01 +1.574881177E-01
6.14000000000E+09 -5.492205029E-02 -3.756213655E-02 -4.778353917E-02 -6.659600530E-02 +8.419538839E-02 +2.392024794E-01
6.15000000000E+09 +1.670439557E-02 +6.123274503E-02 -1.495533495E-01 +1.714907198E-02 +1.718152653E-01 +2.636111177E-01
6.16000000000E+09 +2.737386744E-02 -5.949020520E-02 -1.352694874E-01 +1.286783046E-01 +1.757418799E-01 +1.756670754E-01
6.17000000000E+09 -5.726791274E-02 +3.144380409E-02 -1.114233337E-01 +1.776844262E-01 +9.287353061E-02 +2.113076343E-01
6.18000000000E+09 +6.144244128E-02 +1.243646550E-02 -5.026852797E-02 +2.531740823E-01 +1.552705310E-01 +2.615821561E-01
6.19000000000E+09 -4.026233774E-02 -5.144012558E-02 +6.006154247E-02 +2.304415808E-01 +1.752063719E-01 +1.883573020E-01
6.20000000000E+09 +2.069452387E-03 +6.669639621E-02 +9.269105973E-02 +1.764915677E-01 +9.754827422E-02 +2.115254293E-01
6.21000000000E+09 +3.891885279E-02 -5.166124833E-02 +1.488220593E-01 +1.171841679E-01 +1.480176218E-01 +2.731026105E-01
6.22000000000E+09 -6.481020078E-02 +1.505298704E-02 +1.240558361E-01 -8.394199060E-03 +1.936044212E-01 +2.095527000E-01
6.23000000000E+09 +6.322698438E-02 +2.641811480E-02 +4.095847057E-02 -4.301738519E-02 +1.201183826E-01 +1.876219681E-01
6.24000000000E+09 -3.304375670E-02 -5.569281661E-02 -1.245172889E-02 -8.181107235E-02 +1.165785090E-01 +2.747181893E-01
6.25000000000E+09 -1.201998253E-02 +6.162338738E-02 -1.315064046E-01 -6.813314151E-02 +2.143608047E-01 +2.562603154E-01
6.26000000000E+09 +5.074797065E-02 -4.246278442E-02 -1.653873310E-01 +2.416854761E-02 +1.739851975E-01 +1.612751142E-01
6.27000000000E+09 -6.443713052E-02 +5.200540256E-03 -1.713115881E-01 +6.246966160E-02 +8.827227916E-02 +2.412249107E-01
6.28000000000E+09 +4.885582125E-02 +3.640545075E-02 -1.617456367E-01 +1.529917080E-01 +1.937963755E-01 +2.972807033E-01
6.29000000000E+09 -1.301613984E-02 -6.321280745E-02 -5.776515698E-02 +1.817983668E-01 +2.309672754E-01 +1.849772340E-01
6.30000000000E+09 -2.655103878E-02 +6.204429322E-02 -1.421158162E-02 +1.456897121E-01 +1.097231954E-01 +1.821772198E-01
6.31000000000E+09 +5.478513508E-02 -3.133252675E-02 +5.450203723E-02 +1.268161014E-01 +1.421364231E-01 +2.968748212E-01
6.32000000000E+09 -6.107693359E-02 -1.347520570E-02 +8.668274910E-02 +1.280338109E-02 +2.511522024E-01 +2.487983368E-01
6.33000000000E+09 +4.277439930E-02 +5.187730699E-02 +2.640946912E-02 -4.455325663E-02 +1.860090535E-01 +1.433372663E-01
6.34000000000E+09 -6.442073860E-03 -6.487984549E-02 +6.042366173E-03 -8.589825490E-02 +9.211751067E-02 +2.382561537E-01
6.35000000000E+09 -3.467774126E-02 +4.878331337E-02 -8.825201481E-02 -1.203315960E-01 +2.126629796E-01 +3.050391820E-01
6.36000000000E+09 +6.153401603E-02 -1.281151437E-02 -1.414670339E-01 -5.311075149E-02 +2.603630899E-01 +1.805326998E-01
6.37000000000E+09 -6.100897606E-02 -2.641718981E-02 -1.400583321E-01 -3.160230365E-02 +1.233194280E-01 +1.601953509E-01
6.38000000000E+09 +3.094215895E-02 +5.373829513E-02 -1.626363915E-01 +3.016896745E-02 +1.444384310E-01 +2.917832593E-01
6.39000000000E+09 +1.336430161E-02 -5.959256690E-02 -8.539219005E-02 +7.826549011E-02 +2.604651514E-01 +2.542626822E-01
6.40000000000E+09 -5.167742285E-02 +4.126368360E-02 -4.634050990E-02 +4.509127540E-02 +2.094114966E-01 +1.403844491E-01
6.41000000000E+09 +6.523735221E-02 -5.912111837E-03 -6.967130475E-03 +5.455553457E-02 +1.023104513E-01 +2.198092888E-01
6.42000000000E+09 -4.931029651E-02 -3.382648863E-02 +4.551799282E-02 -1.784000358E-02 +2.051543904E-01 +3.086894909E-01
6.43000000000E+09 +1.306140266E-02 +6.011164156E-02 +5.114064303E-03 -6.433806640E-02 +2.795421693E-01 +1.978526173E-01
6.44000000000E+09 +2.627981885E-02 -6.045909446E-02 +1.388166594E-02 -7.216915443E-02 +1.519931214E-01 +1.443515202E-01
6.45000000000E+09 -5.268685698E-02 +3.172968989E-02 -2.372782331E-02 -1.231008191E-01 +1.423298969E-01 +2.796128533E-01
6.46000000000E+09 +5.762299212E-02 +1.189439863E-02 -6.331640843E-02 -8.317358190E-02 +2.648122469E-01 +2.710214488E-01
6.47000000000E+09 -3.875305330E-02 -5.003116619E-02 -3.791189127E-02 -8.194452740E-02 +2.467623817E-01 +1.518088684E-01
6.48000000000E+09 +4.070763155E-03 +6.453758833E-02 -7.322819357E-02 -7.470063962E-02 +1.353539053E-01 +1.958558887E-01
6.49000000000E+09 +3.385527105E-02 -4.918485389E-02 -3.554087015E-02 -2.982051076E-02 +2.042695605E-01 +2.930308640E-01
6.50000000000E+09 -5.881370402E-02 +1.286873728E-02 -1.383861483E-02 -6.297444948E-02 +2.928074742E-01 +2.082946086E-01
6.51000000000E+09 +5.928445957E-02 +2.701811098E-02 -2.237390102E-02 -3.690968744E-02 +1.850138472E-01 +1.325166181E-01
6.52000000000E+09 -3.187115922E-02 -5.300387261E-02 +3.200795692E-02 -4.970765025E-02 +1.491443416E-01 +2.575669179E-01
6.53000000000E+09 -1.117123512E-02 +5.743784184E-02 +1.165000056E-02 -7.542089580E-02 +2.672163649E-01 +2.620735747E-01
6.54000000000E+09 +4.882153483E-02 -3.860700942E-02 +3.627632299E-02 -4.833934463E-02 +2.532723673E-01 +1.526587045E-01
6.55000000000E+09 -6.330152579E-02 +3.689847755E-03 +5.723352934E-02 -9.636632187E-02 +1.614432321E-01 +1.896504981E-01
6.56000000000E+09 +4.895124180E-02 +3.407885702E-02 +2.957537596E-02 -8.614941458E-02 +2.116145931E-01 +2.630043884E-01
6.57000000000E+09 -1.390869909E-02 -5.845130901E-02 +6.534923343E-02 -9.212789292E-02 +2.718018665E-01 +1.976943146E-01
6.58000000000E+09 -2.541801261E-02 +5.803174821E-02 +3.244959599E-02 -1.225706144E-01 +1.886949897E-01 +1.572693968E-01
6.59000000000E+09 +5.209115931E-02 -3.080162462E-02 +3.269342299E-02 -8.253892778E-02 +1.753936109E-01 +2.552337515E-01
6.60000000000E+09 -5.753806239E-02 -1.141325252E-02 +4.532313388E-02 -1.075961011E-01 +2.727045911E-01 +2.417234442E-01
6.61000000000E+09 +4.016404374E-02 +4.777756131E-02 +8.041081615E-03 -7.749295907E-02 +2.280586508E-01 +1.636812235E-01
6.62000000000E+09 -5.467289625E-03 -6.073562627E-02 +5.621344357E-02 -4.919915862E-02 +1.854945250E-01 +2.382860565E-01
6.63000000000E+09 -3.351015000E-02 +4.706730727E-02 +4.814508322E-02 -6.992976308E-02 +2.706248673E-01 +2.503957247E-01
6.64000000000E+09 +5.860223310E-02 -1.464598693E-02 +6.122558727E-02 -2.273614542E-02 +2.659453575E-01 +1.630492435E-01
6.65000000000E+09 -5.719428563E-02 -2.219253347E-02 +1.081539627E-01 -5.001290704E-02 +1.828728247E-01 +1.952233395E-01
6.66000000000E+09 +2.909904020E-02 +4.911761279E-02 +8.442554255E-02 -4.883560481E-02 +2.363614241E-01 +2.678743228E-01
6.67000000000E+09 +1.208961233E-02 -5.586151207E-02 +1.282762094E-01 -3.680914215E-02 +3.080196534E-01 +1.986340460E-01
6.68000000000E+09 -4.673743392E-02 +3.990359836E-02 +1.192250137E-01 -8.671534037E-02 +2.119883882E-01 +1.422680550E-01
6.69000000000E+09 +5.801400882E-02 -5.821868307E-03 +9.870541880E-02 -5.729009740E-02 +1.957643157E-01 +2.582451341E-01
6.70000000000E+09 -4.427344599E-02 -3.336340923E-02 +1.191230217E-01 -7.860326438E-02 +3.139910647E-01 +2.401303465E-01
6.71000000000E+09 +1.362451493E-02 +5.880812812E-02 +6.437346855E-02 -7.622041581E-02 +2.614378418E-01 +1.281846080E-01
6.72000000000E+09 +2.067345974E-02 -5.632165249E-02 +8.163585803E-02 -2.666978863E-02 +1.792350090E-01 +2.197164160E-01
6.73000000000E+09 -4.766539490E-02 +2.726715126E-02 +7.576306884E-02 -4.199929698E-02 +2.874359398E-01 +2.681517469E-01
6.74000000000E+09 +5.562150524E-02 +1.292924862E-02 +6.058448433E-02 +1.552302526E-02 +3.202361623E-01 +1.541694123E-01
6.75000000000E+09 -4.038313376E-02 -4.519014189E-02 +1.188059931E-01 +2.522940284E-02 +1.959756802E-01 +1.478917229E-01
6.76000000000E+09 +5.788503258E-03 +5.520444937E-02 +1.051084338E-01 +1.783645243E-02 +2.288183722E-01 +2.715465088E-01
6.77000000000E+09 +3.320403926E-02 -4.186315470E-02 +1.449331906E-01 +4.697509330E-02 +3.498202966E-01 +2.134938851E-01
6.78000000000E+09 -5.823125859E-02 +1.215154478E-02 +1.668572559E-01 -8.439340357E-03 +2.610481952E-01 +9.823126099E-02
6.79000000000E+09 +5.484625433E-02 +2.063352850E-02 +1.303082514E-01 -4.361830876E-03 +1.793687268E-01 +2.248738006E-01
6.80000000000E+09 -2.502174113E-02 -4.706000221E-02 +1.492105162E-01 -1.936767097E-02 +3.191856412E-01 +2.612933257E-01
6.81000000000E+09 -1.491906855E-02 +5.526105236E-02 +8.972816577E-02 -4.564594825E-02 +3.251719114E-01 +1.186321047E-01
6.82000000000E+09 +4.567634958E-02 -4.027500211E-02 +6.702092798E-02 +1.175931241E-02 +1.842370605E-01 +1.489054365E-01
6.83000000000E+09 -5.518346708E-02 +4.960839173E-03 +6.478257976E-02 +8.189686541E-03 +2.470363530E-01 +2.688675045E-01
6.84000000000E+09 +4.243477162E-02 +3.382129069E-02 +3.038534042E-02 +6.362334029E-02 +3.470401236E-01 +2.002367800E-01
6.85000000000E+09 -1.305862821E-02 -5.783205372E-02 +8.979171846E-02 +1.030777361E-01 +2.627075633E-01 +1.156813681E-01
6.86000000000E+09 -2.058115915E-02 +5.395557088E-02 +9.288685693E-02 +7.944884482E-02 +2.126535926E-01 +2.221733998E-01
6.87000000000E+09 +4.741867296E-02 -2.494682306E-02 +1.176012042E-01 +1.100797322E-01 +3.294965513E-01 +2.402038816E-01
6.88000000000E+09 -5.553154104E-02 -1.429927029E-02 +1.562217299E-01 +5.395704898E-02 +3.208294517E-01 +1.267307721E-01
6.89000000000E+09 +3.971937316E-02 +4.495444590E-02 +1.031695784E-01 +3.056343743E-02 +2.227778327E-01 +1.653449291E-01
6.90000000000E+09 -3.925040250E-03 -5.586695812E-02 +1.106905640E-01 +3.103483000E-02 +2.877224578E-01 +2.366693003E-01
6.91000000000E+09 -3.462096127E-02 +4.470878573E-02 +5.635354871E-02 -8.243287505E-03 +3.339204945E-01 +1.651585891E-01
6.92000000000E+09 +5.755588218E-02 -1.575148592E-02 +9.497013821E-03 +5.203573963E-02 +2.613116399E-01 +1.400282155E-01
6.93000000000E+09 -5.397606318E-02 -2.011110171E-02 +2.548220488E-02 +5.925725271E-02 +2.638332868E-01 +2.077780337E-01
6.94000000000E+09 +2.705928822E-02 +4.882423112E-02 -1.495685614E-02 +9.108765206E-02 +3.253342056E-01 +1.930971487E-01
6.95000000000E+09 +1.055914807E-02 -5.725949713E-02 +3.532100195E-02 +1.417716967E-01 +2.964516329E-01 +1.394137378E-01
6.96000000000E+09 -4.217579958E-02 +4.027127414E-02 +5.457262209E-02 +1.012051419E-01 +2.639747988E-01 +1.798128944E-01
6.97000000000E+09 +5.630279013E-02 -4.454435014E-03 +5.394288876E-02 +1.204001793E-01 +3.110353141E-01 +1.906009582E-01
6.98000000000E+09 -4.789845207E-02 -3.325100917E-02 +9.630455249E-02 +7.436695219E-02 +2.969342194E-01 +1.458906886E-01
6.99000000000E+09 +1.946312304E-02 +5.510801525E-02 +3.957115621E-02 +3.394006116E-02 +2.627589856E-01 +1.824565690E-01
7.00000000000E+09 +1.837721023E-02 -5.290263184E-02 +3.638254036E-02 +4.695596298E-02 +3.117099700E-01 +2.041310438E-01

[Channel0\Trace0\Marker0]
Enabled=1
Position=0.2

[Channel0\Trace1]
ReferencePosition[0]=1

[Channel0\Trace1\Marker0]
Enabled=1
Position=0.2

[Channel0\Trace2]
SPort=0
FormatType=2

[Channel0\Trace2\Marker0]
Enabled=1
Position=0.2

[Channel0\Trace3]
SPort=0
FormatType=2

[Channel0\Trace3\Marker0]
Enabled=1
Position=0.2

