[NWA State]
TriggerSource=3

[Channel0]
Points=501
FrequencyStart=2000000000
FrequencyStop=7000000000
FixedPower[0]=5
FixedPower[1]=5
IFBW=1000
CorrectionEnabled=1
TraceCount=4

[Channel0\Correction\11]
Calyyyymmdd=2022/03/26
Calhhmmss=11:02:22
VNATemperature=36.1 °C
Type=3
KitLabel=ACM2509.2
KitDescription=AutoCal Module 20 kHz-9 GHz (CMT), SN: 19039185, Char: Factory, 28.6°C, ThermoComp: ON
CalIFBW=1 kHz
CalPower=5 dBm
CalPorts[0]=0
CalPorts[1]=0

[Channel0\Correction\11\Data]
2.00000000000E+09 +1.633967617E-01 -6.431564207E-02 -7.132755389E-03 -4.410095655E-02 -1.484725152E-01 -3.238719283E-02
2.01000000000E+09 -8.374899701E-02 -1.469643954E-01 -6.026432655E-02 -4.763869271E-02 -2.288272710E-01 -3.655922012E-02
2.02000000000E+09 -1.342351219E-01 +9.804877968E-02 -6.276791958E-02 +2.336237861E-02 -2.624518920E-01 +2.689618559E-02
2.03000000000E+09 +1.149378365E-01 +1.232741059E-01 +1.286140572E-02 +3.824357678E-02 -2.312479212E-01 +7.649714474E-02
2.04000000000E+09 +1.079381492E-01 -1.338190188E-01 +3.259126690E-02 -2.319747390E-02 -1.853375504E-01 +7.899119108E-02
2.05000000000E+09 -1.505958202E-01 -8.668656487E-02 -1.117917789E-02 -2.613954947E-02 -1.590227417E-01 +4.839712652E-02
2.06000000000E+09 -6.070663997E-02 +1.615464464E-01 +1.358621938E-02 +1.537875536E-02 -1.693242604E-01 +6.824333235E-03
2.07000000000E+09 +1.644900043E-01 +3.528705529E-02 +6.713610727E-02 -2.644590160E-02 -2.154060759E-01 -2.952221044E-03
2.08000000000E+09 +1.446415391E-02 -1.643600386E-01 +2.728872651E-02 -9.037462328E-02 -2.452521439E-01 +3.900180111E-02
2.09000000000E+09 -1.658694913E-01 +5.447193737E-03 -3.395499767E-02 -6.129197711E-02 -2.210049865E-01 +8.061647185E-02
2.10000000000E+09 +2.935753941E-02 +1.663281535E-01 -9.428744966E-03 -1.712835143E-02 -1.814711638E-01 +7.172394142E-02
2.11000000000E+09 +1.601032681E-01 -5.450678989E-02 +1.205332975E-02 -5.245895963E-02 -1.787869073E-01 +4.246233002E-02
2.12000000000E+09 -7.642346555E-02 -1.493766630E-01 -4.656727205E-02 -6.196930149E-02 -1.947944012E-01 +3.593814070E-02
2.13000000000E+09 -1.363355762E-01 +9.642270345E-02 -6.452392157E-02 +1.485332068E-02 -2.033809559E-01 +3.976452794E-02
2.14000000000E+09 +1.139977456E-01 +1.205394119E-01 +7.126906363E-03 +4.746886864E-02 -2.137220070E-01 +4.547367247E-02
2.15000000000E+09 +1.035033569E-01 -1.287974224E-01 +3.558474609E-02 -6.720237136E-04 -2.163215878E-01 +6.232592218E-02
2.16000000000E+09 -1.422866130E-01 -8.493934071E-02 +2.080705561E-03 -6.610894250E-04 -1.991166243E-01 +7.041765358E-02
2.17000000000E+09 -6.311913158E-02 +1.532570449E-01 +3.326354251E-02 +4.315264130E-02 -1.894570316E-01 +5.738087120E-02
2.18000000000E+09 +1.590750676E-01 +4.009991967E-02 +1.000771217E-01 +1.642888485E-03 -2.009664697E-01 +5.350771575E-02
2.19000000000E+09 +1.841874053E-02 -1.620077029E-01 +7.107674636E-02 -7.791209527E-02 -2.025875024E-01 +6.491629266E-02
2.20000000000E+09 -1.636203356E-01 +4.596792460E-03 +2.072322004E-03 -6.721702649E-02 -1.935958859E-01 +6.038242266E-02
2.21000000000E+09 +2.809711930E-02 +1.605617593E-01 +1.027438234E-02 -2.880939122E-02 -2.045652379E-01 +4.970231138E-02
2.22000000000E+09 +1.543117042E-01 -4.918147394E-02 +1.917727145E-02 -6.095165964E-02 -2.181134454E-01 +6.605052953E-02
2.23000000000E+09 -6.983280326E-02 -1.470412274E-01 -5.075342058E-02 -6.741585301E-02 -2.030600487E-01 +8.512057113E-02
2.24000000000E+09 -1.362224848E-01 +9.157694521E-02 -8.302547470E-02 +2.165518748E-02 -1.853099223E-01 +7.603193036E-02
2.25000000000E+09 +1.109537276E-01 +1.199862446E-01 -1.254856792E-02 +7.605178701E-02 -1.913870877E-01 +6.100422685E-02
2.26000000000E+09 +1.015499958E-01 -1.259584968E-01 +2.877104925E-02 +4.129595585E-02 -2.002753202E-01 +5.836826020E-02
2.27000000000E+09 -1.376816459E-01 -8.163708338E-02 +8.043338147E-03 +4.275412598E-02 -2.083549514E-01 +5.723507925E-02
2.28000000000E+09 -6.138410343E-02 +1.450812884E-01 +4.741115064E-02 +8.428651278E-02 -2.251928066E-01 +7.027801805E-02
2.29000000000E+09 +1.506763671E-01 +4.330352531E-02 +1.239496908E-01 +3.921130600E-02 -2.204125942E-01 +1.028009675E-01
2.30000000000E+09 +2.354109238E-02 -1.577601344E-01 +1.029518213E-01 -5.620689078E-02 -1.821264239E-01 +1.088530246E-01
2.31000000000E+09 -1.620273244E-01 +1.221589795E-03 +2.377887859E-02 -6.321968307E-02 -1.681330902E-01 +6.906374934E-02
2.32000000000E+09 +2.637804146E-02 +1.583844855E-01 +1.587868362E-02 -2.762393444E-02 -2.025699990E-01 +4.870839392E-02
2.33000000000E+09 +1.511964399E-01 -4.720007202E-02 +1.575431398E-02 -5.661486470E-02 -2.265039048E-01 +7.558981466E-02
2.34000000000E+09 -6.711418337E-02 -1.435597416E-01 -6.225759042E-02 -6.169034280E-02 -2.154452997E-01 +1.017232790E-01
2.35000000000E+09 -1.325815365E-01 +8.696164015E-02 -1.049762129E-01 +3.435421394E-02 -1.997984680E-01 +1.066141921E-01
2.36000000000E+09 +1.048824646E-01 +1.186931027E-01 -3.621123871E-02 +1.035002533E-01 -1.848485955E-01 +1.035243218E-01
2.37000000000E+09 +1.020025276E-01 -1.214334063E-01 +1.677039130E-02 +7.575545305E-02 -1.714907176E-01 +8.124783035E-02
2.38000000000E+09 -1.337050800E-01 -8.138770439E-02 +3.595639313E-03 +7.074528759E-02 -1.939216573E-01 +5.513793972E-02
2.39000000000E+09 -6.171588218E-02 +1.400483501E-01 +4.161525109E-02 +1.068937884E-01 -2.344402295E-01 +7.549250175E-02
2.40000000000E+09 +1.454804393E-01 +4.589512642E-02 +1.193340390E-01 +6.069728612E-02 -2.278856705E-01 +1.237706320E-01
2.41000000000E+09 +2.714927562E-02 -1.542872919E-01 +1.012033289E-01 -4.444563206E-02 -1.834832268E-01 +1.292477423E-01
2.42000000000E+09 -1.593743858E-01 -2.128125371E-03 +1.164867577E-02 -6.238946243E-02 -1.708835082E-01 +9.341733494E-02
2.43000000000E+09 +2.296880451E-02 +1.566762281E-01 -9.849658605E-03 -2.387912176E-02 -1.916483116E-01 +8.091830382E-02
2.44000000000E+09 +1.500003565E-01 -4.553095614E-02 -1.244374314E-02 -4.549594683E-02 -2.022216827E-01 +9.030416008E-02
2.45000000000E+09 -6.594510028E-02 -1.400016045E-01 -8.974327179E-02 -4.962073876E-02 -2.088928954E-01 +9.713814952E-02
2.46000000000E+09 -1.276047646E-01 +8.282821953E-02 -1.353458771E-01 +4.625860496E-02 -2.149270947E-01 +1.146722194E-01
2.47000000000E+09 +9.817277370E-02 +1.158879978E-01 -6.825443575E-02 +1.205500319E-01 -1.915568290E-01 +1.294903871E-01
2.48000000000E+09 +1.021143293E-01 -1.147042005E-01 -8.286607644E-03 +9.460536314E-02 -1.668339548E-01 +1.048013543E-01
2.49000000000E+09 -1.280952047E-01 -8.287890674E-02 -1.972558361E-02 +8.199538698E-02 -1.933848901E-01 +7.859080483E-02
2.50000000000E+09 -6.449673654E-02 +1.355710203E-01 +1.193327859E-02 +1.174785412E-01 -2.257352742E-01 +1.056354015E-01
2.51000000000E+09 +1.437052778E-01 +4.778993326E-02 +9.247096378E-02 +7.704821134E-02 -2.074044975E-01 +1.398662923E-01
2.52000000000E+09 +2.680512110E-02 -1.523939262E-01 +8.211512820E-02 -3.108203298E-02 -1.786809067E-01 +1.271219486E-01
2.53000000000E+09 -1.550286308E-01 -1.944286804E-03 -6.385135856E-03 -5.596134158E-02 -1.861862665E-01 +1.069916737E-01
2.54000000000E+09 +2.112754696E-02 +1.517497350E-01 -2.881188377E-02 -1.922199312E-02 -1.967568116E-01 +1.156212497E-01
2.55000000000E+09 +1.459491555E-01 -4.248663484E-02 -2.519551388E-02 -4.332453203E-02 -1.934357720E-01 +1.212406300E-01
2.56000000000E+09 -6.198290904E-02 -1.363804431E-01 -9.871648479E-02 -6.112123666E-02 -2.010471392E-01 +1.233144527E-01
2.57000000000E+09 -1.253853149E-01 +7.771074505E-02 -1.555087465E-01 +2.188836977E-02 -1.991222474E-01 +1.429011444E-01
2.58000000000E+09 +9.369053841E-02 +1.156562692E-01 -1.021421293E-01 +9.936373227E-02 -1.673418092E-01 +1.428444702E-01
2.59000000000E+09 +1.014420981E-01 -1.108423719E-01 -4.401173636E-02 +8.052471935E-02 -1.616464022E-01 +1.064270571E-01
2.60000000000E+09 -1.231039264E-01 -8.285503006E-02 -5.598799880E-02 +6.916568066E-02 -2.048692946E-01 +9.997209575E-02
2.61000000000E+09 -6.612511859E-02 +1.308748240E-01 -2.842616191E-02 +1.111086713E-01 -2.204437637E-01 +1.440876812E-01
2.62000000000E+09 +1.404938435E-01 +5.009822851E-02 +5.949948882E-02 +8.395880967E-02 -1.837908380E-01 +1.656793998E-01
2.63000000000E+09 +2.852108277E-02 -1.494675457E-01 +6.849096936E-02 -2.320913550E-02 -1.581279793E-01 +1.401927330E-01
2.64000000000E+09 -1.515600269E-01 -4.016416030E-03 -7.611839457E-03 -6.194876740E-02 -1.675191937E-01 +1.209995659E-01
2.65000000000E+09 +1.890225376E-02 +1.485733307E-01 -2.969558330E-02 -3.804764422E-02 -1.784107751E-01 +1.186594756E-01
2.66000000000E+09 +1.414811780E-01 -4.000409726E-02 -2.692590209E-02 -7.053452985E-02 -1.967024810E-01 +1.176985622E-01
2.67000000000E+09 -5.656735484E-02 -1.312604162E-01 -1.034609911E-01 -9.957746218E-02 -2.168985394E-01 +1.436932039E-01
2.68000000000E+09 -1.231889881E-01 +7.023127629E-02 -1.749782707E-01 -2.458364581E-02 -1.929048792E-01 +1.812264640E-01
2.69000000000E+09 +8.675611565E-02 +1.165343168E-01 -1.375329434E-01 +6.359532872E-02 -1.385530764E-01 +1.688214618E-01
2.70000000000E+09 +1.033102058E-01 -1.062353146E-01 -7.795059577E-02 +6.157599945E-02 -1.379572292E-01 +1.131600468E-01
2.71000000000E+09 -1.199030906E-01 -8.419462277E-02 -8.140424701E-02 +5.784526244E-02 -1.911184191E-01 +1.024809254E-01
2.72000000000E+09 -6.625478654E-02 +1.284364275E-01 -4.643092170E-02 +1.057341638E-01 -2.151858835E-01 +1.402303092E-01
2.73000000000E+09 +1.364957942E-01 +4.862414886E-02 +5.501746667E-02 +8.306264524E-02 -1.986091217E-01 +1.662799057E-01
2.74000000000E+09 +2.892690038E-02 -1.424931302E-01 +8.072573827E-02 -3.027552419E-02 -1.764256050E-01 +1.750897391E-01
2.75000000000E+09 -1.456784341E-01 -8.200700007E-03 +1.085644172E-02 -8.607266262E-02 -1.498182070E-01 +1.730621128E-01
2.76000000000E+09 +1.423719158E-02 +1.460105486E-01 -1.954674562E-02 -7.183698249E-02 -1.332556629E-01 +1.405490392E-01
2.77000000000E+09 +1.400369475E-01 -3.709246396E-02 -2.162495515E-02 -1.034164678E-01 -1.661465110E-01 +1.059642839E-01
2.78000000000E+09 -5.439223425E-02 -1.288238386E-01 -9.972065121E-02 -1.335114844E-01 -2.153787681E-01 +1.281325487E-01
2.79000000000E+09 -1.204171977E-01 +6.716553799E-02 -1.778249318E-01 -5.766431231E-02 -2.095682544E-01 +1.785152273E-01
2.80000000000E+09 +8.198211937E-02 +1.137005807E-01 -1.441478924E-01 +4.098879733E-02 -1.666575737E-01 +1.935669490E-01
2.81000000000E+09 +1.031889595E-01 -9.958439643E-02 -7.526433177E-02 +4.872694256E-02 -1.436746753E-01 +1.746109676E-01
2.82000000000E+09 -1.158201326E-01 -8.782646858E-02 -6.883995810E-02 +4.091831419E-02 -1.443019001E-01 +1.546910589E-01
2.83000000000E+09 -6.848566083E-02 +1.287737820E-01 -3.548704696E-02 +8.535648087E-02 -1.532340660E-01 +1.351323521E-01
2.84000000000E+09 +1.363306085E-01 +4.628174960E-02 +6.604297433E-02 +6.606329189E-02 -1.816961784E-01 +1.290996379E-01
2.85000000000E+09 +2.573708123E-02 -1.374792248E-01 +9.563273012E-02 -4.467791790E-02 -2.043669659E-01 +1.629230180E-01
2.86000000000E+09 -1.377273839E-01 -9.284081836E-03 +2.863713623E-02 -1.025205804E-01 -1.797898331E-01 +2.032962107E-01
2.87000000000E+09 +8.253604218E-03 +1.396300388E-01 -5.528416932E-03 -8.647903240E-02 -1.355162098E-01 +1.973193682E-01
2.88000000000E+09 +1.387293202E-01 -2.883295162E-02 -2.672524717E-03 -1.087359655E-01 -1.247976004E-01 +1.602926280E-01
2.89000000000E+09 -4.983573063E-02 -1.328005922E-01 -6.929320390E-02 -1.424060980E-01 -1.456569530E-01 +1.347693725E-01
2.90000000000E+09 -1.230850161E-01 +6.848211182E-02 -1.483984069E-01 -7.468894010E-02 -1.723862077E-01 +1.335370585E-01
2.91000000000E+09 +8.401707607E-02 +1.103773741E-01 -1.184967747E-01 +2.244332749E-02 -1.967719060E-01 +1.583319193E-01
2.92000000000E+09 +9.741746833E-02 -9.644564665E-02 -5.256885311E-02 +3.071797969E-02 -1.940145568E-01 +2.027918786E-01
2.93000000000E+09 -1.086107571E-01 -8.590156389E-02 -4.915050653E-02 +2.180320488E-02 -1.463669543E-01 +2.227858127E-01
2.94000000000E+09 -7.092802124E-02 +1.230781907E-01 -2.664750691E-02 +6.873634474E-02 -1.029797079E-01 +1.846757375E-01
2.95000000000E+09 +1.339916130E-01 +4.927611688E-02 +6.928788373E-02 +6.548972612E-02 -1.204447886E-01 +1.326315181E-01
2.96000000000E+09 +2.647465852E-02 -1.369658552E-01 +1.077986101E-01 -3.242334187E-02 -1.718334448E-01 +1.293197522E-01
2.97000000000E+09 -1.351399884E-01 -7.513899404E-03 +5.064807409E-02 -8.790596357E-02 -1.998415535E-01 +1.691938905E-01
2.98000000000E+09 +7.945694203E-03 +1.333619778E-01 +2.226763935E-02 -7.246611859E-02 -1.861745556E-01 +2.156780371E-01
2.99000000000E+09 +1.331757630E-01 -2.340695205E-02 +3.182141335E-02 -9.492602850E-02 -1.376241606E-01 +2.341870617E-01
3.00000000000E+09 -3.480190547E-02 -1.356681243E-01 -1.897820645E-02 -1.402938718E-01 -8.736907520E-02 +1.962011528E-01
3.01000000000E+09 -1.308637440E-01 +5.817880779E-02 -1.102686654E-01 -9.186074327E-02 -1.004373875E-01 +1.302966877E-01
3.02000000000E+09 +7.811554205E-02 +1.159536624E-01 -1.019228294E-01 +7.537644364E-03 -1.733607674E-01 +1.222575569E-01
3.03000000000E+09 +1.000045552E-01 -8.979611833E-02 -4.547520403E-02 +2.877533485E-02 -2.108161499E-01 +1.837109969E-01
3.04000000000E+09 -9.868182986E-02 -8.787297218E-02 -4.420227934E-02 +2.846121015E-02 -1.740223403E-01 +2.401857044E-01
3.05000000000E+09 -7.649939154E-02 +1.101057866E-01 -2.799312123E-02 +8.372000574E-02 -1.091902428E-01 +2.417614211E-01
3.06000000000E+09 +1.237201463E-01 +6.081527469E-02 +6.852107831E-02 +1.006648075E-01 -7.261050951E-02 +1.916055823E-01
3.07000000000E+09 +3.865769547E-02 -1.342065940E-01 +1.288045720E-01 +1.199638459E-02 -9.716294259E-02 +1.313844513E-01
3.08000000000E+09 -1.364648313E-01 -1.368241233E-02 +8.471413679E-02 -5.682871660E-02 -1.701627746E-01 +1.256676138E-01
3.09000000000E+09 +6.203031050E-03 +1.319028032E-01 +5.389062349E-02 -5.277788908E-02 -2.114693315E-01 +1.953161818E-01
3.10000000000E+09 +1.293908035E-01 -2.042875241E-02 +5.889915292E-02 -8.005295596E-02 -1.618832085E-01 +2.643878154E-01
3.11000000000E+09 -3.771392960E-02 -1.306733368E-01 -3.716904537E-03 -1.302655604E-01 -7.298593057E-02 +2.504473920E-01
3.12000000000E+09 -1.269932738E-01 +6.134954151E-02 -1.049921826E-01 -8.269558874E-02 -5.067538591E-02 +1.694835226E-01
3.13000000000E+09 +8.384676508E-02 +1.122389177E-01 -1.063243950E-01 +2.385395580E-02 -1.130408207E-01 +1.217707213E-01
3.14000000000E+09 +9.353629053E-02 -9.691110581E-02 -5.173127082E-02 +5.511000127E-02 -1.767653360E-01 +1.478200857E-01
3.15000000000E+09 -1.035287743E-01 -7.797612716E-02 -4.599101616E-02 +6.163946734E-02 -1.873074406E-01 +2.110840705E-01
3.16000000000E+09 -6.661399198E-02 +1.094960626E-01 -2.424758900E-02 +1.159429182E-01 -1.391424038E-01 +2.612887158E-01
3.17000000000E+09 +1.195091853E-01 +5.673348401E-02 +7.135811089E-02 +1.314469548E-01 -6.181339796E-02 +2.458892635E-01
3.18000000000E+09 +3.951653839E-02 -1.329462140E-01 +1.351167013E-01 +4.358704500E-02 -4.186778163E-02 +1.596621060E-01
3.19000000000E+09 -1.387057476E-01 -1.370054829E-02 +9.213562567E-02 -3.253004360E-02 -1.254795604E-01 +1.086640410E-01
3.20000000000E+09 +8.495443954E-03 +1.337269378E-01 +5.455417916E-02 -3.247359487E-02 -1.983713191E-01 +1.692252521E-01
3.21000000000E+09 +1.283421303E-01 -2.335695515E-02 +5.366841952E-02 -5.823390501E-02 -1.691487920E-01 +2.524096166E-01
3.22000000000E+09 -3.837648574E-02 -1.265706608E-01 -1.097720567E-02 -1.057812243E-01 -9.173867921E-02 +2.648247410E-01
3.23000000000E+09 -1.222464880E-01 +5.767128721E-02 -1.135458594E-01 -5.892403458E-02 -5.054806262E-02 +2.151622231E-01
3.24000000000E+09 +7.747208340E-02 +1.117650988E-01 -1.199559852E-01 +4.950389968E-02 -6.718731283E-02 +1.581465239E-01
3.25000000000E+09 +9.588165855E-02 -9.340807881E-02 -6.252274566E-02 +8.632887187E-02 -1.249170136E-01 +1.371336629E-01
3.26000000000E+09 -1.019376488E-01 -7.834489916E-02 -5.155140482E-02 +8.897475433E-02 -1.764582005E-01 +1.825549502E-01
3.27000000000E+09 -6.592292399E-02 +1.068186502E-01 -3.227480870E-02 +1.372952552E-01 -1.542727083E-01 +2.593298340E-01
3.28000000000E+09 +1.152998280E-01 +5.700475312E-02 +5.945515501E-02 +1.532371816E-01 -6.820688462E-02 +2.741875872E-01
3.29000000000E+09 +4.207379175E-02 -1.292723850E-01 +1.266456255E-01 +6.520655327E-02 -2.513551309E-02 +1.979906548E-01
3.30000000000E+09 -1.377571856E-01 -1.680656017E-02 +8.327724209E-02 -2.051068981E-02 -8.294678092E-02 +1.353396574E-01
3.31000000000E+09 +7.367342122E-03 +1.348020253E-01 +3.486020001E-02 -2.438965469E-02 -1.453527584E-01 +1.658968360E-01
3.32000000000E+09 +1.286569420E-01 -2.543455020E-02 +2.796835216E-02 -4.423885537E-02 -1.409295896E-01 +2.225752254E-01
3.33000000000E+09 -4.098363538E-02 -1.227243658E-01 -3.437785311E-02 -8.722205934E-02 -1.026981898E-01 +2.460764473E-01
3.34000000000E+09 -1.165985101E-01 +5.636515514E-02 -1.327676996E-01 -4.342209412E-02 -6.392073771E-02 +2.343181610E-01
3.35000000000E+09 +7.294365883E-02 +1.087878947E-01 -1.422728001E-01 +6.101479394E-02 -4.800177054E-02 +1.909483535E-01
3.36000000000E+09 +9.637489412E-02 -8.947010229E-02 -8.487327290E-02 +9.978352912E-02 -8.727962090E-02 +1.488874579E-01
3.37000000000E+09 -1.008208283E-01 -7.943142914E-02 -7.060078841E-02 +9.757416868E-02 -1.453190231E-01 +1.779276465E-01
3.38000000000E+09 -6.615134800E-02 +1.070421313E-01 -5.600181261E-02 +1.391570260E-01 -1.312333938E-01 +2.493878376E-01
3.39000000000E+09 +1.160810573E-01 +5.528162181E-02 +2.879484551E-02 +1.554361513E-01 -6.014283233E-02 +2.598762095E-01
3.40000000000E+09 +3.842647144E-02 -1.282312451E-01 +9.349958479E-02 +7.130930952E-02 -3.325096152E-02 +1.965114176E-01
3.41000000000E+09 -1.344242213E-01 -1.428650838E-02 +5.197242440E-02 -1.177941540E-02 -7.926776699E-02 +1.541218754E-01
3.42000000000E+09 +8.517840225E-03 +1.313719560E-01 +5.896889450E-03 -1.485464361E-02 -1.232540607E-01 +1.808494903E-01
3.43000000000E+09 +1.247787999E-01 -2.609014080E-02 +4.410360400E-03 -3.361417168E-02 -1.242783545E-01 +2.259711306E-01
3.44000000000E+09 -4.040636279E-02 -1.181548488E-01 -4.863737003E-02 -8.221647765E-02 -9.282943072E-02 +2.567654668E-01
3.45000000000E+09 -1.129242924E-01 +5.355558391E-02 -1.448101401E-01 -5.338820954E-02 -3.831450003E-02 +2.518704498E-01
3.46000000000E+09 +7.023150973E-02 +1.075213756E-01 -1.652718386E-01 +4.136877496E-02 -1.201764155E-02 +1.887865198E-01
3.47000000000E+09 +9.510274999E-02 -8.860508677E-02 -1.176050896E-01 +8.211290659E-02 -6.688279162E-02 +1.297120307E-01
3.48000000000E+09 -1.005692057E-01 -7.703970637E-02 -1.073161970E-01 +8.376125984E-02 -1.442088866E-01 +1.665444866E-01
3.49000000000E+09 -6.231345793E-02 +1.058436078E-01 -9.510436751E-02 +1.305219738E-01 -1.377615950E-01 +2.557423518E-01
3.50000000000E+09 +1.125125013E-01 +5.100331239E-02 -8.408505844E-03 +1.552017861E-01 -6.279325575E-02 +2.852977786E-01
3.51000000000E+09 +3.646086397E-02 -1.227292820E-01 +6.812627265E-02 +7.817494776E-02 -5.327283276E-03 +2.345767525E-01
3.52000000000E+09 -1.304806954E-01 -1.551683956E-02 +4.365903411E-02 -1.167047249E-02 -1.056792770E-02 +1.667474378E-01
3.53000000000E+09 +8.491650999E-03 +1.307112079E-01 +2.598395515E-03 -3.093391554E-02 -6.883485973E-02 +1.337563128E-01
3.54000000000E+09 +1.225210933E-01 -2.963303767E-02 -3.209091191E-03 -6.187574354E-02 -1.359039798E-01 +1.653103464E-01
3.55000000000E+09 -4.298531800E-02 -1.119156944E-01 -6.414953901E-02 -1.168035789E-01 -1.434505119E-01 +2.473293372E-01
3.56000000000E+09 -1.052473039E-01 +5.214011030E-02 -1.688916387E-01 -8.986679761E-02 -7.306665202E-02 +3.003444373E-01
3.57000000000E+09 +6.443818442E-02 +1.024997113E-01 -2.001299151E-01 +9.924074543E-03 +1.226382345E-02 +2.596695574E-01
3.58000000000E+09 +9.582636567E-02 -8.304307989E-02 -1.529799413E-01 +6.619755753E-02 +1.747906219E-02 +1.632283360E-01
3.59000000000E+09 -1.007299997E-01 -8.003233718E-02 -1.295992161E-01 +7.562179143E-02 -6.204954102E-02 +1.227607380E-01
3.60000000000E+09 -6.038072571E-02 +1.098420021E-01 -1.052344319E-01 +1.208836706E-01 -1.319245371E-01 +1.703557614E-01
3.61000000000E+09 +1.132886728E-01 +4.285712527E-02 -8.389079916E-03 +1.381207634E-01 -1.343199478E-01 +2.434542401E-01
3.62000000000E+09 +2.893715243E-02 -1.157799767E-01 +7.110856380E-02 +5.134087585E-02 -7.379610946E-02 +2.882608844E-01
3.63000000000E+09 -1.203349022E-01 -1.548594972E-02 +4.612488560E-02 -4.780315229E-02 +2.440739367E-03 +2.700201852E-01
3.64000000000E+09 +2.215826748E-03 +1.253762701E-01 -5.378116765E-03 -7.324200765E-02 +2.873820508E-02 +1.908529931E-01
3.65000000000E+09 +1.247262536E-01 -2.513306209E-02 -1.864673643E-02 -9.476310135E-02 -3.314625384E-02 +1.277659634E-01
3.66000000000E+09 -4.503776910E-02 -1.150770938E-01 -7.430139605E-02 -1.422321220E-01 -1.158959614E-01 +1.602418426E-01
3.67000000000E+09 -1.035795334E-01 +5.748786610E-02 -1.735776504E-01 -1.131024360E-01 -1.260808345E-01 +2.430934933E-01
3.68000000000E+09 +6.718839668E-02 +9.547868749E-02 -1.988338813E-01 -1.281344515E-02 -6.006944683E-02 +2.879171571E-01
3.69000000000E+09 +8.913875174E-02 -7.956961364E-02 -1.459371702E-01 +4.307607411E-02 +1.444623074E-02 +2.615777435E-01
3.70000000000E+09 -9.576220116E-02 -7.972439920E-02 -1.148177283E-01 +4.730764744E-02 +3.107122159E-02 +1.881751160E-01
3.71000000000E+09 -6.226855392E-02 +1.102884248E-01 -9.305297339E-02 +8.287650590E-02 -2.893824153E-02 +1.337666059E-01
3.72000000000E+09 +1.172289132E-01 +4.061099783E-02 -4.265522303E-03 +1.013245428E-01 -1.037490833E-01 +1.571141345E-01
3.73000000000E+09 +2.230965540E-02 -1.170842375E-01 +7.288970785E-02 +2.266169607E-02 -1.137611965E-01 +2.368451230E-01
3.74000000000E+09 -1.166752733E-01 -9.078205365E-03 +5.397920151E-02 -6.877630712E-02 -5.100646588E-02 +2.859717027E-01
3.75000000000E+09 +4.572985561E-03 +1.193077240E-01 +1.078760947E-02 -9.409474262E-02 +2.258551693E-02 +2.549359777E-01
3.76000000000E+09 +1.217491978E-01 -2.318852746E-02 +2.635738211E-03 -1.163227055E-01 +3.172844947E-02 +1.772288053E-01
3.77000000000E+09 -4.514440276E-02 -1.169901164E-01 -4.557838971E-02 -1.682289417E-01 -3.832311638E-02 +1.352371802E-01
3.78000000000E+09 -1.045199168E-01 +6.288453452E-02 -1.453128024E-01 -1.483165671E-01 -1.054958554E-01 +1.770697370E-01
3.79000000000E+09 +7.350327619E-02 +9.148387019E-02 -1.775381531E-01 -5.205305587E-02 -9.102790623E-02 +2.566862079E-01
3.80000000000E+09 +8.222931864E-02 -8.254558200E-02 -1.338537215E-01 +6.949806008E-03 -1.523594636E-02 +2.859431370E-01
3.81000000000E+09 -9.454764703E-02 -7.392649931E-02 -1.063443756E-01 +2.163647124E-02 +4.544152338E-02 +2.318524306E-01
3.82000000000E+09 -5.955904683E-02 +1.087621446E-01 -8.221957997E-02 +6.626701265E-02 +2.217503246E-02 +1.460068126E-01
3.83000000000E+09 +1.175937758E-01 +3.856275009E-02 +1.179104921E-02 +9.450182307E-02 -6.279964673E-02 +1.321267656E-01
3.84000000000E+09 +1.863432712E-02 -1.178462436E-01 +1.018185366E-01 +2.178666313E-02 -1.104442059E-01 +2.064662241E-01
3.85000000000E+09 -1.152665995E-01 -4.275473758E-03 +9.661427394E-02 -7.449750901E-02 -6.568491070E-02 +2.838753197E-01
3.86000000000E+09 +7.776244944E-03 +1.159926437E-01 +5.757403575E-02 -1.121773512E-01 +3.068882139E-02 +2.842078867E-01
3.87000000000E+09 +1.193208271E-01 -2.400921665E-02 +4.223139638E-02 -1.418032690E-01 +8.043534014E-02 +1.935360187E-01
3.88000000000E+09 -4.715124508E-02 -1.165482871E-01 -1.331689010E-02 -1.923469051E-01 +1.106143201E-02 +9.520328693E-02
3.89000000000E+09 -1.022390897E-01 +6.777090963E-02 -1.184648112E-01 -1.676067772E-01 -1.099946654E-01 +1.191195351E-01
3.90000000000E+09 +7.723946344E-02 +8.483961841E-02 -1.534926585E-01 -6.420175407E-02 -1.365033385E-01 +2.454132791E-01
3.91000000000E+09 +7.423682403E-02 -8.189666095E-02 -1.104077535E-01 +4.027248468E-03 -4.248186274E-02 +3.279348225E-01
3.92000000000E+09 -8.982684547E-02 -6.808802195E-02 -7.609693545E-02 +2.774365356E-02 +7.597498510E-02 +2.860628233E-01
3.93000000000E+09 -5.843832163E-02 +1.039127023E-01 -4.415979746E-02 +7.179232008E-02 +1.047073533E-01 +1.553021971E-01
3.94000000000E+09 +1.170850407E-01 +3.875751144E-02 +4.999842870E-02 +9.874814296E-02 -2.407144720E-03 +6.427050445E-02
3.95000000000E+09 +1.454687822E-02 -1.186604291E-01 +1.401140487E-01 +2.808392794E-02 -1.363685277E-01 +1.219899704E-01
3.96000000000E+09 -1.120217245E-01 +2.609485905E-03 +1.357974454E-01 -6.533717607E-02 -1.460021745E-01 +2.695512541E-01
3.97000000000E+09 +1.213233726E-02 +1.081337494E-01 +9.885656579E-02 -1.020917868E-01 -2.355491145E-02 +3.540813130E-01
3.98000000000E+09 +1.105701013E-01 -2.225841391E-02 +8.262686869E-02 -1.306988760E-01 +1.142526469E-01 +2.885900329E-01
3.99000000000E+09 -4.198977177E-02 -1.133367356E-01 +2.962174704E-02 -1.789147654E-01 +1.241662733E-01 +1.205558226E-01
4.00000000000E+09 -1.037624225E-01 +6.655412488E-02 -7.517128437E-02 -1.589221636E-01 -2.720880644E-02 +4.106971187E-02
4.01000000000E+09 +8.092502769E-02 +8.350538109E-02 -1.168416261E-01 -5.783288873E-02 -1.596907780E-01 +1.482015127E-01
4.02000000000E+09 +6.792647911E-02 -8.383593214E-02 -8.243365805E-02 +1.243745859E-02 -1.312643797E-01 +3.013001717E-01
4.03000000000E+09 -8.625943105E-02 -6.054706860E-02 -5.556584394E-02 +4.458364097E-02 +7.356879989E-03 +3.540168106E-01
4.04000000000E+09 -5.570012517E-02 +9.519007491E-02 -2.647841755E-02 +9.824098946E-02 +1.291211109E-01 +2.692986238E-01
4.05000000000E+09 +1.103282202E-01 +4.446362164E-02 +6.691656152E-02 +1.388883752E-01 +1.192955462E-01 +1.127132517E-01
4.06000000000E+09 +2.126589887E-02 -1.206430148E-01 +1.708958720E-01 +8.037004265E-02 -3.177033978E-02 +5.232061368E-02
4.07000000000E+09 -1.172720599E-01 +2.652031534E-03 +1.818011055E-01 -1.917180494E-02 -1.451730005E-01 +1.698770723E-01
4.08000000000E+09 +1.612639887E-02 +1.097467032E-01 +1.488035341E-01 -6.909924609E-02 -9.167630900E-02 +3.135683476E-01
4.09000000000E+09 +1.071478889E-01 -2.546225383E-02 +1.261149981E-01 -1.107392974E-01 +5.214138009E-02 +3.281818735E-01
4.10000000000E+09 -3.989286843E-02 -1.091429128E-01 +6.032724264E-02 -1.658746746E-01 +1.371776051E-01 +2.092578775E-01
4.11000000000E+09 -1.049156509E-01 +6.190705090E-02 -6.099246541E-02 -1.490297248E-01 +6.819286775E-02 +8.519451003E-02
4.12000000000E+09 +8.127178245E-02 +8.893325603E-02 -1.233474747E-01 -3.773413102E-02 -7.134988192E-02 +9.903601521E-02
4.13000000000E+09 +7.054584361E-02 -8.969724564E-02 -9.524793810E-02 +5.420183781E-02 -1.123968459E-01 +2.217367987E-01
4.14000000000E+09 -9.295781710E-02 -5.825174932E-02 -6.027189694E-02 +1.024442200E-01 -2.556643174E-02 +3.089472257E-01
4.15000000000E+09 -5.016495983E-02 +9.983465842E-02 -1.661672676E-02 +1.604138397E-01 +9.310433722E-02 +2.716239621E-01
4.16000000000E+09 +1.122682749E-01 +3.809592470E-02 +8.702227862E-02 +1.919498138E-01 +1.180763683E-01 +1.411863897E-01
4.17000000000E+09 +1.551747614E-02 -1.216290412E-01 +1.901852265E-01 +1.204392160E-01 +3.124031422E-04 +6.472465041E-02
4.18000000000E+09 -1.187872933E-01 +9.403107485E-03 +1.923530773E-01 +1.065178393E-02 -1.201938988E-01 +1.516867160E-01
4.19000000000E+09 +2.457412925E-02 +1.094728684E-01 +1.457715484E-01 -4.342838194E-02 -8.884187291E-02 +2.902934472E-01
4.20000000000E+09 +1.045955600E-01 -3.458671137E-02 +1.085223670E-01 -8.146277047E-02 +5.076559802E-02 +3.202448062E-01
4.21000000000E+09 -4.828781723E-02 -1.040800853E-01 +3.357752102E-02 -1.239380293E-01 +1.456078779E-01 +2.115408506E-01
4.22000000000E+09 -9.852817802E-02 +6.911906602E-02 -8.332778797E-02 -9.363409098E-02 +8.486179655E-02 +7.242685642E-02
4.23000000000E+09 +8.770144620E-02 +8.081216997E-02 -1.341285781E-01 +1.948701271E-02 -7.225835406E-02 +7.135685311E-02
4.24000000000E+09 +6.022026668E-02 -9.408326963E-02 -9.969173165E-02 +1.028862956E-01 -1.382977711E-01 +2.126560625E-01
4.25000000000E+09 -9.400280720E-02 -4.697404586E-02 -6.576951096E-02 +1.414760471E-01 -4.783345264E-02 +3.329759228E-01
4.26000000000E+09 -3.953586807E-02 +9.724184745E-02 -2.685276911E-02 +1.897111038E-01 +1.064951832E-01 +3.161712061E-01
4.27000000000E+09 +1.072951374E-01 +3.043535907E-02 +6.455177896E-02 +2.139441256E-01 +1.787825628E-01 +1.669537239E-01
4.28000000000E+09 +1.022532010E-02 -1.177487897E-01 +1.547413464E-01 +1.467005666E-01 +6.761173925E-02 +2.461610185E-02
4.29000000000E+09 -1.159072604E-01 +1.554071554E-02 +1.541067026E-01 +4.587884797E-02 -1.212124974E-01 +6.871315118E-02
4.30000000000E+09 +3.231365835E-02 +1.036950860E-01 +1.124876737E-01 -4.239161631E-03 -1.548937313E-01 +2.503019598E-01
4.31000000000E+09 +9.510298259E-02 -3.998809702E-02 +8.012535073E-02 -4.580943708E-02 -1.588134027E-02 +3.617571449E-01
4.32000000000E+09 -4.842889366E-02 -9.325049241E-02 +7.582088362E-03 -9.359530702E-02 +1.439534598E-01 +3.047281715E-01
4.33000000000E+09 -9.153565270E-02 +6.413511218E-02 -1.081310829E-01 -7.347046592E-02 +1.801951060E-01 +1.353948259E-01
4.34000000000E+09 +8.415459944E-02 +8.031517942E-02 -1.680002908E-01 +2.931721082E-02 +4.525978564E-02 +2.137912423E-02
4.35000000000E+09 +5.970078893E-02 -9.621171593E-02 -1.437914001E-01 +1.127720842E-01 -1.166906072E-01 +8.832962998E-02
4.36000000000E+09 -9.673857410E-02 -4.154782751E-02 -1.141906997E-01 +1.554460672E-01 -1.308543908E-01 +2.509503258E-01
4.37000000000E+09 -3.151631476E-02 +9.602027606E-02 -7.270891931E-02 +2.066019485E-01 -1.234360087E-03 +3.418626492E-01
4.38000000000E+09 +1.003553435E-01 +2.472862498E-02 +2.239999005E-02 +2.278177171E-01 +1.424798762E-01 +2.838123243E-01
4.39000000000E+09 +1.218671395E-02 -1.105833147E-01 +1.154891635E-01 +1.572847687E-01 +1.584288176E-01 +1.254272170E-01
4.40000000000E+09 -1.162188220E-01 +1.026566518E-02 +1.183855387E-01 +4.680389640E-02 +2.043948395E-02 +3.785424416E-02
4.41000000000E+09 +3.303626590E-02 +1.094553796E-01 +6.999194576E-02 -1.324356603E-02 -1.026981719E-01 +1.259876697E-01
4.42000000000E+09 +9.822825322E-02 -4.715808590E-02 +2.904841923E-02 -5.607254779E-02 -7.921487138E-02 +2.591412510E-01
4.43000000000E+09 -5.682436172E-02 -9.021878679E-02 -4.879535298E-02 -9.853954171E-02 +3.143226702E-02 +2.959497834E-01
4.44000000000E+09 -8.417281804E-02 +6.831795432E-02 -1.588795587E-01 -6.958997299E-02 +1.139044315E-01 +2.304571570E-01
4.45000000000E+09 +8.284878235E-02 +7.493617954E-02 -2.044269437E-01 +3.281770837E-02 +9.820838786E-02 +1.331762335E-01
4.46000000000E+09 +5.982182405E-02 -9.563531629E-02 -1.663549689E-01 +1.068471258E-01 +7.125346229E-03 +9.658394739E-02
4.47000000000E+09 -1.016038062E-01 -4.134661139E-02 -1.280099476E-01 +1.299481604E-01 -5.707315338E-02 +1.612229468E-01
4.48000000000E+09 -2.675459457E-02 +1.028757150E-01 -9.138729431E-02 +1.590313337E-01 -2.270278372E-02 +2.453664967E-01
4.49000000000E+09 +1.052851269E-01 +1.485899015E-02 -1.249603208E-02 +1.644326392E-01 +5.940054792E-02 +2.461623589E-01
4.50000000000E+09 +2.877118866E-04 -1.100960126E-01 +5.571428428E-02 +9.248304584E-02 +8.564856137E-02 +1.671136500E-01
4.51000000000E+09 -1.109920305E-01 +1.965547255E-02 +4.126508315E-02 +1.915332376E-03 +2.394429100E-02 +1.214428606E-01
4.52000000000E+09 +3.883390283E-02 +1.039726076E-01 -2.775101332E-03 -3.188995331E-02 -3.523799071E-02 +1.670002746E-01
4.53000000000E+09 +9.378645810E-02 -5.245232794E-02 -2.151198345E-02 -5.661758831E-02 -1.607418282E-02 +2.313826955E-01
4.54000000000E+09 -6.312038068E-02 -8.457255546E-02 -6.752749183E-02 -9.758832829E-02 +4.854241404E-02 +2.431247965E-01
4.55000000000E+09 -7.574451533E-02 +7.390644814E-02 -1.476639007E-01 -8.702325631E-02 +9.103302962E-02 +1.972120650E-01
4.56000000000E+09 +8.590276324E-02 +6.471568369E-02 -1.800127706E-01 -1.956910466E-02 +6.909730662E-02 +1.274039008E-01
4.57000000000E+09 +4.886004065E-02 -9.539797748E-02 -1.547470739E-01 +2.133013408E-02 -7.767682862E-03 +1.100139806E-01
4.58000000000E+09 -9.906759967E-02 -3.143592765E-02 -1.436844622E-01 +3.095376301E-02 -5.785104567E-02 +1.841417901E-01
4.59000000000E+09 -1.775637836E-02 +9.832843357E-02 -1.326356493E-01 +6.646622874E-02 -1.175500093E-02 +2.682912190E-01
4.60000000000E+09 +9.929500046E-02 +7.286323132E-03 -6.971226807E-02 +9.287463540E-02 +8.482904968E-02 +2.593327917E-01
4.61000000000E+09 -5.520574035E-03 -1.027280275E-01 +2.302443573E-04 +5.092681861E-02 +1.275411166E-01 +1.678693953E-01
4.62000000000E+09 -1.036393943E-01 +2.345135218E-02 +1.012552779E-02 -1.651886890E-02 +6.528038259E-02 +8.919308850E-02
4.63000000000E+09 +4.234078987E-02 +9.718558334E-02 -1.786244437E-03 -4.907121136E-02 -3.119410443E-02 +1.018834775E-01
4.64000000000E+09 +8.524129356E-02 -5.630147359E-02 +1.697506875E-03 -8.869036272E-02 -7.057640445E-02 +1.874822875E-01
4.65000000000E+09 -6.450037433E-02 -7.336437247E-02 -3.554951944E-02 -1.472916511E-01 -2.330544913E-02 +2.717275827E-01
4.66000000000E+09 -6.436948888E-02 +7.063877761E-02 -1.146170057E-01 -1.522502435E-01 +7.332582386E-02 +2.817650269E-01
4.67000000000E+09 +7.843207409E-02 +5.714517794E-02 -1.557495364E-01 -9.669394792E-02 +1.446332274E-01 +1.953804946E-01
4.68000000000E+09 +4.633832159E-02 -8.895773180E-02 -1.430421546E-01 -5.345289271E-02 +1.068981974E-01 +8.481437079E-02
4.69000000000E+09 -9.658297839E-02 -2.994281498E-02 -1.347385485E-01 -3.352641982E-02 -1.375689451E-02 +6.875750052E-02
4.70000000000E+09 -1.271367872E-02 +9.731773278E-02 -1.194014992E-01 +9.773780489E-03 -8.674868382E-02 +1.602233434E-01
4.71000000000E+09 +9.439787929E-02 -3.620893358E-04 -5.157643262E-02 +3.903370428E-02 -4.806180195E-02 +2.605344554E-01
4.72000000000E+09 -1.056191582E-02 -9.235881791E-02 +1.842550001E-02 +1.296030358E-03 +4.797199597E-02 +2.906447056E-01
4.73000000000E+09 -9.205365973E-02 +2.117893875E-02 +3.111501962E-02 -5.667442014E-02 +1.300742389E-01 +2.336502424E-01
4.74000000000E+09 +3.490820078E-02 +9.133390792E-02 +2.408271016E-02 -7.970866975E-02 +1.360590996E-01 +1.257096893E-01
4.75000000000E+09 +8.575001993E-02 -5.163396660E-02 +3.741723615E-02 -1.048015785E-01 +4.145067087E-02 +6.033164471E-02
4.76000000000E+09 -6.528542214E-02 -7.317332420E-02 +2.212850101E-02 -1.541654570E-01 -6.947952754E-02 +1.148061790E-01
4.77000000000E+09 -5.959045406E-02 +7.194800632E-02 -3.163138574E-02 -1.641588743E-01 -7.489713396E-02 +2.304308354E-01
4.78000000000E+09 +7.511975638E-02 +4.939892839E-02 -5.552870653E-02 -1.289991720E-01 +2.063529578E-02 +2.938320400E-01
4.79000000000E+09 +4.193288621E-02 -8.002839222E-02 -4.461298537E-02 -1.108115330E-01 +1.229508036E-01 +2.563404678E-01
4.80000000000E+09 -8.744808134E-02 -3.306020152E-02 -5.203844645E-02 -1.092644973E-01 +1.469957621E-01 +1.490989650E-01
4.81000000000E+09 -1.905886170E-02 +9.482758263E-02 -6.700600349E-02 -7.168740857E-02 +7.087710763E-02 +6.081060091E-02
4.82000000000E+09 +9.651071101E-02 +1.279715351E-03 -3.169651761E-02 -2.264173187E-02 -4.620576044E-02 +8.473583689E-02
4.83000000000E+09 -1.399726823E-02 -9.192502918E-02 +2.289194081E-02 -2.082046893E-02 -8.706305208E-02 +1.989824637E-01
4.84000000000E+09 -8.631023119E-02 +2.405296383E-02 +4.753516486E-02 -3.427096436E-02 -9.578332742E-03 +2.861749597E-01
4.85000000000E+09 +3.285228578E-02 +8.326400228E-02 +7.659343533E-02 -3.041871363E-02 +1.023013712E-01 +2.687565498E-01
4.86000000000E+09 +8.109205977E-02 -4.423882343E-02 +1.304838101E-01 -5.449620922E-02 +1.407713922E-01 +1.689711273E-01
4.87000000000E+09 -5.868537239E-02 -7.530377885E-02 +1.479720785E-01 -1.263490510E-01 +7.312537521E-02 +8.211764940E-02
4.88000000000E+09 -6.352079156E-02 +7.049777479E-02 +1.024414198E-01 -1.759815164E-01 -2.589847726E-02 +9.944443781E-02
4.89000000000E+09 +7.722113075E-02 +4.996157043E-02 +5.706438076E-02 -1.753694566E-01 -5.727941328E-02 +1.939940687E-01
4.90000000000E+09 +3.926831282E-02 -8.038868029E-02 +2.695512057E-02 -1.709485555E-01 +4.431060547E-03 +2.659335188E-01
4.91000000000E+09 -8.487225826E-02 -3.047061439E-02 -2.407938064E-02 -1.537697522E-01 +9.322140091E-02 +2.404150374E-01
4.92000000000E+09 -1.969787675E-02 +9.146210313E-02 -6.513098095E-02 -7.928471197E-02 +1.150594118E-01 +1.497482728E-01
4.93000000000E+09 +9.597541108E-02 +3.689796673E-03 -3.144769456E-02 +1.356692228E-02 +3.913983215E-02 +9.855053545E-02
4.94000000000E+09 -1.317941213E-02 -9.401062507E-02 +4.493306190E-02 +4.848999206E-02 -3.411857175E-02 +1.456139723E-01
4.95000000000E+09 -8.793510211E-02 +2.600743957E-02 +9.997270139E-02 +4.645318758E-02 -1.681278176E-02 +2.266525071E-01
4.96000000000E+09 +3.570263747E-02 +8.289827938E-02 +1.543251224E-01 +4.195338363E-02 +5.707946664E-02 +2.469756957E-01
4.97000000000E+09 +7.888285667E-02 -4.626834795E-02 +2.175796767E-01 -2.495270284E-03 +1.036240912E-01 +1.852606493E-01
4.98000000000E+09 -5.879436776E-02 -7.321664443E-02 +2.272188385E-01 -9.244302879E-02 +7.012626225E-02 +1.091321690E-01
4.99000000000E+09 -6.191354362E-02 +7.053553520E-02 +1.648896754E-01 -1.505890998E-01 -1.939526543E-02 +1.153408436E-01
5.00000000000E+09 +7.743408107E-02 +4.857236755E-02 +1.012982085E-01 -1.481552762E-01 -5.373310300E-02 +2.101178053E-01
5.01000000000E+09 +3.771679985E-02 -8.045880760E-02 +5.709036951E-02 -1.344587554E-01 +2.251650785E-02 +2.807737851E-01
5.02000000000E+09 -8.518801105E-02 -2.901338473E-02 -1.389159235E-03 -1.049518767E-01 +1.285828751E-01 +2.360269391E-01
5.03000000000E+09 -1.719142264E-02 +9.204519939E-02 -4.332940130E-02 -2.045082750E-02 +1.343095082E-01 +1.157218535E-01
5.04000000000E+09 +9.545395570E-02 -3.291235917E-04 -9.042435196E-03 +7.575994841E-02 +1.680363269E-02 +5.298296014E-02
5.05000000000E+09 -1.736933744E-02 -9.020075000E-02 +6.239584378E-02 +1.118220209E-01 -9.067699170E-02 +1.344566111E-01
5.06000000000E+09 -8.154169453E-02 +2.792601072E-02 +1.123034578E-01 +1.161517096E-01 -7.271419845E-02 +2.725650139E-01
5.07000000000E+09 +3.357418539E-02 +7.566998654E-02 +1.668896587E-01 +1.177043204E-01 +4.974979494E-02 +3.301676680E-01
5.08000000000E+09 +7.440167451E-02 -4.022764672E-02 +2.329148213E-01 +7.620186687E-02 +1.735681359E-01 +2.492537820E-01
5.09000000000E+09 -5.192126225E-02 -7.335664191E-02 +2.486472514E-01 -1.666997565E-02 +1.703949666E-01 +9.052903821E-02
5.10000000000E+09 -6.485648716E-02 +6.766489678E-02 +1.872290700E-01 -8.752566090E-02 +1.045604706E-02 +2.069721893E-02
5.11000000000E+09 +7.710157290E-02 +4.936422344E-02 +1.144840142E-01 -9.844486939E-02 -1.229170860E-01 +1.408524582E-01
5.12000000000E+09 +3.595469445E-02 -7.871450607E-02 +5.351910982E-02 -9.403425774E-02 -7.326819439E-02 +3.025459707E-01
5.13000000000E+09 -8.009233920E-02 -2.786646480E-02 -2.580048974E-02 -6.440016877E-02 +8.273093987E-02 +3.376667283E-01
5.14000000000E+09 -2.024260507E-02 +8.507442268E-02 -8.492527363E-02 +2.979174864E-02 +1.910294056E-01 +2.290448497E-01
5.15000000000E+09 +9.142294379E-02 +8.176677924E-03 -5.890793428E-02 +1.427566461E-01 +1.591579237E-01 +7.567696596E-02
5.16000000000E+09 -9.194438701E-03 -9.267194341E-02 +2.060561649E-02 +1.933464388E-01 +6.103191885E-03 +2.923572958E-02
5.17000000000E+09 -8.640227964E-02 +2.434198444E-02 +8.466487776E-02 +1.962763354E-01 -1.124814919E-01 +1.442577784E-01
5.18000000000E+09 +3.267229027E-02 +7.852743928E-02 +1.479255517E-01 +1.854587968E-01 -6.802965951E-02 +2.928326542E-01
5.19000000000E+09 +7.570139484E-02 -3.821480992E-02 +2.139428355E-01 +1.254391996E-01 +8.129073275E-02 +3.236324118E-01
5.20000000000E+09 -4.795290493E-02 -7.582979667E-02 +2.183961468E-01 +1.353047627E-02 +1.750835198E-01 +2.148185208E-01
5.21000000000E+09 -7.187892507E-02 +6.456816600E-02 +1.343786612E-01 -6.790054669E-02 +1.168219203E-01 +8.945205056E-02
5.22000000000E+09 +7.961744660E-02 +5.836205428E-02 +3.900865241E-02 -7.043584088E-02 -9.436057196E-03 +9.123675612E-02
5.23000000000E+09 +4.144559529E-02 -8.641675135E-02 -2.692461494E-02 -4.863857340E-02 -5.095273707E-02 +1.898850576E-01
5.24000000000E+09 -8.833455266E-02 -2.766709873E-02 -9.715389623E-02 -7.682852523E-03 +3.963230174E-03 +2.583243356E-01
5.25000000000E+09 -1.676507446E-02 +9.026649453E-02 -1.376688231E-01 +8.594027592E-02 +8.407431067E-02 +2.438966480E-01
5.26000000000E+09 +9.302273275E-02 +5.083691255E-03 -9.516144284E-02 +1.792124362E-01 +1.078133921E-01 +1.717033470E-01
5.27000000000E+09 -1.023619271E-02 -9.419812577E-02 -1.686976719E-02 +1.997265406E-01 +4.230957185E-02 +1.243118622E-01
5.28000000000E+09 -8.998581799E-02 +2.541458145E-02 +2.659385044E-02 +1.795760442E-01 -2.957963675E-02 +1.731807870E-01
5.29000000000E+09 +3.648962785E-02 +8.338911195E-02 +6.239036712E-02 +1.650888422E-01 +1.380315773E-03 +2.572692379E-01
5.30000000000E+09 +7.931004776E-02 -4.563626752E-02 +1.097256735E-01 +1.167180949E-01 +9.485195075E-02 +2.566217440E-01
5.31000000000E+09 -5.877781808E-02 -7.511646187E-02 +1.066381386E-01 +2.432040740E-02 +1.233071541E-01 +1.665336800E-01
5.32000000000E+09 -6.462696391E-02 +7.382990471E-02 +3.442468230E-02 -3.232726018E-02 +4.455498536E-02 +1.083379490E-01
5.33000000000E+09 +8.312490106E-02 +4.795728082E-02 -2.645321620E-02 -2.766582170E-02 -3.602661219E-02 +1.612085250E-01
5.34000000000E+09 +3.239526313E-02 -8.514940912E-02 -6.079788994E-02 -2.727086389E-02 -2.663653582E-02 +2.547996288E-01
5.35000000000E+09 -8.506846661E-02 -2.126854230E-02 -1.185391688E-01 -2.200115627E-02 +6.108124607E-02 +2.935411688E-01
5.36000000000E+09 -1.255881533E-02 +8.671004675E-02 -1.682529354E-01 +3.614867500E-02 +1.527564350E-01 +2.389878425E-01
5.37000000000E+09 +9.045306262E-02 +1.030020855E-03 -1.519900870E-01 +1.080359219E-01 +1.485552913E-01 +1.188468384E-01
5.38000000000E+09 -1.572863283E-02 -9.121833940E-02 -1.040870261E-01 +1.288249419E-01 +1.560147654E-02 +5.824014932E-02
5.39000000000E+09 -8.361112215E-02 +3.110265312E-02 -7.993883611E-02 +1.290927934E-01 -9.855078272E-02 +1.605374703E-01
5.40000000000E+09 +3.912572373E-02 +7.461319455E-02 -4.232775709E-02 +1.406985354E-01 -5.309800485E-02 +3.082838689E-01
5.41000000000E+09 +6.969215293E-02 -4.466463072E-02 +2.173959621E-02 +1.111119577E-01 +8.653063541E-02 +3.407359471E-01
5.42000000000E+09 -5.374369457E-02 -6.746726476E-02 +4.395260632E-02 +2.753068018E-02 +1.826186622E-01 +2.429567946E-01
5.43000000000E+09 -6.156543534E-02 +6.720511976E-02 -1.209264906E-03 -3.480600953E-02 +1.561714462E-01 +1.132326779E-01
5.44000000000E+09 +7.958771485E-02 +4.792644084E-02 -4.364743713E-02 -4.486018954E-02 +2.905308613E-02 +6.608804884E-02
5.45000000000E+09 +3.021933019E-02 -8.431727246E-02 -6.705270507E-02 -6.036889948E-02 -7.893581669E-02 +1.486552823E-01
5.46000000000E+09 -8.201227757E-02 -1.662516563E-02 -1.195940340E-01 -6.823553060E-02 -6.113730759E-02 +2.851390214E-01
5.47000000000E+09 -9.007226930E-03 +7.964879286E-02 -1.637090252E-01 -2.031159460E-02 +5.983378239E-02 +3.454705214E-01
5.48000000000E+09 +8.173232325E-02 +2.237637597E-03 -1.423793763E-01 +3.946113702E-02 +1.683330252E-01 +2.770750514E-01
5.49000000000E+09 -9.051343472E-03 -8.623563812E-02 -9.202029451E-02 +4.602187105E-02 +1.678395221E-01 +1.462534566E-01
5.50000000000E+09 -8.625820635E-02 +2.569667579E-02 -7.549918160E-02 +2.897152201E-02 +6.335685631E-02 +8.893586203E-02
5.51000000000E+09 +4.106822431E-02 +7.868311755E-02 -5.799261632E-02 +3.612837688E-02 -3.412911404E-02 +1.434991409E-01
5.52000000000E+09 +6.822097368E-02 -5.128617351E-02 -1.148351640E-02 +1.834898242E-02 -4.481533882E-02 +2.402434182E-01
5.53000000000E+09 -5.718410963E-02 -5.892799988E-02 +7.130779770E-04 -3.859657569E-02 +2.161752053E-02 +3.082185575E-01
5.54000000000E+09 -5.205622553E-02 +6.253213899E-02 -3.092420676E-02 -6.460764257E-02 +1.123893385E-01 +3.009974862E-01
5.55000000000E+09 +7.022097566E-02 +4.532035621E-02 -3.615198670E-02 -5.088571246E-02 +1.604810421E-01 +2.195497199E-01
5.56000000000E+09 +3.490266818E-02 -7.926891470E-02 -9.486141625E-03 -6.622806524E-02 +1.216690830E-01 +1.360136858E-01
5.57000000000E+09 -8.464959381E-02 -1.993125612E-02 -1.969840681E-02 -1.080424958E-01 +3.559116312E-02 +1.298020344E-01
5.58000000000E+09 -4.838871783E-03 +8.421042730E-02 -5.301064049E-02 -1.101737214E-01 -1.752255864E-02 +1.892211158E-01
5.59000000000E+09 +8.068718176E-02 -7.204207794E-03 -5.232772765E-02 -9.708067624E-02 -5.736430986E-03 +2.579993291E-01
5.60000000000E+09 -1.612351279E-02 -7.694384480E-02 -5.320618493E-02 -1.134821463E-01 +5.656468837E-02 +2.984038616E-01
5.61000000000E+09 -7.475498803E-02 +2.393751017E-02 -9.193873727E-02 -1.113718341E-01 +1.284029077E-01 +2.761695487E-01
5.62000000000E+09 +3.422556484E-02 +7.336096556E-02 -1.094000274E-01 -5.285948565E-02 +1.480060245E-01 +1.984269215E-01
5.63000000000E+09 +6.889842439E-02 -4.736388919E-02 -6.000944479E-02 -1.840285417E-03 +9.128189940E-02 +1.365802148E-01
5.64000000000E+09 -5.900318891E-02 -5.865218365E-02 -3.681023263E-03 -5.501497480E-03 +1.111026222E-02 +1.633778674E-01
5.65000000000E+09 -4.623654917E-02 +6.520246598E-02 +2.829635115E-02 -1.251526916E-02 -5.028932775E-03 +2.389292739E-01
5.66000000000E+09 +6.811627769E-02 +3.587601012E-02 +8.312613151E-02 -2.039484729E-02 +4.490220535E-02 +2.899919268E-01
5.67000000000E+09 +2.772962312E-02 -7.030109722E-02 +1.380945344E-01 -8.498524063E-02 +1.151204250E-01 +2.868653354E-01
5.68000000000E+09 -7.376495722E-02 -1.958649826E-02 +1.203031273E-01 -1.763158188E-01 +1.479509854E-01 +2.281831676E-01
5.69000000000E+09 -8.865198234E-03 +7.778230235E-02 +4.912483195E-02 -2.106108351E-01 +1.125875743E-01 +1.611275778E-01
5.70000000000E+09 +7.833162419E-02 -4.462725820E-03 +3.334432598E-04 -1.946204567E-01 +4.158147044E-02 +1.672592524E-01
5.71000000000E+09 -1.602204515E-02 -7.504342219E-02 -3.585356817E-02 -1.800786276E-01 +2.080403541E-02 +2.369275844E-01
5.72000000000E+09 -7.080910921E-02 +2.480205759E-02 -8.758936702E-02 -1.344332186E-01 +6.990229697E-02 +2.768441749E-01
5.73000000000E+09 +3.393707146E-02 +6.807741035E-02 -9.427942326E-02 -3.411207685E-02 +1.189662908E-01 +2.482586471E-01
5.74000000000E+09 +6.351883670E-02 -4.490105192E-02 -1.679784927E-02 +4.354564059E-02 +1.148308404E-01 +2.026179066E-01
5.75000000000E+09 -5.521705495E-02 -5.486250767E-02 +7.201389425E-02 +4.490330717E-02 +7.197983848E-02 +1.894841897E-01
5.76000000000E+09 -4.349930166E-02 +6.201187111E-02 +1.257107990E-01 +2.504750449E-02 +4.620787700E-02 +2.214307514E-01
5.77000000000E+09 +6.488746620E-02 +3.330638730E-02 +1.854115087E-01 -3.955649833E-04 +6.962183298E-02 +2.645002656E-01
5.78000000000E+09 +2.548111887E-02 -6.663253276E-02 +2.333149337E-01 -7.694579805E-02 +1.205481712E-01 +2.647636244E-01
5.79000000000E+09 -7.037738430E-02 -1.769217291E-02 +2.043853937E-01 -1.730531761E-01 +1.383455381E-01 +2.041318628E-01
5.80000000000E+09 -6.629801026E-03 +7.433915234E-02 +1.201434393E-01 -2.075370647E-01 +8.253506335E-02 +1.578276090E-01
5.81000000000E+09 +7.362844096E-02 -7.019320810E-03 +5.760729012E-02 -1.872419856E-01 +1.105698283E-02 +2.086740137E-01
5.82000000000E+09 -1.691424756E-02 -6.877224417E-02 +7.277283292E-03 -1.632483809E-01 +3.310220514E-02 +3.000782409E-01
5.83000000000E+09 -6.495632683E-02 +2.402184650E-02 -5.520052340E-02 -1.016330502E-01 +1.240721844E-01 +3.206733821E-01
5.84000000000E+09 +3.187845134E-02 +6.298555340E-02 -6.472116373E-02 +1.776910302E-02 +1.934483208E-01 +2.521198342E-01
5.85000000000E+09 +5.947966852E-02 -4.271808519E-02 +1.894223585E-02 +1.127056443E-01 +1.657626279E-01 +1.531457744E-01
5.86000000000E+09 -5.367142221E-02 -5.013011282E-02 +1.204579120E-01 +1.243462723E-01 +5.712391586E-02 +1.204747828E-01
5.87000000000E+09 -3.684436075E-02 +5.882707261E-02 +1.891200617E-01 +1.048308965E-01 -2.523141974E-02 +2.128429308E-01
5.88000000000E+09 +5.744286919E-02 +2.708677112E-02 +2.597464676E-01 +6.781542913E-02 +1.633511500E-02 +3.410678653E-01
5.89000000000E+09 +2.293438935E-02 -5.608152954E-02 +3.072280641E-01 -2.603846941E-02 +1.491196651E-01 +3.704675983E-01
5.90000000000E+09 -6.000875805E-02 -2.085315798E-02 +2.679313240E-01 -1.417627530E-01 +2.447513098E-01 +2.629245225E-01
5.91000000000E+09 -1.393695186E-02 +6.847167771E-02 +1.547015962E-01 -1.927533495E-01 +2.039915085E-01 +1.199974373E-01
5.92000000000E+09 +7.397106355E-02 -1.453628383E-03 +5.384196745E-02 -1.635516667E-01 +4.724559088E-02 +9.793141105E-02
5.93000000000E+09 -1.685386375E-02 -6.894901069E-02 -1.935811147E-02 -1.110555382E-01 -3.718726731E-02 +2.232171507E-01
5.94000000000E+09 -6.070752285E-02 +2.486742181E-02 -8.416838276E-02 -1.579526607E-02 +2.424424610E-02 +3.482225156E-01
5.95000000000E+09 +2.837060544E-02 +5.537919316E-02 -7.498766577E-02 +1.268423153E-01 +1.503669291E-01 +3.715400368E-01
5.96000000000E+09 +5.397289764E-02 -3.250627392E-02 +3.253029932E-02 +2.257511186E-01 +2.440556260E-01 +2.776451557E-01
5.97000000000E+09 -4.113164880E-02 -5.290973466E-02 +1.561456142E-01 +2.238548347E-01 +2.182892043E-01 +1.398092596E-01
5.98000000000E+09 -4.618398225E-02 +5.230900565E-02 +2.284230585E-01 +1.728480809E-01 +7.617886668E-02 +1.063810105E-01
5.99000000000E+09 +5.784641268E-02 +3.503997501E-02 +2.792595636E-01 +1.132694987E-01 -7.422703878E-03 +2.234981060E-01
6.00000000000E+09 +2.663079267E-02 -5.871443421E-02 +3.033270051E-01 +9.972050689E-03 +5.042237825E-02 +3.333615108E-01
6.01000000000E+09 -6.125604959E-02 -2.193466180E-02 +2.373695820E-01 -1.057650795E-01 +1.640927939E-01 +3.292428212E-01
6.02000000000E+09 -1.536642547E-02 +6.745325436E-02 +1.015213937E-01 -1.393875523E-01 +2.074132291E-01 +2.500044428E-01
6.03000000000E+09 +7.333162321E-02 +3.588243071E-03 -8.865324159E-04 -8.216820530E-02 +1.666524011E-01 +1.797700891E-01
6.04000000000E+09 -1.173272295E-02 -7.340735350E-02 -5.095157972E-02 -1.563915287E-02 +9.401955961E-02 +1.833599722E-01
6.05000000000E+09 -6.709233365E-02 +2.402546899E-02 -9.369855113E-02 +6.545880275E-02 +6.719899741E-02 +2.501391759E-01
6.06000000000E+09 +3.092791985E-02 +6.017930378E-02 -8.032388468E-02 +1.833674559E-01 +1.113108864E-01 +2.968888809E-01
6.07000000000E+09 +5.608022415E-02 -3.632388890E-02 +1.739372121E-02 +2.581821607E-01 +1.712617310E-01 +2.705212243E-01
6.08000000000E+09 -4.428147009E-02 -5.281003439E-02 +1.192796655E-01 +2.388628464E-01 +1.669519284E-01 +2.135024757E-01
6.09000000000E+09 -4.584420763E-02 +5.384727576E-02 +1.643370168E-01 +1.858466410E-01 +1.048613144E-01 +2.090773797E-01
6.10000000000E+09 +5.917753574E-02 +3.581804603E-02 +1.968587100E-01 +1.402331490E-01 +8.876025162E-02 +2.740423571E-01
6.11000000000E+09 +2.766772803E-02 -6.224530513E-02 +2.201351354E-01 +5.247227152E-02 +1.496887487E-01 +3.047097826E-01
6.12000000000E+09 -6.630019722E-02 -2.047517628E-02 +1.608817128E-01 -5.655325266E-02 +2.059148814E-01 +2.636073750E-01
6.13000000000E+09 -1.039589814E-02 +7.187909551E-02 +3.475074595E-02 -8.712698251E-02 +1.940459296E-01 +1.923387630E-01
6.14000000000E+09 +7.404992145E-02 -4.201349193E-03 -5.346214874E-02 -3.737915446E-02 +1.187321063E-01 +1.682515751E-01
6.15000000000E+09 -1.836986991E-02 -6.895726235E-02 -9.887073999E-02 +1.079484118E-02 +5.600251977E-02 +2.330082796E-01
6.16000000000E+09 -6.013748371E-02 +2.630784042E-02 -1.474021408E-01 +7.708459852E-02 +8.350748848E-02 +3.286475759E-01
6.17000000000E+09 +2.908964591E-02 +5.433212631E-02 -1.429682233E-01 +1.865413874E-01 +1.896505466E-01 +3.537584860E-01
6.18000000000E+09 +5.371366057E-02 -3.260096007E-02 -5.080679098E-02 +2.611073792E-01 +2.766776626E-01 +2.719278111E-01
6.19000000000E+09 -4.215368247E-02 -5.375058637E-02 +5.633574950E-02 +2.399561568E-01 +2.452938329E-01 +1.480313545E-01
6.20000000000E+09 -4.724168236E-02 +5.552671790E-02 +1.049336408E-01 +1.748526653E-01 +1.103107265E-01 +1.179445370E-01
6.21000000000E+09 +6.306573692E-02 +3.265452551E-02 +1.334624641E-01 +1.169450686E-01 +2.612468396E-02 +2.264943141E-01
6.22000000000E+09 +2.054409728E-02 -6.249557441E-02 +1.463744745E-01 +1.938366317E-02 +7.733197455E-02 +3.466032788E-01
6.23000000000E+09 -6.081759232E-02 -1.378162988E-02 +7.193448105E-02 -8.614255659E-02 +1.962754688E-01 +3.706235223E-01
6.24000000000E+09 -9.552504244E-03 +6.209509873E-02 -5.811952609E-02 -1.031638366E-01 +2.920789032E-01 +2.909716460E-01
6.25000000000E+09 +6.741505782E-02 +2.709772771E-03 -1.393903990E-01 -3.767708598E-02 +2.825806843E-01 +1.601884340E-01
6.26000000000E+09 -1.110337048E-02 -7.101205902E-02 -1.579375363E-01 +2.158997051E-02 +1.483768276E-01 +1.011525271E-01
6.27000000000E+09 -6.527462697E-02 +2.589925618E-02 -1.751649784E-01 +7.309702083E-02 +3.501049155E-02 +1.981450003E-01
6.28000000000E+09 +3.329599701E-02 +5.571432051E-02 -1.528258944E-01 +1.557255212E-01 +7.084547308E-02 +3.308060341E-01
6.29000000000E+09 +4.984987560E-02 -3.577276051E-02 -5.552920127E-02 +1.959563499E-01 +1.895990711E-01 +3.727199974E-01
6.30000000000E+09 -4.004987072E-02 -4.821882827E-02 +3.409005624E-02 +1.421795300E-01 +2.850217397E-01 +3.094041525E-01
6.31000000000E+09 -4.671497297E-02 +4.842133217E-02 +4.721991489E-02 +6.232294769E-02 +2.953888950E-01 +1.961268044E-01
6.32000000000E+09 +6.056030729E-02 +4.017530357E-02 +3.492262192E-02 +2.231615409E-02 +2.053553721E-01 +1.215349939E-01
6.33000000000E+09 +2.547950796E-02 -6.880760479E-02 +3.711059088E-02 -2.818634956E-02 +9.081019277E-02 +1.645041964E-01
6.34000000000E+09 -6.785693440E-02 -1.098528255E-02 -1.403886035E-02 -9.328039317E-02 +7.868093781E-02 +2.812184836E-01
6.35000000000E+09 -2.670331753E-03 +6.403583863E-02 -9.835838923E-02 -8.735114845E-02 +1.671301536E-01 +3.457130723E-01
6.36000000000E+09 +6.310074348E-02 -2.253057136E-03 -1.249574158E-01 -3.115956514E-02 +2.581861562E-01 +3.154599133E-01
6.37000000000E+09 -8.832840579E-03 -6.568642613E-02 -1.047967509E-01 -8.993436494E-03 +2.830625108E-01 +2.300416942E-01
6.38000000000E+09 -6.751090645E-02 +2.011694837E-02 -1.110578353E-01 -1.042377910E-02 +2.345791059E-01 +1.622403896E-01
6.39000000000E+09 +3.396917605E-02 +6.424545381E-02 -1.165140423E-01 +3.030008061E-02 +1.528031555E-01 +1.682191499E-01
6.40000000000E+09 +5.475064793E-02 -4.517755651E-02 -5.821697783E-02 +6.063317010E-02 +1.159908441E-01 +2.429138603E-01
6.41000000000E+09 -5.012988923E-02 -4.488016490E-02 -6.696643203E-03 +2.065804022E-02 +1.600410060E-01 +3.067743367E-01
6.42000000000E+09 -3.816451626E-02 +5.334710841E-02 -1.318215115E-02 -1.661367840E-02 +2.337149926E-01 +3.049887359E-01
6.43000000000E+09 +5.826373201E-02 +3.264172940E-02 -9.252024572E-03 -1.183760002E-02 +2.664654106E-01 +2.474436985E-01
6.44000000000E+09 +2.455340134E-02 -6.501092435E-02 +3.075555101E-02 -3.617204211E-02 +2.365704476E-01 +1.978272635E-01
6.45000000000E+09 -6.921225185E-02 -1.263085155E-02 +2.373898657E-02 -1.031106624E-01 +1.905455142E-01 +2.015409032E-01
6.46000000000E+09 -6.730690935E-04 +6.901691246E-02 -3.381989095E-02 -1.183190789E-01 +1.750959361E-01 +2.419332870E-01
6.47000000000E+09 +6.659841406E-02 -9.289612002E-03 -4.863381996E-02 -8.573558437E-02 +1.967015064E-01 +2.725301608E-01
6.48000000000E+09 -1.722604795E-02 -6.402267382E-02 -3.330602379E-02 -8.741004839E-02 +2.376774922E-01 +2.667244943E-01
6.49000000000E+09 -6.260000691E-02 +2.569649668E-02 -5.786490994E-02 -9.737363886E-02 +2.521752707E-01 +2.312044793E-01
6.50000000000E+09 +3.658051838E-02 +5.903663452E-02 -7.889957500E-02 -4.874575049E-02 +2.219760369E-01 +2.086405645E-01
6.51000000000E+09 +5.121351437E-02 -4.658336154E-02 -2.567148676E-02 -3.055913763E-03 +1.922462243E-01 +2.338785165E-01
6.52000000000E+09 -5.214134272E-02 -4.144165474E-02 +2.948298130E-02 -3.059096604E-02 +2.159309996E-01 +2.729766218E-01
6.53000000000E+09 -3.412089813E-02 +5.530652770E-02 +2.731073208E-02 -5.901284544E-02 +2.630193281E-01 +2.632202138E-01
6.54000000000E+09 +5.998184831E-02 +2.751517732E-02 +3.565726302E-02 -4.603247015E-02 +2.747829590E-01 +2.148478898E-01
6.55000000000E+09 +1.846857783E-02 -6.521395530E-02 +8.056619332E-02 -6.281698305E-02 +2.401299962E-01 +1.818677895E-01
6.56000000000E+09 -6.793294727E-02 -6.401056499E-03 +7.915895200E-02 -1.218780017E-01 +1.906756004E-01 +2.010912317E-01
6.57000000000E+09 +5.847654494E-03 +6.567795562E-02 +2.961794612E-02 -1.296007148E-01 +1.799234788E-01 +2.615657451E-01
6.58000000000E+09 +6.072110459E-02 -1.388497669E-02 +2.538759847E-02 -9.472926710E-02 +2.355251980E-01 +3.031254992E-01
6.59000000000E+09 -1.885178137E-02 -5.783632332E-02 +4.837614549E-02 -9.970839191E-02 +3.128946163E-01 +2.773295356E-01
6.60000000000E+09 -5.806121223E-02 +2.507966537E-02 +2.675562465E-02 -1.179178750E-01 +3.334681515E-01 +1.882041734E-01
6.61000000000E+09 +3.692609644E-02 +5.714989375E-02 -3.910290175E-03 -7.893268003E-02 +2.513670619E-01 +1.229448703E-01
6.62000000000E+09 +4.789398360E-02 -4.941799764E-02 +3.133105935E-02 -3.120333863E-02 +1.565871217E-01 +1.726703461E-01
6.63000000000E+09 -5.407864125E-02 -3.480398585E-02 +6.972313770E-02 -4.458223925E-02 +1.612807249E-01 +2.802550589E-01
6.64000000000E+09 -2.574929568E-02 +5.335912770E-02 +6.101715622E-02 -4.878701657E-02 +2.495283711E-01 +3.261296354E-01
6.65000000000E+09 +5.338675267E-02 +2.140237526E-02 +7.618447079E-02 -1.471660043E-02 +3.399345665E-01 +2.822247044E-01
6.66000000000E+09 +1.805192074E-02 -5.724145851E-02 +1.342969969E-01 -1.597038370E-02 +3.617959752E-01 +1.846036600E-01
6.67000000000E+09 -6.426407042E-02 -1.044068023E-02 +1.544779576E-01 -7.273464369E-02 +2.826846413E-01 +1.052790477E-01
6.68000000000E+09 +4.187988692E-03 +6.771640644E-02 +1.141374821E-01 -9.682929254E-02 +1.613343771E-01 +1.403278490E-01
6.69000000000E+09 +6.146494980E-02 -1.758092076E-02 +1.023987452E-01 -7.639225004E-02 +1.512754956E-01 +2.687285729E-01
6.70000000000E+09 -2.283473145E-02 -5.415175836E-02 +1.065040442E-01 -8.882872892E-02 +2.545045914E-01 +3.299495178E-01
6.71000000000E+09 -5.141587622E-02 +2.594423356E-02 +6.213918181E-02 -9.878268765E-02 +3.477451506E-01 +2.839450644E-01
6.72000000000E+09 +3.208574317E-02 +5.165827287E-02 +1.733399249E-02 -4.114165361E-02 +3.632449176E-01 +1.835457266E-01
6.73000000000E+09 +4.942772453E-02 -4.305637034E-02 +5.018903800E-02 +3.208194786E-02 +2.900982586E-01 +1.224089254E-01
6.74000000000E+09 -5.391015342E-02 -4.018182496E-02 +1.066112873E-01 +3.511194447E-02 +2.025304021E-01 +1.540947523E-01
6.75000000000E+09 -2.733532123E-02 +5.816635869E-02 +1.133405653E-01 +2.590891630E-02 +1.893518969E-01 +2.407683192E-01
6.76000000000E+09 +5.728584318E-02 +1.794102656E-02 +1.351137908E-01 +4.785771482E-02 +2.598682840E-01 +2.960880506E-01
6.77000000000E+09 +1.304597140E-02 -5.714179959E-02 +1.881192736E-01 +2.722869001E-02 +3.375128148E-01 +2.663858085E-01
6.78000000000E+09 -6.104375205E-02 -7.778795039E-03 +1.864963592E-01 -4.373511237E-02 +3.450868619E-01 +1.925398972E-01
6.79000000000E+09 +2.334148542E-03 +6.536713959E-02 +1.156359257E-01 -6.686364633E-02 +2.920719279E-01 +1.537066850E-01
6.80000000000E+09 +6.452977029E-02 -1.568395614E-02 +7.964334918E-02 -2.296957373E-02 +2.486202184E-01 +1.878585831E-01
6.81000000000E+09 -2.595664768E-02 -5.892817472E-02 +8.511480332E-02 -8.369550555E-03 +2.651240294E-01 +2.298743341E-01
6.82000000000E+09 -5.352920196E-02 +3.311513385E-02 +5.241008314E-02 -4.934057670E-03 +3.002126478E-01 +2.288254107E-01
6.83000000000E+09 +4.002635361E-02 +4.864020495E-02 +2.509833960E-02 +5.685191857E-02 +3.128346450E-01 +2.071481268E-01
6.84000000000E+09 +4.264440861E-02 -4.734665684E-02 +7.505547756E-02 +1.146233084E-01 +2.998083747E-01 +1.903938400E-01
6.85000000000E+09 -5.393240942E-02 -3.423902379E-02 +1.308843938E-01 +9.062990121E-02 +2.814028127E-01 +1.987103308E-01
6.86000000000E+09 -2.441752352E-02 +5.724155601E-02 +1.186887389E-01 +5.761402989E-02 +2.966047157E-01 +2.250991138E-01
6.87000000000E+09 +5.851733122E-02 +1.655068857E-02 +1.100778399E-01 +7.241178965E-02 +3.356280889E-01 +2.199866891E-01
6.88000000000E+09 +9.866301195E-03 -6.082045503E-02 +1.396786047E-01 +6.153175118E-02 +3.520779891E-01 +1.752901476E-01
6.89000000000E+09 -6.475237112E-02 -6.994644141E-04 +1.251441223E-01 +5.140899692E-03 +3.086713744E-01 +1.305989417E-01
6.90000000000E+09 +1.298931535E-02 +6.493851207E-02 +5.400872579E-02 +3.113769162E-04 +2.469101928E-01 +1.592266089E-01
6.91000000000E+09 +5.834912841E-02 -2.456761714E-02 +3.165209248E-02 +5.029835450E-02 +2.486396358E-01 +2.309743350E-01
6.92000000000E+09 -3.047567581E-02 -5.070922050E-02 +4.591938889E-02 +5.750956021E-02 +3.154176244E-01 +2.619354803E-01
6.93000000000E+09 -4.617414019E-02 +3.390024373E-02 +1.737386425E-02 +5.051494571E-02 +3.800802029E-01 +2.271641335E-01
6.94000000000E+09 +3.908402612E-02 +4.420207694E-02 -1.173655061E-02 +9.782209484E-02 +3.904006906E-01 +1.500115405E-01
6.95000000000E+09 +4.067599898E-02 -4.832889249E-02 +2.956763701E-02 +1.464208139E-01 +3.241497419E-01 +9.432838160E-02
6.96000000000E+09 -5.793232961E-02 -3.058203761E-02 +7.984387329E-02 +1.174970914E-01 +2.373189553E-01 +1.271262753E-01
6.97000000000E+09 -1.632320429E-02 +6.049125518E-02 +6.431169267E-02 +8.105561341E-02 +2.291925391E-01 +2.275294754E-01
6.98000000000E+09 +5.702880428E-02 +6.766607873E-03 +5.808591938E-02 +8.766685611E-02 +3.148262323E-01 +2.816393393E-01
6.99000000000E+09 +2.159381430E-03 -5.504359104E-02 +8.175058981E-02 +6.028804852E-02 +3.967057563E-01 +2.439055356E-01
7.00000000000E+09 -5.681241169E-02 +2.207769264E-03 +5.207091570E-02 -4.960390323E-03 +4.176346697E-01 +1.597107439E-01

[Channel0\Trace0\Marker0]
Enabled=1
Position=0.2

[Channel0\Trace1]
ReferencePosition[0]=1

[Channel0\Trace1\Marker0]
Enabled=1
Position=0.2

[Channel0\Trace2]
SPort=0
FormatType=2

[Channel0\Trace2\Marker0]
Enabled=1
Position=0.2

[Channel0\Trace3]
SPort=0
FormatType=2

[Channel0\Trace3\Marker0]
Enabled=1
Position=0.2

