[NWA State]
TriggerSource=3

[Channel0]
Points=501
FrequencyStart=2000000000
FrequencyStop=7000000000
FixedPower[0]=5
FixedPower[1]=5
IFBW=1000
CorrectionEnabled=1
TraceCount=4

[Channel0\Correction\11]
Calyyyymmdd=2022/03/26
Calhhmmss=17:42:07
VNATemperature=37.6 °C
Type=3
KitLabel=ACM2509.2
KitDescription=AutoCal Module 20 kHz-9 GHz (CMT), SN: 19039185, Char: Factory, 27.1°C, ThermoComp: ON
CalIFBW=1 kHz
CalPower=5 dBm
CalPorts[0]=0
CalPorts[1]=0

[Channel0\Correction\11\Data]
2.00000000000E+09 -1.324765573E-01 +1.750706307E-02 -9.025592540E-02 -4.926417913E-02 -2.151295983E-01 +4.753047298E-02
2.01000000000E+09 +1.130894865E-01 +7.607982932E-02 -4.712668928E-02 -5.195949111E-03 -1.667894165E-01 +4.121780269E-02
2.02000000000E+09 -3.604720565E-02 -1.301463722E-01 -6.916358260E-02 -1.595471105E-02 -1.891474775E-01 -9.847081314E-04
2.03000000000E+09 -5.951299960E-02 +1.190700251E-01 -4.505970605E-02 +6.534041559E-02 -2.210953964E-01 +2.235193893E-02
2.04000000000E+09 +1.244551811E-01 -4.874417795E-02 +4.020294683E-02 +3.160513439E-02 -2.125816758E-01 +5.227029741E-02
2.05000000000E+09 -1.270486602E-01 -4.630084856E-02 +1.907578297E-02 +7.864705395E-03 -1.834928603E-01 +5.481675316E-02
2.06000000000E+09 +6.655728056E-02 +1.175083406E-01 +7.733682401E-02 +1.133446418E-02 -1.760952354E-01 +2.052734816E-02
2.07000000000E+09 +2.718628237E-02 -1.291872209E-01 +6.849174281E-02 -8.257466131E-02 -2.126527026E-01 +2.310062807E-02
2.08000000000E+09 -1.067206973E-01 +7.714775716E-02 +1.143755613E-02 -6.814832717E-02 -2.048712234E-01 +5.188364647E-02
2.09000000000E+09 +1.315529569E-01 +1.277808491E-02 +2.863196224E-02 -9.121194663E-02 -1.884218306E-01 +3.769617534E-02
2.10000000000E+09 -8.933776296E-02 -9.612684178E-02 -5.995740995E-02 -1.073978480E-01 -2.019138239E-01 +3.230651990E-02
2.11000000000E+09 +2.710326151E-03 +1.307178994E-01 -6.999771098E-02 -1.744687083E-02 -2.135911031E-01 +4.284869771E-02
2.12000000000E+09 +8.604822253E-02 -9.942733232E-02 -4.650500380E-02 -2.282295142E-02 -2.056122387E-01 +6.430943427E-02
2.13000000000E+09 -1.322593292E-01 +1.918451763E-02 -7.425512931E-02 +3.870487884E-02 -1.711515882E-01 +4.745039840E-02
2.14000000000E+09 +1.114891317E-01 +6.918906097E-02 +2.340172248E-02 +7.552703036E-02 -2.101816833E-01 +1.253991206E-02
2.15000000000E+09 -3.448645243E-02 -1.235915193E-01 +3.897466379E-02 +1.823476695E-02 -2.425950096E-01 +6.566841294E-02
2.16000000000E+09 -5.866612364E-02 +1.171164842E-01 +5.772063641E-02 +4.576391643E-02 -1.813477947E-01 +8.824749018E-02
2.17000000000E+09 +1.204773637E-01 -5.206368176E-02 +1.158787495E-01 -2.770406917E-02 -1.738511715E-01 +3.149574310E-02
2.18000000000E+09 -1.210987220E-01 -3.924044110E-02 +4.445441992E-02 -7.291696904E-02 -2.304468271E-01 +3.461103261E-02
2.19000000000E+09 +6.117263886E-02 +1.113814870E-01 +4.673064640E-02 -5.210941219E-02 -2.216400887E-01 +9.454146695E-02
2.20000000000E+09 +2.864177649E-02 -1.285463244E-01 +8.171657416E-03 -1.057461601E-01 -1.485040373E-01 +7.760199787E-02
2.21000000000E+09 -1.014587798E-01 +8.130440772E-02 -6.014112225E-02 -3.809381274E-02 -1.929606998E-01 -7.018922862E-03
2.22000000000E+09 +1.235612647E-01 +8.645394274E-03 -1.453014956E-02 -1.001574370E-02 -2.801611994E-01 +6.568866002E-02
2.23000000000E+09 -8.617186226E-02 -9.509879206E-02 -5.230176882E-02 -1.065643997E-02 -1.794333534E-01 +1.476945789E-01
2.24000000000E+09 +9.342790624E-03 +1.322876746E-01 -1.907968225E-02 +6.842237439E-02 -1.190139268E-01 +2.123426826E-02
2.25000000000E+09 +7.201603946E-02 -1.005113737E-01 +3.225354000E-02 +2.614104148E-02 -2.598530017E-01 -1.197720746E-02
2.26000000000E+09 -1.185414289E-01 +1.913448188E-02 +2.804536336E-03 +4.308737573E-02 -2.769037281E-01 +1.269166491E-01
2.27000000000E+09 +1.065310271E-01 +7.050332224E-02 +7.312664119E-02 +5.419543626E-02 -1.352421948E-01 +1.393768080E-01
2.28000000000E+09 -4.272024054E-02 -1.210733705E-01 +5.630690556E-02 -1.723189480E-02 -1.501859220E-01 -1.665482910E-02
2.29000000000E+09 -4.449540601E-02 +1.085296704E-01 +3.867786414E-02 +2.097042025E-02 -3.128850667E-01 +3.655017758E-02
2.30000000000E+09 +1.109764422E-01 -4.212242407E-02 +7.932431219E-02 -2.061789968E-02 -2.321723527E-01 +2.061700962E-01
2.31000000000E+09 -1.233033687E-01 -4.208135317E-02 +9.681349810E-03 -4.679137088E-02 -5.975289408E-02 +8.790504215E-02
2.32000000000E+09 +6.987611755E-02 +1.014650292E-01 +2.124890727E-02 -5.565876121E-03 -2.223147342E-01 -5.322669903E-02
2.33000000000E+09 +2.116165957E-02 -1.125653797E-01 +6.407532183E-04 -5.183940093E-02 -3.213570277E-01 +1.169917858E-01
2.34000000000E+09 -1.009016356E-01 +6.901093979E-02 -5.963300058E-02 +5.602728202E-03 -1.567886149E-01 +2.019251825E-01
2.35000000000E+09 +1.284062076E-01 +6.599531891E-03 -7.861209275E-03 +3.577146335E-02 -8.769439150E-02 +2.589544564E-02
2.36000000000E+09 -8.827398637E-02 -7.916916316E-02 -3.906620826E-02 +2.667627556E-02 -2.670851663E-01 -1.208043497E-02
2.37000000000E+09 +3.680663511E-03 +1.140236172E-01 -8.878303298E-03 +9.433600462E-02 -2.858696539E-01 +1.648107028E-01
2.38000000000E+09 +8.146102981E-02 -9.388132331E-02 +4.791862530E-02 +4.953234249E-02 -1.007444282E-01 +1.569171048E-01
2.39000000000E+09 -1.208736097E-01 +2.747915739E-02 +1.194741082E-02 +5.011546687E-02 -1.605287463E-01 -2.682017423E-02
2.40000000000E+09 +9.789353416E-02 +5.737775698E-02 +7.071847401E-02 +5.331039799E-02 -3.123186849E-01 +7.384992790E-02
2.41000000000E+09 -2.806428919E-02 -1.142653442E-01 +4.786628618E-02 -2.353704996E-02 -2.058361005E-01 +1.940990242E-01
2.42000000000E+09 -5.370330743E-02 +1.136049288E-01 +6.747305401E-03 +1.151352313E-02 -1.127004808E-01 +8.300419335E-02
2.43000000000E+09 +1.079940682E-01 -5.358078427E-02 +3.673728135E-02 -2.187166633E-02 -2.243320921E-01 +2.102750522E-02
2.44000000000E+09 -1.099681037E-01 -3.404425367E-02 -4.255230736E-02 -3.602192922E-02 -2.743834975E-01 +1.285763799E-01
2.45000000000E+09 +5.847643514E-02 +1.046532973E-01 -3.612304410E-02 +2.491604249E-02 -1.615391496E-01 +1.742130705E-01
2.46000000000E+09 +1.952831308E-02 -1.221131778E-01 -3.921625959E-02 -1.201358906E-02 -1.325443016E-01 +5.147405477E-02
2.47000000000E+09 -8.792564520E-02 +7.577849888E-02 -8.821910381E-02 +4.585594472E-02 -2.555796789E-01 +5.494954555E-02
2.48000000000E+09 +1.146739634E-01 +7.230426999E-03 -2.982197431E-02 +7.029803864E-02 -2.276548873E-01 +1.522120208E-01
2.49000000000E+09 -8.468994780E-02 -8.328164349E-02 -5.820398629E-02 +5.119122249E-02 -1.666792067E-01 +1.099593621E-01
2.50000000000E+09 +1.016805911E-02 +1.151498387E-01 -2.923757601E-02 +1.252600812E-01 -2.192207368E-01 +9.066449958E-02
2.51000000000E+09 +7.042037750E-02 -9.047003951E-02 +4.527983064E-02 +7.823859904E-02 -2.157833095E-01 +1.347604198E-01
2.52000000000E+09 -1.150964273E-01 +2.111802323E-02 +2.041561424E-02 +5.649498362E-02 -1.830116861E-01 +1.285759865E-01
2.53000000000E+09 +1.019452166E-01 +5.877984034E-02 +8.096548976E-02 +4.231244576E-02 -1.923131244E-01 +1.042378980E-01
2.54000000000E+09 -3.795192328E-02 -1.089804358E-01 +4.887780688E-02 -6.833094088E-02 -2.268965887E-01 +1.187290773E-01
2.55000000000E+09 -4.549592520E-02 +1.054904460E-01 -2.989820833E-02 -5.398576430E-02 -1.955283228E-01 +1.673182489E-01
2.56000000000E+09 +1.053394680E-01 -5.196999062E-02 -3.928865977E-02 -7.358019194E-02 -1.473858344E-01 +1.210672340E-01
2.57000000000E+09 -1.096318125E-01 -2.633281519E-02 -1.461049110E-01 -6.067053009E-02 -2.142237109E-01 +9.320240847E-02
2.58000000000E+09 +5.927728186E-02 +9.176080063E-02 -1.489983733E-01 +4.769212638E-02 -2.133590552E-01 +1.602713475E-01
2.59000000000E+09 +1.858672837E-02 -1.099167980E-01 -1.212875510E-01 +6.071698127E-02 -1.599623953E-01 +1.434993289E-01
2.60000000000E+09 -8.549850121E-02 +6.993735794E-02 -1.215895058E-01 +1.371267311E-01 -1.920599556E-01 +1.180974377E-01
2.61000000000E+09 +1.097416301E-01 +6.674396054E-03 +4.281572116E-03 +1.654289092E-01 -2.010676705E-01 +1.530092430E-01
2.62000000000E+09 -7.839261863E-02 -8.086963926E-02 +5.037110642E-02 +8.512468679E-02 -1.575428049E-01 +1.676403970E-01
2.63000000000E+09 +7.943978095E-03 +1.162223589E-01 +8.192364892E-02 +5.942313139E-02 -1.263385292E-01 +1.204418668E-01
2.64000000000E+09 +6.497841059E-02 -9.404489784E-02 +1.057180625E-01 -6.309513774E-02 -1.951234507E-01 +7.097790067E-02
2.65000000000E+09 -1.056148693E-01 +2.451771440E-02 -5.856145607E-03 -1.216883654E-01 -2.359418214E-01 +1.559779903E-01
2.66000000000E+09 +9.529486401E-02 +5.554177351E-02 -4.755514916E-02 -1.071523646E-01 -1.397168491E-01 +1.849342695E-01
2.67000000000E+09 -3.864874837E-02 -1.041589558E-01 -1.316396531E-01 -1.281354576E-01 -1.395616180E-01 +8.331619895E-02
2.68000000000E+09 -3.738117217E-02 +9.819004615E-02 -2.013389775E-01 -1.867570258E-02 -2.334002195E-01 +9.987896614E-02
2.69000000000E+09 +9.378613301E-02 -4.248517751E-02 -1.508167022E-01 +4.373284708E-02 -2.171676983E-01 +1.863610199E-01
2.70000000000E+09 -1.018420165E-01 -3.513605913E-02 -1.531796139E-01 +7.927042611E-02 -1.334929322E-01 +1.836973983E-01
2.71000000000E+09 +5.900711692E-02 +9.509653426E-02 -6.668552207E-02 +1.578488029E-01 -1.389538206E-01 +8.548187586E-02
2.72000000000E+09 +1.495209897E-02 -1.059050797E-01 +2.919237829E-02 +9.239242027E-02 -2.465797634E-01 +1.108279910E-01
2.73000000000E+09 -8.386419724E-02 +6.427286664E-02 +3.550169432E-02 +5.925043624E-02 -2.027689076E-01 +2.313874506E-01
2.74000000000E+09 +1.126226532E-01 +7.365794082E-03 +1.013187954E-01 +1.892033047E-03 -8.218712626E-02 +1.621002585E-01
2.75000000000E+09 -8.391718533E-02 -7.256943908E-02 +4.879783615E-02 -1.121909777E-01 -1.700345317E-01 +5.621646018E-02
2.76000000000E+09 +1.237904719E-02 +1.022498783E-01 -1.379351688E-02 -1.070051147E-01 -2.507981659E-01 +1.501555956E-01
2.77000000000E+09 +6.383642343E-02 -8.140928340E-02 -4.570515018E-02 -1.463763908E-01 -1.689451024E-01 +2.194146315E-01
2.78000000000E+09 -1.065914234E-01 +2.064466660E-02 -1.582578454E-01 -1.162705076E-01 -1.066985986E-01 +1.328677821E-01
2.79000000000E+09 +9.324741324E-02 +4.962946128E-02 -1.516867674E-01 -1.859957627E-02 -2.069337128E-01 +8.311737179E-02
2.80000000000E+09 -3.098395053E-02 -9.567668111E-02 -1.460207089E-01 -3.705117875E-03 -2.458154658E-01 +2.060491389E-01
2.81000000000E+09 -4.783684889E-02 +9.532305621E-02 -1.378845444E-01 +8.720013732E-02 -1.118286001E-01 +2.275811514E-01
2.82000000000E+09 +1.013552706E-01 -4.822541225E-02 -1.706319303E-02 +1.035017605E-01 -1.122295092E-01 +9.062783852E-02
2.83000000000E+09 -1.030087124E-01 -2.556359672E-02 +8.246390702E-03 +5.294237856E-02 -2.330983707E-01 +1.307957880E-01
2.84000000000E+09 +5.569958038E-02 +8.898695283E-02 +6.467597238E-02 +4.760214326E-02 -1.752510430E-01 +2.209683142E-01
2.85000000000E+09 +1.655615921E-02 -1.081848689E-01 +9.348690581E-02 -6.323997259E-02 -1.023167178E-01 +1.510383442E-01
2.86000000000E+09 -7.820149368E-02 +7.226575496E-02 +1.731007846E-02 -9.500216199E-02 -1.874847011E-01 +9.893631649E-02
2.87000000000E+09 +1.004396589E-01 +6.907637907E-04 +1.916582218E-02 -1.050396926E-01 -2.291800094E-01 +1.990029461E-01
2.88000000000E+09 -7.321579705E-02 -7.338325240E-02 -5.360039683E-02 -1.484913567E-01 -1.158513202E-01 +2.300232339E-01
2.89000000000E+09 +1.125160715E-02 +1.081554471E-01 -1.076556857E-01 -7.128954520E-02 -1.023728050E-01 +1.009679227E-01
2.90000000000E+09 +5.633399499E-02 -8.553219368E-02 -8.316912671E-02 -5.668204629E-02 -2.390682521E-01 +1.314737588E-01
2.91000000000E+09 -9.832954616E-02 +1.977482767E-02 -1.262713884E-01 -1.872901287E-02 -1.807044678E-01 +2.535625376E-01
2.92000000000E+09 +9.253190388E-02 +5.467819876E-02 -6.760694352E-02 +5.833792089E-02 -6.126469034E-02 +1.788722660E-01
2.93000000000E+09 -4.064551356E-02 -9.915099091E-02 -2.202394861E-02 +2.592747174E-02 -1.583322873E-01 +7.950865557E-02
2.94000000000E+09 -3.336399842E-02 +9.421156534E-02 -9.654124594E-03 +5.675064595E-02 -2.343391801E-01 +1.807492774E-01
2.95000000000E+09 +9.081001351E-02 -4.350094468E-02 +7.389327214E-02 +2.656581443E-02 -1.291961586E-01 +2.496171319E-01
2.96000000000E+09 -1.030612211E-01 -2.693458278E-02 +5.157156179E-02 -4.258371995E-02 -7.032308933E-02 +1.332893380E-01
2.97000000000E+09 +6.172837261E-02 +8.208993013E-02 +5.509554813E-02 -3.356438296E-02 -1.971027012E-01 +9.942837294E-02
2.98000000000E+09 +1.192166063E-02 -9.763347144E-02 +5.417727673E-02 -1.017112084E-01 -1.992987985E-01 +2.199076819E-01
2.99000000000E+09 -7.921497187E-02 +6.648859727E-02 -2.219207013E-02 -9.787448324E-02 -8.481509587E-02 +1.935112358E-01
3.00000000000E+09 +1.043555421E-01 +2.084863820E-03 -5.825106863E-03 -7.680368258E-02 -1.496193061E-01 +9.019387407E-02
3.01000000000E+09 -7.167793687E-02 -6.618237650E-02 -5.972912201E-02 -1.020106856E-01 -2.390986490E-01 +1.725320875E-01
3.02000000000E+09 +3.055776321E-03 +9.691580249E-02 -9.617869684E-02 -1.698156571E-02 -1.507795602E-01 +2.633570060E-01
3.03000000000E+09 +6.567136823E-02 -7.985384180E-02 -4.753409767E-02 +7.411039857E-03 -6.054042685E-02 +1.697112981E-01
3.04000000000E+09 -9.899795625E-02 +2.365041028E-02 -6.798245586E-02 +3.388232584E-02 -1.704344817E-01 +8.208853728E-02
3.05000000000E+09 +8.206994276E-02 +4.507538192E-02 +4.582184940E-03 +9.054710500E-02 -2.436888367E-01 +2.056129049E-01
3.06000000000E+09 -2.607316041E-02 -9.142505298E-02 +5.391950896E-02 +3.499348391E-02 -1.261116846E-01 +2.691137766E-01
3.07000000000E+09 -4.084973301E-02 +9.240476539E-02 +4.690509223E-02 +4.153492038E-02 -7.824488653E-02 +1.543452350E-01
3.08000000000E+09 +8.644076979E-02 -4.624119657E-02 +1.138468943E-01 +4.869958432E-03 -1.879845348E-01 +1.330216103E-01
3.09000000000E+09 -9.036986765E-02 -2.361265467E-02 +7.021464196E-02 -7.124653487E-02 -1.990151109E-01 +2.384989391E-01
3.10000000000E+09 +5.008223958E-02 +8.198157269E-02 +4.365268654E-02 -5.312873545E-02 -9.857309030E-02 +2.604189214E-01
3.11000000000E+09 +1.456152828E-02 -1.007557137E-01 +3.490912302E-02 -1.052588001E-01 -6.727508587E-02 +1.549749978E-01
3.12000000000E+09 -7.177735467E-02 +6.830009139E-02 -6.164015297E-02 -8.975047140E-02 -1.713126284E-01 +1.421606366E-01
3.13000000000E+09 +9.499522680E-02 -1.424549718E-03 -6.369740689E-02 -3.057381970E-02 -1.665549894E-01 +2.391088720E-01
3.14000000000E+09 -7.275039114E-02 -6.554905486E-02 -9.654940887E-02 -1.869501847E-02 -7.225642977E-02 +2.153021925E-01
3.15000000000E+09 +1.486220424E-02 +9.780683646E-02 -1.023803864E-01 +8.440169914E-02 -1.042149653E-01 +1.337727446E-01
3.16000000000E+09 +5.029130599E-02 -8.018632374E-02 -1.833564894E-02 +1.113994131E-01 -1.774434308E-01 +1.639754874E-01
3.17000000000E+09 -8.941831197E-02 +2.231838633E-02 +2.777445220E-03 +1.183121028E-01 -1.571530017E-01 +2.305831720E-01
3.18000000000E+09 +8.299443527E-02 +4.714025968E-02 +9.417432800E-02 +1.365369748E-01 -8.454864533E-02 +2.143619825E-01
3.19000000000E+09 -3.475876109E-02 -9.216731102E-02 +1.495799762E-01 +3.133348128E-02 -1.124827177E-01 +1.366631301E-01
3.20000000000E+09 -3.193055020E-02 +8.982186913E-02 +1.175068750E-01 -1.873369610E-02 -1.953736235E-01 +1.791035111E-01
3.21000000000E+09 +8.460195135E-02 -4.330003309E-02 +1.202106604E-01 -9.222636609E-02 -1.485090964E-01 +2.488029225E-01
3.22000000000E+09 -9.479178691E-02 -2.376746588E-02 -7.297242498E-03 -1.650785242E-01 -1.030088423E-01 +2.223295177E-01
3.23000000000E+09 +5.727619300E-02 +7.824704497E-02 -1.050741723E-01 -8.236400797E-02 -1.195215176E-01 +2.058354267E-01
3.24000000000E+09 +8.281863918E-03 -9.451103766E-02 -1.311530708E-01 -3.851220093E-02 -1.159787742E-01 +2.125433122E-01
3.25000000000E+09 -6.837468829E-02 +6.340404310E-02 -1.843029794E-01 +6.309589403E-02 -1.063659720E-01 +2.193984161E-01
3.26000000000E+09 +9.316528436E-02 -4.959224535E-04 -9.983236027E-02 +1.763071047E-01 -8.696959871E-02 +2.072652985E-01
3.27000000000E+09 -7.033092850E-02 -6.192328715E-02 -1.845211650E-02 +1.754215455E-01 -1.049513912E-01 +1.831968855E-01
3.28000000000E+09 +1.084641288E-02 +9.352232632E-02 +5.634257674E-02 +1.966825824E-01 -1.147782225E-01 +2.017922701E-01
3.29000000000E+09 +5.527542100E-02 -7.863743122E-02 +1.708967817E-01 +1.118244650E-01 -1.020813791E-01 +2.029482903E-01
3.30000000000E+09 -9.414291331E-02 +2.430041446E-02 +1.444672720E-01 -1.045350359E-02 -1.092072228E-01 +2.055357166E-01
3.31000000000E+09 +8.864326307E-02 +4.335929105E-02 +1.129526197E-01 -6.299686216E-02 -7.790235165E-02 +1.963514369E-01
3.32000000000E+09 -4.177090187E-02 -8.908180601E-02 +2.694369972E-02 -1.519629433E-01 -1.117956043E-01 +1.539424842E-01
3.33000000000E+09 -2.444471894E-02 +8.952031559E-02 -1.089550100E-01 -1.054797020E-01 -1.607292080E-01 +2.085040007E-01
3.34000000000E+09 +7.777680020E-02 -4.676771924E-02 -1.334758653E-01 -3.604197281E-02 -9.777920812E-02 +2.464860851E-01
3.35000000000E+09 -9.091460770E-02 -1.729639141E-02 -1.858129998E-01 +1.888324222E-02 -6.895013330E-02 +1.884882233E-01
3.36000000000E+09 +5.715518958E-02 +7.108198077E-02 -1.573760752E-01 +1.459318063E-01 -1.281215296E-01 +1.662385529E-01
3.37000000000E+09 +5.610937027E-03 -8.773537147E-02 -6.218961548E-02 +1.630249831E-01 -1.587388281E-01 +2.317238461E-01
3.38000000000E+09 -6.647449662E-02 +5.941005724E-02 -2.847587580E-02 +1.725411912E-01 -7.641368956E-02 +2.740174591E-01
3.39000000000E+09 +9.561976153E-02 -1.049999132E-03 +7.588710277E-02 +1.657968087E-01 -2.942645794E-02 +1.758110095E-01
3.40000000000E+09 -7.617388797E-02 -5.626111716E-02 +1.064995304E-01 +5.048862200E-02 -1.533213496E-01 +1.456089308E-01
3.41000000000E+09 +1.768457649E-02 +8.771922000E-02 +7.861569068E-02 +9.447644839E-03 -1.501274903E-01 +2.684044189E-01
3.42000000000E+09 +4.878650413E-02 -7.774516502E-02 +7.326501321E-02 -7.031617038E-02 -3.735911074E-02 +2.548295107E-01
3.43000000000E+09 -8.875865423E-02 +3.083058863E-02 -4.372089290E-02 -1.183259062E-01 -6.425766847E-02 +1.481995182E-01
3.44000000000E+09 +8.341904070E-02 +3.069602361E-02 -1.012064904E-01 -6.661145330E-02 -1.627452411E-01 +1.741017953E-01
3.45000000000E+09 -3.683431957E-02 -7.554426033E-02 -1.527747601E-01 -5.858670104E-02 -1.492720044E-01 +2.718767944E-01
3.46000000000E+09 -2.792759117E-02 +8.112994318E-02 -2.139260541E-01 +4.349283893E-02 -5.489377643E-02 +2.736106726E-01
3.47000000000E+09 +7.730664452E-02 -4.564626737E-02 -1.403392069E-01 +1.290982591E-01 -6.731420871E-02 +1.877789333E-01
3.48000000000E+09 -8.639206746E-02 -1.411135076E-02 -1.050404716E-01 +1.324764146E-01 -1.328621995E-01 +2.280530625E-01
3.49000000000E+09 +5.217764973E-02 +6.941859167E-02 -3.851634162E-02 +1.812230005E-01 -7.398623751E-02 +2.871194830E-01
3.50000000000E+09 +7.058901861E-03 -9.048667845E-02 +6.454605238E-02 +1.124706562E-01 -3.004891584E-02 +2.262355239E-01
3.51000000000E+09 -6.294483675E-02 +6.661865165E-02 +4.863551658E-02 +3.660746044E-02 -6.860554727E-02 +1.957807470E-01
3.52000000000E+09 +8.855646627E-02 -9.756875057E-03 +6.636661969E-02 -6.362649932E-03 -9.330080225E-02 +2.254992791E-01
3.53000000000E+09 -7.073871086E-02 -5.088181492E-02 +1.399061410E-02 -1.038676593E-01 -6.454675256E-02 +2.512430433E-01
3.54000000000E+09 +1.855449064E-02 +8.599022179E-02 -7.962812930E-02 -9.018360303E-02 -2.744230476E-02 +2.152263022E-01
3.55000000000E+09 +4.099821073E-02 -7.799157863E-02 -1.037419688E-01 -7.979239314E-02 -7.160784061E-02 +1.719141182E-01
3.56000000000E+09 -7.940430744E-02 +3.042124114E-02 -1.805633759E-01 -5.076620903E-02 -1.127736541E-01 +2.224333233E-01
3.57000000000E+09 +7.775137449E-02 +3.177414617E-02 -1.720081137E-01 +4.526405965E-02 -7.749837103E-02 +2.561362132E-01
3.58000000000E+09 -3.723565891E-02 -7.711402348E-02 -1.327728396E-01 +5.226477757E-02 -4.615944110E-02 +2.371144530E-01
3.59000000000E+09 -2.277954763E-02 +8.363665791E-02 -1.328171820E-01 +9.949770124E-02 -5.600758940E-02 +2.207735470E-01
3.60000000000E+09 +7.121733726E-02 -4.819975363E-02 -3.850290628E-02 +1.202369855E-01 -7.110258674E-02 +2.305100506E-01
3.61000000000E+09 -8.481714675E-02 -1.158671246E-02 -8.152963088E-03 +5.870201781E-02 -4.073836451E-02 +2.492112151E-01
3.62000000000E+09 +5.720629450E-02 +6.574753420E-02 +1.343283348E-02 +5.295221597E-02 -2.548798289E-02 +2.068322987E-01
3.63000000000E+09 -2.259348860E-03 -8.619294077E-02 +5.216530546E-02 -2.773797697E-02 -7.593574124E-02 +2.007460358E-01
3.64000000000E+09 -5.406356863E-02 +6.316718225E-02 -1.231490364E-02 -8.220765332E-02 -6.454576088E-02 +2.600762548E-01
3.65000000000E+09 +8.337159877E-02 -9.369223357E-03 -2.945417636E-02 -8.251993238E-02 -1.543922056E-04 +2.391749309E-01
3.66000000000E+09 -7.105656620E-02 -4.837045955E-02 -7.845144255E-02 -1.279519138E-01 -2.008250224E-02 +1.764907740E-01
3.67000000000E+09 +2.271805443E-02 +8.120883416E-02 -1.510105283E-01 -8.085810806E-02 -7.944235092E-02 +1.945426709E-01
3.68000000000E+09 +3.711575240E-02 -7.390459370E-02 -1.460136287E-01 -4.374906128E-02 -5.223363182E-02 +2.443276402E-01
3.69000000000E+09 -7.892068449E-02 +3.024794111E-02 -1.809194948E-01 -8.338188321E-03 -1.204260805E-02 +2.124160772E-01
3.70000000000E+09 +8.097188746E-02 +2.733762656E-02 -1.406272767E-01 +8.002371039E-02 -5.901965827E-02 +1.728426344E-01
3.71000000000E+09 -4.222889989E-02 -7.147150692E-02 -6.898396400E-02 +7.467976705E-02 -8.214542960E-02 +2.336921822E-01
3.72000000000E+09 -1.777922534E-02 +8.110560084E-02 -3.657621984E-02 +8.621505444E-02 -2.420662058E-02 +2.454035648E-01
3.73000000000E+09 +6.788479433E-02 -5.141220900E-02 +5.909798996E-02 +5.722283920E-02 -2.636885225E-02 +1.835624551E-01
3.74000000000E+09 -8.330510164E-02 -3.918148837E-03 +6.779699085E-02 -4.379797189E-02 -8.264934793E-02 +2.071903774E-01
3.75000000000E+09 +5.757230000E-02 +5.789124870E-02 +5.027309377E-02 -7.968176618E-02 -4.673054946E-02 +2.542324049E-01
3.76000000000E+09 -4.298797253E-03 -8.361501075E-02 +3.095666994E-02 -1.602931439E-01 -1.196344072E-02 +2.095808358E-01
3.77000000000E+09 -4.933988390E-02 +6.728976189E-02 -8.100148218E-02 -1.799579006E-01 -7.799314946E-02 +1.883980064E-01
3.78000000000E+09 +7.774248864E-02 -1.695316165E-02 -1.196715337E-01 -1.279343949E-01 -8.135838134E-02 +2.732078137E-01
3.79000000000E+09 -6.783216398E-02 -4.234548564E-02 -1.663727275E-01 -1.113122667E-01 +7.893864220E-03 +2.798375350E-01
3.80000000000E+09 +2.495151023E-02 +7.978010165E-02 -2.012481995E-01 -3.160038823E-03 +5.547224734E-03 +1.854023427E-01
3.81000000000E+09 +2.973127741E-02 -7.609385603E-02 -1.198814658E-01 +6.475382976E-02 -7.510851700E-02 +2.148634515E-01
3.82000000000E+09 -7.064280993E-02 +3.367451531E-02 -7.679031937E-02 +8.003864835E-02 -2.694931399E-02 +2.939098445E-01
3.83000000000E+09 +7.686363393E-02 +2.531069463E-02 +1.493537551E-02 +1.129311583E-01 +5.842497387E-02 +2.267603181E-01
3.84000000000E+09 -4.523263940E-02 -7.065567487E-02 +1.090551157E-01 +3.138530532E-02 -1.982298784E-02 +1.422489691E-01
3.85000000000E+09 -9.729009200E-03 +7.953445971E-02 +1.106592121E-01 -4.008356022E-02 -8.934159187E-02 +2.349949346E-01
3.86000000000E+09 +6.115839826E-02 -4.896204257E-02 +1.304234200E-01 -1.162366740E-01 +8.919428236E-03 +2.959793042E-01
3.87000000000E+09 -8.243447460E-02 -5.462439077E-03 +5.269944181E-02 -2.198267567E-01 +6.308168453E-02 +1.899342288E-01
3.88000000000E+09 +6.254718698E-02 +5.601427973E-02 -5.453321442E-02 -2.038990121E-01 -3.685715381E-02 +1.502582665E-01
3.89000000000E+09 -1.044690805E-02 -7.939711507E-02 -1.132782031E-01 -1.800734097E-01 -6.415185810E-02 +2.436539924E-01
3.90000000000E+09 -4.646379393E-02 +6.428427241E-02 -1.957637893E-01 -9.786098997E-02 +2.280194423E-02 +2.519139716E-01
3.91000000000E+09 +7.965989951E-02 -1.854410438E-02 -1.640255271E-01 +3.081802490E-02 +2.605705044E-02 +1.702695544E-01
3.92000000000E+09 -7.241540478E-02 -3.557961453E-02 -9.883256126E-02 +7.634390658E-02 -6.286529220E-02 +1.808933885E-01
3.93000000000E+09 +2.829478935E-02 +7.201063968E-02 -2.364388564E-02 +1.362388488E-01 -3.851016997E-02 +2.656549035E-01
3.94000000000E+09 +3.001589460E-02 -7.297945937E-02 +1.132947592E-01 +1.088688166E-01 +4.482558461E-02 +2.358181348E-01
3.95000000000E+09 -7.277273068E-02 +3.807369482E-02 +1.558253739E-01 +1.036012049E-02 +9.837797152E-03 +1.605398851E-01
3.96000000000E+09 +7.908753607E-02 +1.650151988E-02 +1.774037223E-01 -5.454121769E-02 -5.682647630E-02 +2.049378776E-01
3.97000000000E+09 -4.643722665E-02 -6.343502660E-02 +1.505000354E-01 -1.736830941E-01 -1.274421326E-02 +2.610254279E-01
3.98000000000E+09 -8.463252520E-03 +7.915064414E-02 +2.910245317E-02 -2.071906267E-01 +5.229997951E-02 +2.275299631E-01
3.99000000000E+09 +5.905045653E-02 -5.624167311E-02 -3.345048264E-02 -1.750138585E-01 +2.126244183E-02 +1.601929415E-01
4.00000000000E+09 -7.965310024E-02 +5.746745549E-03 -1.119876544E-01 -1.405259368E-01 -3.922886446E-02 +1.838344176E-01
4.01000000000E+09 +6.118046629E-02 +4.759360697E-02 -1.408495800E-01 -2.294208253E-02 -9.185269273E-03 +2.334665340E-01
4.02000000000E+09 -1.356952606E-02 -7.719503831E-02 -8.927282838E-02 +4.330557789E-02 +1.779532632E-02 +1.955560368E-01
4.03000000000E+09 -3.956679203E-02 +6.748589634E-02 -5.805795332E-02 +1.008142793E-01 -2.887048050E-02 +1.870924548E-01
4.04000000000E+09 +7.254364368E-02 -2.323716010E-02 +5.079443477E-02 +1.451316444E-01 -2.386600839E-02 +2.415556189E-01
4.05000000000E+09 -6.923854839E-02 -3.262824286E-02 +1.330411845E-01 +8.134720925E-02 +3.771711169E-02 +2.369021191E-01
4.06000000000E+09 +3.137458722E-02 +7.251538993E-02 +1.563498929E-01 +3.911175123E-02 +3.478152613E-02 +1.772093593E-01
4.07000000000E+09 +2.206229128E-02 -7.600923618E-02 +1.938278872E-01 -3.833424504E-02 -2.041260955E-02 +1.768874848E-01
4.08000000000E+09 -6.490476710E-02 +4.183589766E-02 +1.319815887E-01 -1.236847645E-01 -7.086815132E-03 +2.302613485E-01
4.09000000000E+09 +7.681916930E-02 +1.248251779E-02 +7.036225925E-02 -1.288348783E-01 +3.398996095E-02 +2.002478604E-01
4.10000000000E+09 -5.150809499E-02 -5.895807758E-02 +6.089751381E-03 -1.491910793E-01 -1.295862541E-02 +1.656074746E-01
4.11000000000E+09 +7.159796168E-04 +7.520036720E-02 -8.729491008E-02 -8.696838078E-02 -3.202009797E-02 +2.334842890E-01
4.12000000000E+09 +5.041382409E-02 -5.476558004E-02 -8.558351603E-02 +2.314402667E-04 +3.951380341E-02 +2.372422640E-01
4.13000000000E+09 -7.595003133E-02 +8.361917016E-03 -8.608178629E-02 +5.015916284E-02 +2.870171585E-02 +1.673178073E-01
4.14000000000E+09 +6.259409592E-02 +4.147488228E-02 -4.421810899E-02 +1.415920003E-01 -3.161860667E-02 +1.984466455E-01
4.15000000000E+09 -1.775848841E-02 -7.096052774E-02 +5.573660255E-02 +1.497583186E-01 +2.270971218E-02 +2.526731968E-01
4.16000000000E+09 -3.602235432E-02 +6.620423832E-02 +9.834595395E-02 +1.246434068E-01 +7.047379282E-02 +1.806406294E-01
4.17000000000E+09 +7.090501129E-02 -2.964176090E-02 +1.644938467E-01 +9.319509040E-02 -1.919828283E-02 +1.362840987E-01
4.18000000000E+09 -6.973112040E-02 -2.166458306E-02 +1.714675229E-01 -8.156508621E-03 -4.311398561E-02 +2.513890026E-01
4.19000000000E+09 +3.454872539E-02 +6.333051035E-02 +1.158442939E-01 -4.837697202E-02 +8.292991569E-02 +2.546792272E-01
4.20000000000E+09 +1.600583773E-02 -7.450044900E-02 +8.123849971E-02 -8.200523464E-02 +6.900981893E-02 +1.051421056E-01
4.21000000000E+09 -5.629609754E-02 +4.827765189E-02 -1.299029999E-02 -9.154839920E-02 -8.887081124E-02 +1.588248474E-01
4.22000000000E+09 +6.892692526E-02 +2.838285644E-03 -6.205413311E-02 -2.384577687E-02 -5.592508934E-03 +3.002635874E-01
4.23000000000E+09 -4.863137850E-02 -5.203444268E-02 -7.833043471E-02 +1.377930836E-02 +1.269467920E-01 +1.951492873E-01
4.24000000000E+09 +6.282658682E-03 +7.389102308E-02 -9.884247934E-02 +8.988606337E-02 -1.442266999E-02 +7.127749813E-02
4.25000000000E+09 +3.827911163E-02 -5.651848636E-02 -3.658816455E-02 +1.481652590E-01 -1.093885136E-01 +2.476982062E-01
4.26000000000E+09 -6.414973846E-02 +1.062520093E-02 +5.696819032E-04 +1.480331696E-01 +7.309002594E-02 +3.261313964E-01
4.27000000000E+09 +5.792600249E-02 +4.031990739E-02 +4.554158599E-02 +1.712447107E-01 +1.544099155E-01 +1.285137464E-01
4.28000000000E+09 -2.319476007E-02 -6.940631383E-02 +1.156551498E-01 +1.267583426E-01 -6.336553577E-02 +7.544575356E-02
4.29000000000E+09 -2.551164544E-02 +6.248301920E-02 +1.135975087E-01 +6.859363060E-02 -7.606615627E-02 +2.879101504E-01
4.30000000000E+09 +6.314711363E-02 -2.521259888E-02 +1.204377205E-01 +2.495732710E-02 +1.293161213E-01 +2.668535636E-01
4.31000000000E+09 -7.042347716E-02 -2.321006595E-02 +7.653906109E-02 -5.419541201E-02 +7.090414870E-02 +6.365481811E-02
4.32000000000E+09 +4.124808860E-02 +5.843401431E-02 -1.052468151E-02 -5.632301445E-02 -1.160559823E-01 +1.663527603E-01
4.33000000000E+09 +9.918975683E-03 -6.594759924E-02 -5.824819090E-02 -4.479954982E-02 +9.987672339E-03 +3.197210069E-01
4.34000000000E+09 -5.600419373E-02 +4.197756313E-02 -1.367915432E-01 -7.436054177E-03 +1.423809782E-01 +1.815179380E-01
4.35000000000E+09 +7.304191375E-02 +1.096764167E-03 -1.504094649E-01 +9.311300230E-02 -1.714837153E-02 +7.471720335E-02
4.36000000000E+09 -5.156183424E-02 -4.406925729E-02 -1.167648087E-01 +1.404448410E-01 -9.408565583E-02 +2.464525014E-01
4.37000000000E+09 +4.184086147E-03 +6.586054016E-02 -8.292132559E-02 +1.985265909E-01 +7.714855201E-02 +2.993792480E-01
4.38000000000E+09 +4.505200051E-02 -5.526350503E-02 +2.079559036E-02 +2.140389117E-01 +1.119427536E-01 +1.382336365E-01
4.39000000000E+09 -7.060580307E-02 +1.666244930E-02 +7.594226051E-02 +1.435706920E-01 -4.667537798E-02 +1.391414206E-01
4.40000000000E+09 +6.080818545E-02 +3.264002116E-02 +9.775634613E-02 +9.460112428E-02 +6.179754858E-03 +2.769621804E-01
4.41000000000E+09 -2.212161398E-02 -6.765071154E-02 +1.054184442E-01 -2.952621390E-04 +1.205945732E-01 +1.954231600E-01
4.42000000000E+09 -2.600639205E-02 +6.990351539E-02 +2.201476953E-02 -6.736488556E-02 +1.553664519E-02 +9.682237859E-02
4.43000000000E+09 +6.123472143E-02 -3.663526828E-02 -4.123457369E-02 -7.110819770E-02 -5.211708079E-02 +2.144832793E-01
4.44000000000E+09 -6.766368246E-02 -1.470908020E-02 -1.213168632E-01 -7.480609773E-02 +6.240369639E-02 +2.528864793E-01
4.45000000000E+09 +4.221514999E-02 +5.777757440E-02 -1.894329644E-01 +3.634949052E-03 +8.125805515E-02 +1.430736789E-01
4.46000000000E+09 +3.163913980E-03 -7.090487195E-02 -1.738690723E-01 +7.056757822E-02 -3.807446079E-02 +1.435865440E-01
4.47000000000E+09 -4.683696942E-02 +4.796567040E-02 -1.672105853E-01 +1.202914723E-01 -7.670180366E-03 +2.619279673E-01
4.48000000000E+09 +6.764486769E-02 -1.532300462E-03 -1.001816419E-01 +1.805515938E-01 +1.037100050E-01 +2.196635296E-01
4.49000000000E+09 -5.503042236E-02 -4.478117725E-02 -1.750563725E-02 +1.519839873E-01 +3.751344142E-02 +1.116632111E-01
4.50000000000E+09 +1.419318448E-02 +6.779594926E-02 +1.631238286E-02 +1.183847148E-01 -4.372985876E-02 +2.022369216E-01
4.51000000000E+09 +3.503422824E-02 -5.787711699E-02 +6.910499277E-02 +5.621055030E-02 +5.026483879E-02 +2.594955964E-01
4.52000000000E+09 -6.745197904E-02 +2.039281393E-02 +4.326240339E-02 -4.321922933E-02 +9.193451479E-02 +1.645236374E-01
4.53000000000E+09 +6.636165998E-02 +2.629617601E-02 -1.077434025E-02 -7.484052602E-02 -4.996163680E-03 +1.422257025E-01
4.54000000000E+09 -3.222057223E-02 -5.986770809E-02 -5.882068188E-02 -1.169505998E-01 -1.240430780E-02 +2.390725101E-01
4.55000000000E+09 -1.723383448E-02 +6.424825518E-02 -1.540594829E-01 -1.036892249E-01 +8.608169495E-02 +2.469344751E-01
4.56000000000E+09 +5.747832637E-02 -3.746029466E-02 -1.806392663E-01 -3.697724566E-02 +8.647813371E-02 +1.405304082E-01
4.57000000000E+09 -6.775063815E-02 -6.924039503E-03 -1.908841589E-01 -4.611209657E-03 -1.022880018E-02 +1.644664559E-01
4.58000000000E+09 +4.370466134E-02 +4.830691715E-02 -1.848451050E-01 +6.804130768E-02 +3.778317271E-02 +2.502137340E-01
4.59000000000E+09 +1.740218886E-03 -6.621646654E-02 -1.102222200E-01 +9.972048328E-02 +1.154698303E-01 +1.750096378E-01
4.60000000000E+09 -4.528873831E-02 +5.158443521E-02 -6.510357179E-02 +8.732215979E-02 +2.582629739E-02 +1.094678819E-01
4.61000000000E+09 +6.580467114E-02 -1.078343299E-02 +1.013473942E-03 +7.591648147E-02 -3.075321456E-02 +2.087414235E-01
4.62000000000E+09 -5.393394457E-02 -3.592402822E-02 +4.563444086E-02 -8.906476364E-03 +7.729838143E-02 +2.603029540E-01
4.63000000000E+09 +1.589149190E-02 +6.534419030E-02 +1.930388722E-02 -7.140187682E-02 +1.322149852E-01 +1.418904685E-01
4.64000000000E+09 +2.878263622E-02 -6.266022269E-02 +3.743805237E-03 -1.182001558E-01 -1.928391769E-03 +8.614640522E-02
4.65000000000E+09 -5.843948959E-02 +2.838320176E-02 -6.381998239E-02 -1.625808657E-01 -4.236224483E-02 +2.377414948E-01
4.66000000000E+09 +5.967303751E-02 +2.010717220E-02 -1.220069283E-01 -1.324690045E-01 +1.113601239E-01 +2.521431460E-01
4.67000000000E+09 -3.233926290E-02 -5.774397168E-02 -1.421870421E-01 -1.122834793E-01 +1.106884353E-01 +9.814518571E-02
4.68000000000E+09 -1.035299046E-02 +6.529755216E-02 -1.779333114E-01 -6.552049306E-02 -4.489871658E-02 +1.279876676E-01
4.69000000000E+09 +4.853231690E-02 -3.923860885E-02 -1.463125004E-01 -3.867219772E-04 +1.376072564E-02 +2.634659874E-01
4.70000000000E+09 -6.311140588E-02 -6.141014955E-03 -1.048427575E-01 +1.403014441E-02 +1.431426400E-01 +1.938528272E-01
4.71000000000E+09 +4.672617766E-02 +4.823539844E-02 -6.163382131E-02 +4.101953444E-02 +5.144448067E-02 +5.857217851E-02
4.72000000000E+09 -6.451714798E-03 -6.546781160E-02 +1.646185361E-02 +1.992801336E-02 -7.022856888E-02 +1.722380689E-01
4.73000000000E+09 -3.861589051E-02 +5.065770130E-02 +4.363427877E-02 -3.173935541E-02 +5.243665438E-02 +2.655033677E-01
4.74000000000E+09 +6.557659136E-02 -1.226289394E-02 +7.140052405E-02 -7.293695664E-02 +1.136600152E-01 +1.253726010E-01
4.75000000000E+09 -5.994691767E-02 -2.994657751E-02 +6.094423772E-02 -1.539354024E-01 -5.531290534E-02 +1.158884317E-01
4.76000000000E+09 +2.329729645E-02 +5.708472010E-02 -9.428040603E-04 -1.762597934E-01 -1.489650028E-02 +2.878087000E-01
4.77000000000E+09 +2.425582834E-02 -5.669507998E-02 -2.856131899E-02 -1.755748259E-01 +1.581745665E-01 +2.267277568E-01
4.78000000000E+09 -5.880298109E-02 +2.929583498E-02 -8.232731434E-02 -1.695635018E-01 +6.453381981E-02 +4.989113516E-02
4.79000000000E+09 +6.187414739E-02 +1.232494389E-02 -1.048024106E-01 -1.027143236E-01 -9.146951330E-02 +1.781611344E-01
4.80000000000E+09 -3.365602531E-02 -4.887298394E-02 -8.166135350E-02 -6.586088980E-02 +6.176676447E-02 +3.115664193E-01
4.81000000000E+09 -1.067509926E-02 +6.173860452E-02 -6.784486783E-02 -2.199786708E-02 +1.760958177E-01 +1.310448433E-01
4.82000000000E+09 +4.774419692E-02 -4.459802089E-02 +1.968959665E-03 +1.395166358E-02 -4.245725194E-02 +4.637244335E-02
4.83000000000E+09 -5.985125610E-02 +3.584928407E-03 +5.486470651E-02 -1.115509836E-02 -8.216139572E-02 +2.806040094E-01
4.84000000000E+09 +4.302299288E-02 +3.990339828E-02 +9.389405081E-02 -2.215835715E-02 +1.460482966E-01 +2.930296403E-01
4.85000000000E+09 -6.100269472E-03 -6.386455225E-02 +1.436640066E-01 -7.821400430E-02 +1.272942445E-01 +7.118716760E-02
4.86000000000E+09 -3.251071867E-02 +5.445399021E-02 +1.179554042E-01 -1.424546327E-01 -7.920099162E-02 +1.381489471E-01
4.87000000000E+09 +5.581782993E-02 -1.677487575E-02 +9.423072342E-02 -1.593054867E-01 +3.673700070E-02 +3.185202402E-01
4.88000000000E+09 -5.259042950E-02 -2.904718457E-02 +5.689439760E-02 -1.904476394E-01 +1.961819005E-01 +1.745140019E-01
4.89000000000E+09 +2.421978990E-02 +5.938787572E-02 -7.533343818E-03 -1.647262893E-01 +2.248375102E-02 +2.310713179E-02
4.90000000000E+09 +1.661679417E-02 -5.832644147E-02 -1.807158450E-02 -1.177717447E-01 -8.674748025E-02 +2.315232790E-01
4.91000000000E+09 -5.095711266E-02 +2.849635914E-02 -3.324142353E-02 -7.804203407E-02 +1.238825582E-01 +2.876558369E-01
4.92000000000E+09 +6.108683678E-02 +1.427003067E-02 -9.444806796E-03 -7.272996953E-03 +1.458842664E-01 +6.942019709E-02
4.93000000000E+09 -4.068193805E-02 -4.795939184E-02 +5.076621642E-02 +1.066480442E-02 -8.610178787E-02 +9.277848030E-02
4.94000000000E+09 -1.321875626E-03 +5.760314609E-02 +8.551373280E-02 +2.031303366E-02 -2.174149884E-02 +3.089764205E-01
4.95000000000E+09 +4.265285879E-02 -3.959848484E-02 +1.497128688E-01 +1.094417953E-02 +1.705192355E-01 +2.320062858E-01
4.96000000000E+09 -6.234216517E-02 +2.737531656E-03 +1.708922233E-01 -4.945734888E-02 +7.405160402E-02 +4.075454623E-02
4.97000000000E+09 +4.928634562E-02 +3.439130859E-02 +1.580628307E-01 -7.391217590E-02 -9.627698238E-02 +1.793123388E-01
4.98000000000E+09 -1.073667231E-02 -5.548623923E-02 +1.484199893E-01 -1.125336348E-01 +4.544810260E-02 +3.162999552E-01
4.99000000000E+09 -3.302453442E-02 +4.933202039E-02 +8.483099120E-02 -1.251418960E-01 +1.671134063E-01 +1.819932825E-01
5.00000000000E+09 +5.971803083E-02 -1.934068964E-02 +5.732490579E-02 -7.953617416E-02 +2.670919228E-02 +9.715354168E-02
5.01000000000E+09 -5.600064309E-02 -2.151870378E-02 +4.779293769E-02 -6.302672786E-02 -1.188968236E-02 +2.301333072E-01
5.02000000000E+09 +2.532567384E-02 +5.272447581E-02 +3.124750945E-02 -1.297704493E-02 +1.104239198E-01 +2.482315682E-01
5.03000000000E+09 +1.716289233E-02 -5.817771743E-02 +7.067969360E-02 +2.268355130E-02 +1.215381755E-01 +1.309455658E-01
5.04000000000E+09 -5.018014273E-02 +3.471954612E-02 +8.252108860E-02 +1.977642073E-02 +1.836628160E-02 +1.328351346E-01
5.05000000000E+09 +5.839261752E-02 +6.203396235E-03 +9.934732259E-02 +4.350662220E-02 +3.228666529E-02 +2.201975819E-01
5.06000000000E+09 -3.820966423E-02 -4.404138430E-02 +1.264890526E-01 +2.916629542E-02 +1.111126504E-01 +1.871038348E-01
5.07000000000E+09 +1.763724776E-04 +5.936667285E-02 +1.153470162E-01 +2.725821113E-02 +6.671225730E-02 +1.271879918E-01
5.08000000000E+09 +3.749326317E-02 -4.472545914E-02 +1.366029235E-01 +3.573282095E-02 +2.177969740E-02 +1.716387148E-01
5.09000000000E+09 -5.627503134E-02 +7.860393503E-03 +1.372729948E-01 +9.817826627E-03 +6.962438145E-02 +2.051860827E-01
5.10000000000E+09 +4.719168079E-02 +3.216686484E-02 +1.252366413E-01 +1.407554028E-02 +9.407877350E-02 +1.594399723E-01
5.11000000000E+09 -1.461872258E-02 -5.582629826E-02 +1.320865186E-01 -2.918457513E-03 +5.549213537E-02 +1.236046199E-01
5.12000000000E+09 -2.470929858E-02 +5.135083594E-02 +9.617443117E-02 -1.952050967E-02 +1.254974802E-02 +1.650352945E-01
5.13000000000E+09 +5.161664132E-02 -2.128064685E-02 +7.434050606E-02 -5.650668222E-03 +5.334776181E-02 +2.060892688E-01
5.14000000000E+09 -5.282872630E-02 -1.895658299E-02 +4.330991524E-02 -8.681793784E-03 +9.064975662E-02 +1.663762958E-01
5.15000000000E+09 +2.800841139E-02 +4.908091097E-02 -6.615052991E-04 +3.549962809E-02 +4.736527325E-02 +1.380989527E-01
5.16000000000E+09 +1.065288408E-02 -5.405908320E-02 +8.787053021E-03 +8.525523029E-02 +3.753214867E-02 +1.815294843E-01
5.17000000000E+09 -4.337932525E-02 +3.218389762E-02 +1.576232672E-02 +1.159674805E-01 +7.740263683E-02 +1.864229698E-01
5.18000000000E+09 +5.399368386E-02 +5.555344972E-03 +5.275581649E-02 +1.587754845E-01 +8.783202778E-02 +1.335692202E-01
5.19000000000E+09 -3.689914732E-02 -3.973862825E-02 +1.114109093E-01 +1.466260957E-01 +3.193619031E-02 +1.219783886E-01
5.20000000000E+09 +1.093471275E-03 +5.356791550E-02 +1.363638772E-01 +1.136985472E-01 +1.833326482E-02 +1.720980331E-01
5.21000000000E+09 +3.577499125E-02 -4.058535472E-02 +1.582417811E-01 +6.380331874E-02 +6.421700993E-02 +1.608333047E-01
5.22000000000E+09 -5.448727154E-02 +7.712409159E-03 +1.245632760E-01 -7.429622768E-03 +1.815813847E-02 +1.263572724E-01
5.23000000000E+09 +4.558329956E-02 +2.892575687E-02 +6.163399539E-02 -2.833654976E-02 -9.343680236E-03 +1.971558039E-01
5.24000000000E+09 -1.392393930E-02 -5.154147814E-02 +3.627133087E-03 -3.959590086E-02 +7.391690721E-02 +2.140650444E-01
5.25000000000E+09 -2.409280701E-02 +4.892763312E-02 -7.897507034E-02 -8.251761406E-03 +7.584026199E-02 +1.237791239E-01
5.26000000000E+09 +4.901392730E-02 -2.187936175E-02 -1.069319546E-01 +6.876261447E-02 -1.508416436E-02 +1.365077471E-01
5.27000000000E+09 -4.892123317E-02 -1.576671565E-02 -1.036680637E-01 +1.245111548E-01 -4.312761326E-03 +2.250056113E-01
5.28000000000E+09 +2.431157452E-02 +4.540224736E-02 -7.206381330E-02 +1.917483171E-01 +8.133886872E-02 +2.012682798E-01
5.29000000000E+09 +1.190861021E-02 -5.135914923E-02 +1.179876729E-02 +2.069451498E-01 +3.241170739E-02 +1.327966016E-01
5.30000000000E+09 -4.133307534E-02 +3.055271686E-02 +6.002886587E-02 +1.692081077E-01 -3.097811438E-02 +2.194241479E-01
5.31000000000E+09 +5.019473920E-02 +6.920138837E-03 +1.024298556E-01 +1.285741416E-01 +9.067838745E-02 +2.674187859E-01
5.32000000000E+09 -3.428159486E-02 -4.153192639E-02 +1.173214339E-01 +3.488603010E-02 +1.249733952E-01 +1.299356055E-01
5.33000000000E+09 +1.499102405E-03 +5.511540532E-02 +5.560969668E-02 -3.629488862E-02 -2.072212946E-02 +1.181149774E-01
5.34000000000E+09 +3.300598877E-02 -4.099819422E-02 -7.565470258E-03 -6.868503808E-02 -6.865649542E-03 +2.513215218E-01
5.35000000000E+09 -5.228060966E-02 +7.152415809E-03 -1.016227796E-01 -7.723726069E-02 +1.105357907E-01 +2.158678950E-01
5.36000000000E+09 +4.564837338E-02 +2.895361726E-02 -1.716620000E-01 -9.209881876E-03 +5.259900133E-02 +1.129484167E-01
5.37000000000E+09 -1.632152810E-02 -4.901168457E-02 -1.810373339E-01 +5.123597743E-02 -5.499362357E-02 +2.010455502E-01
5.38000000000E+09 -2.177672913E-02 +4.416194717E-02 -1.827100967E-01 +1.181361913E-01 +5.350006115E-02 +2.992809215E-01
5.39000000000E+09 +4.884390691E-02 -1.669213783E-02 -1.155772228E-01 +1.802596458E-01 +1.403103499E-01 +1.921394244E-01
5.40000000000E+09 -5.103735398E-02 -1.862060171E-02 -3.992597271E-02 +1.613397235E-01 +1.633824731E-02 +1.360138522E-01
5.41000000000E+09 +2.603626151E-02 +4.567594628E-02 +2.760608333E-03 +1.358204107E-01 +1.640912723E-02 +2.631995012E-01
5.42000000000E+09 +1.272885950E-02 -5.183320158E-02 +5.457616817E-02 +7.352158099E-02 +1.321987775E-01 +2.285788494E-01
5.43000000000E+09 -4.506626797E-02 +3.372339606E-02 +3.361628555E-02 -1.204936206E-02 +6.984164582E-02 +1.259166596E-01
5.44000000000E+09 +5.438197115E-02 +9.671707679E-04 -2.290381959E-03 -4.454965049E-02 -9.632007521E-03 +2.174142040E-01
5.45000000000E+09 -3.737885243E-02 -3.590622811E-02 -4.323602830E-02 -8.885912402E-02 +1.018781190E-01 +2.770998202E-01
5.46000000000E+09 +2.565945798E-03 +5.309626921E-02 -1.190495311E-01 -8.276195117E-02 +1.599980668E-01 +1.579728632E-01
5.47000000000E+09 +3.200246028E-02 -4.414911114E-02 -1.419727275E-01 -4.087303656E-02 +2.019654446E-02 +1.032732145E-01
5.48000000000E+09 -5.025498917E-02 +1.244680491E-02 -1.590976393E-01 -1.573357131E-02 -1.000689924E-03 +2.464001390E-01
5.49000000000E+09 +4.393471110E-02 +2.579634853E-02 -1.501997616E-01 +3.994719665E-02 +1.314536748E-01 +2.443504132E-01
5.50000000000E+09 -1.693815977E-02 -5.107266087E-02 -9.790135236E-02 +5.437456794E-02 +9.966353246E-02 +1.115042392E-01
5.51000000000E+09 -1.819530495E-02 +5.020922931E-02 -7.393024845E-02 +5.073042537E-02 -1.541642224E-02 +1.710638175E-01
5.52000000000E+09 +4.517082548E-02 -2.443438869E-02 -2.398635073E-02 +4.687484430E-02 +5.072518847E-02 +2.617922208E-01
5.53000000000E+09 -5.069715702E-02 -1.287673363E-02 +3.922188098E-03 -4.441859232E-03 +1.254208190E-01 +1.925366774E-01
5.54000000000E+09 +3.202151803E-02 +4.273564264E-02 +2.841676750E-03 -2.794946748E-02 +4.158954475E-02 +1.312650527E-01
5.55000000000E+09 +2.019323819E-03 -5.091732399E-02 +2.091651238E-02 -6.847134654E-02 -1.034317370E-02 +2.286637591E-01
5.56000000000E+09 -3.472333713E-02 +3.399491966E-02 -1.148437334E-02 -1.100897287E-01 +9.043152286E-02 +2.844979448E-01
5.57000000000E+09 +4.984140334E-02 -1.375985713E-03 -2.858391861E-02 -1.073201478E-01 +1.415744273E-01 +1.846041688E-01
5.58000000000E+09 -4.009064285E-02 -3.108975569E-02 -3.870965828E-02 -1.334659007E-01 +5.765995715E-02 +1.479755282E-01
5.59000000000E+09 +1.026560454E-02 +4.740223849E-02 -8.197714159E-02 -1.269487189E-01 +3.418871512E-02 +2.302085786E-01
5.60000000000E+09 +2.411762652E-02 -4.054499728E-02 -8.560086158E-02 -1.022505249E-01 +1.168150547E-01 +2.398680955E-01
5.61000000000E+09 -4.610496634E-02 +1.383361549E-02 -1.013861138E-01 -9.205071595E-02 +1.373228500E-01 +1.547358052E-01
5.62000000000E+09 +4.500599915E-02 +1.884637966E-02 -1.027021157E-01 -4.023657329E-02 +4.018546481E-02 +1.244587412E-01
5.63000000000E+09 -2.153022644E-02 -4.174460942E-02 -6.143304782E-02 -1.126174459E-02 +1.414312714E-02 +2.221695833E-01
5.64000000000E+09 -1.220333852E-02 +4.429471775E-02 -2.621795401E-02 +1.064549218E-02 +1.059639174E-01 +2.330964082E-01
5.65000000000E+09 +3.910709288E-02 -2.622106949E-02 +4.901778397E-02 +1.726716143E-02 +9.588390831E-02 +1.337632204E-01
5.66000000000E+09 -4.528915252E-02 -3.268844951E-03 +1.025427414E-01 -3.729505387E-02 -2.098432744E-02 +1.775704041E-01
5.67000000000E+09 +2.880795303E-02 +2.984861018E-02 +1.245381782E-01 -8.276221528E-02 +4.125428498E-02 +3.021319549E-01
5.68000000000E+09 +1.531841577E-03 -4.060072788E-02 +1.395755480E-01 -1.555713017E-01 +1.882748415E-01 +2.453635453E-01
5.69000000000E+09 -2.951006282E-02 +3.072664270E-02 +8.406519142E-02 -2.257961597E-01 +1.127295375E-01 +7.632367618E-02
5.70000000000E+09 +4.062167186E-02 -5.797779816E-03 +1.364020594E-02 -2.352787320E-01 -6.205990589E-02 +1.707520002E-01
5.71000000000E+09 -3.015715103E-02 -2.248184208E-02 -6.068776861E-02 -2.225076466E-01 +5.418635026E-02 +3.429511854E-01
5.72000000000E+09 +4.272190183E-03 +3.886129742E-02 -1.315010990E-01 -1.392657385E-01 +2.120126262E-01 +2.233786019E-01
5.73000000000E+09 +2.328960563E-02 -3.574211647E-02 -1.156903205E-01 -2.461556748E-02 +7.891824317E-02 +7.222833768E-02
5.74000000000E+09 -3.835300542E-02 +1.377691468E-02 -5.633119741E-02 +5.309019059E-02 -3.599075396E-02 +2.260688624E-01
5.75000000000E+09 +3.484039003E-02 +1.590932118E-02 +4.804575847E-02 +1.109652870E-01 +1.298703101E-01 +3.081972750E-01
5.76000000000E+09 -1.465489755E-02 -3.707339082E-02 +1.766067131E-01 +8.044014862E-02 +1.804554032E-01 +1.290310461E-01
5.77000000000E+09 -1.103056662E-02 +3.848236240E-02 +2.442091591E-01 -3.330214200E-03 -2.591031347E-02 +9.220294794E-02
5.78000000000E+09 +3.076332324E-02 -1.892633226E-02 +2.753580621E-01 -1.035547981E-01 -2.174003848E-02 +3.127022709E-01
5.79000000000E+09 -3.411521597E-02 -1.042359739E-02 +2.281733344E-01 -2.191907073E-01 +1.704782887E-01 +3.005012829E-01
5.80000000000E+09 +1.999911514E-02 +3.434911806E-02 +1.169569020E-01 -2.609056905E-01 +1.412697385E-01 +1.047882994E-01
5.81000000000E+09 +5.100960321E-03 -4.002747355E-02 +1.992472774E-02 -2.441005967E-01 -3.001153722E-02 +1.834081751E-01
5.82000000000E+09 -2.947018971E-02 +2.478349198E-02 -8.090776100E-02 -1.724534635E-01 +7.035056284E-02 +3.137021000E-01
5.83000000000E+09 +4.053408158E-02 +2.629614024E-03 -1.064087867E-01 -3.218626583E-02 +1.712689714E-01 +2.035096883E-01
5.84000000000E+09 -3.210896842E-02 -2.783365354E-02 -5.008096064E-02 +7.226759532E-02 +4.163084259E-02 +1.267648644E-01
5.85000000000E+09 +6.817886465E-03 +3.880001692E-02 +3.530029678E-02 +1.517623919E-01 +2.575109328E-03 +2.795330811E-01
5.86000000000E+09 +2.205028037E-02 -3.037248388E-02 +1.729609969E-01 +1.643863615E-01 +1.431129840E-01 +3.040553462E-01
5.87000000000E+09 -3.918692810E-02 +7.462176434E-03 +2.640851004E-01 +8.782339990E-02 +1.533224939E-01 +1.494366628E-01
5.88000000000E+09 +3.560170650E-02 +1.886391180E-02 +3.005527765E-01 +7.576091211E-03 +1.553712841E-02 +1.873129779E-01
5.89000000000E+09 -1.226613463E-02 -3.621378737E-02 +2.983704126E-01 -1.012717893E-01 +7.636017380E-02 +3.009428671E-01
5.90000000000E+09 -1.770426561E-02 +3.617206438E-02 +2.072157778E-01 -1.802764153E-01 +1.671845832E-01 +2.144126691E-01
5.91000000000E+09 +3.908604182E-02 -1.838180433E-02 +1.108317866E-01 -1.827658868E-01 +6.705668798E-02 +1.575364326E-01
5.92000000000E+09 -4.076293034E-02 -9.795132955E-03 +1.101943333E-02 -1.577237982E-01 +3.675436231E-02 +2.678000057E-01
5.93000000000E+09 +2.277304434E-02 +3.444661779E-02 -6.724111421E-02 -4.855663499E-02 +1.423811521E-01 +2.794557711E-01
5.94000000000E+09 +5.654102035E-03 -4.286537767E-02 -4.669178590E-02 +6.543807047E-02 +1.452777485E-01 +1.731408477E-01
5.95000000000E+09 -3.057827606E-02 +3.021508447E-02 -5.587309741E-03 +1.413450506E-01 +4.828960733E-02 +2.008217053E-01
5.96000000000E+09 +4.010613698E-02 -1.790740061E-03 +8.372454558E-02 +2.053444370E-01 +9.622111811E-02 +2.870929670E-01
5.97000000000E+09 -3.029233441E-02 -2.717970426E-02 +1.853235459E-01 +1.820236017E-01 +1.724255589E-01 +2.048660199E-01
5.98000000000E+09 +6.038685624E-03 +4.205487526E-02 +2.326429510E-01 +1.321422951E-01 +7.107185616E-02 +1.538928634E-01
5.99000000000E+09 +2.168054609E-02 -3.455492693E-02 +2.718055207E-01 +6.200195441E-02 +3.485714895E-02 +2.643216463E-01
6.00000000000E+09 -3.952846470E-02 +9.551271815E-03 +2.374974169E-01 -3.358573497E-02 +1.401885097E-01 +2.811410820E-01
6.01000000000E+09 +3.839569472E-02 +2.049386398E-02 +1.634189291E-01 -6.389669226E-02 +1.448755507E-01 +1.893000305E-01
6.02000000000E+09 -1.836507208E-02 -4.046436616E-02 +9.918594165E-02 -8.067283523E-02 +5.399598900E-02 +1.978271746E-01
6.03000000000E+09 -1.128849702E-02 +4.079948690E-02 +3.653422248E-03 -4.756031630E-02 +7.157336968E-02 +2.901865186E-01
6.04000000000E+09 +3.577938380E-02 -2.170705137E-02 -2.534077921E-02 +3.602056570E-02 +1.634836348E-01 +2.684664119E-01
6.05000000000E+09 -4.299241162E-02 -7.126151398E-03 -2.780101184E-02 +8.430541593E-02 +1.366923182E-01 +1.863285396E-01
6.06000000000E+09 +2.846198505E-02 +3.156726643E-02 -1.772421877E-02 +1.572434432E-01 +6.121083834E-02 +2.316607494E-01
6.07000000000E+09 +3.317187863E-04 -4.036672227E-02 +5.018426731E-02 +1.884694063E-01 +1.228114123E-01 +2.865347008E-01
6.08000000000E+09 -2.864163556E-02 +2.952019635E-02 +8.410648490E-02 +1.760664535E-01 +1.721364009E-01 +2.310072566E-01
6.09000000000E+09 +4.236745324E-02 -4.130490438E-03 +1.261485082E-01 +1.733352527E-01 +1.120054599E-01 +1.832426805E-01
6.10000000000E+09 -3.481063467E-02 -2.328486383E-02 +1.583294657E-01 +1.143693352E-01 +6.132098797E-02 +2.392176092E-01
6.11000000000E+09 +9.910794018E-03 +3.949788861E-02 +1.365131101E-01 +7.328675295E-02 +1.131800479E-01 +2.949967679E-01
6.12000000000E+09 +1.983107403E-02 -3.671487000E-02 +1.322260284E-01 +3.473467985E-02 +1.589034560E-01 +2.522128944E-01
6.13000000000E+09 -3.923106879E-02 +1.653627875E-02 +7.127986721E-02 -2.043884690E-02 +1.099439122E-01 +2.335043662E-01
6.14000000000E+09 +3.866749262E-02 +1.182145658E-02 +2.467884838E-03 +2.509655343E-04 +1.248050379E-01 +2.972547564E-01
6.15000000000E+09 -1.924418893E-02 -3.453122740E-02 -2.941915336E-02 +1.140418113E-02 +2.051807833E-01 +2.757344071E-01
6.16000000000E+09 -9.035342091E-03 +4.010290024E-02 -9.053844767E-02 +4.555978029E-02 +1.845640665E-01 +1.835106423E-01
6.17000000000E+09 +3.198286412E-02 -2.573682818E-02 -9.347638337E-02 +1.192584479E-01 +1.022440786E-01 +2.042397458E-01
6.18000000000E+09 -3.873114563E-02 -1.679961354E-03 -7.412610579E-02 +1.506966720E-01 +1.303845079E-01 +2.827481698E-01
6.19000000000E+09 +2.637926761E-02 +2.820744744E-02 -4.736863045E-02 +1.979775999E-01 +2.022340733E-01 +2.374881471E-01
6.20000000000E+09 -1.603743003E-03 -4.057442871E-02 +3.066835999E-02 +2.025473657E-01 +1.397809032E-01 +1.625788033E-01
6.21000000000E+09 -2.346046281E-02 +3.208944794E-02 +6.951599103E-02 +1.573745855E-01 +7.313472554E-02 +2.491685095E-01
6.22000000000E+09 +3.754020706E-02 -7.118095096E-03 +1.057401235E-01 +1.149465840E-01 +1.619786565E-01 +2.962469999E-01
6.23000000000E+09 -3.401756491E-02 -2.094441769E-02 +1.105982973E-01 +1.867101314E-02 +1.865880284E-01 +2.076364115E-01
6.24000000000E+09 +1.452284061E-02 +3.759678477E-02 +4.078981586E-02 -3.989460282E-02 +9.762481541E-02 +2.186214799E-01
6.25000000000E+09 +1.243457536E-02 -3.502931695E-02 -1.239707768E-02 -6.504098242E-02 +1.342096296E-01 +3.153785632E-01
6.26000000000E+09 -3.312426335E-02 +1.547830354E-02 -1.030568781E-01 -7.800553044E-02 +2.315039066E-01 +2.638414038E-01
6.27000000000E+09 +3.725493826E-02 +1.075219724E-02 -1.750594598E-01 -7.536791754E-03 +1.758659059E-01 +1.685472419E-01
6.28000000000E+09 -2.214795453E-02 -3.038995897E-02 -1.789608897E-01 +5.585901837E-02 +9.217889342E-02 +2.558555359E-01
6.29000000000E+09 -4.881039112E-03 +3.477619857E-02 -1.775053867E-01 +1.234882791E-01 +1.992892637E-01 +3.071019001E-01
6.30000000000E+09 +2.964561954E-02 -2.252896835E-02 -1.039303723E-01 +1.898795689E-01 +2.354721806E-01 +1.850007767E-01
6.31000000000E+09 -3.901885219E-02 +2.759199960E-04 -1.672400395E-02 +1.727352736E-01 +9.380041410E-02 +1.848455061E-01
6.32000000000E+09 +2.766774159E-02 +2.255015592E-02 +4.491448811E-02 +1.426736534E-01 +1.341169187E-01 +3.243734435E-01
6.33000000000E+09 -2.871779838E-03 -3.510116009E-02 +1.110875827E-01 +5.871708195E-02 +2.685105870E-01 +2.575681173E-01
6.34000000000E+09 -2.238490901E-02 +3.128794200E-02 +8.931585793E-02 -5.494158975E-02 +1.814616429E-01 +1.205408715E-01
6.35000000000E+09 +3.460764011E-02 -1.194328581E-02 +3.467302023E-02 -1.150221258E-01 +4.641539733E-02 +2.512473587E-01
6.36000000000E+09 -2.926541719E-02 -1.402546626E-02 -4.567524352E-02 -1.689793233E-01 +1.901021873E-01 +3.537234630E-01
6.37000000000E+09 +9.787234225E-03 +3.279273895E-02 -1.570483874E-01 -1.441575008E-01 +2.880106256E-01 +2.032357633E-01
6.38000000000E+09 +1.302790555E-02 -3.514490813E-02 -1.994854358E-01 -6.711817656E-02 +9.910175138E-02 +1.360684646E-01
6.39000000000E+09 -2.808514717E-02 +1.771467632E-02 -2.191061147E-01 +3.894930531E-03 +8.190609925E-02 +3.431729079E-01
6.40000000000E+09 +2.975637769E-02 +9.048067024E-03 -1.784420275E-01 +1.080777250E-01 +2.845768618E-01 +3.410273852E-01
6.41000000000E+09 -1.669659213E-02 -3.163537309E-02 -6.404801642E-02 +1.417921546E-01 +2.813716380E-01 +1.372275509E-01
6.42000000000E+09 -3.499110776E-03 +3.750558649E-02 +1.868891006E-02 +1.137974170E-01 +6.097478896E-02 +1.762345387E-01
6.43000000000E+09 +2.289702562E-02 -2.289473681E-02 +1.078682944E-01 +5.625311405E-02 +1.398341923E-01 +3.719369798E-01
6.44000000000E+09 -3.136247431E-02 -2.716890057E-03 +1.326274088E-01 -6.856916923E-02 +3.250155618E-01 +3.005841565E-01
6.45000000000E+09 +2.431950013E-02 +2.700290999E-02 +7.645671068E-02 -1.474873172E-01 +2.405912606E-01 +1.192342511E-01
6.46000000000E+09 -5.055230296E-03 -3.585788931E-02 +2.586384976E-02 -1.951828597E-01 +8.005729608E-02 +2.331435101E-01
6.47000000000E+09 -1.887563351E-02 +2.623111125E-02 -7.300900949E-02 -2.113970505E-01 +2.196698992E-01 +3.539960814E-01
6.48000000000E+09 +3.414181297E-02 -3.833521046E-03 -1.376316767E-01 -1.401261195E-01 +3.138723940E-01 +2.236335771E-01
6.49000000000E+09 -3.297636482E-02 -2.018592785E-02 -1.414348212E-01 -8.085693536E-02 +1.760727305E-01 +1.401038123E-01
6.50000000000E+09 +1.431234933E-02 +3.346863089E-02 -1.381150034E-01 -1.838047366E-03 +1.233236681E-01 +2.934523898E-01
6.51000000000E+09 +1.242999156E-02 -3.108612327E-02 -4.943161190E-02 +5.836490056E-02 +2.725232107E-01 +3.337944093E-01
6.52000000000E+09 -3.321201371E-02 +1.347182979E-02 +2.569521048E-02 +3.470892723E-02 +3.196868701E-01 +2.006907204E-01
6.53000000000E+09 +3.748044712E-02 +1.032125989E-02 +7.539973524E-02 +2.170378189E-02 +1.962701887E-01 +1.602157305E-01
6.54000000000E+09 -2.183426621E-02 -2.939779241E-02 +1.395164070E-01 -4.202716176E-02 +1.997891416E-01 +2.674287082E-01
6.55000000000E+09 -5.004166624E-03 +3.518463915E-02 +1.234820496E-01 -1.182882702E-01 +2.847217566E-01 +2.372292462E-01
6.56000000000E+09 +2.911162822E-02 -2.413871101E-02 +1.028182373E-01 -1.492216027E-01 +2.446375974E-01 +1.480349766E-01
6.57000000000E+09 -3.845475111E-02 +1.072449010E-03 +6.124605959E-02 -1.959819324E-01 +1.650339330E-01 +1.981564689E-01
6.58000000000E+09 +2.870042827E-02 +2.333124410E-02 -1.038765702E-02 -1.754151125E-01 +2.056103514E-01 +2.667887427E-01
6.59000000000E+09 -4.874961610E-03 -3.692138851E-02 -2.646183535E-02 -1.356625942E-01 +2.661785060E-01 +2.287236271E-01
6.60000000000E+09 -2.125961729E-02 +3.302630474E-02 -5.684015236E-02 -9.880196207E-02 +2.242920661E-01 +1.752333725E-01
6.61000000000E+09 +3.679805414E-02 -1.298268774E-02 -3.866066723E-02 -1.502721070E-02 +1.811125087E-01 +2.258895738E-01
6.62000000000E+09 -3.480405859E-02 -1.392553177E-02 +2.279155776E-02 +9.200622933E-03 +2.271402819E-01 +2.569254885E-01
6.63000000000E+09 +1.672178164E-02 +3.379919750E-02 +6.106290219E-02 +3.053590474E-02 +2.434018302E-01 +2.199544595E-01
6.64000000000E+09 +8.983303304E-03 -3.649421572E-02 +1.455352759E-01 +2.550808761E-02 +2.230041247E-01 +2.273329227E-01
6.65000000000E+09 -3.013729369E-02 +2.085290833E-02 +1.775502661E-01 -4.517366128E-02 +2.373365080E-01 +2.432917907E-01
6.66000000000E+09 +3.638284917E-02 +4.975818896E-03 +1.729569947E-01 -7.789081956E-02 +2.538814393E-01 +2.196727974E-01
6.67000000000E+09 -2.479099462E-02 -2.824325873E-02 +1.696887406E-01 -1.347192170E-01 +2.302906169E-01 +2.117655102E-01
6.68000000000E+09 +9.370913895E-04 +3.732261941E-02 +9.340389338E-02 -1.628238212E-01 +2.250104848E-01 +2.431889639E-01
6.69000000000E+09 +2.390848482E-02 -2.777528689E-02 +5.163520769E-02 -1.242677545E-01 +2.738333197E-01 +2.449951214E-01
6.70000000000E+09 -3.775111620E-02 +4.874829648E-03 +1.862634110E-02 -1.037943806E-01 +2.718393588E-01 +1.845125213E-01
6.71000000000E+09 +3.347575997E-02 +1.970796222E-02 -1.132530188E-02 -2.514366835E-02 +2.046167788E-01 +2.012382399E-01
6.72000000000E+09 -1.237901357E-02 -3.448333459E-02 +3.901483471E-02 +3.386725027E-02 +2.308658065E-01 +2.654319589E-01
6.73000000000E+09 -1.444872887E-02 +3.283167388E-02 +6.826549940E-02 +5.532763792E-02 +2.877358968E-01 +2.349856439E-01
6.74000000000E+09 +3.363954689E-02 -1.553011978E-02 +1.308623326E-01 +8.973176489E-02 +2.611805717E-01 +1.954489040E-01
6.75000000000E+09 -3.537685909E-02 -9.096558476E-03 +1.967578097E-01 +4.155471666E-02 +2.300532356E-01 +2.360514310E-01
6.76000000000E+09 +1.904018651E-02 +2.920978397E-02 +1.924901860E-01 +5.063096249E-04 +2.867590225E-01 +2.579294467E-01
6.77000000000E+09 +6.959230982E-03 -3.518804027E-02 +2.049906157E-01 -3.408712676E-02 +3.138641322E-01 +1.909486215E-01
6.78000000000E+09 -2.951474742E-02 +2.435593240E-02 +1.585301712E-01 -9.523802980E-02 +2.359725622E-01 +1.673453633E-01
6.79000000000E+09 +3.691714054E-02 -1.165052113E-03 +9.070921763E-02 -7.667795425E-02 +2.253164701E-01 +2.497533326E-01
6.80000000000E+09 -2.669493581E-02 -2.339297877E-02 +5.927357320E-02 -6.056624068E-02 +3.053696670E-01 +2.464281411E-01
6.81000000000E+09 +4.219641127E-03 +3.699552584E-02 -9.562122448E-05 -1.206398590E-02 +2.920489067E-01 +1.737009127E-01
6.82000000000E+09 +1.943557236E-02 -3.230875355E-02 +1.656334023E-02 +7.516016489E-02 +2.208575055E-01 +1.995573144E-01
6.83000000000E+09 -3.324111918E-02 +1.145324302E-02 +5.122606746E-02 +1.000633349E-01 +2.551211005E-01 +2.653687407E-01
6.84000000000E+09 +3.093939462E-02 +1.472407897E-02 +8.528326540E-02 +1.433583204E-01 +3.207261121E-01 +2.400981550E-01
6.85000000000E+09 -1.360178391E-02 -3.335341525E-02 +1.680816421E-01 +1.302141953E-01 +2.959019105E-01 +1.813940363E-01
6.86000000000E+09 -1.014480301E-02 +3.497224030E-02 +1.790481327E-01 +6.648506846E-02 +2.490107603E-01 +2.141645807E-01
6.87000000000E+09 +2.926471934E-02 -1.903357340E-02 +1.797672854E-01 +3.786878533E-02 +2.926998763E-01 +2.528836858E-01
6.88000000000E+09 -3.470020567E-02 -6.045089950E-03 +1.549676419E-01 -3.276676707E-02 +3.224189697E-01 +2.199749975E-01
6.89000000000E+09 +2.331968387E-02 +2.771136458E-02 +6.177368022E-02 -3.922537518E-02 +2.988988211E-01 +2.025685870E-01
6.90000000000E+09 -3.728700282E-04 -3.556780501E-02 +2.819526405E-02 -1.088793417E-03 +3.022618037E-01 +2.211464497E-01
6.91000000000E+09 -2.288272777E-02 +2.636966834E-02 -2.030977809E-02 +2.117904249E-02 +3.258757992E-01 +2.158261497E-01
6.92000000000E+09 +3.483413687E-02 -4.484608063E-03 -3.597024502E-02 +1.081646963E-01 +3.223086100E-01 +1.904667914E-01
6.93000000000E+09 -2.957656735E-02 -1.925308837E-02 +1.830361207E-02 +1.416713883E-01 +3.073807409E-01 +1.859181187E-01
6.94000000000E+09 +9.845070303E-03 +3.348308755E-02 +3.629329290E-02 +1.514282988E-01 +3.094170790E-01 +2.001709811E-01
6.95000000000E+09 +1.472727468E-02 -3.152361829E-02 +9.580647567E-02 +1.589484593E-01 +3.177125289E-01 +1.932044282E-01
6.96000000000E+09 -3.199776576E-02 +1.435917876E-02 +1.229148764E-01 +8.947832941E-02 +3.112358347E-01 +1.863577840E-01
6.97000000000E+09 +3.356508780E-02 +9.718348775E-03 +9.559948621E-02 +5.846596384E-02 +3.107733499E-01 +1.913785528E-01
6.98000000000E+09 -1.917805712E-02 -2.912940912E-02 +8.835398280E-02 +1.694121465E-02 +3.115978879E-01 +1.931017598E-01
6.99000000000E+09 -4.171719422E-03 +3.432472325E-02 +1.385689681E-02 -1.541186779E-02 +3.082066752E-01 +2.011213695E-01
7.00000000000E+09 +2.499620278E-02 -2.270798040E-02 -2.910063928E-02 +2.495141882E-02 +3.257066002E-01 +2.080945034E-01

[Channel0\Trace0\Marker0]
Enabled=1
Position=0.2

[Channel0\Trace1]
ReferencePosition[0]=1

[Channel0\Trace1\Marker0]
Enabled=1
Position=0.2

[Channel0\Trace2]
SPort=0
FormatType=2

[Channel0\Trace2\Marker0]
Enabled=1
Position=0.2

[Channel0\Trace3]
SPort=0
FormatType=2

[Channel0\Trace3\Marker0]
Enabled=1
Position=0.2

