[NWA State]
TriggerSource=3

[Channel0]
Points=501
FrequencyStart=2000000000
FrequencyStop=7000000000
FixedPower[0]=5
FixedPower[1]=5
IFBW=1000
CorrectionEnabled=1
TraceCount=4

[Channel0\Correction\11]
Calyyyymmdd=2022/03/26
Calhhmmss=17:14:27
VNATemperature=37.3 °C
Type=3
KitLabel=ACM2509.2
KitDescription=AutoCal Module 20 kHz-9 GHz (CMT), SN: 19039185, Char: Factory, 27.2°C, ThermoComp: ON
CalIFBW=1 kHz
CalPower=5 dBm
CalPorts[0]=0
CalPorts[1]=0

[Channel0\Correction\11\Data]
2.00000000000E+09 -1.804344423E-01 -2.811228140E-02 -6.970184384E-02 -4.688274137E-02 -2.152882209E-01 +1.264289482E-01
2.01000000000E+09 +9.349153688E-03 +1.870075247E-01 -4.920186540E-02 +1.727131574E-02 -1.328838158E-01 +1.435049056E-01
2.02000000000E+09 +1.838958295E-01 -5.417566103E-02 +4.154886184E-04 +1.748188245E-03 -7.879355061E-02 +7.550817859E-02
2.03000000000E+09 -9.657342482E-02 -1.650432803E-01 -1.899579513E-02 -1.738222213E-02 -1.020975993E-01 +9.795678971E-03
2.04000000000E+09 -1.370273715E-01 +1.296791941E-01 -1.085443848E-02 +2.007573907E-02 -1.418916387E-01 -4.635481859E-03
2.05000000000E+09 +1.551966085E-01 +1.045601770E-01 +4.419734799E-02 +3.056161601E-03 -1.603157300E-01 +4.314674250E-03
2.06000000000E+09 +6.785399551E-02 -1.741111800E-01 +2.839004011E-02 -5.093577812E-02 -1.556789875E-01 +1.278467640E-02
2.07000000000E+09 -1.850630939E-01 -2.583422955E-02 -6.606727242E-03 -2.667036160E-02 -1.385001395E-01 -9.157082172E-03
2.08000000000E+09 +1.900294347E-02 +1.821981306E-01 +4.205694795E-02 -1.244085639E-02 -1.619308141E-01 -6.353948614E-02
2.09000000000E+09 +1.662987280E-01 -5.529342119E-02 +4.777941084E-02 -8.992764306E-02 -2.408009372E-01 -7.428021296E-02
2.10000000000E+09 -8.219091828E-02 -1.496394188E-01 -4.813367650E-02 -1.030154161E-01 -2.927413002E-01 -1.174961437E-02
2.11000000000E+09 -1.333405557E-01 +1.097659352E-01 -7.413395473E-02 -7.730037967E-03 -2.754831413E-01 +4.999277749E-02
2.12000000000E+09 +1.385764640E-01 +1.091737294E-01 +2.605163824E-03 +1.552001176E-02 -2.407666981E-01 +6.074933404E-02
2.13000000000E+09 +7.541452644E-02 -1.608949606E-01 -3.482204660E-03 -4.183993047E-02 -2.298008330E-01 +4.820158812E-02
2.14000000000E+09 -1.727053345E-01 -3.641892971E-02 -6.227088568E-02 +4.991074663E-03 -2.382444368E-01 +3.756001033E-02
2.15000000000E+09 +2.694840186E-03 +1.728422547E-01 +6.761978477E-03 +8.367557513E-02 -2.674195960E-01 +4.368788788E-02
2.16000000000E+09 +1.647956393E-01 -3.606042831E-02 +9.808770006E-02 +2.298364922E-02 -2.901111834E-01 +8.927370037E-02
2.17000000000E+09 -6.581505709E-02 -1.555054694E-01 +5.709501522E-02 -5.548686142E-02 -2.615767324E-01 +1.442231334E-01
2.18000000000E+09 -1.426142984E-01 +9.837375212E-02 +1.041747550E-02 -1.950947271E-02 -2.041925519E-01 +1.530527331E-01
2.19000000000E+09 +1.298750169E-01 +1.191524269E-01 +6.223570340E-02 -4.495925401E-03 -1.733445789E-01 +1.285678992E-01
2.20000000000E+09 +8.784623934E-02 -1.541965665E-01 +6.198808155E-02 -7.971442241E-02 -1.637010436E-01 +1.101530115E-01
2.21000000000E+09 -1.709544671E-01 -5.082581658E-02 -2.501839354E-02 -8.403638109E-02 -1.605671157E-01 +9.051120545E-02
2.22000000000E+09 -1.065915574E-02 +1.771451596E-01 -3.822943035E-02 -1.191475274E-02 -1.804317586E-01 +8.031548936E-02
2.23000000000E+09 +1.742109125E-01 -2.708085779E-02 -7.272177748E-04 -8.365165725E-03 -1.867671020E-01 +1.083542892E-01
2.24000000000E+09 -6.395434891E-02 -1.663697310E-01 -3.077057745E-02 -2.057128981E-02 -1.390365136E-01 +1.279749270E-01
2.25000000000E+09 -1.495444982E-01 +1.025933412E-01 -4.526580502E-02 +4.204426882E-02 -8.777443945E-02 +8.457608235E-02
2.26000000000E+09 +1.358056207E-01 +1.192946822E-01 +1.971586923E-02 +6.924628321E-02 -9.417096096E-02 +1.286874664E-02
2.27000000000E+09 +8.146930426E-02 -1.565955351E-01 +3.885063005E-02 +2.938931635E-02 -1.426982521E-01 -3.570089886E-02
2.28000000000E+09 -1.647995770E-01 -4.329209954E-02 +2.148151130E-02 +4.686057603E-02 -2.125198918E-01 -4.312267939E-02
2.29000000000E+09 -1.038894219E-02 +1.650819716E-01 +8.306288628E-02 +6.706220902E-02 -2.685040467E-01 +7.800204983E-03
2.30000000000E+09 +1.656547832E-01 -1.985320319E-02 +1.288893513E-01 -1.965717043E-02 -2.515277164E-01 +7.708034777E-02
2.31000000000E+09 -5.853173057E-02 -1.631180961E-01 +4.702765937E-02 -8.970380945E-02 -1.857267773E-01 +7.146151816E-02
2.32000000000E+09 -1.418920263E-01 +9.984237592E-02 -1.417925827E-02 -3.287493564E-02 -1.926365385E-01 -6.312031769E-03
2.33000000000E+09 +1.244880740E-01 +1.075386500E-01 +2.606879004E-02 -2.061578674E-02 -2.831026173E-01 -2.609676132E-02
2.34000000000E+09 +7.684008149E-02 -1.352187175E-01 -1.742140862E-02 -8.139733020E-02 -3.513834974E-01 +3.932894947E-02
2.35000000000E+09 -1.418759339E-01 -5.160101838E-02 -1.279265540E-01 -1.994057586E-02 -3.613342022E-01 +1.306229305E-01
2.36000000000E+09 -2.835519616E-02 +1.486576280E-01 -9.666989030E-02 +1.250344791E-01 -3.161267365E-01 +2.098025845E-01
2.37000000000E+09 +1.581658015E-01 +1.681565359E-03 +3.570208903E-02 +1.367087098E-01 -2.244022076E-01 +2.340533228E-01
2.38000000000E+09 -3.646493736E-02 -1.628092963E-01 +5.772791124E-02 +5.284274926E-02 -1.605029013E-01 +1.749345211E-01
2.39000000000E+09 -1.483779230E-01 +7.682766303E-02 +2.374862253E-02 +6.556647641E-02 -1.952291138E-01 +1.239163860E-01
2.40000000000E+09 +1.031025871E-01 +1.250770986E-01 +9.026687027E-02 +8.115031215E-02 -2.355164738E-01 +1.633585810E-01
2.41000000000E+09 +1.039406205E-01 -1.247570435E-01 +1.290373326E-01 -2.179110576E-02 -1.973786083E-01 +2.184728473E-01
2.42000000000E+09 -1.480431255E-01 -7.874497360E-02 +3.507106628E-02 -9.800505062E-02 -1.298247624E-01 +2.159709934E-01
2.43000000000E+09 -4.409524038E-02 +1.667774854E-01 -4.566373775E-02 -5.301208639E-02 -8.256565553E-02 +1.762775682E-01
2.44000000000E+09 +1.752441985E-01 +2.680449068E-03 -4.658628881E-02 -2.018854714E-02 -5.721897463E-02 +1.188246160E-01
2.45000000000E+09 -4.065020320E-02 -1.702111139E-01 -8.133308488E-02 -1.684145405E-02 -8.053596567E-02 +5.285119914E-02
2.46000000000E+09 -1.523745376E-01 +7.742372261E-02 -1.112233251E-01 +5.302182550E-02 -1.427383255E-01 +3.671344862E-02
2.47000000000E+09 +1.063454242E-01 +1.303644540E-01 -5.460508328E-02 +1.081419981E-01 -1.607785604E-01 +6.298587977E-02
2.48000000000E+09 +1.044552973E-01 -1.322855769E-01 -1.301423339E-02 +8.368779419E-02 -1.448420727E-01 +5.334482854E-02
2.49000000000E+09 -1.513057578E-01 -7.101966790E-02 -2.353992011E-02 +8.891683526E-02 -1.721274119E-01 +2.546623575E-02
2.50000000000E+09 -3.673788149E-02 +1.606557965E-01 +3.067800818E-02 +1.184815932E-01 -2.122905125E-01 +3.936373278E-02
2.51000000000E+09 +1.653559756E-01 +1.295336026E-03 +9.990757058E-02 +4.404823210E-02 -2.167000329E-01 +5.659596624E-02
2.52000000000E+09 -3.709571022E-02 -1.603275036E-01 +4.175212242E-02 -4.976603961E-02 -2.335613111E-01 +4.852126938E-02
2.53000000000E+09 -1.444365734E-01 +6.952501419E-02 -3.254183211E-02 -1.906827154E-02 -2.723261040E-01 +7.233503905E-02
2.54000000000E+09 +9.570439328E-02 +1.258551287E-01 -2.192445379E-04 +5.330732540E-03 -2.733657718E-01 +1.213935536E-01
2.55000000000E+09 +1.031817634E-01 -1.201606721E-01 -1.102050223E-02 -6.764966171E-02 -2.516301834E-01 +1.413609912E-01
2.56000000000E+09 -1.378946906E-01 -7.392230096E-02 -1.264094472E-01 -6.211259221E-02 -2.501910737E-01 +1.504660387E-01
2.57000000000E+09 -4.435553359E-02 +1.482996918E-01 -1.482652980E-01 +5.852051468E-02 -2.389334783E-01 +1.731620373E-01
2.58000000000E+09 +1.555769625E-01 +1.319986102E-02 -5.722796103E-02 +9.189203510E-02 -2.130910794E-01 +1.737354552E-01
2.59000000000E+09 -2.144355144E-02 -1.539372824E-01 -4.764814099E-02 +3.622025725E-02 -2.241763979E-01 +1.708419016E-01
2.60000000000E+09 -1.438416471E-01 +5.011922271E-02 -8.962816769E-02 +7.099669811E-02 -2.307089613E-01 +2.160243109E-01
2.61000000000E+09 +7.586452123E-02 +1.346218179E-01 -2.088108116E-02 +1.320626657E-01 -1.726251336E-01 +2.526181611E-01
2.62000000000E+09 +1.211199723E-01 -1.069125942E-01 +7.263752869E-02 +6.465398919E-02 -1.068303070E-01 +2.207742256E-01
2.63000000000E+09 -1.361637240E-01 -9.401933918E-02 +3.954569559E-02 -3.291010814E-02 -1.000985580E-01 +1.742792475E-01
2.64000000000E+09 -5.924032129E-02 +1.545039282E-01 -1.385048915E-02 -3.152447088E-02 -1.056727307E-01 +1.619215820E-01
2.65000000000E+09 +1.637162104E-01 +2.240220933E-02 -4.232790589E-03 -3.978569638E-02 -9.646740121E-02 +1.468631817E-01
2.66000000000E+09 -1.531271351E-02 -1.635106459E-01 -4.278962744E-02 -8.954699678E-02 -9.983871487E-02 +1.293808251E-01
2.67000000000E+09 -1.551372272E-01 +5.062204614E-02 -1.194061389E-01 -6.642058455E-02 -8.782439472E-02 +1.209472380E-01
2.68000000000E+09 +8.439152465E-02 +1.403734894E-01 -1.262171581E-01 -6.855690596E-03 -6.380832324E-02 +7.237328200E-02
2.69000000000E+09 +1.148955999E-01 -1.144352263E-01 -1.185322377E-01 +4.690921739E-03 -1.109401111E-01 +9.346960043E-04
2.70000000000E+09 -1.326321832E-01 -8.422071170E-02 -1.411266368E-01 +4.774086936E-02 -2.051664350E-01 +3.516030406E-03
2.71000000000E+09 -5.549434145E-02 +1.448771727E-01 -8.352347690E-02 +1.252445858E-01 -2.424693190E-01 +6.025044589E-02
2.72000000000E+09 +1.545856210E-01 +2.386986012E-02 +3.004823756E-02 +9.489661995E-02 -2.329806728E-01 +9.041035436E-02
2.73000000000E+09 -1.153482052E-02 -1.557921162E-01 +3.514031371E-02 -3.285283689E-03 -2.359350781E-01 +1.030479710E-01
2.74000000000E+09 -1.485369248E-01 +4.554137513E-02 -8.784532086E-03 -5.761411119E-03 -2.374697066E-01 +1.207725719E-01
2.75000000000E+09 +7.786505213E-02 +1.332800645E-01 +4.064791984E-02 -2.778263944E-03 -2.372312329E-01 +1.200281935E-01
2.76000000000E+09 +1.081601418E-01 -1.031320782E-01 +5.042934216E-02 -1.123343512E-01 -2.685451119E-01 +1.267288480E-01
2.77000000000E+09 -1.170840440E-01 -8.204977743E-02 -7.751841938E-02 -1.605138709E-01 -2.908897020E-01 +1.783426722E-01
2.78000000000E+09 -6.019954997E-02 +1.277047756E-01 -1.528037539E-01 -6.102362157E-02 -2.604358882E-01 +2.338870969E-01
2.79000000000E+09 +1.387960053E-01 +3.560282785E-02 -9.472493738E-02 +5.579089633E-04 -2.181813728E-01 +2.528789086E-01
2.80000000000E+09 +7.304099173E-03 -1.447931822E-01 -8.106022810E-02 -4.038170216E-02 -1.923462641E-01 +2.650338405E-01
2.81000000000E+09 -1.461721328E-01 +2.144328493E-02 -1.439504953E-01 -8.054161606E-03 -1.478929122E-01 +2.711386162E-01
2.82000000000E+09 +5.368144101E-02 +1.434632344E-01 -1.039695003E-01 +9.705296195E-02 -9.894687364E-02 +2.434990633E-01
2.83000000000E+09 +1.296233451E-01 -8.789594427E-02 +1.729802033E-02 +9.015899266E-02 -9.053601574E-02 +2.085637956E-01
2.84000000000E+09 -1.162016962E-01 -1.058978910E-01 +4.480143934E-02 +8.178792964E-03 -9.107615799E-02 +1.980430618E-01
2.85000000000E+09 -7.749025598E-02 +1.376509770E-01 +3.089265409E-02 -1.004118760E-02 -7.199562334E-02 +1.780058606E-01
2.86000000000E+09 +1.523986174E-01 +4.387909798E-02 +6.499834344E-02 -3.780058702E-02 -7.255834887E-02 +1.383564124E-01
2.87000000000E+09 +7.581472306E-03 -1.573419029E-01 +4.672782670E-02 -1.204214918E-01 -9.492435175E-02 +1.184286846E-01
2.88000000000E+09 -1.543307831E-01 +2.685091690E-02 -3.910795954E-02 -1.375802749E-01 -1.034547244E-01 +1.122432983E-01
2.89000000000E+09 +6.070290671E-02 +1.444671970E-01 -7.294901629E-02 -9.427995161E-02 -1.133242437E-01 +9.517095880E-02
2.90000000000E+09 +1.267054670E-01 -9.153588903E-02 -8.418952495E-02 -8.873912941E-02 -1.397558400E-01 +8.443655553E-02
2.91000000000E+09 -1.178122439E-01 -1.023782519E-01 -1.410039327E-01 -5.262173828E-02 -1.596371168E-01 +7.818673162E-02
2.92000000000E+09 -7.100765287E-02 +1.376507755E-01 -1.273016748E-01 +5.794655003E-02 -1.884891836E-01 +6.677952317E-02
2.93000000000E+09 +1.454643760E-01 +3.619886848E-02 -1.465051943E-02 +8.741617307E-02 -2.400230487E-01 +8.946837338E-02
2.94000000000E+09 +5.793741815E-03 -1.455428453E-01 +2.723804107E-02 +2.244238987E-02 -2.595718464E-01 +1.495532617E-01
2.95000000000E+09 -1.439894101E-01 +2.261821370E-02 +7.859448977E-03 +2.267096911E-02 -2.274040294E-01 +1.871399507E-01
2.96000000000E+09 +5.445671278E-02 +1.371541177E-01 +7.501077693E-02 +4.329765732E-02 -2.007206077E-01 +1.747074449E-01
2.97000000000E+09 +1.188457244E-01 -8.512304998E-02 +1.362901618E-01 -6.393878466E-02 -2.216663304E-01 +1.568959296E-01
2.98000000000E+09 -1.056652437E-01 -9.242972819E-02 +3.813107195E-02 -1.629364884E-01 -2.659867254E-01 +1.828138637E-01
2.99000000000E+09 -6.629675022E-02 +1.151708236E-01 -6.140013301E-02 -1.040550345E-01 -2.835893833E-01 +2.596948751E-01
3.00000000000E+09 +1.169784400E-01 +5.354782044E-02 -2.967457887E-02 -4.491056608E-02 -2.333067783E-01 +3.503235152E-01
3.01000000000E+09 +3.895668396E-02 -1.269302208E-01 -1.442723958E-02 -8.299129872E-02 -1.129181551E-01 +3.790394729E-01
3.02000000000E+09 -1.438149798E-01 -1.619937167E-02 -9.804050440E-02 -8.203725256E-02 -6.098267687E-03 +2.987043024E-01
3.03000000000E+09 +2.357330535E-02 +1.517739335E-01 -1.211999039E-01 +3.603636187E-02 -2.037953897E-02 +1.823165249E-01
3.04000000000E+09 +1.375134243E-01 -6.414642224E-02 -2.186457872E-02 +8.960052711E-02 -1.097916570E-01 +1.652528083E-01
3.05000000000E+09 -9.019916147E-02 -1.138856661E-01 +2.523868641E-02 +4.753460039E-02 -1.343458450E-01 +2.331037000E-01
3.06000000000E+09 -9.273212903E-02 +1.082161237E-01 +2.445450937E-02 +4.851455896E-02 -6.275433606E-02 +2.826925324E-01
3.07000000000E+09 +1.277409239E-01 +7.144112450E-02 +7.800370288E-02 +5.519015583E-02 +4.441575988E-02 +2.376029382E-01
3.08000000000E+09 +4.087767009E-02 -1.478043502E-01 +1.190154244E-01 -1.511604162E-02 +7.563462931E-02 +8.872225575E-02
3.09000000000E+09 -1.550725610E-01 +1.706102185E-03 +7.698769018E-02 -7.535304272E-02 -5.173202815E-02 -2.894370254E-02
3.10000000000E+09 +3.909907728E-02 +1.441660332E-01 +4.270599216E-02 -8.103926674E-02 -2.088291297E-01 +2.308055889E-02
3.11000000000E+09 +1.300448438E-01 -6.590991555E-02 +1.368924767E-02 -1.105754732E-01 -2.245721049E-01 +1.510046015E-01
3.12000000000E+09 -9.324409865E-02 -1.166896122E-01 -7.792291504E-02 -1.092743661E-01 -1.335992104E-01 +1.918773635E-01
3.13000000000E+09 -9.208344830E-02 +1.225884512E-01 -1.311358801E-01 -3.286813177E-03 -8.641336482E-02 +1.207971813E-01
3.14000000000E+09 +1.402667890E-01 +5.372500608E-02 -6.660491006E-02 +7.239292456E-02 -1.549701806E-01 +4.716795831E-02
3.15000000000E+09 +1.667486860E-02 -1.387150790E-01 -3.190507835E-02 +5.749903101E-02 -2.708956817E-01 +6.999502595E-02
3.16000000000E+09 -1.283833979E-01 +7.065669524E-03 -4.387404558E-02 +9.432313662E-02 -3.246601446E-01 +1.894538437E-01
3.17000000000E+09 +2.175860162E-02 +1.240114773E-01 +3.444646552E-02 +1.563862522E-01 -2.613496444E-01 +3.105006550E-01
3.18000000000E+09 +1.281439908E-01 -4.164169387E-02 +1.568541461E-01 +9.351923653E-02 -1.325225432E-01 +3.248024331E-01
3.19000000000E+09 -7.796870594E-02 -1.252957120E-01 +1.422575364E-01 -4.918577164E-02 -8.099727556E-02 +2.259402666E-01
3.20000000000E+09 -9.727841863E-02 +1.120859797E-01 +4.139018474E-02 -6.786027832E-02 -1.621702871E-01 +1.748208791E-01
3.21000000000E+09 +1.243029293E-01 +6.352850812E-02 +3.707406865E-02 -4.273267262E-02 -2.151688340E-01 +2.465559754E-01
3.22000000000E+09 +3.855231877E-02 -1.287423831E-01 +1.567315942E-02 -1.005042077E-01 -1.694682050E-01 +3.262677170E-01
3.23000000000E+09 -1.335286613E-01 -1.617410143E-02 -1.071995056E-01 -9.934581929E-02 -8.323932356E-02 +3.459104214E-01
3.24000000000E+09 +9.342799061E-03 +1.383311153E-01 -1.666016630E-01 +3.371082230E-02 -7.578254879E-03 +3.018375837E-01
3.25000000000E+09 +1.388494174E-01 -4.148515238E-02 -8.649712514E-02 +1.271051567E-01 +9.700525475E-03 +2.131841579E-01
3.26000000000E+09 -7.568014976E-02 -1.261792360E-01 -2.510621317E-02 +1.133497540E-01 -5.107065538E-02 +1.620501934E-01
3.27000000000E+09 -1.037531532E-01 +1.008336995E-01 -1.415569311E-02 +1.262269200E-01 -9.137468311E-02 +2.037082517E-01
3.28000000000E+09 +1.191775254E-01 +8.238748469E-02 +5.763843090E-02 +1.451510574E-01 -4.104176724E-02 +2.367746154E-01
3.29000000000E+09 +5.707407797E-02 -1.394031264E-01 +1.280120915E-01 +6.689425579E-02 +5.307451886E-03 +1.783107583E-01
3.30000000000E+09 -1.531523752E-01 -1.996956750E-02 +9.170168489E-02 -2.448382665E-02 -3.698440803E-02 +1.088878748E-01
3.31000000000E+09 +1.916607700E-02 +1.517205734E-01 +3.908251580E-02 -3.896255899E-02 -9.276134003E-02 +1.115254876E-01
3.32000000000E+09 +1.407930331E-01 -5.373155762E-02 +1.488939241E-02 -6.352205385E-02 -1.074817471E-01 +1.288221232E-01
3.33000000000E+09 -8.361006090E-02 -1.221984265E-01 -6.694945750E-02 -8.327430527E-02 -1.207555003E-01 +1.289955245E-01
3.34000000000E+09 -9.800565624E-02 +1.066207079E-01 -1.397344197E-01 -4.511439792E-03 -1.419727857E-01 +1.350005770E-01
3.35000000000E+09 +1.234335166E-01 +7.022449657E-02 -1.035131312E-01 +7.566103667E-02 -1.653551220E-01 +1.388349281E-01
3.36000000000E+09 +3.994896701E-02 -1.316003925E-01 -6.882421695E-02 +6.619473116E-02 -2.061109596E-01 +1.609231256E-01
3.37000000000E+09 -1.321815039E-01 -1.340698038E-02 -9.776033224E-02 +8.739483265E-02 -2.195809582E-01 +2.321952882E-01
3.38000000000E+09 +8.839358900E-03 +1.332239446E-01 -5.462286895E-02 +1.660870842E-01 -1.618306401E-01 +2.855050138E-01
3.39000000000E+09 +1.347595567E-01 -3.854713734E-02 +6.598146399E-02 +1.421997490E-01 -1.089235064E-01 +2.522295603E-01
3.40000000000E+09 -7.472434185E-02 -1.207000971E-01 +7.368780351E-02 +2.145458793E-02 -1.481647689E-01 +2.108598700E-01
3.41000000000E+09 -9.297096399E-02 +9.677674505E-02 -2.103242914E-03 +6.876479177E-03 -1.968775807E-01 +2.665804019E-01
3.42000000000E+09 +1.061359410E-01 +6.921194636E-02 +1.925573733E-02 +3.499007238E-02 -1.643590782E-01 +3.508877887E-01
3.43000000000E+09 +5.027001235E-02 -1.136973811E-01 +4.582941602E-02 -4.235798363E-02 -7.873483778E-02 +3.879614274E-01
3.44000000000E+09 -1.226523203E-01 -3.181230285E-02 -5.583834567E-02 -1.129661211E-01 +1.640396166E-02 +3.649527581E-01
3.45000000000E+09 -8.831976436E-03 +1.331315315E-01 -1.641219235E-01 -4.261416114E-02 +7.649983704E-02 +2.773985985E-01
3.46000000000E+09 +1.386725384E-01 -2.430498992E-02 -1.466142740E-01 +5.145505448E-02 +4.473016754E-02 +1.725045891E-01
3.47000000000E+09 -6.039414318E-02 -1.280572484E-01 -1.145329772E-01 +5.814844683E-02 -4.800403385E-02 +1.663199476E-01
3.48000000000E+09 -1.084031269E-01 +8.488440076E-02 -1.302616143E-01 +8.813624760E-02 -5.764752516E-02 +2.421235168E-01
3.49000000000E+09 +1.042114030E-01 +9.045564243E-02 -8.063081740E-02 +1.518498979E-01 +1.622663770E-02 +2.540154814E-01
3.50000000000E+09 +6.827563341E-02 -1.259941801E-01 +1.486871755E-02 +1.305906845E-01 +5.558579860E-02 +1.734550151E-01
3.51000000000E+09 -1.426617002E-01 -3.538197758E-02 +3.755265319E-02 +5.505991745E-02 +1.098239655E-02 +1.008988714E-01
3.52000000000E+09 +2.207116874E-03 +1.462736164E-01 +2.866119442E-02 +2.147556177E-02 -6.444012171E-02 +9.191823655E-02
3.53000000000E+09 +1.376888409E-01 -3.632230928E-02 +3.857651292E-02 -3.026180789E-02 -1.159979495E-01 +1.299721151E-01
3.54000000000E+09 -6.336278775E-02 -1.234445668E-01 -1.770965222E-02 -1.028037126E-01 -1.158516612E-01 +1.839299331E-01
3.55000000000E+09 -1.074481293E-01 +8.720378810E-02 -1.128892405E-01 -8.931534927E-02 -7.442635127E-02 +1.940608455E-01
3.56000000000E+09 +1.107990916E-01 +8.539678229E-02 -1.327836392E-01 -3.043883108E-02 -6.868447760E-02 +1.421493023E-01
3.57000000000E+09 +5.371161993E-02 -1.265651911E-01 -1.337298301E-01 -2.845327724E-02 -1.429753266E-01 +1.237269323E-01
3.58000000000E+09 -1.284845980E-01 -2.352917601E-02 -1.896669154E-01 +4.567201792E-03 -2.020426011E-01 +2.014626919E-01
3.59000000000E+09 -4.002187054E-04 +1.261732466E-01 -1.757974832E-01 +1.154471500E-01 -1.743665500E-01 +2.906343389E-01
3.60000000000E+09 +1.256167244E-01 -2.207350166E-02 -5.213403515E-02 +1.522357413E-01 -9.848287753E-02 +3.161034838E-01
3.61000000000E+09 -4.896796279E-02 -1.226787508E-01 +1.719947857E-02 +6.797158932E-02 -4.061269894E-02 +2.904251504E-01
3.62000000000E+09 -1.111138281E-01 +7.884028110E-02 -1.043362827E-02 +2.528404624E-02 -3.574010277E-02 +2.457141025E-01
3.63000000000E+09 +1.041518227E-01 +8.702304015E-02 +1.986346310E-02 +3.492426271E-02 -7.316865168E-02 +2.332749351E-01
3.64000000000E+09 +5.781593258E-02 -1.167180704E-01 +6.879806404E-02 -5.203857546E-02 -9.037795110E-02 +2.838230071E-01
3.65000000000E+09 -1.206279373E-01 -3.378832213E-02 -9.491181969E-03 -1.549025131E-01 -3.428413700E-02 +3.365988798E-01
3.66000000000E+09 -1.353249055E-02 +1.255505550E-01 -1.240775662E-01 -1.325320564E-01 +6.034855867E-02 +3.134191893E-01
3.67000000000E+09 +1.322169809E-01 -1.244957427E-02 -1.449309309E-01 -6.348284311E-02 +9.961349505E-02 +2.156479449E-01
3.68000000000E+09 -4.662953890E-02 -1.306084854E-01 -1.442250083E-01 -5.197330179E-02 +3.961001138E-02 +1.397757916E-01
3.69000000000E+09 -1.136724055E-01 +7.840149194E-02 -1.856815974E-01 -1.039788085E-02 -4.425832448E-02 +1.552119458E-01
3.70000000000E+09 +9.981211832E-02 +8.979088753E-02 -1.561877383E-01 +8.463551321E-02 -5.041393138E-02 +2.228611418E-01
3.71000000000E+09 +6.669327268E-02 -1.142237747E-01 -5.435104004E-02 +1.068133493E-01 +2.352327043E-02 +2.552017544E-01
3.72000000000E+09 -1.280573363E-01 -4.317100126E-02 +3.684648257E-03 +5.910048997E-02 +9.721918042E-02 +1.903873473E-01
3.73000000000E+09 -1.212738239E-02 +1.388387997E-01 +2.843902291E-02 +2.688303229E-02 +7.431147206E-02 +6.380613409E-02
3.74000000000E+09 +1.372402619E-01 -2.458456206E-02 +6.734392869E-02 -2.633211458E-02 -5.752494294E-02 +8.726550588E-03
3.75000000000E+09 -5.498967212E-02 -1.225772965E-01 +4.601814356E-02 -1.154962840E-01 -1.716080183E-01 +8.820369388E-02
3.76000000000E+09 -1.052873560E-01 +7.581013122E-02 -3.038882226E-02 -1.410220851E-01 -1.674194269E-01 +2.033350910E-01
3.77000000000E+09 +9.524487628E-02 +8.949510939E-02 -6.147990659E-02 -1.188470334E-01 -8.615396868E-02 +2.434248073E-01
3.78000000000E+09 +6.838776215E-02 -1.171738117E-01 -8.197605457E-02 -1.364388256E-01 -4.244341975E-02 +1.913107045E-01
3.79000000000E+09 -1.315543918E-01 -3.461102201E-02 -1.680678863E-01 -1.191923740E-01 -1.047400619E-01 +1.381258868E-01
3.80000000000E+09 +3.166190891E-04 +1.284748591E-01 -1.951480942E-01 +3.630777220E-03 -1.884012540E-01 +1.931449730E-01
3.81000000000E+09 +1.171242459E-01 -2.326051673E-02 -9.790200802E-02 +7.781747823E-02 -1.746761488E-01 +3.156716624E-01
3.82000000000E+09 -3.900314598E-02 -1.107562360E-01 -2.425914721E-02 +4.458618662E-02 -6.858479795E-02 +3.781003035E-01
3.83000000000E+09 -1.083140000E-01 +5.916976164E-02 -2.017660521E-02 +3.081411640E-02 +3.774767783E-02 +3.244325165E-01
3.84000000000E+09 +8.888314638E-02 +9.825901331E-02 +3.690843646E-02 +5.819123367E-02 +4.176849198E-02 +2.140314176E-01
3.85000000000E+09 +6.972540077E-02 -1.148100889E-01 +1.324177711E-01 -1.835157837E-02 -5.812549177E-02 +1.845940295E-01
3.86000000000E+09 -1.207572977E-01 -3.563099934E-02 +9.721093471E-02 -1.478174540E-01 -1.093652822E-01 +2.849866551E-01
3.87000000000E+09 -1.269709347E-02 +1.168129392E-01 -1.252122857E-03 -1.658780021E-01 -2.141707865E-02 +3.847972156E-01
3.88000000000E+09 +1.180294520E-01 -3.182304707E-03 -3.092669447E-02 -1.335981430E-01 +1.278292050E-01 +3.607369970E-01
3.89000000000E+09 -2.531366910E-02 -1.244609558E-01 -4.853418692E-02 -1.469374758E-01 +1.944770793E-01 +2.054404869E-01
3.90000000000E+09 -1.223803022E-01 +6.075607182E-02 -1.267609610E-01 -1.299006502E-01 +9.277691958E-02 +6.398070369E-02
3.91000000000E+09 +9.284721949E-02 +9.929561602E-02 -1.561322331E-01 -2.181305961E-02 -5.589208522E-02 +1.040363752E-01
3.92000000000E+09 +7.107437258E-02 -1.083099334E-01 -8.850451890E-02 +5.192539143E-02 -6.347859878E-02 +2.350285377E-01
3.93000000000E+09 -1.169887950E-01 -4.901271697E-02 -2.870380719E-02 +6.162238893E-02 +5.144116924E-02 +2.708761805E-01
3.94000000000E+09 -2.654458301E-02 +1.282352491E-01 +2.045518605E-02 +7.661673629E-02 +1.403108795E-01 +1.616934592E-01
3.95000000000E+09 +1.369303066E-01 -5.951587650E-03 +1.067717039E-01 +6.088429097E-02 +6.880816422E-02 +6.575511685E-03
3.96000000000E+09 -4.313340001E-02 -1.287711522E-01 +1.538794704E-01 -3.040639086E-02 -1.238269850E-01 -7.418722986E-04
3.97000000000E+09 -1.083371551E-01 +6.818932558E-02 +1.197501351E-01 -1.004800500E-01 -2.185151859E-01 +1.669317688E-01
3.98000000000E+09 +8.332805383E-02 +9.215219749E-02 +9.203184491E-02 -1.261276047E-01 -1.288955701E-01 +3.112713531E-01
3.99000000000E+09 +7.886784781E-02 -1.016514203E-01 +5.935355606E-02 -1.778257331E-01 +1.317491076E-02 +2.914827354E-01
4.00000000000E+09 -1.253552073E-01 -5.465610865E-02 -5.386151346E-02 -2.001841784E-01 +3.547902160E-02 +1.581139947E-01
4.01000000000E+09 -1.511240822E-02 +1.348449931E-01 -1.490491659E-01 -9.199325605E-02 -9.011018645E-02 +1.163970378E-01
4.02000000000E+09 +1.243094739E-01 -1.785027866E-02 -1.117168505E-01 +2.372035084E-02 -1.738329218E-01 +2.310234219E-01
4.03000000000E+09 -3.587156660E-02 -1.116626917E-01 -5.772904028E-02 +5.359714985E-02 -1.135142152E-01 +3.541519581E-01
4.04000000000E+09 -1.062888160E-01 +5.071014288E-02 -3.991994601E-02 +9.490329032E-02 +1.848007550E-02 +3.710110613E-01
4.05000000000E+09 +7.444687574E-02 +1.030236735E-01 +4.505784767E-02 +1.641488381E-01 +9.698419440E-02 +2.712367546E-01
4.06000000000E+09 +8.468732691E-02 -1.062886520E-01 +1.952149267E-01 +1.181493397E-01 +3.149779150E-02 +1.756218467E-01
4.07000000000E+09 -1.230550481E-01 -4.750681071E-02 +2.223241224E-01 -3.417750303E-02 -7.110912786E-02 +2.372287945E-01
4.08000000000E+09 -1.752211219E-02 +1.200605619E-01 +1.441976635E-01 -1.012681287E-01 -2.389243348E-02 +3.661787339E-01
4.09000000000E+09 +1.165651918E-01 +3.073149457E-04 +1.061941432E-01 -1.096087863E-01 +1.320030940E-01 +3.750749806E-01
4.10000000000E+09 -1.824631091E-02 -1.214850705E-01 +6.759136312E-02 -1.539895929E-01 +2.351450850E-01 +2.340855615E-01
4.11000000000E+09 -1.237240735E-01 +4.959920599E-02 -4.852140787E-02 -1.646722256E-01 +1.666197570E-01 +7.079176256E-02
4.12000000000E+09 +8.558309916E-02 +1.068741152E-01 -1.392188434E-01 -5.486886984E-02 +3.390120661E-04 +6.672901177E-02
4.13000000000E+09 +7.740454736E-02 -1.064525326E-01 -1.128759634E-01 +6.157410767E-02 -4.702236778E-02 +1.979085255E-01
4.14000000000E+09 -1.149686504E-01 -5.210815263E-02 -6.053245280E-02 +1.148427093E-01 +6.084179831E-02 +2.666301060E-01
4.15000000000E+09 -3.036624594E-02 +1.239573365E-01 -8.675090710E-03 +1.621668725E-01 +1.752042984E-01 +1.735844520E-01
4.16000000000E+09 +1.334736259E-01 +1.935815166E-03 +8.818533563E-02 +1.823010389E-01 +1.318298086E-01 +2.616955022E-03
4.17000000000E+09 -3.460078270E-02 -1.306246563E-01 +1.744166139E-01 +1.174758785E-01 -6.717644514E-02 -3.516160698E-02
4.18000000000E+09 -1.138674111E-01 +6.388891138E-02 +1.848879551E-01 +3.277959031E-02 -1.876608714E-01 +1.246893693E-01
4.19000000000E+09 +8.236265206E-02 +9.587352654E-02 +1.720514005E-01 -2.823122595E-02 -1.054178103E-01 +2.755129654E-01
4.20000000000E+09 +8.029233012E-02 -1.021978268E-01 +1.332408223E-01 -1.078752412E-01 +4.285614318E-02 +2.552184319E-01
4.21000000000E+09 -1.250814339E-01 -5.409499387E-02 +1.059960344E-02 -1.533056710E-01 +5.340490820E-02 +1.160219357E-01
4.22000000000E+09 -1.345712881E-02 +1.332809347E-01 -1.058079260E-01 -7.249727283E-02 -9.872662012E-02 +7.902311477E-02
4.23000000000E+09 +1.206211859E-01 -1.928255640E-02 -1.089776943E-01 +2.972643293E-02 -1.914655603E-01 +2.245476689E-01
4.24000000000E+09 -3.550647833E-02 -1.062789375E-01 -9.410632785E-02 +7.006046133E-02 -1.053342797E-01 +3.751487840E-01
4.25000000000E+09 -1.008927529E-01 +4.783690668E-02 -1.031712622E-01 +1.313115397E-01 +6.730051741E-02 +3.847340450E-01
4.26000000000E+09 +6.961209843E-02 +9.953050210E-02 -4.148742063E-02 +2.270290989E-01 +1.667696511E-01 +2.467696655E-01
4.27000000000E+09 +8.330925756E-02 -1.024896690E-01 +1.010934363E-01 +2.257951910E-01 +7.158043319E-02 +1.051107592E-01
4.28000000000E+09 -1.217137198E-01 -4.511974476E-02 +1.583667453E-01 +1.124917838E-01 -9.356662465E-02 +1.708599347E-01
4.29000000000E+09 -1.271847414E-02 +1.158234870E-01 +1.257017656E-01 +5.006549756E-02 -6.228483050E-02 +3.511614994E-01
4.30000000000E+09 +1.089471706E-01 -3.348943292E-03 +1.215458495E-01 +1.974984013E-02 +1.313737270E-01 +3.991396097E-01
4.31000000000E+09 -1.755278744E-02 -1.114631907E-01 +1.033805287E-01 -5.636200659E-02 +2.829523714E-01 +2.498988266E-01
4.32000000000E+09 -1.161317043E-01 +4.393700457E-02 -2.334551771E-03 -1.138825908E-01 +2.316272660E-01 +2.566153340E-02
4.33000000000E+09 +8.017265167E-02 +1.042025524E-01 -1.175701778E-01 -6.108834462E-02 +5.602841973E-03 -3.014287313E-02
4.34000000000E+09 +7.428892563E-02 -1.031518789E-01 -1.479266878E-01 +2.580063402E-02 -1.189804039E-01 +1.398122582E-01
4.35000000000E+09 -1.094884977E-01 -4.682105020E-02 -1.521699052E-01 +8.586764789E-02 -1.136583772E-02 +2.919528393E-01
4.36000000000E+09 -2.681107137E-02 +1.140176367E-01 -1.400091334E-01 +1.618164912E-01 +1.715251224E-01 +2.527329580E-01
4.37000000000E+09 +1.211860608E-01 +4.278139420E-03 -6.476145319E-02 +2.241594157E-01 +2.158085780E-01 +5.182599478E-02
4.38000000000E+09 -2.685383132E-02 -1.228302472E-01 +3.054611928E-02 +2.100679240E-01 +2.583763699E-02 -9.908847991E-02
4.39000000000E+09 -1.088054643E-01 +5.624635436E-02 +8.287900434E-02 +1.564425044E-01 -1.957312052E-01 +5.636066173E-03
4.40000000000E+09 +7.414220001E-02 +9.082387919E-02 +1.207882323E-01 +9.364163957E-02 -1.994708549E-01 +2.315471795E-01
4.41000000000E+09 +7.719762024E-02 -8.894381976E-02 +1.256343037E-01 -1.354082322E-02 -3.716959711E-02 +3.247655102E-01
4.42000000000E+09 -1.091219511E-01 -6.049382034E-02 +3.205557661E-02 -1.111466786E-01 +8.822318999E-02 +2.305099420E-01
4.43000000000E+09 -2.951886728E-02 +1.273596554E-01 -9.475776503E-02 -9.614839618E-02 +3.890763915E-02 +9.721883395E-02
4.44000000000E+09 +1.271476589E-01 -8.975084223E-03 -1.393937741E-01 -3.275224870E-02 -1.058551545E-01 +1.049081159E-01
4.45000000000E+09 -3.635218182E-02 -1.115895008E-01 -1.682175794E-01 -5.673161070E-03 -1.552599224E-01 +2.397203385E-01
4.46000000000E+09 -9.728902830E-02 +5.147024662E-02 -2.146122264E-01 +6.398617295E-02 -6.662814254E-02 +3.548541330E-01
4.47000000000E+09 +6.505178643E-02 +8.896639977E-02 -1.758515986E-01 +1.774633644E-01 +6.555507767E-02 +3.522592039E-01
4.48000000000E+09 +8.021313193E-02 -8.627945366E-02 -4.759345999E-02 +2.045323971E-01 +1.161023521E-01 +2.471280753E-01
4.49000000000E+09 -1.092441087E-01 -5.735257851E-02 +2.218278038E-02 +1.212743443E-01 +5.131868041E-02 +1.858934246E-01
4.50000000000E+09 -2.524249268E-02 +1.177893817E-01 +8.472956171E-03 +7.332973433E-02 +8.978725526E-03 +2.551258810E-01
4.51000000000E+09 +1.148776410E-01 -1.465207630E-04 +3.387245960E-02 +5.706541700E-02 +8.431810034E-02 +3.155522388E-01
4.52000000000E+09 -2.030324524E-02 -1.122386665E-01 +5.920787385E-02 -2.639248159E-02 +1.900925431E-01 +2.648866337E-01
4.53000000000E+09 -1.099265840E-01 +4.346183487E-02 -1.089852872E-02 -1.163394899E-01 +2.160329910E-01 +1.459961327E-01
4.54000000000E+09 +7.073741826E-02 +1.006206275E-01 -1.131171196E-01 -1.103752452E-01 +1.421104347E-01 +5.253738851E-02
4.55000000000E+09 +8.006945923E-02 -9.489387212E-02 -1.521471936E-01 -6.093182448E-02 +4.283675885E-02 +5.003544237E-02
4.56000000000E+09 -1.100241634E-01 -5.342374517E-02 -1.686987847E-01 -3.155083925E-02 +8.150370522E-03 +1.195321048E-01
4.57000000000E+09 -2.705613587E-02 +1.169214002E-01 -1.827430373E-01 +1.545058906E-02 +5.383451775E-02 +1.533918412E-01
4.58000000000E+09 +1.206631420E-01 +1.094058376E-03 -1.508250591E-01 +6.676168041E-02 +8.607813987E-02 +8.559824229E-02
4.59000000000E+09 -2.788933892E-02 -1.181692821E-01 -9.994616765E-02 +7.490609171E-02 +1.292657909E-02 +9.030191292E-03
4.60000000000E+09 -1.060315272E-01 +5.507989807E-02 -6.606981441E-02 +7.062325388E-02 -1.066662460E-01 +5.119868883E-02
4.61000000000E+09 +7.518271489E-02 +8.847443365E-02 -1.153669330E-02 +6.056506348E-02 -1.392681408E-01 +1.661178763E-01
4.62000000000E+09 +7.034689366E-02 -9.052625141E-02 +3.836437961E-02 -9.211632613E-03 -8.014067944E-02 +2.377623146E-01
4.63000000000E+09 -1.043921369E-01 -5.003091959E-02 +8.046167178E-03 -9.374706025E-02 -1.532158330E-02 +2.361273070E-01
4.64000000000E+09 -2.448496620E-02 +1.149904924E-01 -5.041361682E-02 -1.037579486E-01 -2.170947407E-03 +1.940928261E-01
4.65000000000E+09 +1.165741192E-01 -5.643955767E-03 -5.218200285E-02 -9.811705330E-02 -4.467183472E-02 +1.759601053E-01
4.66000000000E+09 -3.290234587E-02 -1.065088292E-01 -7.369628431E-02 -1.410835480E-01 -8.943655416E-02 +2.374570224E-01
4.67000000000E+09 -9.141145392E-02 +5.049636375E-02 -1.548654661E-01 -1.316642657E-01 -5.394435120E-02 +3.318838992E-01
4.68000000000E+09 +6.256117735E-02 +8.015873327E-02 -1.782094181E-01 -4.267258243E-02 +5.352698820E-02 +3.543176603E-01
4.69000000000E+09 +7.050125639E-02 -7.724755042E-02 -1.133096518E-01 +6.299482840E-03 +1.384272114E-01 +2.886113251E-01
4.70000000000E+09 -9.523569052E-02 -5.492905408E-02 -7.385507118E-02 -1.930747116E-02 +1.321871219E-01 +2.071608336E-01
4.71000000000E+09 -3.013457687E-02 +1.084466578E-01 -8.240508334E-02 -1.056097421E-02 +7.861841611E-02 +1.859507078E-01
4.72000000000E+09 +1.110792418E-01 +2.573903296E-03 -3.064096549E-02 +2.753539492E-02 +6.212806304E-02 +2.223387212E-01
4.73000000000E+09 -2.146816682E-02 -1.059546634E-01 +5.064456938E-02 -1.436809565E-02 +1.083530786E-01 +2.543110708E-01
4.74000000000E+09 -9.835053363E-02 +4.123842590E-02 +5.566302209E-02 -9.589546948E-02 +1.855895913E-01 +2.199586495E-01
4.75000000000E+09 +6.040350011E-02 +8.984477680E-02 +2.005861497E-02 -1.253584997E-01 +2.160965388E-01 +1.075116212E-01
4.76000000000E+09 +7.661838575E-02 -8.162062824E-02 +1.124053113E-02 -1.335914328E-01 +1.301151069E-01 +3.249672699E-03
4.77000000000E+09 -9.943410859E-02 -5.407314728E-02 -7.483062543E-03 -1.602431753E-01 -1.024555492E-02 +2.067494335E-02
4.78000000000E+09 -2.795670582E-02 +1.074091656E-01 -5.285045156E-02 -1.562225025E-01 -5.270315109E-02 +1.319442827E-01
4.79000000000E+09 +1.084655953E-01 +3.927276331E-03 -7.083343323E-02 -1.182811897E-01 +2.512235602E-02 +1.997027393E-01
4.80000000000E+09 -1.859906024E-02 -1.070580732E-01 -6.494041836E-02 -9.072695440E-02 +1.122688562E-01 +1.498719104E-01
4.81000000000E+09 -1.011234722E-01 +4.388430385E-02 -5.989155793E-02 -5.870611298E-02 +9.273890549E-02 +2.240481412E-02
4.82000000000E+09 +6.782377175E-02 +8.557628642E-02 -2.289524493E-02 -2.034047684E-02 -5.703827839E-02 -3.880717404E-02
4.83000000000E+09 +6.289785197E-02 -8.206565354E-02 +3.082932363E-02 -2.548464538E-02 -2.099950187E-01 +6.845048380E-02
4.84000000000E+09 -8.690990128E-02 -4.330846331E-02 +4.590412077E-02 -4.542004375E-02 -2.119681729E-01 +2.524933136E-01
4.85000000000E+09 -2.907534835E-02 +9.091970787E-02 +6.412027024E-02 -3.077618520E-02 -8.247712161E-02 +3.554940276E-01
4.86000000000E+09 +9.880456906E-02 +1.388078283E-02 +1.316436102E-01 -4.129035245E-02 +4.662535944E-02 +3.201742627E-01
4.87000000000E+09 -1.038378698E-02 -1.053086730E-01 +1.646423011E-01 -1.328922437E-01 +6.085386822E-02 +2.160551170E-01
4.88000000000E+09 -9.907483328E-02 +3.945029638E-02 +9.182151527E-02 -1.989875331E-01 -2.049902710E-02 +1.890683333E-01
4.89000000000E+09 +5.993829044E-02 +8.040711604E-02 +2.996369600E-02 -1.667457838E-01 -6.271876598E-02 +2.825283123E-01
4.90000000000E+09 +6.326503100E-02 -6.851887959E-02 +3.085329460E-02 -1.451328678E-01 +1.690391544E-02 +3.789846053E-01
4.91000000000E+09 -7.513258616E-02 -5.241265525E-02 -1.343708939E-03 -1.556093948E-01 +1.537416546E-01 +3.684777561E-01
4.92000000000E+09 -4.279774254E-02 +8.700525950E-02 -6.804658889E-02 -1.010656966E-01 +2.348257746E-01 +2.503953251E-01
4.93000000000E+09 +1.022960392E-01 +2.417747512E-02 -5.368363713E-02 +1.847592955E-02 +1.882099331E-01 +1.334317170E-01
4.94000000000E+09 -4.556485807E-03 -1.086738902E-01 +5.109522917E-02 +7.054348442E-02 +9.948874326E-02 +1.282006593E-01
4.95000000000E+09 -1.016712698E-01 +3.150125031E-02 +1.219760144E-01 +4.190537308E-02 +9.796822081E-02 +1.858809920E-01
4.96000000000E+09 +5.133079858E-02 +9.067388584E-02 +1.556953599E-01 +2.067793546E-02 +1.594029916E-01 +1.762901281E-01
4.97000000000E+09 +7.877130739E-02 -6.910557990E-02 +2.013989247E-01 -1.147539832E-02 +1.777365265E-01 +8.140716988E-02
4.98000000000E+09 -8.662287102E-02 -6.321400711E-02 +2.155056327E-01 -8.481945152E-02 +9.544599160E-02 -1.840868567E-03
4.99000000000E+09 -4.059493560E-02 +1.002617138E-01 +1.675475900E-01 -1.424975444E-01 -2.478443306E-02 +3.120526284E-02
5.00000000000E+09 +1.063247611E-01 +1.602932255E-02 +1.052635385E-01 -1.535583734E-01 -4.436686008E-02 +1.406596506E-01
5.01000000000E+09 -8.060132893E-03 -1.073025975E-01 +4.421660813E-02 -1.400350427E-01 +4.636640378E-02 +1.694853260E-01
5.02000000000E+09 -1.041720400E-01 +3.433611739E-02 -1.479010911E-02 -8.490134117E-02 +8.321504879E-02 +6.146786845E-02
5.03000000000E+09 +6.096932841E-02 +8.976796595E-02 -1.910668118E-02 +3.194267977E-03 -5.102299744E-02 -2.362835966E-02
5.04000000000E+09 +6.637803974E-02 -7.637178208E-02 +2.248731712E-02 +5.268101225E-02 -2.109662578E-01 +7.651643879E-02
5.05000000000E+09 -8.020969164E-02 -4.644121395E-02 +4.589842526E-02 +7.870372522E-02 -2.121008836E-01 +2.728987650E-01
5.06000000000E+09 -3.434364811E-02 +8.281435741E-02 +8.437027157E-02 +1.269662093E-01 -7.111959228E-02 +3.846391222E-01
5.07000000000E+09 +9.116471481E-02 +2.333437405E-02 +1.799017980E-01 +1.392853795E-01 +8.681397063E-02 +3.313239714E-01
5.08000000000E+09 +2.772695671E-03 -1.031114130E-01 +2.533080456E-01 +5.303930992E-02 +1.093913954E-01 +1.718938479E-01
5.09000000000E+09 -1.009448340E-01 +3.078061404E-02 +2.148800072E-01 -4.031055991E-02 -5.352731074E-02 +1.229040730E-01
5.10000000000E+09 +5.275962066E-02 +7.988904841E-02 +1.615012882E-01 -5.137910760E-02 -1.474890648E-01 +2.934723846E-01
5.11000000000E+09 +6.244481181E-02 -5.740241695E-02 +1.445390916E-01 -7.300398382E-02 -1.834156614E-02 +4.543659963E-01
5.12000000000E+09 -6.112475113E-02 -5.626915943E-02 +7.588089390E-02 -1.160143841E-01 +1.914938650E-01 +4.381570727E-01
5.13000000000E+09 -5.307285662E-02 +7.375992966E-02 -4.454370181E-02 -8.040638484E-02 +3.051627644E-01 +2.651905681E-01
5.14000000000E+09 +9.477684393E-02 +3.995857440E-02 -9.376557533E-02 +5.228247019E-02 +2.311160086E-01 +8.047250759E-02
5.15000000000E+09 +9.664842808E-03 -1.078227930E-01 -3.099759965E-02 +1.474422282E-01 +5.658230072E-02 +7.705577225E-02
5.16000000000E+09 -1.017712293E-01 +2.074276848E-02 +2.586987054E-02 +1.670321296E-01 +1.276410987E-02 +2.209988349E-01
5.17000000000E+09 +3.882131391E-02 +8.924645239E-02 +6.887969167E-02 +1.896732434E-01 +1.477533373E-01 +2.838281252E-01
5.18000000000E+09 +8.141300632E-02 -5.159179613E-02 +1.449531007E-01 +1.876871758E-01 +2.819507929E-01 +1.589402384E-01
5.19000000000E+09 -6.902755493E-02 -7.372678634E-02 +2.053826772E-01 +1.181778869E-01 +2.208583551E-01 -5.002394856E-02
5.20000000000E+09 -5.766116675E-02 +8.910573546E-02 +1.983614435E-01 +2.732687752E-02 -1.698517140E-02 -1.026076473E-01
5.21000000000E+09 +1.010985788E-01 +3.366499748E-02 +1.488867602E-01 -3.974268810E-02 -1.597373708E-01 +6.666736296E-02
5.22000000000E+09 +1.010563149E-02 -1.060278411E-01 +6.570391385E-02 -8.476066837E-02 -8.834835235E-02 +2.235297177E-01
5.23000000000E+09 -1.081095104E-01 +1.452195603E-02 -4.590019247E-02 -6.616950709E-02 +3.505246523E-02 +2.131363974E-01
5.24000000000E+09 +4.335655105E-02 +1.029743738E-01 -1.047595413E-01 +2.310349018E-02 +4.250860158E-02 +1.033873921E-01
5.25000000000E+09 +8.367112124E-02 -6.919497033E-02 -9.256803972E-02 +8.810370525E-02 -8.507793263E-02 +7.127336302E-02
5.26000000000E+09 -8.045602470E-02 -5.814617962E-02 -9.374371793E-02 +1.237333436E-01 -1.934952050E-01 +1.938960331E-01
5.27000000000E+09 -4.008188856E-02 +8.114331844E-02 -7.759458998E-02 +1.965238500E-01 -1.466250141E-01 +3.559938151E-01
5.28000000000E+09 +8.368290089E-02 +3.076100391E-02 +2.073900667E-02 +2.422782502E-01 +8.658891821E-03 +4.169693317E-01
5.29000000000E+09 +1.907352812E-02 -9.413388922E-02 +1.255317743E-01 +1.714473063E-01 +1.202298208E-01 +3.428358736E-01
5.30000000000E+09 -1.048102795E-01 +5.606788600E-03 +1.120003947E-01 +5.374246935E-02 +9.752265580E-02 +2.518764044E-01
5.31000000000E+09 +3.554103866E-02 +9.904826193E-02 +4.707500327E-02 +2.923400057E-02 +4.692946108E-02 +2.764229353E-01
5.32000000000E+09 +8.382986319E-02 -5.491932483E-02 +4.591499751E-02 +1.972028986E-02 +9.256328130E-02 +3.360957284E-01
5.33000000000E+09 -6.821922288E-02 -7.058592113E-02 +1.562121730E-02 -4.684269230E-02 +1.827347325E-01 +3.154131211E-01
5.34000000000E+09 -5.789164478E-02 +8.195555006E-02 -9.044106898E-02 -6.259558344E-02 +2.322855480E-01 +2.275511642E-01
5.35000000000E+09 +9.621586992E-02 +4.003825722E-02 -1.541143100E-01 +1.621755238E-02 +1.980935415E-01 +1.401777492E-01
5.36000000000E+09 +1.457323229E-02 -1.055982349E-01 -1.301466634E-01 +7.455190342E-02 +1.130722378E-01 +1.226709154E-01
5.37000000000E+09 -1.040171682E-01 +1.239718527E-02 -1.169577716E-01 +7.946258030E-02 +9.291234210E-02 +1.808720616E-01
5.38000000000E+09 +3.319052822E-02 +9.644219256E-02 -1.206235267E-01 +1.074236818E-01 +1.696954510E-01 +1.919202799E-01
5.39000000000E+09 +8.844922670E-02 -5.184447918E-02 -8.096371651E-02 +1.385901096E-01 +2.072628592E-01 +8.424146014E-02
5.40000000000E+09 -7.290893815E-02 -7.675886990E-02 -2.984450775E-02 +1.211976411E-01 +9.718562352E-02 -2.594134521E-02
5.41000000000E+09 -5.602720990E-02 +9.078476855E-02 -8.772400956E-03 +8.691985989E-02 -5.561953125E-02 +1.970196342E-02
5.42000000000E+09 +9.962007389E-02 +3.213815987E-02 +9.036452295E-03 +5.304885038E-02 -8.455188111E-02 +1.548967102E-01
5.43000000000E+09 +9.129717105E-03 -1.035268397E-01 +8.375287526E-03 -4.689236195E-03 -5.723877313E-03 +2.154055589E-01
5.44000000000E+09 -1.039843520E-01 +1.523372480E-02 -3.749536159E-02 -4.318077965E-02 +5.895417608E-02 +1.682831877E-01
5.45000000000E+09 +4.256580018E-02 +9.674574931E-02 -6.928484119E-02 -3.581661281E-02 +1.678348412E-02 +8.261827649E-02
5.46000000000E+09 +7.673423859E-02 -6.541841538E-02 -7.512305218E-02 -5.038003747E-02 -1.236345609E-01 +8.779452965E-02
5.47000000000E+09 -7.341840866E-02 -5.263014735E-02 -1.288238835E-01 -6.654925028E-02 -2.050771424E-01 +2.393109151E-01
5.48000000000E+09 -3.715087951E-02 +7.240933353E-02 -1.777472280E-01 -5.076036525E-03 -1.282695525E-01 +4.068319165E-01
5.49000000000E+09 +7.417351995E-02 +2.884863732E-02 -1.331539024E-01 +6.966605175E-02 +3.034376936E-02 +4.575980389E-01
5.50000000000E+09 +1.977325419E-02 -8.264357008E-02 -5.157015456E-02 +5.459950874E-02 +1.529429182E-01 +3.852738606E-01
5.51000000000E+09 -9.288499427E-02 -1.742487180E-03 -4.898343083E-02 -3.348603720E-03 +1.721444999E-01 +2.778615835E-01
5.52000000000E+09 +2.479375591E-02 +9.417653477E-02 -7.091357471E-02 +1.456531854E-02 +1.108903315E-01 +2.279511311E-01
5.53000000000E+09 +8.190286543E-02 -4.971279743E-02 -9.608901527E-03 +2.889326979E-02 +5.965464390E-02 +2.668816574E-01
5.54000000000E+09 -6.356494731E-02 -6.318910415E-02 +2.893764053E-02 -4.692357371E-02 +9.302473700E-02 +3.429731774E-01
5.55000000000E+09 -4.801304624E-02 +6.951215846E-02 -1.956587738E-02 -9.707188957E-02 +1.978014831E-01 +3.574909869E-01
5.56000000000E+09 +7.572083471E-02 +3.684100842E-02 -4.655257952E-02 -7.324480206E-02 +2.905089339E-01 +2.736444134E-01
5.57000000000E+09 +2.408508567E-02 -8.508979745E-02 -1.378146971E-02 -7.268341417E-02 +2.990407799E-01 +1.412650927E-01
5.58000000000E+09 -9.339039970E-02 -4.744423194E-03 -1.378097764E-02 -1.250577112E-01 +2.167586326E-01 +4.783899212E-02
5.59000000000E+09 +1.968543870E-02 +9.423467901E-02 -6.630057251E-02 -1.401369727E-01 +1.018976519E-01 +3.737513157E-02
5.60000000000E+09 +8.592954579E-02 -4.300319939E-02 -9.213210275E-02 -1.086247869E-01 +3.695426259E-02 +1.009374166E-01
5.61000000000E+09 -6.116853231E-02 -7.219407898E-02 -9.430107159E-02 -8.563764283E-02 +6.213996564E-02 +1.676575274E-01
5.62000000000E+09 -5.675734019E-02 +7.512926753E-02 -9.773091031E-02 -5.230148771E-02 +1.228038163E-01 +1.454706690E-01
5.63000000000E+09 +8.769122531E-02 +3.757475168E-02 -6.536061638E-02 -7.174258498E-03 +1.008520203E-01 +4.799665380E-02
5.64000000000E+09 +1.265742305E-02 -9.347339532E-02 -8.920424402E-03 +6.168931626E-04 -3.144802310E-02 +1.867570290E-02
5.65000000000E+09 -8.841186033E-02 +1.100352205E-02 +2.822732175E-02 -7.454126785E-03 -1.464942622E-01 +1.240976385E-01
5.66000000000E+09 +2.713609756E-02 +7.809200434E-02 +8.402185556E-02 -1.218970235E-02 -1.392541287E-01 +2.751126608E-01
5.67000000000E+09 +6.950425375E-02 -3.724536185E-02 +1.518553335E-01 -7.747466817E-02 -3.571564511E-02 +3.676442610E-01
5.68000000000E+09 -4.783663326E-02 -6.358908387E-02 +1.379469123E-01 -1.901037974E-01 +7.852527732E-02 +3.546922945E-01
5.69000000000E+09 -5.561164677E-02 +6.316202177E-02 +4.050821497E-02 -2.337757031E-01 +1.118879731E-01 +2.670723847E-01
5.70000000000E+09 +7.786761574E-02 +3.768380889E-02 -1.798385215E-02 -1.904996149E-01 +4.567468094E-02 +2.295787637E-01
5.71000000000E+09 +1.508754706E-02 -8.087794588E-02 -2.915598944E-02 -1.723422005E-01 +4.392132799E-03 +3.124818064E-01
5.72000000000E+09 -7.648069764E-02 +1.185403220E-04 -8.426618165E-02 -1.504121901E-01 +8.139624241E-02 +3.911744198E-01
5.73000000000E+09 +1.117466538E-02 +7.510833051E-02 -1.181754062E-01 -4.326616335E-02 +1.921121060E-01 +3.677236718E-01
5.74000000000E+09 +7.580335441E-02 -2.549135335E-02 -3.473502891E-02 +6.810384737E-02 +2.394293092E-01 +2.746410112E-01
5.75000000000E+09 -4.535469856E-02 -7.143814298E-02 +9.034756215E-02 +6.595437499E-02 +1.952292164E-01 +1.988188666E-01
5.76000000000E+09 -5.627461101E-02 +6.340327181E-02 +1.417078968E-01 +1.537417409E-02 +1.350072638E-01 +2.100494524E-01
5.77000000000E+09 +7.135272101E-02 +3.722231584E-02 +1.812390526E-01 -5.753195672E-03 +1.564603297E-01 +2.717274417E-01
5.78000000000E+09 +2.276461347E-02 -7.263450931E-02 +2.376549554E-01 -6.900327583E-02 +2.458649308E-01 +2.660699724E-01
5.79000000000E+09 -7.585023303E-02 -1.162193183E-02 +2.237265022E-01 -1.771415376E-01 +2.968123402E-01 +1.493518505E-01
5.80000000000E+09 +3.078690571E-03 +8.178778764E-02 +1.286339173E-01 -2.345295822E-01 +2.219428995E-01 +2.112639636E-02
5.81000000000E+09 +8.287446635E-02 -2.510225805E-02 +3.646217010E-02 -2.115806546E-01 +7.393664908E-02 +2.545616332E-02
5.82000000000E+09 -4.595138365E-02 -7.407805923E-02 -2.512063275E-02 -1.588650852E-01 +2.473673474E-02 +1.270151994E-01
5.83000000000E+09 -6.055874613E-02 +6.247961663E-02 -6.772295919E-02 -7.213720178E-02 +7.551860926E-02 +1.682441588E-01
5.84000000000E+09 +7.583379713E-02 +4.362522779E-02 -4.421289007E-02 +3.888841740E-02 +9.680376367E-02 +1.205027243E-01
5.85000000000E+09 +2.164008097E-02 -8.398753177E-02 +3.749357894E-02 +1.007885116E-01 +1.963842761E-02 +7.390092991E-02
5.86000000000E+09 -8.193392408E-02 +1.688962260E-03 +1.106333761E-01 +1.176548172E-01 -8.648287742E-02 +1.333634335E-01
5.87000000000E+09 +1.728446314E-02 +7.288274732E-02 +1.941327440E-01 +1.222226752E-01 -9.594601426E-02 +2.810732008E-01
5.88000000000E+09 +6.578238321E-02 -2.562692930E-02 +2.900614804E-01 +6.192866191E-02 +1.327447889E-02 +3.737453247E-01
5.89000000000E+09 -3.565792229E-02 -6.391448680E-02 +3.109267610E-01 -6.585085590E-02 +1.301611264E-01 +3.247041982E-01
5.90000000000E+09 -5.929174058E-02 +5.390388780E-02 +2.256337857E-01 -1.547019146E-01 +1.197107140E-01 +2.088347088E-01
5.91000000000E+09 +7.095647646E-02 +3.940798543E-02 +1.421433571E-01 -1.531807498E-01 -6.404489249E-03 +2.254955122E-01
5.92000000000E+09 +1.694399241E-02 -7.084446256E-02 +8.746177084E-02 -1.572842454E-01 -1.323016654E-02 +3.781951929E-01
5.93000000000E+09 -6.518333593E-02 -4.914217126E-03 -1.927799011E-02 -1.377337523E-01 +1.273822439E-01 +4.591726897E-01
5.94000000000E+09 +1.498816926E-03 +6.376353760E-02 -1.073413418E-01 -1.100166944E-02 +2.837275234E-01 +4.069483099E-01
5.95000000000E+09 +6.786059717E-02 -9.907718170E-03 -6.701096792E-02 +1.508525634E-01 +3.490981833E-01 +2.445293608E-01
5.96000000000E+09 -2.772537874E-02 -7.165683031E-02 +5.739441303E-02 +2.160405245E-01 +2.529784953E-01 +8.976763246E-02
5.97000000000E+09 -6.168452530E-02 +5.093812193E-02 +1.423494830E-01 +2.032017622E-01 +7.699820215E-02 +1.290317950E-01
5.98000000000E+09 +6.036055174E-02 +4.163253637E-02 +2.141892290E-01 +1.923912539E-01 +8.107119076E-02 +3.031704189E-01
5.99000000000E+09 +2.907591628E-02 -6.048592401E-02 +3.001610241E-01 +1.257715631E-01 +2.486394411E-01 +3.391436002E-01
6.00000000000E+09 -6.450444549E-02 -2.312532215E-02 +3.155048881E-01 -5.844733069E-03 +3.676254555E-01 +1.855358380E-01
6.01000000000E+09 -1.245173670E-02 +7.526543767E-02 +2.288643281E-01 -1.113390994E-01 +2.882351054E-01 -1.518833236E-02
6.02000000000E+09 +8.286700333E-02 -9.179828269E-03 +1.112940876E-01 -1.347113819E-01 +6.108836345E-02 -5.435330536E-02
6.03000000000E+09 -3.354731437E-02 -7.633324147E-02 +4.090530695E-03 -1.100359293E-01 -7.610790635E-02 +1.096964528E-01
6.04000000000E+09 -6.255136580E-02 +4.843969915E-02 -9.260058057E-02 -2.518316260E-02 -1.928837013E-02 +2.784188288E-01
6.05000000000E+09 +5.789443554E-02 +5.116667140E-02 -1.111749760E-01 +1.109053892E-01 +1.242051502E-01 +2.969516583E-01
6.06000000000E+09 +4.000427740E-02 -6.917559008E-02 -4.284779930E-02 +2.051672632E-01 +1.859318659E-01 +1.797528491E-01
6.07000000000E+09 -7.991140333E-02 -2.138057879E-02 +2.934725107E-02 +2.328125212E-01 +7.908653500E-02 +8.928327449E-02
6.08000000000E+09 +8.279958262E-04 +7.973549170E-02 +9.783060639E-02 +2.504020529E-01 -5.338664049E-02 +1.763661372E-01
6.09000000000E+09 +7.258548510E-02 -1.606041921E-02 +1.980546479E-01 +2.175661260E-01 -3.267638604E-02 +3.217037755E-01
6.10000000000E+09 -2.673111626E-02 -6.838176833E-02 +2.464247476E-01 +9.687760403E-02 +8.211829306E-02 +3.681529596E-01
6.11000000000E+09 -6.532822415E-02 +4.117380199E-02 +1.806811052E-01 -1.142775747E-02 +1.473469904E-01 +3.244464377E-01
6.12000000000E+09 +5.864066565E-02 +5.588428599E-02 +9.665485727E-02 -2.636945131E-02 +1.409159961E-01 +2.844029571E-01
6.13000000000E+09 +3.778761570E-02 -7.136561010E-02 +5.809674601E-02 -3.944749305E-02 +1.194622684E-01 +2.997525058E-01
6.14000000000E+09 -7.435633681E-02 -1.852432912E-02 -3.295604366E-02 -6.529239631E-02 +1.459280928E-01 +3.459004990E-01
6.15000000000E+09 -4.645050529E-03 +7.299575266E-02 -1.443484314E-01 +1.089752922E-02 +2.220661546E-01 +3.468098720E-01
6.16000000000E+09 +7.376864983E-02 -7.079892767E-03 -1.461120004E-01 +1.427584454E-01 +2.775357266E-01 +2.757006972E-01
6.17000000000E+09 -2.378925872E-02 -7.496047047E-02 -6.899460866E-02 +1.973713187E-01 +2.427557661E-01 +1.978477930E-01
6.18000000000E+09 -6.763172686E-02 +4.411619010E-02 -3.099700072E-02 +1.958520294E-01 +1.683657878E-01 +2.161596589E-01
6.19000000000E+09 +5.672559731E-02 +5.193074551E-02 +8.750244962E-03 +2.244852139E-01 +1.910962954E-01 +2.881159088E-01
6.20000000000E+09 +3.966989347E-02 -6.241519298E-02 +1.054313023E-01 +2.065463562E-01 +2.917352496E-01 +2.777882444E-01
6.21000000000E+09 -6.997829728E-02 -2.960927800E-02 +1.588689717E-01 +9.492081121E-02 +3.423654711E-01 +1.682021724E-01
6.22000000000E+09 -1.560245172E-02 +8.023314502E-02 +1.086616730E-01 -1.085238308E-02 +2.774983573E-01 +4.142659619E-02
6.23000000000E+09 +8.624724110E-02 -7.116184220E-03 +3.376264022E-02 -4.786533958E-02 +1.230014870E-01 +1.213379764E-02
6.24000000000E+09 -3.139227980E-02 -7.953462339E-02 -3.263390595E-02 -6.808122438E-02 +1.316092168E-02 +1.238188230E-01
6.25000000000E+09 -6.611785820E-02 +4.690108814E-02 -1.224444067E-01 -5.145073033E-02 +5.403366140E-02 +2.520115356E-01
6.26000000000E+09 +5.733031186E-02 +5.486047138E-02 -1.724493156E-01 +2.897943020E-02 +1.661476682E-01 +2.577984802E-01
6.27000000000E+09 +4.328788304E-02 -6.984392597E-02 -1.488282116E-01 +9.691085561E-02 +1.902489693E-01 +1.581662497E-01
6.28000000000E+09 -8.169542382E-02 -2.376816021E-02 -1.208645858E-01 +1.215503572E-01 +7.741689458E-02 +1.047821875E-01
6.29000000000E+09 +1.078475455E-03 +8.148230098E-02 -8.809318321E-02 +1.624026074E-01 -2.876154372E-02 +2.017487988E-01
6.30000000000E+09 +7.225760705E-02 -1.786180844E-02 +6.441573404E-03 +1.687373482E-01 +2.788398685E-03 +3.476871991E-01
6.31000000000E+09 -2.750360060E-02 -6.430501519E-02 +7.357107901E-02 +7.757431188E-02 +1.238146039E-01 +4.103789156E-01
6.32000000000E+09 -6.070967772E-02 +3.621607515E-02 +3.797579687E-02 -1.416598578E-02 +2.401493932E-01 +3.651610455E-01
6.33000000000E+09 +5.088670105E-02 +5.753936693E-02 -1.278363879E-02 -2.462573204E-02 +2.658352917E-01 +2.529992065E-01
6.34000000000E+09 +4.335628397E-02 -6.975667718E-02 -6.754640259E-03 -3.979621783E-02 +1.726440536E-01 +1.960476900E-01
6.35000000000E+09 -7.636074441E-02 -1.847667841E-02 -5.181314875E-02 -9.944710072E-02 +1.020403408E-01 +2.829119412E-01
6.36000000000E+09 -7.166800715E-04 +7.007250044E-02 -1.432137049E-01 -7.170408164E-02 +1.719726591E-01 +3.843228911E-01
6.37000000000E+09 +6.474808232E-02 -7.848246616E-03 -1.457200329E-01 +1.399096000E-02 +2.970283517E-01 +3.800674385E-01
6.38000000000E+09 -1.530784579E-02 -6.526758123E-02 -8.505863969E-02 +3.354326221E-02 +3.764196636E-01 +2.808843843E-01
6.39000000000E+09 -6.806790096E-02 +2.884138881E-02 -7.284409709E-02 +2.561967850E-03 +3.578685095E-01 +1.527826579E-01
6.40000000000E+09 +5.027587059E-02 +6.418084142E-02 -8.599381929E-02 +2.438049487E-02 +2.416163928E-01 +9.821989764E-02
6.41000000000E+09 +4.572413998E-02 -6.892247073E-02 -2.755349944E-02 +4.761574948E-02 +1.558195052E-01 +1.786984010E-01
6.42000000000E+09 -7.318702996E-02 -2.462540233E-02 +1.842019841E-02 -1.017994491E-02 +2.133755485E-01 +2.655072110E-01
6.43000000000E+09 -1.081117629E-02 +7.316565019E-02 -5.696332503E-03 -5.430569988E-02 +3.157924500E-01 +2.283226847E-01
6.44000000000E+09 +7.620037171E-02 -2.052621385E-03 -1.678512471E-02 -4.931233631E-02 +3.268933568E-01 +9.753044308E-02
6.45000000000E+09 -2.116107660E-02 -7.845497614E-02 +8.872603831E-04 -6.651145559E-02 +2.016905154E-01 +6.431624359E-03
6.46000000000E+09 -7.014984626E-02 +4.375677217E-02 -1.971599964E-02 -9.685541021E-02 +4.702577505E-02 +7.266629268E-02
6.47000000000E+09 +5.764440045E-02 +5.269225031E-02 -4.115717142E-02 -7.999378746E-02 +1.940096864E-02 +2.332542355E-01
6.48000000000E+09 +3.801853027E-02 -6.262386256E-02 -2.092230639E-02 -7.419722069E-02 +1.285480197E-01 +3.260233608E-01
6.49000000000E+09 -6.774273949E-02 -2.781325029E-02 -2.693054345E-02 -1.006664520E-01 +2.502704756E-01 +2.821098092E-01
6.50000000000E+09 -1.493959529E-02 +7.704467412E-02 -6.412193086E-02 -8.288172864E-02 +2.559910386E-01 +1.584305201E-01
6.51000000000E+09 +8.266541599E-02 -8.835057380E-03 -4.195221131E-02 -2.990763538E-02 +1.241703657E-01 +1.149104698E-01
6.52000000000E+09 -3.229740977E-02 -7.212504114E-02 +8.221572539E-03 -4.182762941E-02 +3.716230336E-02 +2.323152700E-01
6.53000000000E+09 -5.700145684E-02 +4.309097414E-02 +6.507808180E-05 -5.860115752E-02 +9.623402824E-02 +3.556517905E-01
6.54000000000E+09 +4.857987637E-02 +4.683294110E-02 +1.365157751E-02 -2.271276839E-02 +2.087051458E-01 +3.777931263E-01
6.55000000000E+09 +3.966345543E-02 -5.566932958E-02 +8.801374262E-02 -2.925686647E-02 +2.828174562E-01 +3.231875646E-01
6.56000000000E+09 -6.614437651E-02 -2.935101626E-02 +1.103698721E-01 -1.146811505E-01 +2.804554077E-01 +2.587574160E-01
6.57000000000E+09 -1.118606614E-02 +7.354954394E-02 +4.177190092E-02 -1.473962965E-01 +2.360993776E-01 +2.553004575E-01
6.58000000000E+09 +7.091114730E-02 -7.447027896E-03 +2.379484796E-02 -9.996496405E-02 +2.482191551E-01 +3.018011955E-01
6.59000000000E+09 -1.902825445E-02 -6.490813097E-02 +5.689882875E-02 -1.048503196E-01 +3.286868903E-01 +3.032493877E-01
6.60000000000E+09 -6.268686287E-02 +2.853230183E-02 +2.805355554E-02 -1.365860820E-01 +3.783696411E-01 +2.190656801E-01
6.61000000000E+09 +4.443629141E-02 +6.065339753E-02 -2.207302988E-02 -9.019590851E-02 +3.235743693E-01 +1.296038666E-01
6.62000000000E+09 +4.788129314E-02 -6.294505154E-02 +1.700899024E-02 -2.109252077E-02 +2.342048555E-01 +1.410571140E-01
6.63000000000E+09 -7.145212532E-02 -2.769761283E-02 +7.123419509E-02 -3.424204098E-02 +2.261114728E-01 +2.147128554E-01
6.64000000000E+09 -1.111448913E-02 +7.197801607E-02 +6.548382398E-02 -4.397492388E-02 +2.908263797E-01 +2.283698706E-01
6.65000000000E+09 +7.244301086E-02 -1.667906057E-03 +8.543930548E-02 -1.315481901E-02 +3.359904607E-01 +1.600094737E-01
6.66000000000E+09 -1.690403837E-02 -7.439784960E-02 +1.410295115E-01 -2.783592745E-02 +2.859137332E-01 +7.046049439E-02
6.67000000000E+09 -7.039020013E-02 +3.834712306E-02 +1.404853325E-01 -8.055511621E-02 +1.525882330E-01 +6.942208923E-02
6.68000000000E+09 +5.545337224E-02 +5.443893397E-02 +1.096751757E-01 -8.031982067E-02 +9.252941239E-02 +1.980269204E-01
6.69000000000E+09 +3.782138595E-02 -6.134865750E-02 +1.197797919E-01 -7.495568594E-02 +1.867741983E-01 +2.997258393E-01
6.70000000000E+09 -6.496908237E-02 -2.729094253E-02 +1.052148847E-01 -1.044714673E-01 +3.020157640E-01 +2.548724917E-01
6.71000000000E+09 -1.545609588E-02 +7.403513637E-02 +4.655603925E-02 -8.935456476E-02 +2.940338232E-01 +1.276868303E-01
6.72000000000E+09 +8.011412794E-02 -7.356874377E-03 +4.086523405E-02 -1.971179500E-02 +1.571717672E-01 +9.139010059E-02
6.73000000000E+09 -3.138560299E-02 -6.994822840E-02 +7.972444544E-02 -3.282818531E-03 +6.050049777E-02 +2.209222647E-01
6.74000000000E+09 -5.295055889E-02 +4.180569192E-02 +6.894884339E-02 +1.773069292E-03 +1.257247098E-01 +3.634483698E-01
6.75000000000E+09 +4.386710633E-02 +4.243858662E-02 +8.129801154E-02 +5.832855666E-02 +2.690077380E-01 +3.967849217E-01
6.76000000000E+09 +3.865000926E-02 -4.788977645E-02 +1.616941188E-01 +7.534404320E-02 +3.731376670E-01 +3.172257713E-01
6.77000000000E+09 -5.976053946E-02 -3.384996982E-02 +2.073241180E-01 +1.008377100E-04 +3.591499246E-01 +2.026237227E-01
6.78000000000E+09 -1.649243056E-02 +7.340028946E-02 +1.485660686E-01 -5.093702281E-02 +2.565677673E-01 +1.780141556E-01
6.79000000000E+09 +7.181932205E-02 -7.415746967E-03 +1.190221545E-01 -1.493688313E-02 +2.316944574E-01 +2.788628525E-01
6.80000000000E+09 -2.008468745E-02 -6.188845381E-02 +1.375113691E-01 -2.702888345E-02 +3.275678172E-01 +3.280308595E-01
6.81000000000E+09 -5.700904558E-02 +2.713770126E-02 +8.556830140E-02 -6.137600859E-02 +4.123222015E-01 +2.668592114E-01
6.82000000000E+09 +3.748513051E-02 +5.541747870E-02 +1.013557150E-02 -4.982658572E-03 +4.200863785E-01 +1.686320131E-01
6.83000000000E+09 +4.960285762E-02 -5.334892368E-02 +3.480499695E-02 +8.848640431E-02 +3.508237861E-01 +1.111848569E-01
6.84000000000E+09 -6.759242350E-02 -3.358457020E-02 +9.818800128E-02 +8.907371321E-02 +2.845842405E-01 +1.393853489E-01
6.85000000000E+09 -1.389364433E-02 +7.129511695E-02 +9.019341651E-02 +7.213907408E-02 +3.056928457E-01 +1.947614096E-01
6.86000000000E+09 +6.985767110E-02 -8.252755355E-05 +9.898191253E-02 +1.058026869E-01 +3.679840361E-01 +1.753934742E-01
6.87000000000E+09 -1.250132959E-02 -7.071960066E-02 +1.546565361E-01 +9.459347714E-02 +3.692808365E-01 +8.758299291E-02
6.88000000000E+09 -7.113759569E-02 +3.049804183E-02 +1.548504414E-01 +2.663590103E-02 +2.725907045E-01 +2.891436479E-02
6.89000000000E+09 +5.212229413E-02 +6.088960323E-02 +9.867298250E-02 +9.641334904E-03 +1.693250347E-01 +9.603933194E-02
6.90000000000E+09 +4.211790577E-02 -6.432503591E-02 +8.228235664E-02 +2.303416678E-02 +1.794760391E-01 +2.056214954E-01
6.91000000000E+09 -6.880162117E-02 -2.580071117E-02 +5.544360982E-02 +3.545977283E-03 +2.549486131E-01 +2.351612059E-01
6.92000000000E+09 -1.159263968E-02 +7.252358467E-02 -1.096506950E-02 +2.883818801E-02 +2.947470492E-01 +1.966300112E-01
6.93000000000E+09 +7.555593757E-02 -5.617800252E-03 -1.526598456E-02 +1.087702084E-01 +2.657080100E-01 +1.549133064E-01
6.94000000000E+09 -2.672136955E-02 -7.162036193E-02 +4.026085040E-02 +1.249236616E-01 +2.043483398E-01 +1.807641017E-01
6.95000000000E+09 -5.781623867E-02 +4.285671400E-02 +3.790958660E-02 +1.013140639E-01 +2.068181790E-01 +2.690567571E-01
6.96000000000E+09 +4.943954826E-02 +4.400671702E-02 +3.447403574E-02 +1.340539741E-01 +2.872743991E-01 +3.186153607E-01
6.97000000000E+09 +3.462917684E-02 -5.384091075E-02 +1.002412539E-01 +1.351570270E-01 +3.647823449E-01 +2.918482367E-01
6.98000000000E+09 -6.084366668E-02 -2.582576815E-02 +1.241026364E-01 +4.226085778E-02 +3.892173907E-01 +2.293217195E-01
6.99000000000E+09 -1.180920001E-02 +6.810377522E-02 +3.620284718E-02 -1.436769197E-02 +3.673672916E-01 +1.963631115E-01
7.00000000000E+09 +6.904900342E-02 -5.949795245E-03 -2.104440271E-02 +3.434125790E-02 +3.549495490E-01 +2.049968485E-01

[Channel0\Trace0\Marker0]
Enabled=1
Position=0.2

[Channel0\Trace1]
ReferencePosition[0]=1

[Channel0\Trace1\Marker0]
Enabled=1
Position=0.2

[Channel0\Trace2]
SPort=0
FormatType=2

[Channel0\Trace2\Marker0]
Enabled=1
Position=0.2

[Channel0\Trace3]
SPort=0
FormatType=2

[Channel0\Trace3\Marker0]
Enabled=1
Position=0.2

