[NWA State]
TriggerSource=3

[Channel0]
Points=501
FrequencyStart=2000000000
FrequencyStop=7000000000
FixedPower[0]=5
FixedPower[1]=5
IFBW=1000
CorrectionEnabled=1
TraceCount=4

[Channel0\Correction\11]
Calyyyymmdd=2022/03/26
Calhhmmss=18:03:44
VNATemperature=37.4 °C
Type=3
KitLabel=ACM2509.2
KitDescription=AutoCal Module 20 kHz-9 GHz (CMT), SN: 19039185, Char: Factory, 26°C, ThermoComp: ON
CalIFBW=1 kHz
CalPower=5 dBm
CalPorts[0]=0
CalPorts[1]=0

[Channel0\Correction\11\Data]
2.00000000000E+09 -5.088898840E-02 -1.207981855E-01 -7.903576055E-02 -5.395643421E-02 -2.017829551E-01 +8.172655438E-02
2.01000000000E+09 -4.069355533E-02 +1.277248340E-01 -7.110364800E-02 +3.186334617E-02 -1.522378650E-01 +2.603032470E-02
2.02000000000E+09 +1.099295183E-01 -6.820395436E-02 -9.034403528E-03 +1.041555480E-02 -2.350797775E-01 -1.363857586E-02
2.03000000000E+09 -1.242614746E-01 -2.769586341E-02 -3.482144215E-02 +2.053798761E-02 -2.594145266E-01 +8.594231973E-02
2.04000000000E+09 +7.719643705E-02 +1.089127234E-01 +3.796191573E-02 +4.764367278E-02 -1.491198744E-01 +9.212836399E-02
2.05000000000E+09 +8.374778715E-03 -1.322721838E-01 +5.064394882E-02 -3.054843420E-02 -1.693399878E-01 -9.799612419E-03
2.06000000000E+09 -9.107109956E-02 +8.788911873E-02 +2.810736161E-02 -1.439609807E-02 -2.567034253E-01 +2.677994603E-02
2.07000000000E+09 +1.278397680E-01 +8.094515721E-05 +6.882357670E-02 -5.632008845E-02 -2.100130634E-01 +1.055154308E-01
2.08000000000E+09 -9.976732322E-02 -8.631093972E-02 -2.434932271E-03 -9.736732942E-02 -1.305839523E-01 +5.293931232E-02
2.09000000000E+09 +2.063227980E-02 +1.266963614E-01 -1.112436210E-02 -5.004172048E-02 -1.977942798E-01 -2.380021748E-02
2.10000000000E+09 +7.067386505E-02 -1.025432672E-01 -2.196614149E-02 -8.264371910E-02 -2.591013586E-01 +5.314764359E-02
2.11000000000E+09 -1.265906733E-01 +2.835907841E-02 -7.852694468E-02 -2.507552603E-02 -1.662862283E-01 +8.934772132E-02
2.12000000000E+09 +1.164775366E-01 +5.684004618E-02 -1.602299618E-02 +1.225135210E-02 -1.712210669E-01 -2.102863372E-02
2.13000000000E+09 -4.477405617E-02 -1.134033613E-01 -3.662580358E-02 -1.019968011E-02 -2.855695453E-01 +1.189018518E-02
2.14000000000E+09 -4.897084169E-02 +1.131995162E-01 -1.575840588E-02 +6.375482825E-02 -2.455038525E-01 +1.175892379E-01
2.15000000000E+09 +1.161135108E-01 -5.601180159E-02 +6.488689771E-02 +2.305403764E-02 -1.565960267E-01 +7.757449913E-02
2.16000000000E+09 -1.223523861E-01 -2.964681691E-02 +2.898983317E-02 -8.710613588E-04 -2.068340162E-01 +2.587970876E-03
2.17000000000E+09 +6.575953244E-02 +1.009482436E-01 +7.857297995E-02 +1.302797382E-02 -2.713575642E-01 +6.468182429E-02
2.18000000000E+09 +2.362511055E-02 -1.213311035E-01 +7.086048380E-02 -7.163697568E-02 -1.986450391E-01 +1.262034459E-01
2.19000000000E+09 -9.838656702E-02 +8.063276137E-02 +1.086984901E-02 -4.640971072E-02 -1.550549028E-01 +3.675594605E-02
2.20000000000E+09 +1.213066040E-01 +3.341815888E-03 +4.090856110E-02 -5.747831988E-02 -2.534479815E-01 +2.189033377E-02
2.21000000000E+09 -8.357115845E-02 -8.674380033E-02 -3.235466242E-02 -7.925131470E-02 -2.467793894E-01 +1.151239744E-01
2.22000000000E+09 +5.226368352E-03 +1.252790475E-01 -3.802510986E-02 +3.677441720E-03 -1.720687943E-01 +9.502840073E-02
2.23000000000E+09 +7.550729736E-02 -9.851888064E-02 -8.057905418E-03 -1.797767980E-02 -2.031567505E-01 +4.032821782E-02
2.24000000000E+09 -1.185963439E-01 +2.158545536E-02 -5.235426465E-02 +2.358605675E-02 -2.453349709E-01 +7.617109952E-02
2.25000000000E+09 +1.017383370E-01 +6.560159468E-02 +2.067885139E-02 +6.593496089E-02 -2.145820691E-01 +1.203132207E-01
2.26000000000E+09 -3.394938576E-02 -1.186837897E-01 +2.594703575E-02 +1.416852223E-02 -1.703066056E-01 +8.842324441E-02
2.27000000000E+09 -5.071656755E-02 +1.100465324E-01 +2.383756916E-02 +5.751928685E-02 -2.083344594E-01 +5.958429079E-02
2.28000000000E+09 +1.103828263E-01 -4.511458275E-02 +8.458527932E-02 +1.945171741E-02 -2.174910526E-01 +1.063639189E-01
2.29000000000E+09 -1.146380239E-01 -4.106699447E-02 +3.719429967E-02 -1.384485286E-02 -1.686951686E-01 +9.507930770E-02
2.30000000000E+09 +5.975111549E-02 +1.052675360E-01 +5.918619467E-02 +1.149431664E-02 -1.895080131E-01 +5.720184702E-02
2.31000000000E+09 +2.558660509E-02 -1.166560292E-01 +4.750298896E-02 -5.303638062E-02 -2.115600038E-01 +7.132658247E-02
2.32000000000E+09 -9.629745416E-02 +6.952922575E-02 -1.306655138E-02 -1.602055648E-02 -2.191787112E-01 +7.817438604E-02
2.33000000000E+09 +1.172186233E-01 +1.362001485E-02 +2.777427818E-02 -8.446926481E-03 -2.188456623E-01 +1.061734385E-01
2.34000000000E+09 -7.930490080E-02 -8.975387761E-02 -2.692152054E-02 -3.938295154E-02 -1.816708672E-01 +1.057766800E-01
2.35000000000E+09 +1.929655255E-03 +1.195060384E-01 -3.781962883E-02 +3.327821878E-02 -1.885410774E-01 +6.921214703E-02
2.36000000000E+09 +7.583309251E-02 -8.879145440E-02 -9.044662020E-03 +1.401615493E-02 -2.196352933E-01 +7.375485652E-02
2.37000000000E+09 -1.138819505E-01 +1.366483850E-02 -5.597904079E-02 +4.958448636E-02 -2.275376750E-01 +1.090312826E-01
2.38000000000E+09 +9.359169802E-02 +6.784273890E-02 +1.206313563E-02 +1.003626359E-01 -1.854474957E-01 +1.254459441E-01
2.39000000000E+09 -2.723099010E-02 -1.133788329E-01 +3.081443571E-02 +5.040073099E-02 -1.755002133E-01 +6.592108761E-02
2.40000000000E+09 -5.319955506E-02 +9.827939726E-02 +3.402863904E-02 +8.268140008E-02 -2.505539581E-01 +8.244035886E-02
2.41000000000E+09 +1.069419360E-01 -3.239265100E-02 +1.035623183E-01 +3.430144315E-02 -2.113767909E-01 +1.664409793E-01
2.42000000000E+09 -1.069245178E-01 -4.875213371E-02 +5.261334691E-02 -3.428655852E-02 -1.290197636E-01 +1.081465592E-01
2.43000000000E+09 +5.119638147E-02 +1.041151313E-01 +3.849078001E-02 -2.594502725E-02 -1.904250088E-01 +3.882111677E-02
2.44000000000E+09 +3.096334414E-02 -1.075929121E-01 -4.430442393E-03 -8.659377896E-02 -2.485088718E-01 +9.114709337E-02
2.45000000000E+09 -9.639162576E-02 +5.739612225E-02 -1.011139578E-01 -3.263674825E-02 -2.126489205E-01 +1.429039797E-01
2.46000000000E+09 +1.126316578E-01 +2.023778953E-02 -7.597971416E-02 +2.382630046E-02 -1.614938110E-01 +1.022827516E-01
2.47000000000E+09 -7.061734991E-02 -8.497343330E-02 -1.108351595E-01 +3.495069196E-02 -2.244581418E-01 +6.256702827E-02
2.48000000000E+09 -8.514517646E-03 +1.052279952E-01 -8.518982775E-02 +1.357258679E-01 -2.556820649E-01 +1.467454812E-01
2.49000000000E+09 +8.258828934E-02 -7.247025978E-02 +9.768887979E-03 +1.207515266E-01 -1.637378902E-01 +1.614451669E-01
2.50000000000E+09 -1.120654874E-01 +2.537130293E-03 +8.667438879E-03 +1.010296892E-01 -1.703681698E-01 +8.010732517E-02
2.51000000000E+09 +8.284213516E-02 +7.078348235E-02 +8.200415546E-02 +9.575251945E-02 -2.344573883E-01 +1.059178489E-01
2.52000000000E+09 -1.230078647E-02 -1.090022394E-01 +8.427389382E-02 -1.712491818E-02 -2.152608323E-01 +1.489181782E-01
2.53000000000E+09 -6.469549237E-02 +9.127003527E-02 +1.728759842E-02 -2.553387198E-02 -1.789870297E-01 +1.485633998E-01
2.54000000000E+09 +1.095192083E-01 -2.761588754E-02 +2.259157610E-02 -5.645389850E-02 -1.702814427E-01 +1.167842057E-01
2.55000000000E+09 -9.840589841E-02 -4.924890963E-02 -7.519185137E-02 -8.463896070E-02 -2.090666363E-01 +1.125364163E-01
2.56000000000E+09 +3.796541286E-02 +1.012770343E-01 -1.061088742E-01 -4.290541778E-03 -1.972190868E-01 +1.516216882E-01
2.57000000000E+09 +3.981079223E-02 -1.014506808E-01 -1.000284961E-01 -5.193464893E-03 -1.667873802E-01 +1.334858103E-01
2.58000000000E+09 -9.591526393E-02 +4.847466790E-02 -1.427124387E-01 +5.587886049E-02 -1.859509010E-01 +1.217881303E-01
2.59000000000E+09 +1.033913959E-01 +2.891332201E-02 -6.807648069E-02 +1.100950893E-01 -1.847837644E-01 +1.239460769E-01
2.60000000000E+09 -5.715612459E-02 -9.009658740E-02 -4.780535639E-02 +7.646137154E-02 -2.020971527E-01 +1.282957759E-01
2.61000000000E+09 -1.998601477E-02 +1.052717725E-01 -2.282795014E-02 +1.151170507E-01 -1.830352350E-01 +1.646709993E-01
2.62000000000E+09 +8.723522671E-02 -6.834503102E-02 +5.560871309E-02 +6.123256048E-02 -1.424770453E-01 +1.187300268E-01
2.63000000000E+09 -1.088576219E-01 -3.255484339E-03 +2.180504693E-02 +6.511632895E-03 -2.025444018E-01 +8.753474524E-02
2.64000000000E+09 +7.574131410E-02 +7.373572266E-02 +4.712680618E-02 -4.063978786E-03 -2.304198202E-01 +1.470426492E-01
2.65000000000E+09 -5.375038622E-03 -1.058267822E-01 +1.645477960E-02 -1.016464893E-01 -1.885085877E-01 +1.767845421E-01
2.66000000000E+09 -6.694406867E-02 +8.376794863E-02 -8.071004908E-02 -8.427419016E-02 -1.498116589E-01 +1.488075768E-01
2.67000000000E+09 +1.037755365E-01 -1.998732253E-02 -8.302428842E-02 -6.521127500E-02 -1.801163720E-01 +1.099099126E-01
2.68000000000E+09 -8.593908918E-02 -5.384455500E-02 -1.540240315E-01 -5.907657592E-02 -2.165305513E-01 +1.605734052E-01
2.69000000000E+09 +2.451266713E-02 +1.006150447E-01 -1.610716029E-01 +4.372207716E-02 -1.431939544E-01 +1.835473031E-01
2.70000000000E+09 +4.799767466E-02 -9.512949658E-02 -1.058465513E-01 +5.917256029E-02 -1.351143964E-01 +9.894029363E-02
2.71000000000E+09 -9.602705226E-02 +3.899075241E-02 -1.012115284E-01 +9.842579256E-02 -2.151487387E-01 +1.108987740E-01
2.72000000000E+09 +9.677071062E-02 +3.754911156E-02 +3.685024018E-03 +1.193519004E-01 -1.976561846E-01 +1.653007829E-01
2.73000000000E+09 -4.870761956E-02 -9.457992337E-02 +4.002736253E-02 +3.133128712E-02 -1.565410706E-01 +1.534472346E-01
2.74000000000E+09 -2.388002653E-02 +1.041761349E-01 +3.990281934E-02 +1.802089057E-02 -1.659178468E-01 +1.172575967E-01
2.75000000000E+09 +8.360172339E-02 -6.150298944E-02 +7.351041447E-02 -6.468230075E-02 -2.095332462E-01 +1.207092652E-01
2.76000000000E+09 -1.009098581E-01 -1.170285821E-02 -1.703057313E-02 -1.232284404E-01 -1.995533573E-01 +1.672174632E-01
2.77000000000E+09 +6.816381728E-02 +7.718729711E-02 -4.741318509E-02 -9.385354599E-02 -1.595058599E-01 +1.425825783E-01
2.78000000000E+09 -1.315528322E-03 -1.006464232E-01 -9.280952969E-02 -1.270546446E-01 -2.080850757E-01 +1.132524341E-01
2.79000000000E+09 -6.608292550E-02 +7.214376365E-02 -1.693308927E-01 -4.872402119E-02 -2.342252376E-01 +1.610216464E-01
2.80000000000E+09 +9.827198938E-02 -7.071883640E-03 -1.159724854E-01 +1.355587342E-02 -2.056281540E-01 +1.884932088E-01
2.81000000000E+09 -7.869416999E-02 -6.169164589E-02 -1.250225733E-01 +1.401100857E-02 -1.903088689E-01 +1.908344008E-01
2.82000000000E+09 +1.837161498E-02 +9.964193390E-02 -8.622599030E-02 +1.021291917E-01 -1.829249367E-01 +1.777014428E-01
2.83000000000E+09 +5.138870762E-02 -8.596720766E-02 +1.993529675E-02 +6.725848844E-02 -1.957159012E-01 +1.929231032E-01
2.84000000000E+09 -9.605200208E-02 +2.820257768E-02 +1.488331729E-02 +2.784420588E-02 -1.638027381E-01 +2.200506259E-01
2.85000000000E+09 +9.260930420E-02 +4.332203274E-02 +7.429008431E-02 +1.749645386E-02 -1.291059124E-01 +1.809502511E-01
2.86000000000E+09 -4.195419791E-02 -9.205198469E-02 +7.205657869E-02 -8.829787093E-02 -1.597634042E-01 +1.532564547E-01
2.87000000000E+09 -2.963939752E-02 +9.411359707E-02 +1.089038201E-02 -9.623620591E-02 -1.800809301E-01 +1.748751091E-01
2.88000000000E+09 +8.488734484E-02 -4.824959248E-02 +1.108007367E-02 -1.278770303E-01 -1.709612569E-01 +1.978396288E-01
2.89000000000E+09 -9.634239762E-02 -2.237009311E-02 -8.772899424E-02 -1.508595351E-01 -1.445034923E-01 +1.916673705E-01
2.90000000000E+09 +5.783792326E-02 +8.118041688E-02 -1.236786123E-01 -5.949211567E-02 -1.487474405E-01 +1.724766804E-01
2.91000000000E+09 +1.108118356E-02 -9.871226574E-02 -1.091645825E-01 -4.028342558E-02 -1.572064844E-01 +1.896400283E-01
2.92000000000E+09 -7.541419891E-02 +6.741785591E-02 -1.317674048E-01 +2.995184673E-02 -1.289253870E-01 +1.727014272E-01
2.93000000000E+09 +1.006877825E-01 -2.857628807E-03 -3.823855962E-02 +8.475101616E-02 -1.593832723E-01 +1.454929603E-01
2.94000000000E+09 -7.487967883E-02 -6.313633807E-02 +2.246700466E-04 +4.739589820E-02 -1.862298465E-01 +1.843378204E-01
2.95000000000E+09 +1.203006438E-02 +9.724775287E-02 +4.177902097E-02 +6.896361910E-02 -1.483697122E-01 +2.010878240E-01
2.96000000000E+09 +5.551650249E-02 -8.172377458E-02 +1.161309401E-01 -7.361329232E-03 -1.399881108E-01 +1.685946375E-01
2.97000000000E+09 -9.359659737E-02 +2.446641776E-02 +6.640691060E-02 -7.389277822E-02 -1.767974023E-01 +1.709782165E-01
2.98000000000E+09 +8.324143818E-02 +4.540102290E-02 +6.501435033E-02 -7.989651524E-02 -1.701507854E-01 +2.199341448E-01
2.99000000000E+09 -3.080494331E-02 -9.273257597E-02 +2.217534816E-02 -1.504812116E-01 -1.098462020E-01 +2.029857330E-01
3.00000000000E+09 -4.157589074E-02 +8.986737747E-02 -6.323412488E-02 -1.140019784E-01 -1.415176862E-01 +1.440061950E-01
3.01000000000E+09 +8.728957991E-02 -3.782647041E-02 -5.813053177E-02 -7.600219098E-02 -1.958401584E-01 +2.003286436E-01
3.02000000000E+09 -8.963982638E-02 -3.407513300E-02 -1.106084843E-01 -5.874042796E-02 -1.219609269E-01 +2.379820095E-01
3.03000000000E+09 +4.755942429E-02 +8.714868907E-02 -1.013659266E-01 +4.686942797E-02 -9.302517710E-02 +1.573803392E-01
3.04000000000E+09 +1.745971387E-02 -9.424804651E-02 -3.375584079E-02 +5.516124774E-02 -1.862658354E-01 +1.441301980E-01
3.05000000000E+09 -7.336781461E-02 +5.350242653E-02 -2.659443589E-02 +8.430340822E-02 -1.909034902E-01 +2.413205383E-01
3.06000000000E+09 +9.221726287E-02 +1.349250582E-02 +7.115568729E-02 +1.042647666E-01 -8.164579009E-02 +2.489562266E-01
3.07000000000E+09 -6.567420000E-02 -7.203867307E-02 +1.104035020E-01 +1.697278464E-02 -8.318849816E-02 +1.270606014E-01
3.08000000000E+09 +5.149224451E-03 +9.258716325E-02 +1.043871469E-01 -5.175411101E-03 -2.093749153E-01 +1.532475525E-01
3.09000000000E+09 +5.994726124E-02 -6.793391009E-02 +1.235669677E-01 -8.245136187E-02 -1.601700986E-01 +2.647402951E-01
3.10000000000E+09 -9.603024801E-02 +1.056773463E-02 +2.523475196E-02 -1.384922500E-01 -5.945816169E-02 +2.015482090E-01
3.11000000000E+09 +8.330593430E-02 +4.995533986E-02 -2.217658516E-02 -9.670247323E-02 -1.493332706E-01 +1.179872935E-01
3.12000000000E+09 -2.768343450E-02 -8.630761054E-02 -7.374498382E-02 -1.049469312E-01 -2.171996152E-01 +2.112341354E-01
3.13000000000E+09 -4.140670687E-02 +7.922816371E-02 -1.449655850E-01 -8.145443289E-03 -1.249259820E-01 +2.880290177E-01
3.14000000000E+09 +8.875115312E-02 -3.283727690E-02 -8.315928695E-02 +7.813866698E-02 -4.578188357E-02 +1.952139050E-01
3.15000000000E+09 -8.901865508E-02 -2.910347318E-02 -5.805579652E-02 +9.292004319E-02 -1.503309586E-01 +1.218138470E-01
3.16000000000E+09 +4.195276491E-02 +7.691001070E-02 +8.787650525E-03 +1.520740691E-01 -1.983179047E-01 +2.344117745E-01
3.17000000000E+09 +2.639142986E-02 -8.598087422E-02 +1.048120637E-01 +9.486956158E-02 -9.179690021E-02 +2.627568122E-01
3.18000000000E+09 -7.974001558E-02 +5.108900194E-02 +9.216615722E-02 +4.060357680E-02 -9.165258832E-02 +1.644679011E-01
3.19000000000E+09 +9.139600978E-02 +1.150458266E-02 +1.296827702E-01 +1.032818290E-02 -1.758565801E-01 +1.859876708E-01
3.20000000000E+09 -5.663873002E-02 -6.949025402E-02 +8.906334381E-02 -9.408448449E-02 -1.514394613E-01 +2.683431550E-01
3.21000000000E+09 -6.551352207E-03 +9.197236024E-02 -6.289444710E-03 -7.862488673E-02 -7.379338890E-02 +2.595742408E-01
3.22000000000E+09 +6.632103835E-02 -6.866150144E-02 -1.771049309E-02 -6.787041449E-02 -7.110779574E-02 +1.779128164E-01
3.23000000000E+09 -9.128758421E-02 +1.028899062E-02 -9.997080768E-02 -5.424121802E-02 -1.491353325E-01 +1.935585969E-01
3.24000000000E+09 +7.014698234E-02 +5.367010772E-02 -1.063833537E-01 +4.657033271E-02 -1.142260515E-01 +2.667048224E-01
3.25000000000E+09 -1.470214204E-02 -8.985932514E-02 -6.919668355E-02 +6.211705132E-02 -4.782845189E-02 +2.161210538E-01
3.26000000000E+09 -4.718335375E-02 +7.870775766E-02 -7.509076155E-02 +1.118282307E-01 -9.900993473E-02 +1.654641696E-01
3.27000000000E+09 +8.546270602E-02 -2.629062676E-02 +1.185211811E-02 +1.426428952E-01 -1.335133056E-01 +2.070754663E-01
3.28000000000E+09 -8.004787993E-02 -3.906667223E-02 +3.985272573E-02 +9.150841993E-02 -1.119774531E-01 +2.365792697E-01
3.29000000000E+09 +3.328067888E-02 +8.497690861E-02 +6.038192321E-02 +1.013815943E-01 -7.402020702E-02 +2.252235425E-01
3.30000000000E+09 +3.095108477E-02 -8.820308431E-02 +1.160090208E-01 +3.093787887E-02 -8.411249358E-02 +1.872208602E-01
3.31000000000E+09 -7.956891911E-02 +4.664519567E-02 +5.879247012E-02 -3.370001106E-02 -1.241821163E-01 +2.044649839E-01
3.32000000000E+09 +8.977944147E-02 +1.835961944E-02 +4.218728033E-02 -4.166531182E-02 -9.773807041E-02 +2.283879290E-01
3.33000000000E+09 -5.564823809E-02 -7.248757789E-02 -1.985481750E-02 -1.021691836E-01 -9.670834031E-02 +2.124803219E-01
3.34000000000E+09 -6.361889536E-03 +8.886716290E-02 -1.184292691E-01 -4.690905687E-02 -1.013421262E-01 +2.297143468E-01
3.35000000000E+09 +6.414973846E-02 -6.092319655E-02 -1.164598649E-01 +7.371670844E-03 -8.322155866E-02 +2.193848741E-01
3.36000000000E+09 -8.714709904E-02 +2.794812273E-03 -1.590682129E-01 +4.678495997E-02 -1.050518227E-01 +2.216570762E-01
3.37000000000E+09 +6.391299270E-02 +5.704494490E-02 -1.256943626E-01 +1.587878012E-01 -8.260608511E-02 +2.596039543E-01
3.38000000000E+09 -7.298363987E-03 -8.762555703E-02 -2.712348892E-02 +1.650001071E-01 -3.572541676E-02 +2.346289541E-01
3.39000000000E+09 -5.407929638E-02 +7.355243698E-02 +9.314880719E-03 +1.550404427E-01 -4.112898900E-02 +1.813886994E-01
3.40000000000E+09 +8.913094711E-02 -2.187826769E-02 +9.859923803E-02 +1.234754451E-01 -9.764295524E-02 +1.737361368E-01
3.41000000000E+09 -7.943499735E-02 -4.101312136E-02 +1.040384527E-01 +5.225142220E-03 -1.115460970E-01 +2.358673004E-01
3.42000000000E+09 +3.106208993E-02 +8.500954812E-02 +5.521487734E-02 -3.620347348E-02 -2.685718803E-02 +2.316044296E-01
3.43000000000E+09 +2.987057538E-02 -8.713472366E-02 +1.997136971E-02 -1.004364650E-01 -6.409844008E-02 +1.312911237E-01
3.44000000000E+09 -7.306753062E-02 +4.432282379E-02 -1.023024569E-01 -1.073249168E-01 -1.713080030E-01 +1.990692916E-01
3.45000000000E+09 +7.905511956E-02 +2.048190764E-02 -1.434740518E-01 -3.100418604E-02 -9.379481744E-02 +2.974172900E-01
3.46000000000E+09 -4.508348465E-02 -7.297048787E-02 -1.667773008E-01 -5.163929077E-03 -5.541878710E-03 +2.200165399E-01
3.47000000000E+09 -1.135062827E-02 +8.647937485E-02 -1.930954807E-01 +9.124880052E-02 -9.163895688E-02 +1.466770747E-01
3.48000000000E+09 +6.186876903E-02 -5.395736171E-02 -1.047859185E-01 +1.503705711E-01 -1.605856565E-01 +2.475398727E-01
3.49000000000E+09 -8.140937021E-02 -6.843750047E-03 -6.329987342E-02 +1.373431008E-01 -4.290830837E-02 +3.186630661E-01
3.50000000000E+09 +6.075335697E-02 +6.535601377E-02 +6.556375645E-04 +1.594843160E-01 +3.085606166E-02 +1.861419925E-01
3.51000000000E+09 -1.068303933E-02 -8.827545227E-02 +8.000350191E-02 +7.336647296E-02 -1.335504949E-01 +1.372493160E-01
3.52000000000E+09 -4.716781904E-02 +6.573888666E-02 +4.887009200E-02 +2.982450630E-03 -1.377823633E-01 +3.113183450E-01
3.53000000000E+09 +8.181204621E-02 -1.114103790E-02 +5.304274505E-02 -3.867488004E-02 +3.273958963E-02 +3.034915260E-01
3.54000000000E+09 -7.516342888E-02 -4.705534461E-02 -8.230245912E-03 -1.283457036E-01 +1.469016122E-02 +1.316111958E-01
3.55000000000E+09 +2.859481949E-02 +7.955940892E-02 -1.089038556E-01 -1.070194969E-01 -1.383089480E-01 +1.718415611E-01
3.56000000000E+09 +3.340851085E-02 -7.224396315E-02 -1.435220798E-01 -8.339508617E-02 -8.384127855E-02 +3.004267603E-01
3.57000000000E+09 -7.865154652E-02 +2.867435950E-02 -2.183291319E-01 -3.579572965E-02 +3.824003416E-02 +2.367865384E-01
3.58000000000E+09 +8.310512971E-02 +2.778831265E-02 -2.030518847E-01 +8.122842568E-02 -5.870917097E-02 +1.169086322E-01
3.59000000000E+09 -4.290261731E-02 -6.985995488E-02 -1.412548859E-01 +1.088163490E-01 -1.557574151E-01 +2.409784244E-01
3.60000000000E+09 -2.067146073E-02 +7.812356239E-02 -9.963927913E-02 +1.568026549E-01 -2.808359567E-02 +3.275460181E-01
3.61000000000E+09 +7.365024385E-02 -4.773291553E-02 +3.016526023E-02 +1.522158194E-01 +3.725027006E-02 +2.004500912E-01
3.62000000000E+09 -8.827209637E-02 -6.826086215E-03 +7.543057506E-02 +3.921400975E-02 -7.288341688E-02 +1.723647386E-01
3.63000000000E+09 +5.828875108E-02 +6.053996226E-02 +7.241476094E-02 -1.754332515E-02 -6.584398938E-02 +2.676308670E-01
3.64000000000E+09 -6.572709004E-04 -8.510021878E-02 +6.070695170E-02 -1.189919403E-01 +2.009166320E-02 +2.369631685E-01
3.65000000000E+09 -5.540873705E-02 +6.716305610E-02 -5.537154520E-02 -1.665659070E-01 -2.841777011E-02 +1.611950090E-01
3.66000000000E+09 +8.205354951E-02 -1.473520227E-02 -1.144484727E-01 -1.301518167E-01 -8.676151344E-02 +2.265948333E-01
3.67000000000E+09 -6.778730899E-02 -4.608554155E-02 -1.765858021E-01 -1.171545350E-01 -2.711839624E-03 +2.744514528E-01
3.68000000000E+09 +2.028503544E-02 +8.352344137E-02 -2.277646506E-01 -1.554314796E-02 +3.104269555E-02 +1.733476621E-01
3.69000000000E+09 +3.620652819E-02 -7.786109406E-02 -1.690407903E-01 +5.905384009E-02 -7.396137064E-02 +1.587414270E-01
3.70000000000E+09 -7.590129245E-02 +3.180368430E-02 -1.362601176E-01 +9.087189952E-02 -6.505038685E-02 +2.619107665E-01
3.71000000000E+09 +7.856899153E-02 +2.971533108E-02 -4.587606210E-02 +1.362469111E-01 +2.701798779E-02 +2.282819862E-01
3.72000000000E+09 -4.301417272E-02 -7.519916556E-02 +4.722418547E-02 +6.735229373E-02 -1.996832518E-02 +1.469919386E-01
3.73000000000E+09 -1.463385146E-02 +8.182384906E-02 +5.569317849E-02 +1.108140322E-02 -8.936361935E-02 +2.114521058E-01
3.74000000000E+09 +6.557865706E-02 -4.789404856E-02 +9.056967032E-02 -5.438381830E-02 -1.177345041E-02 +2.635084003E-01
3.75000000000E+09 -8.390227208E-02 -8.886896296E-03 +3.702396811E-02 -1.528200723E-01 +2.584515429E-02 +1.734960480E-01
3.76000000000E+09 +5.964956715E-02 +5.911434482E-02 -3.728758106E-02 -1.531657381E-01 -7.674964776E-02 +1.502882645E-01
3.77000000000E+09 -4.496375153E-03 -7.958977267E-02 -8.090058986E-02 -1.683967802E-01 -8.501973103E-02 +2.596642556E-01
3.78000000000E+09 -5.261819712E-02 +6.051347361E-02 -1.736228636E-01 -1.272603726E-01 +1.252401476E-02 +2.567393821E-01
3.79000000000E+09 +8.233642102E-02 -1.248346466E-02 -1.694728557E-01 -2.849412000E-02 -2.536507672E-03 +1.689098579E-01
3.80000000000E+09 -6.919203352E-02 -4.132610583E-02 -1.468990503E-01 +1.827595982E-04 -8.311329032E-02 +2.185998039E-01
3.81000000000E+09 +2.056648183E-02 +7.438494383E-02 -1.232373727E-01 +7.382578271E-02 -6.354135879E-03 +2.886207777E-01
3.82000000000E+09 +3.778109608E-02 -7.072747673E-02 -1.657095893E-02 +9.444637966E-02 +7.396769742E-02 +1.960573880E-01
3.83000000000E+09 -7.535515745E-02 +3.230314798E-02 +3.413619786E-02 +5.023292807E-02 -4.552741985E-02 +1.162062375E-01
3.84000000000E+09 +7.293022519E-02 +2.279648626E-02 +9.472006328E-02 +2.312416927E-02 -1.110351951E-01 +2.510787202E-01
3.85000000000E+09 -3.327537184E-02 -6.635441767E-02 +1.262417938E-01 -8.717991579E-02 +2.616223653E-02 +3.162584382E-01
3.86000000000E+09 -2.316593790E-02 +7.582193422E-02 +5.445753394E-02 -1.546469680E-01 +1.012527240E-01 +1.793606272E-01
3.87000000000E+09 +6.725921416E-02 -4.667498172E-02 +1.325990611E-02 -1.688146262E-01 -3.504361498E-02 +1.123167486E-01
3.88000000000E+09 -7.673789687E-02 -7.508237947E-03 -6.639618373E-02 -1.889237612E-01 -8.034814760E-02 +2.414271735E-01
3.89000000000E+09 +4.856134615E-02 +5.839079087E-02 -1.327939336E-01 -1.146720377E-01 +5.627154795E-02 +2.652074916E-01
3.90000000000E+09 +2.514131909E-03 -8.010510076E-02 -1.250255489E-01 -5.596752011E-02 +5.849469937E-02 +1.109984774E-01
3.91000000000E+09 -5.000891070E-02 +5.993206117E-02 -1.300585807E-01 +7.870806172E-03 -1.127726716E-01 +1.253449631E-01
3.92000000000E+09 +7.190748912E-02 -8.363300136E-03 -5.413839615E-02 +7.640298731E-02 -8.434592201E-02 +2.945281780E-01
3.93000000000E+09 -5.713898182E-02 -4.731247441E-02 +1.624816236E-02 +5.275772782E-02 +6.547847252E-02 +2.708194956E-01
3.94000000000E+09 +1.306688148E-02 +7.854769791E-02 +4.528853513E-02 +5.303920550E-02 +4.163876109E-02 +1.363032782E-01
3.95000000000E+09 +3.843613187E-02 -6.852840346E-02 +1.224282113E-01 +1.792850455E-02 -6.871573286E-02 +1.817556644E-01
3.96000000000E+09 -7.229987728E-02 +2.319853151E-02 +1.217846905E-01 -6.533354824E-02 +6.214191205E-04 +2.675068376E-01
3.97000000000E+09 +7.163613445E-02 +3.377814300E-02 +1.038669946E-01 -9.592270918E-02 +7.457750496E-02 +1.768297329E-01
3.98000000000E+09 -3.596935387E-02 -7.218735000E-02 +7.493699112E-02 -1.588902978E-01 -4.765390075E-02 +1.082315672E-01
3.99000000000E+09 -1.833790680E-02 +7.303460503E-02 -1.728479545E-02 -1.576644265E-01 -9.294598465E-02 +2.513509416E-01
4.00000000000E+09 +6.421095157E-02 -3.777870638E-02 -4.607259526E-02 -1.133602693E-01 +4.484206591E-02 +2.823976398E-01
4.01000000000E+09 -7.746170358E-02 -1.546240523E-02 -9.049025929E-02 -9.063138678E-02 +5.911627985E-02 +1.419563675E-01
4.02000000000E+09 +5.026394443E-02 +5.956723131E-02 -1.114302947E-01 +8.293151566E-03 -6.884858073E-02 +1.604633836E-01
4.03000000000E+09 +3.631837262E-03 -7.411419317E-02 -5.062913828E-02 +6.403437408E-02 -3.441991197E-02 +2.707923257E-01
4.04000000000E+09 -5.589095822E-02 +5.164527154E-02 -1.807319976E-02 +9.758404304E-02 +6.167433948E-02 +2.299943565E-01
4.05000000000E+09 +7.930698483E-02 -3.210075972E-03 +7.714110243E-02 +1.378043663E-01 +1.391198344E-02 +1.564982926E-01
4.06000000000E+09 -6.143925235E-02 -4.760760207E-02 +1.669839645E-01 +6.591205793E-02 -2.174771809E-02 +2.208283096E-01
4.07000000000E+09 +1.249791004E-02 +7.697223998E-02 +1.777248240E-01 -2.605552726E-03 +6.166567816E-02 +2.176212055E-01
4.08000000000E+09 +4.104931668E-02 -6.967139681E-02 +1.846472117E-01 -8.415069496E-02 +1.761154284E-02 +1.010068795E-01
4.09000000000E+09 -7.136198454E-02 +2.793672314E-02 +9.595054106E-02 -1.594891882E-01 -1.144886936E-01 +1.899712915E-01
4.10000000000E+09 +6.592173234E-02 +2.822247791E-02 +1.527992588E-02 -1.356887516E-01 -1.342994662E-02 +3.221113039E-01
4.11000000000E+09 -2.791305758E-02 -6.967513105E-02 -3.829633206E-02 -1.245133214E-01 +1.147853697E-01 +2.150863171E-01
4.12000000000E+09 -2.239243567E-02 +7.524878723E-02 -1.237783393E-01 -5.119858487E-02 -3.175502948E-03 +1.169585589E-01
4.13000000000E+09 +6.111023330E-02 -4.105740977E-02 -1.033925141E-01 +6.447160488E-02 -5.432089408E-02 +2.514478969E-01
4.14000000000E+09 -7.060744563E-02 -1.411843756E-02 -5.684176673E-02 +1.140376616E-01 +9.663373334E-02 +2.644830253E-01
4.15000000000E+09 +4.617771375E-02 +6.134084857E-02 +5.356373477E-03 +1.737063909E-01 +8.452159418E-02 +8.493214880E-02
4.16000000000E+09 +2.444353325E-04 -7.502952390E-02 +1.137027025E-01 +1.562225678E-01 -1.124198021E-01 +1.351215555E-01
4.17000000000E+09 -4.790536995E-02 +4.988952197E-02 +1.490167247E-01 +9.610037363E-02 -3.685758920E-02 +3.281941482E-01
4.18000000000E+09 +7.193723635E-02 +2.810237270E-04 +1.851512610E-01 +4.871521865E-02 +1.513804048E-01 +2.347344858E-01
4.19000000000E+09 -6.078227817E-02 -4.890531800E-02 +1.762955729E-01 -5.875144573E-02 +3.042064706E-02 +5.835637489E-02
4.20000000000E+09 +1.752737964E-02 +7.133690462E-02 +8.405064678E-02 -1.016767153E-01 -1.131436829E-01 +2.186231330E-01
4.21000000000E+09 +3.603799263E-02 -5.943685778E-02 +2.266414020E-02 -1.052297855E-01 +6.460033694E-02 +3.134872046E-01
4.22000000000E+09 -7.153922776E-02 +1.994577024E-02 -7.339556478E-02 -8.915849739E-02 +1.340449837E-01 +1.214113138E-01
4.23000000000E+09 +6.947492026E-02 +2.626803651E-02 -1.242554062E-01 +1.335012463E-02 -8.687966852E-02 +9.251849403E-02
4.24000000000E+09 -3.041344248E-02 -5.878258382E-02 -1.096715570E-01 +7.895596562E-02 -7.720352602E-02 +3.211815307E-01
4.25000000000E+09 -2.358457825E-02 +6.088630882E-02 -1.014116167E-01 +1.556870744E-01 +1.488719942E-01 +3.052077787E-01
4.26000000000E+09 +6.528152961E-02 -3.147000082E-02 -8.626194661E-03 +2.272101674E-01 +1.390271082E-01 +7.653056342E-02
4.27000000000E+09 -7.225329185E-02 -1.425139591E-02 +8.659057135E-02 +1.945736657E-01 -8.511499381E-02 +1.206500294E-01
4.28000000000E+09 +4.092625421E-02 +5.537539229E-02 +1.399676165E-01 +1.530742324E-01 +6.973149145E-05 +3.012215157E-01
4.29000000000E+09 +1.095307170E-02 -7.048231703E-02 +1.888149880E-01 +5.988411907E-02 +1.610915115E-01 +2.003857465E-01
4.30000000000E+09 -5.670840330E-02 +5.127026550E-02 +1.346259624E-01 -4.810086536E-02 +3.156484194E-02 +5.308739036E-02
4.31000000000E+09 +7.336634894E-02 -4.904661463E-03 +5.754418003E-02 -8.184317835E-02 -7.731739390E-02 +1.900414368E-01
4.32000000000E+09 -5.474924953E-02 -4.545742190E-02 -3.431988011E-02 -1.054348670E-01 +5.368196685E-02 +2.644570034E-01
4.33000000000E+09 +1.029979505E-02 +7.326274855E-02 -1.410162421E-01 -4.132210874E-02 +1.044574342E-01 +1.361599803E-01
4.34000000000E+09 +3.805011464E-02 -6.414764180E-02 -1.551462887E-01 +5.241734293E-02 -2.816375903E-02 +1.076093744E-01
4.35000000000E+09 -6.700081907E-02 +2.199200293E-02 -1.548648964E-01 +1.191948793E-01 -3.498855207E-02 +2.310803789E-01
4.36000000000E+09 +6.283608530E-02 +3.089292746E-02 -1.007794034E-01 +2.045679023E-01 +8.071523481E-02 +2.257063855E-01
4.37000000000E+09 -2.787783334E-02 -6.765018722E-02 -2.790585328E-03 +2.034131090E-01 +5.036543374E-02 +1.214250322E-01
4.38000000000E+09 -2.120718548E-02 +6.889514323E-02 +3.961888348E-02 +1.709373938E-01 -3.343888440E-02 +1.702441199E-01
4.39000000000E+09 +6.067373758E-02 -3.526608084E-02 +9.735072859E-02 +1.271493024E-01 +3.154548016E-02 +2.397079753E-01
4.40000000000E+09 -7.052737428E-02 -1.542300857E-02 +9.689228789E-02 +2.729361173E-02 +7.810517031E-02 +1.663383917E-01
4.41000000000E+09 +4.515410687E-02 +5.790547515E-02 +4.135882914E-02 -1.597882065E-02 +1.157784887E-02 +1.334137078E-01
4.42000000000E+09 +3.024078717E-03 -7.170970396E-02 +1.749140871E-03 -5.288637080E-02 -1.500138342E-02 +1.915113609E-01
4.43000000000E+09 -4.934859308E-02 +5.056521434E-02 -8.627025875E-02 -5.910325961E-02 +2.906575743E-02 +2.105044850E-01
4.44000000000E+09 +7.064032908E-02 -5.349636190E-03 -1.234629641E-01 -2.486933621E-03 +3.448097200E-02 +1.817217290E-01
4.45000000000E+09 -5.593311448E-02 -4.120726408E-02 -1.376019855E-01 +1.386353057E-02 +1.373694895E-02 +1.967144085E-01
4.46000000000E+09 +1.298183738E-02 +6.628138605E-02 -1.670077951E-01 +7.067946747E-02 +6.014838795E-02 +2.241471374E-01
4.47000000000E+09 +3.620308761E-02 -5.825101979E-02 -1.214112067E-01 +1.241339768E-01 +8.787641349E-02 +1.553217937E-01
4.48000000000E+09 -6.594189244E-02 +2.117847976E-02 -8.793821928E-02 +1.242959640E-01 +1.554853549E-02 +1.311999483E-01
4.49000000000E+09 +6.163733420E-02 +2.675030750E-02 -4.498691411E-02 +1.429048229E-01 +9.146554038E-03 +2.116668400E-01
4.50000000000E+09 -2.637413734E-02 -6.156357007E-02 +1.966304699E-02 +1.005505387E-01 +8.719593745E-02 +1.948970570E-01
4.51000000000E+09 -2.172723177E-02 +6.565550071E-02 +2.303494471E-02 +4.162353074E-02 +6.802527329E-02 +1.100393149E-01
4.52000000000E+09 +5.843394262E-02 -3.679777828E-02 +3.041453612E-02 -3.918902383E-03 -2.629075342E-02 +1.338398248E-01
4.53000000000E+09 -6.557027835E-02 -1.048780978E-02 -6.020046108E-03 -7.699752390E-02 +4.868516970E-03 +2.297056140E-01
4.54000000000E+09 +4.039654890E-02 +5.259595292E-02 -7.654010973E-02 -8.748638177E-02 +1.072105666E-01 +1.848517211E-01
4.55000000000E+09 +3.653211564E-03 -6.787566905E-02 -1.150292204E-01 -8.225680717E-02 +4.211750417E-02 +6.607363213E-02
4.56000000000E+09 -4.421131609E-02 +4.821333199E-02 -1.725909450E-01 -5.660120460E-02 -7.810879928E-02 +1.599058883E-01
4.57000000000E+09 +6.240053688E-02 -4.016750738E-03 -1.783990337E-01 +9.193368592E-03 +2.185717700E-02 +2.608451465E-01
4.58000000000E+09 -4.936671199E-02 -4.140157240E-02 -1.566124791E-01 +3.581487124E-02 +1.102161601E-01 +1.519602449E-01
4.59000000000E+09 +1.225904574E-02 +6.457012216E-02 -1.363842111E-01 +7.763104769E-02 -2.343406599E-02 +9.103417326E-02
4.60000000000E+09 +3.093133976E-02 -5.364186898E-02 -6.077122864E-02 +8.737838699E-02 -6.790611835E-02 +2.392390605E-01
4.61000000000E+09 -5.847064946E-02 +1.516930051E-02 -2.331221788E-02 +4.261568244E-02 +9.744946510E-02 +2.814050713E-01
4.62000000000E+09 +5.652028809E-02 +3.122371791E-02 +1.365124680E-03 +1.955324523E-02 +1.379452502E-01 +1.007055806E-01
4.63000000000E+09 -2.622299893E-02 -6.065661689E-02 +2.970751473E-02 -4.519266693E-02 -5.987707811E-02 +7.823570233E-02
4.64000000000E+09 -1.882158478E-02 +5.884779798E-02 -5.713225702E-03 -1.004338643E-01 -4.712856599E-02 +2.735986803E-01
4.65000000000E+09 +5.514379691E-02 -2.810496185E-02 -2.946222115E-02 -1.244787235E-01 +1.367394262E-01 +2.315900971E-01
4.66000000000E+09 -6.388061383E-02 -1.523651370E-02 -8.112363015E-02 -1.601839129E-01 +6.077083887E-02 +6.053329467E-02
4.67000000000E+09 +3.910213773E-02 +4.960385364E-02 -1.450313984E-01 -1.268326173E-01 -9.338072360E-02 +1.697110020E-01
4.68000000000E+09 +6.236260230E-03 -5.905992547E-02 -1.554939399E-01 -8.763853504E-02 +3.920315037E-02 +2.979919783E-01
4.69000000000E+09 -4.822228611E-02 +3.912831846E-02 -1.748503136E-01 -4.462330519E-02 +1.474612815E-01 +1.591249961E-01
4.70000000000E+09 +6.481189487E-02 -2.016603370E-04 -1.389936081E-01 +2.851167195E-02 -2.155726062E-02 +6.543550439E-02
4.71000000000E+09 -4.652004609E-02 -3.911340912E-02 -7.095031457E-02 +3.913125352E-02 -7.757729907E-02 +2.598354372E-01
4.72000000000E+09 +3.650300912E-03 +5.968464216E-02 -2.130705014E-02 +4.529070015E-02 +1.151522421E-01 +2.969749146E-01
4.73000000000E+09 +4.144480087E-02 -5.081683204E-02 +6.748381536E-02 +1.671555716E-02 +1.337250050E-01 +1.082621907E-01
4.74000000000E+09 -6.462283634E-02 +1.616508474E-02 +9.502327979E-02 -8.065791980E-02 -4.376798152E-02 +1.401059386E-01
4.75000000000E+09 +5.493587239E-02 +2.874322040E-02 +7.386103914E-02 -1.349655437E-01 +4.499320730E-02 +2.885312876E-01
4.76000000000E+09 -1.888107994E-02 -6.019047790E-02 +4.770968892E-02 -1.968321849E-01 +1.759618345E-01 +1.789686492E-01
4.77000000000E+09 -2.545241024E-02 +6.149527785E-02 -4.022384294E-02 -2.215949082E-01 +4.379301102E-02 +5.774175416E-02
4.78000000000E+09 +5.585276310E-02 -3.046110670E-02 -9.295765990E-02 -1.744451590E-01 -3.288107644E-02 +2.083391186E-01
4.79000000000E+09 -5.888021787E-02 -1.677968488E-02 -1.212725829E-01 -1.342056988E-01 +1.277722153E-01 +2.504680839E-01
4.80000000000E+09 +3.261140107E-02 +5.579369808E-02 -1.330196453E-01 -5.353063918E-02 +1.518495864E-01 +6.455424522E-02
4.81000000000E+09 +9.443258349E-03 -6.575973841E-02 -7.002406583E-02 +1.358690356E-02 -4.226742897E-02 +6.875522743E-02
4.82000000000E+09 -4.841105723E-02 +4.179069063E-02 -4.426105166E-03 +3.216905948E-02 -7.456819072E-03 +2.361284927E-01
4.83000000000E+09 +6.492976587E-02 +2.750160200E-03 +7.975853869E-02 +3.233384975E-02 +1.284366093E-01 +1.715329946E-01
4.84000000000E+09 -5.034409683E-02 -4.496495238E-02 +1.452337805E-01 -3.923201661E-02 +2.419040401E-02 +5.930352822E-02
4.85000000000E+09 +1.022627509E-02 +6.355722079E-02 +1.417209430E-01 -1.024070717E-01 -5.094701642E-02 +1.903269281E-01
4.86000000000E+09 +3.519823302E-02 -5.124614575E-02 +1.360634448E-01 -1.540101259E-01 +8.690822033E-02 +2.402307211E-01
4.87000000000E+09 -6.301035846E-02 +1.453674877E-02 +8.007616340E-02 -2.039832883E-01 +1.100562328E-01 +8.543182401E-02
4.88000000000E+09 +5.819643485E-02 +2.786391734E-02 +1.814770721E-02 -1.840163074E-01 -5.040526978E-02 +9.747097800E-02
4.89000000000E+09 -2.346080454E-02 -5.622902708E-02 -1.128339000E-02 -1.601412549E-01 -1.042090362E-02 +2.575576575E-01
4.90000000000E+09 -2.296604303E-02 +5.691826195E-02 -4.992312230E-02 -1.090463449E-01 +1.450395172E-01 +1.878651258E-01
4.91000000000E+09 +5.702656818E-02 -2.981690781E-02 -2.885795789E-02 -3.385621502E-02 +5.490169142E-02 +3.986666644E-02
4.92000000000E+09 -6.154263763E-02 -1.250116250E-02 +1.364055340E-02 -2.820324791E-03 -7.753610306E-02 +1.420656079E-01
4.93000000000E+09 +3.534271248E-02 +4.917731676E-02 +6.258394452E-02 +2.788312181E-02 +2.255005496E-02 +2.498541631E-01
4.94000000000E+09 +7.591821847E-03 -6.180285714E-02 +1.323584319E-01 +8.163927124E-03 +9.939388518E-02 +1.487259974E-01
4.95000000000E+09 -4.520185083E-02 +4.337140258E-02 +1.442960679E-01 -3.481873741E-02 -8.853651342E-03 +9.827025528E-02
4.96000000000E+09 +5.918600090E-02 -3.225226592E-03 +1.572091258E-01 -5.210630935E-02 -3.999285191E-02 +2.272529563E-01
4.97000000000E+09 -4.332570748E-02 -3.835924839E-02 +1.511535136E-01 -1.014643456E-01 +9.450065966E-02 +2.442289308E-01
4.98000000000E+09 +5.915421700E-03 +5.981387972E-02 +9.842077590E-02 -1.089730451E-01 +1.188741313E-01 +1.153269499E-01
4.99000000000E+09 +3.414104824E-02 -5.071688987E-02 +8.178282604E-02 -8.544364622E-02 -3.040791367E-03 +9.258982424E-02
5.00000000000E+09 -5.729662069E-02 +1.559201381E-02 +5.963728428E-02 -7.199617103E-02 -1.534406956E-02 +1.863683417E-01
5.01000000000E+09 +5.220156768E-02 +2.692387619E-02 +5.615790879E-02 -2.771722677E-02 +5.457170438E-02 +1.973125025E-01
5.02000000000E+09 -2.126888052E-02 -5.553274590E-02 +7.923666505E-02 -1.730116916E-02 +6.058429026E-02 +1.296231065E-01
5.03000000000E+09 -1.953159203E-02 +5.568989898E-02 +7.144908860E-02 -6.590715272E-03 -6.003481252E-03 +1.352147459E-01
5.04000000000E+09 +5.007188041E-02 -2.783281257E-02 +8.981171421E-02 +1.545467500E-02 +3.075664853E-03 +2.001923134E-01
5.05000000000E+09 -5.514724153E-02 -1.364349327E-02 +9.481526035E-02 +8.004883867E-03 +7.231906685E-02 +1.799760489E-01
5.06000000000E+09 +3.276535197E-02 +4.714144716E-02 +8.940708846E-02 +3.049843812E-02 +3.949833529E-02 +1.147088900E-01
5.07000000000E+09 +5.883504607E-03 -5.610866690E-02 +1.132557280E-01 +3.879442811E-02 -2.783654055E-02 +1.425199190E-01
5.08000000000E+09 -4.073617109E-02 +3.629896999E-02 +1.140247255E-01 +3.939524363E-02 -5.251894633E-03 +2.148322027E-01
5.09000000000E+09 +5.443849172E-02 +1.587996499E-03 +1.395214821E-01 +5.101013562E-02 +5.837258083E-02 +1.972551425E-01
5.10000000000E+09 -4.003351008E-02 -3.813786530E-02 +1.581111775E-01 +1.405717820E-02 +4.087985592E-02 +1.361441352E-01
5.11000000000E+09 +5.345523425E-03 +5.433660236E-02 +1.336976714E-01 -6.687281622E-03 -1.993696828E-02 +1.736569653E-01
5.12000000000E+09 +3.246689267E-02 -4.261272431E-02 +1.220252053E-01 -2.258235963E-02 +3.420430710E-02 +2.193804790E-01
5.13000000000E+09 -5.383503191E-02 +9.621445304E-03 +7.055832929E-02 -4.273598211E-02 +7.015299429E-02 +1.558417850E-01
5.14000000000E+09 +4.766138390E-02 +2.756085298E-02 +2.029054112E-02 -5.141435494E-03 -7.426120606E-03 +1.338186322E-01
5.15000000000E+09 -1.694558242E-02 -5.041468267E-02 +8.968552720E-04 +2.888765776E-02 -1.744621161E-02 +2.112538601E-01
5.16000000000E+09 -2.178934018E-02 +4.788068537E-02 -2.233176321E-02 +8.655692189E-02 +4.440635796E-02 +2.172717188E-01
5.17000000000E+09 +4.875799244E-02 -2.098926899E-02 +1.961915183E-02 +1.509267549E-01 +4.588091992E-02 +1.659282810E-01
5.18000000000E+09 -4.968351146E-02 -1.592807629E-02 +6.997752433E-02 +1.535257904E-01 -1.581896867E-03 +1.909555235E-01
5.19000000000E+09 +2.471058513E-02 +4.457402044E-02 +1.079238190E-01 +1.554079933E-01 +3.849430215E-02 +2.323298735E-01
5.20000000000E+09 +1.317059922E-02 -5.041588245E-02 +1.630130239E-01 +1.124372710E-01 +8.097519701E-02 +1.806543015E-01
5.21000000000E+09 -4.352314801E-02 +3.040094905E-02 +1.509269088E-01 +3.733270735E-02 +1.712095240E-02 +1.690749744E-01
5.22000000000E+09 +5.144985779E-02 +6.082571775E-03 +1.155043923E-01 +2.472838959E-03 +4.721351032E-02 +2.360777932E-01
5.23000000000E+09 -3.370059312E-02 -4.027367488E-02 +6.825744207E-02 -4.056119249E-02 +1.276923210E-01 +1.708003886E-01
5.24000000000E+09 -3.372424402E-04 +5.417273413E-02 -1.885499037E-02 -3.879165938E-02 +3.839770656E-02 +7.874068580E-02
5.25000000000E+09 +3.384047796E-02 -4.000665790E-02 -7.105937846E-02 +6.441605153E-03 -4.446184298E-02 +1.735563425E-01
5.26000000000E+09 -5.048429990E-02 +5.943110666E-03 -1.110015495E-01 +6.000033322E-02 +4.118981449E-02 +2.326780598E-01
5.27000000000E+09 +4.194056731E-02 +3.052382217E-02 -1.054453904E-01 +1.440465895E-01 +7.847514199E-02 +1.330483124E-01
5.28000000000E+09 -1.259959056E-02 -4.945704176E-02 -5.006557269E-02 +1.819438178E-01 -5.155430447E-02 +1.303389339E-01
5.29000000000E+09 -2.316505908E-02 +4.196333864E-02 -6.592230237E-03 +1.969214367E-01 -3.843063773E-02 +2.747688969E-01
5.30000000000E+09 +4.734553016E-02 -1.228888095E-02 +6.819914752E-02 +1.874461679E-01 +1.162228160E-01 +2.474300170E-01
5.31000000000E+09 -4.738061586E-02 -2.314444814E-02 +1.110954358E-01 +1.064514810E-01 +5.400905516E-02 +1.030572558E-01
5.32000000000E+09 +2.215932736E-02 +4.608893664E-02 +9.546189884E-02 +4.147256522E-02 -6.936759202E-02 +2.088783962E-01
5.33000000000E+09 +1.551988760E-02 -4.631483399E-02 +7.288748455E-02 -2.896872694E-02 +6.121509097E-02 +3.104051550E-01
5.34000000000E+09 -4.568549017E-02 +2.368209648E-02 -1.757074220E-02 -8.500545068E-02 +1.551173155E-01 +1.710561999E-01
5.35000000000E+09 +5.210257056E-02 +1.003932771E-02 -1.050261835E-01 -5.833133714E-02 +6.101560341E-03 +9.627793176E-02
5.36000000000E+09 -3.116319777E-02 -3.839894688E-02 -1.587872038E-01 -2.249387708E-02 -4.466738270E-02 +2.487236897E-01
5.37000000000E+09 -5.942951940E-03 +4.759726386E-02 -2.023362724E-01 +5.348253845E-02 +1.156531798E-01 +2.784106366E-01
5.38000000000E+09 +3.937952357E-02 -3.236579259E-02 -1.664069429E-01 +1.354674105E-01 +1.246736709E-01 +1.202590863E-01
5.39000000000E+09 -5.168320521E-02 +4.506626455E-04 -1.123621855E-01 +1.583996120E-01 -3.322223534E-02 +1.398166272E-01
5.40000000000E+09 +3.686645220E-02 +3.365693594E-02 -5.356008975E-02 +1.742430145E-01 +3.335089501E-02 +2.696953350E-01
5.41000000000E+09 -3.577510322E-03 -5.199757665E-02 +2.170915566E-02 +1.330691967E-01 +1.307728413E-01 +1.711097272E-01
5.42000000000E+09 -3.101021706E-02 +4.459226427E-02 +3.839862847E-02 +6.330853379E-02 +4.340750633E-03 +9.205425785E-02
5.43000000000E+09 +5.019645434E-02 -1.392828414E-02 +4.327736113E-02 +5.255186804E-03 -5.591909343E-02 +2.268508373E-01
5.44000000000E+09 -4.520143469E-02 -2.422598441E-02 +3.066390231E-03 -7.057331591E-02 +6.308542436E-02 +2.714560408E-01
5.45000000000E+09 +1.835408222E-02 +5.003908934E-02 -7.105959663E-02 -7.885465484E-02 +8.943579448E-02 +1.704316284E-01
5.46000000000E+09 +1.648398374E-02 -5.023406941E-02 -9.985493239E-02 -6.912922927E-02 -1.471304199E-02 +1.739534043E-01
5.47000000000E+09 -4.329441829E-02 +2.452773765E-02 -1.494431917E-01 -5.631734917E-02 +3.086533573E-02 +2.808709769E-01
5.48000000000E+09 +4.825657510E-02 +1.310304430E-02 -1.619453876E-01 +5.144041254E-03 +1.372764728E-01 +2.185611050E-01
5.49000000000E+09 -2.941633430E-02 -4.336899721E-02 -1.308915757E-01 +3.060890669E-02 +5.836454312E-02 +1.040297107E-01
5.50000000000E+09 -4.779213969E-03 +5.099765881E-02 -1.115278328E-01 +5.247484166E-02 -3.963340635E-02 +1.900866996E-01
5.51000000000E+09 +3.713914800E-02 -3.314323509E-02 -5.430184079E-02 +5.707078767E-02 +2.953487304E-02 +2.688596667E-01
5.52000000000E+09 -5.109204036E-02 -9.166961503E-04 -2.956125036E-02 +1.679978158E-02 +9.276637087E-02 +2.134952527E-01
5.53000000000E+09 +3.949031090E-02 +3.405269559E-02 -1.800690406E-02 +9.206621715E-03 +3.739189719E-02 +1.649110243E-01
5.54000000000E+09 -8.197597996E-03 -5.006176815E-02 +1.328912386E-02 -2.963129229E-02 -2.998338790E-03 +2.207664067E-01
5.55000000000E+09 -2.695333243E-02 +4.122046064E-02 -3.833301946E-03 -6.553702763E-02 +5.013893863E-02 +2.615973774E-01
5.56000000000E+09 +4.822522878E-02 -1.283956512E-02 +4.392420087E-03 -7.643588925E-02 +7.932087214E-02 +2.115914525E-01
5.57000000000E+09 -4.486477368E-02 -2.121108910E-02 -5.450246239E-03 -1.273176704E-01 +3.743344864E-02 +2.045611723E-01
5.58000000000E+09 +1.902409379E-02 +4.375501745E-02 -5.021097405E-02 -1.323290638E-01 +3.581763389E-02 +2.501793683E-01
5.59000000000E+09 +1.567496210E-02 -4.418980512E-02 -5.929239726E-02 -1.307129847E-01 +8.819548624E-02 +2.488258890E-01
5.60000000000E+09 -4.182232278E-02 +2.225050689E-02 -1.009024815E-01 -1.316516580E-01 +9.313992048E-02 +2.010433014E-01
5.61000000000E+09 +4.631636090E-02 +1.002220544E-02 -1.191656431E-01 -7.539772867E-02 +3.932013112E-02 +1.945358644E-01
5.62000000000E+09 -2.703912297E-02 -3.687067841E-02 -9.622827566E-02 -4.378759202E-02 +5.400691852E-02 +2.567437053E-01
5.63000000000E+09 -5.666144991E-03 +4.520453851E-02 -8.078306792E-02 -3.882954854E-03 +1.229104420E-01 +2.223237788E-01
5.64000000000E+09 +3.464107094E-02 -3.162593612E-02 -1.122148249E-02 +2.984799709E-02 +6.770562270E-02 +1.360837515E-01
5.65000000000E+09 -4.471929901E-02 +2.769324616E-03 +5.061490237E-02 +6.280772817E-03 -2.886578472E-02 +2.153142036E-01
5.66000000000E+09 +3.206602194E-02 +2.671616684E-02 +1.044424648E-01 -1.693237077E-02 +5.476254424E-02 +3.110042370E-01
5.67000000000E+09 -3.345505914E-03 -4.187367582E-02 +1.566853583E-01 -9.444187846E-02 +1.625318722E-01 +2.404083286E-01
5.68000000000E+09 -2.574116482E-02 +3.524410907E-02 +1.267744765E-01 -1.829052153E-01 +7.331974404E-02 +1.315705604E-01
5.69000000000E+09 +4.036364877E-02 -1.033968452E-02 +7.703062101E-02 -2.219524339E-01 -1.273743426E-02 +2.300263293E-01
5.70000000000E+09 -3.396592349E-02 -2.046231765E-02 +3.381845286E-03 -2.506722430E-01 +9.819557039E-02 +3.014700396E-01
5.71000000000E+09 +1.078295381E-02 +4.053840152E-02 -8.818134789E-02 -2.033967123E-01 +1.395504010E-01 +1.729457744E-01
5.72000000000E+09 +1.687130666E-02 -3.934243619E-02 -1.129926331E-01 -1.171002711E-01 -9.391018074E-04 +1.635478030E-01
5.73000000000E+09 -3.598902516E-02 +1.706819030E-02 -1.140480047E-01 -3.249119376E-02 +2.381698264E-02 +3.093326312E-01
5.74000000000E+09 +3.737028319E-02 +1.383827836E-02 -4.990383423E-02 +7.099904226E-02 +1.651391602E-01 +2.687834104E-01
5.75000000000E+09 -2.041290611E-02 -3.697648102E-02 +7.196159320E-02 +9.616744388E-02 +1.009744649E-01 +1.269239698E-01
5.76000000000E+09 -6.037229622E-03 +3.983573591E-02 +1.636622122E-01 +6.813004961E-02 -3.303582060E-02 +2.108509982E-01
5.77000000000E+09 +2.969113239E-02 -2.172619349E-02 +2.516404483E-01 -1.776635703E-03 +7.469571064E-02 +3.414908239E-01
5.78000000000E+09 -3.730504375E-02 -7.058727725E-03 +2.654819337E-01 -1.253087372E-01 +1.816671619E-01 +2.256570403E-01
5.79000000000E+09 +2.572754257E-02 +3.106247719E-02 +2.050553889E-01 -2.036599686E-01 +4.907704486E-02 +1.316917179E-01
5.80000000000E+09 +7.427618169E-04 -3.801818126E-02 +1.300315026E-01 -2.532218847E-01 -3.094773774E-03 +2.887564455E-01
5.81000000000E+09 -2.783722792E-02 +2.532070081E-02 +6.300714819E-03 -2.472591751E-01 +1.429321392E-01 +3.135138642E-01
5.82000000000E+09 +4.137099626E-02 +3.886535370E-04 -7.429004313E-02 -1.462640926E-01 +1.542982071E-01 +1.729858209E-01
5.83000000000E+09 -3.355305095E-02 -2.577216422E-02 -8.622853714E-02 -4.496430494E-02 +2.236158847E-02 +1.873807929E-01
5.84000000000E+09 +7.823107856E-03 +3.907202887E-02 -5.916347943E-02 +7.384911807E-02 +6.418512992E-02 +3.014639903E-01
5.85000000000E+09 +2.187883997E-02 -3.345978722E-02 +5.681197376E-02 +1.503221712E-01 +1.578552708E-01 +2.457461508E-01
5.86000000000E+09 -3.967921487E-02 +1.193737102E-02 +1.624468830E-01 +1.364127357E-01 +8.436528871E-02 +1.571546487E-01
5.87000000000E+09 +3.625226982E-02 +1.568108484E-02 +2.481016614E-01 +1.010492371E-01 +2.344944569E-02 +2.556981973E-01
5.88000000000E+09 -1.382867026E-02 -3.556293064E-02 +3.076166395E-01 +7.937618327E-04 +1.145086642E-01 +2.906948303E-01
5.89000000000E+09 -1.515015709E-02 +3.753760665E-02 +2.726279093E-01 -9.888260998E-02 +1.214462914E-01 +1.993896301E-01
5.90000000000E+09 +3.595428868E-02 -1.963661304E-02 +2.184783783E-01 -1.518128780E-01 +4.085200163E-02 +2.371650472E-01
5.91000000000E+09 -3.866939129E-02 -9.649429945E-03 +1.221990675E-01 -1.963185438E-01 +1.013329779E-01 +3.067290198E-01
5.92000000000E+09 +2.248025296E-02 +3.508251856E-02 +3.991225865E-03 -1.444665475E-01 +1.567288227E-01 +2.370410259E-01
5.93000000000E+09 +4.337898900E-03 -4.316814628E-02 -3.798612394E-02 -5.373115235E-02 +8.113376332E-02 +1.957553279E-01
5.94000000000E+09 -2.915290781E-02 +2.930828053E-02 -6.202411230E-02 +4.036868809E-02 +6.402674047E-02 +2.848301202E-01
5.95000000000E+09 +3.978254967E-02 -7.336381658E-04 -1.030952273E-02 +1.556783005E-01 +1.531828199E-01 +2.886561822E-01
5.96000000000E+09 -3.105240774E-02 -2.718330587E-02 +8.822596415E-02 +1.884645867E-01 +1.447373723E-01 +1.863373063E-01
5.97000000000E+09 +7.029493951E-03 +4.000700978E-02 +1.589959223E-01 +1.899950006E-01 +4.111585638E-02 +2.310229838E-01
5.98000000000E+09 +2.110229536E-02 -3.135513160E-02 +2.481076713E-01 +1.487719523E-01 +9.927813182E-02 +3.278180968E-01
5.99000000000E+09 -3.859380090E-02 +6.786999825E-03 +2.672894208E-01 +4.771888445E-02 +1.865442076E-01 +2.631836607E-01
6.00000000000E+09 +3.637021372E-02 +2.128859283E-02 +2.320283350E-01 -9.009337311E-03 +1.203727026E-01 +2.053199686E-01
6.01000000000E+09 -1.459847201E-02 -3.866479207E-02 +1.930964095E-01 -7.151730080E-02 +9.359397381E-02 +2.790943519E-01
6.02000000000E+09 -1.556237806E-02 +3.741150465E-02 +8.461798037E-02 -9.598619946E-02 +1.757613920E-01 +2.890419843E-01
6.03000000000E+09 +3.854743818E-02 -1.806103452E-02 +1.151166074E-02 -3.795668987E-02 +1.881846887E-01 +1.954349090E-01
6.04000000000E+09 -4.249606705E-02 -9.646422164E-03 -2.902986584E-02 +1.067905918E-02 +8.704467603E-02 +1.849949726E-01
6.05000000000E+09 +2.473892880E-02 +3.239831387E-02 -5.214122711E-02 +1.008489358E-01 +8.301241840E-02 +2.887468172E-01
6.06000000000E+09 +5.032720118E-03 -3.925778700E-02 +8.476156524E-04 +1.642462436E-01 +1.792324650E-01 +2.791508075E-01
6.07000000000E+09 -3.152496013E-02 +2.677574626E-02 +3.634783749E-02 +1.784736352E-01 +1.615574938E-01 +1.996920200E-01
6.08000000000E+09 +4.107567101E-02 -7.071528706E-04 +8.877504503E-02 +2.022239601E-01 +9.179735308E-02 +2.315801794E-01
6.09000000000E+09 -2.953802428E-02 -2.605202816E-02 +1.473335353E-01 +1.571923770E-01 +1.343828001E-01 +2.886226791E-01
6.10000000000E+09 +3.157042784E-03 +3.990926476E-02 +1.433495956E-01 +1.109176241E-01 +1.916322327E-01 +2.510676600E-01
6.11000000000E+09 +2.493863991E-02 -3.382443656E-02 +1.521356501E-01 +7.537142758E-02 +1.535322679E-01 +1.866511370E-01
6.12000000000E+09 -4.031536487E-02 +1.100538030E-02 +1.163315953E-01 +1.065425471E-02 +8.527284387E-02 +2.329836417E-01
6.13000000000E+09 +3.561832057E-02 +1.772706968E-02 +5.687112728E-02 +5.780396663E-03 +1.408544845E-01 +2.967470886E-01
6.14000000000E+09 -1.375338423E-02 -3.791656070E-02 +2.315167326E-02 -4.454566125E-03 +1.978564112E-01 +2.409923512E-01
6.15000000000E+09 -1.387714857E-02 +3.918744256E-02 -5.040795411E-02 +7.761612394E-03 +1.288272788E-01 +1.963013982E-01
6.16000000000E+09 +3.358515291E-02 -2.056078145E-02 -7.491841322E-02 +6.950212020E-02 +1.013128032E-01 +2.729732674E-01
6.17000000000E+09 -3.631225090E-02 -8.103713708E-03 -8.139567332E-02 +9.611117241E-02 +1.843245510E-01 +3.048722790E-01
6.18000000000E+09 +2.060967601E-02 +3.210174744E-02 -8.944957594E-02 +1.555984362E-01 +2.174958855E-01 +2.187011690E-01
6.19000000000E+09 +4.983156729E-03 -3.929472252E-02 -2.924429728E-02 +1.963465898E-01 +1.289410698E-01 +1.855079636E-01
6.20000000000E+09 -2.785176904E-02 +2.580079435E-02 +1.310948535E-02 +1.846254232E-01 +1.116854440E-01 +2.794572816E-01
6.21000000000E+09 +3.712448813E-02 +1.116066318E-03 +6.470691735E-02 +1.773084637E-01 +2.024192024E-01 +2.778994351E-01
6.22000000000E+09 -2.850816752E-02 -2.712322328E-02 +1.143196197E-01 +1.029606027E-01 +1.805723216E-01 +1.914618133E-01
6.23000000000E+09 +6.034830714E-03 +3.849934441E-02 +8.858420056E-02 +2.990124769E-02 +9.757939002E-02 +2.444898161E-01
6.24000000000E+09 +1.990473367E-02 -3.017496403E-02 +6.570043430E-02 -2.374371106E-02 +1.712976011E-01 +3.203978823E-01
6.25000000000E+09 -3.576741814E-02 +7.183015951E-03 -1.095092360E-02 -8.716946668E-02 +2.437574313E-01 +2.454651126E-01
6.26000000000E+09 +3.360268512E-02 +1.849263861E-02 -1.103296742E-01 -6.368909182E-02 +1.689117905E-01 +1.795085190E-01
6.27000000000E+09 -1.386852380E-02 -3.380744967E-02 -1.541647131E-01 -1.973833949E-02 +1.233155951E-01 +2.685313958E-01
6.28000000000E+09 -1.321967166E-02 +3.195079067E-02 -2.001948489E-01 +4.327741926E-02 +2.199820919E-01 +2.866511747E-01
6.29000000000E+09 +3.348988782E-02 -1.446948535E-02 -1.743205940E-01 +1.397087401E-01 +2.205227295E-01 +1.841429823E-01
6.30000000000E+09 -3.602671472E-02 -9.374206544E-03 -1.030168046E-01 +1.710308813E-01 +1.119498615E-01 +2.210745685E-01
6.31000000000E+09 +1.900808709E-02 +2.866244706E-02 -3.819655594E-02 +1.887123659E-01 +1.821271897E-01 +3.182494276E-01
6.32000000000E+09 +7.638809654E-03 -3.404931835E-02 +6.566468957E-02 +1.533768567E-01 +2.727629868E-01 +2.364455876E-01
6.33000000000E+09 -3.008417457E-02 +2.305184433E-02 +1.046352735E-01 +4.496076609E-02 +1.788263196E-01 +1.522158723E-01
6.34000000000E+09 +3.615745679E-02 -2.426376882E-04 +9.187288281E-02 -3.526758530E-02 +1.206209306E-01 +2.649896468E-01
6.35000000000E+09 -2.416060655E-02 -2.336454738E-02 +5.092408256E-02 -1.291892696E-01 +2.399966716E-01 +2.872178138E-01
6.36000000000E+09 +8.664664683E-04 +3.532843006E-02 -5.944719090E-02 -1.709529542E-01 +2.455681430E-01 +1.529037610E-01
6.37000000000E+09 +2.110385428E-02 -2.923169145E-02 -1.403422308E-01 -1.392426889E-01 +8.311136554E-02 +1.814260009E-01
6.38000000000E+09 -3.119566027E-02 +7.030021977E-03 -2.087472581E-01 -9.222365096E-02 +1.429452465E-01 +3.434262595E-01
6.39000000000E+09 +2.522767944E-02 +1.888452576E-02 -2.359893600E-01 +1.925809695E-02 +2.994429861E-01 +2.801965332E-01
6.40000000000E+09 -6.437689034E-03 -3.548507936E-02 -1.642533235E-01 +1.078011176E-01 +2.260026329E-01 +1.276490069E-01
6.41000000000E+09 -1.522671903E-02 +3.294750392E-02 -8.478719083E-02 +1.363989901E-01 +9.273776581E-02 +2.297710533E-01
6.42000000000E+09 +3.034990551E-02 -1.270787224E-02 +2.614035555E-02 +1.383955348E-01 +2.089380450E-01 +3.304069159E-01
6.43000000000E+09 -3.100510997E-02 -1.379097670E-02 +1.179417612E-01 +4.488641196E-02 +2.985898074E-01 +2.082467924E-01
6.44000000000E+09 +1.680017793E-02 +3.277111878E-02 +1.225224465E-01 -5.565294562E-02 +1.543471688E-01 +1.351082772E-01
6.45000000000E+09 +6.055195045E-03 -3.339881929E-02 +1.076403686E-01 -1.451418172E-01 +1.072781552E-01 +2.936880745E-01
6.46000000000E+09 -2.662744408E-02 +1.696857967E-02 +2.001669922E-02 -2.222487160E-01 +2.609491708E-01 +3.211325502E-01
6.47000000000E+09 +3.382563843E-02 +8.081286713E-03 -7.923422388E-02 -2.021232261E-01 +2.753104604E-01 +1.814897719E-01
6.48000000000E+09 -2.355082567E-02 -2.823220022E-02 -1.273167780E-01 -1.615197290E-01 +1.447329891E-01 +1.984555488E-01
6.49000000000E+09 -2.431755822E-04 +3.398431333E-02 -1.777374365E-01 -8.505061862E-02 +1.952509963E-01 +3.129538884E-01
6.50000000000E+09 +2.470683538E-02 -2.333564011E-02 -1.370165684E-01 +2.269001063E-02 +3.034612173E-01 +2.514732859E-01
6.51000000000E+09 -3.738538828E-02 +1.022663022E-03 -5.347839329E-02 +5.408398931E-02 +2.420775234E-01 +1.386795288E-01
6.52000000000E+09 +3.100018005E-02 +2.118046335E-02 +2.018133773E-02 +6.878758446E-02 +1.274154085E-01 +2.104304997E-01
6.53000000000E+09 -8.376716300E-03 -3.341259365E-02 +1.173909995E-01 +2.311691550E-02 +2.059985809E-01 +3.029767853E-01
6.54000000000E+09 -1.829306505E-02 +2.951926702E-02 +1.374254720E-01 -6.393262687E-02 +2.774865055E-01 +2.360514020E-01
6.55000000000E+09 +3.503076736E-02 -1.115023940E-02 +1.342908680E-01 -1.123646433E-01 +2.064831018E-01 +1.847601710E-01
6.56000000000E+09 -3.330849416E-02 -1.307009533E-02 +1.095835259E-01 -1.853405421E-01 +1.786961916E-01 +2.598056366E-01
6.57000000000E+09 +1.475946037E-02 +3.148854342E-02 +2.656190164E-02 -1.990833811E-01 +2.445168673E-01 +2.811148359E-01
6.58000000000E+09 +1.118802469E-02 -3.416808252E-02 -7.667819157E-03 -1.668703171E-01 +2.656533377E-01 +2.324276950E-01
6.59000000000E+09 -3.155977527E-02 +1.963413138E-02 -5.135670035E-02 -1.454150923E-01 +2.293036820E-01 +2.234356905E-01
6.60000000000E+09 +3.630704592E-02 +5.030162359E-03 -6.840617556E-02 -5.674633699E-02 +2.349689774E-01 +2.534159370E-01
6.61000000000E+09 -2.323069285E-02 -2.784820539E-02 -1.066661338E-02 -8.369637764E-03 +2.721681487E-01 +2.424216479E-01
6.62000000000E+09 -8.523984989E-04 +3.689377558E-02 +2.067306392E-02 +1.496364870E-02 +2.567858568E-01 +2.113333412E-01
6.63000000000E+09 +2.403069199E-02 -2.727060223E-02 +9.664828416E-02 +4.069050393E-02 +2.463349976E-01 +2.289863740E-01
6.64000000000E+09 -3.546846838E-02 +3.797898455E-03 +1.572108958E-01 -1.393297914E-02 +2.676580629E-01 +2.231882741E-01
6.65000000000E+09 +2.939892948E-02 +2.125825428E-02 +1.621746969E-01 -5.037838714E-02 +2.503176181E-01 +1.973595778E-01
6.66000000000E+09 -8.715497518E-03 -3.515722231E-02 +1.797034883E-01 -9.790129373E-02 +2.247600780E-01 +2.248553587E-01
6.67000000000E+09 -1.647565957E-02 +3.147572572E-02 +1.277449959E-01 -1.498323271E-01 +2.494604866E-01 +2.494061134E-01
6.68000000000E+09 +3.365074732E-02 -1.206689467E-02 +8.058132866E-02 -1.292279302E-01 +2.750550444E-01 +2.287683608E-01
6.69000000000E+09 -3.423464354E-02 -1.297044831E-02 +5.355787418E-02 -1.258005222E-01 +2.514737451E-01 +2.161050453E-01
6.70000000000E+09 +1.782522622E-02 +3.091483444E-02 -5.850141320E-04 -7.261478026E-02 +2.528038379E-01 +2.543562629E-01
6.71000000000E+09 +7.875052211E-03 -3.329945630E-02 +2.840218375E-02 +1.124949223E-03 +3.161094131E-01 +2.478921347E-01
6.72000000000E+09 -2.972491515E-02 +1.933784666E-02 +5.766077614E-02 +1.679503192E-02 +3.103170299E-01 +1.695443285E-01
6.73000000000E+09 +3.635902354E-02 +3.479776950E-03 +8.726384861E-02 +5.783600477E-02 +2.282975928E-01 +1.793230925E-01
6.74000000000E+09 -2.413248422E-02 -2.451143965E-02 +1.536772389E-01 +4.586902241E-02 +2.533894595E-01 +2.557972445E-01
6.75000000000E+09 -2.065146954E-04 +3.351903521E-02 +1.598815061E-01 +1.340558343E-02 +3.212800818E-01 +2.220683829E-01
6.76000000000E+09 +2.397744323E-02 -2.610331662E-02 +1.791876986E-01 +4.801965976E-03 +2.791149336E-01 +1.604262720E-01
6.77000000000E+09 -3.499213268E-02 +6.142738001E-03 +1.732062979E-01 -4.986649636E-02 +2.183868876E-01 +2.192359514E-01
6.78000000000E+09 +2.767471485E-02 +1.721194848E-02 +1.222084123E-01 -4.973057071E-02 +2.983202936E-01 +2.827890924E-01
6.79000000000E+09 -6.399060765E-03 -3.205083897E-02 +1.151984444E-01 -4.154585299E-02 +3.672137741E-01 +1.980725988E-01
6.80000000000E+09 -1.778768989E-02 +3.127340072E-02 +6.989160630E-02 -4.703140712E-02 +2.751461625E-01 +1.247702750E-01
6.81000000000E+09 +3.208669206E-02 -1.451428728E-02 +4.409203623E-02 +1.118296440E-02 +2.230199694E-01 +2.278989079E-01
6.82000000000E+09 -3.053183053E-02 -1.044562386E-02 +5.662106356E-02 +3.258734941E-02 +3.263352740E-01 +2.572604929E-01
6.83000000000E+09 +1.425248722E-02 +3.009915292E-02 +4.225237605E-02 +6.884692659E-02 +3.505022272E-01 +1.572699450E-01
6.84000000000E+09 +8.471436790E-03 -3.457378398E-02 +8.687305188E-02 +1.129296403E-01 +2.455475193E-01 +1.400119523E-01
6.85000000000E+09 -2.644779278E-02 +2.077620810E-02 +1.177171728E-01 +9.436627451E-02 +2.498267231E-01 +2.428901357E-01
6.86000000000E+09 +3.150018318E-02 +3.852661490E-03 +1.335473402E-01 +1.002449391E-01 +3.497404066E-01 +2.323098919E-01
6.87000000000E+09 -2.110741560E-02 -2.665024970E-02 +1.728145336E-01 +6.352640214E-02 +3.308889080E-01 +1.310512510E-01
6.88000000000E+09 +5.727659092E-04 +3.574498496E-02 +1.410867200E-01 +1.082052192E-02 +2.306670687E-01 +1.612235843E-01
6.89000000000E+09 +2.079665883E-02 -2.624011716E-02 +1.142090773E-01 +3.875461929E-03 +2.757190776E-01 +2.502619583E-01
6.90000000000E+09 -3.273033122E-02 +3.984197824E-03 +7.016776847E-02 -2.614191950E-02 +3.467365224E-01 +2.044601787E-01
6.91000000000E+09 +2.882009972E-02 +1.988742236E-02 -3.103271386E-03 +1.006416027E-02 +2.989607906E-01 +1.465201500E-01
6.92000000000E+09 -1.061651199E-02 -3.315631437E-02 -6.749201465E-03 +6.184027446E-02 +2.537354627E-01 +1.999365275E-01
6.93000000000E+09 -1.317727455E-02 +2.994954204E-02 -2.366479890E-02 +9.351151774E-02 +3.084248493E-01 +2.392381125E-01
6.94000000000E+09 +3.039874355E-02 -1.224849520E-02 +3.145793170E-03 +1.602804600E-01 +3.427955612E-01 +1.950140067E-01
6.95000000000E+09 -3.222710635E-02 -1.110486118E-02 +6.863078024E-02 +1.522678950E-01 +3.052755443E-01 +1.714367764E-01
6.96000000000E+09 +1.752061381E-02 +2.854074652E-02 +8.011116486E-02 +1.318611329E-01 +3.016770262E-01 +2.109386059E-01
6.97000000000E+09 +6.218084785E-03 -3.212603954E-02 +1.212374984E-01 +1.068217603E-01 +3.412260961E-01 +2.067272122E-01
6.98000000000E+09 -2.681351455E-02 +2.007311542E-02 +1.078195083E-01 +2.562291084E-02 +3.356424614E-01 +1.746514839E-01
6.99000000000E+09 +3.366440439E-02 +1.825417503E-03 +4.938230124E-02 +8.619157752E-03 +3.196473174E-01 +1.822310713E-01
7.00000000000E+09 -2.377312054E-02 -2.302484170E-02 +2.090063151E-02 -1.059067551E-02 +3.350058281E-01 +1.917373213E-01

[Channel0\Trace0\Marker0]
Enabled=1
Position=0.2

[Channel0\Trace1]
ReferencePosition[0]=1

[Channel0\Trace1\Marker0]
Enabled=1
Position=0.2

[Channel0\Trace2]
SPort=0
FormatType=2

[Channel0\Trace2\Marker0]
Enabled=1
Position=0.2

[Channel0\Trace3]
SPort=0
FormatType=2

[Channel0\Trace3\Marker0]
Enabled=1
Position=0.2

