[NWA State]
TriggerSource=3

[Channel0]
Points=501
FrequencyStart=2000000000
FrequencyStop=7000000000
FixedPower[0]=5
FixedPower[1]=5
IFBW=1000
CorrectionEnabled=1
TraceCount=4

[Channel0\Correction\11]
Calyyyymmdd=2022/03/26
Calhhmmss=18:30:10
VNATemperature=37.6 °C
Type=3
KitLabel=ACM2509.2
KitDescription=AutoCal Module 20 kHz-9 GHz (CMT), SN: 19039185, Char: Factory, 26°C, ThermoComp: ON
CalIFBW=1 kHz
CalPower=5 dBm
CalPorts[0]=0
CalPorts[1]=0

[Channel0\Correction\11\Data]
2.00000000000E+09 +1.003891270E-01 -1.080130237E-01 -2.736619301E-02 -6.507321627E-02 -1.857941766E-01 +4.284017217E-02
2.01000000000E+09 -1.248766617E-01 -7.538296982E-02 -8.429696900E-02 -4.214230553E-02 -2.064548661E-01 +4.280481973E-02
2.02000000000E+09 -4.863023783E-02 +1.372385375E-01 -6.579081355E-02 +3.326468408E-02 -2.061939162E-01 +5.180681343E-02
2.03000000000E+09 +1.443944438E-01 +1.888976042E-02 +2.665123447E-03 +3.083299678E-02 -2.090000999E-01 +4.516088961E-02
2.04000000000E+09 -1.110362606E-02 -1.441276165E-01 +4.839171944E-04 -4.843730728E-03 -2.247928427E-01 +5.057366855E-02
2.05000000000E+09 -1.386318396E-01 +3.938382200E-02 -4.653043864E-03 +2.662679011E-02 -2.231198629E-01 +6.931026395E-02
2.06000000000E+09 +6.719390161E-02 +1.279601540E-01 +6.642858109E-02 +3.022731531E-02 -2.078570543E-01 +7.333403792E-02
2.07000000000E+09 +1.106648694E-01 -9.198609797E-02 +9.277826085E-02 -5.779016448E-02 -2.048465988E-01 +6.972655616E-02
2.08000000000E+09 -1.119474071E-01 -8.908179089E-02 +2.259233491E-02 -1.022446598E-01 -2.036310807E-01 +7.096064746E-02
2.09000000000E+09 -6.402239365E-02 +1.276962536E-01 -1.147503811E-02 -6.703567091E-02 -2.021489203E-01 +6.324563441E-02
2.10000000000E+09 +1.369458440E-01 +3.655662710E-02 +3.881063261E-04 -7.295616007E-02 -2.147610708E-01 +6.014651147E-02
2.11000000000E+09 +9.313118118E-03 -1.410568934E-01 -5.258547335E-02 -9.302940481E-02 -2.193266349E-01 +7.875311295E-02
2.12000000000E+09 -1.414389257E-01 +1.921586386E-02 -1.081524801E-01 -1.804169734E-02 -2.010829578E-01 +8.793969496E-02
2.13000000000E+09 +4.957875140E-02 +1.348613686E-01 -5.223991956E-02 +6.648519201E-02 -1.962713657E-01 +7.327702938E-02
2.14000000000E+09 +1.203486321E-01 -7.671933912E-02 +1.969074592E-02 +5.056984101E-02 -2.127682820E-01 +7.246234394E-02
2.15000000000E+09 -9.894288315E-02 -1.019809281E-01 +2.218502326E-02 +3.065653644E-02 -2.083117449E-01 +8.993187890E-02
2.16000000000E+09 -7.951098029E-02 +1.184546712E-01 +5.475902789E-02 +5.250507296E-02 -1.856418010E-01 +8.662257383E-02
2.17000000000E+09 +1.323512668E-01 +5.179128223E-02 +1.221567664E-01 +2.527427786E-03 -1.858648785E-01 +6.360765665E-02
2.18000000000E+09 +2.229916075E-02 -1.380649619E-01 +9.176680560E-02 -9.329453985E-02 -2.120398260E-01 +5.311897460E-02
2.19000000000E+09 -1.372945101E-01 +6.039893169E-03 +4.934444782E-03 -9.383278307E-02 -2.427401848E-01 +6.900137843E-02
2.20000000000E+09 +3.098288793E-02 +1.322042929E-01 -7.251614054E-03 -4.642048948E-02 -2.538801399E-01 +1.165288442E-01
2.21000000000E+09 +1.263079347E-01 -5.480674558E-02 -8.596742424E-04 -5.631672826E-02 -2.057603984E-01 +1.693156053E-01
2.22000000000E+09 -8.324674988E-02 -1.168002393E-01 -5.311029600E-02 -4.950831694E-02 -1.118866634E-01 +1.483887503E-01
2.23000000000E+09 -9.333165494E-02 +1.124495243E-01 -6.223482737E-02 +2.985057555E-02 -8.982793323E-02 +3.402800257E-02
2.24000000000E+09 +1.268916694E-01 +5.904134765E-02 +6.260890079E-03 +5.413571295E-02 -1.942773575E-01 -3.996486561E-02
2.25000000000E+09 +3.074433460E-02 -1.270765047E-01 +1.832893391E-02 +1.621595978E-02 -3.051129733E-01 +1.460706070E-02
2.26000000000E+09 -1.258496762E-01 -1.098591122E-02 -6.416365304E-03 +3.719389446E-02 -3.221305367E-01 +1.339224062E-01
2.27000000000E+09 +7.668923759E-03 +1.287148443E-01 +4.016459054E-02 +7.668922856E-02 -2.379865254E-01 +2.235893872E-01
2.28000000000E+09 +1.327834613E-01 -3.381744193E-02 +1.011676657E-01 +2.885176227E-02 -1.046115313E-01 +2.047471293E-01
2.29000000000E+09 -6.979633369E-02 -1.251350234E-01 +6.875391581E-02 -3.450800996E-02 -5.272339270E-02 +6.061044296E-02
2.30000000000E+09 -9.864480628E-02 +9.742051909E-02 +3.220501407E-02 -1.634862923E-02 -1.709673219E-01 -4.862211185E-02
2.31000000000E+09 +1.071003120E-01 +7.198097048E-02 +5.380948541E-02 -2.092167878E-02 -3.110223055E-01 +1.598976750E-02
2.32000000000E+09 +5.466789405E-02 -1.134062405E-01 +2.302720813E-02 -6.995272352E-02 -3.170192908E-01 +1.569778828E-01
2.33000000000E+09 -1.257645281E-01 -3.770850813E-02 -5.787199195E-02 -4.559475262E-02 -2.099188300E-01 +2.267925175E-01
2.34000000000E+09 -1.004653308E-02 +1.388857528E-01 -5.805275839E-02 +4.003660198E-02 -1.038743572E-01 +1.723400659E-01
2.35000000000E+09 +1.394186925E-01 -2.679730665E-02 -1.827366965E-03 +4.888741624E-02 -9.752149320E-02 +5.676080569E-02
2.36000000000E+09 -5.863573067E-02 -1.235494675E-01 -1.472386046E-02 +2.895312439E-02 -1.958083733E-01 -2.675914349E-04
2.37000000000E+09 -1.031781807E-01 +7.681240399E-02 -1.974387769E-02 +7.541357301E-02 -2.932955299E-01 +6.325055011E-02
2.38000000000E+09 +8.925259545E-02 +8.894638215E-02 +4.769379612E-02 +8.907293963E-02 -2.812545826E-01 +1.776905476E-01
2.39000000000E+09 +7.619278206E-02 -1.073976448E-01 +7.594816563E-02 +2.027649804E-02 -1.763074051E-01 +2.147814930E-01
2.40000000000E+09 -1.280149576E-01 -5.276455567E-02 +2.007798689E-02 -9.203392693E-03 -1.087007070E-01 +1.373904793E-01
2.41000000000E+09 -1.911190017E-02 +1.370328451E-01 +1.032448203E-02 +3.051658301E-02 -1.522905235E-01 +6.513242489E-02
2.42000000000E+09 +1.337775776E-01 -1.119623055E-02 +4.587774823E-02 +1.028437512E-02 -2.148115400E-01 +7.864260884E-02
2.43000000000E+09 -3.628896939E-02 -1.268586090E-01 +8.836583496E-03 -3.621061950E-02 -2.277172880E-01 +1.252742283E-01
2.44000000000E+09 -1.178604043E-01 +6.013761243E-02 -4.289516786E-02 -4.394300383E-03 -2.011611470E-01 +1.564390296E-01
2.45000000000E+09 +8.453487719E-02 +1.044983201E-01 -1.845682940E-02 +2.858845660E-02 -1.580997146E-01 +1.485030085E-01
2.46000000000E+09 +8.264305511E-02 -1.072614984E-01 -1.475633020E-02 -1.059081942E-02 -1.533818693E-01 +1.008190371E-01
2.47000000000E+09 -1.195992043E-01 -5.414331484E-02 -8.288971754E-02 -3.132148450E-03 -2.105494322E-01 +8.806503345E-02
2.48000000000E+09 -2.968234579E-02 +1.226620572E-01 -9.005534788E-02 +7.798963780E-02 -2.371919792E-01 +1.506243363E-01
2.49000000000E+09 +1.265363485E-01 +8.683047743E-03 -2.569179141E-02 +1.031566171E-01 -1.771000904E-01 +1.968977453E-01
2.50000000000E+09 -1.755277704E-02 -1.298116524E-01 -6.022087706E-03 +7.339495604E-02 -1.093542445E-01 +1.551728876E-01
2.51000000000E+09 -1.235424378E-01 +4.771055549E-02 -7.336129907E-03 +8.999448746E-02 -1.241074835E-01 +8.301661859E-02
2.52000000000E+09 +7.302768475E-02 +1.075174988E-01 +5.813956999E-02 +9.168102572E-02 -1.860785736E-01 +6.528883668E-02
2.53000000000E+09 +8.793539493E-02 -9.147478734E-02 +9.280457266E-02 -1.444575275E-05 -2.335637474E-01 +9.576444480E-02
2.54000000000E+09 -1.046230632E-01 -6.762329342E-02 +2.239538777E-02 -6.877473777E-02 -2.423667611E-01 +1.534681884E-01
2.55000000000E+09 -4.771869299E-02 +1.154505044E-01 -3.823005118E-02 -4.919503344E-02 -1.919187268E-01 +2.027222768E-01
2.56000000000E+09 +1.261467856E-01 +2.369379372E-02 -4.633629023E-02 -4.518116446E-02 -1.205311521E-01 +1.772860928E-01
2.57000000000E+09 -7.000701761E-03 -1.287154405E-01 -1.033535697E-01 -6.217096212E-02 -1.254994568E-01 +1.008120594E-01
2.58000000000E+09 -1.190219152E-01 +3.407436833E-02 -1.724962291E-01 +1.033718402E-02 -1.956156886E-01 +8.693759166E-02
2.59000000000E+09 +5.318164521E-02 +1.073847234E-01 -1.361128608E-01 +1.094888745E-01 -2.231618550E-01 +1.377046870E-01
2.60000000000E+09 +9.677664260E-02 -7.047753264E-02 -5.764578447E-02 +1.224580091E-01 -1.968488470E-01 +1.756622145E-01
2.61000000000E+09 -8.909169237E-02 -8.380635039E-02 -3.004992726E-02 +1.058999041E-01 -1.623606216E-01 +1.819029776E-01
2.62000000000E+09 -6.571435880E-02 +1.072295087E-01 +1.288360242E-02 +1.202149406E-01 -1.340395380E-01 +1.653624143E-01
2.63000000000E+09 +1.220691983E-01 +4.012997477E-02 +1.002890548E-01 +6.843211525E-02 -1.330680418E-01 +1.198484336E-01
2.64000000000E+09 +9.435183662E-03 -1.263981973E-01 +9.792598910E-02 -6.067491162E-02 -1.844358544E-01 +9.707121843E-02
2.65000000000E+09 -1.205281191E-01 +1.641470918E-02 +1.377211162E-03 -1.161895084E-01 -2.211506554E-01 +1.477240872E-01
2.66000000000E+09 +3.701797795E-02 +1.135229432E-01 -5.712741047E-02 -9.856777032E-02 -1.848865483E-01 +2.024571739E-01
2.67000000000E+09 +1.056360660E-01 -5.841488419E-02 -9.378588265E-02 -1.032567671E-01 -1.287154075E-01 +1.917086500E-01
2.68000000000E+09 -7.926907155E-02 -9.172883124E-02 -1.761592105E-01 -7.936610353E-02 -1.156646784E-01 +1.464735298E-01
2.69000000000E+09 -7.311019383E-02 +9.664842023E-02 -2.131225475E-01 +3.361605324E-02 -1.379150721E-01 +1.146597995E-01
2.70000000000E+09 +1.089434244E-01 +5.157074978E-02 -1.370834344E-01 +1.226711296E-01 -1.723541652E-01 +1.094933259E-01
2.71000000000E+09 +2.856610509E-02 -1.159610283E-01 -5.539729080E-02 +1.182095363E-01 -2.030973697E-01 +1.437403576E-01
2.72000000000E+09 -1.200411920E-01 -6.528663592E-03 -1.587678163E-02 +1.074669759E-01 -1.811077881E-01 +1.987082474E-01
2.73000000000E+09 +1.854353556E-02 +1.230403103E-01 +5.708620646E-02 +9.449852870E-02 -1.126419725E-01 +1.910527049E-01
2.74000000000E+09 +1.173913487E-01 -4.953644189E-02 +1.192990298E-01 -8.368799858E-03 -9.709953215E-02 +1.087117276E-01
2.75000000000E+09 -7.512642579E-02 -9.795442733E-02 +5.984972202E-02 -1.214109589E-01 -1.719636634E-01 +6.777568670E-02
2.76000000000E+09 -7.566811151E-02 +8.839995825E-02 -3.100850045E-02 -1.290885008E-01 -2.383165579E-01 +1.187756823E-01
2.77000000000E+09 +9.626561973E-02 +5.759051000E-02 -6.212304307E-02 -1.114531569E-01 -2.354468927E-01 +1.974233575E-01
2.78000000000E+09 +4.220245278E-02 -1.041277072E-01 -1.063270345E-01 -1.205755807E-01 -1.732460315E-01 +2.475647118E-01
2.79000000000E+09 -1.148808849E-01 -2.398819831E-02 -1.823543388E-01 -7.028162377E-02 -8.683177732E-02 +2.218729581E-01
2.80000000000E+09 +2.962964943E-03 +1.232698032E-01 -1.766902586E-01 +4.323016185E-02 -5.878812948E-02 +1.171976018E-01
2.81000000000E+09 +1.174895146E-01 -3.482842828E-02 -8.865358553E-02 +8.604613520E-02 -1.537859350E-01 +4.538872544E-02
2.82000000000E+09 -5.701858737E-02 -1.011767191E-01 -4.452766273E-02 +6.791139874E-02 -2.616252801E-01 +1.082574352E-01
2.83000000000E+09 -8.723836115E-02 +7.054791880E-02 -1.103232926E-02 +8.139439244E-02 -2.560116078E-01 +2.216172183E-01
2.84000000000E+09 +8.531002180E-02 +7.592321194E-02 +7.457973091E-02 +6.139473083E-02 -1.632029590E-01 +2.677594111E-01
2.85000000000E+09 +5.954322261E-02 -1.029900181E-01 +1.135688409E-01 -4.912481004E-02 -8.207097537E-02 +2.207692818E-01
2.86000000000E+09 -1.167528104E-01 -3.411470055E-02 +4.043338028E-02 -1.284227013E-01 -8.262764986E-02 +1.339264336E-01
2.87000000000E+09 -4.464287777E-03 +1.189452184E-01 -2.038542074E-02 -1.132221408E-01 -1.613441789E-01 +9.805270026E-02
2.88000000000E+09 +1.117766074E-01 -1.886437815E-02 -3.188684138E-02 -1.133737650E-01 -2.293519269E-01 +1.598041283E-01
2.89000000000E+09 -3.580519313E-02 -1.051371969E-01 -8.754613323E-02 -1.249500967E-01 -2.006963909E-01 +2.474223059E-01
2.90000000000E+09 -1.014292697E-01 +5.466034900E-02 -1.491289517E-01 -5.619280238E-02 -1.022020284E-01 +2.573974164E-01
2.91000000000E+09 +7.971184562E-02 +9.132981416E-02 -1.112065119E-01 +3.603136683E-02 -5.306617889E-02 +1.738004668E-01
2.92000000000E+09 +6.790818527E-02 -1.013203935E-01 -4.072208068E-02 +3.797687676E-02 -1.144674525E-01 +1.048247952E-01
2.93000000000E+09 -1.099674886E-01 -4.084897482E-02 -3.353362445E-02 +2.575435267E-02 -1.923954805E-01 +1.312115457E-01
2.94000000000E+09 -1.846459856E-02 +1.114837886E-01 -4.059649757E-03 +5.666432450E-02 -1.997302862E-01 +2.058252386E-01
2.95000000000E+09 +1.123999386E-01 -9.202410581E-04 +7.020908844E-02 +3.389904751E-02 -1.377656214E-01 +2.516296662E-01
2.96000000000E+09 -2.295863221E-02 -1.137726646E-01 +8.041865314E-02 -4.720731929E-02 -6.203546494E-02 +2.156076861E-01
2.97000000000E+09 -1.081138150E-01 +5.057412773E-02 +3.040286424E-02 -7.181497345E-02 -6.422708373E-02 +1.210941918E-01
2.98000000000E+09 +7.417671887E-02 +9.011965967E-02 +2.894882002E-02 -5.947991395E-02 -1.608115884E-01 +8.746155966E-02
2.99000000000E+09 +6.916817002E-02 -8.661335251E-02 +2.831995428E-02 -1.003758681E-01 -2.291402373E-01 +1.621938673E-01
3.00000000000E+09 -9.116636421E-02 -5.831632903E-02 -3.473078053E-02 -1.219047616E-01 -1.930364840E-01 +2.519376648E-01
3.01000000000E+09 -4.379005634E-02 +1.014976686E-01 -8.781837318E-02 -6.113692130E-02 -1.015152575E-01 +2.706441014E-01
3.02000000000E+09 +1.130263725E-01 +2.294855674E-02 -6.185564504E-02 -6.534158771E-03 -4.084434221E-02 +2.041284492E-01
3.03000000000E+09 -5.742464011E-03 -1.175759108E-01 -4.885519057E-02 -7.962799981E-03 -6.752703944E-02 +1.102004228E-01
3.04000000000E+09 -1.088148830E-01 +3.420980550E-02 -6.630034275E-02 +3.169620277E-02 -1.672592695E-01 +9.003047082E-02
3.05000000000E+09 +5.277276575E-02 +9.290546651E-02 -1.036231390E-02 +9.049093162E-02 -2.345427640E-01 +1.749474323E-01
3.06000000000E+09 +8.018652610E-02 -6.460427487E-02 +7.145304992E-02 +6.203417160E-02 -1.966800267E-01 +2.755325888E-01
3.07000000000E+09 -7.829517014E-02 -7.011438811E-02 +7.642487054E-02 -1.760116101E-03 -9.546296075E-02 +2.971285852E-01
3.08000000000E+09 -5.560310583E-02 +9.535745084E-02 +5.534709694E-02 -8.330406108E-03 -2.381351741E-02 +2.314673435E-01
3.09000000000E+09 +1.100127319E-01 +3.174105311E-02 +8.261444414E-02 -1.995771688E-02 -3.490576417E-02 +1.416375963E-01
3.10000000000E+09 +2.886924375E-03 -1.144776434E-01 +7.147883231E-02 -8.847689302E-02 -1.078323135E-01 +9.911361656E-02
3.11000000000E+09 -1.080622676E-01 +2.323636592E-02 -9.590794560E-03 -1.050120040E-01 -1.847190073E-01 +1.392707857E-01
3.12000000000E+09 +4.230671852E-02 +9.761133504E-02 -4.738089369E-02 -5.512070469E-02 -1.944602445E-01 +2.252388250E-01
3.13000000000E+09 +8.854655146E-02 -5.807742774E-02 -4.516058633E-02 -3.770423058E-02 -1.257658440E-01 +2.730083239E-01
3.14000000000E+09 -7.588972569E-02 -7.808146614E-02 -8.564211449E-02 -2.602012663E-02 -5.382195619E-02 +2.414870525E-01
3.15000000000E+09 -6.069307368E-02 +9.276836302E-02 -1.121040504E-01 +5.886807179E-02 -4.675113644E-02 +1.790223104E-01
3.16000000000E+09 +1.032656709E-01 +3.836783428E-02 -4.081878811E-02 +1.356484965E-01 -8.496184616E-02 +1.480785024E-01
3.17000000000E+09 +1.558083104E-02 -1.072981831E-01 +4.212145726E-02 +1.215356366E-01 -1.255007830E-01 +1.539769786E-01
3.18000000000E+09 -1.063198644E-01 +5.307704199E-03 +7.260907265E-02 +9.143070823E-02 -1.473547609E-01 +1.896624330E-01
3.19000000000E+09 +2.442950285E-02 +1.037293568E-01 +1.166196424E-01 +7.238589437E-02 -1.231316699E-01 +2.288772646E-01
3.20000000000E+09 +1.002243584E-01 -4.480298240E-02 +1.612586421E-01 -1.195200438E-02 -7.228991384E-02 +2.223780095E-01
3.21000000000E+09 -6.805941378E-02 -9.016754809E-02 +1.014843937E-01 -1.238738502E-01 -6.529677992E-02 +1.774431567E-01
3.22000000000E+09 -7.073455389E-02 +8.750001536E-02 -2.051278139E-02 -1.346628574E-01 -1.039580762E-01 +1.650555771E-01
3.23000000000E+09 +9.862606264E-02 +4.870032946E-02 -8.421985828E-02 -8.041077730E-02 -1.154921740E-01 +1.859555585E-01
3.24000000000E+09 +2.676715914E-02 -1.048408031E-01 -1.252763951E-01 -3.951717948E-02 -1.026244895E-01 +1.898849524E-01
3.25000000000E+09 -1.063897756E-01 -4.698385447E-03 -1.720463543E-01 +4.425787643E-02 -1.062576546E-01 +1.848782680E-01
3.26000000000E+09 +1.551035518E-02 +1.034363200E-01 -1.305332928E-01 +1.687262529E-01 -1.157730872E-01 +1.931199534E-01
3.27000000000E+09 +9.821088606E-02 -3.470545033E-02 -3.050273022E-03 +2.095594465E-01 -1.175537921E-01 +2.045096676E-01
3.28000000000E+09 -5.298204722E-02 -9.000395793E-02 +8.334095354E-02 +1.524674600E-01 -1.185950859E-01 +2.215389676E-01
3.29000000000E+09 -7.898733674E-02 +6.994049473E-02 +1.102824192E-01 +9.918380824E-02 -9.271235566E-02 +2.467077320E-01
3.30000000000E+09 +8.716727708E-02 +6.585710235E-02 +1.465681050E-01 +4.210008812E-02 -3.512078914E-02 +2.319813915E-01
3.31000000000E+09 +4.502529517E-02 -1.038731277E-01 +1.367360527E-01 -7.293305754E-02 -2.720260116E-02 +1.599797559E-01
3.32000000000E+09 -1.106271388E-01 -1.566994586E-02 +1.774084956E-02 -1.443224473E-01 -1.044031707E-01 +1.264530155E-01
3.33000000000E+09 +9.605676757E-03 +1.052774562E-01 -8.998231258E-02 -9.921381786E-02 -1.606575587E-01 +1.808806516E-01
3.34000000000E+09 +9.701267643E-02 -2.722952896E-02 -1.243212153E-01 -4.070518980E-02 -1.403648970E-01 +2.493134307E-01
3.35000000000E+09 -4.218778252E-02 -8.971940546E-02 -1.600829525E-01 +1.644966631E-03 -8.123035016E-02 +2.754590629E-01
3.36000000000E+09 -8.308394214E-02 +5.737390644E-02 -1.854793563E-01 +9.463905288E-02 -1.958455145E-02 +2.501581415E-01
3.37000000000E+09 +7.537829577E-02 +7.302864737E-02 -1.151301459E-01 +1.977322153E-01 -1.343374586E-03 +1.805074292E-01
3.38000000000E+09 +5.498505435E-02 -9.282817026E-02 +5.406289435E-03 +2.006258871E-01 -6.399265397E-02 +1.230797834E-01
3.39000000000E+09 -1.017851313E-01 -3.108476764E-02 +6.388411219E-02 +1.396935002E-01 -1.406686591E-01 +1.607667101E-01
3.40000000000E+09 -9.758374182E-03 +1.039798135E-01 +9.411202973E-02 +9.437604555E-02 -1.265304884E-01 +2.434844397E-01
3.41000000000E+09 +1.048406728E-01 -1.016124952E-02 +1.279351744E-01 +1.396980103E-02 -5.445172004E-02 +2.616167768E-01
3.42000000000E+09 -3.341325543E-02 -1.017956403E-01 +7.875363586E-02 -1.021040491E-01 -1.940173568E-02 +2.122958372E-01
3.43000000000E+09 -9.095897466E-02 +5.606070922E-02 -4.828088918E-02 -1.327593383E-01 -3.902574143E-02 +1.655596597E-01
3.44000000000E+09 +7.338392985E-02 +7.457313649E-02 -1.262367601E-01 -7.606026452E-02 -7.859479184E-02 +1.547023718E-01
3.45000000000E+09 +5.579375170E-02 -8.437986043E-02 -1.545468397E-01 -3.145797016E-02 -1.130207413E-01 +1.821912065E-01
3.46000000000E+09 -9.101292948E-02 -3.869729045E-02 -1.940046549E-01 +2.267069511E-02 -1.057246590E-01 +2.314867795E-01
3.47000000000E+09 -2.276310222E-02 +9.672655420E-02 -1.864044908E-01 +1.254291726E-01 -5.515198195E-02 +2.508337604E-01
3.48000000000E+09 +1.027395120E-01 +3.466075923E-03 -8.705032730E-02 +1.873778047E-01 -2.406999834E-02 +2.088619100E-01
3.49000000000E+09 -2.092130683E-02 -1.029915736E-01 +3.773433367E-03 +1.474383764E-01 -5.018631162E-02 +1.692064601E-01
3.50000000000E+09 -9.476861091E-02 +4.403201975E-02 +2.679761494E-02 +9.687069679E-02 -8.143969487E-02 +1.863938426E-01
3.51000000000E+09 +6.238965471E-02 +8.225610227E-02 +5.695261507E-02 +6.394454610E-02 -7.644897034E-02 +2.138400040E-01
3.52000000000E+09 +6.651019480E-02 -7.762988515E-02 +7.778044595E-02 -2.079979295E-02 -6.168279989E-02 +2.176323498E-01
3.53000000000E+09 -8.884502849E-02 -4.835795201E-02 +9.467139466E-03 -1.056517744E-01 -4.874978540E-02 +2.130656068E-01
3.54000000000E+09 -2.891220441E-02 +9.645761567E-02 -8.391083475E-02 -9.913790882E-02 -4.057097946E-02 +1.970903398E-01
3.55000000000E+09 +9.971594609E-02 +7.564430587E-03 -1.161554638E-01 -6.063506063E-02 -5.641808074E-02 +1.773370042E-01
3.56000000000E+09 -1.357297609E-02 -9.764393661E-02 -1.433541330E-01 -5.099185479E-02 -8.553512271E-02 +1.921119820E-01
3.57000000000E+09 -9.128207251E-02 +3.149380233E-02 -1.929236664E-01 -2.560871825E-03 -8.352073952E-02 +2.344104747E-01
3.58000000000E+09 +4.759756800E-02 +8.374646463E-02 -1.767675471E-01 +9.021699259E-02 -4.764032063E-02 +2.517802956E-01
3.59000000000E+09 +7.397292493E-02 -6.405270613E-02 -9.192761336E-02 +1.242817829E-01 -1.054851357E-02 +2.304896187E-01
3.60000000000E+09 -7.991335291E-02 -5.975028537E-02 -3.893920938E-02 +9.312373606E-02 +2.436732348E-03 +1.966659561E-01
3.61000000000E+09 -4.094758397E-02 +9.246863345E-02 -1.539418396E-02 +7.787190387E-02 -1.525745241E-02 +1.605389909E-01
3.62000000000E+09 +9.881581665E-02 +1.775830205E-02 +3.694244334E-02 +4.811178945E-02 -6.567604819E-02 +1.475843947E-01
3.63000000000E+09 -4.642162439E-03 -9.704078498E-02 +5.240443608E-02 -4.093240041E-02 -1.054928111E-01 +1.918091059E-01
3.64000000000E+09 -9.112456569E-02 +2.226431099E-02 -1.131577956E-02 -1.009507117E-01 -8.515685732E-02 +2.560504356E-01
3.65000000000E+09 +3.729207040E-02 +8.503408722E-02 -6.604833011E-02 -9.105766040E-02 -1.602981414E-02 +2.726560039E-01
3.66000000000E+09 +7.844069778E-02 -5.363320934E-02 -8.098218970E-02 -8.628045551E-02 +4.122388661E-02 +2.253440560E-01
3.67000000000E+09 -7.101814777E-02 -6.723890687E-02 -1.236337202E-01 -9.525009815E-02 +3.405123384E-02 +1.546244500E-01
3.68000000000E+09 -4.922190335E-02 +8.541245942E-02 -1.764603681E-01 -4.518483275E-02 -3.149695408E-02 +1.175032405E-01
3.69000000000E+09 +9.264572254E-02 +2.780854463E-02 -1.588403397E-01 +2.839513515E-02 -9.176502010E-02 +1.492488971E-01
3.70000000000E+09 +7.999814878E-03 -9.392938285E-02 -1.117080586E-01 +4.958432619E-02 -9.232286276E-02 +2.186675307E-01
3.71000000000E+09 -9.337439753E-02 +9.160464247E-03 -8.943042002E-02 +6.087380691E-02 -3.651606856E-02 +2.517593278E-01
3.72000000000E+09 +2.773514403E-02 +9.152650136E-02 -3.835613807E-02 +8.913029200E-02 +1.073226682E-02 +2.131411824E-01
3.73000000000E+09 +8.478037550E-02 -4.841964361E-02 +5.011808751E-02 +5.751916269E-02 -1.263793324E-03 +1.560510222E-01
3.74000000000E+09 -6.659551953E-02 -7.086079833E-02 +7.758006054E-02 -3.853671384E-02 -5.652964692E-02 +1.506097584E-01
3.75000000000E+09 -5.327026456E-02 +7.823746421E-02 +3.818199335E-02 -9.988707044E-02 -8.199097263E-02 +1.973439013E-01
3.76000000000E+09 +8.566743076E-02 +3.666998629E-02 +8.520829850E-03 -1.272472290E-01 -4.802062482E-02 +2.405670404E-01
3.77000000000E+09 +2.024905046E-02 -9.180355924E-02 -3.475528333E-02 -1.698400795E-01 +3.254507407E-03 +2.321165102E-01
3.78000000000E+09 -9.600238136E-02 -5.866484472E-04 -1.300610791E-01 -1.709622648E-01 +1.207280765E-02 +1.797259919E-01
3.79000000000E+09 +2.161486555E-02 +9.415017178E-02 -1.937462543E-01 -8.348902951E-02 -2.719424413E-02 +1.510802810E-01
3.80000000000E+09 +8.521657259E-02 -4.164195091E-02 -1.687739475E-01 +4.513232663E-03 -6.307223662E-02 +1.844514200E-01
3.81000000000E+09 -5.658526078E-02 -7.385045224E-02 -1.250290559E-01 +4.455887801E-02 -4.493135815E-02 +2.316361226E-01
3.82000000000E+09 -6.188971002E-02 +6.933591636E-02 -7.952230784E-02 +8.601023245E-02 +6.383859531E-03 +2.298754372E-01
3.83000000000E+09 +8.216037110E-02 +4.761914796E-02 +1.560368124E-02 +1.060535848E-01 +3.234199475E-02 +1.741063379E-01
3.84000000000E+09 +2.801122159E-02 -9.238789159E-02 +1.098179660E-01 +3.767335791E-02 -1.281129842E-02 +1.227705701E-01
3.85000000000E+09 -9.468177782E-02 -5.220597595E-03 +1.179799551E-01 -6.351438471E-02 -8.583205823E-02 +1.465666140E-01
3.86000000000E+09 +1.424000271E-02 +9.038881293E-02 +8.522665225E-02 -1.191108399E-01 -9.286559292E-02 +2.315063617E-01
3.87000000000E+09 +8.496432859E-02 -2.934712807E-02 +5.676708711E-02 -1.667589127E-01 -1.800699257E-02 +2.830747955E-01
3.88000000000E+09 -4.485307193E-02 -7.960350616E-02 -1.652629331E-02 -2.148252253E-01 +6.606032612E-02 +2.386418828E-01
3.89000000000E+09 -7.064304738E-02 +6.290806322E-02 -1.257025960E-01 -1.864709193E-01 +7.815876200E-02 +1.343491583E-01
3.90000000000E+09 +7.913206157E-02 +5.341500967E-02 -1.725719181E-01 -8.584211221E-02 -6.342536109E-03 +7.106886055E-02
3.91000000000E+09 +3.183645957E-02 -8.727519987E-02 -1.520039069E-01 -4.127533648E-03 -1.097403860E-01 +1.108228838E-01
3.92000000000E+09 -8.729095753E-02 -1.261664234E-02 -1.203450590E-01 +6.130997136E-02 -1.338120066E-01 +2.151411795E-01
3.93000000000E+09 +1.991565650E-03 +8.561186001E-02 -4.464302472E-02 +1.313329191E-01 -6.107541953E-02 +2.905950379E-01
3.94000000000E+09 +8.571061314E-02 -1.585399222E-02 +8.761048608E-02 +1.341771459E-01 +4.313104892E-02 +2.744029626E-01
3.95000000000E+09 -3.377172011E-02 -8.488459862E-02 +1.817657256E-01 +3.629213042E-02 +8.528674186E-02 +1.797717741E-01
3.96000000000E+09 -7.708757343E-02 +5.517122874E-02 +1.801855148E-01 -7.414568824E-02 +3.038380264E-02 +9.976096015E-02
3.97000000000E+09 +7.268666076E-02 +6.086081220E-02 +1.429210551E-01 -1.452124428E-01 -6.233719583E-02 +1.057036160E-01
3.98000000000E+09 +4.084286322E-02 -8.198289783E-02 +7.912072390E-02 -2.106606268E-01 -1.095566627E-01 +1.728933915E-01
3.99000000000E+09 -8.545761525E-02 -2.258750581E-02 -4.219771268E-02 -2.244020902E-01 -8.155761817E-02 +2.449435734E-01
4.00000000000E+09 -6.591600321E-03 +8.653035573E-02 -1.412241697E-01 -1.343738013E-01 -9.930030948E-03 +2.726792007E-01
4.01000000000E+09 +8.740320424E-02 -9.581797633E-03 -1.419531173E-01 -1.735689527E-02 +5.124047189E-02 +2.318668026E-01
4.02000000000E+09 -2.817722487E-02 -8.561254406E-02 -9.630875800E-02 +5.013823256E-02 +4.692071039E-02 +1.595619369E-01
4.03000000000E+09 -7.754884601E-02 +4.720223344E-02 -5.099794046E-02 +1.031002640E-01 -1.206518978E-02 +1.322064876E-01
4.04000000000E+09 +6.226727426E-02 +6.451436381E-02 +3.756862251E-02 +1.457354396E-01 -5.536042733E-02 +1.660270703E-01
4.05000000000E+09 +4.981206703E-02 -7.277042474E-02 +1.459926719E-01 +1.079888753E-01 -4.607292722E-02 +2.140168318E-01
4.06000000000E+09 -8.077098390E-02 -3.459202190E-02 +1.838637517E-01 +1.357358773E-02 -3.183236724E-03 +2.341840645E-01
4.07000000000E+09 -1.816060012E-02 +8.736561722E-02 +1.618444098E-01 -5.113997858E-02 +3.515531371E-02 +2.128303860E-01
4.08000000000E+09 +9.057484444E-02 -1.061784586E-03 +1.402247037E-01 -9.545101728E-02 +3.586230089E-02 +1.639709782E-01
4.09000000000E+09 -2.214947731E-02 -8.829198804E-02 +8.720362870E-02 -1.507677848E-01 -1.869596070E-03 +1.405843929E-01
4.10000000000E+09 -7.943515434E-02 +4.075623953E-02 -1.480234498E-02 -1.521791908E-01 -3.081237381E-02 +1.696449186E-01
4.11000000000E+09 +5.526730045E-02 +6.808162630E-02 -8.210528013E-02 -7.832429262E-02 -1.290175447E-02 +1.989995879E-01
4.12000000000E+09 +5.567130248E-02 -6.776278516E-02 -8.779167320E-02 -4.666360909E-03 +1.760519841E-02 +1.799348794E-01
4.13000000000E+09 -7.875970379E-02 -3.998276265E-02 -8.364118454E-02 +5.325756028E-02 +2.091643399E-03 +1.399479987E-01
4.14000000000E+09 -2.091996230E-02 +8.522594754E-02 -5.293781063E-02 +1.308329298E-01 -4.928867473E-02 +1.409761369E-01
4.15000000000E+09 +8.552237538E-02 +1.976752047E-03 +4.303904729E-02 +1.748926362E-01 -7.100618048E-02 +1.955982047E-01
4.16000000000E+09 -1.437516273E-02 -8.237068761E-02 +1.341396354E-01 +1.312365236E-01 -2.777678302E-02 +2.510120491E-01
4.17000000000E+09 -7.891178994E-02 +2.950653784E-02 +1.580459699E-01 +6.018670751E-02 +4.814213784E-02 +2.410548506E-01
4.18000000000E+09 +4.631939292E-02 +7.322685797E-02 +1.550359380E-01 +1.081054216E-02 +8.270225254E-02 +1.526263585E-01
4.19000000000E+09 +6.101216868E-02 -6.442162718E-02 +1.410278255E-01 -5.080242216E-02 +1.110815632E-02 +6.760040175E-02
4.20000000000E+09 -7.581430467E-02 -4.103481930E-02 +6.719387229E-02 -1.045033883E-01 -1.129087323E-01 +1.041647463E-01
4.21000000000E+09 -2.211009193E-02 +7.771097882E-02 -2.601816830E-02 -8.063258760E-02 -1.404853517E-01 +2.396967163E-01
4.22000000000E+09 +7.676504749E-02 +8.931000528E-03 -6.349864980E-02 -1.704016696E-02 -3.182131439E-02 +3.289364104E-01
4.23000000000E+09 -2.753458921E-03 -7.825202686E-02 -7.114234981E-02 +2.595159217E-02 +1.048551711E-01 +2.849602155E-01
4.24000000000E+09 -8.036730084E-02 +1.891682913E-02 -8.536622090E-02 +7.434354956E-02 +1.362666521E-01 +1.368781625E-01
4.25000000000E+09 +3.965718307E-02 +7.540224084E-02 -6.084617258E-02 +1.470088382E-01 +1.850155086E-02 +3.462912589E-02
4.26000000000E+09 +6.068897859E-02 -5.586269952E-02 +1.538404439E-02 +1.743926404E-01 -1.256910682E-01 +1.016148481E-01
4.27000000000E+09 -6.317267601E-02 -4.533192178E-02 +6.721453942E-02 +1.446372149E-01 -1.337805343E-01 +2.558636097E-01
4.28000000000E+09 -3.422549934E-02 +6.708822715E-02 +8.772270037E-02 +1.183241204E-01 -4.576195038E-03 +3.339140709E-01
4.29000000000E+09 +7.423738954E-02 +2.455568343E-02 +1.185048826E-01 +8.702883904E-02 +1.354869660E-01 +2.619208854E-01
4.30000000000E+09 +8.939362987E-03 -8.331052443E-02 +1.281608988E-01 +1.229705940E-02 +1.386579645E-01 +9.732630711E-02
4.31000000000E+09 -8.524352431E-02 +1.430430035E-02 +6.534165692E-02 -5.482617080E-02 -1.919812262E-02 +2.025933984E-02
4.32000000000E+09 +3.441931253E-02 +7.555516894E-02 -1.367534541E-02 -5.444062103E-02 -1.440895099E-01 +1.282163532E-01
4.33000000000E+09 +6.352326463E-02 -4.593267936E-02 -6.267250107E-02 -3.284095990E-02 -1.059964244E-01 +2.737329989E-01
4.34000000000E+09 -5.464931090E-02 -5.463941414E-02 -1.167717221E-01 -4.531423616E-03 +2.375040658E-02 +3.050289837E-01
4.35000000000E+09 -4.577425257E-02 +6.565303763E-02 -1.599179987E-01 +7.176945585E-02 +1.136153910E-01 +2.119781968E-01
4.36000000000E+09 +7.732565080E-02 +3.119250417E-02 -1.282584526E-01 +1.658798190E-01 +7.311446443E-02 +9.644242625E-02
4.37000000000E+09 +1.098616459E-02 -8.326717257E-02 -4.788433158E-02 +1.970057779E-01 -5.191566285E-02 +8.620178662E-02
4.38000000000E+09 -8.053783585E-02 +7.698140035E-03 +9.012193151E-03 +1.811240383E-01 -1.050219469E-01 +1.878112789E-01
4.39000000000E+09 +2.181730137E-02 +7.607513445E-02 +5.849168049E-02 +1.581225783E-01 -3.164310539E-02 +2.721931611E-01
4.40000000000E+09 +7.255525400E-02 -3.587157503E-02 +1.081212029E-01 +9.417994142E-02 +6.938513761E-02 +2.394068954E-01
4.41000000000E+09 -5.363618785E-02 -6.559420686E-02 +9.492296656E-02 -6.805634950E-03 +6.775911982E-02 +1.301216135E-01
4.42000000000E+09 -4.964624871E-02 +6.961145129E-02 +1.577405629E-02 -6.033042041E-02 -3.644051083E-02 +9.517201581E-02
4.43000000000E+09 +7.624842242E-02 +2.976486284E-02 -4.797112623E-02 -5.811213863E-02 -1.045890193E-01 +1.827136777E-01
4.44000000000E+09 +1.359544863E-02 -7.674364569E-02 -9.894242125E-02 -5.558003600E-02 -5.742006191E-02 +2.754442389E-01
4.45000000000E+09 -7.697630226E-02 -3.594997554E-04 -1.679815297E-01 -2.457902958E-02 +4.806850374E-02 +2.809054753E-01
4.46000000000E+09 +1.426261968E-02 +7.757291993E-02 -1.996990657E-01 +6.211704035E-02 +1.084832572E-01 +1.927876535E-01
4.47000000000E+09 +7.481524988E-02 -3.264944222E-02 -1.544115066E-01 +1.358529153E-01 +5.010052680E-02 +8.893121322E-02
4.48000000000E+09 -4.968964967E-02 -6.349758582E-02 -9.534931098E-02 +1.502082283E-01 -7.469652280E-02 +9.375768766E-02
4.49000000000E+09 -4.856803177E-02 +5.954170537E-02 -5.179751685E-02 +1.536040071E-01 -1.201228354E-01 +2.150671048E-01
4.50000000000E+09 +6.466609299E-02 +3.641082921E-02 +1.632878383E-02 +1.409576826E-01 -3.878656504E-02 +3.089063194E-01
4.51000000000E+09 +2.589031575E-02 -7.100795936E-02 +7.548386076E-02 +6.306443234E-02 +7.338485756E-02 +2.834125376E-01
4.52000000000E+09 -7.868794636E-02 -1.155354193E-02 +5.595998916E-02 -3.965051052E-02 +1.080474422E-01 +1.785920876E-01
4.53000000000E+09 +8.609083360E-03 +8.158801172E-02 -1.100520354E-02 -8.703842191E-02 +3.527003534E-02 +1.053962779E-01
4.54000000000E+09 +7.540005808E-02 -2.877239084E-02 -6.125018699E-02 -1.024589189E-01 -5.916736225E-02 +1.309001115E-01
4.55000000000E+09 -4.294007173E-02 -6.372183313E-02 -1.254177736E-01 -1.142041524E-01 -7.738139617E-02 +2.256020878E-01
4.56000000000E+09 -5.255988031E-02 +5.150678779E-02 -2.005598959E-01 -7.057607333E-02 -3.785549582E-03 +2.929803561E-01
4.57000000000E+09 +5.972214240E-02 +4.346365774E-02 -2.146755716E-01 +1.769920242E-02 +9.073986235E-02 +2.576253815E-01
4.58000000000E+09 +3.222369233E-02 -6.939513321E-02 -1.672667559E-01 +7.342872406E-02 +1.106752980E-01 +1.468389620E-01
4.59000000000E+09 -7.717665677E-02 -1.505872182E-02 -1.215222155E-01 +8.910857858E-02 +1.788889474E-02 +8.230336212E-02
4.60000000000E+09 +4.160155141E-03 +7.722172657E-02 -6.956481150E-02 +1.046311073E-01 -8.207268112E-02 +1.367142711E-01
4.61000000000E+09 +7.191413779E-02 -1.973296527E-02 +1.165005411E-02 +7.981929786E-02 -8.482429702E-02 +2.387151037E-01
4.62000000000E+09 -3.192453616E-02 -6.579123244E-02 +5.470067375E-02 -8.573869325E-03 -4.594110503E-03 +2.955489268E-01
4.63000000000E+09 -5.981028828E-02 +4.392670013E-02 +2.556890370E-02 -8.682189611E-02 +8.556349754E-02 +2.628802909E-01
4.64000000000E+09 +5.768879104E-02 +5.120800203E-02 -1.465824741E-02 -1.180714809E-01 +1.057231603E-01 +1.589938175E-01
4.65000000000E+09 +3.543063681E-02 -7.028154204E-02 -4.721750233E-02 -1.488687707E-01 +1.541142705E-02 +9.172514370E-02
4.66000000000E+09 -7.409324420E-02 -1.547786569E-02 -1.166534912E-01 -1.640136082E-01 -9.180774829E-02 +1.580941571E-01
4.67000000000E+09 +1.153918006E-04 +7.084023061E-02 -1.786770889E-01 -1.104298393E-01 -7.671754986E-02 +2.822801882E-01
4.68000000000E+09 +6.750909258E-02 -1.059146212E-02 -1.727478740E-01 -3.814120899E-02 +4.590031765E-02 +3.250968193E-01
4.69000000000E+09 -2.173483235E-02 -6.676493597E-02 -1.356322901E-01 -4.199944302E-03 +1.481637886E-01 +2.452791622E-01
4.70000000000E+09 -6.433015736E-02 +3.719254121E-02 -1.071562428E-01 +1.825392304E-02 +1.274580205E-01 +1.072887592E-01
4.71000000000E+09 +5.406648993E-02 +5.373072733E-02 -5.139508996E-02 +4.464911220E-02 -1.519927494E-02 +5.231044062E-02
4.72000000000E+09 +3.621432745E-02 -6.339425833E-02 +2.698996439E-02 +1.656288548E-02 -1.327993118E-01 +1.647263083E-01
4.73000000000E+09 -6.428758049E-02 -2.126259202E-02 +5.426339897E-02 -5.304236328E-02 -8.867138728E-02 +3.253218133E-01
4.74000000000E+09 -1.180141847E-02 +6.433291491E-02 +4.115031167E-02 -9.579507978E-02 +7.635500726E-02 +3.670539424E-01
4.75000000000E+09 +6.803970185E-02 +2.472249175E-03 +3.774209779E-02 -1.213333002E-01 +2.081097149E-01 +2.452930661E-01
4.76000000000E+09 -1.298209956E-02 -7.208346320E-02 +2.333469694E-02 -1.652539242E-01 +1.619268515E-01 +5.932112409E-02
4.77000000000E+09 -6.736223425E-02 +3.311068625E-02 -3.476623754E-02 -1.858192767E-01 -3.777635143E-02 +1.282107660E-02
4.78000000000E+09 +4.622204079E-02 +5.350553310E-02 -7.875659081E-02 -1.492393607E-01 -1.578269791E-01 +1.670607599E-01
4.79000000000E+09 +4.132579093E-02 -5.134251942E-02 -8.105950549E-02 -1.116120525E-01 -8.209383201E-02 +3.363368666E-01
4.80000000000E+09 -5.546665938E-02 -3.405692778E-02 -8.358921279E-02 -8.516629005E-02 +8.881314585E-02 +3.595939995E-01
4.81000000000E+09 -2.669699065E-02 +6.394207143E-02 -7.918808235E-02 -3.267313979E-02 +1.996061318E-01 +2.175582787E-01
4.82000000000E+09 +7.420979028E-02 +1.188757298E-02 -1.922659420E-02 +2.045217930E-02 +1.213257136E-01 +4.880508925E-02
4.83000000000E+09 -1.000679863E-02 -7.549397849E-02 +6.324634543E-02 +8.706179700E-03 -7.143151831E-02 +5.636314398E-02
4.84000000000E+09 -6.652958645E-02 +2.652677474E-02 +1.017717614E-01 -3.532099097E-02 -1.320472894E-01 +2.246626487E-01
4.85000000000E+09 +3.583011077E-02 +5.783394159E-02 +1.247446825E-01 -6.873025096E-02 -1.716199824E-02 +3.430587001E-01
4.86000000000E+09 +5.248209865E-02 -4.460546616E-02 +1.436382785E-01 -1.229912472E-01 +1.276231910E-01 +3.036390672E-01
4.87000000000E+09 -5.767083479E-02 -4.562948157E-02 +1.093361490E-01 -1.904858424E-01 +1.567648238E-01 +1.537347538E-01
4.88000000000E+09 -3.041950537E-02 +7.032952042E-02 +3.109919257E-02 -1.989649967E-01 +3.316192497E-02 +6.539988200E-02
4.89000000000E+09 +7.396537675E-02 +9.900966848E-03 -9.536871817E-03 -1.527071389E-01 -9.289722855E-02 +1.549750778E-01
4.90000000000E+09 -5.429890695E-03 -7.004454717E-02 -1.858756322E-02 -1.176437436E-01 -6.007592377E-02 +2.981636043E-01
4.91000000000E+09 -6.712048045E-02 +1.633979375E-02 -3.350145290E-02 -7.505912160E-02 +7.866464522E-02 +3.210697235E-01
4.92000000000E+09 +2.944744929E-02 +6.600443140E-02 -1.427402677E-02 -5.230294247E-03 +1.590247999E-01 +2.105118685E-01
4.93000000000E+09 +5.968945465E-02 -4.723690856E-02 +5.975063232E-02 +2.939844991E-02 +8.201217760E-02 +8.994783302E-02
4.94000000000E+09 -6.105405931E-02 -4.369803841E-02 +1.136368799E-01 +1.755901088E-03 -5.768544089E-02 +1.192710783E-01
4.95000000000E+09 -2.600401814E-02 +6.490090307E-02 +1.262475387E-01 -1.800308380E-02 -7.955254554E-02 +2.624595409E-01
4.96000000000E+09 +6.447504402E-02 +1.389281387E-02 +1.513693616E-01 -2.797705189E-02 +3.292320777E-02 +3.466006372E-01
4.97000000000E+09 +4.337128400E-03 -6.621051233E-02 +1.698650211E-01 -7.060830784E-02 +1.638843455E-01 +2.833958660E-01
4.98000000000E+09 -6.947321796E-02 +8.501299458E-03 +1.372017445E-01 -1.132648452E-01 +1.818981995E-01 +1.281491921E-01
4.99000000000E+09 +2.715682694E-02 +6.753507240E-02 +9.081597045E-02 -1.049647890E-01 +3.843371754E-02 +4.282872547E-02
5.00000000000E+09 +5.613749079E-02 -4.278879503E-02 +7.673836897E-02 -8.427662798E-02 -1.011757118E-01 +1.352789548E-01
5.01000000000E+09 -5.021549584E-02 -4.295998346E-02 +5.467769220E-02 -7.570696432E-02 -8.059245569E-02 +2.841853015E-01
5.02000000000E+09 -3.313496285E-02 +5.447619686E-02 +2.500327469E-02 -3.414928891E-02 +4.286934185E-02 +3.425487864E-01
5.03000000000E+09 +6.017171543E-02 +2.449310914E-02 +4.175091566E-02 +2.638559667E-02 +1.492434098E-01 +2.765840026E-01
5.04000000000E+09 +1.279129763E-02 -6.692967700E-02 +8.961225056E-02 +4.332171038E-02 +1.574776503E-01 +1.524258292E-01
5.05000000000E+09 -6.995828145E-02 +4.174964273E-03 +1.056453979E-01 +3.114833022E-02 +5.720314435E-02 +8.586053465E-02
5.06000000000E+09 +2.134439055E-02 +6.525704181E-02 +1.109908709E-01 +4.226495100E-02 -5.044338746E-02 +1.421969136E-01
5.07000000000E+09 +5.635020353E-02 -3.322536634E-02 +1.408937448E-01 +4.205774977E-02 -5.300097328E-02 +2.455971260E-01
5.08000000000E+09 -4.120101065E-02 -4.798302243E-02 +1.483583222E-01 +1.015851626E-02 +2.497728005E-02 +2.968748686E-01
5.09000000000E+09 -4.011389931E-02 +4.925633629E-02 +1.214087577E-01 +2.128536826E-04 +9.086032983E-02 +2.720719347E-01
5.10000000000E+09 +5.732253279E-02 +3.033980051E-02 +1.165273916E-01 +1.822970628E-02 +1.068131630E-01 +2.143093078E-01
5.11000000000E+09 +1.768015130E-02 -6.371310626E-02 +1.309174181E-01 +5.918398351E-03 +8.176538443E-02 +1.698658291E-01
5.12000000000E+09 -6.615211484E-02 -2.590453755E-03 +1.044797517E-01 -2.334217901E-02 +3.274038337E-02 +1.682301468E-01
5.13000000000E+09 +1.228789938E-02 +6.385867173E-02 +5.920891251E-02 -1.074822710E-02 -2.522220148E-05 +2.104356562E-01
5.14000000000E+09 +5.835710543E-02 -2.438388743E-02 +4.436759541E-02 +1.648533189E-02 +2.353012838E-02 +2.570186272E-01
5.15000000000E+09 -3.451495044E-02 -5.184677638E-02 +2.714552514E-02 +2.647024375E-02 +7.039416434E-02 +2.646939273E-01
5.16000000000E+09 -4.414302692E-02 +4.403453006E-02 -6.370789217E-03 +6.384616000E-02 +9.433484079E-02 +2.355605280E-01
5.17000000000E+09 +5.219863922E-02 +3.445903011E-02 +5.227946898E-03 +1.327189296E-01 +9.243010857E-02 +2.051153631E-01
5.18000000000E+09 +2.291312698E-02 -5.779204656E-02 +6.714781979E-02 +1.603051984E-01 +7.563301991E-02 +1.945969009E-01
5.19000000000E+09 -6.085300099E-02 -1.030788341E-02 +1.105543094E-01 +1.362529774E-01 +5.419330862E-02 +2.045457941E-01
5.20000000000E+09 +1.858996216E-03 +6.105407201E-02 +1.286367980E-01 +1.108810539E-01 +5.620679344E-02 +2.249711681E-01
5.21000000000E+09 +5.988604166E-02 -1.345925618E-02 +1.512487219E-01 +7.261939203E-02 +8.435595819E-02 +2.229327221E-01
5.22000000000E+09 -2.573204533E-02 -5.702378257E-02 +1.390085908E-01 -1.455965436E-03 +8.765788840E-02 +1.938080526E-01
5.23000000000E+09 -5.013727012E-02 +3.872288564E-02 +5.959626918E-02 -4.978852381E-02 +5.055536092E-02 +1.876565253E-01
5.24000000000E+09 +4.821838535E-02 +3.920817530E-02 -2.113019943E-02 -2.775719544E-02 +3.874528080E-02 +2.289393151E-01
5.25000000000E+09 +2.775721363E-02 -5.348571369E-02 -6.178133378E-02 +1.310188927E-02 +8.106961973E-02 +2.588332551E-01
5.26000000000E+09 -5.718614685E-02 -1.713118303E-02 -9.552080798E-02 +5.442573728E-02 +1.284358969E-01 +2.266907909E-01
5.27000000000E+09 -5.799183674E-03 +6.027387934E-02 -1.094005815E-01 +1.252518907E-01 +1.275894722E-01 +1.560821235E-01
5.28000000000E+09 +6.060906402E-02 -7.635418408E-03 -6.107134480E-02 +1.903254572E-01 +5.619846125E-02 +1.180726881E-01
5.29000000000E+09 -2.144113359E-02 -5.588342561E-02 +1.055000739E-02 +1.922435408E-01 -3.184456130E-02 +1.749237721E-01
5.30000000000E+09 -4.764656802E-02 +3.075294681E-02 +5.038133638E-02 +1.609465062E-01 -2.512172755E-02 +2.913978836E-01
5.31000000000E+09 +3.631152554E-02 +4.074327795E-02 +8.142646415E-02 +1.282323439E-01 +9.621347847E-02 +3.478299020E-01
5.32000000000E+09 +3.621008449E-02 -4.253013643E-02 +1.086375305E-01 +6.321182698E-02 +2.168979438E-01 +2.694360259E-01
5.33000000000E+09 -5.245723181E-02 -2.935254857E-02 +7.927110101E-02 -2.892225491E-02 +2.058661462E-01 +1.130335123E-01
5.34000000000E+09 -1.509910659E-02 +6.109585362E-02 -1.062298759E-02 -7.520466818E-02 +5.469454948E-02 +4.604066077E-02
5.35000000000E+09 +6.064401155E-02 -2.213793936E-03 -8.887417448E-02 -6.083114078E-02 -7.413779484E-02 +1.559119266E-01
5.36000000000E+09 -1.391203827E-02 -5.399916416E-02 -1.463091038E-01 -3.185101405E-02 -4.345093876E-02 +3.093985758E-01
5.37000000000E+09 -4.878656468E-02 +2.010675419E-02 -1.975110531E-01 +2.621893459E-02 +1.033367105E-01 +3.615881862E-01
5.38000000000E+09 +2.596925815E-02 +4.692856040E-02 -1.990350692E-01 +1.181011313E-01 +2.320333323E-01 +2.705161490E-01
5.39000000000E+09 +4.508379041E-02 -3.667138658E-02 -1.296172675E-01 +1.827125119E-01 +2.087551729E-01 +1.042822481E-01
5.40000000000E+09 -5.000058365E-02 -3.649874139E-02 -4.762847906E-02 +1.772855119E-01 +3.384869563E-02 +4.732484256E-02
5.41000000000E+09 -2.128381493E-02 +5.674642241E-02 +4.696301216E-03 +1.437597877E-01 -7.747625894E-02 +1.872127779E-01
5.42000000000E+09 +5.664967727E-02 +8.985847982E-03 +5.383973415E-02 +9.364938318E-02 -2.299883803E-03 +3.332317972E-01
5.43000000000E+09 +4.107793443E-05 -5.678943207E-02 +7.265472668E-02 +2.425014891E-04 +1.422290267E-01 +3.380490557E-01
5.44000000000E+09 -5.850042605E-02 +9.897166123E-03 +1.493544019E-02 -8.787929471E-02 +2.216993920E-01 +2.300623987E-01
5.45000000000E+09 +2.407412094E-02 +5.824148148E-02 -7.340891158E-02 -1.021248638E-01 +1.682403641E-01 +1.115532633E-01
5.46000000000E+09 +5.074530875E-02 -3.954294437E-02 -1.208993054E-01 -7.404353294E-02 +3.753228078E-02 +9.917712162E-02
5.47000000000E+09 -4.922534761E-02 -3.783736364E-02 -1.509164306E-01 -5.125410904E-02 -1.700195491E-02 +2.071971632E-01
5.48000000000E+09 -2.647952727E-02 +5.295322475E-02 -1.756475297E-01 -4.051117186E-03 +5.449149169E-02 +2.975378908E-01
5.49000000000E+09 +5.658147525E-02 +1.716554617E-02 -1.492554640E-01 +5.604516112E-02 +1.499377835E-01 +2.711245971E-01
5.50000000000E+09 +6.033621486E-03 -6.161353000E-02 -8.641358311E-02 +6.815124090E-02 +1.609813788E-01 +1.764538386E-01
5.51000000000E+09 -6.333109099E-02 +9.665579891E-03 -5.269788616E-02 +4.164435608E-02 +8.593146862E-02 +1.387845892E-01
5.52000000000E+09 +2.503340609E-02 +5.799555402E-02 -3.483372216E-02 +3.209901975E-02 +2.753685413E-02 +1.919465727E-01
5.53000000000E+09 +4.906128491E-02 -3.615188297E-02 +5.228760085E-03 +1.096696122E-02 +5.077191228E-02 +2.590123020E-01
5.54000000000E+09 -4.376036927E-02 -4.003530608E-02 +2.164962597E-02 -4.628051358E-02 +1.219980116E-01 +2.749354441E-01
5.55000000000E+09 -3.114015962E-02 +5.062036619E-02 -5.001371172E-03 -8.489752706E-02 +1.714017332E-01 +2.220960106E-01
5.56000000000E+09 +5.749346065E-02 +1.996872381E-02 -2.020446313E-02 -8.893335753E-02 +1.487700004E-01 +1.427325020E-01
5.57000000000E+09 +5.400575132E-03 -6.117737535E-02 -1.827341273E-02 -1.092282188E-01 +6.907505772E-02 +1.262828851E-01
5.58000000000E+09 -5.869946567E-02 +9.346973696E-03 -4.798825896E-02 -1.345636142E-01 +1.537181087E-02 +1.925536532E-01
5.59000000000E+09 +2.066229295E-02 +5.257440628E-02 -8.311121843E-02 -1.180955478E-01 +3.587794885E-02 +2.658681709E-01
5.60000000000E+09 +4.618999490E-02 -2.892886679E-02 -8.264402192E-02 -9.265076680E-02 +1.047473655E-01 +2.893500915E-01
5.61000000000E+09 -3.628502622E-02 -4.028492637E-02 -8.181154380E-02 -8.852997012E-02 +1.716049900E-01 +2.579754997E-01
5.62000000000E+09 -3.346392220E-02 +4.400578106E-02 -9.831085408E-02 -6.424572238E-02 +1.878876339E-01 +1.814926173E-01
5.63000000000E+09 +5.201268616E-02 +2.333421080E-02 -7.927169263E-02 -9.090096323E-03 +1.245729480E-01 +1.140389110E-01
5.64000000000E+09 +9.224586201E-03 -5.604346846E-02 -1.407953405E-02 +1.494039978E-02 +3.046260358E-02 +1.404274221E-01
5.65000000000E+09 -5.375133278E-02 +4.364584574E-03 +4.007808878E-02 -2.187516405E-03 +5.534657906E-03 +2.400819029E-01
5.66000000000E+09 +1.405075386E-02 +4.856807702E-02 +8.382641204E-02 -2.308980376E-02 +7.868648046E-02 +3.095571701E-01
5.67000000000E+09 +4.423543045E-02 -2.076473650E-02 +1.344929696E-01 -7.030491517E-02 +1.839897336E-01 +2.910751899E-01
5.68000000000E+09 -2.777652820E-02 -4.073113265E-02 +1.450780758E-01 -1.585320640E-01 +2.309658790E-01 +1.951858915E-01
5.69000000000E+09 -3.541843326E-02 +3.669435647E-02 +8.559449398E-02 -2.285779862E-01 +1.587691887E-01 +8.822541031E-02
5.70000000000E+09 +4.463441445E-02 +2.542285480E-02 +6.505126258E-03 -2.355687588E-01 +2.330173775E-02 +9.663940400E-02
5.71000000000E+09 +1.342735521E-02 -4.707933176E-02 -5.528709509E-02 -2.084454095E-01 -2.623104173E-02 +2.337901789E-01
5.72000000000E+09 -4.554614018E-02 -4.773044998E-03 -1.125614805E-01 -1.502305734E-01 +6.940926029E-02 +3.397014773E-01
5.73000000000E+09 +1.653152915E-03 +4.529027389E-02 -1.308012421E-01 -4.137810358E-02 +2.019580983E-01 +3.094267702E-01
5.74000000000E+09 +4.647222982E-02 -9.492450944E-03 -6.169681532E-02 +6.834511507E-02 +2.493908967E-01 +1.812982663E-01
5.75000000000E+09 -2.085220816E-02 -4.552233004E-02 +6.038692518E-02 +1.034951475E-01 +1.551839579E-01 +7.337591504E-02
5.76000000000E+09 -3.807810171E-02 +3.218639529E-02 +1.623617758E-01 +7.119470502E-02 +1.626732053E-02 +1.028470366E-01
5.77000000000E+09 +3.764336892E-02 +2.772953260E-02 +2.377322458E-01 +6.713925760E-03 -1.016303894E-02 +2.427321740E-01
5.78000000000E+09 +2.006844289E-02 -3.867624696E-02 +2.749257230E-01 -9.810160247E-02 +9.231511114E-02 +3.307560587E-01
5.79000000000E+09 -4.084278035E-02 -1.510063352E-02 +2.318794330E-01 -2.114820679E-01 +2.044504183E-01 +2.793268110E-01
5.80000000000E+09 -8.764160310E-03 +4.578071427E-02 +1.226655644E-01 -2.633238318E-01 +2.097341768E-01 +1.513131082E-01
5.81000000000E+09 +4.952816151E-02 -2.882155966E-03 +1.751925752E-02 -2.360470474E-01 +9.569871331E-02 +1.068333665E-01
5.82000000000E+09 -1.548202511E-02 -4.673407696E-02 -5.655904220E-02 -1.704476794E-01 +1.866369801E-02 +1.997113031E-01
5.83000000000E+09 -4.028529563E-02 +2.426571736E-02 -1.041160002E-01 -6.483121031E-02 +7.551215556E-02 +2.991756556E-01
5.84000000000E+09 +3.001617734E-02 +3.455234144E-02 -7.635826438E-02 +7.179216589E-02 +1.838664125E-01 +2.941413707E-01
5.85000000000E+09 +2.943370103E-02 -3.623746917E-02 +3.809909791E-02 +1.596922263E-01 +2.300457069E-01 +1.900888622E-01
5.86000000000E+09 -4.330980992E-02 -2.156006588E-02 +1.638010141E-01 +1.558109598E-01 +1.545301006E-01 +9.086221760E-02
5.87000000000E+09 -9.849664898E-03 +4.715535898E-02 +2.494486918E-01 +1.035523177E-01 +2.695139178E-02 +1.289581200E-01
5.88000000000E+09 +4.520501260E-02 -4.425676407E-04 +3.076044540E-01 +2.396110859E-02 +1.590422457E-02 +2.690620595E-01
5.89000000000E+09 -6.665710788E-03 -4.237874147E-02 +3.125340177E-01 -9.107925023E-02 +1.268965146E-01 +3.374117945E-01
5.90000000000E+09 -4.244370182E-02 +1.223232046E-02 +2.306885215E-01 -1.894959247E-01 +2.380942416E-01 +2.642290181E-01
5.91000000000E+09 +2.156916734E-02 +4.307653291E-02 +1.037347168E-01 -2.055060719E-01 +2.286324125E-01 +1.376481121E-01
5.92000000000E+09 +3.883131219E-02 -3.427991033E-02 +5.628564087E-03 -1.496134447E-01 +1.122955376E-01 +8.791286658E-02
5.93000000000E+09 -4.367896164E-02 -2.741074128E-02 -5.676889169E-02 -6.569989587E-02 +2.116839226E-02 +1.714981112E-01
5.94000000000E+09 -1.545213854E-02 +4.609747329E-02 -7.793370912E-02 +5.326752350E-02 +5.460867472E-02 +2.852811973E-01
5.95000000000E+09 +4.581821376E-02 +6.903158039E-03 -1.596575827E-02 +1.696653586E-01 +1.600278356E-01 +3.061023017E-01
5.96000000000E+09 -2.871500650E-04 -4.673487786E-02 +9.695226219E-02 +2.116378034E-01 +2.317896492E-01 +2.198727008E-01
5.97000000000E+09 -4.809233028E-02 +9.844201379E-03 +1.856397218E-01 +1.834257230E-01 +1.875680924E-01 +1.188380495E-01
5.98000000000E+09 +2.160419299E-02 +4.562901584E-02 +2.390514417E-01 +1.359048433E-01 +7.452891438E-02 +1.274797830E-01
5.99000000000E+09 +3.840849712E-02 -3.079568927E-02 +2.752932691E-01 +6.384875884E-02 +4.242908526E-02 +2.270314125E-01
6.00000000000E+09 -3.694894062E-02 -3.141358514E-02 +2.537399141E-01 -3.412814104E-02 +1.116393234E-01 +2.837568397E-01
6.01000000000E+09 -2.456430437E-02 +4.285562107E-02 +1.639576589E-01 -9.072648871E-02 +1.790012090E-01 +2.580785153E-01
6.02000000000E+09 +4.932001536E-02 +1.582571386E-02 +7.490909675E-02 -7.545863232E-02 +1.889943167E-01 +1.925107978E-01
6.03000000000E+09 +2.970475351E-03 -5.351797328E-02 +1.937212250E-02 -3.915345839E-02 +1.343543370E-01 +1.555117811E-01
6.04000000000E+09 -5.165755983E-02 +1.114056716E-02 -3.476041172E-02 +1.065244009E-02 +7.639871946E-02 +1.987326746E-01
6.05000000000E+09 +2.154518051E-02 +4.511389603E-02 -5.592081860E-02 +1.020415965E-01 +9.179826774E-02 +2.743227190E-01
6.06000000000E+09 +3.869681390E-02 -2.796385464E-02 -6.613717916E-03 +1.785471486E-01 +1.720311335E-01 +2.895924100E-01
6.07000000000E+09 -3.408587779E-02 -3.382970978E-02 +5.939736920E-02 +1.916110056E-01 +2.264071355E-01 +2.283100951E-01
6.08000000000E+09 -2.756758653E-02 +4.190510465E-02 +9.623544253E-02 +1.785913384E-01 +1.960303090E-01 +1.553637135E-01
6.09000000000E+09 +4.831804491E-02 +1.707871252E-02 +1.327479737E-01 +1.654404551E-01 +1.184889770E-01 +1.501566198E-01
6.10000000000E+09 +4.638676957E-03 -5.049535066E-02 +1.682924620E-01 +1.138759953E-01 +7.745626531E-02 +2.114053755E-01
6.11000000000E+09 -4.819819649E-02 +6.614408287E-03 +1.473023136E-01 +4.224311024E-02 +1.087155485E-01 +2.860475683E-01
6.12000000000E+09 +1.482023986E-02 +4.476964789E-02 +9.033823209E-02 +1.502125941E-02 +1.933710053E-01 +3.027423950E-01
6.13000000000E+09 +4.194504074E-02 -2.246723951E-02 +5.367099019E-02 +1.573029160E-02 +2.622781377E-01 +2.343031403E-01
6.14000000000E+09 -3.184886764E-02 -3.826689117E-02 +1.816011878E-02 +4.557588444E-03 +2.387706024E-01 +1.325753150E-01
6.15000000000E+09 -2.970674995E-02 +4.200066669E-02 -4.289298691E-02 +1.640670865E-02 +1.280345517E-01 +1.003914914E-01
6.16000000000E+09 +4.685789671E-02 +1.656061271E-02 -7.658317458E-02 +7.203115618E-02 +5.012546008E-02 +1.844627981E-01
6.17000000000E+09 +5.282725733E-03 -4.573906917E-02 -6.698630015E-02 +1.132275456E-01 +8.697563665E-02 +2.936055244E-01
6.18000000000E+09 -4.333966212E-02 +2.047978528E-03 -6.164877999E-02 +1.345210642E-01 +1.913991962E-01 +3.240946873E-01
6.19000000000E+09 +7.864416167E-03 +4.239174170E-02 -5.018192201E-02 +1.715218822E-01 +2.802906391E-01 +2.536619328E-01
6.20000000000E+09 +4.309556304E-02 -1.577123521E-02 +4.515477338E-03 +1.985429623E-01 +2.709085334E-01 +1.268007862E-01
6.21000000000E+09 -2.765067601E-02 -4.011533084E-02 +7.007017408E-02 +1.658399822E-01 +1.430166226E-01 +7.273258562E-02
6.22000000000E+09 -3.040548565E-02 +3.744815196E-02 +8.986558938E-02 +1.033150283E-01 +3.421419847E-02 +1.749939763E-01
6.23000000000E+09 +4.027672845E-02 +1.916069752E-02 +8.852895585E-02 +5.109588781E-02 +8.046220267E-02 +3.121524729E-01
6.24000000000E+09 +1.178188966E-02 -4.019575252E-02 +7.306225759E-02 -1.695471972E-02 +2.130345705E-01 +3.371832353E-01
6.25000000000E+09 -4.181426539E-02 -6.186741227E-03 +2.452553998E-03 -8.171313589E-02 +3.036555024E-01 +2.403199601E-01
6.26000000000E+09 +1.637271941E-03 +4.479150923E-02 -1.023442078E-01 -8.029405669E-02 +2.731807371E-01 +1.058957109E-01
6.27000000000E+09 +4.497424891E-02 -1.357917443E-02 -1.669279601E-01 -1.744942189E-02 +1.305131269E-01 +7.288849589E-02
6.28000000000E+09 -2.446593336E-02 -3.835084203E-02 -1.842831835E-01 +4.631118978E-02 +3.421271933E-02 +1.950802971E-01
6.29000000000E+09 -2.985391407E-02 +2.910221336E-02 -1.818890259E-01 +1.141950988E-01 +1.044855546E-01 +3.235753877E-01
6.30000000000E+09 +3.158851459E-02 +2.498163222E-02 -1.279342433E-01 +1.870241342E-01 +2.430677603E-01 +3.194197456E-01
6.31000000000E+09 +2.136484481E-02 -3.639208262E-02 -1.980819251E-02 +2.039082486E-01 +3.058335074E-01 +2.051395340E-01
6.32000000000E+09 -4.404291910E-02 -1.430034102E-02 +6.982513992E-02 +1.372682192E-01 +2.308724749E-01 +9.806418434E-02
6.33000000000E+09 -9.942984434E-04 +4.784883915E-02 +9.538096390E-02 +4.795100024E-02 +1.015991047E-01 +1.288662711E-01
6.34000000000E+09 +4.361751306E-02 -1.123376831E-02 +9.302138060E-02 -3.403123300E-02 +8.090030437E-02 +2.575293537E-01
6.35000000000E+09 -1.776659101E-02 -3.763622931E-02 +5.027736311E-02 -1.253609737E-01 +1.873701604E-01 +3.208910814E-01
6.36000000000E+09 -3.423337922E-02 +2.204942910E-02 -5.318392596E-02 -1.760132850E-01 +2.963218259E-01 +2.602427364E-01
6.37000000000E+09 +2.883275511E-02 +3.215981921E-02 -1.580660548E-01 -1.417529199E-01 +2.924542717E-01 +1.348435260E-01
6.38000000000E+09 +2.593665519E-02 -3.843016864E-02 -2.018203877E-01 -6.433358718E-02 +1.607609897E-01 +8.755633231E-02
6.39000000000E+09 -4.335921366E-02 -1.371621150E-02 -2.061471101E-01 +5.025370657E-03 +7.004398437E-02 +1.979196814E-01
6.40000000000E+09 -3.487053985E-03 +4.212475029E-02 -1.815667439E-01 +8.589080063E-02 +1.390290630E-01 +3.186152598E-01
6.41000000000E+09 +4.009592266E-02 -2.692570782E-03 -8.975383047E-02 +1.497625106E-01 +2.738275630E-01 +3.147465229E-01
6.42000000000E+09 -8.373428062E-03 -4.064362470E-02 +3.328889571E-02 +1.295618998E-01 +3.449918161E-01 +1.984972809E-01
6.43000000000E+09 -4.142615853E-02 +1.775294193E-02 +1.044251719E-01 +3.952187713E-02 +2.766773127E-01 +7.051032986E-02
6.44000000000E+09 +2.982376091E-02 +3.647201691E-02 +1.154391526E-01 -4.917478675E-02 +1.128885606E-01 +7.087959414E-02
6.45000000000E+09 +2.510664389E-02 -3.699524272E-02 +1.019733810E-01 -1.327322131E-01 +4.737882894E-02 +2.200223500E-01
6.46000000000E+09 -3.728950223E-02 -1.582905924E-02 +3.603297373E-02 -2.103799992E-01 +1.531728404E-01 +3.372478873E-01
6.47000000000E+09 -1.094677107E-02 +3.733877145E-02 -7.155969356E-02 -2.201060417E-01 +2.921649373E-01 +3.141857250E-01
6.48000000000E+09 +4.071453492E-02 +6.664897922E-03 -1.450919522E-01 -1.523092919E-01 +3.452960510E-01 +1.909291125E-01
6.49000000000E+09 -1.843550223E-03 -4.554581828E-02 -1.507449674E-01 -7.204170818E-02 +2.694599072E-01 +7.455617212E-02
6.50000000000E+09 -4.596890516E-02 +1.575959668E-02 -1.294526767E-01 -1.123351799E-02 +1.302305359E-01 +8.990393924E-02
6.51000000000E+09 +2.753204409E-02 +3.803427601E-02 -7.820255412E-02 +5.329836582E-02 +8.431084151E-02 +2.159888963E-01
6.52000000000E+09 +2.870364324E-02 -3.261403644E-02 +2.472107593E-02 +7.356969741E-02 +1.661149735E-01 +3.128533448E-01
6.53000000000E+09 -3.494955835E-02 -2.228852823E-02 +1.093229005E-01 +1.591608966E-02 +2.824469362E-01 +3.014733235E-01
6.54000000000E+09 -1.757603531E-02 +3.861000368E-02 +1.290161938E-01 -5.858861820E-02 +3.276917778E-01 +2.039677728E-01
6.55000000000E+09 +4.405815702E-02 +1.043668721E-02 +1.235084054E-01 -1.059791076E-01 +2.758961096E-01 +1.136489541E-01
6.56000000000E+09 -8.729470721E-04 -4.728482766E-02 +1.140042616E-01 -1.572054339E-01 +1.874314180E-01 +1.163434428E-01
6.57000000000E+09 -4.530086865E-02 +1.259146640E-02 +5.826842176E-02 -2.033664767E-01 +1.512605126E-01 +1.859809078E-01
6.58000000000E+09 +2.195649128E-02 +4.033625134E-02 -1.637187546E-02 -1.841093158E-01 +1.796036777E-01 +2.461641255E-01
6.59000000000E+09 +3.458155693E-02 -2.886194687E-02 -4.233925486E-02 -1.268757692E-01 +2.372304392E-01 +2.553938138E-01
6.60000000000E+09 -3.542902688E-02 -2.878538760E-02 -4.061108711E-02 -8.728548122E-02 +2.735078169E-01 +2.208276658E-01
6.61000000000E+09 -2.104872995E-02 +4.185814371E-02 -4.340707248E-02 -3.874299845E-02 +2.663777068E-01 +1.800554465E-01
6.62000000000E+09 +4.627112957E-02 +1.074768920E-02 -1.792814485E-03 +3.124868365E-02 +2.395241852E-01 +1.724511497E-01
6.63000000000E+09 -2.770384055E-04 -4.679775209E-02 +9.057133635E-02 +4.836768399E-02 +2.359137327E-01 +1.911379645E-01
6.64000000000E+09 -4.500389620E-02 +9.748455757E-03 +1.516862271E-01 +2.175944249E-03 +2.450058571E-01 +1.885898551E-01
6.65000000000E+09 +1.866271573E-02 +4.210775910E-02 +1.681329870E-01 -4.061548383E-02 +2.406332076E-01 +1.726989146E-01
6.66000000000E+09 +3.737649594E-02 -2.754622417E-02 +1.829554732E-01 -7.927462078E-02 +2.255180907E-01 +1.768761549E-01
6.67000000000E+09 -3.500177142E-02 -3.038829087E-02 +1.681296272E-01 -1.423843364E-01 +2.185103011E-01 +1.966596970E-01
6.68000000000E+09 -2.170921949E-02 +4.064855722E-02 +9.287684747E-02 -1.728928656E-01 +2.289656907E-01 +2.212440450E-01
6.69000000000E+09 +4.347056417E-02 +1.263711614E-02 +2.680257157E-02 -1.289804035E-01 +2.673674912E-01 +2.277397915E-01
6.70000000000E+09 +4.031297682E-03 -4.513384021E-02 +1.536581880E-02 -7.180212528E-02 +3.026041149E-01 +1.947199363E-01
6.71000000000E+09 -4.621832842E-02 +5.347058728E-03 +1.370371116E-02 -3.201343431E-02 +2.924279300E-01 +1.374620137E-01
6.72000000000E+09 +1.667433836E-02 +4.491744110E-02 +2.008027953E-02 +2.849000650E-02 +2.315745030E-01 +1.181327289E-01
6.73000000000E+09 +3.859802271E-02 -2.737345177E-02 +8.247608409E-02 +8.154318939E-02 +1.866169932E-01 +1.707833909E-01
6.74000000000E+09 -3.368619167E-02 -2.978656641E-02 +1.559573711E-01 +6.619478421E-02 +2.081812284E-01 +2.341348870E-01
6.75000000000E+09 -2.211496803E-02 +3.679037108E-02 +1.789826107E-01 +2.505695469E-02 +2.726590916E-01 +2.460201464E-01
6.76000000000E+09 +3.961575294E-02 +1.575132505E-02 +1.850813551E-01 +3.766792704E-03 +3.257134905E-01 +2.052006964E-01
6.77000000000E+09 +9.128981487E-03 -4.342267164E-02 +1.967492720E-01 -3.155916534E-02 +3.256657823E-01 +1.330072722E-01
6.78000000000E+09 -4.723924001E-02 +1.009715504E-03 +1.638368203E-01 -8.627281313E-02 +2.542257695E-01 +9.710791903E-02
6.79000000000E+09 +1.395976622E-02 +4.603761235E-02 +8.633620386E-02 -8.865375532E-02 +1.862171769E-01 +1.433389896E-01
6.80000000000E+09 +3.931017240E-02 -2.435131179E-02 +4.446174405E-02 -3.854041237E-02 +1.997375209E-01 +2.240305162E-01
6.81000000000E+09 -3.017698658E-02 -3.178302852E-02 +3.375992072E-02 -9.662643510E-04 +2.715976450E-01 +2.476231892E-01
6.82000000000E+09 -2.573189871E-02 +3.460142493E-02 +1.565212062E-02 +4.238733345E-02 +3.278807849E-01 +2.071696412E-01
6.83000000000E+09 +3.953213307E-02 +1.946079448E-02 +3.171095094E-02 +1.135702714E-01 +3.282156995E-01 +1.479723390E-01
6.84000000000E+09 +1.096168383E-02 -4.425346207E-02 +1.057934860E-01 +1.480405555E-01 +2.820648375E-01 +1.156572065E-01
6.85000000000E+09 -4.644065993E-02 -1.229484272E-04 +1.636601078E-01 +1.111501100E-01 +2.343383414E-01 +1.329708016E-01
6.86000000000E+09 +1.095435776E-02 +4.433830652E-02 +1.696029085E-01 +6.896990941E-02 +2.321012627E-01 +1.823573043E-01
6.87000000000E+09 +4.013517405E-02 -1.955140467E-02 +1.717386367E-01 +3.893718412E-02 +2.735940512E-01 +2.011057097E-01
6.88000000000E+09 -2.722365948E-02 -3.544896126E-02 +1.555611196E-01 -1.537578617E-02 +2.989878672E-01 +1.825302395E-01
6.89000000000E+09 -2.926986004E-02 +3.467330985E-02 +7.956568507E-02 -4.964357466E-02 +2.935995574E-01 +1.571192664E-01
6.90000000000E+09 +4.079512664E-02 +2.060502067E-02 +3.598411287E-03 -7.135297498E-03 +2.777411214E-01 +1.558743286E-01
6.91000000000E+09 +1.056599400E-02 -4.385180980E-02 -9.532699572E-03 +5.415274289E-02 +2.799544612E-01 +1.647905267E-01
6.92000000000E+09 -4.445410639E-02 -9.463101687E-04 -6.176488322E-03 +8.514708135E-02 +2.917738721E-01 +1.638908163E-01
6.93000000000E+09 +8.179500392E-03 +4.356154936E-02 -6.270276664E-03 +1.260187974E-01 +2.955999101E-01 +1.520000880E-01
6.94000000000E+09 +4.105374939E-02 -1.735014475E-02 +3.784279807E-02 +1.674868126E-01 +2.840967223E-01 +1.391561508E-01
6.95000000000E+09 -2.640860226E-02 -3.647623922E-02 +1.007760265E-01 +1.460414522E-01 +2.612711928E-01 +1.422482236E-01
6.96000000000E+09 -2.878162580E-02 +3.394113658E-02 +1.095387382E-01 +8.984776312E-02 +2.564316842E-01 +1.736232822E-01
6.97000000000E+09 +3.839265216E-02 +2.004350053E-02 +9.035286030E-02 +6.340704056E-02 +2.852891670E-01 +1.958371112E-01
6.98000000000E+09 +1.169483749E-02 -4.080266289E-02 +8.424783944E-02 +3.598330579E-02 +3.203652793E-01 +1.878780694E-01
6.99000000000E+09 -4.226130101E-02 -3.630606883E-03 +4.573278373E-02 -9.986272916E-03 +3.362193940E-01 +1.562053889E-01
7.00000000000E+09 +5.104165747E-03 +4.282266861E-02 -3.202245387E-02 -9.269832133E-03 +3.219411664E-01 +1.234403212E-01

[Channel0\Trace0\Marker0]
Enabled=1
Position=0.2

[Channel0\Trace1]
ReferencePosition[0]=1

[Channel0\Trace1\Marker0]
Enabled=1
Position=0.2

[Channel0\Trace2]
SPort=0
FormatType=2

[Channel0\Trace2\Marker0]
Enabled=1
Position=0.2

[Channel0\Trace3]
SPort=0
FormatType=2

[Channel0\Trace3\Marker0]
Enabled=1
Position=0.2

