[NWA State]
TriggerSource=3

[Channel0]
Points=501
FrequencyStart=2000000000
FrequencyStop=7000000000
FixedPower[0]=5
FixedPower[1]=5
IFBW=1000
CorrectionEnabled=1
TraceCount=4

[Channel0\Correction\11]
Calyyyymmdd=2022/03/26
Calhhmmss=11:20:07
VNATemperature=36.6 °C
Type=3
KitLabel=ACM2509.2
KitDescription=AutoCal Module 20 kHz-9 GHz (CMT), SN: 19039185, Char: Factory, 28.1°C, ThermoComp: ON
CalIFBW=1 kHz
CalPower=5 dBm
CalPorts[0]=0
CalPorts[1]=0

[Channel0\Correction\11\Data]
2.00000000000E+09 -2.549227490E-02 +1.860294882E-01 -4.761427794E-02 +1.534558114E-02 -1.775406686E-01 +1.056988385E-01
2.01000000000E+09 +1.838573645E-01 +5.159253001E-02 +4.285528527E-03 +2.785313304E-03 -1.403372097E-01 +6.826715110E-02
2.02000000000E+09 +7.508329359E-02 -1.749654010E-01 -3.228397260E-03 -3.901364616E-02 -1.495101443E-01 +2.537456704E-02
2.03000000000E+09 -1.604037117E-01 -9.799479811E-02 -4.290809895E-02 -2.549866700E-02 -1.801807827E-01 +1.223058550E-02
2.04000000000E+09 -1.195737679E-01 +1.421152124E-01 -2.880089062E-02 +2.624801763E-02 -2.029181486E-01 +2.068828375E-02
2.05000000000E+09 +1.208996586E-01 +1.388557022E-01 +3.501641999E-02 +2.828145806E-02 -2.157870762E-01 +3.630366808E-02
2.06000000000E+09 +1.550700851E-01 -9.673217913E-02 +6.036729971E-02 -3.105491102E-02 -2.207443250E-01 +5.990378016E-02
2.07000000000E+09 -7.055090756E-02 -1.687683993E-01 +1.934449322E-02 -6.857237522E-02 -2.057752003E-01 +8.571861980E-02
2.08000000000E+09 -1.791548374E-01 +4.424242791E-02 -1.457652723E-02 -4.299723389E-02 -1.734867531E-01 +8.848458167E-02
2.09000000000E+09 +1.841403865E-02 +1.848881547E-01 +8.902604132E-03 -1.825187997E-02 -1.533275205E-01 +6.135758206E-02
2.10000000000E+09 +1.843568335E-01 +7.718716686E-03 +3.159021173E-02 -5.081597027E-02 -1.664419826E-01 +3.444573261E-02
2.11000000000E+09 +3.508688202E-02 -1.790636817E-01 -1.015787049E-02 -8.603530566E-02 -1.908122291E-01 +3.493563653E-02
2.12000000000E+09 -1.703080904E-01 -6.229932404E-02 -6.909463306E-02 -4.993893716E-02 -1.994018629E-01 +5.047799761E-02
2.13000000000E+09 -8.765403838E-02 +1.589269712E-01 -5.969744782E-02 +2.515772216E-02 -1.968144643E-01 +5.856406358E-02
2.14000000000E+09 +1.437253166E-01 +1.101619847E-01 +6.083506941E-03 +4.739908583E-02 -1.991190086E-01 +6.172504243E-02
2.15000000000E+09 +1.303511809E-01 -1.249487841E-01 +3.909723147E-02 +9.548091199E-03 -1.999521658E-01 +7.157851581E-02
2.16000000000E+09 -1.035282342E-01 -1.478675767E-01 +1.925039611E-02 -8.345927143E-03 -1.879727639E-01 +7.873541072E-02
2.17000000000E+09 -1.616251081E-01 +8.062955577E-02 +1.919377829E-02 +1.997685159E-02 -1.762520201E-01 +7.073953832E-02
2.18000000000E+09 +5.551326543E-02 +1.705610130E-01 +7.009299781E-02 +2.319303300E-02 -1.814369333E-01 +6.137844781E-02
2.19000000000E+09 +1.757395156E-01 -2.814094260E-02 +9.899664275E-02 -3.958566623E-02 -1.914281630E-01 +6.903050060E-02
2.20000000000E+09 +2.117662306E-04 -1.778776584E-01 +4.892502868E-02 -9.970845149E-02 -1.847712581E-01 +8.172358865E-02
2.21000000000E+09 -1.772229207E-01 -2.715162592E-02 -2.579561493E-02 -8.285987531E-02 -1.696433969E-01 +7.595256995E-02
2.22000000000E+09 -5.225613344E-02 +1.719499553E-01 -4.077454334E-02 -2.291238491E-02 -1.726351410E-01 +5.699938292E-02
2.23000000000E+09 +1.616752393E-01 +7.608412265E-02 -1.229385007E-02 -3.136638857E-03 -1.907759711E-01 +5.340360727E-02
2.24000000000E+09 +9.903196610E-02 -1.473558876E-01 -1.710526653E-02 -1.662991164E-02 -1.985004710E-01 +6.710411790E-02
2.25000000000E+09 -1.306201890E-01 -1.197956451E-01 -5.129759143E-02 +1.099965716E-02 -1.920734375E-01 +7.657595208E-02
2.26000000000E+09 -1.371881335E-01 +1.108136604E-01 -3.448273922E-02 +8.078927973E-02 -1.895712841E-01 +7.717338408E-02
2.27000000000E+09 +8.783823524E-02 +1.512318773E-01 +4.776073308E-02 +1.044281856E-01 -1.926044179E-01 +8.340275347E-02
2.28000000000E+09 +1.626551696E-01 -6.279030309E-02 +1.077652864E-01 +4.581539461E-02 -1.831739754E-01 +9.126567798E-02
2.29000000000E+09 -3.781349927E-02 -1.711644244E-01 +8.842928834E-02 -2.060558731E-02 -1.684435266E-01 +7.988044703E-02
2.30000000000E+09 -1.747460431E-01 +1.281484612E-02 +4.475243992E-02 -2.603515993E-02 -1.765095566E-01 +5.596279503E-02
2.31000000000E+09 -1.298140962E-02 +1.728255855E-01 +4.575984362E-02 -1.062681365E-02 -2.081037323E-01 +5.621320115E-02
2.32000000000E+09 +1.670837269E-01 +4.032317832E-02 +5.718626665E-02 -4.057011410E-02 -2.244265631E-01 +8.895097751E-02
2.33000000000E+09 +6.706238078E-02 -1.592344613E-01 +8.739902543E-03 -8.367366785E-02 -2.063292626E-01 +1.204853202E-01
2.34000000000E+09 -1.488956439E-01 -9.121300803E-02 -7.561016423E-02 -5.617716224E-02 -1.769864061E-01 +1.240529098E-01
2.35000000000E+09 -1.116459877E-01 +1.349385569E-01 -9.889445931E-02 +3.695216300E-02 -1.618378234E-01 +1.113312961E-01
2.36000000000E+09 +1.171196315E-01 +1.295528581E-01 -4.092936785E-02 +9.761941960E-02 -1.533187508E-01 +9.826388324E-02
2.37000000000E+09 +1.446522827E-01 -9.703084126E-02 +1.420577644E-02 +8.556648136E-02 -1.461953879E-01 +7.592814876E-02
2.38000000000E+09 -7.481679791E-02 -1.555798704E-01 +1.893012378E-02 +6.578599859E-02 -1.620205793E-01 +4.673493245E-02
2.39000000000E+09 -1.617710482E-01 +4.985384838E-02 +2.745573608E-02 +8.250069271E-02 -2.063477121E-01 +4.336239701E-02
2.40000000000E+09 +2.096044138E-02 +1.651586659E-01 +8.115299252E-02 +8.088808882E-02 -2.389121135E-01 +8.324654926E-02
2.41000000000E+09 +1.667764490E-01 +8.086090624E-03 +1.223332779E-01 +8.977301999E-03 -2.257160968E-01 +1.325910286E-01
2.42000000000E+09 +3.537209710E-02 -1.668613840E-01 +7.642700569E-02 -8.132662353E-02 -1.843633537E-01 +1.482784486E-01
2.43000000000E+09 -1.630781857E-01 -5.929789454E-02 -2.622805121E-02 -9.372572102E-02 -1.564780364E-01 +1.305589856E-01
2.44000000000E+09 -8.107940753E-02 +1.540566788E-01 -8.259127554E-02 -3.004944663E-02 -1.486292451E-01 +1.103233741E-01
2.45000000000E+09 +1.407475459E-01 +1.010825226E-01 -7.257860885E-02 +1.845766167E-02 -1.426437929E-01 +9.471310776E-02
2.46000000000E+09 +1.186128268E-01 -1.243165673E-01 -6.886187314E-02 +2.509115221E-02 -1.467641082E-01 +7.043842116E-02
2.47000000000E+09 -1.041224667E-01 -1.326104906E-01 -9.332949937E-02 +5.308939907E-02 -1.789887363E-01 +5.471982741E-02
2.48000000000E+09 -1.443197285E-01 +7.948949110E-02 -7.864144951E-02 +1.209932121E-01 -2.162470081E-01 +7.497687944E-02
2.49000000000E+09 +5.285504959E-02 +1.547773825E-01 +4.379403088E-03 +1.537671580E-01 -2.175315639E-01 +1.158955394E-01
2.50000000000E+09 +1.642610049E-01 -2.690547461E-02 +8.287621157E-02 +9.794135923E-02 -1.867238017E-01 +1.310733510E-01
2.51000000000E+09 -3.075052183E-03 -1.694523537E-01 +7.777609425E-02 +9.354981518E-03 -1.684075903E-01 +1.112606196E-01
2.52000000000E+09 -1.685743209E-01 -1.993470737E-02 +2.089527338E-02 -2.064460774E-02 -1.825543539E-01 +9.781065062E-02
2.53000000000E+09 -4.365451885E-02 +1.624525614E-01 -2.493618091E-04 -5.192361224E-03 -1.963579611E-01 +1.133350605E-01
2.54000000000E+09 +1.536116205E-01 +6.733645224E-02 +9.028927921E-03 -2.199406031E-02 -1.867943747E-01 +1.307111248E-01
2.55000000000E+09 +8.883066018E-02 -1.415839776E-01 -2.689780130E-02 -6.736909675E-02 -1.751832591E-01 +1.306510527E-01
2.56000000000E+09 -1.253892521E-01 -1.077875228E-01 -1.097616976E-01 -5.844479952E-02 -1.749826662E-01 +1.306204662E-01
2.57000000000E+09 -1.252320356E-01 +1.056613353E-01 -1.505277296E-01 +2.242805878E-02 -1.641660378E-01 +1.405512196E-01
2.58000000000E+09 +8.490206486E-02 +1.415920035E-01 -1.088853843E-01 +9.228360034E-02 -1.335904787E-01 +1.312989710E-01
2.59000000000E+09 +1.538277883E-01 -6.408881477E-02 -5.010950092E-02 +9.247583836E-02 -1.224936472E-01 +8.916861241E-02
2.60000000000E+09 -4.244197408E-02 -1.602829440E-01 -3.833355936E-02 +6.989730546E-02 -1.621239135E-01 +5.465589823E-02
2.61000000000E+09 -1.617777159E-01 +1.761361442E-02 -3.483545212E-02 +8.423820741E-02 -2.158709758E-01 +7.199582660E-02
2.62000000000E+09 -9.007734565E-03 +1.609603128E-01 +1.844885000E-02 +9.554115821E-02 -2.320160587E-01 +1.197077596E-01
2.63000000000E+09 +1.580089560E-01 +3.496675775E-02 +8.113550392E-02 +3.427921346E-02 -2.124824163E-01 +1.523859523E-01
2.64000000000E+09 +5.861288146E-02 -1.516654522E-01 +6.324559023E-02 -7.064406437E-02 -1.893212931E-01 +1.624154982E-01
2.65000000000E+09 -1.407087766E-01 -8.063860217E-02 -3.110663473E-02 -1.154906835E-01 -1.673152529E-01 +1.687885034E-01
2.66000000000E+09 -1.016363721E-01 +1.269280723E-01 -1.034456735E-01 -7.545294843E-02 -1.324605792E-01 +1.639650146E-01
2.67000000000E+09 +1.114601141E-01 +1.198948084E-01 -1.100268548E-01 -2.858386524E-02 -1.055031019E-01 +1.261880709E-01
2.68000000000E+09 +1.334692975E-01 -9.411851683E-02 -1.092115877E-01 -2.144663386E-02 -1.264782798E-01 +7.566128607E-02
2.69000000000E+09 -7.222783757E-02 -1.427227261E-01 -1.408495763E-01 -1.579253162E-03 -1.835934601E-01 +6.599056834E-02
2.70000000000E+09 -1.498603517E-01 +4.719159975E-02 -1.467027285E-01 +7.004920000E-02 -2.200637893E-01 +1.025884903E-01
2.71000000000E+09 +2.114435357E-02 +1.561252371E-01 -7.294660378E-02 +1.312993654E-01 -2.126959440E-01 +1.413732556E-01
2.72000000000E+09 +1.596579252E-01 +3.551743016E-03 +2.872616819E-02 +1.033076745E-01 -1.891259167E-01 +1.550395494E-01
2.73000000000E+09 +2.697112270E-02 -1.586004043E-01 +6.098726552E-02 +1.311565722E-02 -1.740476033E-01 +1.594143549E-01
2.74000000000E+09 -1.534792088E-01 -4.984794698E-02 +2.355853716E-02 -4.190866944E-02 -1.568423050E-01 +1.640367147E-01
2.75000000000E+09 -7.185538765E-02 +1.455048400E-01 -6.173936491E-04 -4.497927472E-02 -1.315647074E-01 +1.505851084E-01
2.76000000000E+09 +1.347223760E-01 +9.073783003E-02 +7.107314851E-03 -6.618294596E-02 -1.287080601E-01 +1.124964628E-01
2.77000000000E+09 +1.062620620E-01 -1.190092499E-01 -2.358846291E-02 -1.201678634E-01 -1.640643423E-01 +8.708356982E-02
2.78000000000E+09 -9.886187811E-02 -1.198795398E-01 -1.115457335E-01 -1.269643046E-01 -2.041597221E-01 +1.015280706E-01
2.79000000000E+09 -1.332180031E-01 +7.601907314E-02 -1.724860675E-01 -4.883392588E-02 -2.126364489E-01 +1.353457323E-01
2.80000000000E+09 +5.274613583E-02 +1.444332868E-01 -1.422789704E-01 +4.146251681E-02 -1.999776326E-01 +1.579047081E-01
2.81000000000E+09 +1.519647302E-01 -2.956235360E-02 -6.887154337E-02 +6.131072610E-02 -1.890945120E-01 +1.697383077E-01
2.82000000000E+09 -5.789988028E-03 -1.556874083E-01 -3.682194385E-02 +3.392398591E-02 -1.782892954E-01 +1.837349409E-01
2.83000000000E+09 -1.565274002E-01 -1.858338264E-02 -3.604314892E-02 +3.523811467E-02 -1.501760724E-01 +1.895233400E-01
2.84000000000E+09 -4.121386246E-02 +1.546032351E-01 +4.856206717E-03 +5.657515782E-02 -1.217148206E-01 +1.661047769E-01
2.85000000000E+09 +1.484783565E-01 +6.120761698E-02 +7.735515903E-02 +1.837944856E-02 -1.238556577E-01 +1.271361769E-01
2.86000000000E+09 +7.911044171E-02 -1.369278767E-01 +8.759280580E-02 -8.079807607E-02 -1.548135494E-01 +1.090394227E-01
2.87000000000E+09 -1.210735871E-01 -9.675628519E-02 +1.232231657E-02 -1.421118111E-01 -1.809283333E-01 +1.201387748E-01
2.88000000000E+09 -1.130529341E-01 +1.026175518E-01 -6.178662884E-02 -1.181437437E-01 -1.916485806E-01 +1.388761600E-01
2.89000000000E+09 +8.259512098E-02 +1.271214406E-01 -7.330862996E-02 -7.286614970E-02 -1.964768994E-01 +1.572374418E-01
2.90000000000E+09 +1.383988311E-01 -6.052196244E-02 -6.736579123E-02 -6.775401675E-02 -1.957754061E-01 +1.811179017E-01
2.91000000000E+09 -3.713679144E-02 -1.475029902E-01 -1.014537370E-01 -6.382240391E-02 -1.748935946E-01 +2.006774978E-01
2.92000000000E+09 -1.541848054E-01 +1.408079127E-02 -1.345175448E-01 +1.952278126E-03 -1.413805692E-01 +1.954188449E-01
2.93000000000E+09 -7.487057730E-03 +1.571143912E-01 -8.457854089E-02 +9.150482767E-02 -1.253189039E-01 +1.680049393E-01
2.94000000000E+09 +1.541579761E-01 +2.778318543E-02 +2.738408968E-02 +1.016844015E-01 -1.402409464E-01 +1.487294572E-01
2.95000000000E+09 +4.845495199E-02 -1.465089213E-01 +9.154867455E-02 +2.527566464E-02 -1.603260223E-01 +1.539171233E-01
2.96000000000E+09 -1.353954943E-01 -6.944022832E-02 +7.474395403E-02 -4.211405876E-02 -1.651820636E-01 +1.695904016E-01
2.97000000000E+09 -8.971362862E-02 +1.220775389E-01 +4.840169819E-02 -5.575294581E-02 -1.582216964E-01 +1.803250019E-01
2.98000000000E+09 +1.062409670E-01 +1.081487884E-01 +5.423976080E-02 -7.012101032E-02 -1.467588732E-01 +1.853786927E-01
2.99000000000E+09 +1.245897674E-01 -8.910596504E-02 +3.854190295E-02 -1.221779714E-01 -1.291369391E-01 +1.798825457E-01
3.00000000000E+09 -6.314087945E-02 -1.422658594E-01 -3.485802781E-02 -1.519338679E-01 -1.165558448E-01 +1.544627776E-01
3.01000000000E+09 -1.502057028E-01 +4.392828736E-02 -1.217112516E-01 -9.188927838E-02 -1.349279117E-01 +1.230800995E-01
3.02000000000E+09 +2.350325865E-02 +1.513164142E-01 -1.195062952E-01 +1.414964456E-02 -1.839302492E-01 +1.218882699E-01
3.03000000000E+09 +1.478501206E-01 -1.173894831E-03 -4.830929166E-02 +6.096486927E-02 -2.220034574E-01 +1.643858428E-01
3.04000000000E+09 +2.325326055E-02 -1.417934229E-01 -3.177225594E-03 +4.333513368E-02 -2.175616163E-01 +2.215717764E-01
3.05000000000E+09 -1.342899694E-01 -4.749844420E-02 -2.302907601E-03 +3.837847145E-02 -1.758262856E-01 +2.614867499E-01
3.06000000000E+09 -7.052536596E-02 +1.253741281E-01 +2.080925410E-02 +6.731365339E-02 -1.185003084E-01 +2.713229792E-01
3.07000000000E+09 +1.159694183E-01 +9.186124300E-02 +9.166846355E-02 +6.153107101E-02 -6.034394914E-02 +2.455110885E-01
3.08000000000E+09 +1.107951155E-01 -1.062708776E-01 +1.356619861E-01 -2.028122618E-02 -2.573381492E-02 +1.801573540E-01
3.09000000000E+09 -9.648847264E-02 -1.243033196E-01 +8.616898968E-02 -1.061471542E-01 -5.171180789E-02 +9.878423758E-02
3.10000000000E+09 -1.314325477E-01 +8.302409317E-02 +3.506268916E-04 -1.085562613E-01 -1.400550828E-01 +6.373241963E-02
3.11000000000E+09 +6.412144744E-02 +1.345848339E-01 -3.211979151E-02 -6.440722844E-02 -2.257618252E-01 +1.069831018E-01
3.12000000000E+09 +1.368988031E-01 -3.995952720E-02 -3.367722175E-02 -5.066044178E-02 -2.491193486E-01 +1.910558283E-01
3.13000000000E+09 -1.425659133E-02 -1.386663979E-01 -6.866755020E-02 -4.738315307E-02 -2.128654366E-01 +2.604432867E-01
3.14000000000E+09 -1.387926192E-01 -1.193543565E-02 -1.154603825E-01 +1.135526384E-02 -1.494934920E-01 +2.937023327E-01
3.15000000000E+09 -3.754533777E-02 +1.366789449E-01 -9.299299955E-02 +1.119751912E-01 -8.168770810E-02 +2.886822922E-01
3.16000000000E+09 +1.328140399E-01 +6.200215433E-02 +1.095847313E-02 +1.597361596E-01 -2.709342442E-02 +2.412073124E-01
3.17000000000E+09 +8.278647146E-02 -1.276623271E-01 +1.050458916E-01 +1.067293250E-01 -2.023014016E-02 +1.618726317E-01
3.18000000000E+09 -1.191190612E-01 -9.857167136E-02 +1.139843710E-01 +2.311760124E-02 -8.176140771E-02 +1.021483184E-01
3.19000000000E+09 -1.100522667E-01 +1.045525423E-01 +8.219048722E-02 -1.118804900E-02 -1.641322025E-01 +1.162171783E-01
3.20000000000E+09 +8.464795515E-02 +1.209916101E-01 +7.538331250E-02 -2.645441829E-02 -1.948013677E-01 +1.831428992E-01
3.21000000000E+09 +1.317571588E-01 -6.279884449E-02 +6.108829108E-02 -7.502523713E-02 -1.647314425E-01 +2.386995831E-01
3.22000000000E+09 -4.081458279E-02 -1.408470482E-01 -1.795154871E-02 -1.153776079E-01 -1.178519352E-01 +2.518458316E-01
3.23000000000E+09 -1.458299821E-01 +1.927126874E-02 -1.212034874E-01 -6.761854206E-02 -8.762091556E-02 +2.383015439E-01
3.24000000000E+09 -2.722097698E-03 +1.471170455E-01 -1.459939850E-01 +4.812471395E-02 -7.357334804E-02 +2.171117347E-01
3.25000000000E+09 +1.454813798E-01 +2.431071172E-02 -7.841706662E-02 +1.250186019E-01 -7.394901021E-02 +1.888429236E-01
3.26000000000E+09 +4.476338493E-02 -1.405592982E-01 -8.350447128E-03 +1.196401119E-01 -1.003008114E-01 +1.671656136E-01
3.27000000000E+09 -1.306904492E-01 -6.352157483E-02 +9.724846864E-03 +9.698760960E-02 -1.371016946E-01 +1.837238059E-01
3.28000000000E+09 -8.287880318E-02 +1.170059075E-01 +2.467442140E-02 +1.053932846E-01 -1.374009327E-01 +2.331107946E-01
3.29000000000E+09 +1.015655157E-01 +1.028266992E-01 +7.871692773E-02 +9.755463912E-02 -8.769834491E-02 +2.626679196E-01
3.30000000000E+09 +1.212437930E-01 -8.692758023E-02 +1.196318752E-01 +2.262102149E-02 -3.369318437E-02 +2.346038370E-01
3.31000000000E+09 -7.314013893E-02 -1.341560510E-01 +7.314888649E-02 -6.954402193E-02 -3.115255448E-02 +1.741448516E-01
3.32000000000E+09 -1.409556020E-01 +5.766623344E-02 -2.663757455E-02 -8.269007502E-02 -7.598918286E-02 +1.386761487E-01
3.33000000000E+09 +3.859394023E-02 +1.430234051E-01 -7.846811244E-02 -2.742041059E-02 -1.218737083E-01 +1.462551581E-01
3.34000000000E+09 +1.423337892E-01 -1.701626249E-02 -7.450941719E-02 +8.398767247E-03 -1.494642170E-01 +1.757225954E-01
3.35000000000E+09 +5.737363468E-03 -1.381658791E-01 -8.529349028E-02 +1.112442901E-02 -1.598334585E-01 +2.205366874E-01
3.36000000000E+09 -1.315254800E-01 -2.999095940E-02 -1.222357141E-01 +4.383942243E-02 -1.373178999E-01 +2.743106068E-01
3.37000000000E+09 -5.557540015E-02 +1.231547990E-01 -1.184757232E-01 +1.220320842E-01 -7.044980956E-02 +3.036759341E-01
3.38000000000E+09 +1.154236096E-01 +8.021112904E-02 -3.899662248E-02 +1.750973885E-01 +4.055756813E-03 +2.690627237E-01
3.39000000000E+09 +1.006926735E-01 -1.084580671E-01 +5.390786921E-02 +1.385501744E-01 +2.402888454E-02 +1.808508753E-01
3.40000000000E+09 -1.001037930E-01 -1.142755942E-01 +7.299551682E-02 +5.340581330E-02 -3.353791000E-02 +1.111687179E-01
3.41000000000E+09 -1.222196012E-01 +8.625032193E-02 +3.720287095E-02 +9.899945673E-03 -1.118662774E-01 +1.156317381E-01
3.42000000000E+09 +6.752056414E-02 +1.277030747E-01 +2.271240978E-02 -3.100973221E-04 -1.549571692E-01 +1.677396142E-01
3.43000000000E+09 +1.312461488E-01 -4.554618336E-02 +1.783359418E-02 -3.945979591E-02 -1.577828955E-01 +2.268764427E-01
3.44000000000E+09 -2.177270470E-02 -1.327911745E-01 -4.024013376E-02 -8.921592856E-02 -1.298503855E-01 +2.785836286E-01
3.45000000000E+09 -1.325129564E-01 -3.930609289E-03 -1.383831895E-01 -7.395201289E-02 -6.733444712E-02 +3.093831466E-01
3.46000000000E+09 -2.939401116E-02 +1.316660244E-01 -1.916290310E-01 +1.768932019E-02 +8.992988012E-03 +2.876564367E-01
3.47000000000E+09 +1.306997714E-01 +5.288737396E-02 -1.557986430E-01 +1.079587521E-01 +5.181045224E-02 +2.059103991E-01
3.48000000000E+09 +7.125453706E-02 -1.278885289E-01 -8.536389863E-02 +1.290209301E-01 +1.640408933E-02 +1.158776156E-01
3.49000000000E+09 -1.202886979E-01 -8.510520254E-02 -5.053197395E-02 +1.123793218E-01 -7.001160208E-02 +9.015103382E-02
3.50000000000E+09 -9.711710580E-02 +1.069525199E-01 -2.725321151E-02 +1.154497538E-01 -1.374314831E-01 +1.347420126E-01
3.51000000000E+09 +8.943058096E-02 +1.081860227E-01 +3.201333443E-02 +1.053870702E-01 -1.568648143E-01 +1.994972986E-01
3.52000000000E+09 +1.174431028E-01 -6.983574137E-02 +8.357949482E-02 +2.677030580E-02 -1.410564860E-01 +2.542999282E-01
3.53000000000E+09 -4.805732539E-02 -1.249993117E-01 +5.036857485E-02 -8.047467099E-02 -9.659002203E-02 +2.933506056E-01
3.54000000000E+09 -1.311088356E-01 +2.489289436E-02 -5.247560447E-02 -1.219723163E-01 -3.207425170E-02 +3.017271633E-01
3.55000000000E+09 +1.686151324E-03 +1.361418708E-01 -1.333012132E-01 -7.813968740E-02 +2.790118403E-02 +2.605618608E-01
3.56000000000E+09 +1.388790132E-01 +1.920709130E-02 -1.464845717E-01 -1.986852714E-02 +4.085899103E-02 +1.885043069E-01
3.57000000000E+09 +3.749403789E-02 -1.379953636E-01 -1.400514836E-01 +1.096430483E-03 -1.005136950E-03 +1.358501929E-01
3.58000000000E+09 -1.319354669E-01 -5.479998529E-02 -1.577965710E-01 +2.393514134E-02 -5.803389565E-02 +1.377430021E-01
3.59000000000E+09 -7.178660291E-02 +1.214837269E-01 -1.544270370E-01 +8.710326906E-02 -8.942955721E-02 +1.706055297E-01
3.60000000000E+09 +1.084779421E-01 +8.785049082E-02 -8.204270147E-02 +1.376133239E-01 -9.209646257E-02 +2.025073774E-01
3.61000000000E+09 +1.025770288E-01 -9.347534524E-02 +1.165597037E-02 +1.073984389E-01 -7.511908481E-02 +2.251198756E-01
3.62000000000E+09 -7.651946271E-02 -1.153774106E-01 +4.341368397E-02 +2.327332646E-02 -4.632763285E-02 +2.375278389E-01
3.63000000000E+09 -1.265419437E-01 +5.826465609E-02 +1.404875019E-02 -3.339213776E-02 -1.644311536E-02 +2.256625500E-01
3.64000000000E+09 +3.981528983E-02 +1.347660936E-01 -9.128176482E-03 -4.798906060E-02 -7.282737071E-03 +1.924848849E-01
3.65000000000E+09 +1.393416614E-01 -2.167249367E-02 -1.160007368E-02 -7.614799061E-02 -3.006167937E-02 +1.647449893E-01
3.66000000000E+09 -2.690843216E-03 -1.393497961E-01 -5.126717960E-02 -1.265587497E-01 -6.544510395E-02 +1.722843053E-01
3.67000000000E+09 -1.355857903E-01 -1.748999898E-02 -1.409261578E-01 -1.291566579E-01 -8.147630351E-02 +2.053117153E-01
3.68000000000E+09 -3.831659217E-02 +1.292017743E-01 -2.039255388E-01 -5.114181792E-02 -6.455614159E-02 +2.356538088E-01
3.69000000000E+09 +1.211873728E-01 +5.882245321E-02 -1.813239870E-01 +4.261433435E-02 -2.625873072E-02 +2.453281576E-01
3.70000000000E+09 +7.793335759E-02 -1.117300061E-01 -1.109658884E-01 +7.831683508E-02 +1.065841034E-02 +2.296214205E-01
3.71000000000E+09 -1.012512708E-01 -9.548062819E-02 -6.216567773E-02 +6.762671131E-02 +2.760000084E-02 +1.914430957E-01
3.72000000000E+09 -1.096212137E-01 +8.909410075E-02 -3.220981271E-02 +6.447404895E-02 +9.646675333E-03 +1.440507128E-01
3.73000000000E+09 +7.552722125E-02 +1.195489493E-01 +2.512304497E-02 +5.748652199E-02 -4.184636944E-02 +1.189545490E-01
3.74000000000E+09 +1.252726239E-01 -5.905091907E-02 +8.685282309E-02 -9.931834524E-03 -9.946910735E-02 +1.436811949E-01
3.75000000000E+09 -3.937172864E-02 -1.279849566E-01 +7.543398204E-02 -1.188479080E-01 -1.236845299E-01 +2.063479017E-01
3.76000000000E+09 -1.285736849E-01 +1.712810929E-02 -1.443344430E-02 -1.795936489E-01 -9.497517995E-02 +2.714006043E-01
3.77000000000E+09 -6.134121081E-03 +1.278768408E-01 -1.030578965E-01 -1.552675909E-01 -2.531247254E-02 +3.034605671E-01
3.78000000000E+09 +1.262692564E-01 +2.919848573E-02 -1.345454793E-01 -9.797159424E-02 +5.387784952E-02 +2.835788225E-01
3.79000000000E+09 +5.112355384E-02 -1.240837977E-01 -1.346373593E-01 -6.173916489E-02 +1.032830160E-01 +2.124544681E-01
3.80000000000E+09 -1.198144939E-01 -6.991035775E-02 -1.446530765E-01 -2.944496313E-02 +8.774703826E-02 +1.172606537E-01
3.81000000000E+09 -8.405496905E-02 +1.130419134E-01 -1.376763724E-01 +3.558546179E-02 +6.345258194E-03 +5.316777960E-02
3.82000000000E+09 +1.013605053E-01 +9.459901126E-02 -6.499896900E-02 +9.418088377E-02 -9.429319219E-02 +6.836834400E-02
3.83000000000E+09 +1.030873939E-01 -8.474462687E-02 +3.725087044E-02 +7.681889668E-02 -1.538222293E-01 +1.516987157E-01
3.84000000000E+09 -6.416034362E-02 -1.109449666E-01 +8.813948372E-02 -2.212196935E-03 -1.430045818E-01 +2.501008283E-01
3.85000000000E+09 -1.182423157E-01 +4.167195428E-02 +7.507761428E-02 -6.997440880E-02 -7.042701848E-02 +3.146546703E-01
3.86000000000E+09 +1.850672928E-02 +1.250871281E-01 +4.995782948E-02 -9.896283468E-02 +2.930514298E-02 +3.185887931E-01
3.87000000000E+09 +1.312079002E-01 +3.961471463E-03 +3.859371420E-02 -1.251186728E-01 +1.082272224E-01 +2.540604835E-01
3.88000000000E+09 +2.388476131E-02 -1.352567846E-01 +3.904843400E-03 -1.683837865E-01 +1.184618008E-01 +1.443526701E-01
3.89000000000E+09 -1.357471865E-01 -3.968432874E-02 -8.023214815E-02 -1.775210051E-01 +4.500520557E-02 +5.739857705E-02
3.90000000000E+09 -5.306442662E-02 +1.297665705E-01 -1.533043766E-01 -1.053059639E-01 -6.222375682E-02 +5.882281537E-02
3.91000000000E+09 +1.177981330E-01 +6.601425534E-02 -1.453309299E-01 -2.280896949E-03 -1.277844077E-01 +1.382080784E-01
3.92000000000E+09 +8.058374416E-02 -1.021008288E-01 -7.981253634E-02 +5.471755041E-02 -1.175320694E-01 +2.312213753E-01
3.93000000000E+09 -8.439441259E-02 -9.586621046E-02 -1.914571571E-02 +6.385577791E-02 -5.080026570E-02 +2.833386954E-01
3.94000000000E+09 -1.108715894E-01 +6.611730668E-02 +2.748024010E-02 +6.522588022E-02 +3.447461124E-02 +2.747925082E-01
3.95000000000E+09 +4.860420183E-02 +1.245140919E-01 +9.076109025E-02 +5.794231571E-02 +9.048534729E-02 +2.077075673E-01
3.96000000000E+09 +1.353780131E-01 -3.286494484E-02 +1.603338615E-01 -2.089477642E-03 +7.886208381E-02 +1.121547619E-01
3.97000000000E+09 -1.903337470E-02 -1.408212143E-01 +1.663107496E-01 -1.135772827E-01 -6.319898484E-03 +5.548804168E-02
3.98000000000E+09 -1.391845128E-01 +4.649659766E-03 +8.197605961E-02 -1.916265595E-01 -1.061034580E-01 +9.250079452E-02
3.99000000000E+09 -1.238875247E-02 +1.322708036E-01 -1.901075653E-02 -1.806127586E-01 -1.406501925E-01 +1.954923010E-01
4.00000000000E+09 +1.233623022E-01 +3.287551413E-02 -7.106540584E-02 -1.231094462E-01 -8.761686938E-02 +2.860039313E-01
4.01000000000E+09 +5.454977955E-02 -1.133457063E-01 -8.826174070E-02 -7.103016508E-02 +1.132476785E-02 +3.063616146E-01
4.02000000000E+09 -1.033814227E-01 -7.549035880E-02 -1.014233830E-01 -1.726355014E-02 +9.889632196E-02 +2.475470600E-01
4.03000000000E+09 -9.398198317E-02 +9.360069617E-02 -9.083619120E-02 +6.239929127E-02 +1.234230592E-01 +1.416442359E-01
4.04000000000E+09 +8.351830846E-02 +1.085181844E-01 -1.538647843E-02 +1.361235892E-01 +6.191293743E-02 +4.396846745E-02
4.05000000000E+09 +1.171642917E-01 -7.157626344E-02 +1.002223298E-01 +1.350549351E-01 -5.933049458E-02 +2.001615188E-02
4.06000000000E+09 -5.594963043E-02 -1.206677046E-01 +1.721841266E-01 +5.767895394E-02 -1.627815503E-01 +9.762644559E-02
4.07000000000E+09 -1.216106771E-01 +3.611722447E-02 +1.717612109E-01 -2.352360799E-02 -1.783851737E-01 +2.297808381E-01
4.08000000000E+09 +1.275637497E-02 +1.219764384E-01 +1.438126057E-01 -7.073282940E-02 -9.650871926E-02 +3.314716179E-01
4.09000000000E+09 +1.218085041E-01 +1.127752356E-02 +1.149195148E-01 -1.079937392E-01 +3.277989661E-02 +3.433992893E-01
4.10000000000E+09 +3.400380503E-02 -1.221223093E-01 +5.968331625E-02 -1.475975166E-01 +1.384984744E-01 +2.589132085E-01
4.11000000000E+09 -1.216569010E-01 -5.362996803E-02 -3.775132505E-02 -1.466630019E-01 +1.543941966E-01 +1.235500056E-01
4.12000000000E+09 -6.841104047E-02 +1.185751233E-01 -1.222320394E-01 -6.369538117E-02 +6.282257375E-02 +1.811926759E-02
4.13000000000E+09 +1.103062460E-01 +7.879258305E-02 -1.219588044E-01 +5.640865473E-02 -7.769926005E-02 +1.313784455E-02
4.14000000000E+09 +8.755167576E-02 -9.632836709E-02 -5.328302245E-02 +1.305663679E-01 -1.746201779E-01 +1.093442473E-01
4.15000000000E+09 -7.770766162E-02 -9.672388396E-02 +1.689700880E-02 +1.483925272E-01 -1.751380467E-01 +2.427611026E-01
4.16000000000E+09 -1.066308746E-01 +5.642064934E-02 +7.223857866E-02 +1.486646683E-01 -8.523917549E-02 +3.349950845E-01
4.17000000000E+09 +3.474216534E-02 +1.167847639E-01 +1.368045449E-01 +1.340364968E-01 +4.497426412E-02 +3.374187879E-01
4.18000000000E+09 +1.273153495E-01 -1.453043787E-02 +2.007052190E-01 +6.924935900E-02 +1.449045737E-01 +2.454972453E-01
4.19000000000E+09 +2.392096555E-03 -1.356982625E-01 +2.024300169E-01 -4.537409212E-02 +1.443253463E-01 +1.063706454E-01
4.20000000000E+09 -1.390668790E-01 -1.466616383E-02 +1.097588351E-01 -1.315878976E-01 +3.202208180E-02 +1.603650310E-02
4.21000000000E+09 -2.577253248E-02 +1.348040280E-01 -8.753271825E-03 -1.226315961E-01 -1.089219291E-01 +4.368963984E-02
4.22000000000E+09 +1.240254412E-01 +3.920747772E-02 -7.493948654E-02 -5.683885696E-02 -1.748633356E-01 +1.600265184E-01
4.23000000000E+09 +5.547431495E-02 -1.097542755E-01 -9.875535296E-02 +5.025159706E-03 -1.378614401E-01 +2.801018950E-01
4.24000000000E+09 -9.450539083E-02 -7.318075180E-02 -1.134772246E-01 +6.606680467E-02 -3.349136483E-02 +3.383489441E-01
4.25000000000E+09 -9.108338195E-02 +7.920253836E-02 -1.027324698E-01 +1.479157871E-01 +8.423075194E-02 +3.098858615E-01
4.26000000000E+09 +6.493144020E-02 +1.079769183E-01 -2.971364672E-02 +2.219271351E-01 +1.543107373E-01 +2.066504467E-01
4.27000000000E+09 +1.214167393E-01 -5.246765751E-02 +8.660151733E-02 +2.227115268E-01 +1.263925853E-01 +7.783266734E-02
4.28000000000E+09 -4.183124626E-02 -1.292277574E-01 +1.636990068E-01 +1.379357376E-01 +2.393407343E-03 +1.180844981E-02
4.29000000000E+09 -1.303100142E-01 +2.880368295E-02 +1.573616800E-01 +4.130434953E-02 -1.315244923E-01 +6.268119943E-02
4.30000000000E+09 +1.176667640E-02 +1.264049552E-01 +1.134276719E-01 -1.376542390E-02 -1.747594319E-01 +1.909219526E-01
4.31000000000E+09 +1.210818989E-01 +8.813203041E-03 +6.970701246E-02 -4.985820838E-02 -1.106454702E-01 +3.032870850E-01
4.32000000000E+09 +3.063207128E-02 -1.156999042E-01 +4.757017681E-03 -8.308973943E-02 +5.362015161E-03 +3.367978154E-01
4.33000000000E+09 -1.103223877E-01 -5.195943145E-02 -9.417368816E-02 -7.546243647E-02 +1.068656328E-01 +2.811683207E-01
4.34000000000E+09 -7.078976302E-02 +1.045896514E-01 -1.763345174E-01 +7.975593188E-03 +1.424920040E-01 +1.724378130E-01
4.35000000000E+09 +9.777676961E-02 +8.558478195E-02 -1.745098534E-01 +1.262332492E-01 +8.911454785E-02 +7.126236254E-02
4.36000000000E+09 +9.599447860E-02 -8.882048581E-02 -9.978088506E-02 +1.953427181E-01 -2.593742183E-02 +3.942455734E-02
4.37000000000E+09 -7.487228132E-02 -1.027000999E-01 -2.596248459E-02 +1.969116454E-01 -1.279224341E-01 +1.019041631E-01
4.38000000000E+09 -1.071272931E-01 +5.676085403E-02 +2.005402263E-02 +1.785408693E-01 -1.464827040E-01 +2.188703008E-01
4.39000000000E+09 +3.554649511E-02 +1.118083293E-01 +6.714963773E-02 +1.542316484E-01 -7.126862416E-02 +3.145473790E-01
4.40000000000E+09 +1.166554066E-01 -1.345900656E-02 +1.141437097E-01 +9.187555809E-02 +4.664555464E-02 +3.280236316E-01
4.41000000000E+09 +7.403076429E-03 -1.215806109E-01 +1.104748484E-01 -1.140096278E-02 +1.362033573E-01 +2.511308446E-01
4.42000000000E+09 -1.252151137E-01 -2.509180277E-02 +2.618975614E-02 -9.284969521E-02 +1.424263827E-01 +1.308705584E-01
4.43000000000E+09 -3.912943193E-02 +1.252373138E-01 -8.520485715E-02 -9.011311170E-02 +6.105065307E-02 +4.572338788E-02
4.44000000000E+09 +1.198602832E-01 +5.057803456E-02 -1.470233571E-01 -3.016705504E-02 -5.384967622E-02 +4.426427367E-02
4.45000000000E+09 +6.163190827E-02 -1.086784618E-01 -1.622337099E-01 +2.237332775E-02 -1.331390072E-01 +1.176896081E-01
4.46000000000E+09 -9.350160240E-02 -7.278840907E-02 -1.711903816E-01 +6.580053272E-02 -1.391272258E-01 +2.225159943E-01
4.47000000000E+09 -8.511125214E-02 +7.590736362E-02 -1.627410402E-01 +1.270629303E-01 -7.365539485E-02 +3.069747582E-01
4.48000000000E+09 +5.711747871E-02 +9.742855074E-02 -1.012919606E-01 +1.832718640E-01 +3.046741044E-02 +3.274717957E-01
4.49000000000E+09 +1.096769177E-01 -3.913073885E-02 -1.839898893E-03 +1.776288683E-01 +1.164110650E-01 +2.686011187E-01
4.50000000000E+09 -2.291749571E-02 -1.202418757E-01 +6.582511101E-02 +9.595672677E-02 +1.349326812E-01 +1.641151399E-01
4.51000000000E+09 -1.269485267E-01 +8.925965378E-03 +5.478524032E-02 +4.016189933E-05 +7.767861022E-02 +8.656921290E-02
4.52000000000E+09 -4.301872643E-03 +1.282147550E-01 +3.433121543E-03 -4.823496579E-02 -7.452371485E-03 +7.933825552E-02
4.53000000000E+09 +1.246966974E-01 +1.853365457E-02 -3.523849671E-02 -6.625276408E-02 -6.265641097E-02 +1.229161373E-01
4.54000000000E+09 +3.369380737E-02 -1.175905393E-01 -7.461339638E-02 -8.762480449E-02 -7.259156452E-02 +1.793719259E-01
4.55000000000E+09 -1.082220798E-01 -4.959752630E-02 -1.384941794E-01 -8.780000570E-02 -4.763976588E-02 +2.261059347E-01
4.56000000000E+09 -6.528242797E-02 +9.695900950E-02 -1.914157343E-01 -3.445936687E-02 -2.323880884E-03 +2.445808609E-01
4.57000000000E+09 +8.532433908E-02 +8.044668117E-02 -1.828204057E-01 +4.089150619E-02 +3.775550369E-02 +2.213591678E-01
4.58000000000E+09 +9.365925032E-02 -7.313458169E-02 -1.245714130E-01 +7.484185854E-02 +4.473184627E-02 +1.735898441E-01
4.59000000000E+09 -6.075035075E-02 -1.034092891E-01 -7.859386014E-02 +5.703782281E-02 +1.102726595E-02 +1.476202058E-01
4.60000000000E+09 -1.095757355E-01 +4.645975899E-02 -6.654571963E-02 +3.846208841E-02 -2.811530906E-02 +1.688846638E-01
4.61000000000E+09 +3.014608285E-02 +1.131245479E-01 -4.635004643E-02 +3.979528626E-02 -3.120280560E-02 +2.101143709E-01
4.62000000000E+09 +1.149552924E-01 -1.238554688E-02 -1.906379911E-04 +1.908422322E-02 +5.035943337E-04 +2.333023004E-01
4.63000000000E+09 +5.291150293E-03 -1.152724399E-01 +2.537630443E-02 -4.767018735E-02 +3.667925843E-02 +2.278572279E-01
4.64000000000E+09 -1.134989941E-01 -2.241614820E-02 -8.633721734E-03 -1.150293934E-01 +5.973307582E-02 +2.036576129E-01
4.65000000000E+09 -3.861390305E-02 +1.097632167E-01 -6.927238814E-02 -1.306016706E-01 +6.366904761E-02 +1.646884845E-01
4.66000000000E+09 +1.037001515E-01 +5.335808676E-02 -1.021885436E-01 -1.095603374E-01 +4.252648161E-02 +1.219781920E-01
4.67000000000E+09 +6.561015249E-02 -9.571361824E-02 -1.112298811E-01 -9.759222635E-02 -1.048476905E-02 +1.061129165E-01
4.68000000000E+09 -8.455684369E-02 -7.575564913E-02 -1.333487499E-01 -8.942649436E-02 -6.823526876E-02 +1.417501991E-01
4.69000000000E+09 -8.424827421E-02 +7.038061941E-02 -1.556653665E-01 -4.708461333E-02 -8.539495326E-02 +2.103328368E-01
4.70000000000E+09 +5.401072136E-02 +9.215833472E-02 -1.295643713E-01 +1.629240441E-02 -5.029562540E-02 +2.670521041E-01
4.71000000000E+09 +9.901178290E-02 -3.668186494E-02 -5.363588801E-02 +4.161239735E-02 +1.316347630E-02 +2.886491772E-01
4.72000000000E+09 -1.921956776E-02 -1.044471526E-01 +1.427837511E-02 +4.758557835E-03 +7.227652790E-02 +2.712392714E-01
4.73000000000E+09 -1.079493096E-01 +2.028264044E-03 +3.232068109E-02 -5.136737088E-02 +1.120930316E-01 +2.230063521E-01
4.74000000000E+09 -1.456504632E-02 +1.093482139E-01 +2.459541347E-02 -8.136239750E-02 +1.203551178E-01 +1.535130903E-01
4.75000000000E+09 +1.085570963E-01 +2.926613108E-02 +2.935985277E-02 -9.903248032E-02 +7.853595328E-02 +8.836129757E-02
4.76000000000E+09 +4.199542198E-02 -1.046105453E-01 +3.080763741E-02 -1.365585712E-01 -6.107470725E-03 +6.795670922E-02
4.77000000000E+09 -9.666700910E-02 -5.284198563E-02 -6.306413478E-03 -1.713916393E-01 -8.686591606E-02 +1.138944382E-01
4.78000000000E+09 -6.334889903E-02 +8.494703213E-02 -5.935147973E-02 -1.585025065E-01 -1.115021227E-01 +1.979999515E-01
4.79000000000E+09 +7.058505156E-02 +7.343017032E-02 -7.597009837E-02 -1.099606395E-01 -7.307749735E-02 +2.768119620E-01
4.80000000000E+09 +8.324856395E-02 -5.481525816E-02 -5.273564445E-02 -7.650887335E-02 +2.290929612E-03 +3.175992478E-01
4.81000000000E+09 -3.841855533E-02 -9.199145511E-02 -3.239857844E-02 -7.102585866E-02 +8.442543762E-02 +3.054436523E-01
4.82000000000E+09 -9.958134416E-02 +2.197472846E-02 -3.111825690E-02 -5.935672899E-02 +1.466234304E-01 +2.376378796E-01
4.83000000000E+09 +6.561048612E-03 +1.056120971E-01 -1.458543393E-02 -2.245943588E-02 +1.536742422E-01 +1.390734533E-01
4.84000000000E+09 +1.090890241E-01 +6.978572748E-03 +4.476120807E-02 +1.740655455E-03 +8.407572487E-02 +5.938468152E-02
4.85000000000E+09 +1.866821747E-02 -1.082826689E-01 +1.103140829E-01 -2.841250304E-02 -2.671869530E-02 +5.213263130E-02
4.86000000000E+09 -1.026748504E-01 -3.044301008E-02 +1.302507010E-01 -8.721265152E-02 -1.047245776E-01 +1.225519885E-01
4.87000000000E+09 -4.267215773E-02 +9.294617928E-02 +1.148639490E-01 -1.250813414E-01 -1.099055390E-01 +2.264744066E-01
4.88000000000E+09 +8.140751827E-02 +5.586741616E-02 +1.013313550E-01 -1.436074931E-01 -4.958235439E-02 +3.051651586E-01
4.89000000000E+09 +6.926685213E-02 -6.821217535E-02 +8.518837289E-02 -1.693487545E-01 +4.337265847E-02 +3.265431716E-01
4.90000000000E+09 -5.480953181E-02 -8.218378599E-02 +3.734240031E-02 -1.907698788E-01 +1.283043796E-01 +2.776516204E-01
4.91000000000E+09 -9.415247180E-02 +4.173784364E-02 -3.358859756E-02 -1.638298714E-01 +1.635412858E-01 +1.790707502E-01
4.92000000000E+09 +2.987195069E-02 +1.032746089E-01 -6.958709498E-02 -7.781835231E-02 +1.171683645E-01 +8.318303323E-02
4.93000000000E+09 +1.080957573E-01 -1.909741781E-02 -3.276066209E-02 +1.102994260E-02 +1.067605588E-02 +5.530707622E-02
4.94000000000E+09 -7.095959796E-03 -1.079656999E-01 +3.973799392E-02 +4.831093938E-02 -7.714011032E-02 +1.118898900E-01
4.95000000000E+09 -1.038329057E-01 -7.045034415E-03 +9.878415865E-02 +4.801961488E-02 -9.213724072E-02 +2.084630933E-01
4.96000000000E+09 -2.306057535E-02 +9.788943610E-02 +1.490832130E-01 +3.912608872E-02 -4.056400913E-02 +2.837395448E-01
4.97000000000E+09 +9.048126588E-02 +3.986564995E-02 +2.047058802E-01 +7.538213684E-03 +4.092983087E-02 +3.016076275E-01
4.98000000000E+09 +5.638034123E-02 -8.285908611E-02 +2.363462729E-01 -6.661762909E-02 +1.113930230E-01 +2.552056320E-01
4.99000000000E+09 -7.485068953E-02 -7.191320458E-02 +2.008469333E-01 -1.529384277E-01 +1.327478417E-01 +1.700441765E-01
5.00000000000E+09 -8.397705019E-02 +6.674331034E-02 +1.074806992E-01 -1.864594911E-01 +7.951320350E-02 +9.971497795E-02
5.01000000000E+09 +5.796434333E-02 +9.196135009E-02 +2.336815432E-02 -1.451140269E-01 -1.303432773E-02 +1.013274026E-01
5.02000000000E+09 +9.634549119E-02 -4.592921977E-02 -1.003075704E-02 -7.658679923E-02 -6.658013381E-02 +1.745083565E-01
5.03000000000E+09 -3.064887576E-02 -9.850078818E-02 -1.590452752E-02 -1.781628960E-02 -3.982348945E-02 +2.557714716E-01
5.04000000000E+09 -9.984135691E-02 +1.350906608E-02 -1.174660121E-02 +4.488678532E-02 +3.632818565E-02 +2.880193158E-01
5.05000000000E+09 -4.052513503E-03 +1.002885918E-01 +2.701432789E-02 +1.160939533E-01 +1.083706899E-01 +2.563484145E-01
5.06000000000E+09 +9.989574589E-02 +2.099788593E-02 +1.137513864E-01 +1.547544228E-01 +1.389562203E-01 +1.755504263E-01
5.07000000000E+09 +3.660445598E-02 -9.784451972E-02 +2.054839794E-01 +1.220775336E-01 +1.043595542E-01 +9.179099833E-02
5.08000000000E+09 -9.332266136E-02 -4.903242329E-02 +2.422043190E-01 +4.149124570E-02 +8.098496051E-03 +6.036821506E-02
5.09000000000E+09 -5.909801276E-02 +8.575139950E-02 +2.200742374E-01 -2.687632182E-02 -8.973441047E-02 +1.203933395E-01
5.10000000000E+09 +7.381316526E-02 +6.818571324E-02 +1.797877499E-01 -6.486716225E-02 -1.099254500E-01 +2.376587705E-01
5.11000000000E+09 +7.716530018E-02 -5.911190790E-02 +1.321722623E-01 -9.345314254E-02 -3.207864553E-02 +3.303995893E-01
5.12000000000E+09 -4.337176545E-02 -8.659767361E-02 +5.746702969E-02 -1.065589465E-01 +9.183164168E-02 +3.371812824E-01
5.13000000000E+09 -9.524703501E-02 +2.780083134E-02 -3.347084089E-02 -6.645145266E-02 +1.851865540E-01 +2.567513573E-01
5.14000000000E+09 +1.345852771E-02 +1.022220628E-01 -8.403266699E-02 +3.457031915E-02 +1.973185022E-01 +1.290607354E-01
5.15000000000E+09 +1.059073254E-01 -3.642308252E-04 -5.544279377E-02 +1.402871729E-01 +1.186006767E-01 +2.303975310E-02
5.16000000000E+09 +1.129293473E-02 -1.051252242E-01 +1.929764005E-02 +1.919332319E-01 -1.896880290E-02 +2.091506401E-03
5.17000000000E+09 -9.984237676E-02 -2.303625708E-02 +8.711131903E-02 +1.946492225E-01 -1.417622576E-01 +8.781836803E-02
5.18000000000E+09 -3.619096855E-02 +9.031989535E-02 +1.430917156E-01 +1.771520365E-01 -1.685563193E-01 +2.348748078E-01
5.19000000000E+09 +7.872365061E-02 +5.084562102E-02 +1.968395680E-01 +1.313990772E-01 -8.475637107E-02 +3.535455004E-01
5.20000000000E+09 +6.672745035E-02 -6.642869589E-02 +2.206655494E-01 +4.184201655E-02 +5.781410139E-02 +3.824606270E-01
5.21000000000E+09 -5.450729265E-02 -8.204692306E-02 +1.715206057E-01 -6.150597702E-02 +1.752886293E-01 +3.108023556E-01
5.22000000000E+09 -9.543973349E-02 +4.429543840E-02 +5.358094203E-02 -1.089789949E-01 +2.077293567E-01 +1.821620485E-01
5.23000000000E+09 +3.491664486E-02 +1.048966289E-01 -6.038841668E-02 -6.559582978E-02 +1.457699653E-01 +7.320469460E-02
5.24000000000E+09 +1.091104207E-01 -2.502759081E-02 -1.098217822E-01 +1.958991136E-02 +3.380485314E-02 +3.928663383E-02
5.25000000000E+09 -1.310870482E-02 -1.087525899E-01 -1.128172089E-01 +9.045247318E-02 -6.906156270E-02 +8.671250055E-02
5.26000000000E+09 -1.049201968E-01 -1.548979644E-03 -9.907047146E-02 +1.509643595E-01 -1.096146053E-01 +1.841848727E-01
5.27000000000E+09 -1.850520265E-02 +9.955672505E-02 -5.395386809E-02 +2.080900438E-01 -6.886977432E-02 +2.750924027E-01
5.28000000000E+09 +9.366230630E-02 +3.704887853E-02 +3.086625749E-02 +2.261419142E-01 +2.069559671E-02 +3.087358473E-01
5.29000000000E+09 +5.469565116E-02 -8.792066205E-02 +1.120254325E-01 +1.721190601E-01 +9.304439903E-02 +2.685897117E-01
5.30000000000E+09 -8.309906163E-02 -6.971712384E-02 +1.279584099E-01 +7.325836944E-02 +9.832795933E-02 +1.970161365E-01
5.31000000000E+09 -8.084041992E-02 +7.674029622E-02 +7.598488684E-02 +2.461326854E-03 +4.950280419E-02 +1.613031035E-01
5.32000000000E+09 +6.721434118E-02 +8.835054137E-02 +1.797826866E-02 -1.519239468E-02 +8.589911345E-03 +1.820593385E-01
5.33000000000E+09 +9.407718020E-02 -5.436440502E-02 -1.874164154E-02 -2.190678555E-02 +5.981653943E-03 +2.200318706E-01
5.34000000000E+09 -3.962756911E-02 -9.861521734E-02 -6.568458119E-02 -3.310884961E-02 +3.090426498E-02 +2.407276241E-01
5.35000000000E+09 -1.020452108E-01 +2.357972762E-02 -1.293148751E-01 -1.245435933E-02 +6.757412660E-02 +2.362748622E-01
5.36000000000E+09 +6.922339506E-03 +1.042121595E-01 -1.633798832E-01 +5.221575642E-02 +9.700329174E-02 +2.036128146E-01
5.37000000000E+09 +1.050731442E-01 +8.526858580E-03 -1.383579499E-01 +1.137504878E-01 +8.620712156E-02 +1.476149052E-01
5.38000000000E+09 +2.175599197E-02 -1.041098639E-01 -8.966747169E-02 +1.274841193E-01 +1.519134728E-02 +1.112894980E-01
5.39000000000E+09 -9.896028916E-02 -3.326399546E-02 -6.488442887E-02 +1.136017201E-01 -6.964559104E-02 +1.487423069E-01
5.40000000000E+09 -4.465032291E-02 +8.979150450E-02 -5.067668956E-02 +1.126049702E-01 -9.207546297E-02 +2.470497075E-01
5.41000000000E+09 +7.783616962E-02 +5.710501973E-02 -1.210294952E-02 +1.080675860E-01 -3.484382965E-02 +3.325533903E-01
5.42000000000E+09 +6.946622458E-02 -6.530092009E-02 +3.129965862E-02 +5.973547140E-02 +5.802007170E-02 +3.530550093E-01
5.43000000000E+09 -5.256206152E-02 -8.122254899E-02 +2.614528583E-02 -2.042247681E-02 +1.403793503E-01 +3.103423407E-01
5.44000000000E+09 -9.100805879E-02 +3.971788893E-02 -3.552197882E-02 -7.047124940E-02 +1.818299782E-01 +2.318808604E-01
5.45000000000E+09 +2.721158107E-02 +9.859421118E-02 -9.713894529E-02 -6.028830092E-02 +1.662985965E-01 +1.399117531E-01
5.46000000000E+09 +1.031185356E-01 -1.581012321E-02 -1.165846921E-01 -3.028470875E-02 +8.455216184E-02 +7.059375378E-02
5.47000000000E+09 -4.783974682E-03 -1.034818900E-01 -1.196384312E-01 -1.963641519E-02 -2.933324737E-02 +7.557790271E-02
5.48000000000E+09 -9.951276326E-02 -7.327317326E-03 -1.353064301E-01 -5.955083630E-03 -1.014422093E-01 +1.648984035E-01
5.49000000000E+09 -2.151408729E-02 +9.264891139E-02 -1.344115438E-01 +3.417238897E-02 -9.298988979E-02 +2.751351129E-01
5.50000000000E+09 +8.471022597E-02 +3.630171628E-02 -8.752760768E-02 +6.556010290E-02 -2.552814986E-02 +3.417195675E-01
5.51000000000E+09 +5.100724262E-02 -7.638107874E-02 -2.625814210E-02 +4.469348093E-02 +5.664507174E-02 +3.499142479E-01
5.52000000000E+09 -6.709632326E-02 -6.443715879E-02 -6.239767907E-03 -1.146117257E-02 +1.239604196E-01 +3.188047344E-01
5.53000000000E+09 -7.634225485E-02 +5.713370757E-02 -2.864552644E-02 -4.410310993E-02 +1.613745193E-01 +2.589225778E-01
5.54000000000E+09 +4.696134623E-02 +8.630550299E-02 -3.930500897E-02 -3.789389781E-02 +1.582591152E-01 +1.830528926E-01
5.55000000000E+09 +9.366638890E-02 -3.711577829E-02 -1.514508009E-02 -4.086553731E-02 +1.054666755E-01 +1.233658991E-01
5.56000000000E+09 -2.664652457E-02 -9.708494404E-02 -8.602427653E-04 -8.020180291E-02 +2.641223707E-02 +1.195783682E-01
5.57000000000E+09 -9.702329974E-02 +1.479886072E-02 -2.716279496E-02 -1.137888370E-01 -3.191852903E-02 +1.690513358E-01
5.58000000000E+09 +1.562875763E-03 +9.433920653E-02 -5.644352597E-02 -1.082279509E-01 -4.872980163E-02 +2.338079563E-01
5.59000000000E+09 +9.007806556E-02 +1.247113125E-02 -5.510295634E-02 -9.461157416E-02 -2.774211550E-02 +2.886638309E-01
5.60000000000E+09 +2.680219358E-02 -8.407827081E-02 -5.046315915E-02 -1.053994844E-01 +2.077572628E-02 +3.282738879E-01
5.61000000000E+09 -7.670154548E-02 -4.134826664E-02 -7.660966044E-02 -1.136466287E-01 +8.592917446E-02 +3.377639914E-01
5.62000000000E+09 -5.529707474E-02 +6.846419358E-02 -1.082380970E-01 -7.631667591E-02 +1.463664893E-01 +3.020971317E-01
5.63000000000E+09 +6.076188564E-02 +6.793227434E-02 -8.886253224E-02 -8.212918346E-03 +1.675516067E-01 +2.269333031E-01
5.64000000000E+09 +7.799542422E-02 -5.319077763E-02 -1.253157802E-02 +2.485552381E-02 +1.336465507E-01 +1.562155134E-01
5.65000000000E+09 -4.504064648E-02 -8.415262487E-02 +5.891373833E-02 -5.633243371E-03 +5.880434237E-02 +1.340129144E-01
5.66000000000E+09 -8.653686949E-02 +3.488798893E-02 +8.640676584E-02 -5.377928901E-02 -1.026832072E-02 +1.653668498E-01
5.67000000000E+09 +2.282074293E-02 +8.616850309E-02 +9.950613152E-02 -8.738247852E-02 -4.128201281E-02 +2.305276653E-01
5.68000000000E+09 +8.426048379E-02 -8.597800615E-03 +1.146609586E-01 -1.324999910E-01 -2.030268003E-02 +3.046146185E-01
5.69000000000E+09 +7.224879463E-03 -8.112383196E-02 +9.523145786E-02 -1.984308682E-01 +4.352833409E-02 +3.522600567E-01
5.70000000000E+09 -7.734810639E-02 -2.325680358E-02 +1.943146180E-02 -2.374065905E-01 +1.206018765E-01 +3.444458003E-01
5.71000000000E+09 -3.844161598E-02 +7.422827767E-02 -7.023299902E-02 -2.011675157E-01 +1.686947468E-01 +2.793416829E-01
5.72000000000E+09 +7.121618496E-02 +5.154571826E-02 -1.040586115E-01 -1.069736485E-01 +1.582189512E-01 +1.961617505E-01
5.73000000000E+09 +6.077848051E-02 -6.733320165E-02 -6.754451364E-02 -2.562536522E-02 +9.149718734E-02 +1.586623072E-01
5.74000000000E+09 -6.045270522E-02 -6.676760250E-02 -1.276862394E-02 +1.247545633E-02 +2.197920466E-02 +1.811340446E-01
5.75000000000E+09 -7.046823332E-02 +5.048414934E-02 +3.841255768E-02 +3.922111354E-02 -5.926352717E-03 +2.406743834E-01
5.76000000000E+09 +3.764875639E-02 +7.351174836E-02 +1.145398448E-01 +5.513211853E-02 +1.541457020E-02 +3.008083739E-01
5.77000000000E+09 +7.591614236E-02 -2.293879867E-02 +2.058757615E-01 +1.557628694E-02 +7.034958439E-02 +3.355824835E-01
5.78000000000E+09 -7.799640678E-03 -7.795990636E-02 +2.496320591E-01 -8.454260935E-02 +1.288711841E-01 +3.192915358E-01
5.79000000000E+09 -8.010206881E-02 -6.438111642E-03 +2.083184467E-01 -1.835247887E-01 +1.546554981E-01 +2.560750513E-01
5.80000000000E+09 -1.856503734E-02 +8.148844547E-02 +1.186827810E-01 -2.173325989E-01 +1.220993298E-01 +1.943856731E-01
5.81000000000E+09 +8.016421502E-02 +2.756036917E-02 +4.763077936E-02 -1.913578654E-01 +4.759222938E-02 +1.951647098E-01
5.82000000000E+09 +3.574132830E-02 -7.485172265E-02 +3.940692289E-03 -1.537567244E-01 +5.374267677E-03 +2.579022572E-01
5.83000000000E+09 -6.610217539E-02 -4.382562650E-02 -4.181853196E-02 -1.016922984E-01 +2.690589047E-02 +3.312229635E-01
5.84000000000E+09 -5.242547905E-02 +5.586377316E-02 -6.541564034E-02 -3.672642456E-03 +9.284903892E-02 +3.613489527E-01
5.85000000000E+09 +4.466170228E-02 +6.080631629E-02 -1.145324228E-02 +1.104439101E-01 +1.646471077E-01 +3.483917296E-01
5.86000000000E+09 +6.856617468E-02 -3.315433566E-02 +1.130116917E-01 +1.616858820E-01 +2.084432182E-01 +2.849330663E-01
5.87000000000E+09 -2.235868461E-02 -7.522519363E-02 +2.294244253E-01 +1.175895667E-01 +1.978142174E-01 +1.937675990E-01
5.88000000000E+09 -7.975140450E-02 +1.337298091E-02 +2.761332410E-01 +2.896847042E-02 +1.144147141E-01 +1.339943742E-01
5.89000000000E+09 +5.629621909E-03 +7.984593186E-02 +2.711831697E-01 -4.350727166E-02 +2.277793176E-03 +1.708906262E-01
5.90000000000E+09 +7.564711944E-02 +4.134565813E-03 +2.509517310E-01 -1.059021996E-01 -4.424824905E-02 +2.876572597E-01
5.91000000000E+09 +1.595119711E-02 -6.881770157E-02 +1.934436870E-01 -1.741412454E-01 +9.283387291E-03 +3.987221361E-01
5.92000000000E+09 -6.201395825E-02 -2.897349348E-02 +7.532371762E-02 -2.027672195E-01 +1.153929577E-01 +4.357863960E-01
5.93000000000E+09 -4.195063125E-02 +5.500851257E-02 -5.526747346E-02 -1.343595341E-01 +2.214373484E-01 +4.029170862E-01
5.94000000000E+09 +4.809467075E-02 +5.402266074E-02 -1.077088653E-01 +1.444920630E-02 +2.810674377E-01 +3.156741500E-01
5.95000000000E+09 +6.462946634E-02 -4.124765287E-02 -4.992221919E-02 +1.499237443E-01 +2.778410099E-01 +2.020022927E-01
5.96000000000E+09 -3.538865428E-02 -7.245086423E-02 +5.424048857E-02 +2.050082780E-01 +1.918601403E-01 +1.142745744E-01
5.97000000000E+09 -7.570845614E-02 +2.942111923E-02 +1.385467722E-01 +2.051638614E-01 +6.110079875E-02 +1.230338049E-01
5.98000000000E+09 +2.035803673E-02 +7.451060343E-02 +2.131887486E-01 +1.876003915E-01 -1.998140486E-02 +2.327940727E-01
5.99000000000E+09 +7.117996233E-02 -7.495569832E-03 +2.888622726E-01 +1.266015010E-01 +8.320004395E-03 +3.585217074E-01
6.00000000000E+09 +7.349350676E-03 -6.838146076E-02 +3.147399432E-01 +8.010307852E-03 +1.011058602E-01 +4.133219562E-01
6.01000000000E+09 -6.611992516E-02 -2.264091517E-02 +2.432385832E-01 -1.128618370E-01 +2.024976418E-01 +3.932672716E-01
6.02000000000E+09 -3.666640515E-02 +6.433588711E-02 +1.006230557E-01 -1.516722465E-01 +2.545149608E-01 +3.279272948E-01
6.03000000000E+09 +6.246415959E-02 +4.868544295E-02 -1.886505291E-02 -8.718971182E-02 +2.554065751E-01 +2.509863256E-01
6.04000000000E+09 +5.763824547E-02 -5.948322212E-02 -6.064071842E-02 +7.994533759E-03 +2.092145713E-01 +1.994502088E-01
6.05000000000E+09 -5.431868365E-02 -6.349389414E-02 -6.593377195E-02 +7.902317701E-02 +1.448455819E-01 +1.978549539E-01
6.06000000000E+09 -6.653412792E-02 +4.566444788E-02 -6.376716050E-02 +1.535463908E-01 +1.037929875E-01 +2.484821456E-01
6.07000000000E+09 +3.327992286E-02 +6.869233261E-02 -1.402284951E-02 +2.384235806E-01 +1.217388147E-01 +3.052751488E-01
6.08000000000E+09 +7.150347657E-02 -1.910710847E-02 +9.482809645E-02 +2.727260591E-01 +1.773533124E-01 +3.186186756E-01
6.09000000000E+09 -4.627899850E-03 -7.527180905E-02 +1.999204908E-01 +2.152770557E-01 +2.229375524E-01 +2.805890034E-01
6.10000000000E+09 -7.893661912E-02 -7.700200456E-03 +2.294368791E-01 +1.038834849E-01 +2.118653994E-01 +2.260174906E-01
6.11000000000E+09 -1.747190630E-02 +8.140290996E-02 +1.840767235E-01 +1.870312188E-02 +1.579781767E-01 +2.059088936E-01
6.12000000000E+09 +7.951488914E-02 +2.485981828E-02 +1.273379802E-01 -1.988049263E-02 +1.104601793E-01 +2.416644341E-01
6.13000000000E+09 +3.199899786E-02 -7.385300857E-02 +7.149856385E-02 -5.469512510E-02 +1.066032456E-01 +3.001920151E-01
6.14000000000E+09 -6.483425612E-02 -3.949374675E-02 -2.343365946E-02 -7.366312601E-02 +1.454614401E-01 +3.505411826E-01
6.15000000000E+09 -4.790773840E-02 +5.377635106E-02 -1.330867141E-01 -1.738430611E-02 +2.140759095E-01 +3.636807730E-01
6.16000000000E+09 +4.151346673E-02 +5.681986732E-02 -1.764791211E-01 +1.065102503E-01 +2.856448451E-01 +3.256278773E-01
6.17000000000E+09 +6.626155041E-02 -2.939288207E-02 -1.219335307E-01 +2.174599794E-01 +3.220188766E-01 +2.413280126E-01
6.18000000000E+09 -1.903164797E-02 -7.517503192E-02 -2.098343626E-02 +2.496803823E-01 +2.828849062E-01 +1.481623643E-01
6.19000000000E+09 -8.236993784E-02 +1.139533171E-02 +5.225475409E-02 +2.165417631E-01 +1.767192892E-01 +1.116446774E-01
6.20000000000E+09 +4.970914884E-03 +8.383576289E-02 +9.148140770E-02 +1.752624861E-01 +7.760236793E-02 +1.672007305E-01
6.21000000000E+09 +8.089513138E-02 +2.484793431E-03 +1.328947662E-01 +1.204967276E-01 +5.399846411E-02 +2.703054461E-01
6.22000000000E+09 +1.241052590E-02 -7.481600763E-02 +1.443959274E-01 +1.860347472E-02 +1.030536959E-01 +3.569695027E-01
6.23000000000E+09 -6.757507807E-02 -2.386088689E-02 +7.048788489E-02 -8.445466546E-02 +1.878259477E-01 +3.904590704E-01
6.24000000000E+09 -3.625656277E-02 +5.927019247E-02 -5.911922710E-02 -1.065600305E-01 +2.780339091E-01 +3.685496921E-01
6.25000000000E+09 +5.098165602E-02 +4.893582628E-02 -1.543915524E-01 -3.823211712E-02 +3.389446489E-01 +2.953305665E-01
6.26000000000E+09 +6.130964996E-02 -4.330359137E-02 -1.677016274E-01 +5.037110900E-02 +3.366798766E-01 +1.970610869E-01
6.27000000000E+09 -3.746725088E-02 -7.193220289E-02 -1.369814949E-01 +9.634608668E-02 +2.611981887E-01 +1.264304497E-01
6.28000000000E+09 -7.811422630E-02 +3.198783723E-02 -1.174480700E-01 +1.172994405E-01 +1.595375827E-01 +1.306854298E-01
6.29000000000E+09 +2.545879567E-02 +7.993172346E-02 -8.719033041E-02 +1.535163888E-01 +1.002579871E-01 +2.035629688E-01
6.30000000000E+09 +7.871458661E-02 -1.562515177E-02 -8.624606246E-03 +1.651733425E-01 +1.087522351E-01 +2.897420628E-01
6.31000000000E+09 -4.041967575E-03 -7.612210165E-02 +6.725858022E-02 +9.943571538E-02 +1.630915578E-01 +3.437890507E-01
6.32000000000E+09 -7.276613598E-02 -9.286465288E-03 +6.664535835E-02 -3.070856651E-03 +2.375968043E-01 +3.551628907E-01
6.33000000000E+09 -2.308863757E-02 +6.905929519E-02 +2.588541442E-03 -5.956295949E-02 +3.023826880E-01 +3.178389710E-01
6.34000000000E+09 +6.540366917E-02 +3.694801565E-02 -5.069059172E-02 -5.428341976E-02 +3.272888081E-01 +2.475882107E-01
6.35000000000E+09 +4.903283038E-02 -6.220831151E-02 -6.190696006E-02 -4.365806456E-02 +2.968846973E-01 +1.797698402E-01
6.36000000000E+09 -5.852386232E-02 -5.840911992E-02 -7.716752170E-02 -6.070453899E-02 +2.298327369E-01 +1.542774930E-01
6.37000000000E+09 -6.427750854E-02 +5.316661981E-02 -1.269415530E-01 -5.594091611E-02 +1.731198396E-01 +1.847740841E-01
6.38000000000E+09 +4.479444490E-02 +6.795922346E-02 -1.518322582E-01 +5.839262105E-03 +1.550442454E-01 +2.441472323E-01
6.39000000000E+09 +7.014115271E-02 -3.446206009E-02 -1.036268176E-01 +6.219784130E-02 +1.777333182E-01 +2.976014985E-01
6.40000000000E+09 -2.185462979E-02 -7.183286816E-02 -3.431336225E-02 +5.052175666E-02 +2.301175386E-01 +3.232588165E-01
6.41000000000E+09 -7.293942759E-02 +8.321668867E-03 -1.236504517E-02 +2.480790636E-03 +2.904405839E-01 +3.090723841E-01
6.42000000000E+09 -5.670268574E-03 +7.415237355E-02 -2.509945050E-02 -1.668654982E-02 +3.244311404E-01 +2.585870717E-01
6.43000000000E+09 +7.507171674E-02 +1.828812909E-02 -1.306981935E-02 -7.989979095E-03 +3.140967868E-01 +1.967252444E-01
6.44000000000E+09 +2.891097332E-02 -7.513701275E-02 +2.754139482E-02 -3.161494494E-02 +2.640994454E-01 +1.638999620E-01
6.45000000000E+09 -7.252280523E-02 -3.693062221E-02 +2.938054068E-02 -9.672085976E-02 +2.130291189E-01 +1.795209220E-01
6.46000000000E+09 -4.381496669E-02 +6.683151855E-02 -2.665821922E-02 -1.289055198E-01 +1.900434673E-01 +2.274884281E-01
6.47000000000E+09 +5.836997722E-02 +4.979312262E-02 -6.796649389E-02 -9.541460346E-02 +2.052092264E-01 +2.775649166E-01
6.48000000000E+09 +5.606630742E-02 -4.774183847E-02 -5.067810900E-02 -5.827378833E-02 +2.512497905E-01 +3.019833183E-01
6.49000000000E+09 -3.574090902E-02 -6.216335495E-02 -2.218749410E-02 -6.635251314E-02 +3.110548191E-01 +2.888879729E-01
6.50000000000E+09 -6.879009569E-02 +2.329943109E-02 -3.209729735E-02 -8.442461058E-02 +3.461447584E-01 +2.367602441E-01
6.51000000000E+09 +1.202720479E-02 +7.492978763E-02 -5.357321618E-02 -5.969366167E-02 +3.322248804E-01 +1.706278675E-01
6.52000000000E+09 +7.985510422E-02 -2.990632148E-03 -2.494660343E-02 -1.221462074E-02 +2.692239960E-01 +1.358914032E-01
6.53000000000E+09 +4.220934908E-03 -8.066983227E-02 +4.269522482E-02 -1.526495605E-02 +2.068658977E-01 +1.650731622E-01
6.54000000000E+09 -7.740839978E-02 -1.173883748E-02 +6.968253790E-02 -6.851693698E-02 +1.901098958E-01 +2.303872570E-01
6.55000000000E+09 -2.043731904E-02 +7.087824185E-02 +4.636944056E-02 -9.566472013E-02 +2.215971977E-01 +2.858629274E-01
6.56000000000E+09 +6.288710117E-02 +3.048355552E-02 +3.868135217E-02 -8.017328563E-02 +2.830918725E-01 +3.042379673E-01
6.57000000000E+09 +4.110883843E-02 -5.380373944E-02 +6.758123760E-02 -7.853801076E-02 +3.506268030E-01 +2.794747265E-01
6.58000000000E+09 -4.457171047E-02 -5.239384807E-02 +8.245818920E-02 -1.176589063E-01 +3.869915712E-01 +2.136007756E-01
6.59000000000E+09 -6.330480183E-02 +3.614803995E-02 +4.409135724E-02 -1.515087980E-01 +3.683789900E-01 +1.309537945E-01
6.60000000000E+09 +3.026730052E-02 +7.275664199E-02 -9.562422666E-03 -1.237535463E-01 +2.820497572E-01 +8.415168484E-02
6.61000000000E+09 +7.729210517E-02 -2.566526046E-02 -6.297556603E-03 -6.058140416E-02 +1.910379167E-01 +1.185950195E-01
6.62000000000E+09 -1.950647887E-02 -7.654840433E-02 +3.869002190E-02 -3.956087895E-02 +1.613237832E-01 +2.151328900E-01
6.63000000000E+09 -7.268749446E-02 +9.621265003E-03 +5.426473574E-02 -5.138832868E-02 +2.081716242E-01 +2.922839043E-01
6.64000000000E+09 -2.549790505E-03 +6.833398881E-02 +4.878536129E-02 -3.564730621E-02 +2.873452902E-01 +3.165294789E-01
6.65000000000E+09 +6.356274353E-02 +1.593397736E-02 +7.816019666E-02 +6.486369563E-05 +3.655620904E-01 +2.891205005E-01
6.66000000000E+09 +2.974530818E-02 -5.863438691E-02 +1.421740477E-01 -3.280247007E-03 +4.116529939E-01 +2.228404169E-01
6.67000000000E+09 -5.399929452E-02 -4.342551759E-02 +1.781515792E-01 -6.368343047E-02 +4.069320417E-01 +1.371217412E-01
6.68000000000E+09 -5.558451944E-02 +5.097226620E-02 +1.427982874E-01 -1.233724353E-01 +3.328804053E-01 +7.382018481E-02
6.69000000000E+09 +4.843974795E-02 +6.381113981E-02 +8.004110493E-02 -1.170348882E-01 +2.373438567E-01 +8.245222499E-02
6.70000000000E+09 +6.693859925E-02 -4.410815605E-02 +6.391902137E-02 -7.328533243E-02 +1.910717179E-01 +1.639726804E-01
6.71000000000E+09 -3.507257830E-02 -6.778211304E-02 +7.398782108E-02 -5.917359969E-02 +2.214527141E-01 +2.398489993E-01
6.72000000000E+09 -6.843898706E-02 +2.345260317E-02 +5.537546824E-02 -5.430581296E-02 +2.826558911E-01 +2.656769082E-01
6.73000000000E+09 +1.052435892E-02 +6.940548389E-02 +3.187784177E-02 -7.765495016E-03 +3.406871811E-01 +2.454762449E-01
6.74000000000E+09 +7.003277981E-02 +2.514425103E-03 +6.241214264E-02 +5.902147178E-02 +3.708757514E-01 +2.023802754E-01
6.75000000000E+09 +1.532512752E-02 -7.021984300E-02 +1.397316872E-01 +7.511472265E-02 +3.659117082E-01 +1.514713123E-01
6.76000000000E+09 -7.010544250E-02 -2.653444380E-02 +1.881214133E-01 +2.313578887E-02 +3.231656001E-01 +1.201265192E-01
6.77000000000E+09 -3.544748520E-02 +6.843105659E-02 +1.665668661E-01 -2.824224654E-02 +2.761686189E-01 +1.304655793E-01
6.78000000000E+09 +6.378150281E-02 +4.192735508E-02 +1.300321234E-01 -2.547981512E-02 +2.663620658E-01 +1.789935017E-01
6.79000000000E+09 +4.862789817E-02 -5.558502498E-02 +1.300532564E-01 -1.157265214E-02 +3.019705585E-01 +2.082286706E-01
6.80000000000E+09 -4.580485890E-02 -5.581651310E-02 +1.290475054E-01 -3.103400389E-02 +3.443458534E-01 +1.949645991E-01
6.81000000000E+09 -6.356270965E-02 +3.591557582E-02 +8.314722950E-02 -4.708132880E-02 +3.574561400E-01 +1.476702833E-01
6.82000000000E+09 +2.677084712E-02 +7.029832945E-02 +2.660655749E-02 -4.844135797E-03 +3.338453706E-01 +1.089945425E-01
6.83000000000E+09 +7.519934468E-02 -1.834765977E-02 +2.931396166E-02 +7.157169307E-02 +2.853102965E-01 +9.996678545E-02
6.84000000000E+09 -1.060565014E-02 -7.719213140E-02 +8.412777510E-02 +1.029591758E-01 +2.412577537E-01 +1.297248444E-01
6.85000000000E+09 -7.594426294E-02 +2.528108283E-03 +1.142872497E-01 +8.045974136E-02 +2.337969841E-01 +1.855283467E-01
6.86000000000E+09 -6.562584840E-03 +7.163342627E-02 +1.037954405E-01 +7.048426940E-02 +2.742216106E-01 +2.403043378E-01
6.87000000000E+09 +6.572034628E-02 +1.768226648E-02 +1.092539376E-01 +8.797174622E-02 +3.449410314E-01 +2.495597870E-01
6.88000000000E+09 +2.978074222E-02 -5.925687961E-02 +1.442139091E-01 +7.947024394E-02 +4.066511954E-01 +2.089987784E-01
6.89000000000E+09 -5.327756133E-02 -4.232617207E-02 +1.536851113E-01 +2.306320683E-02 +4.210571108E-01 +1.308196331E-01
6.90000000000E+09 -5.386353689E-02 +4.804703959E-02 +9.625481627E-02 -2.719047111E-02 +3.839857177E-01 +6.075924931E-02
6.91000000000E+09 +4.389075271E-02 +6.331106971E-02 +1.538953433E-02 -6.615271849E-03 +3.055871671E-01 +3.472740204E-02
6.92000000000E+09 +6.890762427E-02 -3.948982394E-02 -9.873700660E-03 +5.953377748E-02 +2.317135278E-01 +6.900436932E-02
6.93000000000E+09 -3.339812967E-02 -7.088076952E-02 +1.216854266E-02 +9.312169519E-02 +2.021274337E-01 +1.438293522E-01
6.94000000000E+09 -7.013714668E-02 +2.457387383E-02 +1.637047266E-02 +9.628728777E-02 +2.341653360E-01 +2.195226136E-01
6.95000000000E+09 +1.294991861E-02 +6.865505244E-02 +9.730600374E-03 +1.217869338E-01 +3.036026237E-01 +2.533028844E-01
6.96000000000E+09 +6.693077117E-02 +1.240980512E-04 +4.357515092E-02 +1.557502096E-01 +3.752745510E-01 +2.367324186E-01
6.97000000000E+09 +1.349174761E-02 -6.566148235E-02 +1.078868698E-01 +1.368323861E-01 +4.127955046E-01 +1.800214950E-01
6.98000000000E+09 -6.427950786E-02 -2.621530116E-02 +1.299396701E-01 +5.507804479E-02 +4.106056288E-01 +1.160111162E-01
6.99000000000E+09 -3.725331505E-02 +6.281736956E-02 +6.952971985E-02 -1.588012249E-02 +3.712607903E-01 +7.609020818E-02
7.00000000000E+09 +6.014559296E-02 +4.625411301E-02 -1.412235767E-02 -1.005835701E-02 +3.225480437E-01 +7.006296396E-02

[Channel0\Trace0\Marker0]
Enabled=1
Position=0.2

[Channel0\Trace1]
ReferencePosition[0]=1

[Channel0\Trace1\Marker0]
Enabled=1
Position=0.2

[Channel0\Trace2]
SPort=0
FormatType=2

[Channel0\Trace2\Marker0]
Enabled=1
Position=0.2

[Channel0\Trace3]
SPort=0
FormatType=2

[Channel0\Trace3\Marker0]
Enabled=1
Position=0.2

