[NWA State]
TriggerSource=3

[Channel0]
Points=501
FrequencyStart=2000000000
FrequencyStop=7000000000
FixedPower[0]=5
FixedPower[1]=5
IFBW=1000
CorrectionEnabled=1
TraceCount=4

[Channel0\Correction\11]
Calyyyymmdd=2022/03/26
Calhhmmss=14:49:11
VNATemperature=37.2 °C
Type=3
KitLabel=ACM2509.2
KitDescription=AutoCal Module 20 kHz-9 GHz (CMT), SN: 19039185, Char: Factory, 24.8°C, ThermoComp: ON
CalIFBW=1 kHz
CalPower=5 dBm
CalPorts[0]=0
CalPorts[1]=0

[Channel0\Correction\11\Data]
2.00000000000E+09 +1.681515994E-01 +1.037384134E-01 -1.272713039E-02 +3.460868817E-02 -1.706076076E-01 -2.111158498E-02
2.01000000000E+09 +1.372294323E-01 -1.366793389E-01 +9.998821473E-03 -6.873249855E-03 -2.192484499E-01 -2.521458583E-02
2.02000000000E+09 -9.663529725E-02 -1.642193159E-01 -1.370020029E-02 -2.040804094E-02 -2.552370205E-01 +1.320823682E-02
2.03000000000E+09 -1.833787699E-01 +5.142306488E-02 -1.574938623E-02 +9.149841071E-03 -2.488128017E-01 +6.567765576E-02
2.04000000000E+09 +4.810894764E-03 +1.931298941E-01 +3.065027238E-02 +1.917454101E-02 -2.063571908E-01 +9.338118954E-02
2.05000000000E+09 +1.916694943E-01 +4.069600450E-02 +6.578323012E-02 -3.181355493E-02 -1.617989155E-01 +8.335029641E-02
2.06000000000E+09 +8.286134992E-02 -1.789384279E-01 +3.014428129E-02 -9.021126613E-02 -1.388535638E-01 +5.108726651E-02
2.07000000000E+09 -1.557480026E-01 -1.198507071E-01 -3.723914369E-02 -7.966598987E-02 -1.406536846E-01 +1.231364596E-02
2.08000000000E+09 -1.489982088E-01 +1.240077007E-01 -4.979697384E-02 -1.741205309E-02 -1.688737370E-01 -2.341367712E-02
2.09000000000E+09 +8.441148973E-02 +1.690090643E-01 -6.697086512E-04 +9.289996083E-03 -2.240902913E-01 -3.448012338E-02
2.10000000000E+09 +1.790616893E-01 -3.868655834E-02 +3.077772113E-02 -2.707486848E-02 -2.806951331E-01 +9.875672331E-04
2.11000000000E+09 +1.037615806E-02 -1.799838939E-01 +8.693150141E-04 -6.108197700E-02 -2.985936704E-01 +7.451941105E-02
2.12000000000E+09 -1.720848913E-01 -5.880366047E-02 -4.215754157E-02 -3.648674248E-02 -2.591772986E-01 +1.442155670E-01
2.13000000000E+09 -1.031123687E-01 +1.561713132E-01 -3.203920623E-02 +1.744362245E-02 -1.821670285E-01 +1.699116012E-01
2.14000000000E+09 +1.321823453E-01 +1.400662011E-01 +2.139528214E-02 +2.806971819E-02 -1.088961545E-01 +1.407514238E-01
2.15000000000E+09 +1.677014101E-01 -1.011513934E-01 +4.383426559E-02 -1.248404478E-02 -6.985401283E-02 +7.512510568E-02
2.16000000000E+09 -6.437441897E-02 -1.844296959E-01 +1.308404369E-02 -3.268898676E-02 -7.557092758E-02 -2.335946857E-03
2.17000000000E+09 -1.894255479E-01 +2.410662885E-02 -3.899714473E-03 +8.388984961E-04 -1.291120804E-01 -6.621214133E-02
2.18000000000E+09 -1.864198381E-02 +1.821642669E-01 +3.659986328E-02 +2.626826368E-02 -2.180519907E-01 -8.231909376E-02
2.19000000000E+09 +1.642388379E-01 +6.175084151E-02 +8.078130530E-02 -1.151243917E-02 -2.987461459E-01 -3.334138542E-02
2.20000000000E+09 +1.027378753E-01 -1.376681578E-01 +6.143813579E-02 -7.424509678E-02 -3.275541378E-01 +5.687012590E-02
2.21000000000E+09 -1.048106705E-01 -1.382303317E-01 -7.428526355E-03 -8.611227428E-02 -2.926056487E-01 +1.395665093E-01
2.22000000000E+09 -1.658540541E-01 +6.750734264E-02 -4.947615865E-02 -3.233461179E-02 -2.198041395E-01 +1.775557207E-01
2.23000000000E+09 +2.755201431E-02 +1.832135496E-01 -2.457141582E-02 +1.982924518E-02 -1.465898977E-01 +1.643921107E-01
2.24000000000E+09 +1.895920931E-01 +1.333756758E-02 +1.418379691E-02 +1.396413467E-02 -9.728946745E-02 +1.154644111E-01
2.25000000000E+09 +5.266724848E-02 -1.844009472E-01 +2.682414442E-03 -1.038077447E-02 -8.393281695E-02 +4.673119735E-02
2.26000000000E+09 -1.676991189E-01 -8.813897090E-02 -2.933677270E-02 +1.566343436E-02 -1.196040125E-01 -1.865848233E-02
2.27000000000E+09 -1.185532193E-01 +1.393053988E-01 -7.158874971E-03 +7.160253894E-02 -1.960927544E-01 -4.131633797E-02
2.28000000000E+09 +1.017219208E-01 +1.436484772E-01 +6.291761655E-02 +7.773882031E-02 -2.670799564E-01 -8.771265047E-04
2.29000000000E+09 +1.624435116E-01 -5.820775645E-02 +1.030748473E-01 +1.868389909E-02 -2.864201821E-01 +7.474917908E-02
2.30000000000E+09 -1.275517307E-02 -1.737377838E-01 +7.409843540E-02 -4.000526650E-02 -2.495646150E-01 +1.361035362E-01
2.31000000000E+09 -1.758748786E-01 -3.227030593E-02 +2.167922040E-02 -4.125239079E-02 -1.878036020E-01 +1.532539299E-01
2.32000000000E+09 -7.407349509E-02 +1.679238847E-01 +1.024704792E-02 -1.106019666E-02 -1.361615387E-01 +1.325084062E-01
2.33000000000E+09 +1.502314291E-01 +1.112509619E-01 +2.696700912E-02 -1.495134794E-02 -1.047789167E-01 +9.113329551E-02
2.34000000000E+09 +1.409881335E-01 -1.244848824E-01 +4.191489506E-03 -4.741806042E-02 -9.875211934E-02 +3.499774769E-02
2.35000000000E+09 -9.163025417E-02 -1.612852436E-01 -6.124388537E-02 -3.355291547E-02 -1.346339842E-01 -2.159122434E-02
2.36000000000E+09 -1.707859042E-01 +5.212820471E-02 -8.735871559E-02 +4.572052858E-02 -2.095263253E-01 -4.080002569E-02
2.37000000000E+09 +7.804656458E-03 +1.709436270E-01 -3.276140557E-02 +1.117259101E-01 -2.786321171E-01 -1.000801934E-03
2.38000000000E+09 +1.627299788E-01 +3.774250634E-02 +4.307432642E-02 +1.019070336E-01 -2.987139296E-01 +7.055459475E-02
2.39000000000E+09 +8.091716580E-02 -1.470804148E-01 +6.644915718E-02 +4.656673374E-02 -2.696162487E-01 +1.279046820E-01
2.40000000000E+09 -1.231416762E-01 -1.187951191E-01 +3.988209092E-02 +1.853108027E-02 -2.223155600E-01 +1.521896210E-01
2.41000000000E+09 -1.486398365E-01 +9.253020645E-02 +2.927653860E-02 +3.252902481E-02 -1.806153513E-01 +1.524740500E-01
2.42000000000E+09 +5.630368511E-02 +1.701285516E-01 +5.949672904E-02 +2.754835464E-02 -1.417820724E-01 +1.392903703E-01
2.43000000000E+09 +1.824315727E-01 -1.799579580E-02 +6.899151183E-02 -3.249934327E-02 -1.094808285E-01 +1.012176375E-01
2.44000000000E+09 +1.989837584E-02 -1.834592825E-01 +2.678247634E-03 -8.681434329E-02 -1.116913296E-01 +4.090914535E-02
2.45000000000E+09 -1.719111723E-01 -5.597195161E-02 -8.903649598E-02 -5.820590587E-02 -1.612607601E-01 -1.386117134E-03
2.46000000000E+09 -9.061687704E-02 +1.492274712E-01 -1.157921926E-01 +2.565689690E-02 -2.199107083E-01 +6.715183345E-03
2.47000000000E+09 +1.187233567E-01 +1.217607074E-01 -7.707530175E-02 +7.816333001E-02 -2.452044305E-01 +4.465596460E-02
2.48000000000E+09 +1.466201866E-01 -8.287119174E-02 -4.357569222E-02 +7.750427001E-02 -2.386075542E-01 +7.391545520E-02
2.49000000000E+09 -4.346729491E-02 -1.620973273E-01 -4.617900502E-02 +7.903818063E-02 -2.319761296E-01 +8.525107170E-02
2.50000000000E+09 -1.678993433E-01 +1.253179958E-03 -3.440828197E-02 +1.173233920E-01 -2.336370705E-01 +9.839545167E-02
2.51000000000E+09 -4.169842004E-02 +1.640333458E-01 +3.744471255E-02 +1.399971651E-01 -2.252694867E-01 +1.188300029E-01
2.52000000000E+09 +1.525271564E-01 +8.180577308E-02 +1.224337585E-01 +7.706031406E-02 -2.005473015E-01 +1.239830928E-01
2.53000000000E+09 +1.155171459E-01 -1.331850144E-01 +1.222003454E-01 -4.898769234E-02 -1.868496289E-01 +1.033790912E-01
2.54000000000E+09 -1.053818118E-01 -1.405877548E-01 +1.902126148E-02 -1.261524527E-01 -2.031883877E-01 +8.586831209E-02
2.55000000000E+09 -1.574659618E-01 +6.911600649E-02 -8.830053010E-02 -9.829788689E-02 -2.232301816E-01 +1.005435238E-01
2.56000000000E+09 +2.792340655E-02 +1.668572282E-01 -1.246867578E-01 -2.977642953E-02 -2.124097316E-01 +1.293038724E-01
2.57000000000E+09 +1.681358715E-01 +1.431554896E-02 -1.203262196E-01 +8.539125196E-03 -1.801011131E-01 +1.349703760E-01
2.58000000000E+09 +5.435698547E-02 -1.602255756E-01 -1.320662522E-01 +3.113702489E-02 -1.626527749E-01 +1.128517559E-01
2.59000000000E+09 -1.422483372E-01 -9.141443812E-02 -1.432087730E-01 +9.010574073E-02 -1.702460001E-01 +9.123213302E-02
2.60000000000E+09 -1.233301728E-01 +1.161308716E-01 -8.845264538E-02 +1.675141720E-01 -1.817704785E-01 +8.428939247E-02
2.61000000000E+09 +8.517396935E-02 +1.489364092E-01 +3.277772924E-02 +1.765173830E-01 -1.879613280E-01 +7.330951226E-02
2.62000000000E+09 +1.647224671E-01 -5.103082895E-02 +1.237152204E-01 +7.649072941E-02 -2.092442251E-01 +5.386528782E-02
2.63000000000E+09 -1.387376585E-02 -1.686637000E-01 +1.015552208E-01 -5.116860832E-02 -2.546774401E-01 +5.771757746E-02
2.64000000000E+09 -1.614025975E-01 -2.587324481E-02 +1.176057780E-02 -1.027504423E-01 -2.883124318E-01 +1.058260226E-01
2.65000000000E+09 -6.573332476E-02 +1.458099595E-01 -5.029133202E-02 -8.534318406E-02 -2.754642434E-01 +1.689512378E-01
2.66000000000E+09 +1.234400108E-01 +1.020231168E-01 -6.937106053E-02 -7.131011458E-02 -2.255459559E-01 +2.039666700E-01
2.67000000000E+09 +1.318842888E-01 -9.513441211E-02 -1.017896550E-01 -8.034658539E-02 -1.757355592E-01 +1.970895275E-01
2.68000000000E+09 -6.090271554E-02 -1.531122134E-01 -1.684164923E-01 -5.474753140E-02 -1.464129352E-01 +1.699621059E-01
2.69000000000E+09 -1.657633546E-01 +2.350760719E-02 -2.025409703E-01 +4.124606654E-02 -1.326642084E-01 +1.365120430E-01
2.70000000000E+09 -1.456490825E-02 +1.702844342E-01 -1.374927997E-01 +1.434913381E-01 -1.328055697E-01 +9.188249480E-02
2.71000000000E+09 +1.646259038E-01 +4.976458979E-02 -1.223574749E-02 +1.532883669E-01 -1.677603496E-01 +4.703451666E-02
2.72000000000E+09 +8.101085439E-02 -1.472362239E-01 +6.171282325E-02 +7.024386841E-02 -2.371394597E-01 +4.332041552E-02
2.73000000000E+09 -1.194514354E-01 -1.086045327E-01 +5.041838891E-02 -7.965900189E-03 -2.929566308E-01 +9.902710029E-02
2.74000000000E+09 -1.324630447E-01 +8.462545598E-02 +2.252071215E-02 -3.324131709E-02 -2.918774987E-01 +1.770286117E-01
2.75000000000E+09 +4.601565627E-02 +1.501472577E-01 +2.388027646E-02 -5.111298623E-02 -2.412219590E-01 +2.288377960E-01
2.76000000000E+09 +1.597412168E-01 -5.957282757E-03 +1.552482291E-02 -1.047368032E-01 -1.759935060E-01 +2.342800848E-01
2.77000000000E+09 +3.348334751E-02 -1.597089434E-01 -5.624416434E-02 -1.532612992E-01 -1.256642442E-01 +2.038223282E-01
2.78000000000E+09 -1.514550959E-01 -7.051145675E-02 -1.584409411E-01 -1.198244750E-01 -9.787169968E-02 +1.499092989E-01
2.79000000000E+09 -1.027827416E-01 +1.353165956E-01 -1.933017093E-01 -1.035924325E-02 -1.041716018E-01 +8.149454170E-02
2.80000000000E+09 +1.115778035E-01 +1.266393979E-01 -1.281756336E-01 +7.399918496E-02 -1.635272863E-01 +2.651731914E-02
2.81000000000E+09 +1.413295705E-01 -7.970052792E-02 -4.662454524E-02 +6.997952830E-02 -2.571240938E-01 +3.119396388E-02
2.82000000000E+09 -4.107955588E-02 -1.484345684E-01 -2.197784747E-02 +3.365723184E-02 -3.258265879E-01 +1.022051069E-01
2.83000000000E+09 -1.487101913E-01 -1.241105393E-03 -2.093067927E-02 +3.235881949E-02 -3.283601828E-01 +1.980698989E-01
2.84000000000E+09 -4.316399496E-02 +1.418292305E-01 +1.785533732E-02 +4.473919211E-02 -2.738508555E-01 +2.687367642E-01
2.85000000000E+09 +1.276205459E-01 +8.205396216E-02 +8.179697793E-02 +4.028240283E-03 -1.936156092E-01 +2.929190942E-01
2.86000000000E+09 +1.155321236E-01 -1.064533461E-01 +9.113853572E-02 -9.519215921E-02 -1.165494341E-01 +2.703109320E-01
2.87000000000E+09 -8.007030627E-02 -1.426613236E-01 +8.996946768E-03 -1.676861132E-01 -6.140617982E-02 +2.072915622E-01
2.88000000000E+09 -1.607606858E-01 +5.029157229E-02 -9.251907137E-02 -1.418206968E-01 -5.491178002E-02 +1.179031663E-01
2.89000000000E+09 +1.910842259E-02 +1.675115981E-01 -1.196364190E-01 -6.124823282E-02 -1.164359189E-01 +4.161731459E-02
2.90000000000E+09 +1.621025529E-01 +1.407495019E-02 -8.715130794E-02 -2.059781625E-02 -2.196341514E-01 +3.213519985E-02
2.91000000000E+09 +4.898265737E-02 -1.467415413E-01 -7.595733047E-02 -2.147263975E-02 -2.976148130E-01 +9.294341284E-02
2.92000000000E+09 -1.236907643E-01 -8.298117213E-02 -9.239783864E-02 +4.350643533E-03 -3.129364986E-01 +1.805317809E-01
2.93000000000E+09 -1.128117007E-01 +9.504686210E-02 -6.953268671E-02 +6.845378288E-02 -2.742792130E-01 +2.487912674E-01
2.94000000000E+09 +6.180485455E-02 +1.361877806E-01 +2.190816299E-02 +9.884335606E-02 -2.101400824E-01 +2.808932252E-01
2.95000000000E+09 +1.516858802E-01 -2.578047230E-02 +1.134780599E-01 +3.561953761E-02 -1.444531989E-01 +2.736617080E-01
2.96000000000E+09 +1.127074888E-02 -1.592045449E-01 +1.145902053E-01 -7.559396072E-02 -9.447502428E-02 +2.295338646E-01
2.97000000000E+09 -1.576013028E-01 -4.592842246E-02 +3.336703967E-02 -1.287321884E-01 -8.669751673E-02 +1.606049517E-01
2.98000000000E+09 -7.606188675E-02 +1.460770125E-01 -2.917557330E-02 -9.589897261E-02 -1.346646384E-01 +1.064466199E-01
2.99000000000E+09 +1.237617489E-01 +1.014719037E-01 -2.494986339E-02 -5.987807032E-02 -2.095719586E-01 +1.068276041E-01
3.00000000000E+09 +1.279919802E-01 -8.543589799E-02 -1.435439657E-02 -7.362630990E-02 -2.566641724E-01 +1.584383999E-01
3.01000000000E+09 -4.721963652E-02 -1.418799786E-01 -5.726658409E-02 -8.431659766E-02 -2.543518805E-01 +2.220614078E-01
3.02000000000E+09 -1.484551888E-01 +7.027358569E-03 -1.083155789E-01 -3.015822911E-02 -2.150833038E-01 +2.664579442E-01
3.03000000000E+09 -3.252967216E-02 +1.463180630E-01 -8.824362039E-02 +6.250147383E-02 -1.628641298E-01 +2.836456851E-01
3.04000000000E+09 +1.364980577E-01 +6.939657143E-02 +4.411732038E-03 +1.012340979E-01 -1.105233979E-01 +2.707867602E-01
3.05000000000E+09 +1.018970164E-01 -1.203098437E-01 +7.950871126E-02 +5.001701547E-02 -7.273032098E-02 +2.254178350E-01
3.06000000000E+09 -9.938834430E-02 -1.272526861E-01 +7.248790759E-02 -1.843458539E-02 -7.491185012E-02 +1.593451606E-01
3.07000000000E+09 -1.437373555E-01 +7.339111125E-02 +3.350902402E-02 -2.575618886E-02 -1.275476024E-01 +1.133952416E-01
3.08000000000E+09 +4.212307388E-02 +1.511476430E-01 +4.147702186E-02 -5.506535254E-03 -1.955439717E-01 +1.204817913E-01
3.09000000000E+09 +1.514684724E-01 -6.872394774E-03 +7.152429656E-02 -3.418460799E-02 -2.338453065E-01 +1.681587211E-01
3.10000000000E+09 +2.960485265E-02 -1.450654047E-01 +4.434831746E-02 -9.557043436E-02 -2.330695303E-01 +2.195875670E-01
3.11000000000E+09 -1.316307419E-01 -6.405169864E-02 -4.202670326E-02 -1.029286132E-01 -2.117257949E-01 +2.578308823E-01
3.12000000000E+09 -9.442802350E-02 +1.104170889E-01 -9.857111204E-02 -2.667639554E-02 -1.826826056E-01 +2.844604857E-01
3.13000000000E+09 +8.292805639E-02 +1.199009780E-01 -6.634398146E-02 +5.664188498E-02 -1.423902665E-01 +2.971903230E-01
3.14000000000E+09 +1.394199178E-01 -5.068454054E-02 +4.172678391E-03 +6.710140907E-02 -9.681703682E-02 +2.828036259E-01
3.15000000000E+09 -1.666316014E-02 -1.513128704E-01 +2.593541442E-02 +2.494288543E-02 -7.120669066E-02 +2.413565555E-01
3.16000000000E+09 -1.532584205E-01 -1.762554613E-02 -5.307885369E-03 +1.500432912E-02 -8.189548024E-02 +2.009935115E-01
3.17000000000E+09 -5.100208206E-02 +1.449716152E-01 -9.921672554E-03 +5.724992406E-02 -1.096295367E-01 +1.896938896E-01
3.18000000000E+09 +1.279108766E-01 +8.310831084E-02 +4.478320410E-02 +7.711470294E-02 -1.226884037E-01 +1.972851411E-01
3.19000000000E+09 +1.109371220E-01 -1.046427994E-01 +9.186942140E-02 +2.624908566E-02 -1.240097033E-01 +1.985797447E-01
3.20000000000E+09 -7.641709235E-02 -1.319616463E-01 +6.490605484E-02 -4.194826546E-02 -1.351036084E-01 +1.936770134E-01
3.21000000000E+09 -1.439665663E-01 +4.414988377E-02 -2.694508603E-03 -4.759482583E-02 -1.561286981E-01 +2.040706105E-01
3.22000000000E+09 +8.429361044E-03 +1.478853811E-01 -2.770905325E-02 -2.624191109E-03 -1.608323930E-01 +2.313988197E-01
3.23000000000E+09 +1.441446812E-01 +2.801081175E-02 -3.596458825E-03 +1.492891170E-02 -1.415458853E-01 +2.504166003E-01
3.24000000000E+09 +6.208879563E-02 -1.331697807E-01 -2.266135841E-03 -1.565779155E-02 -1.224919912E-01 +2.487942271E-01
3.25000000000E+09 -1.139978737E-01 -9.101782873E-02 -5.873992899E-02 -2.525527395E-02 -1.207044632E-01 +2.453286266E-01
3.26000000000E+09 -1.144260633E-01 +8.722185496E-02 -1.075384891E-01 +3.924568124E-02 -1.201311769E-01 +2.571369530E-01
3.27000000000E+09 +5.426654045E-02 +1.320217909E-01 -7.505838120E-02 +1.266510439E-01 -9.927704195E-02 +2.709539903E-01
3.28000000000E+09 +1.433721089E-01 -1.884278436E-02 +1.681352719E-02 +1.487879394E-01 -7.018611573E-02 +2.617552315E-01
3.29000000000E+09 +1.650756501E-02 -1.469346000E-01 +7.971916757E-02 +9.105522697E-02 -6.104432846E-02 +2.329239035E-01
3.30000000000E+09 -1.414338469E-01 -4.959051133E-02 +6.989669817E-02 +2.625054050E-02 -7.470487223E-02 +2.145087765E-01
3.31000000000E+09 -8.052872550E-02 +1.269505697E-01 +3.863833972E-02 +9.315019450E-03 -8.280357899E-02 +2.180333012E-01
3.32000000000E+09 +1.055056913E-01 +1.077133476E-01 +3.809471790E-02 +3.747240666E-03 -7.387972723E-02 +2.182476144E-01
3.33000000000E+09 +1.291117819E-01 -7.915046328E-02 +3.441632308E-02 -3.977763086E-02 -7.144654038E-02 +1.996176496E-01
3.34000000000E+09 -4.895770972E-02 -1.415615275E-01 -3.132934986E-02 -8.519166839E-02 -9.587632033E-02 +1.856232911E-01
3.35000000000E+09 -1.449111120E-01 +1.508484287E-02 -1.297936898E-01 -5.426958730E-02 -1.253410741E-01 +2.010187238E-01
3.36000000000E+09 -2.084480151E-02 +1.398703567E-01 -1.686957033E-01 +4.828523379E-02 -1.302299388E-01 +2.330973452E-01
3.37000000000E+09 +1.285338930E-01 +5.604519347E-02 -1.169093338E-01 +1.359434326E-01 -1.142426552E-01 +2.522937844E-01
3.38000000000E+09 +8.732896127E-02 -1.104206307E-01 -3.534273092E-02 +1.477754780E-01 -9.995010405E-02 +2.552133768E-01
3.39000000000E+09 -8.617607533E-02 -1.124875807E-01 +5.234876055E-03 +1.121111840E-01 -9.302968743E-02 +2.620908267E-01
3.40000000000E+09 -1.315210589E-01 +5.617374691E-02 +1.147938356E-02 +9.260910010E-02 -7.045193760E-02 +2.761609960E-01
3.41000000000E+09 +2.260517651E-02 +1.441685816E-01 +3.792513664E-02 +8.812204082E-02 -3.249374862E-02 +2.710170750E-01
3.42000000000E+09 +1.494476318E-01 +1.137579609E-02 +8.341287078E-02 +4.055938931E-02 -8.145862616E-03 +2.314080558E-01
3.43000000000E+09 +4.233045093E-02 -1.457132555E-01 +7.404087587E-02 -5.922178287E-02 -2.765769457E-02 +1.852437029E-01
3.44000000000E+09 -1.319448350E-01 -7.040444833E-02 -2.548622531E-02 -1.256126090E-01 -7.273950898E-02 +1.734899458E-01
3.45000000000E+09 -9.525022396E-02 +1.090559399E-01 -1.395928808E-01 -9.118647446E-02 -1.040588727E-01 +1.982178345E-01
3.46000000000E+09 +8.007166755E-02 +1.160806566E-01 -1.816660970E-01 +2.059095537E-03 -1.077741754E-01 +2.283271157E-01
3.47000000000E+09 +1.305317027E-01 -4.707971955E-02 -1.544417153E-01 +7.126482260E-02 -9.667454441E-02 +2.528256676E-01
3.48000000000E+09 -1.205129462E-02 -1.377154914E-01 -1.192014557E-01 +9.453301514E-02 -7.684214642E-02 +2.739774773E-01
3.49000000000E+09 -1.375094162E-01 -2.449861986E-02 -1.009966164E-01 +1.134223044E-01 -3.707665365E-02 +2.889031549E-01
3.50000000000E+09 -6.045009277E-02 +1.303035855E-01 -6.171959038E-02 +1.477175343E-01 +1.392959325E-02 +2.716800751E-01
3.51000000000E+09 +1.171900937E-01 +9.248555188E-02 +2.452348652E-02 +1.488392404E-01 +4.195383042E-02 +2.121749003E-01
3.52000000000E+09 +1.172589918E-01 -9.930140865E-02 +1.020423801E-01 +6.522967004E-02 +1.299106468E-02 +1.409427554E-01
3.53000000000E+09 -7.516276241E-02 -1.332709675E-01 +8.667333836E-02 -5.932315322E-02 -5.798195602E-02 +1.129596789E-01
3.54000000000E+09 -1.407513060E-01 +4.500842194E-02 -9.363927723E-03 -1.236480199E-01 -1.226816967E-01 +1.430096211E-01
3.55000000000E+09 +1.078537664E-02 +1.408686070E-01 -9.619508543E-02 -1.053978796E-01 -1.491303079E-01 +2.007191303E-01
3.56000000000E+09 +1.335544675E-01 +2.400586166E-02 -1.326119643E-01 -6.485380237E-02 -1.411775664E-01 +2.606433045E-01
3.57000000000E+09 +5.756490123E-02 -1.195006816E-01 -1.527635368E-01 -4.124457648E-02 -1.030051458E-01 +3.095062151E-01
3.58000000000E+09 -9.845388425E-02 -8.851247252E-02 -1.868859859E-01 -8.011929722E-03 -3.859968661E-02 +3.358930895E-01
3.59000000000E+09 -1.149861741E-01 +7.195622551E-02 -2.032065929E-01 +6.861718349E-02 +3.545262016E-02 +3.188720772E-01
3.60000000000E+09 +4.252303551E-02 +1.354466561E-01 -1.460103066E-01 +1.585151841E-01 +8.485137383E-02 +2.517418043E-01
3.61000000000E+09 +1.485140524E-01 -1.263465642E-02 -2.148991245E-02 +1.799731164E-01 +7.950605684E-02 +1.610911267E-01
3.62000000000E+09 +1.677173184E-02 -1.516948428E-01 +8.056769752E-02 +9.880878155E-02 +1.978786210E-02 +1.009572015E-01
3.63000000000E+09 -1.445836971E-01 -4.517345155E-02 +9.136959806E-02 -1.541508809E-02 -5.697289263E-02 +9.911768599E-02
3.64000000000E+09 -7.235414637E-02 +1.280049018E-01 +4.444591689E-02 -8.628522102E-02 -1.100828384E-01 +1.412046517E-01
3.65000000000E+09 +1.042947520E-01 +9.645941990E-02 -2.438232633E-03 -1.203295896E-01 -1.263935240E-01 +1.980783195E-01
3.66000000000E+09 +1.166308038E-01 -7.487912974E-02 -5.318340945E-02 -1.515434916E-01 -1.074732072E-01 +2.513724544E-01
3.67000000000E+09 -4.120710531E-02 -1.308126136E-01 -1.370835678E-01 -1.619678107E-01 -6.326177657E-02 +2.825084309E-01
3.68000000000E+09 -1.384270924E-01 +5.808681342E-03 -2.305790504E-01 -1.024265971E-01 -1.193119391E-02 +2.778057473E-01
3.69000000000E+09 -2.894346534E-02 +1.391797670E-01 -2.580563498E-01 +2.492577742E-02 +2.172216911E-02 +2.370723923E-01
3.70000000000E+09 +1.328248810E-01 +6.101175666E-02 -1.781545879E-01 +1.381075171E-01 +2.182538486E-02 +1.846323037E-01
3.71000000000E+09 +8.821527650E-02 -1.186289584E-01 -4.830576641E-02 +1.557993827E-01 -1.315459177E-02 +1.551583441E-01
3.72000000000E+09 -9.733027537E-02 -1.102501557E-01 +3.854676492E-02 +9.351223583E-02 -5.679476431E-02 +1.619680997E-01
3.73000000000E+09 -1.263595348E-01 +6.932520418E-02 +6.600843610E-02 +2.453855130E-02 -8.301381891E-02 +1.956854991E-01
3.74000000000E+09 +3.692947670E-02 +1.361420214E-01 +7.839493473E-02 -2.949208232E-02 -7.945785673E-02 +2.349327001E-01
3.75000000000E+09 +1.390326348E-01 -1.993730067E-03 +8.349875719E-02 -1.004210991E-01 -4.978418489E-02 +2.646395896E-01
3.76000000000E+09 +3.302514977E-02 -1.348485157E-01 +3.755537278E-02 -1.880025087E-01 -9.170497680E-03 +2.687529492E-01
3.77000000000E+09 -1.239927470E-01 -6.603156175E-02 -7.574810132E-02 -2.294445784E-01 +2.541917031E-02 +2.436614872E-01
3.78000000000E+09 -9.490535935E-02 +1.070363677E-01 -1.931111169E-01 -1.716733335E-01 +3.988618432E-02 +2.000927302E-01
3.79000000000E+09 +8.442844872E-02 +1.178890536E-01 -2.294250157E-01 -4.937754810E-02 +2.650597628E-02 +1.598791416E-01
3.80000000000E+09 +1.335468077E-01 -5.764064489E-02 -1.766131536E-01 +4.746030067E-02 -1.036865905E-02 +1.385368880E-01
3.81000000000E+09 -2.734535678E-02 -1.419269170E-01 -1.010355769E-01 +8.085238152E-02 -5.357794000E-02 +1.446405621E-01
3.82000000000E+09 -1.417800766E-01 -5.121040580E-03 -4.222507654E-02 +8.679450651E-02 -8.654323605E-02 +1.738454428E-01
3.83000000000E+09 -3.760987622E-02 +1.337917157E-01 +2.365296226E-02 +8.777149375E-02 -9.361011317E-02 +2.144341433E-01
3.84000000000E+09 +1.186147276E-01 +6.836978967E-02 +1.089144498E-01 +4.867541830E-02 -7.435999404E-02 +2.518393446E-01
3.85000000000E+09 +9.558257494E-02 -9.739455387E-02 +1.618645936E-01 -5.801410670E-02 -4.036258330E-02 +2.676866763E-01
3.86000000000E+09 -7.119814498E-02 -1.172263274E-01 +1.206760223E-01 -1.841159660E-01 -6.143422212E-03 +2.619384290E-01
3.87000000000E+09 -1.319415585E-01 +4.162461361E-02 +7.750490275E-04 -2.396504320E-01 +1.723758478E-02 +2.443999376E-01
3.88000000000E+09 +9.945525166E-03 +1.387157943E-01 -1.085327512E-01 -1.945281934E-01 +2.968102536E-02 +2.242246373E-01
3.89000000000E+09 +1.381860702E-01 +2.196840796E-02 -1.459521430E-01 -1.086800973E-01 +3.158327986E-02 +2.015885269E-01
3.90000000000E+09 +5.319701802E-02 -1.299704667E-01 -1.354485381E-01 -4.526899131E-02 +1.882764319E-02 +1.789764385E-01
3.91000000000E+09 -1.142891361E-01 -8.072480556E-02 -1.217894315E-01 +1.809260285E-03 -7.150022413E-03 +1.658130020E-01
3.92000000000E+09 -1.036337447E-01 +9.216223429E-02 -9.332070682E-02 +6.312162093E-02 -3.138917685E-02 +1.724385017E-01
3.93000000000E+09 +6.476618860E-02 +1.210738197E-01 -1.258981130E-02 +1.149007209E-01 -4.138767630E-02 +1.931891079E-01
3.94000000000E+09 +1.323222717E-01 -3.368948398E-02 +1.010277384E-01 +9.704078696E-02 -3.572529544E-02 +2.119446499E-01
3.95000000000E+09 -1.176440715E-03 -1.363590004E-01 +1.710728817E-01 +9.053866038E-04 -2.393667452E-02 +2.217102246E-01
3.96000000000E+09 -1.328944659E-01 -3.085560397E-02 +1.518928269E-01 -1.049919667E-01 -1.070013733E-02 +2.263155643E-01
3.97000000000E+09 -6.090574566E-02 +1.222701427E-01 +8.228004614E-02 -1.528771434E-01 +4.501544557E-03 +2.276243144E-01
3.98000000000E+09 +1.053139758E-01 +8.813353961E-02 +2.660170513E-02 -1.501237698E-01 +1.848586086E-02 +2.164466853E-01
3.99000000000E+09 +1.101923433E-01 -8.256272370E-02 -8.903869893E-03 -1.432065417E-01 +1.878841119E-02 +1.916094635E-01
4.00000000000E+09 -5.620138890E-02 -1.254922297E-01 -5.997156322E-02 -1.328505864E-01 -1.466255200E-03 +1.705636668E-01
4.01000000000E+09 -1.331525813E-01 +2.666255309E-02 -1.197347943E-01 -7.512978136E-02 -2.995271604E-02 +1.772217886E-01
4.02000000000E+09 -4.759838692E-03 +1.328751197E-01 -1.263155013E-01 +3.195315215E-02 -4.306509807E-02 +2.085656879E-01
4.03000000000E+09 +1.251926802E-01 +3.658638776E-02 -4.948850165E-02 +1.203095394E-01 -2.999571752E-02 +2.416100807E-01
4.04000000000E+09 +6.644283819E-02 -1.109175057E-01 +6.111813573E-02 +1.292822366E-01 +3.377761112E-03 +2.578363537E-01
4.05000000000E+09 -9.092841674E-02 -9.271172749E-02 +1.327971454E-01 +7.237826768E-02 +4.205100750E-02 +2.530854144E-01
4.06000000000E+09 -1.140012660E-01 +6.618308378E-02 +1.476186374E-01 +9.527616475E-03 +7.472350307E-02 +2.264185296E-01
4.07000000000E+09 +3.802083490E-02 +1.291997602E-01 +1.422920739E-01 -3.131214541E-02 +8.823491172E-02 +1.767402079E-01
4.08000000000E+09 +1.370260677E-01 -8.927756626E-03 +1.359963506E-01 -7.428068458E-02 +6.687479719E-02 +1.155896825E-01
4.09000000000E+09 +1.915265197E-02 -1.372295961E-01 +9.697938385E-02 -1.298785415E-01 +4.364384540E-03 +7.773962869E-02
4.10000000000E+09 -1.283459078E-01 -4.529932208E-02 +7.184743075E-03 -1.497161679E-01 -7.544115285E-02 +9.774527967E-02
4.11000000000E+09 -6.880686244E-02 +1.112669841E-01 -7.988132595E-02 -9.165761724E-02 -1.245131711E-01 +1.698179591E-01
4.12000000000E+09 +8.745413852E-02 +8.938446872E-02 -9.863888109E-02 +8.223852053E-03 -1.160172453E-01 +2.552597231E-01
4.13000000000E+09 +1.057485480E-01 -5.904997080E-02 -5.337437030E-02 +7.937704816E-02 -5.814415605E-02 +3.146002395E-01
4.14000000000E+09 -2.760199261E-02 -1.167827164E-01 +9.388618768E-04 +9.898110461E-02 +2.176798056E-02 +3.302335448E-01
4.15000000000E+09 -1.216874629E-01 -5.113864009E-03 +3.229148458E-02 +9.977951323E-02 +9.659506293E-02 +2.979119714E-01
4.16000000000E+09 -3.736753898E-02 +1.202536124E-01 +6.132122228E-02 +1.098339598E-01 +1.425015825E-01 +2.246164463E-01
4.17000000000E+09 +1.130217557E-01 +6.692788934E-02 +1.150187751E-01 +1.065447209E-01 +1.376041147E-01 +1.321628439E-01
4.18000000000E+09 +9.183683234E-02 -1.000615445E-01 +1.663006546E-01 +5.044363829E-02 +7.043311490E-02 +6.314172751E-02
4.19000000000E+09 -8.136318188E-02 -1.095876358E-01 +1.553122980E-01 -3.925062503E-02 -3.039977872E-02 +6.008422745E-02
4.20000000000E+09 -1.206126596E-01 +5.685619527E-02 +7.838103854E-02 -9.055786692E-02 -1.063251069E-01 +1.273288942E-01
4.21000000000E+09 +2.731735190E-02 +1.252427805E-01 -1.011142898E-03 -7.431196417E-02 -1.133936769E-01 +2.207212443E-01
4.22000000000E+09 +1.240439056E-01 +4.781308077E-03 -4.143613802E-02 -2.990216411E-02 -5.572878486E-02 +2.887011617E-01
4.23000000000E+09 +3.696739377E-02 -1.171409994E-01 -6.029892987E-02 +6.682586400E-03 +2.715017212E-02 +3.006713645E-01
4.24000000000E+09 -1.050860585E-01 -6.702718319E-02 -8.186386191E-02 +4.692538911E-02 +9.448284805E-02 +2.553070396E-01
4.25000000000E+09 -9.317012514E-02 +8.826865650E-02 -8.723227519E-02 +1.144957427E-01 +1.168595487E-01 +1.752473132E-01
4.26000000000E+09 +6.785045967E-02 +1.134997169E-01 -3.586613905E-02 +1.859380770E-01 +7.832406430E-02 +9.891641508E-02
4.27000000000E+09 +1.259654773E-01 -4.446162065E-02 +6.207479508E-02 +1.980806514E-01 -8.858171723E-03 +6.963801537E-02
4.28000000000E+09 -1.920198012E-02 -1.301366897E-01 +1.338603724E-01 +1.319705884E-01 -1.013640468E-01 +1.130149192E-01
4.29000000000E+09 -1.261169755E-01 -8.560508018E-03 +1.323102586E-01 +4.701096859E-02 -1.425542028E-01 +2.111557184E-01
4.30000000000E+09 -3.698352184E-02 +1.145675458E-01 +8.900431997E-02 +3.581748945E-04 -1.039362597E-01 +3.131023623E-01
4.31000000000E+09 +9.728486298E-02 +6.454991603E-02 +5.112213853E-02 -1.609693556E-02 -3.595145702E-03 +3.687957286E-01
4.32000000000E+09 +8.920421040E-02 -7.544620238E-02 +1.767843216E-02 -3.447732149E-02 +1.107691058E-01 +3.497538676E-01
4.33000000000E+09 -5.045298683E-02 -1.095755277E-01 -4.034716656E-02 -4.966915070E-02 +1.888026897E-01 +2.600663946E-01
4.34000000000E+09 -1.238979425E-01 +2.393588446E-02 -1.192587469E-01 -2.019981818E-02 +1.938548038E-01 +1.364218431E-01
4.35000000000E+09 -2.345882362E-03 +1.307362512E-01 -1.629708817E-01 +6.827986792E-02 +1.167434039E-01 +3.903918616E-02
4.36000000000E+09 +1.289236201E-01 +2.708972204E-02 -1.282612916E-01 +1.605285231E-01 -9.364368506E-03 +1.748973063E-02
4.37000000000E+09 +5.038845326E-02 -1.186695803E-01 -4.947156586E-02 +1.923448736E-01 -1.204379423E-01 +8.321224694E-02
4.38000000000E+09 -9.975905123E-02 -7.165034466E-02 +9.653714653E-03 +1.698367623E-01 -1.604976320E-01 +2.024395186E-01
4.39000000000E+09 -8.977731041E-02 +7.487948268E-02 +3.820474239E-02 +1.385010240E-01 -1.105538973E-01 +3.188040280E-01
4.40000000000E+09 +4.570535341E-02 +1.044036396E-01 +6.382885508E-02 +1.081614632E-01 +1.977535402E-03 +3.794396811E-01
4.41000000000E+09 +1.142968580E-01 -1.415301504E-02 +8.829913654E-02 +5.325094503E-02 +1.262658330E-01 +3.563100247E-01
4.42000000000E+09 +1.760751944E-02 -1.191336119E-01 +7.347909598E-02 -3.173044175E-02 +2.071412998E-01 +2.555143896E-01
4.43000000000E+09 -1.183901592E-01 -4.695439589E-02 -9.396013684E-03 -9.889449180E-02 +2.025890891E-01 +1.245726797E-01
4.44000000000E+09 -7.173993398E-02 +1.112694156E-01 -1.217607925E-01 -8.795041259E-02 +1.110419305E-01 +3.267228232E-02
4.45000000000E+09 +9.694786572E-02 +9.079941707E-02 -1.851919061E-01 -8.728583872E-03 -1.658463927E-02 +2.769915510E-02
4.46000000000E+09 +1.045989739E-01 -7.520394300E-02 -1.788369828E-01 +6.819397448E-02 -1.098291100E-01 +1.028738052E-01
4.47000000000E+09 -4.765600214E-02 -1.125031122E-01 -1.476812533E-01 +1.083374198E-01 -1.280876360E-01 +2.159924842E-01
4.48000000000E+09 -1.154846284E-01 +1.688524192E-02 -1.185891183E-01 +1.343956089E-01 -6.980395472E-02 +3.153523414E-01
4.49000000000E+09 -1.587428881E-02 +1.129378755E-01 -7.292310881E-02 +1.595320192E-01 +3.840982559E-02 +3.574156376E-01
4.50000000000E+09 +1.053117750E-01 +4.787960991E-02 +2.301676057E-03 +1.550999198E-01 +1.482862095E-01 +3.201454123E-01
4.51000000000E+09 +7.749845668E-02 -9.349497292E-02 +7.344403558E-02 +8.804548490E-02 +2.072853239E-01 +2.133725781E-01
4.52000000000E+09 -7.835832906E-02 -1.020710356E-01 +8.049766171E-02 -2.345810242E-02 +1.786874783E-01 +9.156106088E-02
4.53000000000E+09 -1.191216710E-01 +5.986888563E-02 +8.853432346E-03 -1.068126264E-01 +7.456981632E-02 +2.753021184E-02
4.54000000000E+09 +3.760345184E-02 +1.274775636E-01 -8.079716981E-02 -1.168732132E-01 -3.851000673E-02 +5.277356793E-02
4.55000000000E+09 +1.276800943E-01 -1.136389451E-02 -1.342522733E-01 -8.713229833E-02 -9.842215919E-02 +1.367748456E-01
4.56000000000E+09 +1.654974265E-02 -1.208928716E-01 -1.633301374E-01 -5.886484813E-02 -8.853201807E-02 +2.332880736E-01
4.57000000000E+09 -1.083659705E-01 -4.490629462E-02 -1.913899512E-01 -2.307729433E-02 -2.391409041E-02 +3.029485917E-01
4.58000000000E+09 -7.138082214E-02 +9.029886438E-02 -1.996557677E-01 +3.960354968E-02 +6.911811477E-02 +3.182418477E-01
4.59000000000E+09 +6.858323241E-02 +9.476625817E-02 -1.541703134E-01 +1.067531812E-01 +1.491487748E-01 +2.656488868E-01
4.60000000000E+09 +1.137827604E-01 -4.443379574E-02 -6.127526741E-02 +1.250425382E-01 +1.743687903E-01 +1.641906725E-01
4.61000000000E+09 -2.004641698E-02 -1.263137968E-01 +2.013813143E-02 +6.956049208E-02 +1.196016390E-01 +7.384744211E-02
4.62000000000E+09 -1.304642453E-01 -3.786334187E-03 +3.767558396E-02 -1.566084467E-02 +1.468254548E-02 +5.710539014E-02
4.63000000000E+09 -2.729521009E-02 +1.255620621E-01 +1.054453736E-02 -7.042011034E-02 -6.592149296E-02 +1.204323490E-01
4.64000000000E+09 +1.124191191E-01 +5.046624081E-02 -1.256689227E-02 -9.677243051E-02 -7.551122800E-02 +2.135928069E-01
4.65000000000E+09 +7.184097093E-02 -9.330891280E-02 -3.231322160E-02 -1.283377464E-01 -2.449706234E-02 +2.881529670E-01
4.66000000000E+09 -6.926515872E-02 -9.016507627E-02 -7.925217818E-02 -1.582317562E-01 +5.978335026E-02 +3.181040958E-01
4.67000000000E+09 -1.038857632E-01 +4.202727496E-02 -1.479247023E-01 -1.466659146E-01 +1.470917549E-01 +2.912822802E-01
4.68000000000E+09 +1.284968823E-02 +1.129300507E-01 -1.907915706E-01 -8.222742170E-02 +2.070308854E-01 +2.046424388E-01
4.69000000000E+09 +1.163694610E-01 +1.616026867E-02 -1.720971242E-01 -5.139833037E-03 +2.016557310E-01 +8.744938512E-02
4.70000000000E+09 +4.236025430E-02 -1.141926611E-01 -1.100633834E-01 +3.342976780E-02 +1.125757170E-01 -1.481901357E-03
4.71000000000E+09 -1.053070151E-01 -6.437480684E-02 -5.283693054E-02 +2.920610399E-02 -2.246770749E-02 -3.775974794E-03
4.72000000000E+09 -8.188066625E-02 +8.923530690E-02 -1.284581506E-02 +1.602442608E-02 -1.222636824E-01 +8.184480101E-02
4.73000000000E+09 +6.687021840E-02 +9.477586607E-02 +3.419785539E-02 -1.417587396E-03 -1.412814332E-01 +2.040421447E-01
4.74000000000E+09 +1.029442178E-01 -4.046284014E-02 +8.341994473E-02 -5.285836042E-02 -8.816012472E-02 +3.081335739E-01
4.75000000000E+09 -1.177773774E-02 -1.055291879E-01 +9.064247471E-02 -1.383115779E-01 +7.048289657E-03 +3.655294760E-01
4.76000000000E+09 -1.024668938E-01 -1.741438320E-02 +3.368278384E-02 -2.075224309E-01 +1.153520569E-01 +3.602873846E-01
4.77000000000E+09 -4.585183998E-02 +9.366664241E-02 -5.164519317E-02 -2.123483915E-01 +2.114022236E-01 +2.946667316E-01
4.78000000000E+09 +7.992074591E-02 +7.132126511E-02 -1.060536478E-01 -1.581377136E-01 +2.572088153E-01 +1.850782049E-01
4.79000000000E+09 +9.275237602E-02 -6.273268596E-02 -1.056763542E-01 -9.371940051E-02 +2.286314877E-01 +6.839649037E-02
4.80000000000E+09 -4.240983602E-02 -1.084149914E-01 -7.683241503E-02 -5.528161662E-02 +1.337805538E-01 -6.171615321E-03
4.81000000000E+09 -1.168879128E-01 +2.046072421E-02 -5.001131683E-02 -3.136249856E-02 +1.697128919E-02 -1.274233000E-02
4.82000000000E+09 -2.957290437E-03 +1.179076792E-01 -1.391561133E-02 -4.064276795E-03 -7.274242609E-02 +4.610929863E-02
4.83000000000E+09 +1.118366518E-01 +2.672053595E-02 +4.818838424E-02 +5.508406130E-03 -1.124491482E-01 +1.423531670E-01
4.84000000000E+09 +4.942319920E-02 -9.917731319E-02 +1.094398478E-01 -3.094615934E-02 -9.414075012E-02 +2.401493851E-01
4.85000000000E+09 -8.113944791E-02 -7.013828897E-02 +1.270119705E-01 -9.510182614E-02 -2.479751824E-02 +3.043691585E-01
4.86000000000E+09 -8.714705775E-02 +5.839134804E-02 +9.960115688E-02 -1.392268558E-01 +6.984035420E-02 +3.196049699E-01
4.87000000000E+09 +3.318434361E-02 +9.947364277E-02 +6.676961906E-02 -1.437993091E-01 +1.510657705E-01 +2.831080689E-01
4.88000000000E+09 +1.066813540E-01 -6.313454935E-03 +5.657721392E-02 -1.342739902E-01 +1.939964682E-01 +2.124729856E-01
4.89000000000E+09 +2.051345869E-02 -1.077170349E-01 +5.352996035E-02 -1.394995194E-01 +1.902015007E-01 +1.308368335E-01
4.90000000000E+09 -1.030325043E-01 -4.606377769E-02 +2.758008272E-02 -1.476233391E-01 +1.473506726E-01 +6.340447877E-02
4.91000000000E+09 -6.874844024E-02 +9.225774666E-02 -1.339421260E-02 -1.225147497E-01 +7.661244060E-02 +3.259478265E-02
4.92000000000E+09 +7.634224097E-02 +8.683146890E-02 -2.652588837E-02 -6.137550995E-02 +3.353756421E-04 +5.429583211E-02
4.93000000000E+09 +9.987856714E-02 -5.575434994E-02 +6.767479617E-03 -5.485908501E-03 -4.675868128E-02 +1.172056318E-01
4.94000000000E+09 -3.106271878E-02 -1.074914568E-01 +5.754555733E-02 +1.516466464E-02 -3.766678899E-02 +1.892713902E-01
4.95000000000E+09 -1.092522644E-01 +4.170585836E-03 +9.636099381E-02 +1.362654078E-02 +1.377404542E-02 +2.342319413E-01
4.96000000000E+09 -2.308284674E-02 +1.056390199E-01 +1.287546630E-01 +1.009422894E-02 +7.463249147E-02 +2.378944922E-01
4.97000000000E+09 +9.628906985E-02 +4.908537564E-02 +1.685574000E-01 -5.073346033E-03 +1.189014921E-01 +2.030696366E-01
4.98000000000E+09 +7.215955236E-02 -8.224213623E-02 +1.993632772E-01 -5.201233151E-02 +1.326341613E-01 +1.465685725E-01
4.99000000000E+09 -6.370752595E-02 -9.158654763E-02 +1.855283802E-01 -1.181316319E-01 +1.116697533E-01 +8.881200283E-02
5.00000000000E+09 -1.050257103E-01 +4.201425874E-02 +1.202296492E-01 -1.567096342E-01 +5.464984128E-02 +6.128540376E-02
5.01000000000E+09 +1.884198816E-02 +1.120835686E-01 +4.478220968E-02 -1.365184670E-01 -1.315112316E-02 +8.378932860E-02
5.02000000000E+09 +1.123809295E-01 +5.819123686E-03 +3.468910747E-03 -7.770709983E-02 -4.693824553E-02 +1.490712262E-01
5.03000000000E+09 +3.087194147E-02 -1.057605865E-01 -2.087547055E-03 -1.829075737E-02 -2.226936316E-02 +2.157280598E-01
5.04000000000E+09 -9.330426283E-02 -5.471568997E-02 +7.662457370E-03 +3.318308732E-02 +4.116601539E-02 +2.459507307E-01
5.05000000000E+09 -7.590826009E-02 +7.591908761E-02 +3.351899513E-02 +8.603039661E-02 +1.042232175E-01 +2.281677093E-01
5.06000000000E+09 +5.465905441E-02 +9.283460818E-02 +9.153875896E-02 +1.279733762E-01 +1.384212210E-01 +1.720513216E-01
5.07000000000E+09 +1.049466605E-01 -3.064908252E-02 +1.724102145E-01 +1.249355225E-01 +1.337606346E-01 +1.031745397E-01
5.08000000000E+09 -4.964469233E-03 -1.108856080E-01 +2.313618169E-01 +6.471267812E-02 +8.516811603E-02 +4.957483322E-02
5.09000000000E+09 -1.101883799E-01 -1.988070816E-02 +2.303087136E-01 -1.761922474E-02 +4.062536900E-03 +4.267425774E-02
5.10000000000E+09 -4.306598957E-02 +1.032194640E-01 +1.784090876E-01 -7.280567857E-02 -6.881203459E-02 +9.886989127E-02
5.11000000000E+09 +8.938605899E-02 +6.414347609E-02 +1.144155968E-01 -8.685524175E-02 -8.239735115E-02 +1.936236718E-01
5.12000000000E+09 +8.199961443E-02 -7.005967477E-02 +5.625751770E-02 -7.720193267E-02 -2.293450302E-02 +2.691235773E-01
5.13000000000E+09 -4.679455766E-02 -9.611908811E-02 -1.883008207E-03 -4.839430445E-02 +7.353816368E-02 +2.827533538E-01
5.14000000000E+09 -1.052747647E-01 +2.119913898E-02 -5.130939660E-02 +1.399818548E-02 +1.503023170E-01 +2.314575344E-01
5.15000000000E+09 -5.086392118E-03 +1.087489225E-01 -5.822377278E-02 +1.056268277E-01 +1.763768149E-01 +1.420315896E-01
5.16000000000E+09 +1.062124736E-01 +3.109704488E-02 -3.557123583E-03 +1.837014601E-01 +1.447298864E-01 +5.231230275E-02
5.17000000000E+09 +5.450054559E-02 -9.726709804E-02 +8.346735784E-02 +2.033896251E-01 +5.863837137E-02 +5.720598883E-04
5.18000000000E+09 -8.313502169E-02 -7.389003384E-02 +1.505863039E-01 +1.655961209E-01 -5.384821391E-02 +1.873402855E-02
5.19000000000E+09 -8.890977306E-02 +6.363842111E-02 +1.760867918E-01 +1.075777598E-01 -1.344110743E-01 +1.112524533E-01
5.20000000000E+09 +3.947590652E-02 +9.858433027E-02 +1.747270293E-01 +5.207241500E-02 -1.294493233E-01 +2.368489469E-01
5.21000000000E+09 +1.034540716E-01 -1.266795468E-02 +1.538078743E-01 -5.818475120E-03 -3.959260743E-02 +3.247636701E-01
5.22000000000E+09 +1.531143739E-02 -1.033247188E-01 +9.717184790E-02 -6.180254279E-02 +8.325380125E-02 +3.339723180E-01
5.23000000000E+09 -9.785565191E-02 -4.211561634E-02 +1.456582142E-04 -8.108178454E-02 +1.767923751E-01 +2.673666897E-01
5.24000000000E+09 -6.624755567E-02 +8.727775263E-02 -9.816418930E-02 -3.140004854E-02 +2.087965788E-01 +1.609719778E-01
5.25000000000E+09 +7.152903167E-02 +8.616427997E-02 -1.400186454E-01 +6.845852062E-02 +1.738610940E-01 +6.094654767E-02
5.26000000000E+09 +1.006056093E-01 -5.172923633E-02 -1.104082462E-01 +1.582038619E-01 +8.427832270E-02 +3.744279337E-03
5.27000000000E+09 -2.905785579E-02 -1.091423938E-01 -4.741322679E-02 +1.989869067E-01 -2.874822440E-02 +1.582809746E-02
5.28000000000E+09 -1.110206904E-01 +3.911931789E-03 +1.115447926E-02 +2.003594693E-01 -1.069085048E-01 +9.846705021E-02
5.29000000000E+09 -2.217291153E-02 +1.064475756E-01 +6.213723665E-02 +1.806392352E-01 -1.031996187E-01 +2.090640243E-01
5.30000000000E+09 +9.673270419E-02 +4.841704127E-02 +1.079695936E-01 +1.335102821E-01 -2.273895594E-02 +2.813779418E-01
5.31000000000E+09 +7.259762186E-02 -8.235152925E-02 +1.245054277E-01 +5.116295926E-02 +7.577754579E-02 +2.766804875E-01
5.32000000000E+09 -6.490416287E-02 -9.271852663E-02 +7.977790035E-02 -3.775882736E-02 +1.328979047E-01 +2.088934511E-01
5.33000000000E+09 -1.072757210E-01 +4.465102467E-02 -1.625893491E-02 -7.773181640E-02 +1.253303306E-01 +1.280419903E-01
5.34000000000E+09 +2.219615643E-02 +1.149059008E-01 -1.044223874E-01 -4.790390194E-02 +7.084610365E-02 +8.085011245E-02
5.35000000000E+09 +1.155849724E-01 +1.504239598E-03 -1.418390355E-01 +1.102407754E-02 -2.055789109E-03 +8.292810367E-02
5.36000000000E+09 +2.542256087E-02 -1.096354555E-01 -1.437774795E-01 +5.529570806E-02 -5.924528437E-02 +1.308966302E-01
5.37000000000E+09 -9.721814414E-02 -4.831834730E-02 -1.402037442E-01 +8.661881224E-02 -6.764517293E-02 +2.095062917E-01
5.38000000000E+09 -6.947870678E-02 +7.957288480E-02 -1.268902385E-01 +1.229199004E-01 -9.523380051E-03 +2.789614904E-01
5.39000000000E+09 +5.755959811E-02 +8.785857111E-02 -8.389237437E-02 +1.528388600E-01 +8.774628321E-02 +2.902876953E-01
5.40000000000E+09 +1.019277127E-01 -3.357412325E-02 -1.953314188E-02 +1.442203803E-01 +1.669450585E-01 +2.238321649E-01
5.41000000000E+09 -9.495127121E-03 -1.113002346E-01 +2.516088155E-02 +8.845346419E-02 +1.725053402E-01 +1.117755959E-01
5.42000000000E+09 -1.141067546E-01 -1.352432144E-02 +2.067942190E-02 +2.191304555E-02 +9.819835935E-02 +2.340533088E-02
5.43000000000E+09 -3.464114739E-02 +1.096184510E-01 -1.166481502E-02 -1.547173138E-02 -1.534633893E-02 +1.163029332E-02
5.44000000000E+09 +9.783396771E-02 +5.360119448E-02 -3.579741938E-02 -3.166630455E-02 -1.102255202E-01 +7.060019634E-02
5.45000000000E+09 +6.970326962E-02 -8.024880136E-02 -5.720777793E-02 -5.310065245E-02 -1.529914958E-01 +1.707288983E-01
5.46000000000E+09 -5.772678716E-02 -8.232498439E-02 -9.959541751E-02 -6.864582971E-02 -1.290976159E-01 +2.803910038E-01
5.47000000000E+09 -9.081481329E-02 +3.180864628E-02 -1.501730792E-01 -4.704853060E-02 -4.261997213E-02 +3.619089401E-01
5.48000000000E+09 +4.265893574E-03 +9.456285743E-02 -1.675357589E-01 +1.014135791E-02 +7.527621098E-02 +3.774699806E-01
5.49000000000E+09 +9.388218505E-02 +2.283680422E-02 -1.318885346E-01 +6.147253690E-02 +1.768698134E-01 +3.169199491E-01
5.50000000000E+09 +4.823199995E-02 -8.898639915E-02 -7.047975221E-02 +6.728241350E-02 +2.200824315E-01 +2.034420355E-01
5.51000000000E+09 -7.960758317E-02 -6.984947800E-02 -3.055722943E-02 +3.330752412E-02 +1.901984861E-01 +9.243118420E-02
5.52000000000E+09 -8.666400137E-02 +6.599113826E-02 -2.259996274E-02 +8.859695427E-04 +1.018004692E-01 +2.611035348E-02
5.53000000000E+09 +4.841180399E-02 +9.758563655E-02 -1.534326915E-02 -1.511528491E-02 -4.832558815E-03 +1.946704950E-02
5.54000000000E+09 +1.026553238E-01 -2.800328481E-02 +2.141890224E-03 -4.122037366E-02 -9.593418141E-02 +7.119344870E-02
5.55000000000E+09 -5.304139959E-03 -1.015708510E-01 +1.495099008E-04 -8.570509107E-02 -1.412199475E-01 +1.677765988E-01
5.56000000000E+09 -9.503733566E-02 -1.808184341E-02 -3.448843175E-02 -1.144231768E-01 -1.233589278E-01 +2.720672946E-01
5.57000000000E+09 -4.053461886E-02 +8.368147163E-02 -6.885149262E-02 -1.034598823E-01 -5.781459833E-02 +3.425106165E-01
5.58000000000E+09 +6.866532150E-02 +6.044474569E-02 -6.851144239E-02 -7.647900224E-02 +2.637500493E-02 +3.617339884E-01
5.59000000000E+09 +7.670973893E-02 -5.023760798E-02 -4.415718413E-02 -7.412826418E-02 +1.043658674E-01 +3.393965215E-01
5.60000000000E+09 -2.906080174E-02 -8.836788380E-02 -3.827366565E-02 -9.892285807E-02 +1.610957131E-01 +2.924742561E-01
5.61000000000E+09 -9.503637884E-02 +6.204536001E-03 -6.623588508E-02 -1.093678224E-01 +1.899047203E-01 +2.227080794E-01
5.62000000000E+09 -1.633086239E-02 +9.665308588E-02 -9.120460515E-02 -7.624076650E-02 +1.762055668E-01 +1.391941344E-01
5.63000000000E+09 +9.368273435E-02 +3.704785177E-02 -7.115017097E-02 -2.558619982E-02 +1.105497371E-01 +6.913882781E-02
5.64000000000E+09 +5.439964561E-02 -8.517803704E-02 -1.597484914E-02 -5.968900760E-03 +1.275334550E-02 +5.758575326E-02
5.65000000000E+09 -7.137332916E-02 -6.788332409E-02 +3.032828064E-02 -2.242989577E-02 -7.338660882E-02 +1.112901046E-01
5.66000000000E+09 -7.721819208E-02 +5.282116775E-02 +5.748418141E-02 -4.312768633E-02 -1.097506117E-01 +2.000936535E-01
5.67000000000E+09 +3.152085685E-02 +8.240195676E-02 +8.831901346E-02 -6.363296045E-02 -9.168703784E-02 +2.897740407E-01
5.68000000000E+09 +8.315997968E-02 -8.246905162E-03 +1.193197095E-01 -1.100217530E-01 -2.860062755E-02 +3.609256368E-01
5.69000000000E+09 +1.549036815E-02 -7.906264539E-02 +1.121481911E-01 -1.824377838E-01 +6.300176428E-02 +3.919454246E-01
5.70000000000E+09 -7.044255237E-02 -3.814238567E-02 +4.583825157E-02 -2.361230866E-01 +1.597170626E-01 +3.675642213E-01
5.71000000000E+09 -5.857542088E-02 +5.867555965E-02 -4.860672074E-02 -2.226100110E-01 +2.249679652E-01 +2.852031583E-01
5.72000000000E+09 +4.461517766E-02 +7.585787696E-02 -1.083578543E-01 -1.394726165E-01 +2.298261860E-01 +1.702886126E-01
5.73000000000E+09 +8.787765993E-02 -2.928172964E-02 -9.537243799E-02 -3.907369505E-02 +1.617864050E-01 +8.328826100E-02
5.74000000000E+09 -1.303791103E-02 -9.385761018E-02 -3.310916990E-02 +2.512522178E-02 +5.651183575E-02 +6.237783577E-02
5.75000000000E+09 -9.272704782E-02 -4.131330137E-03 +3.773221962E-02 +5.235641636E-02 -3.334514945E-02 +1.085533630E-01
5.76000000000E+09 -2.184107942E-02 +8.574838156E-02 +1.143946712E-01 +5.763218490E-02 -7.334146476E-02 +1.952122680E-01
5.77000000000E+09 +7.334839122E-02 +3.947116982E-02 +1.988098549E-01 +2.388398582E-02 -5.083911206E-02 +2.892322443E-01
5.78000000000E+09 +5.539110692E-02 -5.673303587E-02 +2.545214997E-01 -6.391244806E-02 +1.934826349E-02 +3.491456401E-01
5.79000000000E+09 -3.747811219E-02 -6.864380818E-02 +2.376243906E-01 -1.739971732E-01 +1.065050616E-01 +3.502571045E-01
5.80000000000E+09 -7.872277848E-02 +1.696920643E-02 +1.469062474E-01 -2.442668507E-01 +1.688536521E-01 +2.894966591E-01
5.81000000000E+09 -3.584751973E-03 +8.494676611E-02 +3.337006617E-02 -2.325004068E-01 +1.798172780E-01 +2.068125966E-01
5.82000000000E+09 +8.629415012E-02 +2.226766497E-02 -3.905744023E-02 -1.550363635E-01 +1.288839714E-01 +1.542061532E-01
5.83000000000E+09 +3.898760626E-02 -8.204433840E-02 -5.409716576E-02 -6.585830246E-02 +6.322164276E-02 +1.536572462E-01
5.84000000000E+09 -7.180884064E-02 -5.302272700E-02 -3.834559957E-02 +1.245849484E-02 +2.434416221E-02 +1.949640971E-01
5.85000000000E+09 -6.464867792E-02 +5.670806221E-02 +4.797885049E-03 +8.908281003E-02 +2.577664151E-02 +2.473764455E-01
5.86000000000E+09 +3.760955614E-02 +7.313765005E-02 +9.361975770E-02 +1.451294987E-01 +6.391191534E-02 +2.899513654E-01
5.87000000000E+09 +7.810089778E-02 -1.619056894E-02 +2.098257834E-01 +1.369956023E-01 +1.209568551E-01 +2.930302934E-01
5.88000000000E+09 +5.928306442E-03 -7.962600012E-02 +2.949873804E-01 +5.441138000E-02 +1.696981084E-01 +2.444484464E-01
5.89000000000E+09 -7.808895312E-02 -2.714274083E-02 +3.029517303E-01 -5.919561961E-02 +1.691925517E-01 +1.601025885E-01
5.90000000000E+09 -4.535568745E-02 +7.296755269E-02 +2.402644624E-01 -1.421112694E-01 +9.996833718E-02 +9.894622407E-02
5.91000000000E+09 +6.445002106E-02 +5.908285962E-02 +1.544525605E-01 -1.695456581E-01 -6.144279174E-03 +1.148163248E-01
5.92000000000E+09 +6.853049125E-02 -5.067277950E-02 +7.302754199E-02 -1.612387051E-01 -6.950988265E-02 +2.053441117E-01
5.93000000000E+09 -3.334932265E-02 -7.357274610E-02 -1.126380824E-02 -1.214813257E-01 -5.751574053E-02 +3.136336527E-01
5.94000000000E+09 -7.489449563E-02 +1.344969014E-02 -8.071620971E-02 -2.752051881E-02 +1.436757270E-02 +3.878796440E-01
5.95000000000E+09 -7.347045278E-03 +7.190148086E-02 -8.295787033E-02 +1.090856559E-01 +1.142403663E-01 +4.150715942E-01
5.96000000000E+09 +6.487117062E-02 +2.792014399E-02 +5.016386794E-03 +2.233444938E-01 +2.157501492E-01 +3.787040258E-01
5.97000000000E+09 +4.713032885E-02 -5.421802998E-02 +1.412554952E-01 +2.542039890E-01 +2.869035344E-01 +2.800452592E-01
5.98000000000E+09 -4.139094228E-02 -6.411448076E-02 +2.545057119E-01 +1.957850457E-01 +2.870419183E-01 +1.452713244E-01
5.99000000000E+09 -7.704089404E-02 +2.763507184E-02 +2.994849770E-01 +9.416699218E-02 +1.861126448E-01 +3.638817139E-02
6.00000000000E+09 +1.384191002E-02 +8.471035211E-02 +2.848723600E-01 +7.165120102E-04 +3.065274115E-02 +3.166253239E-02
6.01000000000E+09 +8.486802055E-02 +1.482481084E-03 +2.371425621E-01 -7.567737037E-02 -8.249039565E-02 +1.349694485E-01
6.02000000000E+09 +1.736258125E-02 -7.941631211E-02 +1.487129969E-01 -1.356874166E-01 -9.649171450E-02 +2.725429465E-01
6.03000000000E+09 -6.922791719E-02 -3.372957260E-02 +1.692354343E-02 -1.391942071E-01 -3.248204173E-02 +3.763834039E-01
6.04000000000E+09 -4.848764289E-02 +5.511310362E-02 -1.028163853E-01 -4.998610437E-02 +6.536976889E-02 +4.252259391E-01
6.05000000000E+09 +3.753218584E-02 +6.094982178E-02 -1.374375518E-01 +9.835836075E-02 +1.715206789E-01 +4.106196175E-01
6.06000000000E+09 +7.022529625E-02 -1.775637001E-02 -7.219451640E-02 +2.234197867E-01 +2.559673354E-01 +3.414980610E-01
6.07000000000E+09 +2.985029567E-03 -7.637147117E-02 +3.964629983E-02 +2.679637996E-01 +2.827087888E-01 +2.343994592E-01
6.08000000000E+09 -7.880249436E-02 -2.256787321E-02 +1.308853881E-01 +2.395753470E-01 +2.282505060E-01 +1.403813267E-01
6.09000000000E+09 -4.008756521E-02 +7.689196580E-02 +1.795072842E-01 +1.856280358E-01 +1.254791137E-01 +1.160624415E-01
6.10000000000E+09 +6.858523588E-02 +5.431074708E-02 +2.081827844E-01 +1.257029325E-01 +4.782970208E-02 +1.677233151E-01
6.11000000000E+09 +6.619519751E-02 -5.573043938E-02 +2.149095273E-01 +3.977070891E-02 +3.361506090E-02 +2.433577383E-01
6.12000000000E+09 -3.867180358E-02 -7.546321507E-02 +1.587374978E-01 -5.822453351E-02 +7.090061503E-02 +2.970367797E-01
6.13000000000E+09 -8.126797435E-02 +1.962493376E-02 +3.610946899E-02 -1.027522108E-01 +1.219759369E-01 +3.133429844E-01
6.14000000000E+09 -9.544230224E-04 +8.320533241E-02 -8.582053998E-02 -5.385430868E-02 +1.725807214E-01 +2.934720826E-01
6.15000000000E+09 +8.132930480E-02 +2.133239350E-02 -1.375764699E-01 +4.890244212E-02 +1.961847958E-01 +2.443069425E-01
6.16000000000E+09 +4.025946237E-02 -7.600817383E-02 -1.192446538E-01 +1.336015036E-01 +1.733301455E-01 +1.909226812E-01
6.17000000000E+09 -6.721725992E-02 -5.554863816E-02 -8.175635129E-02 +1.764499155E-01 +1.069561823E-01 +1.775199934E-01
6.18000000000E+09 -6.677998731E-02 +5.383580408E-02 -4.685275596E-02 +2.072715596E-01 +5.008075535E-02 +2.265629827E-01
6.19000000000E+09 +3.644177696E-02 +7.352977574E-02 +1.320845394E-02 +2.325061295E-01 +4.952935371E-02 +3.041721453E-01
6.20000000000E+09 +7.734192484E-02 -1.623988866E-02 +1.018718151E-01 +2.089531755E-01 +1.075494017E-01 +3.578273735E-01
6.21000000000E+09 +4.968077144E-03 -7.715049630E-02 +1.628563939E-01 +1.125298697E-01 +1.864034236E-01 +3.687158129E-01
6.22000000000E+09 -7.337438840E-02 -2.564652233E-02 +1.383607761E-01 -1.077024384E-02 +2.575956090E-01 +3.298648913E-01
6.23000000000E+09 -4.519451927E-02 +6.568538425E-02 +3.912515134E-02 -8.233590206E-02 +3.017250461E-01 +2.572766439E-01
6.24000000000E+09 +5.524873644E-02 +6.247453769E-02 -6.402626608E-02 -7.339955622E-02 +2.961351647E-01 +1.621554895E-01
6.25000000000E+09 +7.644019383E-02 -4.270361209E-02 -1.209517644E-01 -2.514358158E-02 +2.226018820E-01 +7.898322883E-02
6.26000000000E+09 -2.933300138E-02 -8.498937439E-02 -1.464770307E-01 +1.806130062E-02 +9.637664375E-02 +6.377406903E-02
6.27000000000E+09 -8.677890466E-02 +1.420357208E-02 -1.662828109E-01 +6.715637133E-02 -1.100369734E-02 +1.404157100E-01
6.28000000000E+09 -2.474542027E-03 +8.276260593E-02 -1.529117815E-01 +1.387526794E-01 -3.697571708E-02 +2.648325080E-01
6.29000000000E+09 +7.436397882E-02 +2.049101720E-02 -7.731910981E-02 +1.900664147E-01 +1.854543822E-02 +3.724462554E-01
6.30000000000E+09 +3.726366918E-02 -6.231713214E-02 +2.312822749E-02 +1.667770467E-01 +1.130819294E-01 +4.283185081E-01
6.31000000000E+09 -4.739305104E-02 -5.210136430E-02 +7.637986036E-02 +7.661715736E-02 +2.194434727E-01 +4.278858319E-01
6.32000000000E+09 -6.390511443E-02 +2.948921952E-02 +5.343920724E-02 -1.460200519E-02 +3.113865974E-01 +3.760537924E-01
6.33000000000E+09 +9.861910804E-03 +7.252716538E-02 -6.398434271E-03 -5.418659644E-02 +3.681615556E-01 +2.799422928E-01
6.34000000000E+09 +7.773245102E-02 +1.044257635E-02 -4.796019320E-02 -5.127499716E-02 +3.592853239E-01 +1.586501268E-01
6.35000000000E+09 +2.909881626E-02 -7.973885620E-02 -6.368070219E-02 -5.011760356E-02 +2.730920523E-01 +6.103678338E-02
6.36000000000E+09 -7.714484629E-02 -4.460949863E-02 -9.018439509E-02 -5.968472368E-02 +1.406125344E-01 +3.710045749E-02
6.37000000000E+09 -5.609955728E-02 +6.940561268E-02 -1.317485637E-01 -3.918774829E-02 +2.901680504E-02 +1.045871768E-01
6.38000000000E+09 +5.580661656E-02 +6.422969458E-02 -1.366531424E-01 +1.771469951E-02 -1.527168842E-02 +2.248835522E-01
6.39000000000E+09 +6.927942541E-02 -3.850903020E-02 -8.705460531E-02 +5.337574050E-02 +1.492131351E-02 +3.403172044E-01
6.40000000000E+09 -1.807428382E-02 -7.150726829E-02 -3.398626259E-02 +3.401892392E-02 +1.024270114E-01 +4.130940181E-01
6.41000000000E+09 -7.011582920E-02 -3.228290853E-03 -2.168346167E-02 -6.091960157E-03 +2.114844025E-01 +4.264976725E-01
6.42000000000E+09 -2.459705941E-02 +6.545671225E-02 -3.458787654E-02 -2.006194464E-02 +3.061728170E-01 +3.812936979E-01
6.43000000000E+09 +5.728947885E-02 +4.452180050E-02 -2.764557813E-02 -8.002463683E-03 +3.599916946E-01 +2.919901570E-01
6.44000000000E+09 +6.222553987E-02 -4.670891544E-02 +1.152880845E-02 -1.442909616E-02 +3.540954196E-01 +1.896357708E-01
6.45000000000E+09 -3.389820747E-02 -7.613993240E-02 +3.848289668E-02 -6.613959611E-02 +2.933712225E-01 +1.097832224E-01
6.46000000000E+09 -8.543943668E-02 +2.010887280E-02 +9.786453621E-03 -1.223609028E-01 +1.970683499E-01 +8.499963575E-02
6.47000000000E+09 +5.333246679E-03 +8.864982594E-02 -4.506071165E-02 -1.253939880E-01 +1.049951661E-01 +1.262352727E-01
6.48000000000E+09 +8.599714526E-02 +1.001485241E-02 -6.357381045E-02 -8.924196840E-02 +5.972116072E-02 +2.165484564E-01
6.49000000000E+09 +2.645837034E-02 -7.746838620E-02 -4.692492741E-02 -7.105671007E-02 +8.619769458E-02 +3.067369363E-01
6.50000000000E+09 -6.516271259E-02 -4.262839211E-02 -4.216987831E-02 -7.540613084E-02 +1.613611552E-01 +3.561152012E-01
6.51000000000E+09 -5.770839192E-02 +4.979318572E-02 -5.597976313E-02 -6.080808753E-02 +2.389224099E-01 +3.487232287E-01
6.52000000000E+09 +3.281051525E-02 +6.978383173E-02 -4.519486342E-02 -1.449747429E-02 +2.875417455E-01 +3.017127932E-01
6.53000000000E+09 +7.837082818E-02 -1.463162650E-02 +1.888766122E-02 +1.733644533E-02 +2.961934049E-01 +2.443584906E-01
6.54000000000E+09 +3.787797898E-03 -8.208825612E-02 +9.592156125E-02 -1.699646181E-02 +2.767498174E-01 +2.030373052E-01
6.55000000000E+09 -8.121452326E-02 -2.180685965E-02 +1.157961727E-01 -9.583834699E-02 +2.389593882E-01 +1.886258215E-01
6.56000000000E+09 -3.811396209E-02 +7.541038597E-02 +7.286018119E-02 -1.446255117E-01 +2.030845863E-01 +2.036024187E-01
6.57000000000E+09 +6.507755394E-02 +5.240010856E-02 +3.072139060E-02 -1.353557223E-01 +1.904504674E-01 +2.380648872E-01
6.58000000000E+09 +6.394619292E-02 -5.006843883E-02 +2.709145993E-02 -1.138835322E-01 +2.182767974E-01 +2.695799944E-01
6.59000000000E+09 -3.204113276E-02 -7.344668375E-02 +3.020394296E-02 -1.162934179E-01 +2.658849386E-01 +2.680181458E-01
6.60000000000E+09 -8.001593015E-02 +1.199719842E-02 +6.530841391E-03 -1.164824582E-01 +2.993663192E-01 +2.251821432E-01
6.61000000000E+09 -7.410230652E-03 +8.363944377E-02 -1.971042638E-02 -7.542023138E-02 +2.842576887E-01 +1.671941500E-01
6.62000000000E+09 +8.329625514E-02 +2.544358129E-02 +4.454084421E-03 -1.109657757E-02 +2.290178230E-01 +1.314177887E-01
6.63000000000E+09 +4.038134950E-02 -7.804297912E-02 +7.620480053E-02 +1.010589643E-02 +1.631992570E-01 +1.501715833E-01
6.64000000000E+09 -6.756177449E-02 -5.268654035E-02 +1.260098341E-01 -2.858078822E-02 +1.221761821E-01 +2.091477049E-01
6.65000000000E+09 -6.182590667E-02 +5.286087912E-02 +1.208770504E-01 -6.738660810E-02 +1.242279683E-01 +2.828971020E-01
6.66000000000E+09 +3.452818413E-02 +6.789790175E-02 +1.051031495E-01 -6.654759304E-02 +1.739013035E-01 +3.421851126E-01
6.67000000000E+09 +7.049475255E-02 -1.411613462E-02 +1.179423058E-01 -5.744597583E-02 +2.569654268E-01 +3.659870965E-01
6.68000000000E+09 +7.686959814E-03 -6.986754107E-02 +1.361507032E-01 -7.892229280E-02 +3.404225910E-01 +3.355310664E-01
6.69000000000E+09 -6.584649044E-02 -2.906419239E-02 +1.154313092E-01 -1.160718679E-01 +3.940091139E-01 +2.587550892E-01
6.70000000000E+09 -4.905567300E-02 +5.955054207E-02 +5.511671332E-02 -1.158568662E-01 +3.839720923E-01 +1.620089004E-01
6.71000000000E+09 +5.106702797E-02 +6.579685957E-02 +1.329682507E-02 -5.343697859E-02 +3.174190566E-01 +8.590859017E-02
6.72000000000E+09 +7.758829539E-02 -4.085541877E-02 +4.006541006E-02 +1.914120837E-02 +2.164937444E-01 +7.650090067E-02
6.73000000000E+09 -2.794575350E-02 -8.343981525E-02 +9.887982641E-02 +3.631031821E-02 +1.354015113E-01 +1.297552925E-01
6.74000000000E+09 -8.371874860E-02 +1.272305362E-02 +1.241664586E-01 +1.716095972E-02 +1.027512825E-01 +2.189655211E-01
6.75000000000E+09 -4.634808526E-03 +7.887241653E-02 +1.243257065E-01 +1.701595870E-02 +1.350065734E-01 +3.065306603E-01
6.76000000000E+09 +7.029231979E-02 +2.264829099E-02 +1.454706081E-01 +2.917750428E-02 +2.109679437E-01 +3.593458904E-01
6.77000000000E+09 +4.039935906E-02 -5.826571708E-02 +1.817059943E-01 +8.363514111E-03 +2.991298702E-01 +3.551732229E-01
6.78000000000E+09 -4.392508017E-02 -5.606406326E-02 +1.813697070E-01 -4.947431417E-02 +3.622048399E-01 +3.079996090E-01
6.79000000000E+09 -6.916258200E-02 +2.798737901E-02 +1.175801935E-01 -8.947830700E-02 +3.792991215E-01 +2.344924366E-01
6.80000000000E+09 +1.139549927E-02 +7.816175683E-02 +3.604150171E-02 -5.532205211E-02 +3.583491695E-01 +1.735194923E-01
6.81000000000E+09 +8.260224184E-02 +5.253842998E-03 +1.533690857E-02 +3.097676494E-02 +3.096100561E-01 +1.451466638E-01
6.82000000000E+09 +2.159059365E-02 -8.164785576E-02 +6.213390880E-02 +8.578829266E-02 +2.642779275E-01 +1.479862200E-01
6.83000000000E+09 -7.596453017E-02 -3.693940109E-02 +1.050642427E-01 +8.031971963E-02 +2.304865561E-01 +1.715883881E-01
6.84000000000E+09 -5.042384976E-02 +6.566325616E-02 +1.075725323E-01 +6.730852622E-02 +2.239615263E-01 +2.089736327E-01
6.85000000000E+09 +5.179278042E-02 +6.197905547E-02 +1.095448441E-01 +8.057704961E-02 +2.417217801E-01 +2.421222741E-01
6.86000000000E+09 +7.097377772E-02 -3.471236293E-02 +1.416710790E-01 +8.279921576E-02 +2.736028777E-01 +2.519000785E-01
6.87000000000E+09 -1.666506389E-02 -7.706366445E-02 +1.651035798E-01 +3.665207228E-02 +2.929160093E-01 +2.416866740E-01
6.88000000000E+09 -7.966901645E-02 -1.584809256E-03 +1.254498660E-01 -2.308052087E-02 +2.948307405E-01 +2.232087431E-01
6.89000000000E+09 -1.860842960E-02 +7.779750006E-02 +4.113867324E-02 -2.292038185E-02 +2.890555906E-01 +2.216503753E-01
6.90000000000E+09 +7.129440131E-02 +3.455251579E-02 -5.764330621E-03 +4.465975582E-02 +2.868535822E-01 +2.290166305E-01
6.91000000000E+09 +4.871035366E-02 -6.062257741E-02 +1.825396475E-02 +1.047389543E-01 +2.976926333E-01 +2.367697535E-01
6.92000000000E+09 -4.684232750E-02 -6.066900288E-02 +5.787147980E-02 +1.073728615E-01 +3.117678074E-01 +2.324240366E-01
6.93000000000E+09 -6.929608004E-02 +3.083169522E-02 +5.862681279E-02 +8.691128859E-02 +3.255414318E-01 +2.256180444E-01
6.94000000000E+09 +1.330797492E-02 +7.463858103E-02 +4.100115826E-02 +9.590571966E-02 +3.348154060E-01 +2.137274811E-01
6.95000000000E+09 +7.601782449E-02 +4.973828684E-03 +5.701315325E-02 +1.206442400E-01 +3.385076873E-01 +1.974267067E-01
6.96000000000E+09 +2.257952698E-02 -7.409856646E-02 +9.985663577E-02 +1.033049645E-01 +3.268778768E-01 +1.804813220E-01
6.97000000000E+09 -6.840385782E-02 -3.862287616E-02 +1.030255019E-01 +3.696227131E-02 +3.083529810E-01 +1.741698247E-01
6.98000000000E+09 -5.178968608E-02 +5.915132541E-02 +3.794052217E-02 -8.070830868E-03 +2.922598090E-01 +1.866051208E-01
6.99000000000E+09 +4.616960603E-02 +6.211485820E-02 -3.328228999E-02 +1.908458675E-02 +2.900584731E-01 +2.045584705E-01
7.00000000000E+09 +6.921187964E-02 -3.065540930E-02 -4.534188527E-02 +7.538771607E-02 +3.001039392E-01 +2.185773994E-01

[Channel0\Trace0\Marker0]
Enabled=1
Position=0.2

[Channel0\Trace1]
ReferencePosition[0]=1

[Channel0\Trace1\Marker0]
Enabled=1
Position=0.2

[Channel0\Trace2]
SPort=0
FormatType=2

[Channel0\Trace2\Marker0]
Enabled=1
Position=0.2

[Channel0\Trace3]
SPort=0
FormatType=2

[Channel0\Trace3\Marker0]
Enabled=1
Position=0.2

