[NWA State]
TriggerSource=3

[Channel0]
Points=501
FrequencyStart=2000000000
FrequencyStop=7000000000
FixedPower[0]=5
FixedPower[1]=5
IFBW=1000
CorrectionEnabled=1
TraceCount=4

[Channel0\Correction\11]
Calyyyymmdd=2022/03/26
Calhhmmss=14:29:07
VNATemperature=37 °C
Type=3
KitLabel=ACM2509.2
KitDescription=AutoCal Module 20 kHz-9 GHz (CMT), SN: 19039185, Char: Factory, 24.9°C, ThermoComp: ON
CalIFBW=1 kHz
CalPower=5 dBm
CalPorts[0]=0
CalPorts[1]=0

[Channel0\Correction\11\Data]
2.00000000000E+09 +1.740081111E-02 -1.834329831E-01 -3.676318275E-02 -4.439862698E-02 -2.726828014E-01 +3.111257371E-02
2.01000000000E+09 -1.788726981E-01 -4.711753563E-02 -6.752027619E-02 -4.600513171E-03 -2.593081627E-01 +9.082043941E-02
2.02000000000E+09 -7.437461844E-02 +1.744499208E-01 -2.529348365E-02 +5.052815339E-02 -2.022740808E-01 +1.145080632E-01
2.03000000000E+09 +1.682837275E-01 +9.666596000E-02 +5.152114518E-02 +2.730038583E-02 -1.543135545E-01 +8.072730211E-02
2.04000000000E+09 +1.138052762E-01 -1.567177723E-01 +5.528229291E-02 -5.024502295E-02 -1.587848766E-01 +2.823686258E-02
2.05000000000E+09 -1.391224701E-01 -1.288196795E-01 -6.765277626E-03 -6.931449570E-02 -1.999992750E-01 +5.133890491E-03
2.06000000000E+09 -1.429147184E-01 +1.175712905E-01 -2.668766796E-02 -2.096062395E-02 -2.411720864E-01 +1.656699568E-02
2.07000000000E+09 +9.327869316E-02 +1.560478480E-01 +1.829406990E-02 -3.646819403E-03 -2.647844449E-01 +5.147430756E-02
2.08000000000E+09 +1.677674346E-01 -6.715019858E-02 +3.847373723E-02 -5.146725297E-02 -2.609181560E-01 +9.956591748E-02
2.09000000000E+09 -4.065994092E-02 -1.788635354E-01 -1.176816778E-02 -8.178375734E-02 -2.182709915E-01 +1.376516761E-01
2.10000000000E+09 -1.879594502E-01 +1.678049631E-02 -5.686932688E-02 -3.492311941E-02 -1.543569747E-01 +1.268688481E-01
2.11000000000E+09 -3.403144251E-03 +1.921971100E-01 -2.136018031E-02 +2.111542500E-02 -1.255449341E-01 +6.180825355E-02
2.12000000000E+09 +1.880102087E-01 +2.238511119E-02 +3.453632764E-02 -1.679618191E-03 -1.666706746E-01 +8.232282840E-04
2.13000000000E+09 +4.401056417E-02 -1.773292358E-01 +1.634298527E-02 -5.201672230E-02 -2.380986286E-01 +5.178760580E-05
2.14000000000E+09 -1.635429926E-01 -6.799750788E-02 -3.682104211E-02 -3.361693816E-02 -2.822531930E-01 +4.958865168E-02
2.15000000000E+09 -9.269846886E-02 +1.486672882E-01 -2.747401516E-02 +3.058394341E-02 -2.816226443E-01 +1.122300933E-01
2.16000000000E+09 +1.326519953E-01 +1.163210422E-01 +4.062109766E-02 +4.238322379E-02 -2.433556587E-01 +1.625798212E-01
2.17000000000E+09 +1.383879546E-01 -1.165062550E-01 +7.127875510E-02 -1.429321658E-02 -1.759816038E-01 +1.794786889E-01
2.18000000000E+09 -1.013794453E-01 -1.566775363E-01 +3.082828489E-02 -4.917671459E-02 -1.071776883E-01 +1.386964692E-01
2.19000000000E+09 -1.684521215E-01 +8.668574270E-02 +3.345025602E-03 -1.615991677E-02 -9.278395875E-02 +4.929533849E-02
2.20000000000E+09 +6.818759326E-02 +1.721813481E-01 +4.127904373E-02 +3.716180030E-03 -1.591943669E-01 -1.714690046E-02
2.21000000000E+09 +1.719719966E-01 -4.355504119E-02 +6.455115104E-02 -4.561343563E-02 -2.490119677E-01 -3.738734094E-03
2.22000000000E+09 -1.510579892E-02 -1.710520005E-01 +1.017104112E-02 -8.880125152E-02 -2.936302496E-01 +6.654576635E-02
2.23000000000E+09 -1.703761988E-01 -1.385858449E-02 -5.913125642E-02 -5.019415467E-02 -2.791173292E-01 +1.399544317E-01
2.24000000000E+09 -4.154145517E-02 +1.687219873E-01 -5.445126498E-02 +2.765834517E-02 -2.264809538E-01 +1.831782216E-01
2.25000000000E+09 +1.658519246E-01 +6.714009799E-02 +4.011507616E-03 +4.943096106E-02 -1.575261711E-01 +1.849587054E-01
2.26000000000E+09 +8.900803453E-02 -1.612081728E-01 +2.241433584E-02 +1.733078567E-02 -9.770695465E-02 +1.356565859E-01
2.27000000000E+09 -1.533388487E-01 -1.052590799E-01 -5.844106670E-03 +2.201520568E-02 -9.356594094E-02 +4.949512983E-02
2.28000000000E+09 -1.167110423E-01 +1.383258555E-01 +1.130713488E-02 +7.197742341E-02 -1.650287443E-01 -8.047142167E-03
2.29000000000E+09 +1.161633017E-01 +1.278619819E-01 +8.523522075E-02 +7.030825507E-02 -2.541081787E-01 +1.487796697E-02
2.30000000000E+09 +1.406257646E-01 -9.045551117E-02 +1.183598997E-01 -6.956422220E-03 -2.901965480E-01 +9.107168296E-02
2.31000000000E+09 -6.497232225E-02 -1.543763535E-01 +6.495868775E-02 -7.118980992E-02 -2.634211345E-01 +1.593140522E-01
2.32000000000E+09 -1.664440018E-01 +4.069901977E-02 -4.444465899E-03 -5.541025778E-02 -2.079432715E-01 +1.868937217E-01
2.33000000000E+09 +1.774421765E-02 +1.754225810E-01 -1.155840341E-02 -9.839154815E-03 -1.537300592E-01 +1.790720713E-01
2.34000000000E+09 +1.806528381E-01 +3.848920387E-03 +6.952321958E-03 -1.437215320E-02 -1.118646531E-01 +1.423689924E-01
2.35000000000E+09 +2.290381284E-02 -1.814907695E-01 -2.882872260E-02 -3.622473526E-02 -1.050943374E-01 +8.099922312E-02
2.36000000000E+09 -1.752704087E-01 -4.055481287E-02 -8.533431510E-02 +1.127045147E-02 -1.540668155E-01 +3.289461442E-02
2.37000000000E+09 -5.975421059E-02 +1.624666457E-01 -6.504470430E-02 +9.885214310E-02 -2.242722103E-01 +4.495454431E-02
2.38000000000E+09 +1.465482010E-01 +8.179580036E-02 +1.925948087E-02 +1.231190181E-01 -2.512069794E-01 +1.038749885E-01
2.39000000000E+09 +1.047884697E-01 -1.309227244E-01 +7.012187778E-02 +7.239284968E-02 -2.226398416E-01 +1.513838674E-01
2.40000000000E+09 -1.150518748E-01 -1.258873804E-01 +5.495684631E-02 +2.965967778E-02 -1.782517205E-01 +1.572448622E-01
2.41000000000E+09 -1.426948127E-01 +9.887492275E-02 +4.324734661E-02 +3.550384358E-02 -1.548124589E-01 +1.385939822E-01
2.42000000000E+09 +8.086375110E-02 +1.560746119E-01 +7.638796660E-02 +2.428673026E-02 -1.475214854E-01 +1.198315943E-01
2.43000000000E+09 +1.660151785E-01 -6.242021740E-02 +8.197112064E-02 -5.030240476E-02 -1.497700720E-01 +9.620421206E-02
2.44000000000E+09 -4.333186059E-02 -1.707208864E-01 -3.787257541E-03 -1.093931460E-01 -1.772080342E-01 +7.447914847E-02
2.45000000000E+09 -1.701087121E-01 +2.186183760E-02 -1.077189716E-01 -6.532659823E-02 -2.203324112E-01 +8.727181593E-02
2.46000000000E+09 -3.276630834E-03 +1.668119958E-01 -1.271887501E-01 +3.094058197E-02 -2.315249920E-01 +1.357532596E-01
2.47000000000E+09 +1.633646097E-01 +2.952232528E-02 -8.290576738E-02 +8.013407977E-02 -1.927594732E-01 +1.717946945E-01
2.48000000000E+09 +5.380158397E-02 -1.590983666E-01 -5.853195030E-02 +8.151679112E-02 -1.446836585E-01 +1.601870378E-01
2.49000000000E+09 -1.521292116E-01 -7.492559646E-02 -5.866529316E-02 +1.060243435E-01 -1.352861530E-01 +1.225820979E-01
2.50000000000E+09 -9.434116861E-02 +1.406884999E-01 -9.931096422E-03 +1.527198408E-01 -1.553026893E-01 +1.018923826E-01
2.51000000000E+09 +1.271282731E-01 +1.123441608E-01 +9.025719439E-02 +1.327892364E-01 -1.741415969E-01 +9.899256083E-02
2.52000000000E+09 +1.279483356E-01 -1.122160545E-01 +1.384643223E-01 +2.028215355E-02 -1.930286971E-01 +9.734945240E-02
2.53000000000E+09 -9.472617771E-02 -1.395382751E-01 +7.421263888E-02 -8.325965223E-02 -2.212148424E-01 +1.122915252E-01
2.54000000000E+09 -1.485458315E-01 +7.310504184E-02 -2.331500747E-02 -9.273681827E-02 -2.286849777E-01 +1.594601978E-01
2.55000000000E+09 +4.948394302E-02 +1.570110733E-01 -6.697654101E-02 -5.587138260E-02 -1.878803814E-01 +2.042397714E-01
2.56000000000E+09 +1.644971939E-01 -2.668747321E-02 -8.375940619E-02 -4.521712119E-02 -1.253480242E-01 +1.978516346E-01
2.57000000000E+09 -5.635379158E-03 -1.682892188E-01 -1.340947116E-01 -3.423704820E-02 -9.921582804E-02 +1.459590704E-01
2.58000000000E+09 -1.663115742E-01 -1.538922902E-02 -1.808715285E-01 +4.228136653E-02 -1.207470385E-01 +1.026738577E-01
2.59000000000E+09 -3.723518589E-02 +1.610224714E-01 -1.392547076E-01 +1.469078768E-01 -1.536638288E-01 +9.045731884E-02
2.60000000000E+09 +1.538036938E-01 +5.940473197E-02 -2.487978754E-02 +1.759740298E-01 -1.785158452E-01 +9.139210682E-02
2.61000000000E+09 +7.944138722E-02 -1.438172275E-01 +5.668410425E-02 +1.098664021E-01 -2.078193154E-01 +1.052097295E-01
2.62000000000E+09 -1.300779328E-01 -9.811182796E-02 +5.893671941E-02 +3.606136872E-02 -2.267000218E-01 +1.502374316E-01
2.63000000000E+09 -1.167200746E-01 +1.139752009E-01 +4.473010863E-02 +5.839631910E-03 -2.008311237E-01 +2.048395770E-01
2.64000000000E+09 +9.787547176E-02 +1.346331597E-01 +5.493650223E-02 -3.126544966E-02 -1.355002848E-01 +2.162324003E-01
2.65000000000E+09 +1.480933240E-01 -8.272007862E-02 +3.096627354E-02 -1.101204046E-01 -9.068283686E-02 +1.668448672E-01
2.66000000000E+09 -6.597903117E-02 -1.551501213E-01 -7.433758895E-02 -1.552811224E-01 -1.053316127E-01 +1.076408665E-01
2.67000000000E+09 -1.580231723E-01 +4.562300375E-02 -1.817442105E-01 -9.315190764E-02 -1.497086597E-01 +8.757885910E-02
2.68000000000E+09 +2.205277584E-02 +1.591586901E-01 -1.948819120E-01 +1.823206390E-02 -1.828728440E-01 +9.987439799E-02
2.69000000000E+09 +1.581500192E-01 +1.813445576E-03 -1.359378323E-01 +7.825963361E-02 -2.060063372E-01 +1.242708737E-01
2.70000000000E+09 +2.605250170E-02 -1.549640935E-01 -9.022758037E-02 +8.115721585E-02 -2.169074140E-01 +1.660717137E-01
2.71000000000E+09 -1.498487126E-01 -5.102343177E-02 -7.001644125E-02 +9.278599498E-02 -1.925509169E-01 +2.160372607E-01
2.72000000000E+09 -7.539276260E-02 +1.448198009E-01 -1.437076133E-02 +1.182430501E-01 -1.280140041E-01 +2.291522056E-01
2.73000000000E+09 +1.402957125E-01 +9.554432478E-02 +8.085586840E-02 +8.098635835E-02 -7.411778886E-02 +1.764563328E-01
2.74000000000E+09 +1.090785823E-01 -1.327290287E-01 +1.158566406E-01 -4.093708443E-02 -8.844868524E-02 +1.013357737E-01
2.75000000000E+09 -1.182033861E-01 -1.180065212E-01 +3.848338539E-02 -1.388325868E-01 -1.534133133E-01 +7.651059842E-02
2.76000000000E+09 -1.266673499E-01 +9.764347941E-02 -6.009090873E-02 -1.359196688E-01 -2.048666512E-01 +1.106112585E-01
2.77000000000E+09 +7.458575596E-02 +1.354871914E-01 -9.736257896E-02 -8.998108839E-02 -2.192802383E-01 +1.629172621E-01
2.78000000000E+09 +1.440646183E-01 -5.018848442E-02 -1.039929760E-01 -7.203055878E-02 -2.025766503E-01 +2.137545401E-01
2.79000000000E+09 -2.494441488E-02 -1.513976001E-01 -1.370936378E-01 -5.932024787E-02 -1.548144136E-01 +2.496240261E-01
2.80000000000E+09 -1.588368858E-01 +5.062810968E-04 -1.698303178E-01 +5.734880863E-03 -8.057675579E-02 +2.413070776E-01
2.81000000000E+09 -2.042320832E-02 +1.654296871E-01 -1.263893463E-01 +9.784404188E-02 -2.508862005E-02 +1.680031859E-01
2.82000000000E+09 +1.671631126E-01 +3.603531509E-02 -1.442696415E-02 +1.176297450E-01 -5.053748890E-02 +7.171884345E-02
2.83000000000E+09 +4.884243109E-02 -1.600828502E-01 +5.665709570E-02 +4.653674666E-02 -1.460957479E-01 +3.771152175E-02
2.84000000000E+09 -1.462362980E-01 -6.407033850E-02 +4.872924454E-02 -1.834637703E-02 -2.277405501E-01 +8.672586632E-02
2.85000000000E+09 -8.193641785E-02 +1.292369385E-01 +3.489643526E-02 -3.524450177E-02 -2.479801728E-01 +1.680739926E-01
2.86000000000E+09 +1.110748883E-01 +1.008779805E-01 +4.946367902E-02 -6.061532669E-02 -2.133534734E-01 +2.362392722E-01
2.87000000000E+09 +1.190732863E-01 -9.234357707E-02 +3.666078056E-02 -1.246640929E-01 -1.463975550E-01 +2.691324548E-01
2.88000000000E+09 -7.442714606E-02 -1.367994003E-01 -4.523463144E-02 -1.651639548E-01 -6.600468590E-02 +2.495151096E-01
2.89000000000E+09 -1.518560834E-01 +5.844472186E-02 -1.364725222E-01 -1.146643957E-01 -1.669493059E-02 +1.722001234E-01
2.90000000000E+09 +4.480345807E-02 +1.607454326E-01 -1.438547654E-01 -1.476853878E-02 -4.836759278E-02 +7.901709822E-02
2.91000000000E+09 +1.613811670E-01 -3.003534445E-02 -8.387566540E-02 +3.189362518E-02 -1.472414517E-01 +4.984847468E-02
2.92000000000E+09 -1.038378375E-02 -1.571541636E-01 -4.847326433E-02 +2.448285873E-02 -2.277432693E-01 +1.058107851E-01
2.93000000000E+09 -1.510610425E-01 -1.310220646E-02 -4.176299377E-02 +3.653862724E-02 -2.376973455E-01 +1.940452647E-01
2.94000000000E+09 -3.782381258E-02 +1.447461692E-01 +1.113375486E-03 +6.772875749E-02 -1.866496338E-01 +2.595835716E-01
2.95000000000E+09 +1.378191792E-01 +6.200005498E-02 +8.136071243E-02 +4.695777235E-02 -1.080243502E-01 +2.783205409E-01
2.96000000000E+09 +8.475756609E-02 -1.308787002E-01 +1.171910275E-01 -4.363946501E-02 -3.214015210E-02 +2.419884434E-01
2.97000000000E+09 -1.234704006E-01 -1.041140855E-01 +6.302612695E-02 -1.221771192E-01 +1.184291209E-03 +1.573337049E-01
2.98000000000E+09 -1.178004052E-01 +1.147094700E-01 -1.392495910E-02 -1.188959135E-01 -4.258335587E-02 +7.121565211E-02
2.99000000000E+09 +1.010443165E-01 +1.262341870E-01 -3.650863583E-02 -8.035427769E-02 -1.405966465E-01 +5.100065098E-02
3.00000000000E+09 +1.374558956E-01 -7.383040603E-02 -3.337818687E-02 -7.642076176E-02 -2.133339949E-01 +1.078856470E-01
3.01000000000E+09 -4.986362558E-02 -1.429719652E-01 -6.932082562E-02 -7.367093611E-02 -2.176110818E-01 +1.894005116E-01
3.02000000000E+09 -1.482726045E-01 +2.515565797E-02 -1.079253200E-01 -1.585054391E-02 -1.678848339E-01 +2.449336619E-01
3.03000000000E+09 +1.375946401E-03 +1.517975858E-01 -7.701482911E-02 +6.927474848E-02 -1.009691668E-01 +2.577657041E-01
3.04000000000E+09 +1.538763475E-01 +2.055940664E-02 +1.359709636E-02 +9.366927165E-02 -4.275105312E-02 +2.258165048E-01
3.05000000000E+09 +3.965952425E-02 -1.540164106E-01 +7.227364079E-02 +4.065817386E-02 -1.991372700E-02 +1.574490689E-01
3.06000000000E+09 -1.511217032E-01 -5.505527038E-02 +6.103399203E-02 -7.906466034E-03 -5.737598522E-02 +8.927394320E-02
3.07000000000E+09 -6.825950554E-02 +1.426773331E-01 +4.729066806E-02 -7.606013475E-03 -1.351725175E-01 +7.558138998E-02
3.08000000000E+09 +1.298569375E-01 +8.201553840E-02 +6.986565796E-02 -1.751569518E-02 -1.902096295E-01 +1.244457829E-01
3.09000000000E+09 +9.736622579E-02 -1.148630498E-01 +6.867776714E-02 -7.215982895E-02 -1.881002809E-01 +1.879054861E-01
3.10000000000E+09 -9.939379694E-02 -1.128966783E-01 +1.981335388E-03 -1.073073222E-01 -1.502921014E-01 +2.246010963E-01
3.11000000000E+09 -1.262685295E-01 +8.339726770E-02 -6.900448897E-02 -6.296976949E-02 -1.114242552E-01 +2.308870194E-01
3.12000000000E+09 +6.653038349E-02 +1.374385562E-01 -6.635269901E-02 +1.272598404E-02 -8.056907928E-02 +2.185809823E-01
3.13000000000E+09 +1.464310576E-01 -4.872615774E-02 -1.827496193E-02 +3.446708291E-02 -5.984368390E-02 +1.881138546E-01
3.14000000000E+09 -3.098543029E-02 -1.523588724E-01 -7.406282534E-03 +1.304969074E-02 -6.676575495E-02 +1.484207709E-01
3.15000000000E+09 -1.534730689E-01 +1.248531520E-02 -3.190071695E-02 +2.564456214E-02 -1.044048230E-01 +1.334628407E-01
3.16000000000E+09 -7.744477655E-03 +1.507876360E-01 -1.676748695E-02 +7.392559311E-02 -1.339736507E-01 +1.590397126E-01
3.17000000000E+09 +1.460684688E-01 +2.995415469E-02 +4.611328537E-02 +8.183277635E-02 -1.257154201E-01 +1.922893218E-01
3.18000000000E+09 +5.147376281E-02 -1.407412713E-01 +8.144668515E-02 +2.783706797E-02 -9.922406769E-02 +1.977553298E-01
3.19000000000E+09 -1.335369186E-01 -7.070166295E-02 +5.127238973E-02 -1.882380467E-02 -9.007213350E-02 +1.835024506E-01
3.20000000000E+09 -8.750339928E-02 +1.234879469E-01 +1.468028932E-02 -8.998717550E-03 -9.496904859E-02 +1.793602825E-01
3.21000000000E+09 +1.106158092E-01 +1.031790928E-01 +2.428363772E-02 +7.434093747E-03 -8.964513402E-02 +1.827062306E-01
3.22000000000E+09 +1.171213006E-01 -9.669403013E-02 +3.485811315E-02 -2.327485498E-02 -8.032149455E-02 +1.726550381E-01
3.23000000000E+09 -8.131029364E-02 -1.277519218E-01 -1.362724111E-02 -5.713646469E-02 -9.114811233E-02 +1.588330276E-01
3.24000000000E+09 -1.347221951E-01 +6.350939407E-02 -8.165166443E-02 -2.279454589E-02 -1.108203544E-01 +1.695547933E-01
3.25000000000E+09 +4.281714180E-02 +1.400449502E-01 -8.835567177E-02 +5.342798230E-02 -1.049843120E-01 +1.928647021E-01
3.26000000000E+09 +1.446109485E-01 -2.165704129E-02 -4.018499946E-02 +9.078978548E-02 -7.966751558E-02 +1.929708905E-01
3.27000000000E+09 -1.212637797E-03 -1.471470563E-01 -8.617885701E-03 +7.867757307E-02 -7.172895019E-02 +1.685365925E-01
3.28000000000E+09 -1.461362640E-01 -1.798106858E-02 -1.081294605E-02 +7.784901894E-02 -8.937350146E-02 +1.568149955E-01
3.29000000000E+09 -3.788983862E-02 +1.421374533E-01 +1.108160584E-02 +1.035325178E-01 -1.001772055E-01 +1.688639448E-01
3.30000000000E+09 +1.364216223E-01 +5.741468843E-02 +7.369909758E-02 +9.150714069E-02 -9.219718354E-02 +1.763855590E-01
3.31000000000E+09 +7.471790588E-02 -1.291101382E-01 +1.040034348E-01 +1.115836046E-02 -9.360840079E-02 +1.682346814E-01
3.32000000000E+09 -1.187439559E-01 -8.865047292E-02 +4.799917810E-02 -6.465149963E-02 -1.128915756E-01 +1.719471174E-01
3.33000000000E+09 -1.015417006E-01 +1.043679338E-01 -3.604099341E-02 -6.313143587E-02 -1.154477350E-01 +1.990480818E-01
3.34000000000E+09 +8.775228795E-02 +1.141216744E-01 -7.186867864E-02 -1.900752235E-02 -8.560839258E-02 +2.156046431E-01
3.35000000000E+09 +1.256336271E-01 -7.056174235E-02 -7.610207943E-02 +1.952601692E-03 -5.617542882E-02 +1.968423035E-01
3.36000000000E+09 -5.326646292E-02 -1.337869989E-01 -1.033266954E-01 +1.281076538E-02 -6.025618353E-02 +1.686986719E-01
3.37000000000E+09 -1.393030082E-01 +3.414622826E-02 -1.344263625E-01 +6.867749176E-02 -7.933976370E-02 +1.633050853E-01
3.38000000000E+09 +1.379333066E-02 +1.424059232E-01 -1.004874660E-01 +1.505269288E-01 -8.681828975E-02 +1.716937147E-01
3.39000000000E+09 +1.441682692E-01 +6.135471528E-03 -3.296952422E-03 +1.741007498E-01 -9.170938733E-02 +1.718820578E-01
3.40000000000E+09 +2.435845356E-02 -1.428434886E-01 +7.024012151E-02 +1.114851973E-01 -1.082014621E-01 +1.776350541E-01
3.41000000000E+09 -1.377982000E-01 -4.229092406E-02 +6.802532850E-02 +3.405465162E-02 -1.109669636E-01 +2.076246145E-01
3.42000000000E+09 -6.078683277E-02 +1.300445792E-01 +3.754737581E-02 -1.022868442E-03 -7.437009297E-02 +2.373101201E-01
3.43000000000E+09 +1.215078210E-01 +7.904761134E-02 +2.422978620E-02 -2.582942228E-02 -2.178724571E-02 +2.204218914E-01
3.44000000000E+09 +9.441617778E-02 -1.119514762E-01 -6.936084373E-03 -7.404406515E-02 -6.121985006E-03 +1.649454852E-01
3.45000000000E+09 -9.991101020E-02 -1.064594378E-01 -9.330288639E-02 -9.663065443E-02 -4.023946920E-02 +1.201814195E-01
3.46000000000E+09 -1.154652573E-01 +8.443074691E-02 -1.793571396E-01 -3.608160265E-02 -8.998026370E-02 +1.166732605E-01
3.47000000000E+09 +6.685221691E-02 +1.235854129E-01 -1.860390268E-01 +6.596751820E-02 -1.266868576E-01 +1.394237060E-01
3.48000000000E+09 +1.295630076E-01 -4.780889312E-02 -1.258769922E-01 +1.235022917E-01 -1.467399907E-01 +1.766410415E-01
3.49000000000E+09 -2.766283622E-02 -1.336032281E-01 -7.212828363E-02 +1.235398162E-01 -1.400979016E-01 +2.294311870E-01
3.50000000000E+09 -1.366103626E-01 +6.037844171E-03 -4.484647674E-02 +1.195053713E-01 -8.964707684E-02 +2.757198975E-01
3.51000000000E+09 -1.585316985E-02 +1.393631889E-01 +4.393383969E-04 +1.235948077E-01 -1.231509061E-02 +2.707735406E-01
3.52000000000E+09 +1.410745811E-01 +3.493310638E-02 +7.066381267E-02 +8.095296136E-02 +3.499640030E-02 +2.030152478E-01
3.53000000000E+09 +4.973880931E-02 -1.400405213E-01 +9.146421645E-02 -2.763363818E-02 +1.116291606E-02 +1.193037371E-01
3.54000000000E+09 -1.332995010E-01 -6.196610085E-02 +1.625751550E-02 -1.189059078E-01 -6.107545433E-02 +8.752014889E-02
3.55000000000E+09 -7.422466464E-02 +1.214633846E-01 -8.630103480E-02 -1.218653905E-01 -1.252646051E-01 +1.149749165E-01
3.56000000000E+09 +1.058961419E-01 +8.681951496E-02 -1.404585283E-01 -7.529615669E-02 -1.518440997E-01 +1.726750295E-01
3.57000000000E+09 +9.961088950E-02 -8.873895797E-02 -1.609224171E-01 -3.954260116E-02 -1.380825623E-01 +2.343230369E-01
3.58000000000E+09 -7.011431245E-02 -1.128564726E-01 -1.888545692E-01 -3.182129672E-03 -8.362840806E-02 +2.782304275E-01
3.59000000000E+09 -1.257896741E-01 +5.117464830E-02 -2.016929007E-01 +7.251882033E-02 -8.467625046E-03 +2.737941421E-01
3.60000000000E+09 +3.419332946E-02 +1.373731375E-01 -1.407237998E-01 +1.601182620E-01 +4.114877940E-02 +2.096947164E-01
3.61000000000E+09 +1.457388911E-01 -2.028434477E-02 -1.616889037E-02 +1.733949981E-01 +2.488960371E-02 +1.215568050E-01
3.62000000000E+09 -7.326794810E-03 -1.478266744E-01 +7.373333110E-02 +8.870300492E-02 -4.879756295E-02 +8.236761700E-02
3.63000000000E+09 -1.442586506E-01 -7.158913906E-03 +7.662958555E-02 -1.091008078E-02 -1.193223331E-01 +1.146840173E-01
3.64000000000E+09 -2.448642603E-02 +1.370209968E-01 +4.424414455E-02 -6.911650716E-02 -1.419503296E-01 +1.815826217E-01
3.65000000000E+09 +1.284001845E-01 +4.342989773E-02 +1.439984882E-02 -1.152489213E-01 -1.152602978E-01 +2.387112431E-01
3.66000000000E+09 +6.329764086E-02 -1.188807823E-01 -4.471466633E-02 -1.667246252E-01 -5.788928866E-02 +2.644170926E-01
3.67000000000E+09 -1.090966021E-01 -8.231754751E-02 -1.515149597E-01 -1.722461589E-01 +4.139664504E-04 +2.440485468E-01
3.68000000000E+09 -9.927917437E-02 +9.969210054E-02 -2.429153908E-01 -8.621212627E-02 +2.758569163E-02 +1.819027751E-01
3.69000000000E+09 +9.034892131E-02 +1.124802369E-01 -2.379121404E-01 +4.221444410E-02 -3.091192152E-04 +1.146239355E-01
3.70000000000E+09 +1.206383158E-01 -7.889439525E-02 -1.514500225E-01 +1.151728599E-01 -6.968674804E-02 +9.549327346E-02
3.71000000000E+09 -6.430610084E-02 -1.255920239E-01 -6.843624481E-02 +1.167714325E-01 -1.296904242E-01 +1.393031079E-01
3.72000000000E+09 -1.290708491E-01 +4.560940989E-02 -1.100887543E-02 +1.023501317E-01 -1.399348984E-01 +2.114864527E-01
3.73000000000E+09 +2.505026041E-02 +1.317275866E-01 +5.761974748E-02 +7.707851103E-02 -9.960450219E-02 +2.652708858E-01
3.74000000000E+09 +1.339888076E-01 -3.868665829E-03 +1.248143385E-01 -4.273872414E-03 -3.276557764E-02 +2.782836177E-01
3.75000000000E+09 +1.648414690E-02 -1.356296731E-01 +1.192606362E-01 -1.346465168E-01 +2.453998710E-02 +2.431543662E-01
3.76000000000E+09 -1.359333832E-01 -3.506119105E-02 +1.515393910E-02 -2.261495911E-01 +4.468960948E-02 +1.769377185E-01
3.77000000000E+09 -5.077608385E-02 +1.337065600E-01 -1.113438238E-01 -2.130873965E-01 +1.386190257E-02 +1.168817387E-01
3.78000000000E+09 +1.276621370E-01 +6.388640002E-02 -1.761344693E-01 -1.372426547E-01 -4.816871156E-02 +9.923992408E-02
3.79000000000E+09 +7.626037716E-02 -1.179357057E-01 -1.898531406E-01 -6.905086796E-02 -1.028303750E-01 +1.317440927E-01
3.80000000000E+09 -1.039325044E-01 -8.855783872E-02 -1.934678773E-01 -3.414474347E-03 -1.212389302E-01 +1.894361554E-01
3.81000000000E+09 -1.003935037E-01 +8.802306173E-02 -1.623844043E-01 +8.480943028E-02 -9.858948201E-02 +2.381156975E-01
3.82000000000E+09 +7.093841501E-02 +1.122219420E-01 -5.783990192E-02 +1.506132793E-01 -4.530933189E-02 +2.579273256E-01
3.83000000000E+09 +1.232711640E-01 -5.374530599E-02 +7.956267837E-02 +1.223894452E-01 +8.257418107E-03 +2.400254590E-01
3.84000000000E+09 -3.701438247E-02 -1.325566126E-01 +1.550406783E-01 +7.260409605E-03 +3.486135871E-02 +1.918948084E-01
3.85000000000E+09 -1.386748110E-01 +2.139272181E-02 +1.341419514E-01 -1.065265072E-01 +2.081624204E-02 +1.402560825E-01
3.86000000000E+09 +6.295651637E-03 +1.413203717E-01 +7.444161705E-02 -1.636481480E-01 -2.010875902E-02 +1.153366247E-01
3.87000000000E+09 +1.404378428E-01 +9.275844455E-03 +2.003953484E-02 -1.930721766E-01 -6.564342237E-02 +1.230725035E-01
3.88000000000E+09 +2.522540911E-02 -1.356162405E-01 -5.463055241E-02 -2.121316534E-01 -9.699650404E-02 +1.515778183E-01
3.89000000000E+09 -1.281388082E-01 -4.114759831E-02 -1.536134730E-01 -1.731365346E-01 -1.067692234E-01 +1.889623853E-01
3.90000000000E+09 -5.768120209E-02 +1.181942129E-01 -2.050927845E-01 -5.643698013E-02 -8.510494068E-02 +2.288420447E-01
3.91000000000E+09 +1.068075197E-01 +7.413605441E-02 -1.546073123E-01 +6.578867677E-02 -4.225369798E-02 +2.496996959E-01
3.92000000000E+09 +9.006903684E-02 -9.497337569E-02 -4.538353061E-02 +1.116998871E-01 +2.117734433E-03 +2.353628194E-01
3.93000000000E+09 -8.301112929E-02 -1.043197110E-01 +4.038769260E-02 +8.607550450E-02 +2.210151858E-02 +1.956939016E-01
3.94000000000E+09 -1.161126137E-01 +7.046441460E-02 +8.561485223E-02 +4.924881210E-02 +1.142437928E-02 +1.563818988E-01
3.95000000000E+09 +5.703473958E-02 +1.247110531E-01 +1.298441499E-01 +1.274106655E-02 -1.972856085E-02 +1.359480639E-01
3.96000000000E+09 +1.301765311E-01 -4.261027078E-02 +1.659038670E-01 -6.368653384E-02 -5.692363382E-02 +1.354822420E-01
3.97000000000E+09 -2.722314380E-02 -1.323919814E-01 +1.317629743E-01 -1.656400654E-01 -8.687562846E-02 +1.589426077E-01
3.98000000000E+09 -1.314870943E-01 +1.022871274E-02 +2.479032229E-02 -2.091664336E-01 -9.201905880E-02 +2.061383468E-01
3.99000000000E+09 -8.044606382E-03 +1.285192967E-01 -7.070115104E-02 -1.605011064E-01 -6.074933051E-02 +2.495887261E-01
4.00000000000E+09 +1.250607732E-01 +2.741326821E-02 -9.735685092E-02 -7.991990092E-02 -5.465602359E-03 +2.574382170E-01
4.01000000000E+09 +4.623205539E-02 -1.207097227E-01 -8.500270265E-02 -2.571174277E-02 +3.745035892E-02 +2.191956742E-01
4.02000000000E+09 -1.153131406E-01 -6.310731003E-02 -7.660961292E-02 +1.692544601E-02 +4.227226602E-02 +1.610214065E-01
4.03000000000E+09 -7.744322284E-02 +1.079375567E-01 -5.082728070E-02 +7.924171760E-02 +8.298591581E-03 +1.203513721E-01
4.04000000000E+09 +9.803149790E-02 +8.984665173E-02 +3.033854591E-02 +1.256346822E-01 -4.059523099E-02 +1.132418528E-01
4.05000000000E+09 +1.000477430E-01 -8.550174430E-02 +1.297938387E-01 +9.691293236E-02 -7.986441888E-02 +1.383644491E-01
4.06000000000E+09 -7.069260402E-02 -1.085159623E-01 +1.709520463E-01 +1.154712874E-02 -9.291365729E-02 +1.848786076E-01
4.07000000000E+09 -1.158341099E-01 +5.429252894E-02 +1.457200734E-01 -5.582216586E-02 -7.098323753E-02 +2.307472263E-01
4.08000000000E+09 +3.656297041E-02 +1.226325600E-01 +1.103093224E-01 -8.137630311E-02 -2.423583726E-02 +2.449781573E-01
4.09000000000E+09 +1.278480386E-01 -1.946275874E-02 +8.537758317E-02 -1.040134575E-01 +1.568618250E-02 +2.134831042E-01
4.10000000000E+09 -3.834776314E-03 -1.311718525E-01 +3.212335883E-02 -1.329711663E-01 +1.755632979E-02 +1.629905288E-01
4.11000000000E+09 -1.307379430E-01 -1.067470875E-02 -5.724951449E-02 -1.131947095E-01 -2.050877620E-02 +1.389033559E-01
4.12000000000E+09 -2.538056969E-02 +1.264841809E-01 -1.126903173E-01 -1.995449158E-02 -6.000048720E-02 +1.569929516E-01
4.13000000000E+09 +1.193793394E-01 +4.080961276E-02 -8.368153714E-02 +8.122778663E-02 -6.771259611E-02 +1.961158396E-01
4.14000000000E+09 +5.690344433E-02 -1.109637889E-01 -1.130232492E-02 +1.238528911E-01 -4.206119158E-02 +2.254649299E-01
4.15000000000E+09 -1.017875222E-01 -7.283315770E-02 +4.272153416E-02 +1.212804346E-01 -4.391851599E-03 +2.272539281E-01
4.16000000000E+09 -8.770251759E-02 +9.215591809E-02 +8.019638888E-02 +1.177320638E-01 +2.348186883E-02 +1.961738071E-01
4.17000000000E+09 +8.257013385E-02 +1.000814553E-01 +1.346951633E-01 +1.028171193E-01 +2.022055312E-02 +1.456715393E-01
4.18000000000E+09 +1.092095796E-01 -7.265252449E-02 +1.816820009E-01 +3.334860157E-02 -2.635851810E-02 +1.129001892E-01
4.19000000000E+09 -6.069854518E-02 -1.136878071E-01 +1.539444519E-01 -6.539918287E-02 -9.213221904E-02 +1.358808886E-01
4.20000000000E+09 -1.154817884E-01 +4.558815765E-02 +5.732307147E-02 -1.076495169E-01 -1.211527408E-01 +2.100731031E-01
4.21000000000E+09 +2.726246797E-02 +1.163833484E-01 -2.622586730E-02 -7.108658174E-02 -8.188809186E-02 +2.845466576E-01
4.22000000000E+09 +1.175792526E-01 -7.446012620E-03 -5.608481161E-02 -1.360421102E-02 +8.074778061E-03 +3.078177210E-01
4.23000000000E+09 +1.191010644E-02 -1.190274482E-01 -6.441550031E-02 +2.503986506E-02 +9.329923524E-02 +2.576001196E-01
4.24000000000E+09 -1.203569977E-01 -2.903245523E-02 -7.885256321E-02 +6.774220682E-02 +1.183516789E-01 +1.536746909E-01
4.25000000000E+09 -4.272793609E-02 +1.197989994E-01 -6.707578851E-02 +1.365769616E-01 +5.941574024E-02 +5.533693616E-02
4.26000000000E+09 +1.153066993E-01 +5.308391926E-02 +4.146066583E-03 +1.849527933E-01 -5.766363061E-02 +3.081429914E-02
4.27000000000E+09 +6.157141804E-02 -1.057005821E-01 +8.665371533E-02 +1.590863506E-01 -1.618979734E-01 +1.020401432E-01
4.28000000000E+09 -9.208873935E-02 -7.101698430E-02 +1.129277823E-01 +9.135654271E-02 -1.881360194E-01 +2.270679329E-01
4.29000000000E+09 -8.181357656E-02 +7.560363798E-02 +9.299899420E-02 +4.597891767E-02 -1.208652146E-01 +3.337165408E-01
4.30000000000E+09 +5.872590345E-02 +9.378776616E-02 +7.590641869E-02 +2.623677379E-02 +7.044815149E-03 +3.667780355E-01
4.31000000000E+09 +1.063131741E-01 -4.279754208E-02 +6.506150274E-02 -5.728324148E-03 +1.273031283E-01 +3.027341651E-01
4.32000000000E+09 -2.972541818E-02 -1.179242050E-01 +1.854546195E-02 -4.973135635E-02 +1.651785200E-01 +1.638608127E-01
4.33000000000E+09 -1.252493124E-01 +1.998645467E-02 -6.979991451E-02 -4.809560655E-02 +8.373036198E-02 +3.660733102E-02
4.34000000000E+09 +1.123477764E-02 +1.256356704E-01 -1.299056494E-01 +2.371471604E-02 -6.514546845E-02 +1.917400512E-02
4.35000000000E+09 +1.199729239E-01 +3.114988848E-04 -1.179387311E-01 +1.002067905E-01 -1.724901350E-01 +1.182262890E-01
4.36000000000E+09 +1.598054964E-02 -1.118111941E-01 -7.959963409E-02 +1.309144631E-01 -1.756217372E-01 +2.536190673E-01
4.37000000000E+09 -1.026398666E-01 -3.406544795E-02 -5.691720418E-02 +1.416047295E-01 -8.739484242E-02 +3.470784606E-01
4.38000000000E+09 -5.321635636E-02 +9.425861149E-02 -3.045811149E-02 +1.617470453E-01 +4.372090759E-02 +3.590566121E-01
4.39000000000E+09 +8.684531564E-02 +7.233128721E-02 +2.808017222E-02 +1.665238833E-01 +1.531160368E-01 +2.767878620E-01
4.40000000000E+09 +8.893128360E-02 -8.188485595E-02 +9.058359900E-02 +1.118347671E-01 +1.685515836E-01 +1.310181501E-01
4.41000000000E+09 -7.818548570E-02 -9.999291871E-02 +8.991510008E-02 +1.481872694E-02 +5.783087652E-02 +1.415322700E-02
4.42000000000E+09 -1.040097026E-01 +7.151344376E-02 +2.087045653E-02 -4.511377027E-02 -1.014381695E-01 +3.009561763E-02
4.43000000000E+09 +5.836871437E-02 +1.043794638E-01 -4.558525214E-02 -4.425703611E-02 -1.822891071E-01 +1.608232860E-01
4.44000000000E+09 +1.052841644E-01 -4.055106109E-02 -8.299009398E-02 -3.139272434E-02 -1.420071276E-01 +2.938216434E-01
4.45000000000E+09 -2.085008513E-02 -1.073453348E-01 -1.235334190E-01 -2.191753653E-02 -2.657264758E-02 +3.518267882E-01
4.46000000000E+09 -1.105090953E-01 +1.383395028E-03 -1.720581247E-01 +1.775724245E-02 +9.539279007E-02 +3.171476843E-01
4.47000000000E+09 -1.665320347E-02 +1.137865216E-01 -1.816985902E-01 +9.717878638E-02 +1.619198503E-01 +2.058005630E-01
4.48000000000E+09 +1.167167876E-01 +3.087957703E-02 -1.212500759E-01 +1.615624405E-01 +1.212515345E-01 +7.070172155E-02
4.49000000000E+09 +4.105750876E-02 -1.162155838E-01 -3.710285025E-02 +1.545563402E-01 -1.990731903E-02 +2.681852808E-03
4.50000000000E+09 -1.092559151E-01 -4.845755671E-02 +3.957456152E-03 +1.029741513E-01 -1.648064681E-01 +7.271368949E-02
4.51000000000E+09 -5.744960049E-02 +9.658875087E-02 +1.296240478E-02 +6.338004010E-02 -2.018887313E-01 +2.311292274E-01
4.52000000000E+09 +8.158622036E-02 +6.932002684E-02 +2.850624778E-02 +2.640647638E-02 -1.170042431E-01 +3.578982750E-01
4.53000000000E+09 +8.284092311E-02 -6.657030306E-02 +3.257827005E-02 -3.999993417E-02 +2.580709554E-02 +3.846681941E-01
4.54000000000E+09 -5.306195686E-02 -9.635587850E-02 -1.938685877E-02 -1.137115052E-01 +1.463821999E-01 +3.088717757E-01
4.55000000000E+09 -1.081247529E-01 +4.160811981E-02 -1.181391927E-01 -1.298296757E-01 +1.796471083E-01 +1.728409028E-01
4.56000000000E+09 +3.260043833E-02 +1.161640071E-01 -1.891905547E-01 -7.036957442E-02 +1.025244663E-01 +4.868859715E-02
4.57000000000E+09 +1.184070488E-01 -2.360793088E-02 -1.905013820E-01 -2.200393325E-04 -4.284098771E-02 +1.555099796E-02
4.58000000000E+09 -1.264433826E-02 -1.147472515E-01 -1.661389485E-01 +3.346900444E-02 -1.628949780E-01 +1.040837416E-01
4.59000000000E+09 -1.084183230E-01 -2.585957522E-03 -1.494890302E-01 +6.008034123E-02 -1.780972571E-01 +2.544664923E-01
4.60000000000E+09 -2.093746984E-02 +1.016578180E-01 -1.100319487E-01 +9.753793066E-02 -8.521014157E-02 +3.646716899E-01
4.61000000000E+09 +9.611226980E-02 +4.046456363E-02 -2.861070299E-02 +1.046756767E-01 +5.321009287E-02 +3.740599373E-01
4.62000000000E+09 +5.915317720E-02 -9.226097636E-02 +5.025851437E-02 +4.110694175E-02 +1.582940048E-01 +2.836610046E-01
4.63000000000E+09 -8.983770159E-02 -7.470759379E-02 +5.989194743E-02 -6.361831256E-02 +1.665836797E-01 +1.486167297E-01
4.64000000000E+09 -8.509712389E-02 +8.678798999E-02 +2.573233662E-03 -1.305282602E-01 +7.522960620E-02 +5.114210834E-02
4.65000000000E+09 +7.992677967E-02 +9.051118287E-02 -5.233943240E-02 -1.411075768E-01 -5.176341957E-02 +4.680728301E-02
4.66000000000E+09 +9.301653840E-02 -6.833690169E-02 -8.548000647E-02 -1.443962772E-01 -1.379310077E-01 +1.313173057E-01
4.67000000000E+09 -5.237669581E-02 -9.554166394E-02 -1.335922144E-01 -1.443227083E-01 -1.431721465E-01 +2.491287591E-01
4.68000000000E+09 -9.859713643E-02 +3.400063772E-02 -1.874811458E-01 -9.899907030E-02 -7.139940126E-02 +3.353403225E-01
4.69000000000E+09 +1.505955686E-02 +1.029956897E-01 -1.903893046E-01 -1.203079426E-02 +3.493402917E-02 +3.432399384E-01
4.70000000000E+09 +1.079174292E-01 +2.878896851E-03 -1.210227112E-01 +5.274526643E-02 +1.156889903E-01 +2.751492344E-01
4.71000000000E+09 +1.784497375E-02 -1.123036068E-01 -3.253679711E-02 +4.533624246E-02 +1.200007104E-01 +1.795039076E-01
4.72000000000E+09 -1.138026620E-01 -2.967030851E-02 +1.066359777E-02 -2.802825684E-03 +5.316405975E-02 +1.202187095E-01
4.73000000000E+09 -3.987982567E-02 +1.106312007E-01 +2.317888343E-02 -3.224823772E-02 -2.213610109E-02 +1.289153583E-01
4.74000000000E+09 +1.034048361E-01 +4.996472720E-02 +5.119144694E-02 -5.630563872E-02 -6.044732239E-02 +1.818276465E-01
4.75000000000E+09 +6.079124050E-02 -9.338337262E-02 +7.200794674E-02 -1.158614771E-01 -5.225339614E-02 +2.415535765E-01
4.76000000000E+09 -8.164508644E-02 -7.186084703E-02 +3.626903346E-02 -1.830007280E-01 -1.265084986E-02 +2.768214549E-01
4.77000000000E+09 -8.322064576E-02 +6.922471457E-02 -3.749881462E-02 -1.948174991E-01 +4.112029630E-02 +2.697363470E-01
4.78000000000E+09 +5.684594846E-02 +9.345061441E-02 -8.156540890E-02 -1.488578917E-01 +7.400351452E-02 +2.273211688E-01
4.79000000000E+09 +1.017426665E-01 -4.541440114E-02 -7.401507281E-02 -1.049973482E-01 +6.161075111E-02 +1.812069446E-01
4.80000000000E+09 -3.343844103E-02 -1.069569284E-01 -6.149885889E-02 -9.226207439E-02 +1.754094306E-02 +1.686990054E-01
4.81000000000E+09 -1.089246826E-01 +2.082975048E-02 -6.993321282E-02 -6.874403796E-02 -1.546749274E-02 +1.914245052E-01
4.82000000000E+09 +6.774166795E-03 +1.089073238E-01 -5.321123929E-02 -1.271554685E-02 -1.344932420E-02 +2.250484750E-01
4.83000000000E+09 +1.075467838E-01 +7.985113681E-03 +1.917403046E-02 +2.433102119E-02 +1.023390882E-02 +2.473670888E-01
4.84000000000E+09 +2.279233054E-02 -1.049593697E-01 +9.937119069E-02 -4.794904733E-03 +3.987250498E-02 +2.464675123E-01
4.85000000000E+09 -1.012567169E-01 -3.739845369E-02 +1.277859095E-01 -6.873074171E-02 +6.522048873E-02 +2.203412549E-01
4.86000000000E+09 -5.044783879E-02 +9.622380193E-02 +1.159763509E-01 -1.090828838E-01 +6.640076791E-02 +1.824480646E-01
4.87000000000E+09 +9.035777743E-02 +6.173123216E-02 +1.112192257E-01 -1.280889146E-01 +3.284489560E-02 +1.553796199E-01
4.88000000000E+09 +7.079385640E-02 -8.198265585E-02 +1.061809646E-01 -1.651104537E-01 -1.725865657E-02 +1.629954245E-01
4.89000000000E+09 -7.146183725E-02 -7.831115885E-02 +5.617037711E-02 -2.034101754E-01 -4.741465976E-02 +2.022370637E-01
4.90000000000E+09 -8.524437259E-02 +5.856799525E-02 -2.385621427E-02 -1.829524975E-01 -3.847992659E-02 +2.502554014E-01
4.91000000000E+09 +4.466555631E-02 +9.101094707E-02 -6.248232205E-02 -1.002134908E-01 -3.035939066E-03 +2.864328599E-01
4.92000000000E+09 +9.610355463E-02 -3.018677418E-02 -3.071298273E-02 -2.195178327E-02 +4.443150626E-02 +2.977720666E-01
4.93000000000E+09 -1.509294588E-02 -1.001611885E-01 +2.428043637E-02 +7.055169992E-03 +9.526434074E-02 +2.753208247E-01
4.94000000000E+09 -1.030555669E-01 +3.593143487E-04 +5.874634700E-02 +1.359661910E-02 +1.264612579E-01 +2.214292722E-01
4.95000000000E+09 -1.305314823E-02 +1.047420021E-01 +9.283410062E-02 +3.106297700E-02 +1.107684760E-01 +1.574728011E-01
4.96000000000E+09 +1.038593392E-01 +2.467715470E-02 +1.559171705E-01 +3.137129747E-02 +4.920576915E-02 +1.196664491E-01
4.97000000000E+09 +3.513123006E-02 -9.999596256E-02 +2.102964725E-01 -2.508731191E-02 -2.127263873E-02 +1.313623436E-01
4.98000000000E+09 -9.242015713E-02 -4.546195355E-02 +1.988650778E-01 -1.038520838E-01 -5.926795520E-02 +1.882705139E-01
4.99000000000E+09 -5.536241312E-02 +8.253940157E-02 +1.380185850E-01 -1.380806118E-01 -5.468074980E-02 +2.597975354E-01
5.00000000000E+09 +7.115491860E-02 +6.580172590E-02 +8.824017120E-02 -1.232329342E-01 -6.222814325E-03 +3.145780493E-01
5.01000000000E+09 +7.629105633E-02 -5.843527066E-02 +6.384598306E-02 -1.034391090E-01 +7.063070456E-02 +3.255142852E-01
5.02000000000E+09 -4.573587878E-02 -8.663081460E-02 +3.167085783E-02 -8.910098543E-02 +1.438063143E-01 +2.749624638E-01
5.03000000000E+09 -9.609810531E-02 +3.419540052E-02 -1.311064858E-02 -4.284687768E-02 +1.633966420E-01 +1.835515627E-01
5.04000000000E+09 +2.435477384E-02 +1.027686825E-01 -1.859637183E-02 +4.650999298E-02 +1.049896400E-01 +1.015376493E-01
5.05000000000E+09 +1.051259827E-01 -1.499898729E-02 +4.633594141E-02 +1.179982383E-01 +5.128153704E-03 +8.610110028E-02
5.06000000000E+09 -4.060981193E-03 -1.027549964E-01 +1.290391293E-01 +1.203173928E-01 -7.014977970E-02 +1.469524521E-01
5.07000000000E+09 -9.766866870E-02 -8.551825058E-03 +1.729356268E-01 +8.445076464E-02 -8.566618162E-02 +2.411963850E-01
5.08000000000E+09 -2.329438715E-02 +9.117653821E-02 +1.909697916E-01 +5.471573377E-02 -3.875649676E-02 +3.204556521E-01
5.09000000000E+09 +8.390530412E-02 +3.905310227E-02 +2.110220269E-01 +2.009982149E-02 +4.881287932E-02 +3.472847619E-01
5.10000000000E+09 +5.531724361E-02 -7.726356442E-02 +2.115613774E-01 -4.495780603E-02 +1.378720367E-01 +3.036351362E-01
5.11000000000E+09 -7.163614978E-02 -7.069001223E-02 +1.493568691E-01 -1.137213322E-01 +1.714953611E-01 +2.063564013E-01
5.12000000000E+09 -8.212857445E-02 +6.762392116E-02 +3.677171509E-02 -1.167786224E-01 +1.129263789E-01 +1.162428666E-01
5.13000000000E+09 +6.260336234E-02 +8.818164196E-02 -4.292859756E-02 -3.685522176E-02 +3.791609466E-03 +1.086853404E-01
5.14000000000E+09 +8.994945961E-02 -5.302756106E-02 -4.706172680E-02 +5.318447280E-02 -6.399375514E-02 +1.861146302E-01
5.15000000000E+09 -3.922515698E-02 -9.045632333E-02 -2.218385451E-02 +1.065373458E-01 -5.295883024E-02 +2.829015214E-01
5.16000000000E+09 -9.123255766E-02 +2.274076332E-02 +1.113735899E-03 +1.493861718E-01 +1.488303179E-02 +3.416168259E-01
5.17000000000E+09 +5.262672418E-03 +9.224399033E-02 +4.895301455E-02 +1.941400399E-01 +1.056777644E-01 +3.386680500E-01
5.18000000000E+09 +9.411479210E-02 +1.264249666E-02 +1.344328058E-01 +2.006669460E-01 +1.802194240E-01 +2.709855744E-01
5.19000000000E+09 +2.904878411E-02 -9.626921636E-02 +2.096263003E-01 +1.323303913E-01 +1.852991536E-01 +1.628968175E-01
5.20000000000E+09 -9.842086298E-02 -4.091449510E-02 +2.073802077E-01 +2.319190374E-02 +9.474104607E-02 +8.377781900E-02
5.21000000000E+09 -4.832489864E-02 +9.709848101E-02 +1.325442488E-01 -4.386820322E-02 -3.283499955E-02 +1.107363992E-01
5.22000000000E+09 +8.917968209E-02 +5.412308340E-02 +5.737838295E-02 -5.016081709E-02 -8.319839311E-02 +2.261528671E-01
5.23000000000E+09 +6.161947083E-02 -7.697828800E-02 +2.379401085E-03 -4.267992413E-02 -2.776274247E-02 +3.310135581E-01
5.24000000000E+09 -6.329813107E-02 -7.081828345E-02 -6.289978118E-02 -2.559636228E-02 +7.548366513E-02 +3.622979598E-01
5.25000000000E+09 -8.066513567E-02 +4.946097927E-02 -1.275491849E-01 +3.749289259E-02 +1.708284732E-01 +3.168108456E-01
5.26000000000E+09 +3.582719803E-02 +9.049675516E-02 -1.358090987E-01 +1.409720863E-01 +2.182669320E-01 +2.177201364E-01
5.27000000000E+09 +9.879611986E-02 -2.377184913E-02 -6.617208036E-02 +2.180939462E-01 +1.815144500E-01 +1.063681185E-01
5.28000000000E+09 -1.464075556E-02 -1.044359875E-01 +2.553204829E-02 +2.165249406E-01 +5.757486534E-02 +5.113344823E-02
5.29000000000E+09 -1.047503524E-01 +6.146197509E-03 +7.425366938E-02 +1.668557309E-01 -7.546186409E-02 +1.143381309E-01
5.30000000000E+09 -4.692588375E-03 +9.977944521E-02 +9.124494111E-02 +1.223220547E-01 -1.060292216E-01 +2.565528140E-01
5.31000000000E+09 +9.332255098E-02 +1.901916788E-02 +1.081119734E-01 +7.116905401E-02 -2.080050708E-02 +3.665391863E-01
5.32000000000E+09 +3.507388445E-02 -8.696536943E-02 +9.833335409E-02 -1.066647582E-02 +1.058358336E-01 +3.827255762E-01
5.33000000000E+09 -8.156797599E-02 -5.089446314E-02 +2.141049357E-02 -8.640346834E-02 +2.017032439E-01 +3.122600431E-01
5.34000000000E+09 -6.513216109E-02 +7.643953600E-02 -9.640229744E-02 -8.814570267E-02 +2.286611644E-01 +2.008269937E-01
5.35000000000E+09 +7.130159809E-02 +7.639734772E-02 -1.719207486E-01 -1.236922764E-02 +1.723132527E-01 +1.020188413E-01
5.36000000000E+09 +8.374412618E-02 -6.564224961E-02 -1.714262248E-01 +6.642581307E-02 +5.201875606E-02 +6.867574657E-02
5.37000000000E+09 -5.696959245E-02 -8.703568234E-02 -1.460197481E-01 +1.040855234E-01 -5.866704930E-02 +1.342263250E-01
5.38000000000E+09 -8.808385379E-02 +4.401686973E-02 -1.277355324E-01 +1.332146653E-01 -7.643759310E-02 +2.623127152E-01
5.39000000000E+09 +2.732675457E-02 +8.994731317E-02 -8.455628905E-02 +1.680761162E-01 +6.103390584E-03 +3.586194704E-01
5.40000000000E+09 +9.267776905E-02 -9.643904131E-03 -4.585992248E-03 +1.643375437E-01 +1.213978299E-01 +3.654899465E-01
5.41000000000E+09 +6.816918348E-03 -9.676172225E-02 +5.950150344E-02 +9.050413151E-02 +1.979546905E-01 +2.931998898E-01
5.42000000000E+09 -1.003893593E-01 -2.093668124E-02 +4.687558814E-02 -9.600554858E-03 +2.026331569E-01 +1.970330999E-01
5.43000000000E+09 -3.214543519E-02 +1.017837460E-01 -2.267991163E-02 -5.653596842E-02 +1.477853256E-01 +1.347961007E-01
5.44000000000E+09 +9.959579505E-02 +4.130302293E-02 -7.157816290E-02 -4.642322744E-02 +7.139035011E-02 +1.247311309E-01
5.45000000000E+09 +4.932534308E-02 -9.388367950E-02 -8.644038334E-02 -4.043999776E-02 +1.129174329E-02 +1.634801585E-01
5.46000000000E+09 -8.456501185E-02 -5.746791538E-02 -1.138854395E-01 -4.580544529E-02 +1.740242457E-04 +2.330534550E-01
5.47000000000E+09 -6.666261785E-02 +7.277295812E-02 -1.510510727E-01 -1.836870923E-02 +4.259000000E-02 +2.893459759E-01
5.48000000000E+09 +6.030041847E-02 +7.638015095E-02 -1.459182355E-01 +3.822117735E-02 +1.032199513E-01 +2.938010084E-01
5.49000000000E+09 +8.607113491E-02 -4.901891983E-02 -8.920932000E-02 +6.427894773E-02 +1.363035545E-01 +2.520557038E-01
5.50000000000E+09 -3.863083180E-02 -9.373965217E-02 -4.088431423E-02 +3.096814128E-02 +1.266692567E-01 +2.092645641E-01
5.51000000000E+09 -9.822833169E-02 +2.832991367E-02 -4.510070809E-02 -9.724762963E-03 +9.598531387E-02 +2.030585176E-01
5.52000000000E+09 +1.679917411E-02 +9.984244701E-02 -5.968220523E-02 -7.483068513E-03 +7.966370902E-02 +2.188116137E-01
5.53000000000E+09 +9.986450458E-02 -4.565120316E-03 -3.414597701E-02 +3.287303596E-03 +8.198101252E-02 +2.337624222E-01
5.54000000000E+09 +8.255768956E-03 -9.833163172E-02 +2.419770313E-03 -2.834751842E-02 +9.400488407E-02 +2.437725968E-01
5.55000000000E+09 -9.517743090E-02 -2.110097716E-02 -3.547124798E-03 -7.950032168E-02 +1.117127856E-01 +2.470349258E-01
5.56000000000E+09 -3.380340526E-02 +9.090233122E-02 -3.737380004E-02 -9.484918391E-02 +1.269260740E-01 +2.315657559E-01
5.57000000000E+09 +8.614938725E-02 +4.535760538E-02 -4.452439035E-02 -8.089089829E-02 +1.214089828E-01 +2.041724186E-01
5.58000000000E+09 +5.529091749E-02 -8.023316705E-02 -2.635277281E-02 -9.077904528E-02 +9.739407122E-02 +1.939299408E-01
5.59000000000E+09 -7.209924295E-02 -6.352375528E-02 -3.804331702E-02 -1.259944173E-01 +7.623142092E-02 +2.140612381E-01
5.60000000000E+09 -7.066126229E-02 +6.175735661E-02 -8.641694407E-02 -1.272104088E-01 +7.591575533E-02 +2.413127722E-01
5.61000000000E+09 +5.081437013E-02 +7.721823911E-02 -1.104867964E-01 -7.567327771E-02 +8.995124788E-02 +2.532014707E-01
5.62000000000E+09 +8.275737282E-02 -3.931545989E-02 -7.685491031E-02 -2.641676843E-02 +1.066120983E-01 +2.556945712E-01
5.63000000000E+09 -2.746052365E-02 -8.664523562E-02 -2.732709601E-02 -2.302319385E-02 +1.236368492E-01 +2.602818935E-01
5.64000000000E+09 -8.899895845E-02 +1.494906499E-02 -5.630510532E-03 -3.671046711E-02 +1.454695697E-01 +2.521916895E-01
5.65000000000E+09 +2.608072926E-03 +9.025658922E-02 +1.155507707E-02 -2.925488356E-02 +1.623191752E-01 +2.260761174E-01
5.66000000000E+09 +9.034755286E-02 +9.288061338E-03 +6.116478579E-02 -2.682133643E-02 +1.581426495E-01 +1.925340342E-01
5.67000000000E+09 +2.026247799E-02 -8.854267620E-02 +1.140579968E-01 -7.543498360E-02 +1.346069755E-01 +1.731803803E-01
5.68000000000E+09 -8.480654447E-02 -3.040195176E-02 +1.105736638E-01 -1.526019512E-01 +9.892058508E-02 +1.685600822E-01
5.69000000000E+09 -3.948215282E-02 +7.965796661E-02 +5.564203937E-02 -1.917586564E-01 +6.117726312E-02 +1.803669645E-01
5.70000000000E+09 +7.265059728E-02 +4.737548726E-02 +8.431944437E-03 -1.799895113E-01 +3.673256970E-02 +2.214419180E-01
5.71000000000E+09 +5.427110264E-02 -6.363378130E-02 -1.209883382E-02 -1.607773711E-01 +4.693038972E-02 +2.850813216E-01
5.72000000000E+09 -5.242037066E-02 -6.126674569E-02 -3.889444453E-02 -1.452035994E-01 +1.045287715E-01 +3.275524612E-01
5.73000000000E+09 -6.818981646E-02 +4.066563905E-02 -7.420751598E-02 -9.592693079E-02 +1.781809546E-01 +3.198408477E-01
5.74000000000E+09 +2.936409383E-02 +7.510910601E-02 -6.617945090E-02 -5.064976583E-03 +2.289653583E-01 +2.581575778E-01
5.75000000000E+09 +8.078870791E-02 -1.900822923E-02 +1.758393877E-02 +6.723565919E-02 +2.270045331E-01 +1.818460958E-01
5.76000000000E+09 -9.861676225E-03 -8.451908796E-02 +1.282398644E-01 +5.984806100E-02 +1.713506340E-01 +1.226804063E-01
5.77000000000E+09 -8.511691814E-02 +1.811321263E-03 +1.921802067E-01 -5.732758785E-03 +8.536374150E-02 +1.143015958E-01
5.78000000000E+09 -5.927497177E-03 +8.230698840E-02 +2.061221614E-01 -6.846338426E-02 +1.644215188E-02 +1.754880131E-01
5.79000000000E+09 +7.642928547E-02 +1.496583304E-02 +2.057705429E-01 -1.215470275E-01 +1.460265024E-02 +2.787836633E-01
5.80000000000E+09 +2.608344691E-02 -6.843931080E-02 +1.810790378E-01 -1.855983654E-01 +8.910569521E-02 +3.541024803E-01
5.81000000000E+09 -6.047097940E-02 -3.803259156E-02 +1.018584143E-01 -2.339363537E-01 +1.934031635E-01 +3.539436525E-01
5.82000000000E+09 -5.053706531E-02 +5.348171524E-02 -1.166657980E-02 -2.107844277E-01 +2.663208800E-01 +2.751600768E-01
5.83000000000E+09 +4.779985000E-02 +6.174561066E-02 -8.551886834E-02 -1.030943287E-01 +2.714476806E-01 +1.698963899E-01
5.84000000000E+09 +7.013169253E-02 -4.350695806E-02 -6.612827869E-02 +2.437168160E-02 +1.979670377E-01 +9.182487693E-02
5.85000000000E+09 -3.876343572E-02 -7.414427993E-02 +1.309810182E-02 +9.936231575E-02 +9.051096999E-02 +8.815436463E-02
5.86000000000E+09 -7.439443722E-02 +3.202384446E-02 +9.463097821E-02 +1.263589313E-01 +1.564389052E-02 +1.640920728E-01
5.87000000000E+09 +2.162713447E-02 +7.229055730E-02 +1.791697883E-01 +1.290245832E-01 +2.114881684E-02 +2.749261442E-01
5.88000000000E+09 +6.973492240E-02 -8.232236368E-03 +2.693013380E-01 +8.515553131E-02 +1.021951857E-01 +3.491283981E-01
5.89000000000E+09 +6.410828481E-03 -6.785548243E-02 +3.194207532E-01 -1.853562365E-02 +2.067054393E-01 +3.399547448E-01
5.90000000000E+09 -6.736698052E-02 -2.105599470E-02 +2.832605311E-01 -1.388654041E-01 +2.734256282E-01 +2.489318058E-01
5.91000000000E+09 -3.411632222E-02 +6.804720699E-02 +1.702579536E-01 -2.034107655E-01 +2.581379941E-01 +1.409182447E-01
5.92000000000E+09 +6.956420139E-02 +4.324342445E-02 +5.011978781E-02 -1.780858841E-01 +1.592330105E-01 +8.768895395E-02
5.93000000000E+09 +4.823908270E-02 -6.803762453E-02 -2.257763850E-02 -1.039943944E-01 +5.950781023E-02 +1.298918447E-01
5.94000000000E+09 -6.214634636E-02 -5.079330391E-02 -6.185874502E-02 -1.914990574E-02 +2.811212855E-02 +2.275418796E-01
5.95000000000E+09 -5.363466439E-02 +5.193992241E-02 -6.982511801E-02 +8.892493163E-02 +7.823301395E-02 +3.181706027E-01
5.96000000000E+09 +3.936341480E-02 +5.748205190E-02 -9.135769400E-03 +2.015409607E-01 +1.721510325E-01 +3.477290500E-01
5.97000000000E+09 +6.243496783E-02 -2.587929623E-02 +1.162531155E-01 +2.546237567E-01 +2.647373144E-01 +2.987007620E-01
5.98000000000E+09 -1.295155702E-02 -6.843532091E-02 +2.423992325E-01 +2.130537855E-01 +3.023466344E-01 +1.889395659E-01
5.99000000000E+09 -7.453327286E-02 +1.917000463E-03 +3.030397640E-01 +1.078170020E-01 +2.418573196E-01 +8.170050057E-02
6.00000000000E+09 -5.498045612E-03 +7.939983725E-02 +2.880380399E-01 +5.540722910E-03 +1.128606326E-01 +6.391645843E-02
6.01000000000E+09 +7.939276338E-02 +1.163857807E-02 +2.378076305E-01 -6.605552546E-02 +1.916139309E-02 +1.593031299E-01
6.02000000000E+09 +1.799657321E-02 -7.519503786E-02 +1.613140554E-01 -1.227394940E-01 +3.596507155E-02 +2.819125736E-01
6.03000000000E+09 -6.869130361E-02 -2.668542052E-02 +4.082052064E-02 -1.402162794E-01 +1.298995041E-01 +3.442198453E-01
6.04000000000E+09 -3.632594491E-02 +6.137712155E-02 -8.526424720E-02 -7.030970216E-02 +2.339014039E-01 +3.291092073E-01
6.05000000000E+09 +5.367784040E-02 +4.669440036E-02 -1.381392036E-01 +7.049712385E-02 +3.069542801E-01 +2.447758437E-01
6.06000000000E+09 +5.682410635E-02 -4.654976465E-02 -9.034510753E-02 +2.007074976E-01 +3.045580755E-01 +1.230973336E-01
6.07000000000E+09 -4.078737120E-02 -6.545920738E-02 +7.514508276E-03 +2.595975834E-01 +2.057292149E-01 +3.170441643E-02
6.08000000000E+09 -7.064261814E-02 +3.596881838E-02 +9.570557848E-02 +2.588790401E-01 +5.429131926E-02 +5.312237418E-02
6.09000000000E+09 +2.865276327E-02 +7.132031455E-02 +1.708782580E-01 +2.302929383E-01 -2.479371473E-02 +1.883596320E-01
6.10000000000E+09 +7.021373838E-02 -1.838972129E-02 +2.390148369E-01 +1.590191660E-01 +2.188415142E-02 +3.259011452E-01
6.11000000000E+09 -5.547629091E-03 -6.938178465E-02 +2.551251673E-01 +3.522623795E-02 +1.465509444E-01 +3.788304483E-01
6.12000000000E+09 -6.893728290E-02 -7.588659813E-03 +1.754184499E-01 -8.525547198E-02 +2.604901251E-01 +3.472974853E-01
6.13000000000E+09 -2.052354388E-02 +6.878661978E-02 +3.081240464E-02 -1.222562744E-01 +3.283206461E-01 +2.511616885E-01
6.14000000000E+09 +6.858857012E-02 +3.231794662E-02 -9.026129885E-02 -6.114911290E-02 +3.212858566E-01 +1.332874453E-01
6.15000000000E+09 +4.218040881E-02 -6.846324771E-02 -1.381601183E-01 +3.425884294E-02 +2.286079314E-01 +4.745230058E-02
6.16000000000E+09 -6.669918032E-02 -4.836036281E-02 -1.411919211E-01 +1.130521370E-01 +9.172374183E-02 +6.074915448E-02
6.17000000000E+09 -5.190287099E-02 +6.069249147E-02 -1.232755400E-01 +1.880651960E-01 +1.438664116E-02 +1.739675510E-01
6.18000000000E+09 +5.073971098E-02 +5.542255257E-02 -5.729058543E-02 +2.565240561E-01 +4.938162314E-02 +2.935426190E-01
6.19000000000E+09 +6.083925274E-02 -3.867716042E-02 +5.450564316E-02 +2.644907704E-01 +1.534274738E-01 +3.450534516E-01
6.20000000000E+09 -2.654606202E-02 -6.678762119E-02 +1.468940746E-01 +1.851510937E-01 +2.491118272E-01 +3.189403462E-01
6.21000000000E+09 -7.340869997E-02 +1.523202659E-02 +1.570540756E-01 +6.565309710E-02 +2.985184983E-01 +2.432491885E-01
6.22000000000E+09 +4.998894703E-03 +7.904910967E-02 +9.567432806E-02 -1.662960883E-02 +2.891368884E-01 +1.605543720E-01
6.23000000000E+09 +8.339885338E-02 +3.555937415E-03 +2.722683962E-02 -4.396811929E-02 +2.277570678E-01 +1.060547982E-01
6.24000000000E+09 +1.041441641E-02 -8.452022902E-02 -2.817003222E-02 -5.768203612E-02 +1.454852680E-01 +1.141276973E-01
6.25000000000E+09 -8.184085645E-02 -1.711074140E-02 -1.015858100E-01 -5.795668012E-02 +1.008690754E-01 +1.812887726E-01
6.26000000000E+09 -2.540653791E-02 +7.570400918E-02 -1.749709887E-01 -3.093353746E-03 +1.289396954E-01 +2.491662230E-01
6.27000000000E+09 +6.866367143E-02 +3.582315042E-02 -1.866754185E-01 +9.243570402E-02 +1.947140449E-01 +2.690706648E-01
6.28000000000E+09 +4.669142123E-02 -6.173840157E-02 -1.261961172E-01 +1.594224237E-01 +2.462717209E-01 +2.350654282E-01
6.29000000000E+09 -5.602092004E-02 -5.750571917E-02 -5.027101139E-02 +1.593768344E-01 +2.509835012E-01 +1.808634502E-01
6.30000000000E+09 -6.624184948E-02 +5.042053451E-02 -8.838448212E-03 +1.254514166E-01 +2.155704619E-01 +1.405725898E-01
6.31000000000E+09 +4.518584894E-02 +7.268084751E-02 +1.652168022E-02 +9.927011231E-02 +1.611421696E-01 +1.381303114E-01
6.32000000000E+09 +7.578489725E-02 -3.859552366E-02 +5.393357894E-02 +5.790136759E-02 +1.205118107E-01 +1.795019874E-01
6.33000000000E+09 -3.008247541E-02 -7.651600533E-02 +6.340276710E-02 -2.542596008E-02 +1.237281128E-01 +2.428591900E-01
6.34000000000E+09 -7.586233043E-02 +1.877700567E-02 +3.407198857E-03 -1.003937895E-01 +1.778068004E-01 +2.863482927E-01
6.35000000000E+09 +5.834216549E-03 +7.550369534E-02 -8.502757576E-02 -1.061200620E-01 +2.512256172E-01 +2.795440341E-01
6.36000000000E+09 +7.558009770E-02 +7.513445108E-03 -1.329348753E-01 -5.745062253E-02 +2.965804665E-01 +2.230297555E-01
6.37000000000E+09 +2.002511337E-02 -7.637747441E-02 -1.297061724E-01 -1.471392960E-02 +2.885459141E-01 +1.491259371E-01
6.38000000000E+09 -7.659208166E-02 -3.048462105E-02 -1.197990712E-01 +7.730996592E-04 +2.313053453E-01 +9.782672459E-02
6.39000000000E+09 -3.847709604E-02 +7.607321038E-02 -1.197113050E-01 +2.522411387E-02 +1.541385347E-01 +9.936842488E-02
6.40000000000E+09 +7.242966341E-02 +4.386198975E-02 -8.623034287E-02 +6.691303068E-02 +9.543860041E-02 +1.588079285E-01
6.41000000000E+09 +4.787660487E-02 -6.572884297E-02 -1.067321859E-02 +6.741901295E-02 +9.581240633E-02 +2.500809402E-01
6.42000000000E+09 -5.530385483E-02 -5.233214035E-02 +4.011970212E-02 +5.182344732E-03 +1.627615429E-01 +3.162367989E-01
6.43000000000E+09 -5.801336978E-02 +4.348000754E-02 +2.848582284E-02 -6.004871571E-02 +2.586902155E-01 +3.200290524E-01
6.44000000000E+09 +3.116334225E-02 +6.455169727E-02 -5.680104869E-03 -8.073547655E-02 +3.310568966E-01 +2.583122585E-01
6.45000000000E+09 +7.146013893E-02 -1.984782888E-02 -1.483397935E-02 -7.703853505E-02 +3.466030142E-01 +1.639207787E-01
6.46000000000E+09 -9.827564734E-03 -7.778976153E-02 -9.192269294E-03 -9.255200108E-02 +2.979349188E-01 +7.708743844E-02
6.47000000000E+09 -8.268377769E-02 +1.995537521E-03 -3.250182371E-02 -1.180011834E-01 +2.021225155E-01 +4.592739907E-02
6.48000000000E+09 -3.977042382E-03 +8.400972699E-02 -7.463077185E-02 -1.017808338E-01 +1.032197896E-01 +9.309281514E-02
6.49000000000E+09 +8.130580188E-02 +9.438906480E-03 -7.486960021E-02 -5.092641147E-02 +6.396844212E-02 +2.013700349E-01
6.50000000000E+09 +1.712334127E-02 -7.451846942E-02 -3.214770381E-02 -2.936507300E-02 +1.185223820E-01 +3.019408679E-01
6.51000000000E+09 -6.670535577E-02 -2.703236582E-02 -4.233923471E-03 -4.623503778E-02 +2.244929104E-01 +3.368252468E-01
6.52000000000E+09 -3.854031316E-02 +5.882158166E-02 -5.752245388E-03 -5.381751706E-02 +3.186026134E-01 +2.900119370E-01
6.53000000000E+09 +5.207692290E-02 +5.003159068E-02 +4.457563392E-03 -3.369184334E-02 +3.562418037E-01 +1.963877177E-01
6.54000000000E+09 +6.069053251E-02 -4.624829998E-02 +5.133580000E-02 -2.677913629E-02 +3.233267789E-01 +1.019443130E-01
6.55000000000E+09 -4.162356058E-02 -6.894348444E-02 +9.318465643E-02 -6.984002916E-02 +2.367179141E-01 +5.883456068E-02
6.56000000000E+09 -7.361072017E-02 +3.694478445E-02 +7.909439013E-02 -1.243849543E-01 +1.382090798E-01 +9.166044468E-02
6.57000000000E+09 +3.096806484E-02 +7.446677801E-02 +3.857443804E-02 -1.308917873E-01 +9.131963632E-02 +1.877837725E-01
6.58000000000E+09 +7.270305854E-02 -2.140033963E-02 +2.987254659E-02 -1.094205737E-01 +1.338261484E-01 +2.861497413E-01
6.59000000000E+09 -9.219196205E-03 -7.095587648E-02 +3.869166895E-02 -1.099203245E-01 +2.349748236E-01 +3.241828624E-01
6.60000000000E+09 -6.993344055E-02 -4.632987415E-03 +2.124392480E-02 -1.194326746E-01 +3.289132171E-01 +2.811771747E-01
6.61000000000E+09 -1.787253103E-02 +7.004806496E-02 -1.237827955E-02 -9.170203135E-02 +3.631442614E-01 +1.919747440E-01
6.62000000000E+09 +7.083473627E-02 +2.979662365E-02 -5.990544776E-03 -2.685857964E-02 +3.276084974E-01 +1.032658987E-01
6.63000000000E+09 +3.862316926E-02 -7.099348742E-02 +5.838322654E-02 +1.053826579E-02 +2.459595342E-01 +7.355861054E-02
6.64000000000E+09 -6.878269637E-02 -4.485369119E-02 +1.170691618E-01 -1.614218807E-02 +1.694078402E-01 +1.087633597E-01
6.65000000000E+09 -4.915085228E-02 +6.335575582E-02 +1.233480160E-01 -5.404212697E-02 +1.414250379E-01 +1.860107735E-01
6.66000000000E+09 +5.437493946E-02 +5.338487741E-02 +1.168115954E-01 -5.892699895E-02 +1.806113909E-01 +2.551368852E-01
6.67000000000E+09 +5.861209703E-02 -4.359360571E-02 +1.327774362E-01 -6.318058352E-02 +2.609508012E-01 +2.758425459E-01
6.68000000000E+09 -3.180299481E-02 -6.510710349E-02 +1.386588479E-01 -9.735693191E-02 +3.283102632E-01 +2.312455256E-01
6.69000000000E+09 -7.221800121E-02 +2.125801907E-02 +9.651105058E-02 -1.278004271E-01 +3.385889500E-01 +1.548218603E-01
6.70000000000E+09 +1.269024588E-02 +7.889594281E-02 +3.471522095E-02 -9.958220800E-02 +2.843477992E-01 +9.302530680E-02
6.71000000000E+09 +8.242114133E-02 -6.521243525E-03 +2.470659604E-02 -2.677855281E-02 +2.102448059E-01 +1.017102719E-01
6.72000000000E+09 -1.260239083E-04 -8.186938212E-02 +6.909576530E-02 +1.386177792E-02 +1.725294876E-01 +1.611391072E-01
6.73000000000E+09 -7.820891398E-02 -7.709736898E-03 +9.943473033E-02 +8.940567771E-03 +1.899197218E-01 +2.212544646E-01
6.74000000000E+09 -1.747706539E-02 +7.305703594E-02 +1.009615244E-01 +1.302519443E-02 +2.435639864E-01 +2.478364681E-01
6.75000000000E+09 +6.746590760E-02 +2.830218092E-02 +1.199680388E-01 +3.667372423E-02 +3.037937545E-01 +2.357037119E-01
6.76000000000E+09 +3.997060087E-02 -6.187288367E-02 +1.662798985E-01 +3.234693677E-02 +3.375142433E-01 +1.818548601E-01
6.77000000000E+09 -5.744927894E-02 -5.098237684E-02 +1.871594381E-01 -1.973868925E-02 +3.182856806E-01 +1.192302518E-01
6.78000000000E+09 -6.006475607E-02 +5.424368942E-02 +1.436243513E-01 -6.565369092E-02 +2.492287635E-01 +8.825067265E-02
6.79000000000E+09 +5.068844463E-02 +6.472034949E-02 +8.289092430E-02 -4.715670532E-02 +1.871119892E-01 +1.311899812E-01
6.80000000000E+09 +6.657199465E-02 -4.393816511E-02 +7.166268884E-02 +2.284171014E-04 +1.854306458E-01 +2.074144580E-01
6.81000000000E+09 -3.398495934E-02 -6.748413650E-02 +8.500818172E-02 +1.469508030E-02 +2.380271353E-01 +2.543306562E-01
6.82000000000E+09 -6.905986762E-02 +2.226845711E-02 +7.119449270E-02 +1.572897463E-02 +3.043739880E-01 +2.485434971E-01
6.83000000000E+09 +1.012756799E-02 +7.084104264E-02 +4.892571424E-02 +5.076726731E-02 +3.513347334E-01 +2.089558124E-01
6.84000000000E+09 +7.276338931E-02 +2.069252488E-03 +7.110979088E-02 +1.037200453E-01 +3.625937019E-01 +1.485911925E-01
6.85000000000E+09 +1.316842058E-02 -7.465671349E-02 +1.324868713E-01 +1.112657088E-01 +3.303130174E-01 +9.371660562E-02
6.86000000000E+09 -7.624577905E-02 -2.245153930E-02 +1.634346675E-01 +5.927664025E-02 +2.635849605E-01 +7.285663753E-02
6.87000000000E+09 -2.884791513E-02 +7.543012802E-02 +1.303311238E-01 +1.493066303E-02 +2.087406136E-01 +1.121739656E-01
6.88000000000E+09 +7.143201008E-02 +3.447509443E-02 +9.002363973E-02 +2.214370649E-02 +2.052837862E-01 +1.772690125E-01
6.89000000000E+09 +4.071167802E-02 -6.443817802E-02 +8.379899668E-02 +3.550587542E-02 +2.477023305E-01 +2.185046562E-01
6.90000000000E+09 -5.653387534E-02 -4.803235450E-02 +7.234087294E-02 +2.170555703E-02 +2.951046730E-01 +2.130106718E-01
6.91000000000E+09 -5.546023861E-02 +4.840013887E-02 +2.528826058E-02 +2.178718452E-02 +3.237887938E-01 +1.861630833E-01
6.92000000000E+09 +4.033861803E-02 +6.241325918E-02 -1.246663568E-02 +7.421748315E-02 +3.261300609E-01 +1.533291831E-01
6.93000000000E+09 +6.810224729E-02 -3.234156407E-02 +1.370386339E-02 +1.366143001E-01 +3.082427035E-01 +1.296684644E-01
6.94000000000E+09 -2.462975417E-02 -7.257066735E-02 +7.470259209E-02 +1.388237077E-01 +2.819468375E-01 +1.245268462E-01
6.95000000000E+09 -7.466663634E-02 +1.689455133E-02 +9.433938493E-02 +9.110958417E-02 +2.670838896E-01 +1.443479764E-01
6.96000000000E+09 +8.407695483E-03 +7.512129133E-02 +6.710401747E-02 +6.449668299E-02 +2.749798581E-01 +1.683350556E-01
6.97000000000E+09 +7.411543053E-02 +1.192947671E-03 +5.270929477E-02 +7.061949006E-02 +3.009561414E-01 +1.759514624E-01
6.98000000000E+09 +1.123158614E-02 -7.274916209E-02 +6.144476534E-02 +5.753133149E-02 +3.175853519E-01 +1.587482368E-01
6.99000000000E+09 -7.090147016E-02 -2.092511135E-02 +4.034083455E-02 +1.638595921E-02 +3.186377303E-01 +1.395834367E-01
7.00000000000E+09 -2.980219314E-02 +6.835003690E-02 -2.551600318E-02 +7.485253437E-03 +3.034034394E-01 +1.286417587E-01

[Channel0\Trace0\Marker0]
Enabled=1
Position=0.2

[Channel0\Trace1]
ReferencePosition[0]=1

[Channel0\Trace1\Marker0]
Enabled=1
Position=0.2

[Channel0\Trace2]
SPort=0
FormatType=2

[Channel0\Trace2\Marker0]
Enabled=1
Position=0.2

[Channel0\Trace3]
SPort=0
FormatType=2

[Channel0\Trace3\Marker0]
Enabled=1
Position=0.2

