[NWA State]
TriggerSource=3

[Channel0]
Points=501
FrequencyStart=2000000000
FrequencyStop=7000000000
FixedPower[0]=5
FixedPower[1]=5
IFBW=1000
CorrectionEnabled=1
TraceCount=4

[Channel0\Correction\11]
Calyyyymmdd=2022/03/26
Calhhmmss=10:17:18
VNATemperature=35.8 °C
Type=3
KitLabel=ACM2509.2
KitDescription=AutoCal Module 20 kHz-9 GHz (CMT), SN: 19039185, Char: Factory, 31°C, ThermoComp: ON
CalIFBW=1 kHz
CalPower=5 dBm
CalPorts[0]=0
CalPorts[1]=0

[Channel0\Correction\11\Data]
2.00000000000E+09 -1.951366585E-02 +1.520890434E-01 -6.263006591E-02 -7.376284251E-03 -2.032830252E-01 +6.171793308E-02
2.01000000000E+09 +1.543487981E-01 -1.092665235E-02 -2.451378237E-02 -1.695054803E-02 -1.829722946E-01 +4.446314954E-02
2.02000000000E+09 -4.095699213E-02 -1.488029022E-01 -5.481908617E-02 -2.534174511E-02 -1.896384484E-01 +3.339705621E-02
2.03000000000E+09 -1.381787263E-01 +6.874745087E-02 -5.523934491E-02 +3.826964423E-02 -1.888384623E-01 +3.648975997E-02
2.04000000000E+09 +9.509670169E-02 +1.217745071E-01 +2.609628411E-02 +5.508382434E-02 -1.858145929E-01 +2.693414411E-02
2.05000000000E+09 +9.931544406E-02 -1.162702323E-01 +5.800712577E-02 -1.161862598E-02 -2.044098001E-01 +2.103185390E-02
2.06000000000E+09 -1.315522818E-01 -7.496999961E-02 +2.247113493E-02 -3.131452353E-02 -2.174749686E-01 +3.774308209E-02
2.07000000000E+09 -4.896588477E-02 +1.430506596E-01 +3.973055857E-02 -1.176903960E-02 -2.078207652E-01 +5.156837591E-02
2.08000000000E+09 +1.494732546E-01 +2.079657139E-02 +7.105100502E-02 -6.462855940E-02 -1.980664278E-01 +5.273483907E-02
2.09000000000E+09 -7.783667739E-03 -1.506605739E-01 +7.666827883E-03 -1.215057791E-01 -1.908337552E-01 +5.488758628E-02
2.10000000000E+09 -1.466109711E-01 +3.704005732E-02 -6.356386990E-02 -7.541151069E-02 -1.821495352E-01 +4.419805133E-02
2.11000000000E+09 +6.527544625E-02 +1.359280662E-01 -4.485444726E-02 -2.071332266E-02 -1.963240359E-01 +2.627215022E-02
2.12000000000E+09 +1.200952033E-01 -8.887701976E-02 -3.432095890E-02 -3.067432301E-02 -2.208473012E-01 +3.826019825E-02
2.13000000000E+09 -1.097006083E-01 -1.022742501E-01 -7.062933988E-02 +8.154343060E-04 -2.113150261E-01 +6.616048816E-02
2.14000000000E+09 -7.928520769E-02 +1.295124370E-01 -3.134070322E-02 +8.052709581E-02 -1.843163312E-01 +6.101800508E-02
2.15000000000E+09 +1.423666168E-01 +4.999655281E-02 +6.849238445E-02 +6.726462855E-02 -1.927263357E-01 +3.636310880E-02
2.16000000000E+09 +2.075553960E-02 -1.466152596E-01 +8.199801681E-02 -9.787536830E-03 -2.211341495E-01 +4.092928622E-02
2.17000000000E+09 -1.465351356E-01 +6.103430555E-03 +4.938904035E-02 -1.962448280E-02 -2.265724126E-01 +6.629140383E-02
2.18000000000E+09 +3.237779790E-02 +1.433772031E-01 +7.431811229E-02 -1.836124906E-02 -2.082154985E-01 +8.735917412E-02
2.19000000000E+09 +1.367599978E-01 -5.979628867E-02 +7.504247042E-02 -8.503800207E-02 -1.752359144E-01 +8.681524041E-02
2.20000000000E+09 -8.831598411E-02 -1.225278343E-01 -1.322482338E-02 -1.086358102E-01 -1.568302172E-01 +4.707077448E-02
2.21000000000E+09 -9.855004994E-02 +1.115620049E-01 -5.695868149E-02 -3.290634404E-02 -2.012088117E-01 +3.641115974E-03
2.22000000000E+09 +1.237107709E-01 +7.278197860E-02 -1.496976820E-02 +2.739824126E-03 -2.707798295E-01 +3.568977827E-02
2.23000000000E+09 +5.189262340E-02 -1.320803570E-01 -1.596507008E-02 -1.823259801E-02 -2.663616878E-01 +1.237638416E-01
2.24000000000E+09 -1.437521347E-01 -2.918252260E-02 -4.893698353E-02 +1.998559587E-02 -1.772630975E-01 +1.612062288E-01
2.25000000000E+09 +3.182400490E-03 +1.516167685E-01 +2.353512960E-04 +7.854223546E-02 -1.033593549E-01 +9.517632721E-02
2.26000000000E+09 +1.449680563E-01 -3.935462046E-02 +6.384206590E-02 +4.134722263E-02 -1.307291691E-01 -4.404860547E-03
2.27000000000E+09 -6.654622915E-02 -1.262625516E-01 +3.665690400E-02 +2.356156286E-04 -2.326097256E-01 -3.304916883E-02
2.28000000000E+09 -1.072462646E-01 +8.170629163E-02 +2.403426131E-02 +3.455243991E-02 -3.169165111E-01 +4.500899712E-02
2.29000000000E+09 +9.387410046E-02 +9.509814468E-02 +7.741270262E-02 +3.394950926E-02 -2.941010713E-01 +1.710102993E-01
2.30000000000E+09 +8.414496263E-02 -1.134386619E-01 +8.234810840E-02 -3.569102759E-02 -1.580764665E-01 +2.198802424E-01
2.31000000000E+09 -1.384488442E-01 -5.929412946E-02 +1.387926176E-02 -5.111702044E-02 -4.611154803E-02 +1.029329263E-01
2.32000000000E+09 -1.971044410E-02 +1.473108699E-01 +4.142497661E-03 -5.400343686E-03 -1.169606655E-01 -4.837596652E-02
2.33000000000E+09 +1.375601716E-01 -1.126925489E-02 +2.452763978E-02 -2.496900255E-02 -2.712374375E-01 -4.327629334E-02
2.34000000000E+09 -2.982126296E-02 -1.275098366E-01 -3.048924436E-02 -4.599533692E-02 -3.373712067E-01 +7.978181732E-02
2.35000000000E+09 -1.231991678E-01 +4.626931388E-02 -7.657183796E-02 +2.193625922E-02 -2.812226800E-01 +1.991491861E-01
2.36000000000E+09 +6.943931555E-02 +1.204873681E-01 -2.603068979E-02 +8.504487154E-02 -1.460225622E-01 +2.233669421E-01
2.37000000000E+09 +1.070989283E-01 -1.008069991E-01 +2.157945452E-02 +5.815577724E-02 -4.600372852E-02 +1.058289180E-01
2.38000000000E+09 -1.235196862E-01 -7.579376084E-02 -2.056930348E-04 +5.022202509E-02 -1.175687382E-01 -4.078215186E-02
2.39000000000E+09 -4.512900233E-02 +1.267492066E-01 +2.719741741E-02 +8.757284443E-02 -2.763059712E-01 -2.883813042E-02
2.40000000000E+09 +1.257477347E-01 +2.676866910E-02 +8.927162525E-02 +5.050390186E-02 -3.290228306E-01 +1.045698923E-01
2.41000000000E+09 +1.007112846E-02 -1.319497940E-01 +6.712628846E-02 -2.829325010E-02 -2.493474342E-01 +2.010167923E-01
2.42000000000E+09 -1.396132029E-01 +1.586597262E-02 -1.694619370E-03 -2.540920356E-02 -1.404967126E-01 +1.830281966E-01
2.43000000000E+09 +4.962185010E-02 +1.365465686E-01 +4.713057070E-03 +9.620430550E-03 -1.036980785E-01 +9.386347771E-02
2.44000000000E+09 +1.190839932E-01 -8.013429339E-02 +1.174408105E-02 -2.932376437E-02 -1.568537771E-01 +2.248047618E-02
2.45000000000E+09 -9.863802183E-02 -9.502472490E-02 -5.991776968E-02 -3.871052610E-02 -2.459295560E-01 +3.314830508E-02
2.46000000000E+09 -7.480704471E-02 +1.089109645E-01 -8.895563048E-02 +3.388633686E-02 -2.767579594E-01 +1.164914868E-01
2.47000000000E+09 +1.208934025E-01 +5.750968468E-02 -4.206672979E-02 +6.492205993E-02 -2.131380798E-01 +1.750958317E-01
2.48000000000E+09 +3.346873193E-02 -1.343697376E-01 -4.012199574E-02 +3.748021943E-02 -1.430921044E-01 +1.382255853E-01
2.49000000000E+09 -1.381330809E-01 -2.589493007E-03 -7.424260929E-02 +7.457323339E-02 -1.638518915E-01 +7.584123704E-02
2.50000000000E+09 +2.396160182E-02 +1.318928476E-01 -1.903484979E-02 +1.340113338E-01 -2.155753231E-01 +8.393893332E-02
2.51000000000E+09 +1.248525105E-01 -4.614935535E-02 +6.106560195E-02 +9.366974184E-02 -2.191178339E-01 +1.207154192E-01
2.52000000000E+09 -6.905980283E-02 -1.156436148E-01 +5.294143762E-02 +2.431840369E-02 -1.955519920E-01 +1.334173263E-01
2.53000000000E+09 -1.011551411E-01 +9.184875290E-02 +3.202924338E-02 +1.888797587E-02 -1.760439303E-01 +1.280274729E-01
2.54000000000E+09 +1.125043433E-01 +8.003981223E-02 +5.923674956E-02 -1.432336397E-02 -1.679527808E-01 +1.041847130E-01
2.55000000000E+09 +5.206363530E-02 -1.254186425E-01 +1.369301879E-02 -1.023752832E-01 -2.003951478E-01 +8.013926153E-02
2.56000000000E+09 -1.275953272E-01 -2.525277026E-02 -1.075046757E-01 -9.695371023E-02 -2.449299003E-01 +1.116130231E-01
2.57000000000E+09 -4.416061008E-03 +1.271476758E-01 -1.509397156E-01 -4.209922263E-03 -2.223426414E-01 +1.726898433E-01
2.58000000000E+09 +1.281596278E-01 -1.732445013E-02 -1.237502362E-01 +4.288007405E-02 -1.512178163E-01 +1.731142468E-01
2.59000000000E+09 -4.374482374E-02 -1.241690060E-01 -1.295580992E-01 +6.501389596E-02 -1.316193550E-01 +1.105408111E-01
2.60000000000E+09 -1.111172067E-01 +6.741773696E-02 -1.102495675E-01 +1.425695459E-01 -1.779290652E-01 +7.540054976E-02
2.61000000000E+09 +8.609291041E-02 +9.497490761E-02 +5.767755148E-03 +1.745260612E-01 -2.236068937E-01 +8.946696360E-02
2.62000000000E+09 +7.707929419E-02 -1.010978580E-01 +9.292306845E-02 +8.319297359E-02 -2.439059158E-01 +1.273848029E-01
2.63000000000E+09 -1.127839360E-01 -5.819046110E-02 +6.991003499E-02 -7.463838473E-03 -2.276213518E-01 +1.830516839E-01
2.64000000000E+09 -3.781980489E-02 +1.242850170E-01 +4.333921228E-02 -3.382644620E-02 -1.601693469E-01 +2.061666354E-01
2.65000000000E+09 +1.333776289E-01 +1.045870699E-02 +3.614598420E-02 -9.148903979E-02 -1.040497741E-01 +1.445628837E-01
2.66000000000E+09 -2.141679627E-02 -1.298628348E-01 -5.714423052E-02 -1.529124876E-01 -1.463385654E-01 +6.492975526E-02
2.67000000000E+09 -1.162125681E-01 +4.512738112E-02 -1.693502656E-01 -9.462340705E-02 -2.282583026E-01 +7.315054689E-02
2.68000000000E+09 +6.030399185E-02 +1.033493368E-01 -1.738003211E-01 +6.003674569E-03 -2.540829899E-01 +1.392754509E-01
2.69000000000E+09 +9.292323354E-02 -7.462104593E-02 -1.363817630E-01 +3.911210559E-02 -2.269368406E-01 +1.946308726E-01
2.70000000000E+09 -9.067187592E-02 -8.244071889E-02 -1.361841958E-01 +6.644665922E-02 -1.682991250E-01 +2.178661892E-01
2.71000000000E+09 -6.693324746E-02 +1.102940924E-01 -9.171020649E-02 +1.369542700E-01 -1.043649106E-01 +1.766935616E-01
2.72000000000E+09 +1.273941504E-01 +3.979625551E-02 +2.986746132E-02 +1.324660825E-01 -1.105444606E-01 +8.149149773E-02
2.73000000000E+09 +7.204402759E-03 -1.291492990E-01 +7.977305340E-02 +2.666471987E-02 -2.087051808E-01 +5.297435276E-02
2.74000000000E+09 -1.210035747E-01 +1.662576413E-02 +4.345617094E-02 -3.251730477E-02 -2.748644177E-01 +1.347246809E-01
2.75000000000E+09 +3.383751788E-02 +1.147595882E-01 +3.824012770E-02 -5.179587165E-02 -2.373688596E-01 +2.229699930E-01
2.76000000000E+09 +1.101659679E-01 -5.299312815E-02 +2.717276240E-02 -1.197295828E-01 -1.515033627E-01 +2.366314316E-01
2.77000000000E+09 -7.598293398E-02 -1.006388980E-01 -7.239077315E-02 -1.638251644E-01 -9.521434181E-02 +1.762430425E-01
2.78000000000E+09 -8.252524511E-02 +9.764552596E-02 -1.608169151E-01 -9.211309332E-02 -1.110670463E-01 +9.496133908E-02
2.79000000000E+09 +1.105938569E-01 +5.714618830E-02 -1.443001284E-01 -1.276662390E-02 -1.978794849E-01 +6.870117747E-02
2.80000000000E+09 +3.468049261E-02 -1.138555956E-01 -1.238280566E-01 +2.613481212E-03 -2.667101260E-01 +1.429308591E-01
2.81000000000E+09 -1.167401234E-01 -1.813442873E-02 -1.309012471E-01 +4.709139252E-02 -2.310186272E-01 +2.389191861E-01
2.82000000000E+09 +1.198321537E-03 +1.242135030E-01 -6.503114298E-02 +1.160467471E-01 -1.247774742E-01 +2.443262001E-01
2.83000000000E+09 +1.270479022E-01 -3.063528536E-02 +4.910802875E-02 +8.452280408E-02 -7.533978086E-02 +1.522891441E-01
2.84000000000E+09 -6.131818283E-02 -1.143455202E-01 +6.669086323E-02 -1.159719367E-02 -1.403128955E-01 +8.120435258E-02
2.85000000000E+09 -9.346743090E-02 +8.048805656E-02 +3.543400302E-02 -3.849541950E-02 -2.252076430E-01 +1.063086372E-01
2.86000000000E+09 +9.086162331E-02 +7.522981071E-02 +5.095478068E-02 -5.845606143E-02 -2.452249636E-01 +1.860836888E-01
2.87000000000E+09 +6.083121606E-02 -1.003152761E-01 +3.175962086E-02 -1.297283492E-01 -1.884712929E-01 +2.480115183E-01
2.88000000000E+09 -1.139112839E-01 -4.522488442E-02 -6.397280861E-02 -1.482485842E-01 -9.665914783E-02 +2.262886020E-01
2.89000000000E+09 -1.925233758E-02 +1.262896896E-01 -1.132978129E-01 -7.214609028E-02 -7.804223227E-02 +1.261747796E-01
2.90000000000E+09 +1.249456524E-01 -1.228254402E-02 -8.006965775E-02 -3.232442126E-02 -1.744032629E-01 +7.751372491E-02
2.91000000000E+09 -3.485535088E-02 -1.137089310E-01 -8.706534240E-02 -3.779365480E-02 -2.529177504E-01 +1.477848130E-01
2.92000000000E+09 -1.045774411E-01 +5.036147300E-02 -1.070472532E-01 +1.726325274E-02 -2.218044215E-01 +2.408520396E-01
2.93000000000E+09 +6.785044389E-02 +9.795104195E-02 -4.194957353E-02 +7.821096990E-02 -1.261049472E-01 +2.620097511E-01
2.94000000000E+09 +8.570953233E-02 -9.033894581E-02 +3.783615434E-02 +4.337895811E-02 -6.167433770E-02 +1.923190141E-01
2.95000000000E+09 -1.100165569E-01 -6.203804197E-02 +3.276701058E-02 -6.223650675E-03 -9.490632366E-02 +9.563870800E-02
2.96000000000E+09 -3.285388849E-02 +1.165620835E-01 +3.622416074E-02 +6.080712172E-03 -2.013591732E-01 +8.202385122E-02
2.97000000000E+09 +1.127560353E-01 +1.048836461E-02 +8.648499805E-02 -2.585501604E-02 -2.636126774E-01 +1.753951991E-01
2.98000000000E+09 -4.167384142E-03 -1.106845964E-01 +6.840674686E-02 -1.095575631E-01 -2.097740266E-01 +2.748632763E-01
2.99000000000E+09 -1.133632216E-01 +2.089552607E-02 -1.626087761E-02 -1.250911854E-01 -9.574101765E-02 +2.803262475E-01
3.00000000000E+09 +3.954468787E-02 +1.155493691E-01 -4.261937413E-02 -7.644782575E-02 -3.825021870E-02 +1.867788119E-01
3.01000000000E+09 +1.043940039E-01 -6.745261682E-02 -3.398822010E-02 -7.097990802E-02 -9.268610473E-02 +9.267799204E-02
3.02000000000E+09 -8.648434415E-02 -8.297315242E-02 -8.252197677E-02 -6.778832586E-02 -1.928670901E-01 +9.176598189E-02
3.03000000000E+09 -6.188420390E-02 +9.494713264E-02 -1.089227260E-01 +1.629783400E-02 -2.428473233E-01 +1.771658111E-01
3.04000000000E+09 +1.001929234E-01 +4.557653382E-02 -4.011835980E-02 +8.044823088E-02 -2.019826558E-01 +2.682487487E-01
3.05000000000E+09 +3.032377770E-02 -1.086533383E-01 +2.274941105E-02 +5.701460473E-02 -1.021236997E-01 +2.800225941E-01
3.06000000000E+09 -1.182091515E-01 -7.982895681E-03 +2.354508160E-02 +4.063746220E-02 -4.096964513E-02 +1.965094707E-01
3.07000000000E+09 +2.160958961E-02 +1.181319215E-01 +5.976388457E-02 +6.090911228E-02 -8.681576980E-02 +1.104973135E-01
3.08000000000E+09 +1.068875715E-01 -4.712077907E-02 +1.235473093E-01 +7.859220281E-03 -1.728857755E-01 +1.109624280E-01
3.09000000000E+09 -6.479535834E-02 -9.176408839E-02 +9.568443582E-02 -8.130797337E-02 -2.154178249E-01 +1.755508226E-01
3.10000000000E+09 -7.783244041E-02 +7.779069410E-02 +2.454600997E-02 -9.030458456E-02 -1.964907336E-01 +2.480245663E-01
3.11000000000E+09 +9.088871693E-02 +6.495438512E-02 +8.276602537E-03 -7.027357020E-02 -1.251597877E-01 +2.778983859E-01
3.12000000000E+09 +4.859630147E-02 -1.060326398E-01 -1.538850567E-02 -9.503868010E-02 -5.252768251E-02 +2.307230113E-01
3.13000000000E+09 -1.177667111E-01 -2.349049143E-02 -1.006539476E-01 -7.494516624E-02 -5.962377790E-02 +1.452290859E-01
3.14000000000E+09 +4.971163022E-03 +1.171038422E-01 -1.272959268E-01 +3.190005652E-02 -1.369995183E-01 +1.217773986E-01
3.15000000000E+09 +1.087076088E-01 -2.677097338E-02 -6.363840142E-02 +9.519750245E-02 -1.865141272E-01 +1.688502224E-01
3.16000000000E+09 -4.296336430E-02 -9.985017202E-02 -2.212621066E-02 +9.768795738E-02 -1.787589673E-01 +2.234993161E-01
3.17000000000E+09 -9.156084753E-02 +5.756402363E-02 +4.962523863E-03 +1.261773642E-01 -1.368131433E-01 +2.543967337E-01
3.18000000000E+09 +7.346785365E-02 +8.358041045E-02 +9.429574843E-02 +1.384728567E-01 -7.998212643E-02 +2.447063068E-01
3.19000000000E+09 +7.072303360E-02 -9.212592361E-02 +1.744099661E-01 +4.532233860E-02 -5.520789788E-02 +1.861716233E-01
3.20000000000E+09 -1.079246114E-01 -4.850319463E-02 +1.359652297E-01 -6.984414612E-02 -1.055067681E-01 +1.390469065E-01
3.21000000000E+09 -2.281005292E-02 +1.138037150E-01 +5.760949463E-02 -9.911412297E-02 -1.651695849E-01 +1.668904194E-01
3.22000000000E+09 +1.133950921E-01 +3.836188844E-04 +1.062696040E-02 -1.120529128E-01 -1.582983245E-01 +2.196674454E-01
3.23000000000E+09 -2.062124753E-02 -1.109425695E-01 -7.892486656E-02 -1.254167975E-01 -1.186607950E-01 +2.355491432E-01
3.24000000000E+09 -1.040154024E-01 +4.109334311E-02 -1.845460471E-01 -3.862450282E-02 -9.738317529E-02 +2.263085140E-01
3.25000000000E+09 +5.915716422E-02 +9.367119881E-02 -1.746901106E-01 +1.073868002E-01 -8.586502856E-02 +2.119999136E-01
3.26000000000E+09 +8.131129355E-02 -7.571805907E-02 -7.816228386E-02 +1.734304280E-01 -8.828150713E-02 +1.875546864E-01
3.27000000000E+09 -8.958278512E-02 -6.527437437E-02 -9.564449292E-03 +1.747512198E-01 -1.131845046E-01 +1.790816301E-01
3.28000000000E+09 -4.790964122E-02 +1.004784369E-01 +5.797884659E-02 +1.824241627E-01 -1.230494369E-01 +2.012857242E-01
3.29000000000E+09 +1.098573354E-01 +2.914701028E-02 +1.622446770E-01 +1.294192360E-01 -1.036129938E-01 +2.103272844E-01
3.30000000000E+09 +5.013810374E-03 -1.157390991E-01 +1.876756451E-01 -1.852547571E-02 -1.066055504E-01 +1.956289038E-01
3.31000000000E+09 -1.128449203E-01 +2.099805151E-02 +8.374982359E-02 -1.169279305E-01 -1.310233967E-01 +2.079364560E-01
3.32000000000E+09 +4.190147072E-02 +1.040104285E-01 -1.337326452E-02 -1.092008324E-01 -1.118986176E-01 +2.403481296E-01
3.33000000000E+09 +9.380455093E-02 -6.049560547E-02 -6.849656219E-02 -9.566753768E-02 -6.761273414E-02 +2.305507201E-01
3.34000000000E+09 -7.792094796E-02 -7.972640218E-02 -1.528479064E-01 -6.592556093E-02 -6.228103933E-02 +1.913956345E-01
3.35000000000E+09 -6.174175403E-02 +9.069847568E-02 -2.056317540E-01 +4.921077560E-02 -9.133908733E-02 +1.716499405E-01
3.36000000000E+09 +9.934440086E-02 +4.261263733E-02 -1.417907529E-01 +1.605286339E-01 -1.223888764E-01 +1.800905228E-01
3.37000000000E+09 +2.337295672E-02 -1.037890047E-01 -4.804798825E-02 +1.726512511E-01 -1.434014811E-01 +2.105474672E-01
3.38000000000E+09 -1.055463675E-01 -5.283762647E-03 -5.831398772E-03 +1.552291875E-01 -1.239868739E-01 +2.608120264E-01
3.39000000000E+09 +1.234847957E-02 +1.076993918E-01 +4.910379582E-02 +1.534485587E-01 -5.312386201E-02 +2.729648479E-01
3.40000000000E+09 +1.080049385E-01 -3.533803790E-02 +1.255813341E-01 +8.469015439E-02 -9.447901895E-03 +2.066048915E-01
3.41000000000E+09 -6.220637932E-02 -9.744048044E-02 +1.070492270E-01 -4.026178382E-02 -6.178498258E-02 +1.374742397E-01
3.42000000000E+09 -7.706487952E-02 +8.045029886E-02 +1.107249852E-02 -8.479616118E-02 -1.352277286E-01 +1.562752940E-01
3.43000000000E+09 +8.936950751E-02 +5.717428271E-02 -4.176490597E-02 -7.049738847E-02 -1.479115485E-01 +2.200019652E-01
3.44000000000E+09 +4.016201568E-02 -9.467746701E-02 -8.528095136E-02 -7.900214046E-02 -1.134127683E-01 +2.646347254E-01
3.45000000000E+09 -9.949714690E-02 -2.500070926E-02 -1.690254488E-01 -5.094056414E-02 -5.599261772E-02 +2.705379102E-01
3.46000000000E+09 -7.700595839E-03 +1.049031709E-01 -2.042445752E-01 +5.584192337E-02 -1.263792763E-02 +2.257195022E-01
3.47000000000E+09 +1.074629962E-01 -1.465617922E-02 -1.395975552E-01 +1.363597944E-01 -3.404085281E-02 +1.529458661E-01
3.48000000000E+09 -3.870303153E-02 -1.009150479E-01 -7.628486661E-02 +1.361459715E-01 -1.114070119E-01 +1.425397506E-01
3.49000000000E+09 -8.873813656E-02 +5.674464894E-02 -4.560497756E-02 +1.414597593E-01 -1.461244133E-01 +2.103751876E-01
3.50000000000E+09 +7.047192398E-02 +7.643946920E-02 +2.815527134E-02 +1.412639366E-01 -1.109659858E-01 +2.657084852E-01
3.51000000000E+09 +6.258027810E-02 -8.407169891E-02 +9.574647452E-02 +5.269352079E-02 -6.198532791E-02 +2.653429170E-01
3.52000000000E+09 -9.583972321E-02 -4.521957075E-02 +5.645684091E-02 -5.625274493E-02 -2.965017895E-02 +2.351455508E-01
3.53000000000E+09 -2.467135277E-02 +1.039916024E-01 -2.301151863E-02 -7.884722563E-02 -2.549768613E-02 +1.932271125E-01
3.54000000000E+09 +1.061878474E-01 +1.330085792E-03 -5.571261669E-02 -7.507351884E-02 -6.312384960E-02 +1.606303322E-01
3.55000000000E+09 -2.028124828E-02 -1.012173954E-01 -1.060532598E-01 -9.364132720E-02 -1.145531718E-01 +1.828824439E-01
3.56000000000E+09 -9.268547010E-02 +3.668767053E-02 -1.861991526E-01 -5.097417531E-02 -1.190303509E-01 +2.440017565E-01
3.57000000000E+09 +5.058142472E-02 +8.496622628E-02 -1.924300130E-01 +4.835480868E-02 -7.282118989E-02 +2.737539040E-01
3.58000000000E+09 +7.639643553E-02 -6.580329526E-02 -1.264655760E-01 +9.287794485E-02 -2.241397942E-02 +2.531824193E-01
3.59000000000E+09 -8.195184089E-02 -6.376068857E-02 -9.066307563E-02 +8.197183592E-02 -4.068131650E-03 +2.100598319E-01
3.60000000000E+09 -4.559751055E-02 +9.545659048E-02 -7.036328598E-02 +9.911836595E-02 -2.883320487E-02 +1.681853978E-01
3.61000000000E+09 +1.025657614E-01 +2.238955893E-02 +2.019807514E-03 +9.744320948E-02 -8.613757424E-02 +1.587036873E-01
3.62000000000E+09 +3.232020424E-04 -1.014423997E-01 +4.757780517E-02 +1.682658898E-02 -1.205999850E-01 +2.101831546E-01
3.63000000000E+09 -9.699870209E-02 +1.685871745E-02 +1.009724662E-02 -5.001979239E-02 -8.874168098E-02 +2.715761827E-01
3.64000000000E+09 +3.244543020E-02 +9.312708885E-02 -2.365799878E-02 -5.652644337E-02 -1.857546623E-02 +2.725051103E-01
3.65000000000E+09 +8.793916835E-02 -5.072541340E-02 -2.659737010E-02 -8.007927320E-02 +1.653539070E-02 +2.085830047E-01
3.66000000000E+09 -6.988565492E-02 -7.611004364E-02 -7.890230384E-02 -1.209021065E-01 -2.285369286E-02 +1.505311080E-01
3.67000000000E+09 -5.770306828E-02 +8.376284981E-02 -1.561076343E-01 -8.677794299E-02 -9.501041958E-02 +1.548184441E-01
3.68000000000E+09 +9.024421614E-02 +3.845131437E-02 -1.607767962E-01 -1.558764124E-02 -1.226250583E-01 +2.180874355E-01
3.69000000000E+09 +2.215706407E-02 -9.344522822E-02 -1.342462547E-01 +7.560519406E-03 -8.012082674E-02 +2.798747679E-01
3.70000000000E+09 -9.727046937E-02 -7.145495454E-03 -1.373330699E-01 +2.953542349E-02 -5.411500491E-03 +2.759341426E-01
3.71000000000E+09 +1.241476400E-02 +1.005698777E-01 -1.049607522E-01 +8.986753729E-02 +2.373463969E-02 +1.994047424E-01
3.72000000000E+09 +9.685850241E-02 -3.615596751E-02 -6.300585492E-03 +9.715058212E-02 -3.097654626E-02 +1.378359629E-01
3.73000000000E+09 -5.621136672E-02 -8.368598594E-02 +4.946310456E-02 +2.213326245E-02 -1.088159919E-01 +1.696237688E-01
3.74000000000E+09 -6.832248369E-02 +6.804599422E-02 +4.067332325E-02 -3.287133391E-02 -1.161671624E-01 +2.523357858E-01
3.75000000000E+09 +7.669128489E-02 +5.586941278E-02 +4.597275916E-02 -6.590423401E-02 -4.680348597E-02 +2.961447955E-01
3.76000000000E+09 +4.365794116E-02 -8.704470548E-02 +3.701267702E-02 -1.389409649E-01 +2.690062049E-02 +2.610923335E-01
3.77000000000E+09 -9.798893946E-02 -2.595380151E-02 -5.322613393E-02 -1.934725120E-01 +2.684764424E-02 +1.747557631E-01
3.78000000000E+09 -2.012669642E-03 +1.021138425E-01 -1.488223821E-01 -1.458935315E-01 -4.888661587E-02 +1.359536961E-01
3.79000000000E+09 +9.650410586E-02 -2.033492342E-02 -1.639757028E-01 -7.121704188E-02 -1.123056664E-01 +1.947585380E-01
3.80000000000E+09 -3.564071026E-02 -8.804006565E-02 -1.620760451E-01 -2.931678817E-02 -9.072957464E-02 +2.780432042E-01
3.81000000000E+09 -8.083231878E-02 +4.848818263E-02 -1.609326957E-01 +3.922649868E-02 -1.290741394E-02 +2.966908643E-01
3.82000000000E+09 +6.368470566E-02 +7.369518104E-02 -8.480741516E-02 +1.194293893E-01 +4.917365844E-02 +2.348806089E-01
3.83000000000E+09 +6.061446265E-02 -8.082590870E-02 +4.195783069E-02 +1.075710186E-01 +2.495098839E-02 +1.531714412E-01
3.84000000000E+09 -9.272833635E-02 -3.982348595E-02 +1.020540430E-01 +2.044960325E-02 -6.224765625E-02 +1.412282979E-01
3.85000000000E+09 -1.859087229E-02 +9.565763891E-02 +1.080995940E-01 -4.319527330E-02 -1.080947176E-01 +2.149020370E-01
3.86000000000E+09 +9.464439693E-02 +2.013199914E-03 +1.180355702E-01 -1.103628940E-01 -6.490724279E-02 +2.891893028E-01
3.87000000000E+09 -1.330954668E-02 -9.445811245E-02 +7.180074901E-02 -2.074109479E-01 +1.456233331E-02 +2.848215923E-01
3.88000000000E+09 -9.343434676E-02 +3.193444464E-02 -5.552861191E-02 -2.381373999E-01 +5.502373814E-02 +2.151090837E-01
3.89000000000E+09 +5.320302505E-02 +8.561377303E-02 -1.502968702E-01 -1.591127133E-01 +1.821906259E-02 +1.527819049E-01
3.90000000000E+09 +7.047857141E-02 -7.093979562E-02 -1.608392416E-01 -7.245763134E-02 -5.362223111E-02 +1.556412716E-01
3.91000000000E+09 -8.071728606E-02 -5.220434872E-02 -1.588506624E-01 -6.580712896E-03 -8.806025023E-02 +2.144408538E-01
3.92000000000E+09 -3.624473779E-02 +8.584156766E-02 -1.259663745E-01 +8.801890322E-02 -5.203158041E-02 +2.703345269E-01
3.93000000000E+09 +9.081804269E-02 +2.221371421E-02 -7.824742290E-03 +1.501229477E-01 +1.762711616E-02 +2.711452760E-01
3.94000000000E+09 +5.674830489E-03 -9.630743065E-02 +1.192453759E-01 +1.005013477E-01 +5.077692523E-02 +2.130552370E-01
3.95000000000E+09 -9.811769209E-02 +1.577150472E-02 +1.598636807E-01 +3.193944893E-03 +1.751381176E-02 +1.596748647E-01
3.96000000000E+09 +3.764261541E-02 +9.225511235E-02 +1.594777755E-01 -6.328633661E-02 -4.027615970E-02 +1.657910360E-01
3.97000000000E+09 +8.031337251E-02 -5.523513653E-02 +1.503981215E-01 -1.434035855E-01 -6.457179761E-02 +2.101912415E-01
3.98000000000E+09 -6.831541451E-02 -6.648978781E-02 +6.495165674E-02 -2.232415759E-01 -4.128269331E-02 +2.495085402E-01
3.99000000000E+09 -5.222155151E-02 +7.825361045E-02 -6.427083571E-02 -2.031627031E-01 +6.664044199E-03 +2.618461590E-01
4.00000000000E+09 +8.737728412E-02 +3.718864030E-02 -1.220157335E-01 -1.058195802E-01 +4.465426500E-02 +2.281039560E-01
4.01000000000E+09 +1.918081088E-02 -9.443076731E-02 -1.153061169E-01 -3.146756547E-02 +3.220541529E-02 +1.729441093E-01
4.02000000000E+09 -9.615157298E-02 +1.674754314E-03 -1.093380298E-01 +3.287477307E-02 -2.232986507E-02 +1.573095779E-01
4.03000000000E+09 +2.078924423E-02 +9.174039416E-02 -5.885724990E-02 +1.205320482E-01 -5.575914598E-02 +1.987840014E-01
4.04000000000E+09 +8.471346522E-02 -3.613496596E-02 +5.956639150E-02 +1.493318730E-01 -3.505404909E-02 +2.452519258E-01
4.05000000000E+09 -5.033307285E-02 -7.723534011E-02 +1.477103547E-01 +8.544840495E-02 +1.270027732E-02 +2.520321889E-01
4.06000000000E+09 -6.811209705E-02 +6.517144644E-02 +1.628903056E-01 +1.600874375E-02 +4.271940897E-02 +2.196544730E-01
4.07000000000E+09 +7.947382065E-02 +5.437338772E-02 +1.703038319E-01 -3.057318493E-02 +2.822759888E-02 +1.723903150E-01
4.08000000000E+09 +3.499278523E-02 -9.005530472E-02 +1.607346341E-01 -1.090975558E-01 -2.210910277E-02 +1.584666132E-01
4.09000000000E+09 -9.274248395E-02 -1.411946589E-02 +7.011213863E-02 -1.705095730E-01 -5.496882682E-02 +2.083684027E-01
4.10000000000E+09 +3.495854014E-03 +9.078622935E-02 -3.378110610E-02 -1.351485853E-01 -2.397590534E-02 +2.638147571E-01
4.11000000000E+09 +8.845024526E-02 -1.866477926E-02 -6.927856033E-02 -6.210662312E-02 +3.984558368E-02 +2.566879830E-01
4.12000000000E+09 -3.555854552E-02 -8.524544448E-02 -7.997135803E-02 -1.340451954E-02 +6.290958910E-02 +1.930587844E-01
4.13000000000E+09 -7.669999061E-02 +5.400833734E-02 -9.439151721E-02 +5.688467206E-02 +1.464610417E-02 +1.485709356E-01
4.14000000000E+09 +6.848515449E-02 +6.205922865E-02 -4.287362417E-02 +1.480831220E-01 -4.242470367E-02 +1.748364929E-01
4.15000000000E+09 +4.594403418E-02 -7.706397750E-02 +6.329782217E-02 +1.653765292E-01 -4.020430676E-02 +2.389991432E-01
4.16000000000E+09 -8.296341174E-02 -3.151721017E-02 +1.255510306E-01 +1.137040028E-01 +1.844168073E-02 +2.702251194E-01
4.17000000000E+09 -1.701832146E-02 +8.881797368E-02 +1.437425749E-01 +7.133753267E-02 +7.594411288E-02 +2.267408260E-01
4.18000000000E+09 +9.373589867E-02 -2.165644960E-03 +1.686486450E-01 +2.385496698E-02 +6.452930539E-02 +1.448262100E-01
4.19000000000E+09 -2.487889041E-02 -9.101263691E-02 +1.512708529E-01 -6.429746102E-02 -2.247747889E-02 +1.258411486E-01
4.20000000000E+09 -7.954792746E-02 +4.350630131E-02 +5.511582299E-02 -1.100235844E-01 -7.749721705E-02 +2.075148830E-01
4.21000000000E+09 +5.459124321E-02 +6.710768727E-02 -2.736559650E-02 -7.091932590E-02 -2.330150028E-02 +2.899970645E-01
4.22000000000E+09 +5.755996791E-02 -6.391925819E-02 -5.693691447E-02 -2.155632747E-02 +8.201048524E-02 +2.755988659E-01
4.23000000000E+09 -7.604963326E-02 -4.665340102E-02 -8.593888926E-02 +1.834212078E-02 +1.169431632E-01 +1.687088219E-01
4.24000000000E+09 -2.861775325E-02 +8.707798598E-02 -1.019766002E-01 +9.719612010E-02 +3.010327211E-02 +8.441326547E-02
4.25000000000E+09 +8.899176897E-02 +6.349199015E-03 -4.233695275E-02 +1.726427935E-01 -8.627302976E-02 +1.339348861E-01
4.26000000000E+09 -1.114463191E-02 -8.329104085E-02 +3.854397958E-02 +1.698141290E-01 -9.389516672E-02 +2.637625243E-01
4.27000000000E+09 -7.771390200E-02 +2.229635094E-02 +7.201890074E-02 +1.358431987E-01 +1.521769231E-02 +3.313079714E-01
4.28000000000E+09 +3.386661148E-02 +7.542021161E-02 +9.511158002E-02 +1.167195534E-01 +1.400289826E-01 +2.674999461E-01
4.29000000000E+09 +7.197975083E-02 -5.075336939E-02 +1.292945135E-01 +6.935154849E-02 +1.464291459E-01 +1.161934140E-01
4.30000000000E+09 -7.001628279E-02 -5.821183913E-02 +1.085674042E-01 -1.308904985E-02 -6.656838954E-03 +4.138776715E-02
4.31000000000E+09 -3.646413946E-02 +7.877978580E-02 +3.120985779E-02 -4.385125607E-02 -1.392791249E-01 +1.530724030E-01
4.32000000000E+09 +7.774739097E-02 +1.958197686E-02 -1.904145131E-02 -2.546793281E-02 -9.260698595E-02 +3.162517240E-01
4.33000000000E+09 +9.077556210E-03 -7.714810218E-02 -5.297989406E-02 -1.786825335E-02 +6.408664491E-02 +3.555652796E-01
4.34000000000E+09 -8.058476902E-02 +1.805395222E-03 -1.102533420E-01 +6.075210590E-03 +1.805610571E-01 +2.412355530E-01
4.35000000000E+09 +1.930410115E-02 +8.363670203E-02 -1.425989024E-01 +8.509947241E-02 +1.418601543E-01 +7.769775830E-02
4.36000000000E+09 +7.719172101E-02 -4.101161746E-02 -1.000535985E-01 +1.558457024E-01 -3.105984369E-02 +3.924515337E-02
4.37000000000E+09 -5.499352243E-02 -6.192191635E-02 -4.642001927E-02 +1.670266577E-01 -1.411491607E-01 +1.738146374E-01
4.38000000000E+09 -4.817636367E-02 +6.034711502E-02 -1.275015747E-02 +1.706146253E-01 -7.161042821E-02 +3.257040391E-01
4.39000000000E+09 +6.472232725E-02 +4.018029375E-02 +4.476366088E-02 +1.666003055E-01 +9.140068875E-02 +3.469332798E-01
4.40000000000E+09 +3.225848698E-02 -7.412265055E-02 +1.037301122E-01 +1.019882667E-01 +1.900380963E-01 +2.166369625E-01
4.41000000000E+09 -8.565987537E-02 -1.638273407E-02 +8.964716694E-02 +2.795172134E-03 +1.189480417E-01 +5.974247507E-02
4.42000000000E+09 +7.251601600E-03 +8.820992299E-02 +2.116210556E-02 -4.486542255E-02 -4.749932871E-02 +6.033972060E-02
4.43000000000E+09 +7.978368618E-02 -2.670385335E-02 -3.188905538E-02 -5.729592483E-02 -1.129572014E-01 +1.996101360E-01
4.44000000000E+09 -3.825404718E-02 -6.976408266E-02 -9.690776997E-02 -6.747520363E-02 -3.348861972E-02 +3.086728431E-01
4.45000000000E+09 -6.264038312E-02 +4.738448538E-02 -1.780402351E-01 -2.486390583E-02 +9.327041326E-02 +3.043635388E-01
4.46000000000E+09 +5.891254911E-02 +5.584801495E-02 -2.001527538E-01 +7.189850378E-02 +1.555374617E-01 +2.012489110E-01
4.47000000000E+09 +4.451699316E-02 -7.242213080E-02 -1.474667344E-01 +1.376377730E-01 +9.405130011E-02 +8.748458085E-02
4.48000000000E+09 -8.130207552E-02 -2.589685780E-02 -9.436907466E-02 +1.483634498E-01 -2.854902689E-02 +9.291514635E-02
4.49000000000E+09 -7.626354329E-03 +8.210651957E-02 -4.886311130E-02 +1.558093243E-01 -6.947067914E-02 +2.038715599E-01
4.50000000000E+09 +7.998478179E-02 -6.599110462E-03 +2.369180234E-02 +1.349064787E-01 -6.648321718E-04 +2.797210354E-01
4.51000000000E+09 -1.993769917E-02 -7.876263363E-02 +6.947128332E-02 +4.869530755E-02 +8.587144221E-02 +2.549312041E-01
4.52000000000E+09 -7.611194728E-02 +3.592270602E-02 +3.640490731E-02 -3.924155716E-02 +1.083248738E-01 +1.806834698E-01
4.53000000000E+09 +5.322518815E-02 +6.785063191E-02 -1.930457159E-02 -7.041190918E-02 +6.127534018E-02 +1.293070808E-01
4.54000000000E+09 +5.338191364E-02 -6.711484754E-02 -5.622008776E-02 -9.031652977E-02 -1.352522788E-03 +1.385678271E-01
4.55000000000E+09 -7.474994341E-02 -3.653122807E-02 -1.197278084E-01 -1.069151758E-01 -2.194393759E-02 +1.989731441E-01
4.56000000000E+09 -2.119864051E-02 +7.766929366E-02 -1.893109829E-01 -6.284391132E-02 +1.885700115E-02 +2.474008995E-01
4.57000000000E+09 +7.979771233E-02 +7.859977015E-03 -1.952625161E-01 +1.317577326E-02 +7.886102307E-02 +2.254031974E-01
4.58000000000E+09 -7.240889870E-03 -8.118960288E-02 -1.590918108E-01 +5.145866385E-02 +8.877214505E-02 +1.644276163E-01
4.59000000000E+09 -7.913706070E-02 +2.441860730E-02 -1.343678753E-01 +7.046672825E-02 +3.816967110E-02 +1.373449833E-01
4.60000000000E+09 +4.051174208E-02 +7.171030507E-02 -8.869889771E-02 +1.013785536E-01 -5.847691777E-03 +1.699818000E-01
4.61000000000E+09 +6.136769827E-02 -5.325149811E-02 -4.526423199E-03 +8.706914259E-02 +1.197218213E-03 +2.161319553E-01
4.62000000000E+09 -6.339108688E-02 -4.997743209E-02 +4.356753888E-02 +8.262659982E-03 +4.583196900E-02 +2.394611726E-01
4.63000000000E+09 -3.765411444E-02 +7.226278550E-02 +2.952740476E-02 -6.250194370E-02 +9.381523371E-02 +2.128468606E-01
4.64000000000E+09 +8.007084188E-02 +2.281099502E-02 +8.223591378E-03 -1.042705961E-01 +9.668142162E-02 +1.458881652E-01
4.65000000000E+09 +3.934687516E-03 -8.408626024E-02 -2.404684727E-02 -1.561868495E-01 +2.936340521E-02 +1.126194274E-01
4.66000000000E+09 -8.040861836E-02 +1.520367284E-02 -1.056135861E-01 -1.805126585E-01 -3.647832029E-02 +1.697222339E-01
4.67000000000E+09 +2.907517084E-02 +7.269158001E-02 -1.768417812E-01 -1.285557130E-01 -1.043816251E-02 +2.501050682E-01
4.68000000000E+09 +6.539408528E-02 -3.933715253E-02 -1.814778494E-01 -5.690569574E-02 +8.140999854E-02 +2.652061913E-01
4.69000000000E+09 -5.043351060E-02 -5.933864520E-02 -1.581239165E-01 -1.394567838E-02 +1.407857076E-01 +1.951599278E-01
4.70000000000E+09 -5.022908550E-02 +6.343957597E-02 -1.311481549E-01 +2.900968567E-02 +1.072496406E-01 +1.014197204E-01
4.71000000000E+09 +7.491945512E-02 +3.491360514E-02 -6.033039061E-02 +6.826637827E-02 -5.223842587E-04 +7.804221123E-02
4.72000000000E+09 +1.602626654E-02 -7.912286356E-02 +3.390841968E-02 +3.952828233E-02 -7.528878158E-02 +1.726351535E-01
4.73000000000E+09 -7.696855733E-02 -3.171928769E-04 +7.345714301E-02 -3.709383705E-02 -2.409936026E-02 +2.892247337E-01
4.74000000000E+09 +1.123550444E-02 +7.448178513E-02 +6.909057720E-02 -9.374549916E-02 +1.113794367E-01 +2.989990158E-01
4.75000000000E+09 +7.393118847E-02 -2.381286728E-02 +6.274819116E-02 -1.400790893E-01 +1.925539295E-01 +1.814838082E-01
4.76000000000E+09 -4.073932747E-02 -7.032906732E-02 +2.745527434E-02 -1.963861603E-01 +1.170793690E-01 +4.669774825E-02
4.77000000000E+09 -5.831669815E-02 +5.722773519E-02 -5.124729377E-02 -2.080926664E-01 -4.375453472E-02 +5.025418045E-02
4.78000000000E+09 +6.525190038E-02 +4.156432641E-02 -1.020684218E-01 -1.557118046E-01 -1.054465907E-01 +1.961950477E-01
4.79000000000E+09 +2.834784591E-02 -6.757135592E-02 -1.031047928E-01 -1.035462856E-01 -1.103909261E-02 +3.200835898E-01
4.80000000000E+09 -7.019427515E-02 -1.913617024E-02 -9.679035155E-02 -6.404953770E-02 +1.397080494E-01 +3.038072023E-01
4.81000000000E+09 -8.149007255E-03 +7.619053518E-02 -7.466139342E-02 -6.294856352E-03 +2.075247537E-01 +1.537806759E-01
4.82000000000E+09 +8.088860002E-02 -9.711248316E-03 +1.643211819E-03 +3.647694390E-02 +1.013820710E-01 +1.828333181E-02
4.83000000000E+09 -3.068698910E-02 -7.578542388E-02 +8.676800246E-02 +8.923264928E-03 -7.281576006E-02 +5.963325785E-02
4.84000000000E+09 -6.317116065E-02 +4.435995327E-02 +1.205566436E-01 -4.639596810E-02 -1.009630486E-01 +2.262188024E-01
4.85000000000E+09 +5.176765226E-02 +5.236084299E-02 +1.341188850E-01 -8.804739126E-02 +2.489469004E-02 +3.225666267E-01
4.86000000000E+09 +4.454663601E-02 -5.903680719E-02 +1.387913533E-01 -1.430815941E-01 +1.599294181E-01 +2.654083008E-01
4.87000000000E+09 -6.962752484E-02 -3.505025367E-02 +9.429409601E-02 -2.004126714E-01 +1.755919564E-01 +1.122095442E-01
4.88000000000E+09 -1.863334642E-02 +7.864695458E-02 +1.679959587E-02 -1.980132617E-01 +4.821065805E-02 +2.829600399E-02
4.89000000000E+09 +7.964338658E-02 -1.571078601E-03 -2.122340253E-02 -1.458319260E-01 -8.243828151E-02 +1.153226967E-01
4.90000000000E+09 -1.698744932E-02 -7.394738518E-02 -2.602869999E-02 -1.035110455E-01 -6.013563184E-02 +2.603297156E-01
4.91000000000E+09 -6.868825382E-02 +2.803099737E-02 -3.006053622E-02 -5.696109759E-02 +7.212914284E-02 +2.972492149E-01
4.92000000000E+09 +4.013937684E-02 +6.474957361E-02 +2.337887605E-04 +6.557584038E-03 +1.604760988E-01 +2.048491189E-01
4.93000000000E+09 +5.706956360E-02 -5.528210920E-02 +7.597292732E-02 +3.099116731E-02 +1.139072969E-01 +8.707872197E-02
4.94000000000E+09 -6.770887226E-02 -4.223525117E-02 +1.287175395E-01 -2.934251340E-03 -4.865762075E-03 +8.039270417E-02
4.95000000000E+09 -2.463475004E-02 +7.264233785E-02 +1.379839215E-01 -3.156121181E-02 -5.478319327E-02 +1.850510948E-01
4.96000000000E+09 +7.274210217E-02 +1.053391389E-02 +1.513705525E-01 -4.727108197E-02 +9.226932881E-03 +2.704331925E-01
4.97000000000E+09 -1.319567984E-03 -7.305783795E-02 +1.558173909E-01 -8.477064040E-02 +1.100019209E-01 +2.472284476E-01
4.98000000000E+09 -7.361758892E-02 +1.479846368E-02 +1.172204722E-01 -1.129638007E-01 +1.385845991E-01 +1.472617959E-01
4.99000000000E+09 +3.173358166E-02 +7.010765353E-02 +7.625208442E-02 -9.125878528E-02 +5.498301028E-02 +8.635312350E-02
5.00000000000E+09 +5.975938859E-02 -4.647500602E-02 +7.433222548E-02 -6.281860360E-02 -3.368550517E-02 +1.383554886E-01
5.01000000000E+09 -5.534789832E-02 -4.717331049E-02 +6.895883586E-02 -5.733019951E-02 -1.786544760E-02 +2.283405454E-01
5.02000000000E+09 -3.587598020E-02 +6.115497044E-02 +4.782483041E-02 -3.193068211E-02 +6.201324270E-02 +2.579802668E-01
5.03000000000E+09 +6.675718974E-02 +2.487554920E-02 +5.705090782E-02 +1.230639981E-02 +1.208708062E-01 +2.052022391E-01
5.04000000000E+09 +1.176866282E-02 -7.161544673E-02 +8.895110114E-02 +2.594707957E-02 +1.110422587E-01 +1.259837861E-01
5.05000000000E+09 -7.278572811E-02 +4.226723503E-03 +9.518703617E-02 +2.172381122E-02 +3.683341369E-02 +9.838242278E-02
5.06000000000E+09 +1.964274626E-02 +6.844422595E-02 +9.743816309E-02 +4.168804153E-02 -2.812324181E-02 +1.553384696E-01
5.07000000000E+09 +6.107985602E-02 -3.122810228E-02 +1.293653482E-01 +5.289042399E-02 -7.853363367E-03 +2.302667901E-01
5.08000000000E+09 -3.990098667E-02 -5.377890546E-02 +1.503303215E-01 +2.777263076E-02 +6.830092148E-02 +2.500318993E-01
5.09000000000E+09 -4.647489751E-02 +4.877902956E-02 +1.370462540E-01 +8.087031966E-03 +1.170327297E-01 +2.037037696E-01
5.10000000000E+09 +5.765918739E-02 +3.704551266E-02 +1.292150096E-01 +1.026849949E-02 +1.051497122E-01 +1.398757918E-01
5.11000000000E+09 +2.467386346E-02 -6.488132662E-02 +1.313181868E-01 -5.308263802E-03 +5.459443209E-02 +1.074046380E-01
5.12000000000E+09 -6.811538768E-02 -1.007541280E-02 +9.931430724E-02 -2.981795744E-02 -4.075103592E-03 +1.325516813E-01
5.13000000000E+09 +4.190041827E-03 +6.697914395E-02 +5.076987627E-02 -1.444247858E-02 -2.364526486E-02 +2.014419137E-01
5.14000000000E+09 +6.314948225E-02 -1.576525971E-02 +3.231066436E-02 +2.104775427E-02 +3.145521437E-02 +2.561191033E-01
5.15000000000E+09 -2.575899480E-02 -5.898777546E-02 +2.375475979E-02 +4.154251693E-02 +1.113049168E-01 +2.404757095E-01
5.16000000000E+09 -5.417808008E-02 +3.628678451E-02 +5.020958520E-03 +7.368095630E-02 +1.376152718E-01 +1.622730842E-01
5.17000000000E+09 +4.711806734E-02 +4.665490375E-02 +1.621391291E-02 +1.280829501E-01 +8.932000914E-02 +9.039575707E-02
5.18000000000E+09 +3.542828029E-02 -5.549897484E-02 +6.797055727E-02 +1.525263372E-01 +2.644907430E-03 +9.311592484E-02
5.19000000000E+09 -5.976722176E-02 -2.248869328E-02 +1.079755567E-01 +1.329747692E-01 -5.171818752E-02 +1.736507125E-01
5.20000000000E+09 -1.142264241E-02 +6.044258491E-02 +1.261035594E-01 +1.082349661E-01 -1.385870697E-02 +2.660905213E-01
5.21000000000E+09 +6.095779644E-02 +2.442263302E-03 +1.452872407E-01 +7.261839560E-02 +9.591750512E-02 +2.801524219E-01
5.22000000000E+09 -7.213325913E-03 -6.272755591E-02 +1.373607331E-01 +5.869461373E-03 +1.688944031E-01 +1.891546274E-01
5.23000000000E+09 -6.294183692E-02 +2.104477441E-02 +6.847977813E-02 -4.784804616E-02 +1.157471322E-01 +7.748179514E-02
5.24000000000E+09 +3.596967703E-02 +5.671242668E-02 -1.689317914E-02 -3.816822930E-02 -9.435113995E-03 +7.440898267E-02
5.25000000000E+09 +4.530816039E-02 -4.597852318E-02 -6.978969474E-02 +3.689189208E-03 -6.689118673E-02 +1.823005178E-01
5.26000000000E+09 -5.071742486E-02 -3.449037701E-02 -1.074201882E-01 +5.411028717E-02 -1.124417984E-02 +2.800397855E-01
5.27000000000E+09 -2.634971185E-02 +5.415004264E-02 -1.194966707E-01 +1.312630929E-01 +1.001196325E-01 +2.816379987E-01
5.28000000000E+09 +5.871848501E-02 +1.887111609E-02 -6.855458916E-02 +2.048766932E-01 +1.683695581E-01 +1.897724694E-01
5.29000000000E+09 +7.777294340E-03 -6.408728601E-02 +1.995980194E-02 +2.143721844E-01 +1.127518225E-01 +8.655784408E-02
5.30000000000E+09 -6.580815157E-02 +6.878831448E-03 +7.932014198E-02 +1.663611438E-01 -1.316749021E-02 +9.345401388E-02
5.31000000000E+09 +2.042836644E-02 +6.180781918E-02 +1.049559655E-01 +1.079555570E-01 -4.739771497E-02 +2.051135235E-01
5.32000000000E+09 +5.662593210E-02 -3.077153905E-02 +1.114156617E-01 +3.241662581E-02 +3.596521769E-02 +2.743536573E-01
5.33000000000E+09 -4.114004932E-02 -5.137986358E-02 +6.233084269E-02 -5.456070415E-02 +1.224349824E-01 +2.321415218E-01
5.34000000000E+09 -4.327940042E-02 +5.252873813E-02 -4.161867010E-02 -8.668909524E-02 +1.231671939E-01 +1.450601658E-01
5.35000000000E+09 +6.162964919E-02 +3.023365094E-02 -1.240344769E-01 -4.606235327E-02 +4.810627759E-02 +1.145612187E-01
5.36000000000E+09 +1.523049180E-02 -6.521590442E-02 -1.582645004E-01 +6.738163759E-03 -1.374213861E-02 +1.644511099E-01
5.37000000000E+09 -6.455115460E-02 -2.445878075E-03 -1.773042521E-01 +5.919436818E-02 +1.123750401E-02 +2.359507772E-01
5.38000000000E+09 +7.610256907E-03 +6.354572800E-02 -1.642873479E-01 +1.275461823E-01 +9.338887316E-02 +2.431815817E-01
5.39000000000E+09 +6.301093281E-02 -1.899163269E-02 -9.781489168E-02 +1.696493587E-01 +1.272007079E-01 +1.672018595E-01
5.40000000000E+09 -3.350420069E-02 -5.966054176E-02 -2.790270033E-02 +1.474463455E-01 +5.273379792E-02 +1.045972593E-01
5.41000000000E+09 -4.980007110E-02 +4.644917371E-02 +6.459000497E-04 +1.036950243E-01 -2.944553998E-02 +1.593189442E-01
5.42000000000E+09 +5.395653204E-02 +3.803350684E-02 +2.031564237E-02 +6.757535762E-02 -4.315234070E-03 +2.569072606E-01
5.43000000000E+09 +2.754387608E-02 -5.919781383E-02 +3.297927890E-02 +7.699970335E-03 +8.969422760E-02 +2.712038731E-01
5.44000000000E+09 -6.441529321E-02 -1.654829739E-02 -3.873413074E-03 -5.739626717E-02 +1.474165530E-01 +1.968888519E-01
5.45000000000E+09 -2.388958009E-03 +6.806916950E-02 -6.716440394E-02 -7.173387103E-02 +1.083129076E-01 +1.123661843E-01
5.46000000000E+09 +6.643844839E-02 -1.393628229E-02 -9.909171569E-02 -5.459041422E-02 +4.855980698E-03 +1.042257405E-01
5.47000000000E+09 -2.738031706E-02 -5.900735338E-02 -1.196481013E-01 -4.896948351E-02 -5.064946939E-02 +1.940161379E-01
5.48000000000E+09 -5.057442148E-02 +3.552645594E-02 -1.502867135E-01 -2.494436007E-02 +9.254655269E-03 +2.922011784E-01
5.49000000000E+09 +4.204401829E-02 +4.398848399E-02 -1.472036182E-01 +2.597132129E-02 +1.185803803E-01 +2.883399597E-01
5.50000000000E+09 +3.754602111E-02 -5.066274029E-02 -1.015817728E-01 +5.094276574E-02 +1.660355991E-01 +1.876380180E-01
5.51000000000E+09 -5.979133930E-02 -2.661543059E-02 -6.669690132E-02 +3.720639076E-02 +1.043211972E-01 +1.003614712E-01
5.52000000000E+09 -1.158382718E-02 +6.447030053E-02 -4.929140455E-02 +3.126943738E-02 +2.883095123E-03 +1.141717114E-01
5.53000000000E+09 +6.328516556E-02 -3.207656255E-03 -1.021058534E-02 +2.248358831E-02 -3.619499879E-02 +1.971217343E-01
5.54000000000E+09 -1.469968252E-02 -5.901391790E-02 +2.108262795E-02 -2.470451530E-02 +7.794938585E-03 +2.731658516E-01
5.55000000000E+09 -5.439047237E-02 +2.403131264E-02 +9.576270575E-03 -7.165828088E-02 +9.031799518E-02 +2.871659249E-01
5.56000000000E+09 +3.340368464E-02 +4.959069403E-02 -6.057846792E-03 -8.668022227E-02 +1.471622536E-01 +2.251728744E-01
5.57000000000E+09 +4.280015008E-02 -4.368625715E-02 -3.568432746E-03 -1.077965397E-01 +1.320956165E-01 +1.432350985E-01
5.58000000000E+09 -5.217944341E-02 -3.206278107E-02 -2.672145949E-02 -1.447844842E-01 +5.977023593E-02 +1.171240364E-01
5.59000000000E+09 -1.897752554E-02 +5.636496685E-02 -7.594355898E-02 -1.459083309E-01 -7.896461705E-03 +1.582913995E-01
5.60000000000E+09 +5.659685065E-02 +6.795572108E-03 -9.929955028E-02 -1.144209567E-01 -1.815157097E-02 +2.293223616E-01
5.61000000000E+09 -3.099056749E-03 -5.453047196E-02 -1.040136489E-01 -9.082823610E-02 +3.666817906E-02 +2.917479711E-01
5.62000000000E+09 -5.262904819E-02 +1.115538889E-02 -1.146984571E-01 -5.653251244E-02 +1.259310359E-01 +2.864809191E-01
5.63000000000E+09 +2.024183013E-02 +5.111992945E-02 -9.437057083E-02 +6.789475393E-03 +1.752717971E-01 +2.025036118E-01
5.64000000000E+09 +4.745588988E-02 -3.156600483E-02 -1.602934018E-02 +4.683518310E-02 +1.274535919E-01 +1.035599848E-01
5.65000000000E+09 -4.213933422E-02 -3.814520084E-02 +6.747813820E-02 +2.356903886E-02 +7.479413860E-03 +9.963830279E-02
5.66000000000E+09 -2.572477708E-02 +4.697017204E-02 +1.187515237E-01 -2.586657649E-02 -6.062396937E-02 +1.997404318E-01
5.67000000000E+09 +4.722817533E-02 +1.572319124E-02 +1.556058482E-01 -8.995516898E-02 -7.254948743E-03 +3.094819395E-01
5.68000000000E+09 +9.302349132E-03 -4.666421709E-02 +1.538481268E-01 -1.825030517E-01 +1.146960435E-01 +3.362665533E-01
5.69000000000E+09 -4.817809243E-02 -3.364041695E-03 +8.116351162E-02 -2.580896461E-01 +2.033972969E-01 +2.454290057E-01
5.70000000000E+09 +5.561740544E-03 +5.087643240E-02 -2.371331701E-02 -2.584790854E-01 +1.642748008E-01 +1.070432273E-01
5.71000000000E+09 +4.937787685E-02 -1.793603167E-02 -9.490381329E-02 -1.976218770E-01 +1.903641155E-02 +8.310002347E-02
5.72000000000E+09 -2.786538826E-02 -4.252994846E-02 -1.291710288E-01 -1.173712407E-01 -6.191660930E-02 +2.079210692E-01
5.73000000000E+09 -3.489482112E-02 +3.316118404E-02 -1.260121856E-01 -1.138343038E-02 +9.362387625E-03 +3.263282752E-01
5.74000000000E+09 +3.719754812E-02 +2.949544069E-02 -4.602620155E-02 +9.228863014E-02 +1.376444657E-01 +3.272617504E-01
5.75000000000E+09 +2.402710196E-02 -4.279882711E-02 +9.088610114E-02 +1.192629004E-01 +2.028807833E-01 +2.238178177E-01
5.76000000000E+09 -4.878707494E-02 -1.519080174E-02 +2.002676043E-01 +5.894565622E-02 +1.370800263E-01 +1.077935353E-01
5.77000000000E+09 -2.771052554E-03 +5.066703143E-02 +2.507871686E-01 -2.786864946E-02 +5.194480143E-03 +1.179662407E-01
5.78000000000E+09 +4.726671189E-02 -7.084412471E-03 +2.634903448E-01 -1.234483407E-01 -3.431844979E-02 +2.484514126E-01
5.79000000000E+09 -1.279022462E-02 -4.356690692E-02 +2.160760378E-01 -2.247485993E-01 +5.998386107E-02 +3.375428491E-01
5.80000000000E+09 -4.271550032E-02 +1.842626902E-02 +1.009798881E-01 -2.736942154E-01 +1.701152892E-01 +2.905462800E-01
5.81000000000E+09 +2.748948822E-02 +4.201240561E-02 -1.756842566E-02 -2.291720259E-01 +1.793025752E-01 +1.727791527E-01
5.82000000000E+09 +3.589552057E-02 -3.926223840E-02 -7.642533824E-02 -1.329856287E-01 +7.404156121E-02 +1.233482144E-01
5.83000000000E+09 -4.629748527E-02 -2.408428316E-02 -8.939046884E-02 -3.066954362E-02 -6.546975181E-03 +2.013910970E-01
5.84000000000E+09 -1.323891819E-02 +4.747702506E-02 -5.339154655E-02 +8.387401051E-02 +3.273347615E-02 +3.034514750E-01
5.85000000000E+09 +4.705677441E-02 +5.578066407E-03 +5.782055354E-02 +1.642100190E-01 +1.369095077E-01 +3.196162688E-01
5.86000000000E+09 -1.402353327E-03 -4.815137969E-02 +1.907931920E-01 +1.513584262E-01 +2.016696162E-01 +2.264082303E-01
5.87000000000E+09 -4.908722366E-02 +1.125809952E-02 +2.688593959E-01 +7.296750685E-02 +1.442326649E-01 +1.174727974E-01
5.88000000000E+09 +2.278567776E-02 +4.544840428E-02 +2.930151904E-01 -1.010979138E-02 +1.574904440E-02 +1.380098421E-01
5.89000000000E+09 +3.801900721E-02 -3.005550379E-02 +2.843847722E-01 -1.000216390E-01 -1.151615393E-02 +2.695382184E-01
5.90000000000E+09 -3.429974651E-02 -3.200205742E-02 +2.111113759E-01 -1.854327743E-01 +8.304585351E-02 +3.419442359E-01
5.91000000000E+09 -2.797572510E-02 +3.961753821E-02 +8.394107790E-02 -1.997016565E-01 +1.941544554E-01 +2.929704859E-01
5.92000000000E+09 +4.772136060E-02 +2.133477607E-02 -1.557252890E-02 -1.255609335E-01 +2.027996314E-01 +1.744535806E-01
5.93000000000E+09 +8.899663119E-03 -5.423275419E-02 -4.837132038E-02 -2.888091568E-02 +1.019756346E-01 +1.085387522E-01
5.94000000000E+09 -5.338869411E-02 +6.012195165E-03 -4.854925612E-02 +6.378343161E-02 -6.355428799E-03 +1.737400529E-01
5.95000000000E+09 +1.596391694E-02 +4.681734247E-02 +3.383842955E-04 +1.616298177E-01 +9.185246183E-04 +3.047493016E-01
5.96000000000E+09 +4.139821774E-02 -2.086901213E-02 +1.074176512E-01 +2.069068147E-01 +1.124686552E-01 +3.579752375E-01
5.97000000000E+09 -2.589029741E-02 -3.922418257E-02 +2.030358975E-01 +1.689606389E-01 +2.195594612E-01 +2.876699034E-01
5.98000000000E+09 -3.695364363E-02 +3.444261759E-02 +2.376429611E-01 +1.002573014E-01 +2.126930400E-01 +1.680786478E-01
5.99000000000E+09 +4.456560712E-02 +2.975081955E-02 +2.410330990E-01 +4.530318479E-02 +1.016725834E-01 +1.221786710E-01
6.00000000000E+09 +1.747720677E-02 -5.040482115E-02 +2.274207937E-01 -2.065212136E-02 +1.670372832E-02 +1.957832362E-01
6.01000000000E+09 -5.110346655E-02 -6.114040747E-03 +1.564642692E-01 -7.804940951E-02 +3.818587633E-02 +2.936885635E-01
6.02000000000E+09 +3.055135825E-03 +5.008975084E-02 +6.224403174E-02 -6.473889006E-02 +1.194035721E-01 +3.328049719E-01
6.03000000000E+09 +4.938286782E-02 -1.113998245E-02 +1.552390994E-02 -7.273026944E-03 +2.026427752E-01 +2.889098022E-01
6.04000000000E+09 -2.120957667E-02 -4.856048397E-02 +5.030455918E-04 +3.405149570E-02 +2.123730495E-01 +1.927120131E-01
6.05000000000E+09 -4.350528725E-02 +3.321661622E-02 -2.090311270E-02 +7.926212412E-02 +1.287092078E-01 +1.403675269E-01
6.06000000000E+09 +4.206496160E-02 +3.325505707E-02 -7.957157119E-03 +1.474350986E-01 +4.636029496E-02 +1.878244927E-01
6.07000000000E+09 +2.239968408E-02 -4.569854108E-02 +4.917823029E-02 +1.777682415E-01 +5.037548228E-02 +2.724538278E-01
6.08000000000E+09 -4.682411514E-02 -1.381095039E-02 +8.710879541E-02 +1.620320318E-01 +1.138105361E-01 +3.156120561E-01
6.09000000000E+09 -6.695337116E-03 +4.836795029E-02 +1.012708961E-01 +1.528491347E-01 +1.817563959E-01 +2.965023629E-01
6.10000000000E+09 +5.038263419E-02 -1.607489999E-03 +1.342046101E-01 +1.418531624E-01 +2.064403439E-01 +2.302759928E-01
6.11000000000E+09 -1.269693224E-02 -5.141370208E-02 +1.600764000E-01 +8.419062516E-02 +1.641778838E-01 +1.694186881E-01
6.12000000000E+09 -4.720687578E-02 +2.559819434E-02 +1.241340389E-01 +1.853449571E-02 +8.559489650E-02 +1.855061069E-01
6.13000000000E+09 +3.453387499E-02 +3.855084034E-02 +6.704810729E-02 +1.656222919E-03 +7.106633090E-02 +2.632455093E-01
6.14000000000E+09 +3.016489317E-02 -3.951116848E-02 +2.824737500E-02 -3.730125115E-03 +1.335717317E-01 +3.080262159E-01
6.15000000000E+09 -4.352513461E-02 -2.291304224E-02 -3.012230596E-02 -9.323018847E-03 +1.943858245E-01 +2.803272365E-01
6.16000000000E+09 -1.487685756E-02 +4.793844032E-02 -9.954390831E-02 +3.624024026E-02 +2.013595854E-01 +2.144476466E-01
6.17000000000E+09 +5.093009187E-02 +4.161371135E-03 -1.109224390E-01 +1.201838827E-01 +1.511172391E-01 +1.775696517E-01
6.18000000000E+09 -7.560871875E-03 -4.969174638E-02 -7.024177687E-02 +1.684167490E-01 +9.118170461E-02 +2.139296142E-01
6.19000000000E+09 -4.508378642E-02 +1.657565021E-02 -3.555426439E-02 +1.854171200E-01 +1.025380980E-01 +2.855363571E-01
6.20000000000E+09 +2.269579129E-02 +4.046958450E-02 +1.045343497E-02 +2.030974571E-01 +1.751244236E-01 +3.072091710E-01
6.21000000000E+09 +3.767478955E-02 -2.923448298E-02 +8.525335413E-02 +1.802094952E-01 +2.289451711E-01 +2.443587026E-01
6.22000000000E+09 -3.851128064E-02 -3.247435547E-02 +1.264149962E-01 +9.242794008E-02 +1.898968503E-01 +1.677869223E-01
6.23000000000E+09 -2.176943843E-02 +4.636742644E-02 +9.383802060E-02 +8.144941926E-03 +9.931905475E-02 +1.788311954E-01
6.24000000000E+09 +4.776351557E-02 +9.202286876E-03 +4.408801965E-02 -3.471563512E-02 +7.909145615E-02 +2.727783647E-01
6.25000000000E+09 +3.581647833E-04 -4.516799454E-02 -1.214296290E-02 -7.298851206E-02 +1.508014540E-01 +3.350096066E-01
6.26000000000E+09 -4.363220880E-02 +5.474472131E-03 -1.042029077E-01 -8.165222786E-02 +2.460031081E-01 +2.987449706E-01
6.27000000000E+09 +1.238007306E-02 +4.397297428E-02 -1.861234421E-01 -1.774779208E-02 +2.692154430E-01 +1.902830123E-01
6.28000000000E+09 +4.248182757E-02 -2.294714257E-02 -1.938652261E-01 +7.623922091E-02 +1.703187953E-01 +1.130631287E-01
6.29000000000E+09 -3.330224341E-02 -3.464297414E-02 -1.544168311E-01 +1.335846908E-01 +4.792260421E-02 +1.851772565E-01
6.30000000000E+09 -2.422747626E-02 +3.677382925E-02 -1.072620046E-01 +1.737119539E-01 +6.508186011E-02 +3.285618426E-01
6.31000000000E+09 +3.713904982E-02 +1.803024939E-02 -2.217162962E-02 +1.960282225E-01 +1.979114808E-01 +3.746277028E-01
6.32000000000E+09 +1.405552228E-02 -3.949531648E-02 +8.020787429E-02 +1.452009224E-01 +3.076726666E-01 +2.898913362E-01
6.33000000000E+09 -4.507152100E-02 -7.973385405E-03 +1.200427310E-01 +2.946496133E-02 +2.953233715E-01 +1.417037388E-01
6.34000000000E+09 +4.524134218E-03 +4.884715039E-02 +8.090847538E-02 -6.785002960E-02 +1.445204839E-01 +8.373626809E-02
6.35000000000E+09 +4.349505329E-02 -1.776396684E-02 +2.362191579E-02 -1.247184210E-01 +1.896378135E-02 +2.032936287E-01
6.36000000000E+09 -2.344561333E-02 -3.453642456E-02 -5.697890439E-02 -1.660198533E-01 +7.131606548E-02 +3.590238672E-01
6.37000000000E+09 -2.958263832E-02 +2.472404529E-02 -1.639467269E-01 -1.465759353E-01 +2.273143532E-01 +3.919584063E-01
6.38000000000E+09 +2.758077463E-02 +2.855359921E-02 -2.270539624E-01 -5.184275067E-02 +3.409036599E-01 +2.880566928E-01
6.39000000000E+09 +2.700708860E-02 -3.581110465E-02 -2.018875608E-01 +5.057276512E-02 +3.102624248E-01 +1.346446915E-01
6.40000000000E+09 -4.567961686E-02 -1.807192744E-02 -1.349925333E-01 +1.002399405E-01 +1.493176304E-01 +8.431215474E-02
6.41000000000E+09 -3.420035384E-03 +4.806079508E-02 -6.487908933E-02 +1.256204989E-01 +4.289411258E-02 +2.115992860E-01
6.42000000000E+09 +4.313013656E-02 -6.686204743E-03 +3.609939999E-02 +1.155458948E-01 +1.034161773E-01 +3.496734006E-01
6.43000000000E+09 -1.127832943E-02 -3.918283485E-02 +1.172724316E-01 +2.669886135E-02 +2.427529499E-01 +3.700987155E-01
6.44000000000E+09 -3.861966357E-02 +1.558806302E-02 +1.129271703E-01 -8.739306166E-02 +3.366369435E-01 +2.770845088E-01
6.45000000000E+09 +2.360572783E-02 +3.904599755E-02 +5.372255360E-02 -1.497275839E-01 +3.032738393E-01 +1.448631956E-01
6.46000000000E+09 +3.418692527E-02 -3.513273745E-02 +3.706553570E-03 -1.721284888E-01 +1.677067530E-01 +1.105566418E-01
6.47000000000E+09 -4.241880458E-02 -2.283328863E-02 -5.751786028E-02 -1.876107260E-01 +9.042779443E-02 +2.162140624E-01
6.48000000000E+09 -1.275800494E-02 +4.324754767E-02 -1.326146838E-01 -1.462188278E-01 +1.446120972E-01 +3.195245999E-01
6.49000000000E+09 +4.338010279E-02 +5.842152745E-03 -1.460891301E-01 -5.472919501E-02 +2.443766936E-01 +3.299625524E-01
6.50000000000E+09 -4.069301486E-04 -4.494637624E-02 -9.293265355E-02 +4.819447675E-03 +3.054277905E-01 +2.590985103E-01
6.51000000000E+09 -4.718883465E-02 +9.586081740E-03 -4.229105530E-02 +1.740766891E-02 +2.835650471E-01 +1.742486499E-01
6.52000000000E+09 +2.207096862E-02 +4.519561564E-02 +2.563692842E-03 +3.380054036E-02 +1.983581416E-01 +1.511067957E-01
6.53000000000E+09 +3.709801465E-02 -3.237088483E-02 +8.119772931E-02 +2.442374962E-02 +1.483777083E-01 +2.171774465E-01
6.54000000000E+09 -3.712948976E-02 -2.777888819E-02 +1.326051519E-01 -4.923158586E-02 +1.859580364E-01 +2.863755881E-01
6.55000000000E+09 -2.087282492E-02 +3.970878535E-02 +1.152130395E-01 -1.175841701E-01 +2.487819829E-01 +2.864853500E-01
6.56000000000E+09 +4.316983109E-02 +1.468331632E-02 +8.616762811E-02 -1.411007191E-01 +2.774314774E-01 +2.365618743E-01
6.57000000000E+09 +6.373735201E-03 -4.697267217E-02 +6.981793699E-02 -1.651887348E-01 +2.607091737E-01 +1.951710674E-01
6.58000000000E+09 -4.860944736E-02 +4.197149794E-03 +1.707769894E-02 -1.889948905E-01 +2.201206627E-01 +1.911323590E-01
6.59000000000E+09 +1.563694863E-02 +4.627754950E-02 -4.972917009E-02 -1.466790142E-01 +1.955191438E-01 +2.286876160E-01
6.60000000000E+09 +4.074393265E-02 -2.439638034E-02 -5.103923458E-02 -6.875051687E-02 +2.207407225E-01 +2.628948267E-01
6.61000000000E+09 -3.096300547E-02 -3.506340156E-02 -1.393559869E-02 -2.962342172E-02 +2.647935519E-01 +2.577856764E-01
6.62000000000E+09 -2.910038641E-02 +3.733944011E-02 +9.530566514E-03 -3.354604983E-03 +2.780330392E-01 +2.138151490E-01
6.63000000000E+09 +4.363011893E-02 +2.088561809E-02 +5.850702390E-02 +3.612216443E-02 +2.442181215E-01 +1.871914886E-01
6.64000000000E+09 +1.023727262E-02 -4.682597515E-02 +1.434265707E-01 +2.460097610E-02 +2.134180520E-01 +2.132242547E-01
6.65000000000E+09 -4.630333062E-02 -3.165396395E-04 +1.808464325E-01 -4.528774054E-02 +2.213722899E-01 +2.523838921E-01
6.66000000000E+09 +7.607554703E-03 +4.438041423E-02 +1.605738044E-01 -9.204283986E-02 +2.587400899E-01 +2.617987141E-01
6.67000000000E+09 +4.246533097E-02 -1.475408242E-02 +1.455851981E-01 -1.092742470E-01 +2.953262822E-01 +2.406754408E-01
6.68000000000E+09 -2.271364218E-02 -4.074027332E-02 +1.245937816E-01 -1.422693504E-01 +2.964348315E-01 +1.897055362E-01
6.69000000000E+09 -3.626217103E-02 +3.279695041E-02 +5.491222322E-02 -1.528946764E-01 +2.455427040E-01 +1.692339353E-01
6.70000000000E+09 +4.095460763E-02 +2.679459978E-02 -1.930204302E-03 -8.791428924E-02 +2.026482388E-01 +2.092274806E-01
6.71000000000E+09 +1.600530421E-02 -4.385011911E-02 +1.332816903E-02 -1.676451443E-02 +2.272880190E-01 +2.690020588E-01
6.72000000000E+09 -4.387608858E-02 -7.736332932E-03 +4.037826531E-02 +1.359938560E-02 +2.914761053E-01 +2.720139444E-01
6.73000000000E+09 -8.317053702E-04 +4.457825233E-02 +5.882622480E-02 +5.102107452E-02 +3.273951279E-01 +2.213109999E-01
6.74000000000E+09 +4.556199603E-02 -7.458815438E-03 +1.186547094E-01 +8.818838011E-02 +3.068533519E-01 +1.679160866E-01
6.75000000000E+09 -1.792522974E-02 -4.412241444E-02 +1.948391957E-01 +5.813614504E-02 +2.475764980E-01 +1.588271596E-01
6.76000000000E+09 -3.833376376E-02 +2.778380411E-02 +2.057345050E-01 -1.045473702E-02 +2.073345290E-01 +2.079445625E-01
6.77000000000E+09 +3.365509835E-02 +2.990883909E-02 +1.779363400E-01 -4.059750764E-02 +2.408283533E-01 +2.720473235E-01
6.78000000000E+09 +2.336620723E-02 -3.671535652E-02 +1.629363999E-01 -6.032701866E-02 +3.143200563E-01 +2.718099185E-01
6.79000000000E+09 -4.064621845E-02 -1.791470788E-02 +1.195886268E-01 -9.387231065E-02 +3.510146807E-01 +2.151913620E-01
6.80000000000E+09 -1.029889308E-02 +4.596126304E-02 +3.537189719E-02 -7.636736194E-02 +3.194191832E-01 +1.517904393E-01
6.81000000000E+09 +4.873215197E-02 -1.508165011E-03 -1.943298543E-03 +9.519990646E-03 +2.537234414E-01 +1.553505435E-01
6.82000000000E+09 -1.334626259E-02 -4.558576737E-02 +2.934053135E-02 +7.042249268E-02 +2.329730985E-01 +2.088754029E-01
6.83000000000E+09 -3.961245198E-02 +2.140033073E-02 +5.319355096E-02 +9.378990262E-02 +2.690273580E-01 +2.504531950E-01
6.84000000000E+09 +2.672145916E-02 +3.433477395E-02 +8.116661266E-02 +1.298163838E-01 +3.238066284E-01 +2.454214836E-01
6.85000000000E+09 +3.007674226E-02 -3.194102498E-02 +1.504575967E-01 +1.379976506E-01 +3.486419720E-01 +1.993351476E-01
6.86000000000E+09 -3.887555676E-02 -2.471960161E-02 +1.991461480E-01 +7.353610477E-02 +3.167751025E-01 +1.533838163E-01
6.87000000000E+09 -1.525479721E-02 +4.486742841E-02 +1.682242002E-01 +5.627519302E-03 +2.692722347E-01 +1.624486419E-01
6.88000000000E+09 +4.660762901E-02 +3.919961771E-03 +1.215082604E-01 -6.705051862E-03 +2.625375119E-01 +2.078423086E-01
6.89000000000E+09 -5.727593170E-03 -4.480933454E-02 +9.341006201E-02 -1.787865191E-02 +3.001567680E-01 +2.329928332E-01
6.90000000000E+09 -4.238015786E-02 +1.357510209E-02 +3.236785860E-02 -2.642217574E-02 +3.336493276E-01 +2.141488393E-01
6.91000000000E+09 +2.145792747E-02 +3.948750055E-02 -3.224689728E-02 +2.995886534E-02 +3.356760796E-01 +1.819566663E-01
6.92000000000E+09 +3.477293619E-02 -2.951684687E-02 -2.216422635E-02 +1.111551420E-01 +3.147473789E-01 +1.636945328E-01
6.93000000000E+09 -3.656888488E-02 -2.747415454E-02 +2.527462915E-02 +1.338171348E-01 +2.936059729E-01 +1.705875855E-01
6.94000000000E+09 -1.842498049E-02 +4.101938978E-02 +4.169231121E-02 +1.320077186E-01 +2.934695828E-01 +1.981087552E-01
6.95000000000E+09 +4.272792885E-02 +9.844319321E-03 +6.769031956E-02 +1.458272234E-01 +3.215367024E-01 +2.084022071E-01
6.96000000000E+09 +1.845200093E-03 -4.374646371E-02 +1.179339804E-01 +1.176588104E-01 +3.381583880E-01 +1.897015302E-01
6.97000000000E+09 -4.391896396E-02 +6.729415134E-03 +1.156791273E-01 +4.336941400E-02 +3.338758415E-01 +1.664136342E-01
6.98000000000E+09 +1.625734065E-02 +4.202168584E-02 +5.573621888E-02 +1.047313626E-02 +3.149897614E-01 +1.606376191E-01
6.99000000000E+09 +3.712050804E-02 -2.513168737E-02 +2.052122236E-02 +2.250289446E-02 +3.047820224E-01 +1.745935357E-01
7.00000000000E+09 -3.188088327E-02 -3.026805879E-02 +1.255374732E-04 +1.405958757E-02 +3.129494486E-01 +1.933033341E-01

[Channel0\Trace0\Marker0]
Enabled=1
Position=0.2

[Channel0\Trace1]
ReferencePosition[0]=1

[Channel0\Trace1\Marker0]
Enabled=1
Position=0.2

[Channel0\Trace2]
SPort=0
FormatType=2

[Channel0\Trace2\Marker0]
Enabled=1
Position=0.2

[Channel0\Trace3]
SPort=0
FormatType=2

[Channel0\Trace3\Marker0]
Enabled=1
Position=0.2

