[Channel0]
Points=501
FrequencyStart=2000000000
FrequencyStop=7000000000
FixedPower[0]=5
FixedPower[1]=5
IFBW=1000
CorrectionEnabled=1

[Channel0\Correction\11]
Calyyyymmdd=2021/12/17
Calhhmmss=13:39:47
VNATemperature=37.3 °C
Type=3
KitLabel=ACM2509.2
KitDescription=AutoCal Module 20 kHz-9 GHz (CMT), SN: 19039185, Char: Factory, 24.8°C, ThermoComp: ON
CalIFBW=1 kHz
CalPower=5 dBm
CalPorts[0]=0
CalPorts[1]=0

[Channel0\Correction\11\Data]
2.00000000000E+09 -8.310260574E-02 -8.630467408E-01 -4.331769605E-02 -1.882696581E-02 -3.595231094E-02 -7.003058689E-02
2.01000000000E+09 -5.278475769E-01 -6.895898404E-01 -3.643968538E-02 -5.068969979E-03 -5.205905452E-02 -4.181573635E-02
2.02000000000E+09 -8.142760572E-01 -3.055373869E-01 -2.307448129E-02 +3.645729522E-03 -4.870665712E-02 -9.997807293E-03
2.03000000000E+09 -8.530887861E-01 +1.736730958E-01 -6.840905667E-03 +4.749879213E-03 -2.739895760E-02 +1.317235191E-02
2.04000000000E+09 -6.302963754E-01 +6.006541736E-01 +7.843658679E-03 -2.105810092E-03 +3.344744715E-03 +1.889618271E-02
2.05000000000E+09 -2.146177943E-01 +8.428960189E-01 +1.711346030E-02 -1.479645378E-02 +3.129416271E-02 +5.156328697E-03
2.06000000000E+09 +2.646216453E-01 +8.268173230E-01 +1.868080318E-02 -2.962174672E-02 +4.512256423E-02 -2.224662281E-02
2.07000000000E+09 +6.605990210E-01 +5.599787336E-01 +1.263659927E-02 -4.222549329E-02 +3.975414657E-02 -5.231942491E-02
2.08000000000E+09 +8.551637551E-01 +1.256002522E-01 +1.168193516E-03 -4.902816828E-02 +1.746088805E-02 -7.322668246E-02
2.09000000000E+09 +7.920149127E-01 -3.449474167E-01 -1.196109475E-02 -4.814862699E-02 -1.285792210E-02 -7.683324953E-02
2.10000000000E+09 +4.908109830E-01 -7.118359557E-01 -2.273446216E-02 -3.985692383E-02 -3.950581023E-02 -6.210875098E-02
2.11000000000E+09 +4.044873354E-02 -8.649063096E-01 -2.777028959E-02 -2.646305724E-02 -5.223965711E-02 -3.502362170E-02
2.12000000000E+09 -4.243649209E-01 -7.558133105E-01 -2.530444988E-02 -1.156722152E-02 -4.644881548E-02 -6.398423354E-03
2.13000000000E+09 -7.615375641E-01 -4.154204810E-01 -1.569597265E-02 +6.726402491E-04 -2.493806937E-02 +1.245904213E-02
2.14000000000E+09 -8.661527854E-01 +5.272634353E-02 -1.411916368E-03 +7.003535328E-03 +3.136894867E-03 +1.443477295E-02
2.15000000000E+09 -7.055720427E-01 +5.042089584E-01 +1.370351250E-02 +5.882083299E-03 +2.606481302E-02 -8.409401995E-04
2.16000000000E+09 -3.302924087E-01 +8.002723956E-01 +2.558961400E-02 -2.049918716E-03 +3.467542009E-02 -2.651329469E-02
2.17000000000E+09 +1.435678569E-01 +8.519724043E-01 +3.113647483E-02 -1.407055877E-02 +2.577175168E-02 -5.188585903E-02
2.18000000000E+09 +5.719004908E-01 +6.459787811E-01 +2.911142558E-02 -2.634247072E-02 +3.306855201E-03 -6.643191563E-02
2.19000000000E+09 +8.268979774E-01 +2.459070772E-01 +2.039991076E-02 -3.498464452E-02 -2.328007546E-02 -6.451238629E-02
2.20000000000E+09 +8.326293343E-01 -2.286115827E-01 +7.780219668E-03 -3.709493870E-02 -4.321063327E-02 -4.725338710E-02
2.21000000000E+09 +5.858464450E-01 -6.354758923E-01 -4.850889976E-03 -3.165517479E-02 -4.835905378E-02 -2.198326783E-02
2.22000000000E+09 +1.593591966E-01 -8.503116420E-01 -1.357073085E-02 -1.975080952E-02 -3.688567904E-02 +7.941893811E-04
2.23000000000E+09 -3.172769941E-01 -8.055021628E-01 -1.562587073E-02 -4.364206105E-03 -1.391225361E-02 +1.149712615E-02
2.24000000000E+09 -6.971283182E-01 -5.136875696E-01 -1.017423196E-02 +1.045700922E-02 +1.061107194E-02 +5.688812902E-03
2.25000000000E+09 -8.628574785E-01 -6.504127116E-02 +1.340692678E-03 +2.081405313E-02 +2.601245526E-02 -1.397057175E-02
2.26000000000E+09 -7.645478281E-01 +4.019699762E-01 +1.568997153E-02 +2.415546565E-02 +2.582557572E-02 -3.923857319E-02
2.27000000000E+09 -4.344553488E-01 +7.447571976E-01 +2.877938265E-02 +1.985320006E-02 +9.947458932E-03 -5.916543896E-02
2.28000000000E+09 +2.595681454E-02 +8.610326981E-01 +3.683892064E-02 +9.585752936E-03 -1.527287454E-02 -6.540205949E-02
2.29000000000E+09 +4.777407546E-01 +7.169411535E-01 +3.744419625E-02 -3.395068813E-03 -3.923666350E-02 -5.534962480E-02
2.30000000000E+09 +7.854706905E-01 +3.554626839E-01 +3.020263914E-02 -1.497965644E-02 -5.203418285E-02 -3.314887120E-02
2.31000000000E+09 +8.554362063E-01 -1.151424028E-01 +1.694668150E-02 -2.137505155E-02 -4.851292494E-02 -8.059134900E-03
2.32000000000E+09 +6.645412938E-01 -5.527315530E-01 +1.064851615E-03 -2.035852700E-02 -3.010890171E-02 +9.202455730E-03
2.33000000000E+09 +2.693806373E-01 -8.221718859E-01 -1.333626445E-02 -1.168673630E-02 -5.120027012E-03 +1.110205316E-02
2.34000000000E+09 -2.086341546E-01 -8.393543647E-01 -2.255017496E-02 +2.728444708E-03 +1.524782798E-02 -3.343062843E-03
2.35000000000E+09 -6.216079629E-01 -5.993557803E-01 -2.445249387E-02 +1.928078075E-02 +2.166470576E-02 -2.813872517E-02
2.36000000000E+09 -8.430105363E-01 -1.777179721E-01 -1.905951461E-02 +3.387160092E-02 +1.032731666E-02 -5.232056131E-02
2.37000000000E+09 -8.077512880E-01 +2.954671468E-01 -8.465671939E-03 +4.306541807E-02 -1.499059432E-02 -6.485275709E-02
2.38000000000E+09 -5.287775919E-01 +6.773984765E-01 +3.877487472E-03 +4.499405363E-02 -4.400294137E-02 -5.937236114E-02
2.39000000000E+09 -9.091316131E-02 +8.544817289E-01 +1.404493684E-02 +3.978281417E-02 -6.477374482E-02 -3.683375991E-02
2.40000000000E+09 +3.726291537E-01 +7.747064478E-01 +1.873186159E-02 +2.963120446E-02 -6.805955694E-02 -5.328746184E-03
2.41000000000E+09 +7.275697977E-01 +4.595333570E-01 +1.648081248E-02 +1.787848906E-02 -5.114346208E-02 +2.289481894E-02
2.42000000000E+09 +8.617073595E-01 +2.811742667E-03 +7.446623912E-03 +8.311696719E-03 -1.987486480E-02 +3.594594315E-02
2.43000000000E+09 +7.318936549E-01 -4.558971105E-01 -6.086615135E-03 +4.050475809E-03 +1.377795750E-02 +2.781502402E-02
2.44000000000E+09 +3.772945471E-01 -7.744001018E-01 -2.066562829E-02 +6.486545264E-03 +3.603580385E-02 +5.947542784E-04
2.45000000000E+09 -9.187111250E-02 -8.544749155E-01 -3.255395979E-02 +1.505975436E-02 +3.734040220E-02 -3.530233116E-02
2.46000000000E+09 -5.300588229E-01 -6.736273166E-01 -3.889846070E-02 +2.731499610E-02 +1.612029972E-02 -6.573666020E-02
2.47000000000E+09 -8.048338998E-01 -2.900905415E-01 -3.863211310E-02 +3.979882197E-02 -2.029437508E-02 -7.803370277E-02
2.48000000000E+09 -8.356282803E-01 +1.789479011E-01 -3.255676089E-02 +4.897139292E-02 -5.784827532E-02 -6.648992167E-02
2.49000000000E+09 -6.145719472E-01 +5.932761735E-01 -2.317975864E-02 +5.236506627E-02 -8.199916164E-02 -3.448751295E-02
2.50000000000E+09 -2.075556691E-01 +8.292363579E-01 -1.386475057E-02 +4.908707029E-02 -8.261166135E-02 +6.655811322E-03
2.51000000000E+09 +2.642359983E-01 +8.143998505E-01 -7.963199567E-03 +4.010544124E-02 -5.859789212E-02 +4.111379821E-02
2.52000000000E+09 +6.573608549E-01 +5.506583374E-01 -7.889416677E-03 +2.797585842E-02 -1.799080104E-02 +5.524587164E-02
2.53000000000E+09 +8.498613056E-01 +1.172133760E-01 -1.437020991E-02 +1.612025864E-02 +2.358736267E-02 +4.277619376E-02
2.54000000000E+09 +7.811336203E-01 -3.524371666E-01 -2.612452956E-02 +7.916676905E-03 +5.012731853E-02 +7.569579115E-03
2.55000000000E+09 +4.730524965E-01 -7.122457320E-01 -4.040754984E-02 +5.579501450E-03 +5.057095769E-02 -3.718922186E-02
2.56000000000E+09 +2.301550671E-02 -8.523862465E-01 -5.365874525E-02 +9.554066225E-03 +2.380191606E-02 -7.437281265E-02
2.57000000000E+09 -4.301812686E-01 -7.336420149E-01 -6.277346634E-02 +1.833894819E-02 -2.048092597E-02 -8.951554727E-02
2.58000000000E+09 -7.510276342E-01 -3.954681293E-01 -6.579871819E-02 +2.913878523E-02 -6.599084759E-02 -7.638048854E-02
2.59000000000E+09 -8.457511444E-01 +5.999211674E-02 -6.250159206E-02 +3.859958262E-02 -9.573185397E-02 -3.890774695E-02
2.60000000000E+09 -6.871136596E-01 +4.976085490E-01 -5.435346623E-02 +4.378679211E-02 -9.868144902E-02 +9.387495550E-03
2.61000000000E+09 -3.211399144E-01 +7.872079590E-01 -4.424759271E-02 +4.283058305E-02 -7.299922562E-02 +5.082847004E-02
2.62000000000E+09 +1.444183785E-01 +8.397396363E-01 -3.545198165E-02 +3.563244931E-02 -2.792024285E-02 +6.997804765E-02
2.63000000000E+09 +5.683115959E-01 +6.360014616E-01 -3.089970436E-02 +2.385394884E-02 +1.989752538E-02 +5.947711866E-02
2.64000000000E+09 +8.189682824E-01 +2.367944329E-01 -3.221972095E-02 +1.041068994E-02 +5.237085592E-02 +2.297955954E-02
2.65000000000E+09 +8.183513775E-01 -2.342216931E-01 -3.933368220E-02 -1.262175702E-03 +5.717654708E-02 -2.560575020E-02
2.66000000000E+09 +5.683428461E-01 -6.312878129E-01 -5.036094665E-02 -8.410532455E-03 +3.245162154E-02 -6.794553103E-02
2.67000000000E+09 +1.476714052E-01 -8.342431322E-01 -6.232076478E-02 -9.626396869E-03 -1.235586807E-02 -8.812260095E-02
2.68000000000E+09 -3.148513194E-01 -7.842394239E-01 -7.197709088E-02 -5.302913430E-03 -6.047390495E-02 -7.885623168E-02
2.69000000000E+09 -6.807857002E-01 -4.988016667E-01 -7.687880120E-02 +2.622796638E-03 -9.434551372E-02 -4.355768512E-02
2.70000000000E+09 -8.420899627E-01 -6.377435527E-02 -7.581891445E-02 +1.129239953E-02 -1.016804602E-01 +4.468414036E-03
2.71000000000E+09 -7.498788001E-01 +3.919395327E-01 -6.927375906E-02 +1.757454273E-02 -8.006189182E-02 +4.765055003E-02
2.72000000000E+09 -4.291197330E-01 +7.309278880E-01 -5.925120073E-02 +1.908064159E-02 -3.782707263E-02 +7.033771347E-02
2.73000000000E+09 +2.468543920E-02 +8.483300055E-01 -4.865581270E-02 +1.483169961E-02 +9.215044960E-03 +6.445180267E-02
2.74000000000E+09 +4.725473159E-01 +7.053906026E-01 -4.051346740E-02 +5.457185819E-03 +4.342022044E-02 +3.254442237E-02
2.75000000000E+09 +7.750566607E-01 +3.457107905E-01 -3.719401998E-02 -6.869643489E-03 +5.223615477E-02 -1.268254264E-02
2.76000000000E+09 +8.390782594E-01 -1.186210913E-01 -3.946258228E-02 -1.911177682E-02 +3.300451249E-02 -5.391849562E-02
2.77000000000E+09 +6.469014171E-01 -5.442356576E-01 -4.642097215E-02 -2.830482500E-02 -6.091524778E-03 -7.603808749E-02
2.78000000000E+09 +2.597968361E-01 -8.024087714E-01 -5.585706691E-02 -3.247878951E-02 -5.023686215E-02 -7.140869514E-02
2.79000000000E+09 -2.039108889E-01 -8.173552286E-01 -6.487728734E-02 -3.098240955E-02 -8.307323868E-02 -4.283533074E-02
2.80000000000E+09 -6.052171979E-01 -5.863639632E-01 -7.064890218E-02 -2.472181471E-02 -9.335341626E-02 -1.483749551E-03
2.81000000000E+09 -8.245745830E-01 -1.781543180E-01 -7.137762727E-02 -1.598950178E-02 -7.803830090E-02 +3.689502571E-02
2.82000000000E+09 -7.949227100E-01 +2.858003493E-01 -6.641079873E-02 -7.580741935E-03 -4.417574543E-02 +5.879135566E-02
2.83000000000E+09 -5.227727943E-01 +6.649719162E-01 -5.681692684E-02 -2.260273410E-03 -5.052975035E-03 +5.683867476E-02
2.84000000000E+09 -8.959009610E-02 +8.421291504E-01 -4.483526760E-02 -1.859390801E-03 +2.430045765E-02 +3.329900522E-02
2.85000000000E+09 +3.715897500E-01 +7.613444221E-01 -3.342198514E-02 -6.845255234E-03 +3.331443082E-02 -1.646765150E-03
2.86000000000E+09 +7.184931789E-01 +4.474539526E-01 -2.529826152E-02 -1.596083088E-02 +2.020643323E-02 -3.380504309E-02
2.87000000000E+09 +8.447997939E-01 -2.117247350E-03 -2.214800526E-02 -2.688185543E-02 -8.808186720E-03 -5.089623627E-02
2.88000000000E+09 +7.137966722E-01 -4.491737940E-01 -2.414232894E-02 -3.680723839E-02 -4.135361684E-02 -4.747065022E-02
2.89000000000E+09 +3.673378084E-01 -7.584710558E-01 -3.012289277E-02 -4.323945763E-02 -6.499028064E-02 -2.608744836E-02
2.90000000000E+09 -8.932063237E-02 -8.381186694E-01 -3.776617816E-02 -4.465578828E-02 -7.114204910E-02 +3.868785376E-03
2.91000000000E+09 -5.193332842E-01 -6.642720641E-01 -4.439683197E-02 -4.086974620E-02 -5.868228016E-02 +3.048422154E-02
2.92000000000E+09 -7.928896693E-01 -2.882501571E-01 -4.761782205E-02 -3.317717884E-02 -3.367052795E-02 +4.375030206E-02
2.93000000000E+09 -8.258555752E-01 +1.769533979E-01 -4.604428095E-02 -2.385890661E-02 -6.884132686E-03 +3.974524831E-02
2.94000000000E+09 -6.062371778E-01 +5.893989414E-01 -3.973629424E-02 -1.560849440E-02 +1.083574342E-02 +2.145290394E-02
2.95000000000E+09 -2.005122736E-01 +8.216768589E-01 -3.003732408E-02 -1.066966287E-02 +1.346054441E-02 -2.136549097E-03
2.96000000000E+09 +2.663870444E-01 +8.019150423E-01 -1.924587562E-02 -1.024798886E-02 +1.324881093E-03 -2.084971846E-02
2.97000000000E+09 +6.508341688E-01 +5.370901159E-01 -9.912858214E-03 -1.420555601E-02 -1.906378140E-02 -2.720321461E-02
2.98000000000E+09 +8.360422481E-01 +1.096191020E-01 -4.169016347E-03 -2.106996860E-02 -3.832433572E-02 -1.947595204E-02
2.99000000000E+09 +7.670421734E-01 -3.497888605E-01 -3.017688523E-03 -2.860111327E-02 -4.803128589E-02 -2.180005727E-03
3.00000000000E+09 +5.060752459E-01 -6.743839675E-01 -4.074203556E-03 -3.464941669E-02 -4.450041172E-02 +1.647240827E-02
3.01000000000E+09 +7.674651533E-02 -8.394357869E-01 -9.710435870E-03 -3.719563492E-02 -3.004609087E-02 +2.812290878E-02
3.02000000000E+09 -3.767124312E-01 -7.543135707E-01 -1.641782116E-02 -3.540156150E-02 -1.189310526E-02 +2.776170817E-02
3.03000000000E+09 -7.199192138E-01 -4.404097625E-01 -2.202887771E-02 -2.929796352E-02 +1.380367246E-03 +1.588298888E-02
3.04000000000E+09 -8.443190833E-01 +1.026374082E-02 -2.455799677E-02 -2.023813470E-02 +3.479900533E-03 -1.074396914E-03
3.05000000000E+09 -7.069239063E-01 +4.604523429E-01 -2.307279221E-02 -1.022502578E-02 -6.443663537E-03 -1.463663891E-02
3.06000000000E+09 -3.474032815E-01 +7.674585034E-01 -1.766841638E-02 -1.548291890E-03 -2.373534896E-02 -1.805161264E-02
3.07000000000E+09 +1.219245042E-01 +8.324884914E-01 -9.681352007E-03 +3.830280507E-03 -4.010788272E-02 -8.668803571E-03
3.08000000000E+09 +5.515980807E-01 +6.348864781E-01 -1.326406500E-03 +5.141223559E-03 -4.718690757E-02 +1.013140496E-02
3.09000000000E+09 +8.065801839E-01 +2.373241906E-01 +5.218730784E-03 +2.723896495E-03 -4.056276058E-02 +3.023650849E-02
3.10000000000E+09 +8.078025912E-01 -2.321667697E-01 +8.333863640E-03 -1.908245145E-03 -2.167106301E-02 +4.242308641E-02
3.11000000000E+09 +5.570631845E-01 -6.291886167E-01 +7.354091407E-03 -6.716684224E-03 +2.118622274E-03 +4.022418311E-02
3.12000000000E+09 +1.350610588E-01 -8.297719995E-01 +2.848202919E-03 -9.605282945E-03 +2.070950239E-02 +2.316741125E-02
3.13000000000E+09 -3.279171405E-01 -7.745624919E-01 -3.702024614E-03 -9.144716494E-03 +2.558592296E-02 -2.656967324E-03
3.14000000000E+09 -6.888048726E-01 -4.821511818E-01 -1.022919345E-02 -4.906294588E-03 +1.320158046E-02 -2.675896704E-02
3.15000000000E+09 -8.383791658E-01 -4.337396195E-02 -1.485276521E-02 +2.441109020E-03 -1.251326534E-02 -3.875514757E-02
3.16000000000E+09 -7.328366668E-01 +4.067272975E-01 -1.641859238E-02 +1.134019237E-02 -4.170156662E-02 -3.235795776E-02
3.17000000000E+09 -4.061990871E-01 +7.319351184E-01 -1.453834515E-02 +1.991743467E-02 -6.252805016E-02 -8.609455894E-03
3.18000000000E+09 +4.145605959E-02 +8.353819003E-01 -9.905313596E-03 +2.631606211E-02 -6.576620785E-02 +2.415761170E-02
3.19000000000E+09 +4.760299761E-01 +6.869786272E-01 -4.029591826E-03 +2.938191779E-02 -4.857353837E-02 +5.346166783E-02
3.20000000000E+09 +7.668202604E-01 +3.312166109E-01 +1.218547509E-03 +2.885225016E-02 -1.617619061E-02 +6.760351685E-02
3.21000000000E+09 +8.259081280E-01 -1.255354145E-01 +4.108091678E-03 +2.547139728E-02 +1.961963499E-02 +5.974248388E-02
3.22000000000E+09 +6.343277953E-01 -5.448796577E-01 +3.632682126E-03 +2.078968740E-02 +4.485741630E-02 +3.184186640E-02
3.23000000000E+09 +2.488091192E-01 -7.988660766E-01 -4.195230471E-04 +1.655761198E-02 +4.934352317E-02 -6.363240636E-03
3.24000000000E+09 -2.131157279E-01 -8.084812385E-01 -7.266080999E-03 +1.444174168E-02 +2.991931295E-02 -4.022273697E-02
3.25000000000E+09 -6.093038069E-01 -5.706879172E-01 -1.547340434E-02 +1.545563252E-02 -6.790978087E-03 -5.651863931E-02
3.26000000000E+09 -8.180967153E-01 -1.595623797E-01 -2.326626527E-02 +1.974542211E-02 -4.723446738E-02 -4.776052846E-02
3.27000000000E+09 -7.772785210E-01 +2.981323904E-01 -2.908391588E-02 +2.651812064E-02 -7.605651632E-02 -1.613132697E-02
3.28000000000E+09 -5.008457077E-01 +6.632544617E-01 -3.194724936E-02 +3.436231625E-02 -8.169575112E-02 +2.752257747E-02
3.29000000000E+09 -7.378065791E-02 +8.264264376E-01 -3.168484011E-02 +4.158302664E-02 -6.095356778E-02 +6.725562682E-02
3.30000000000E+09 +3.749623035E-01 +7.394831203E-01 -2.901795269E-02 +4.672639166E-02 -1.997546659E-02 +8.825278183E-02
3.31000000000E+09 +7.105232859E-01 +4.285046932E-01 -2.527993381E-02 +4.885398791E-02 +2.629251595E-02 +8.209379652E-02
3.32000000000E+09 +8.306274838E-01 -1.337789039E-02 -2.208270918E-02 +4.783649909E-02 +6.132325231E-02 +5.025670744E-02
3.33000000000E+09 +6.974513770E-01 -4.523732879E-01 -2.084324993E-02 +4.426955379E-02 +7.228342180E-02 +3.888861875E-03
3.34000000000E+09 +3.502172589E-01 -7.536037412E-01 -2.251109062E-02 +3.952425193E-02 +5.458433305E-02 -4.035999297E-02
3.35000000000E+09 -1.044485165E-01 -8.236198849E-01 -2.717600167E-02 +3.506860584E-02 +1.424556595E-02 -6.625493086E-02
3.36000000000E+09 -5.257905746E-01 -6.414470634E-01 -3.420401830E-02 +3.233219621E-02 -3.394355852E-02 -6.399914519E-02
3.37000000000E+09 -7.852778689E-01 -2.646128506E-01 -4.232162278E-02 +3.219940465E-02 -7.239119841E-02 -3.427883416E-02
3.38000000000E+09 -8.048790108E-01 +1.911396615E-01 -4.994618686E-02 +3.479412484E-02 -8.724030875E-02 +1.237596788E-02
3.39000000000E+09 -5.802920007E-01 +5.872993192E-01 -5.564386872E-02 +3.943686100E-02 -7.273968312E-02 +5.927207645E-02
3.40000000000E+09 -1.809091007E-01 +8.050542698E-01 -5.861211118E-02 +4.492434069E-02 -3.427929928E-02 +8.970928555E-02
3.41000000000E+09 +2.731774492E-01 +7.792956700E-01 -5.874541091E-02 +4.975016953E-02 +1.445515477E-02 +9.271645389E-02
3.42000000000E+09 +6.451841447E-01 +5.168901513E-01 -5.664791300E-02 +5.258514232E-02 +5.630211515E-02 +6.783921299E-02
3.43000000000E+09 +8.213905929E-01 +9.597540784E-02 -5.359305707E-02 +5.258172711E-02 +7.686376154E-02 +2.427117775E-02
3.44000000000E+09 +7.470106828E-01 -3.548562790E-01 -5.103442576E-02 +4.964661465E-02 +6.900942387E-02 -2.245846011E-02
3.45000000000E+09 +4.443929504E-01 -6.980259899E-01 -5.024120078E-02 +4.440376605E-02 +3.658570967E-02 -5.579787092E-02
3.46000000000E+09 +4.500725635E-03 -8.277582843E-01 -5.184697234E-02 +3.808536071E-02 -8.370123729E-03 -6.401000920E-02
3.47000000000E+09 -4.359877226E-01 -7.029542405E-01 -5.610050380E-02 +3.207735148E-02 -4.898904443E-02 -4.497511605E-02
3.48000000000E+09 -7.417029575E-01 -3.630743038E-01 -6.230165042E-02 +2.767631328E-02 -7.114398188E-02 -6.259346621E-03
3.49000000000E+09 -8.200946259E-01 +8.670318226E-02 -6.929466734E-02 +2.567615268E-02 -6.745990086E-02 +3.767506490E-02
3.50000000000E+09 -6.484776961E-01 +5.090332604E-01 -7.562080522E-02 +2.609534436E-02 -4.014135791E-02 +7.082431153E-02
3.51000000000E+09 -2.796380578E-01 +7.758827921E-01 -8.015931902E-02 +2.830099378E-02 +2.860826786E-04 +8.223156950E-02
3.52000000000E+09 +1.744751921E-01 +8.060851801E-01 -8.218958083E-02 +3.116045564E-02 +3.939232538E-02 +6.899326757E-02
3.53000000000E+09 +5.759459660E-01 +5.900147066E-01 -8.167907869E-02 +3.336931860E-02 +6.369460950E-02 +3.671948294E-02
3.54000000000E+09 +8.017401045E-01 +1.929752689E-01 -7.914377295E-02 +3.380459227E-02 +6.549269056E-02 -2.662997468E-03
3.55000000000E+09 +7.819591944E-01 -2.637089410E-01 -7.556024153E-02 +3.173243867E-02 +4.563626774E-02 -3.485260829E-02
3.56000000000E+09 +5.221271491E-01 -6.396256096E-01 -7.236131271E-02 +2.698375947E-02 +1.248359087E-02 -4.904777920E-02
3.57000000000E+09 +1.018173507E-01 -8.190423723E-01 -7.076847740E-02 +2.022479341E-02 -2.164553507E-02 -4.137022105E-02
3.58000000000E+09 -3.494505929E-01 -7.468632933E-01 -7.146605647E-02 +1.257244717E-02 -4.470589374E-02 -1.605620454E-02
3.59000000000E+09 -6.930686119E-01 -4.459509778E-01 -7.461206765E-02 +5.438225335E-03 -4.940544155E-02 +1.678867083E-02
3.60000000000E+09 -8.240260690E-01 -9.129881937E-03 -7.960280220E-02 +1.573065795E-05 -3.564907466E-02 +4.533995274E-02
3.61000000000E+09 -7.028918104E-01 +4.299337390E-01 -8.528465143E-02 -2.909226916E-03 -9.286586982E-03 +6.014462856E-02
3.62000000000E+09 -3.668191447E-01 +7.371937813E-01 -9.035850315E-02 -3.261476294E-03 +1.970815358E-02 +5.762911712E-02
3.63000000000E+09 +8.161439461E-02 +8.189894504E-01 -9.354480845E-02 -1.521497700E-03 +4.156658299E-02 +3.995241931E-02
3.64000000000E+09 +5.051784203E-01 +6.499029299E-01 -9.389663250E-02 +1.216307209E-03 +4.975335474E-02 +1.457493569E-02
3.65000000000E+09 +7.740639553E-01 +2.814189220E-01 -9.128717329E-02 +3.507518145E-03 +4.352249162E-02 -9.120715463E-03
3.66000000000E+09 +8.054254757E-01 -1.739341080E-01 -8.633314389E-02 +4.062738505E-03 +2.695453666E-02 -2.339096046E-02
3.67000000000E+09 +5.887425832E-01 -5.763420780E-01 -8.026954084E-02 +1.989159846E-03 +6.659676833E-03 -2.492141068E-02
3.68000000000E+09 +1.902546132E-01 -8.014549519E-01 -7.450819817E-02 -2.765892767E-03 -9.769543630E-03 -1.510519386E-02
3.69000000000E+09 -2.669367820E-01 -7.796319601E-01 -7.038100924E-02 -9.610348524E-03 -1.757070395E-02 +7.413738325E-04
3.70000000000E+09 -6.417140185E-01 -5.173517763E-01 -6.871371595E-02 -1.735805380E-02 -1.560997809E-02 +1.639284276E-02
3.71000000000E+09 -8.182406509E-01 -9.554673451E-02 -6.960739936E-02 -2.451582527E-02 -6.180108008E-03 +2.680828449E-02
3.72000000000E+09 -7.423994460E-01 +3.553596306E-01 -7.238755052E-02 -2.979452147E-02 +6.284779489E-03 +2.933811319E-02
3.73000000000E+09 -4.379880253E-01 +6.962339581E-01 -7.585347907E-02 -3.237841466E-02 +1.727953978E-02 +2.489520864E-02
3.74000000000E+09 +7.229772359E-04 +8.225415436E-01 -7.859266716E-02 -3.210253769E-02 +2.392662806E-02 +1.644219573E-02
3.75000000000E+09 +4.388186432E-01 +6.956651003E-01 -7.921768832E-02 -2.964573660E-02 +2.555480623E-02 +8.040509838E-03
3.76000000000E+09 +7.416723869E-01 +3.546397157E-01 -7.700994817E-02 -2.635223755E-02 +2.331624006E-02 +2.035032679E-03
3.77000000000E+09 +8.163359467E-01 -9.552725229E-02 -7.198348924E-02 -2.370572183E-02 +1.929355052E-02 -4.309578426E-04
3.78000000000E+09 +6.398449338E-01 -5.162301119E-01 -6.485444444E-02 -2.304395101E-02 +1.544140246E-02 -5.930998371E-04
3.79000000000E+09 +2.665408376E-01 -7.779659744E-01 -5.689607506E-02 -2.508478839E-02 +1.251372352E-02 +4.120906082E-04
3.80000000000E+09 -1.882386503E-01 -8.003464002E-01 -4.964724692E-02 -2.982527255E-02 +1.032928401E-02 +1.099552645E-03
3.81000000000E+09 -5.849825438E-01 -5.767494890E-01 -4.442288369E-02 -3.641929243E-02 +8.381041430E-03 +1.313091993E-03
3.82000000000E+09 -8.015532202E-01 -1.767270321E-01 -4.204197105E-02 -4.353787133E-02 +6.165958843E-03 +1.880916939E-03
3.83000000000E+09 -7.724241479E-01 +2.768167125E-01 -4.245091393E-02 -4.959721605E-02 +4.329639208E-03 +4.021437172E-03
3.84000000000E+09 -5.069671083E-01 +6.448823887E-01 -4.491331643E-02 -5.311963035E-02 +4.169369446E-03 +8.388157809E-03
3.85000000000E+09 -8.668901084E-02 +8.151644027E-01 -4.798980029E-02 -5.328882266E-02 +6.940734853E-03 +1.410304385E-02
3.86000000000E+09 +3.596727690E-01 +7.357648737E-01 -5.004631037E-02 -5.017361572E-02 +1.342224211E-02 +1.917025133E-02
3.87000000000E+09 +6.956145086E-01 +4.315151657E-01 -4.960538381E-02 -4.462025519E-02 +2.228002032E-02 +2.093402696E-02
3.88000000000E+09 +8.185636182E-01 -4.342825706E-03 -4.584971475E-02 -3.807142882E-02 +3.138919708E-02 +1.730342785E-02
3.89000000000E+09 +6.910673551E-01 -4.386453692E-01 -3.876312116E-02 -3.229016386E-02 +3.736231522E-02 +8.096070724E-03
3.90000000000E+09 +3.519991597E-01 -7.384721435E-01 -2.924707410E-02 -2.881031909E-02 +3.767999097E-02 -4.356101399E-03
3.91000000000E+09 -9.505767480E-02 -8.120370391E-01 -1.893428955E-02 -2.856339707E-02 +3.127357287E-02 -1.631205851E-02
3.92000000000E+09 -5.128304272E-01 -6.365833198E-01 -9.687203062E-03 -3.142438585E-02 +1.954179163E-02 -2.344344902E-02
3.93000000000E+09 -7.733138738E-01 -2.657274004E-01 -3.097441534E-03 -3.646413018E-02 +6.081603325E-03 -2.260664244E-02
3.94000000000E+09 -7.960328686E-01 +1.869752360E-01 -5.389303380E-05 -4.197838080E-02 -4.388419110E-03 -1.351751290E-02
3.95000000000E+09 -5.734809425E-01 +5.820633332E-01 -4.260110426E-04 -4.620598413E-02 -7.785235512E-03 +1.016136200E-03
3.96000000000E+09 -1.746030313E-01 +7.976917792E-01 -3.155118599E-03 -4.752724784E-02 -2.538349743E-03 +1.583371950E-02
3.97000000000E+09 +2.774664841E-01 +7.677599914E-01 -6.523362922E-03 -4.517113557E-02 +1.005200904E-02 +2.580597435E-02
3.98000000000E+09 +6.434432807E-01 +5.020056511E-01 -8.719829118E-03 -3.929720579E-02 +2.582105652E-02 +2.642942414E-02
3.99000000000E+09 +8.111968434E-01 +8.254991165E-02 -8.201136923E-03 -3.102157667E-02 +3.963012336E-02 +1.743431370E-02
4.00000000000E+09 +7.301329195E-01 -3.612896432E-01 -4.258619582E-03 -2.217828406E-02 +4.630593129E-02 +1.418308824E-03
4.01000000000E+09 +4.257928321E-01 -6.939746309E-01 +2.697858765E-03 -1.463837868E-02 +4.345574818E-02 -1.631086493E-02
4.02000000000E+09 -8.175729800E-03 -8.141604825E-01 +1.139586524E-02 -9.846428577E-03 +3.187590049E-02 -2.951689186E-02
4.03000000000E+09 -4.393798357E-01 -6.855428311E-01 +2.008176069E-02 -8.363613054E-03 +1.542152992E-02 -3.364566332E-02
4.04000000000E+09 -7.363203155E-01 -3.475415083E-01 +2.687757878E-02 -9.835364977E-03 -3.400673917E-04 -2.720368516E-02
4.05000000000E+09 -8.081205478E-01 +9.700381984E-02 +3.041971049E-02 -1.303349245E-02 -9.737146650E-03 -1.254092925E-02
4.06000000000E+09 -6.327048219E-01 +5.117709704E-01 +3.014107590E-02 -1.609448331E-02 -9.684652475E-03 +5.079766827E-03
4.07000000000E+09 -2.637819886E-01 +7.698549905E-01 +2.649298093E-02 -1.721099029E-02 -2.731372974E-04 +1.958134438E-02
4.08000000000E+09 +1.854924959E-01 +7.918605667E-01 +2.081041276E-02 -1.490663306E-02 +1.526754386E-02 +2.606926973E-02
4.09000000000E+09 +5.779017720E-01 +5.710293128E-01 +1.501268659E-02 -8.728672003E-03 +3.200800679E-02 +2.243931307E-02
4.10000000000E+09 +7.924569449E-01 +1.753357153E-01 +1.102705312E-02 +7.189033826E-04 +4.420957037E-02 +1.000078189E-02
4.11000000000E+09 +7.637109483E-01 -2.740039997E-01 +1.024924006E-02 +1.191925082E-02 +4.827239119E-02 -6.949930787E-03
4.12000000000E+09 +5.003683259E-01 -6.389346306E-01 +1.306818991E-02 +2.280239169E-02 +4.317991143E-02 -2.285682216E-02
4.13000000000E+09 +8.260325104E-02 -8.073344417E-01 +1.885881366E-02 +3.144435335E-02 +3.089870133E-02 -3.281067144E-02
4.14000000000E+09 -3.612270930E-01 -7.267894272E-01 +2.605767906E-02 +3.647761969E-02 +1.576158216E-02 -3.444023300E-02
4.15000000000E+09 -6.943274634E-01 -4.213554952E-01 +3.252142780E-02 +3.752346439E-02 +2.438917746E-03 -2.784143632E-02
4.16000000000E+09 -8.126972268E-01 +1.509037737E-02 +3.627831690E-02 +3.539433732E-02 -5.146025250E-03 -1.576487937E-02
4.17000000000E+09 -6.791184112E-01 +4.471233538E-01 +3.591660021E-02 +3.173445212E-02 -5.207197697E-03 -2.380605966E-03
4.18000000000E+09 -3.351100964E-01 +7.406938308E-01 +3.126771328E-02 +2.883234546E-02 +1.686382791E-03 +8.423755574E-03
4.19000000000E+09 +1.126473885E-01 +8.044528855E-01 +2.327246933E-02 +2.867670888E-02 +1.312103488E-02 +1.336658050E-02
4.20000000000E+09 +5.245957005E-01 +6.192360328E-01 +1.391942234E-02 +3.239670072E-02 +2.534232170E-02 +1.174866710E-02
4.21000000000E+09 +7.738038589E-01 +2.434425587E-01 +5.547728656E-03 +4.002638047E-02 +3.513140868E-02 +4.859717389E-03
4.22000000000E+09 +7.839555210E-01 -2.065462086E-01 +7.789203987E-05 +5.021558826E-02 +3.995199076E-02 -5.227512161E-03
4.23000000000E+09 +5.525656452E-01 -5.924119969E-01 -1.532532519E-03 +6.102810768E-02 +3.875688486E-02 -1.603875432E-02
4.24000000000E+09 +1.509336305E-01 -7.956637348E-01 +5.285060714E-04 +7.014771770E-02 +3.252201107E-02 -2.471660861E-02
4.25000000000E+09 -2.971831883E-01 -7.538644919E-01 +4.917393315E-03 +7.577731334E-02 +2.288233214E-02 -2.963462239E-02
4.26000000000E+09 -6.540535790E-01 -4.793291513E-01 +9.557399717E-03 +7.701298950E-02 +1.242254830E-02 -2.977049073E-02
4.27000000000E+09 -8.089773172E-01 -5.628237813E-02 +1.213301911E-02 +7.409461733E-02 +3.565649836E-03 -2.500179614E-02
4.28000000000E+09 -7.135834134E-01 +3.844162814E-01 +1.080247399E-02 +6.858496970E-02 -1.443802885E-03 -1.651440723E-02
4.29000000000E+09 -3.973789259E-01 +7.060233877E-01 +4.930367021E-03 +6.286912902E-02 -1.313794243E-03 -6.211841413E-03
4.30000000000E+09 +4.129163232E-02 +8.089095172E-01 -4.808653790E-03 +5.923726021E-02 +4.121339871E-03 +3.447405556E-03
4.31000000000E+09 +4.664307188E-01 +6.616374625E-01 -1.651437963E-02 +5.929237474E-02 +1.391447882E-02 +9.804569826E-03
4.32000000000E+09 +7.467179049E-01 +3.103759972E-01 -2.792600839E-02 +6.346936332E-02 +2.585761477E-02 +1.084678904E-02
4.33000000000E+09 +7.964385411E-01 -1.358698208E-01 -3.688009389E-02 +7.096318138E-02 +3.656126266E-02 +5.221632647E-03
4.34000000000E+09 +6.010273350E-01 -5.394523078E-01 -4.175389396E-02 +7.984054172E-02 +4.302405731E-02 -6.162904860E-03
4.35000000000E+09 +2.213427839E-01 -7.766370423E-01 -4.224239588E-02 +8.768157572E-02 +4.305247959E-02 -2.056334981E-02
4.36000000000E+09 -2.259313444E-01 -7.753797721E-01 -3.931204339E-02 +9.221415205E-02 +3.578840978E-02 -3.401567457E-02
4.37000000000E+09 -6.039666613E-01 -5.358126213E-01 -3.494606400E-02 +9.186082455E-02 +2.271385885E-02 -4.166276643E-02
4.38000000000E+09 -7.964123727E-01 -1.314581764E-01 -3.177026088E-02 +8.640016421E-02 +7.472012960E-03 -4.090638982E-02
4.39000000000E+09 -7.439443957E-01 +3.133489056E-01 -3.213897987E-02 +7.735508334E-02 -4.889514585E-03 -3.080357940E-02
4.40000000000E+09 -4.624427155E-01 +6.619097238E-01 -3.722551262E-02 +6.697020186E-02 -1.011357140E-02 -1.406173836E-02
4.41000000000E+09 -3.792793939E-02 +8.063354052E-01 -4.699452977E-02 +5.797051253E-02 -5.781893064E-03 +4.087569634E-03
4.42000000000E+09 +3.983390982E-01 +7.014985539E-01 -5.996252129E-02 +5.268096833E-02 +8.070363120E-03 +1.730701027E-02
4.43000000000E+09 +7.108579777E-01 +3.799266867E-01 -7.367786777E-02 +5.230154093E-02 +2.730814255E-02 +2.041277964E-02
4.44000000000E+09 +8.034513780E-01 -5.785480155E-02 -8.525426744E-02 +5.653778643E-02 +4.587210423E-02 +1.095608836E-02
4.45000000000E+09 +6.487246119E-01 -4.764219247E-01 -9.226369014E-02 +6.369076123E-02 +5.735428620E-02 -8.818227345E-03
4.46000000000E+09 +2.952779100E-01 -7.477303663E-01 -9.360048614E-02 +7.108319847E-02 +5.735152775E-02 -3.282679242E-02
4.47000000000E+09 -1.479428258E-01 -7.895725166E-01 -8.967107453E-02 +7.569830844E-02 +4.486329160E-02 -5.325456203E-02
4.48000000000E+09 -5.455803605E-01 -5.895108355E-01 -8.254261273E-02 +7.529911489E-02 +2.343344948E-02 -6.291699877E-02
4.49000000000E+09 -7.760469663E-01 -2.087979504E-01 -7.495544559E-02 +6.900774364E-02 -4.047077219E-04 -5.814072364E-02
4.50000000000E+09 -7.686085184E-01 +2.366928772E-01 -6.990397068E-02 +5.765961874E-02 -1.843151323E-02 -4.022902818E-02
4.51000000000E+09 -5.243006508E-01 +6.103939479E-01 -6.958978586E-02 +4.335997689E-02 -2.417495051E-02 -1.480793927E-02
4.52000000000E+09 -1.174790193E-01 +7.961910505E-01 -7.465576501E-02 +2.901456420E-02 -1.495089407E-02 +9.265528727E-03
4.53000000000E+09 +3.258800300E-01 +7.359033989E-01 -8.430719026E-02 +1.762756870E-02 +5.935890057E-03 +2.309966011E-02
4.54000000000E+09 +6.679696491E-01 +4.484682420E-01 -9.615559577E-02 +1.121652941E-02 +3.163861254E-02 +2.134629908E-02
4.55000000000E+09 +8.031917784E-01 +2.352731767E-02 -1.070433157E-01 +1.047557712E-02 +5.312055782E-02 +4.465544503E-03
4.56000000000E+09 +6.908971472E-01 -4.072321705E-01 -1.139696385E-01 +1.427384999E-02 +6.250141933E-02 -2.194034007E-02
4.57000000000E+09 +3.673671525E-01 -7.116836050E-01 -1.150448880E-01 +2.003890085E-02 +5.626259759E-02 -4.864708348E-02
4.58000000000E+09 -6.783359339E-02 -7.978188209E-01 -1.101142440E-01 +2.462747856E-02 +3.631731119E-02 -6.618853868E-02
4.59000000000E+09 -4.824226699E-01 -6.395414871E-01 -1.004013422E-01 +2.527352499E-02 +9.472857436E-03 -6.861115719E-02
4.60000000000E+09 -7.496375853E-01 -2.845044731E-01 -8.858382839E-02 +2.020247390E-02 -1.488867159E-02 -5.506887783E-02
4.61000000000E+09 -7.863519124E-01 +1.598719036E-01 -7.789622865E-02 +9.275847946E-03 -2.753448801E-02 -3.048088976E-02
4.62000000000E+09 -5.796019183E-01 +5.559786674E-01 -7.120129007E-02 -6.009528709E-03 -2.413973025E-02 -3.959048299E-03
4.63000000000E+09 -1.924429899E-01 +7.806885003E-01 -7.024414798E-02 -2.274307777E-02 -6.196559456E-03 +1.444898080E-02
4.64000000000E+09 +2.545427011E-01 +7.627872137E-01 -7.488295809E-02 -3.753826811E-02 +1.967339162E-02 +1.783496305E-02
4.65000000000E+09 +6.217145051E-01 +5.080583181E-01 -8.330037328E-02 -4.733069762E-02 +4.379280851E-02 +5.450157923E-03
4.66000000000E+09 +7.952387607E-01 +9.778999049E-02 -9.233283008E-02 -5.076826337E-02 +5.740711836E-02 -1.834800400E-02
4.67000000000E+09 +7.240527343E-01 -3.402288737E-01 -9.867847232E-02 -4.811337286E-02 +5.531448326E-02 -4.484519694E-02
4.68000000000E+09 +4.319978762E-01 -6.725996653E-01 -9.968762559E-02 -4.154868979E-02 +3.811254485E-02 -6.416930102E-02
4.69000000000E+09 +8.535887812E-03 -7.993508998E-01 -9.411515269E-02 -3.396089302E-02 +1.260673604E-02 -6.975498394E-02
4.70000000000E+09 -4.180422777E-01 -6.820288484E-01 -8.240257443E-02 -2.880518393E-02 -1.209363396E-02 -6.003250883E-02
4.71000000000E+09 -7.179520369E-01 -3.551097754E-01 -6.665658607E-02 -2.863247007E-02 -2.681507884E-02 -3.887840158E-02
4.72000000000E+09 -7.979672106E-01 +8.215819148E-02 -5.018122968E-02 -3.470597515E-02 -2.675700401E-02 -1.477256924E-02
4.73000000000E+09 -6.321329258E-01 +4.953405342E-01 -3.640600798E-02 -4.627008953E-02 -1.232073029E-02 +2.826274715E-03
4.74000000000E+09 -2.709554038E-01 +7.560236361E-01 -2.790025218E-02 -6.081881411E-02 +1.018902141E-02 +7.928569081E-03
4.75000000000E+09 +1.733572527E-01 +7.832938069E-01 -2.562145149E-02 -7.499704186E-02 +3.183258697E-02 -9.558884296E-04
4.76000000000E+09 +5.627265930E-01 +5.701426163E-01 -2.869910757E-02 -8.547108767E-02 +4.416877636E-02 -2.035836553E-02
4.77000000000E+09 +7.785943763E-01 +1.837404429E-01 -3.448459256E-02 -8.986835789E-02 +4.241297404E-02 -4.189013007E-02
4.78000000000E+09 +7.565489356E-01 -2.571463817E-01 -3.971329516E-02 -8.756115539E-02 +2.727296517E-02 -5.746192418E-02
4.79000000000E+09 +5.046349465E-01 -6.193709787E-01 -4.130542638E-02 -7.970524217E-02 +5.647364706E-03 -6.102863176E-02
4.80000000000E+09 +1.008133714E-01 -7.931375905E-01 -3.646091352E-02 -6.906609247E-02 -1.395306727E-02 -5.191485100E-02
4.81000000000E+09 -3.384161401E-01 -7.255566025E-01 -2.588290510E-02 -5.859188517E-02 -2.465935276E-02 -3.402201328E-02
4.82000000000E+09 -6.741797100E-01 -4.336713071E-01 -1.028980404E-02 -5.166842235E-02 -2.183323965E-02 -1.491673769E-02
4.83000000000E+09 -8.019102498E-01 -6.663782577E-03 +7.405101754E-03 -5.041399163E-02 -7.346601644E-03 -2.617290937E-03
4.84000000000E+09 -6.811320376E-01 +4.224458010E-01 +2.370661347E-02 -5.488792864E-02 +1.204179815E-02 -1.593966897E-03
4.85000000000E+09 -3.500607968E-01 +7.201011228E-01 +3.551977092E-02 -6.346759598E-02 +2.828370787E-02 -1.205636577E-02
4.86000000000E+09 +8.745227069E-02 +7.948040981E-01 +4.126617278E-02 -7.310706122E-02 +3.432999690E-02 -2.925714356E-02
4.87000000000E+09 +4.964506225E-01 +6.257832614E-01 +4.095334356E-02 -8.049985844E-02 +2.746633098E-02 -4.611508625E-02
4.88000000000E+09 +7.526721617E-01 +2.656810098E-01 +3.649583749E-02 -8.285406812E-02 +1.089336906E-02 -5.503118058E-02
4.89000000000E+09 +7.786198419E-01 -1.755568197E-01 +3.089785916E-02 -7.865324792E-02 -8.242799956E-03 -5.224591459E-02
4.90000000000E+09 +5.660350392E-01 -5.636145110E-01 +2.757768153E-02 -6.831906175E-02 -2.175962771E-02 -3.880705413E-02
4.91000000000E+09 +1.789420526E-01 -7.794423597E-01 +2.918128449E-02 -5.395929860E-02 -2.383044712E-02 -2.058910506E-02
4.92000000000E+09 -2.642798984E-01 -7.551776390E-01 +3.689652542E-02 -3.897481855E-02 -1.313553942E-02 -5.619377796E-03
4.93000000000E+09 -6.260328118E-01 -4.976928153E-01 +4.989118624E-02 -2.674120060E-02 +6.048667589E-03 -2.684743651E-04
4.94000000000E+09 -7.939843561E-01 -8.725555874E-02 +6.571384758E-02 -1.965635018E-02 +2.577524005E-02 -7.459024125E-03
4.95000000000E+09 -7.173850938E-01 +3.482111602E-01 +8.097033563E-02 -1.864844378E-02 +3.703745615E-02 -2.494762686E-02
4.96000000000E+09 -4.219779206E-01 +6.750553718E-01 +9.233281566E-02 -2.272942217E-02 +3.449058246E-02 -4.577986023E-02
4.97000000000E+09 +5.628357316E-04 +7.948904026E-01 +9.754624786E-02 -2.924601188E-02 +1.849086891E-02 -6.149149218E-02
4.98000000000E+09 +4.219655936E-01 +6.730121658E-01 +9.591870121E-02 -3.485276997E-02 -4.822750905E-03 -6.508315994E-02
4.99000000000E+09 +7.150964888E-01 +3.464996277E-01 +8.873327169E-02 -3.624708768E-02 -2.659837700E-02 -5.452547204E-02
5.00000000000E+09 +7.907778093E-01 -8.636439412E-02 +7.879760177E-02 -3.130988829E-02 -3.755017377E-02 -3.339443946E-02
5.01000000000E+09 +6.246002062E-01 -4.940129470E-01 +6.963987720E-02 -1.962649270E-02 -3.254592297E-02 -1.024309851E-02
5.02000000000E+09 +2.662103157E-01 -7.508251693E-01 +6.457075446E-02 -2.818178949E-03 -1.293219556E-02 +5.428906068E-03
5.03000000000E+09 -1.741577548E-01 -7.767052905E-01 +6.547336293E-02 +1.606691067E-02 +1.389755613E-02 +6.805719361E-03
5.04000000000E+09 -5.595782374E-01 -5.642553181E-01 +7.254923436E-02 +3.335729227E-02 +3.709207316E-02 -8.065451946E-03
5.05000000000E+09 -7.718492791E-01 -1.806895678E-01 +8.394725674E-02 +4.594180925E-02 +4.630752098E-02 -3.398961740E-02
5.06000000000E+09 -7.485539488E-01 +2.549821841E-01 +9.660046917E-02 +5.188619670E-02 +3.679973798E-02 -6.155553239E-02
5.07000000000E+09 -4.993164907E-01 +6.113706744E-01 +1.068457628E-01 +5.131737418E-02 +1.145615978E-02 -7.957527250E-02
5.08000000000E+09 -1.001759356E-01 +7.823423724E-01 +1.116451567E-01 +4.608955507E-02 -2.109644897E-02 -8.041502766E-02
5.09000000000E+09 +3.290609537E-01 +7.171436227E-01 +1.094288917E-01 +3.945398689E-02 -4.882741150E-02 -6.247725209E-02
5.10000000000E+09 +6.598142040E-01 +4.345466568E-01 +1.004538513E-01 +3.484093591E-02 -6.078972149E-02 -3.186797371E-02
5.11000000000E+09 +7.908964427E-01 +1.858838580E-02 +8.682679266E-02 +3.529681199E-02 -5.132739339E-02 +2.368110128E-04
5.12000000000E+09 +6.805891575E-01 -4.047282530E-01 +7.192127921E-02 +4.211203603E-02 -2.337948352E-02 +2.197878769E-02
5.13000000000E+09 +3.612902942E-01 -7.044795776E-01 +5.921209734E-02 +5.474996182E-02 +1.309378038E-02 +2.446652648E-02
5.14000000000E+09 -6.808149346E-02 -7.878118275E-01 +5.153475071E-02 +7.080187741E-02 +4.409861290E-02 +5.615215564E-03
5.15000000000E+09 -4.745167025E-01 -6.303139584E-01 +4.989624552E-02 +8.689105701E-02 +5.712591804E-02 -2.811398731E-02
5.16000000000E+09 -7.346145095E-01 -2.827371978E-01 +5.357019928E-02 +9.954561859E-02 +4.724394717E-02 -6.421898544E-02
5.17000000000E+09 -7.714185008E-01 +1.482550424E-01 +5.997413544E-02 +1.062641930E-01 +1.732249232E-02 -8.923552440E-02
5.18000000000E+09 -5.760377945E-01 +5.332061026E-01 +6.591363245E-02 +1.062794760E-01 -2.228583960E-02 -9.341258559E-02
5.19000000000E+09 -2.073893969E-01 +7.572541688E-01 +6.798959212E-02 +1.006211823E-01 -5.692884296E-02 -7.495623023E-02
5.20000000000E+09 +2.247911062E-01 +7.532854400E-01 +6.409750508E-02 +9.177112930E-02 -7.376591512E-02 -3.972965708E-02
5.21000000000E+09 +5.907780319E-01 +5.207548161E-01 +5.361010600E-02 +8.333043388E-02 -6.611151204E-02 -5.022114742E-04
5.22000000000E+09 +7.781178678E-01 +1.278797805E-01 +3.781178562E-02 +7.842103501E-02 -3.627275396E-02 +2.813328696E-02
5.23000000000E+09 +7.273118187E-01 -3.050114682E-01 +1.953835256E-02 +7.914534229E-02 +4.639914087E-03 +3.525719132E-02
5.24000000000E+09 +4.537780653E-01 -6.439609931E-01 +2.404892984E-03 +8.581497659E-02 +4.123583742E-02 +1.752836416E-02
5.25000000000E+09 +4.278235935E-02 -7.846999415E-01 -1.048134965E-02 +9.679949658E-02 +5.949776489E-02 -1.874571751E-02
5.26000000000E+09 -3.783859552E-01 -6.863179952E-01 -1.719806302E-02 +1.090723733E-01 +5.283724990E-02 -5.980494993E-02
5.27000000000E+09 -6.826385140E-01 -3.813436579E-01 -1.788257438E-02 +1.191963042E-01 +2.328814899E-02 -9.071333609E-02
5.28000000000E+09 -7.800226883E-01 +3.644240321E-02 -1.411333092E-02 +1.243067472E-01 -1.848190576E-02 -9.951287698E-02
5.29000000000E+09 -6.430437076E-01 +4.425241106E-01 -8.956062722E-03 +1.228828006E-01 -5.716337863E-02 -8.323598707E-02
5.30000000000E+09 -3.124175779E-01 +7.161083728E-01 -5.869554884E-03 +1.150647186E-01 -7.861452186E-02 -4.727988235E-02
5.31000000000E+09 +1.143139652E-01 +7.742922354E-01 -7.703127157E-03 +1.030422343E-01 -7.456820729E-02 -4.457578271E-03
5.32000000000E+09 +5.085047945E-01 +5.970402906E-01 -1.577680085E-02 +9.017758957E-02 -4.631734519E-02 +2.957028279E-02
5.33000000000E+09 +7.484351467E-01 +2.362203858E-01 -2.927417482E-02 +8.006372126E-02 -4.451829736E-03 +4.200009712E-02
5.34000000000E+09 +7.587786737E-01 -1.973278528E-01 -4.557393987E-02 +7.523350173E-02 +3.602534545E-02 +2.825159298E-02
5.35000000000E+09 +5.368555041E-01 -5.690301003E-01 -6.112233932E-02 +7.665619993E-02 +6.083730343E-02 -6.608175602E-03
5.36000000000E+09 +1.528930250E-01 -7.652535662E-01 -7.219621405E-02 +8.318185966E-02 +6.150549964E-02 -4.971501992E-02
5.37000000000E+09 -2.746245944E-01 -7.288132460E-01 -7.635479772E-02 +9.206604139E-02 +3.866408056E-02 -8.599098932E-02
5.38000000000E+09 -6.171715032E-01 -4.735026204E-01 -7.288609603E-02 +9.943242473E-02 +1.162066018E-03 -1.032752693E-01
5.39000000000E+09 -7.738729966E-01 -7.654102915E-02 -6.312668247E-02 +1.015617596E-01 -3.720784322E-02 -9.671298576E-02
5.40000000000E+09 -6.984813470E-01 +3.443761452E-01 -5.038236302E-02 +9.587539196E-02 -6.315490889E-02 -7.008515880E-02
5.41000000000E+09 -4.116142028E-01 +6.637469186E-01 -3.892520881E-02 +8.191624060E-02 -6.815684847E-02 -3.480511370E-02
5.42000000000E+09 +2.801446026E-03 +7.833626266E-01 -3.274105028E-02 +6.137988636E-02 -5.246741336E-02 -4.346627279E-03
5.43000000000E+09 +4.190971499E-01 +6.634702876E-01 -3.427444937E-02 +3.795035774E-02 -2.409378829E-02 +9.644409389E-03
5.44000000000E+09 +7.078452868E-01 +3.388148585E-01 -4.381868712E-02 +1.610160510E-02 +5.028219113E-03 +2.755151022E-03
5.45000000000E+09 +7.787375804E-01 -8.992376413E-02 -5.948493102E-02 -2.021987635E-04 +2.288137593E-02 -2.108032156E-02
5.46000000000E+09 +6.108127862E-01 -4.891958357E-01 -7.763361164E-02 -8.278908513E-03 +2.223141079E-02 -5.149030563E-02
5.47000000000E+09 +2.584519143E-01 -7.370321620E-01 -9.358920949E-02 -7.670783828E-03 +4.054191075E-03 -7.554816787E-02
5.48000000000E+09 -1.699565789E-01 -7.607438816E-01 -1.033029620E-01 -3.938215052E-04 -2.420075142E-02 -8.362213513E-02
5.49000000000E+09 -5.458899800E-01 -5.553827016E-01 -1.042581963E-01 +9.735263420E-03 -5.132469722E-02 -7.300724582E-02
5.50000000000E+09 -7.576635958E-01 -1.826702880E-01 -9.629251414E-02 +1.814971589E-02 -6.659140119E-02 -4.825441603E-02
5.51000000000E+09 -7.413813748E-01 +2.466612623E-01 -8.152420701E-02 +2.074695448E-02 -6.479245368E-02 -1.913037230E-02
5.52000000000E+09 -4.992100850E-01 +6.033147503E-01 -6.383518252E-02 +1.524675297E-02 -4.776988813E-02 +2.483981591E-03
5.53000000000E+09 -1.028332481E-01 +7.769746541E-01 -4.778735897E-02 +1.552051157E-03 -2.279008569E-02 +8.539182551E-03
5.54000000000E+09 +3.265169756E-01 +7.124812319E-01 -3.717858229E-02 -1.794619533E-02 -5.469859492E-05 -2.830998826E-03
5.55000000000E+09 +6.553411868E-01 +4.287518058E-01 -3.438539192E-02 -3.943572850E-02 +1.095614317E-02 -2.659828300E-02
5.56000000000E+09 +7.821757901E-01 +1.498135615E-02 -3.946943680E-02 -5.815922883E-02 +5.597559424E-03 -5.163015727E-02
5.57000000000E+09 +6.702787800E-01 -4.009579780E-01 -5.002837808E-02 -7.017014003E-02 -1.316882202E-02 -6.791742654E-02
5.58000000000E+09 +3.558963171E-01 -6.935847596E-01 -6.190686707E-02 -7.334523394E-02 -3.766487581E-02 -6.877840015E-02
5.59000000000E+09 -6.517113578E-02 -7.761825478E-01 -7.053056788E-02 -6.803938195E-02 -5.757923903E-02 -5.407187045E-02
5.60000000000E+09 -4.666381980E-01 -6.247270944E-01 -7.208820293E-02 -5.701042816E-02 -6.503528183E-02 -2.998869030E-02
5.61000000000E+09 -7.281076374E-01 -2.836713267E-01 -6.477638198E-02 -4.437578645E-02 -5.769335539E-02 -6.739185405E-03
5.62000000000E+09 -7.688307734E-01 +1.454084734E-01 -4.929846533E-02 -3.471768365E-02 -3.921630232E-02 +6.033847624E-03
5.63000000000E+09 -5.740915405E-01 +5.318456016E-01 -2.845783412E-02 -3.139737528E-02 -1.753719627E-02 +3.144365390E-03
5.64000000000E+09 -2.023724761E-01 +7.557601235E-01 -6.441469743E-03 -3.601736603E-02 -2.333112210E-03 -1.370360599E-02
5.65000000000E+09 +2.309008248E-01 +7.473385109E-01 +1.227562615E-02 -4.791883135E-02 -6.375069889E-04 -3.683963522E-02
5.66000000000E+09 +5.915054779E-01 +5.100519117E-01 +2.402988225E-02 -6.407862465E-02 -1.330869517E-02 -5.545746800E-02
5.67000000000E+09 +7.700365321E-01 +1.189431380E-01 +2.730958767E-02 -8.013104109E-02 -3.515770918E-02 -6.106639795E-02
5.68000000000E+09 +7.145890374E-01 -3.067419199E-01 +2.337395199E-02 -9.161833837E-02 -5.672214963E-02 -5.031228877E-02
5.69000000000E+09 +4.429129020E-01 -6.391500825E-01 +1.550413694E-02 -9.539672114E-02 -6.823028268E-02 -2.692650871E-02
5.70000000000E+09 +3.645278389E-02 -7.781376482E-01 +8.125486094E-03 -9.058637815E-02 -6.419611823E-02 -3.481665562E-04
5.71000000000E+09 -3.824766135E-01 -6.799985190E-01 +5.355024669E-03 -7.869662998E-02 -4.538563676E-02 +1.801676679E-02
5.72000000000E+09 -6.859082809E-01 -3.724873811E-01 +9.892409552E-03 -6.295606564E-02 -1.846322200E-02 +1.974082819E-02
5.73000000000E+09 -7.785266536E-01 +5.141336203E-02 +2.249756913E-02 -4.763450354E-02 +5.293306705E-03 +2.829768333E-03
5.74000000000E+09 -6.302125877E-01 +4.592673995E-01 +4.147968624E-02 -3.700026492E-02 +1.546197617E-02 -2.662330254E-02
5.75000000000E+09 -2.877422547E-01 +7.234766490E-01 +6.315800946E-02 -3.387271875E-02 +6.658048282E-03 -5.739592784E-02
5.76000000000E+09 +1.403636684E-01 +7.636007253E-01 +8.279516649E-02 -3.861187692E-02 -1.905535333E-02 -7.657564953E-02
5.77000000000E+09 +5.222129656E-01 +5.706183774E-01 +9.633407082E-02 -4.913981325E-02 -5.235249297E-02 -7.559770010E-02
5.78000000000E+09 +7.439010987E-01 +2.061422011E-01 +1.014753117E-01 -6.140609172E-02 -8.064375103E-02 -5.361402039E-02
5.79000000000E+09 +7.405210794E-01 -2.197072232E-01 +9.835149605E-02 -7.101767415E-02 -9.253625733E-02 -1.798384142E-02
5.80000000000E+09 +5.127176882E-01 -5.799115665E-01 +8.927781223E-02 -7.416301085E-02 -8.290556113E-02 +1.813967640E-02
5.81000000000E+09 +1.268622915E-01 -7.649543268E-01 +7.798933589E-02 -6.873184396E-02 -5.383500780E-02 +4.074563263E-02
5.82000000000E+09 -3.009261443E-01 -7.153556521E-01 +6.906137843E-02 -5.472945608E-02 -1.598994643E-02 +4.061675650E-02
5.83000000000E+09 -6.375284426E-01 -4.433588916E-01 +6.641074933E-02 -3.472765869E-02 +1.605647495E-02 +1.654918743E-02
5.84000000000E+09 -7.755855637E-01 -3.323914732E-02 +7.204863070E-02 -1.312650398E-02 +2.927101131E-02 -2.301257150E-02
5.85000000000E+09 -6.721710317E-01 +3.846930537E-01 +8.537770457E-02 +5.205118482E-03 +1.722059164E-02 -6.248524142E-02
5.86000000000E+09 -3.630187459E-01 +6.802708602E-01 +1.035065893E-01 +1.651501560E-02 -1.640931298E-02 -8.684555815E-02
5.87000000000E+09 +5.356690458E-02 +7.657157059E-01 +1.219570831E-01 +1.929805440E-02 -5.939935339E-02 -8.603639716E-02
5.88000000000E+09 +4.503287955E-01 +6.194960458E-01 +1.361515320E-01 +1.451501486E-02 -9.646494917E-02 -5.902894264E-02
5.89000000000E+09 +7.100153999E-01 +2.878266714E-01 +1.427143529E-01 +5.256236555E-03 -1.135041635E-01 -1.527735877E-02
5.90000000000E+09 +7.559921131E-01 -1.308395676E-01 +1.402776737E-01 -4.275516578E-03 -1.034096567E-01 +2.945503595E-02
5.91000000000E+09 +5.725527762E-01 -5.125682051E-01 +1.297760909E-01 -9.575749741E-03 -6.885193971E-02 +5.920422317E-02
5.92000000000E+09 +2.115488491E-01 -7.404994826E-01 +1.143649940E-01 -7.437013657E-03 -2.237900615E-02 +6.280428268E-02
5.93000000000E+09 -2.180267408E-01 -7.404947482E-01 +9.852852980E-02 +3.341213201E-03 +1.900752308E-02 +3.821600027E-02
5.94000000000E+09 -5.808846908E-01 -5.097196738E-01 +8.682492938E-02 +2.126394638E-02 +3.955241049E-02 -5.322700654E-03
5.95000000000E+09 -7.618647953E-01 -1.210076999E-01 +8.238048876E-02 +4.274227937E-02 +3.087991749E-02 -5.150807376E-02
5.96000000000E+09 -7.059928288E-01 +3.021130022E-01 +8.593885497E-02 +6.325189686E-02 -3.685438000E-03 -8.266908481E-02
5.97000000000E+09 -4.349895629E-01 +6.286580027E-01 +9.574480674E-02 +7.864167546E-02 -5.123634143E-02 -8.672737461E-02
5.98000000000E+09 -3.568996247E-02 +7.619987264E-01 +1.080241139E-01 +8.638913218E-02 -9.450010827E-02 -6.194847998E-02
5.99000000000E+09 +3.717186045E-01 +6.657040756E-01 +1.184882027E-01 +8.608617756E-02 -1.171777969E-01 -1.787633175E-02
6.00000000000E+09 +6.671367486E-01 +3.693754856E-01 +1.232493613E-01 +7.951713496E-02 -1.103278854E-01 +2.949923837E-02
6.01000000000E+09 +7.625716159E-01 -4.022322284E-02 +1.198905925E-01 +7.030980337E-02 -7.619690689E-02 +6.358938617E-02
6.02000000000E+09 +6.257946595E-01 -4.415090808E-01 +1.081861172E-01 +6.267159824E-02 -2.725749925E-02 +7.138406598E-02
6.03000000000E+09 +2.945481218E-01 -7.097110522E-01 +9.048187830E-02 +6.060390706E-02 +1.829179662E-02 +4.966177068E-02
6.04000000000E+09 -1.296116660E-01 -7.586059768E-01 +7.083810743E-02 +6.607149079E-02 +4.343421393E-02 +6.683510477E-03
6.05000000000E+09 -5.131341951E-01 -5.715508535E-01 +5.374004082E-02 +7.884214330E-02 +3.847981671E-02 -4.139364814E-02
6.06000000000E+09 -7.359728562E-01 -2.091157238E-01 +4.274505303E-02 +9.629676231E-02 +5.397229644E-03 -7.676047360E-02
6.07000000000E+09 -7.319213896E-01 +2.138921120E-01 +3.945862149E-02 +1.145133798E-01 -4.305217052E-02 -8.570775596E-02
6.08000000000E+09 -5.067755896E-01 +5.676565967E-01 +4.315167541E-02 +1.291569663E-01 -8.937752411E-02 -6.579620585E-02
6.09000000000E+09 -1.313407407E-01 +7.483513054E-01 +5.124143350E-02 +1.369305539E-01 -1.162984711E-01 -2.493633856E-02
6.10000000000E+09 +2.829703523E-01 +7.045312376E-01 +5.968515131E-02 +1.362580602E-01 -1.139953001E-01 +2.240755905E-02
6.11000000000E+09 +6.139553822E-01 +4.480586683E-01 +6.428808810E-02 +1.278577247E-01 -8.424737060E-02 +5.916318576E-02
6.12000000000E+09 +7.608116335E-01 +5.336508954E-02 +6.194004666E-02 +1.148447739E-01 -3.814033766E-02 +7.228032758E-02
6.13000000000E+09 +6.755738767E-01 -3.612896332E-01 +5.168294881E-02 +1.013820635E-01 +7.505742897E-03 +5.772676026E-02
6.14000000000E+09 +3.802668780E-01 -6.668508859E-01 +3.473944936E-02 +9.169222842E-02 +3.569825738E-02 +2.150898567E-02
6.15000000000E+09 -3.417669081E-02 -7.657889615E-01 +1.440525770E-02 +8.867380559E-02 +3.624472242E-02 -2.260477592E-02
6.16000000000E+09 -4.368203635E-01 -6.277028893E-01 -5.188292250E-03 +9.305078448E-02 +1.039375716E-02 -5.753277671E-02
6.17000000000E+09 -7.028056965E-01 -2.980944868E-01 -2.009997651E-02 +1.034482716E-01 -3.152433907E-02 -7.089226956E-02
6.18000000000E+09 -7.528138478E-01 +1.192201951E-01 -2.762658043E-02 +1.162344999E-01 -7.317389438E-02 -5.923998635E-02
6.19000000000E+09 -5.750207840E-01 +4.978799862E-01 -2.719129440E-02 +1.271571944E-01 -9.913047703E-02 -2.772990630E-02
6.20000000000E+09 -2.239302346E-01 +7.257824222E-01 -2.068027006E-02 +1.320989868E-01 -1.009247795E-01 +1.140505933E-02
6.21000000000E+09 +1.959981390E-01 +7.346140886E-01 -1.190006806E-02 +1.288446575E-01 -7.894793924E-02 +4.298601144E-02
6.22000000000E+09 +5.585568932E-01 +5.197946172E-01 -5.043145639E-03 +1.176450720E-01 -4.267698050E-02 +5.658382574E-02
6.23000000000E+09 +7.521380300E-01 +1.435706892E-01 -3.667467106E-03 +1.008108092E-01 -6.654852450E-03 +4.822288070E-02
6.24000000000E+09 +7.137673496E-01 -2.794736146E-01 -9.804553807E-03 +8.226365832E-02 +1.592583150E-02 +2.199171631E-02
6.25000000000E+09 +4.533772937E-01 -6.173343551E-01 -2.301096691E-02 +6.632086166E-02 +1.701637726E-02 -1.071748193E-02
6.26000000000E+09 +5.301415331E-02 -7.633716615E-01 -4.093497003E-02 +5.640321729E-02 -2.109513591E-03 -3.699366089E-02
6.27000000000E+09 -3.616277470E-01 -6.738671664E-01 -5.941067808E-02 +5.432631975E-02 -3.277696212E-02 -4.748551113E-02
6.28000000000E+09 -6.628386840E-01 -3.786273337E-01 -7.390643226E-02 +5.925223998E-02 -6.224938226E-02 -3.964605520E-02
6.29000000000E+09 -7.609525447E-01 +3.036664594E-02 -8.096550062E-02 +6.832470065E-02 -7.961386892E-02 -1.747321359E-02
6.30000000000E+09 -6.275992506E-01 +4.298106453E-01 -7.911620400E-02 +7.705816800E-02 -7.927913576E-02 +9.271730636E-03
6.31000000000E+09 -3.028791540E-01 +6.986925449E-01 -6.986493129E-02 +8.124696481E-02 -6.296477277E-02 +2.967185977E-02
6.32000000000E+09 +1.153314075E-01 +7.547749824E-01 -5.633891501E-02 +7.812326486E-02 -3.877294682E-02 +3.731507847E-02
6.33000000000E+09 +4.997422807E-01 +5.786449371E-01 -4.288051300E-02 +6.674825699E-02 -1.743461096E-02 +3.034573406E-02
6.34000000000E+09 +7.309050300E-01 +2.228714514E-01 -3.366576382E-02 +4.859814988E-02 -7.487882089E-03 +1.285999773E-02
6.35000000000E+09 +7.364942677E-01 -2.023565193E-01 -3.158025481E-02 +2.689701118E-02 -1.186058558E-02 -5.885568618E-03
6.36000000000E+09 +5.148399398E-01 -5.642969130E-01 -3.762590935E-02 +6.008823238E-03 -2.765614177E-02 -1.788169433E-02
6.37000000000E+09 +1.359294671E-01 -7.512674242E-01 -4.991511988E-02 -9.655401703E-03 -4.637882501E-02 -1.813465907E-02
6.38000000000E+09 -2.828369353E-01 -7.073559347E-01 -6.463885047E-02 -1.728648498E-02 -5.951197507E-02 -7.018568113E-03
6.39000000000E+09 -6.143259934E-01 -4.476922578E-01 -7.710206415E-02 -1.639040999E-02 -6.136087808E-02 +9.761098911E-03
6.40000000000E+09 -7.583547121E-01 -5.136020123E-02 -8.315944942E-02 -9.300874933E-03 -5.126718607E-02 +2.426387101E-02
6.41000000000E+09 -6.706154566E-01 +3.610770036E-01 -8.093325634E-02 +2.835056295E-04 -3.419822434E-02 +3.008785736E-02
6.42000000000E+09 -3.763729381E-01 +6.633900591E-01 -7.023149489E-02 +8.094360078E-03 -1.886439208E-02 +2.497622752E-02
6.43000000000E+09 +3.475752622E-02 +7.613204548E-01 -5.343694144E-02 +1.022333988E-02 -1.210953158E-02 +1.132323042E-02
6.44000000000E+09 +4.354349398E-01 +6.241290931E-01 -3.445238167E-02 +4.601661839E-03 -1.752633118E-02 -3.972136700E-03
6.45000000000E+09 +7.012339902E-01 +2.946101128E-01 -1.780539251E-02 -8.861398673E-03 -3.302166073E-02 -1.311730593E-02
6.46000000000E+09 +7.503531872E-01 -1.239065536E-01 -7.254478396E-03 -2.747305830E-02 -5.108342510E-02 -1.131876230E-02
6.47000000000E+09 +5.694100704E-01 -5.024261224E-01 -4.559179079E-03 -4.690226627E-02 -6.337925033E-02 +1.944065190E-03
6.48000000000E+09 +2.152193562E-01 -7.264511155E-01 -9.108219977E-03 -6.251688627E-02 -6.344689032E-02 +2.151094566E-02
6.49000000000E+09 -2.045143600E-01 -7.285486249E-01 -1.783591392E-02 -7.084600966E-02 -5.003282607E-02 +3.849609304E-02
6.50000000000E+09 -5.622920203E-01 -5.083703612E-01 -2.674393181E-02 -7.075100768E-02 -2.776490226E-02 +4.554583984E-02
6.51000000000E+09 -7.485208973E-01 -1.313549347E-01 -3.176458561E-02 -6.312215469E-02 -5.702819510E-03 +3.860753878E-02
6.52000000000E+09 -7.040629197E-01 +2.874914696E-01 -2.983058731E-02 -5.097551368E-02 +6.351311344E-03 +1.924845168E-02
6.53000000000E+09 -4.409989325E-01 +6.183183776E-01 -1.981860269E-02 -3.850860572E-02 +2.644413273E-03 -4.951768792E-03
6.54000000000E+09 -4.148096294E-02 +7.572202107E-01 -2.966921148E-03 -2.997991402E-02 -1.653971025E-02 -2.382684768E-02
6.55000000000E+09 +3.689373091E-01 +6.619907904E-01 +1.744697884E-02 -2.835670899E-02 -4.419662870E-02 -2.882262213E-02
6.56000000000E+09 +6.631511467E-01 +3.640904381E-01 +3.704916951E-02 -3.412177677E-02 -6.872806788E-02 -1.638638880E-02
6.57000000000E+09 +7.530127823E-01 -4.302636988E-02 +5.179927653E-02 -4.553272212E-02 -8.061825964E-02 +9.707013378E-03
6.58000000000E+09 +6.134310779E-01 -4.356454983E-01 +5.924409026E-02 -5.883643195E-02 -7.364747485E-02 +4.010887951E-02
6.59000000000E+09 +2.875416769E-01 -6.954977305E-01 +5.918469821E-02 -7.006494008E-02 -4.922392676E-02 +6.278422769E-02
6.60000000000E+09 -1.268989267E-01 -7.439489139E-01 +5.346904493E-02 -7.561345416E-02 -1.607612534E-02 +6.839348616E-02
6.61000000000E+09 -5.042650552E-01 -5.639479927E-01 +4.551073426E-02 -7.348466122E-02 +1.347492080E-02 +5.341677844E-02
6.62000000000E+09 -7.275264367E-01 -2.082741767E-01 +3.942736315E-02 -6.355201363E-02 +2.774515793E-02 +2.243374416E-02
6.63000000000E+09 -7.253178758E-01 +2.134512336E-01 +3.884515074E-02 -4.802604284E-02 +2.025290484E-02 -1.284875936E-02
6.64000000000E+09 -4.979052216E-01 +5.683491744E-01 +4.585964319E-02 -3.070055703E-02 -7.523176644E-03 -3.924962320E-02
6.65000000000E+09 -1.177760985E-01 +7.454668171E-01 +5.997293687E-02 -1.580211872E-02 -4.500807767E-02 -4.581767759E-02
6.66000000000E+09 +2.953605272E-01 +6.919656707E-01 +7.859403071E-02 -6.694074476E-03 -7.838732933E-02 -2.861795771E-02
6.67000000000E+09 +6.153059638E-01 +4.276404296E-01 +9.763044967E-02 -4.821668114E-03 -9.547716794E-02 +6.689154671E-03
6.68000000000E+09 +7.469544544E-01 +3.527736670E-02 +1.130595434E-01 -9.533020361E-03 -8.919028581E-02 +4.784239659E-02
6.69000000000E+09 +6.523417286E-01 -3.669894527E-01 +1.218127526E-01 -1.822415209E-02 -6.104548597E-02 +7.980371326E-02
6.70000000000E+09 +3.592102780E-01 -6.586300002E-01 +1.225271322E-01 -2.710297755E-02 -2.076624215E-02 +9.102597753E-02
6.71000000000E+09 -4.577942820E-02 -7.504103449E-01 +1.160332370E-01 -3.221472603E-02 +1.749940347E-02 +7.653462653E-02
6.72000000000E+09 -4.397870580E-01 -6.109074428E-01 +1.053115713E-01 -3.078503454E-02 +4.017279037E-02 +4.211218254E-02
6.73000000000E+09 -6.995480131E-01 -2.809528010E-01 +9.419027417E-02 -2.160740089E-02 +3.869695542E-02 -5.162892312E-04
6.74000000000E+09 -7.420582816E-01 +1.369780947E-01 +8.667551146E-02 -5.792238047E-03 +1.378269556E-02 -3.569282067E-02
6.75000000000E+09 -5.538172363E-01 +5.112597018E-01 +8.537548785E-02 +1.352381238E-02 -2.467274432E-02 -5.003518787E-02
6.76000000000E+09 -1.955825269E-01 +7.252080425E-01 +9.098884139E-02 +3.218580961E-02 -6.319739276E-02 -3.852653713E-02
6.77000000000E+09 +2.199483010E-01 +7.155551052E-01 +1.018544703E-01 +4.635679072E-02 -8.749272426E-02 -5.370950196E-03
6.78000000000E+09 +5.660485456E-01 +4.881926413E-01 +1.145672635E-01 +5.378352164E-02 -8.900181629E-02 +3.699975616E-02
6.79000000000E+09 +7.391609964E-01 +1.132866114E-01 +1.254304004E-01 +5.434343670E-02 -6.760876849E-02 +7.341242343E-02
6.80000000000E+09 +6.873551974E-01 -2.963423883E-01 +1.310665352E-01 +4.958381267E-02 -3.079862114E-02 +9.052727896E-02
6.81000000000E+09 +4.250646378E-01 -6.175279459E-01 +1.297695092E-01 +4.269921890E-02 +8.153839842E-03 +8.280402089E-02
6.82000000000E+09 +2.958497654E-02 -7.505388541E-01 +1.213082460E-01 +3.738391328E-02 +3.516403083E-02 +5.364193088E-02
6.83000000000E+09 -3.775444419E-01 -6.512448218E-01 +1.074844944E-01 +3.696233100E-02 +4.099536079E-02 +1.364951673E-02
6.84000000000E+09 -6.684871361E-01 -3.485938945E-01 +9.194420590E-02 +4.334906572E-02 +2.422624339E-02 -2.267710570E-02
6.85000000000E+09 -7.505729027E-01 +6.293182387E-02 +7.845932306E-02 +5.605163971E-02 -8.177876385E-03 -4.167296608E-02
6.86000000000E+09 -5.986914622E-01 +4.533810920E-01 +7.014220336E-02 +7.262912457E-02 -4.429119742E-02 -3.707595805E-02
6.87000000000E+09 -2.625338740E-01 +7.015915327E-01 +6.811082219E-02 +8.941653870E-02 -7.094156381E-02 -1.143824720E-02
6.88000000000E+09 +1.523813858E-01 +7.326579757E-01 +7.170923040E-02 +1.028542478E-01 -7.912608847E-02 +2.509876197E-02
6.89000000000E+09 +5.188212974E-01 +5.388751046E-01 +7.858067988E-02 +1.103489058E-01 -6.682314631E-02 +5.921874505E-02
6.90000000000E+09 +7.259753157E-01 +1.798726280E-01 +8.538358037E-02 +1.108514688E-01 -3.874206835E-02 +7.877327068E-02
6.91000000000E+09 +7.103672000E-01 -2.353866585E-01 +8.868953964E-02 +1.052223629E-01 -5.673694892E-03 +7.794163438E-02
6.92000000000E+09 +4.751874183E-01 -5.800099054E-01 +8.589826489E-02 +9.596471643E-02 +2.039441489E-02 +5.819472232E-02
6.93000000000E+09 +9.109758116E-02 -7.459619380E-01 +7.623146426E-02 +8.665471091E-02 +3.113669775E-02 +2.711939359E-02
6.94000000000E+09 -3.226566816E-01 -6.797242794E-01 +6.094397593E-02 +8.084986534E-02 +2.372871101E-02 -3.238463139E-03
6.95000000000E+09 -6.361390356E-01 -4.008334511E-01 +4.293441689E-02 +8.068108006E-02 +2.151277739E-03 -2.182277174E-02
6.96000000000E+09 -7.506374458E-01 +2.712075619E-03 +2.587020633E-02 +8.644977740E-02 -2.509667309E-02 -2.278433727E-02
6.97000000000E+09 -6.317482076E-01 +4.038421806E-01 +1.288882424E-02 +9.659544183E-02 -4.767478627E-02 -7.188379318E-03
6.98000000000E+09 -3.181405406E-01 +6.782918110E-01 +5.931518726E-03 +1.081363368E-01 -5.826373518E-02 +1.801604210E-02
6.99000000000E+09 +9.183173180E-02 +7.426892905E-01 +5.223979041E-03 +1.176998991E-01 -5.336742602E-02 +4.303178011E-02
7.00000000000E+09 +4.731042787E-01 +5.790938123E-01 +8.999170007E-03 +1.223461439E-01 -3.618585149E-02 +5.931518938E-02

