[NWA State]
SaveType=3
SaveTypeSelect=3

[Channel0]
FrequencyStart=20000

[Channel0\SData]
+9.992528981E-01 +4.128666922E-04 +5.613860308E-05 +7.071258319E-05 +6.743356628E-05 +6.311431500E-05 +6.649803002E-02 -1.030756287E-01
-6.247655290E-01 -7.772906602E-01 +2.303842028E-06 -3.078360666E-05 -1.844673266E-05 -6.173381155E-06 -5.276383053E-02 -3.064590984E-02
-2.517808795E-01 +9.444604633E-01 +9.081483558E-06 -7.369705791E-06 -8.973507018E-06 -1.748628564E-05 +2.202771244E-02 +5.130260121E-02
+9.021600274E-01 -3.804255513E-01 +1.476335325E-06 -2.896410277E-05 +9.408540913E-06 -6.199037571E-07 -1.712140006E-03 -5.924337848E-02
-8.522131599E-01 -4.699978897E-01 +2.281469545E-05 -9.997812406E-06 -1.657913413E-05 +8.706022145E-06 -4.400336931E-02 +5.519594240E-02
+1.307454154E-01 +9.510034126E-01 -5.690107891E-06 +6.304553442E-07 +1.168199767E-05 -1.383856573E-05 +6.031248794E-02 -1.855036508E-02
+6.804029755E-01 -6.857677555E-01 -2.819892570E-06 -2.212413670E-05 +9.084031940E-06 +3.968053913E-06 -7.644874595E-02 -1.343474451E-02
-9.502945514E-01 -1.225461823E-01 -1.889964895E-05 -4.157458089E-06 +3.368915481E-06 -4.116331418E-06 +4.657139267E-02 +7.057001784E-02
+4.702965395E-01 +8.259990895E-01 -2.366792662E-05 +2.122430575E-05 +6.556655536E-06 -2.698384195E-05 -3.582124209E-03 -7.779044343E-02
+3.629931639E-01 -8.852508283E-01 -5.431547699E-06 +6.821407634E-06 -5.125138754E-06 +7.879872876E-06 -5.598762984E-02 +7.974236596E-02
-9.150554474E-01 +2.411706598E-01 -1.885372917E-05 -7.336200828E-06 -1.264633189E-05 -3.641494520E-06 +8.845786564E-02 -1.545903536E-02
+7.393298443E-01 +5.842100971E-01 -1.136046218E-06 +2.017533312E-06 -4.923221601E-06 +1.674958662E-05 -9.167922347E-02 -2.860819976E-02
-5.746962630E-03 -9.443552066E-01 +8.371861145E-06 +5.950868418E-06 +9.873524226E-07 -7.609737532E-06 +4.764558070E-02 +1.008258666E-01
-7.405637341E-01 +5.649977159E-01 +7.271463419E-06 -3.842229057E-06 +1.210174489E-05 +8.854608465E-06 +2.372303946E-02 -9.573286754E-02
+8.971085469E-01 +2.496258930E-01 +8.561350684E-06 -1.070887503E-05 +4.495933089E-06 -1.432794842E-05 -8.738189292E-02 +7.354044576E-02
-3.578839142E-01 -8.605628911E-01 -1.999566558E-05 +7.840753121E-06 +1.971496186E-06 +2.613639553E-06 +1.103547320E-01 +1.715789050E-02
-4.678074057E-01 +7.920365563E-01 +1.334979886E-05 +9.594862701E-06 +4.393147308E-06 -1.340935286E-05 -7.597669076E-02 -7.034735114E-02
+9.152515564E-01 -1.140721909E-01 -1.231572435E-05 -9.841032271E-07 +4.600758290E-06 +2.274378474E-06 +8.341866159E-03 +1.180994075E-01
-6.477475110E-01 -6.559059239E-01 +3.474050562E-05 -1.917324132E-05 -4.971096378E-06 +7.662082489E-06 +7.361654530E-02 -7.746417942E-02
-1.213284864E-01 +9.001575826E-01 -2.728348357E-06 +8.809916120E-06 +8.244984471E-06 +5.382775781E-06 -1.024642834E-01 +2.097644817E-02
+7.882876638E-01 -4.667227903E-01 +1.290120747E-05 -1.157931531E-06 +5.097433708E-06 -2.188585506E-05 +8.960764661E-02 +6.821924369E-02
-8.436673269E-01 -3.516582888E-01 -4.933397355E-06 -1.625292015E-05 +2.318961860E-05 +1.068455925E-06 -1.281841019E-02 -9.207811686E-02
+2.371538868E-01 +8.674947964E-01 +2.968987823E-07 +1.065063127E-05 -7.021830400E-06 +1.987928830E-06 -4.771896377E-02 +9.124276918E-02
+5.422252241E-01 -7.332812114E-01 -7.301486893E-06 -5.015556647E-06 -1.829940683E-05 -1.270932403E-05 +1.044734262E-01 -7.068823654E-03
-9.056352973E-01 +6.450910803E-03 +2.658585405E-05 -4.011636602E-06 -5.938349564E-06 -6.005655847E-06 -6.369256505E-02 -4.616903699E-02
+5.427660773E-01 +7.102502728E-01 -1.659894674E-06 +2.547840859E-05 +1.083370467E-05 +1.522710622E-05 +2.090523817E-02 +1.000262266E-01
+2.478314965E-01 -8.719894566E-01 -1.403867698E-05 +4.793203093E-06 -2.725762978E-05 -4.656596382E-06 +7.318373270E-02 -5.468153640E-02
-8.338549270E-01 +3.268209049E-01 -1.780993407E-05 -5.055541987E-06 -5.463575845E-06 +1.266987884E-05 -7.559784395E-02 +9.006999012E-03
+7.649328660E-01 +4.541339732E-01 +9.408647247E-06 -6.133377010E-06 -5.566962629E-06 -1.547605048E-06 +7.279640305E-02 +8.211864073E-02
-9.554969636E-02 -8.967315344E-01 +1.218138498E-05 -1.872773923E-05 -2.598959769E-05 +1.759029988E-05 +3.347314197E-02 -8.498551230E-02
-6.574946909E-01 +6.003983679E-01 -4.884740081E-06 -5.640019587E-06 -2.064490292E-05 +1.796466383E-06 -7.363087738E-02 +5.966271314E-02
+8.771685729E-01 +1.305576683E-01 +6.403731169E-06 +7.017913944E-06 -6.700929455E-06 -1.261607264E-06 +1.175593367E-01 +4.251621526E-02
-4.443821500E-01 -7.818757215E-01 +7.759600674E-06 -2.931356409E-05 -3.223308170E-06 +4.552300405E-06 -3.445070941E-02 -1.001237825E-01
-3.964183727E-01 +7.974638933E-01 +8.633960095E-06 -9.459068968E-06 -2.326697859E-05 +2.215802853E-05 -3.243090467E-02 +1.260340372E-01
+8.683211702E-01 -1.663878298E-01 +4.764829470E-06 -1.046960889E-05 -1.087828501E-05 +1.298796537E-05 +1.463403889E-01 -4.872822184E-02
-6.893528011E-01 -5.676490780E-01 +1.505893734E-05 +2.943239922E-06 +2.843471186E-05 -1.009419712E-05 -1.242591451E-01 -5.796392861E-02
-4.048218513E-02 +8.827538642E-01 +8.774278499E-06 +1.455960546E-05 -2.078739180E-06 +8.416283656E-06 +8.097745768E-02 +1.522468794E-01
+7.380486074E-01 -4.864491504E-01 -7.994227130E-06 +1.823424883E-06 -1.006736389E-05 +1.255815412E-05 +8.507460493E-02 -1.679749057E-01
-8.340475181E-01 -3.132306312E-01 +2.852105363E-07 -5.211750249E-06 +5.949682434E-07 -6.302332057E-06 -1.572172970E-01 +7.383582180E-02
+2.616341050E-01 +8.370132151E-01 +1.242317352E-05 -1.674741381E-05 +1.720753454E-05 -1.703287328E-05 +2.093015570E-01 +6.315527861E-02
+5.033361550E-01 -7.270007825E-01 -1.400925358E-05 -2.174459909E-06 +1.050364078E-05 -1.602177843E-06 -7.529714487E-02 -1.985110020E-01
-8.887138079E-01 +2.485745508E-02 -3.944553088E-06 -2.354280582E-06 -9.028368894E-07 +3.692982530E-06 -4.183976749E-02 +2.081332247E-01
+5.361372548E-01 +6.928950868E-01 -1.593257731E-05 +5.705595466E-06 +1.825970540E-05 +1.190505898E-05 +2.209284724E-01 -1.285177967E-01
+2.449112945E-01 -8.480076816E-01 -9.857877302E-06 -3.369046110E-05 +5.071823317E-06 -1.168378073E-05 -2.222847716E-01 -6.028355159E-02
-8.056948999E-01 +3.547871815E-01 +1.019839029E-05 -1.136215419E-06 +4.990867083E-06 +9.476751377E-06 +1.659630894E-01 +2.020449263E-01
+7.694930084E-01 +4.183987693E-01 -3.821317666E-07 -1.346990982E-05 +1.280123473E-05 +1.321638798E-05 +6.058929653E-02 -2.668068094E-01
-7.135015557E-02 -8.795824339E-01 -3.983909407E-05 +2.695607524E-06 -2.249173881E-05 +3.177017822E-06 -1.911979093E-01 +1.627688571E-01
-6.255118789E-01 +6.084791060E-01 +2.110697131E-05 -1.159387273E-07 +8.322972286E-06 +1.781024816E-05 +2.942422936E-01 +1.220106290E-02
+8.650897426E-01 +1.038906820E-01 +1.446714626E-05 -6.151550178E-06 +9.118122416E-06 -1.476900158E-05 -1.709644606E-01 -2.178421747E-01
-3.794658353E-01 -7.912297296E-01 +1.520387314E-05 +1.922121095E-05 -4.008384640E-05 +1.451799110E-05 +1.628394573E-02 +2.757634244E-01
-3.694876019E-01 +7.827391145E-01 -4.108154952E-06 +1.134658874E-05 +6.321199093E-06 +1.848929255E-05 +2.131290544E-01 -2.175801464E-01
+8.329447823E-01 -2.265610569E-01 -1.976499744E-06 -1.269234018E-05 -3.689454871E-05 +6.085090696E-06 -2.744367616E-01 +4.735604626E-03
-6.553860757E-01 -5.731746946E-01 -1.915112007E-05 -2.029722796E-05 -1.793233323E-05 -2.286522196E-05 +2.365681476E-01 +1.701326757E-01
-5.371020430E-02 +8.595450275E-01 +1.347920573E-05 +3.051119455E-05 +2.481696671E-05 -1.258276246E-06 -2.224347000E-02 -2.977944349E-01
+7.152139001E-01 -4.742898233E-01 -1.000256192E-05 +2.116671280E-07 +1.197723122E-05 -1.647452838E-05 -1.527415376E-01 +2.204623102E-01
-7.991383557E-01 -3.177577556E-01 +2.260334290E-08 -9.970749476E-06 -1.599387079E-05 -3.847339315E-06 +2.955052968E-01 -7.377667111E-02
+3.212438772E-01 +7.859966335E-01 +2.571161294E-06 +6.843164328E-06 +1.274604559E-05 +2.096292419E-06 -2.221276111E-01 -1.790017423E-01
+4.499564847E-01 -7.302798976E-01 -6.654076064E-06 +3.635532276E-05 -1.193007772E-05 +8.506738923E-06 +7.627299141E-02 +2.487154975E-01
-8.564999893E-01 -3.042363505E-02 +1.628372007E-06 -9.461187411E-06 +7.693678307E-07 +2.922943384E-05 +1.504906134E-01 -2.545683908E-01
+5.598450554E-01 +6.225540085E-01 +1.535418396E-05 -8.874109140E-06 +1.084707498E-05 +4.345668030E-06 -2.439280985E-01 +4.587125372E-02
+1.180254570E-01 -8.414092856E-01 -6.074251948E-07 -2.676338421E-05 +4.727932509E-06 +1.640021173E-05 +2.414636431E-01 +9.638975450E-02
-7.750741879E-01 +3.509278309E-01 +1.286775575E-05 +3.641010999E-06 +3.932320088E-06 +1.853727692E-05 -6.110786380E-02 -2.663605192E-01
+7.600756358E-01 +3.569302895E-01 -1.410378619E-05 -1.174007090E-05 +9.316652487E-06 +6.190667274E-06 -1.029448362E-01 +1.938320271E-01
-1.559126454E-01 -8.327712940E-01 -3.721137762E-06 -1.739311948E-05 -3.883613158E-07 -1.552666846E-05 +2.362493592E-01 -9.797220934E-02
-5.829276428E-01 +6.047880130E-01 +6.893238768E-07 +6.132132593E-06 +1.235685962E-05 -1.046912487E-05 -1.947847203E-01 -1.323003554E-01
+8.374454827E-01 +3.866186480E-03 +1.306308246E-05 -7.858039037E-06 -8.379976265E-06 +8.808406859E-06 +7.599185417E-02 +1.907107639E-01
-4.753246895E-01 -7.021709585E-01 +8.765031334E-06 +9.903005965E-06 -5.091733337E-06 +3.761853654E-06 +1.109360986E-01 -2.169100908E-01
-3.112886149E-01 +7.797089446E-01 -7.042525022E-06 +8.535633458E-06 +3.253690512E-06 -1.693817402E-05 -2.033351682E-01 +3.100064869E-02
+7.814824280E-01 -2.994604383E-01 -3.287017907E-05 +2.230754415E-05 -1.229868384E-05 -2.103950482E-05 +1.843968977E-01 +8.430550448E-02
-6.971328668E-01 -4.769593508E-01 +1.799094558E-05 +1.569833587E-05 +5.194458690E-06 -1.638495080E-05 -4.085484484E-02 -2.268168511E-01
+2.459026995E-02 +8.371116617E-01 +1.234055161E-05 +1.216383754E-05 +3.811262382E-07 +1.989666540E-05 -1.163208627E-01 +1.434402868E-01
+5.951486147E-01 -5.901285064E-01 -1.366815052E-06 +1.193871772E-05 -2.394674103E-05 +9.922637433E-07 +2.012977771E-01 -6.147566995E-02
-8.287714368E-01 -1.814851037E-01 -8.701214836E-06 +3.672464620E-05 -8.859386309E-06 -1.785277401E-05 -1.654591674E-01 -1.551551454E-01
+3.020621708E-01 +7.850911525E-01 +2.246687508E-06 +4.296791775E-05 +7.886274544E-06 -1.342566203E-06 +1.649326171E-02 +1.785549953E-01
+3.920920971E-01 -7.337370696E-01 -4.941459882E-06 -9.873767367E-06 +1.663104217E-05 +2.296546654E-06 +1.272682427E-01 -1.919668965E-01
-8.212022724E-01 +1.512781534E-01 +1.996424982E-05 -5.228498185E-06 +1.244974372E-05 -6.193421200E-06 -2.218663524E-01 -1.413701359E-02
+6.452265213E-01 +5.382562072E-01 -1.649517746E-05 +1.516570869E-05 -1.142969187E-05 -1.066444322E-06 +1.618613813E-01 +1.143495744E-01
+9.078452214E-02 -8.399116550E-01 +1.146752104E-06 -7.267283020E-06 +9.095898359E-06 -1.772006957E-05 -2.303832273E-02 -2.569197208E-01
-7.528430065E-01 +3.600129905E-01 +1.327405586E-05 -2.872286115E-05 +1.405267502E-05 -3.370935020E-05 -1.634364155E-01 +1.422913439E-01
+7.712156564E-01 +3.022681505E-01 +9.613832380E-07 -6.200498291E-06 -2.045243881E-05 -2.707187588E-07 +2.261074515E-01 -5.230509623E-02
-2.513512451E-01 -7.976996210E-01 -3.388277138E-06 -1.028589132E-05 +6.812159865E-06 +5.587066842E-06 -1.972518768E-01 -1.845931367E-01
-5.103044060E-01 +6.573621554E-01 -3.427644028E-05 -5.819176221E-07 +1.744659867E-05 -6.704144559E-06 +1.391352122E-02 +2.188348080E-01
+8.346913981E-01 -1.415785430E-02 -5.916396570E-06 -2.947255303E-05 +1.706046105E-05 +1.420036389E-05 +1.361582383E-01 -2.276675072E-01
-5.031871589E-01 -6.575137591E-01 +2.680809035E-05 +5.336359975E-06 +1.010061793E-05 +1.969139819E-07 -2.645856336E-01 +1.420963339E-02
-1.674331916E-01 +8.026437228E-01 +1.518687954E-06 -1.612819677E-05 +9.774119803E-06 -2.053277751E-05 +2.017196232E-01 +1.177544015E-01
+7.483610719E-01 -3.744938131E-01 -2.242305712E-05 +1.574741113E-06 -2.607885687E-06 +4.431262502E-05 -7.615344299E-02 -2.759701420E-01
-7.013159457E-01 -4.350364489E-01 +6.745893083E-06 -6.203968442E-06 -8.859319537E-06 -1.353302376E-05 -1.493619000E-01 +2.015414493E-01
+1.502756113E-01 +7.965567059E-01 +1.744188993E-05 +2.413208816E-06 +1.334732183E-05 -4.459726039E-06 +2.278365361E-01 -1.039323291E-01
+5.041398898E-01 -6.589938250E-01 +3.000817992E-05 +6.938161090E-06 +1.423461977E-05 +6.745619142E-06 -2.545473697E-01 -1.296810699E-01
-8.183438474E-01 -7.787338595E-02 +8.718954448E-06 -2.749571794E-05 +2.713381463E-06 -1.232826794E-05 +7.795248599E-02 +2.189074243E-01
+4.592358650E-01 +6.711907852E-01 -2.668587908E-06 +6.702778052E-06 +1.031344384E-05 +5.477291194E-06 +6.186271753E-02 -2.615437809E-01
+2.312172752E-01 -7.936179119E-01 +1.316316154E-05 +2.602402365E-05 -1.729819244E-05 -4.144568269E-06 -2.461743904E-01 +9.402648487E-02
-7.763825623E-01 +2.493719267E-01 -4.397505388E-06 -1.844466213E-05 +1.409068949E-05 +1.784184434E-05 +2.133491528E-01 +4.086244578E-02
+6.904811621E-01 +4.302142580E-01 -1.900883548E-05 -3.319116363E-05 +7.286155560E-07 -7.949028126E-06 -1.592902513E-01 -2.137898088E-01
-4.774692204E-02 -8.209122819E-01 +2.478951104E-05 -8.270946689E-06 -7.837920297E-06 -7.902891238E-06 -5.878760321E-02 +2.139325086E-01
-6.115214462E-01 +5.113861762E-01 +2.169181697E-05 -1.818866368E-06 -6.140789893E-06 +6.130335295E-06 +1.465113817E-01 -1.640389727E-01
+8.052375684E-01 +4.115782861E-02 +5.625611312E-06 +1.747837341E-05 +1.496220011E-05 -1.046617279E-05 -2.420285447E-01 -2.374547513E-02
-4.110904815E-01 -7.156572859E-01 +2.437482532E-05 +1.824298246E-05 +3.103738008E-05 +3.484495189E-05 +1.230329684E-01 +1.301276960E-01
-3.772008771E-01 +7.038638808E-01 -2.772070615E-05 -1.338655834E-06 -6.583594185E-06 -5.773351905E-06 -4.446642460E-02 -2.104330572E-01
+7.667153099E-01 -2.456505445E-01 +2.381104933E-05 -1.052188917E-05 -1.583447373E-05 -1.836130540E-05 -1.439239549E-01 +1.366691674E-01
-6.393104808E-01 -5.142650720E-01 -1.170099361E-05 -2.057332400E-05 -1.763898353E-05 -2.289379291E-05 +1.473612862E-01 -4.230492416E-02
-1.073695890E-01 +7.935344471E-01 -1.112272589E-06 +3.173938439E-05 -5.253669326E-07 -1.249662634E-05 -1.692377086E-01 -9.680389907E-02
+6.659439667E-01 -4.511672620E-01 +2.959271534E-05 -8.930590062E-06 +3.268345855E-05 -1.502945403E-05 +1.027205890E-02 +1.417833981E-01
-7.589730612E-01 -2.644845364E-01 +1.354261422E-05 -1.004248028E-05 -1.040682664E-05 -3.059957723E-06 +3.613574240E-02 -1.326383377E-01
+2.686459264E-01 +7.452322926E-01 -3.162466081E-06 -9.940171432E-06 +1.206883840E-05 +1.065806587E-05 -1.514619972E-01 +3.429647843E-02
+4.187483481E-01 -6.958347265E-01 -8.156642846E-06 +3.137044354E-07 -2.209670321E-05 +1.420640224E-05 +7.215696678E-02 +4.243613232E-02
-8.044686852E-01 +1.186868434E-02 -4.020306135E-05 -4.845613843E-05 -1.362127882E-05 +3.149124808E-05 -7.121924260E-02 -9.771385703E-02
+5.031621895E-01 +6.102264029E-01 -1.218698645E-06 -2.044391022E-05 -3.615773651E-05 +3.888804143E-05 -6.836415961E-02 +8.217268069E-02
+1.752968191E-01 -7.926720727E-01 -2.812378626E-05 -2.203755221E-05 +2.052829186E-05 -2.556985018E-05 +4.411102460E-02 -2.774702021E-02
-7.546834551E-01 +2.727994592E-01 +2.802435114E-05 +2.325979072E-05 +9.474772669E-06 -1.387749242E-05 -9.208342915E-02 -3.163331901E-02
+6.679915664E-01 +4.259403972E-01 -7.089771834E-06 +1.387202688E-05 -2.766642887E-05 +8.394844249E-06 -1.542482897E-02 +6.152996680E-02
-8.428376700E-02 -7.993918822E-01 +9.707913404E-06 -5.996599858E-06 +1.089396824E-05 -1.002120394E-05 +5.388870156E-03 -4.341166830E-02
-5.559556201E-01 +5.639657213E-01 +2.808894950E-05 -2.162660798E-05 +7.860525756E-06 +1.328237407E-05 -8.392718551E-02 +4.406725609E-03
+7.976970223E-01 +1.121900642E-01 +5.647051193E-06 +1.099639390E-05 -4.127239622E-05 -3.809068065E-05 +7.949833588E-03 +4.978999987E-02
-2.968999620E-01 -7.560603068E-01 -1.655957382E-05 +1.945651296E-06 +1.696094618E-05 +8.470353978E-06 -1.369817772E-02 -5.335121467E-02
-3.733138563E-01 +6.846762430E-01 -8.315046063E-06 -2.889963589E-05 -2.118058156E-05 +2.673013976E-05 -8.592786744E-02 +3.999171940E-02
+7.776361702E-01 -1.885643063E-01 +1.175955316E-05 -7.684491570E-07 +2.346987499E-05 +2.658193138E-06 +4.439248431E-02 +3.652490798E-02
-5.624419615E-01 -5.767228071E-01 +1.295859205E-05 +1.635826787E-05 -1.030529248E-05 -1.814823866E-05 -5.763429982E-02 -6.283833092E-02
-4.510132511E-02 +7.718476598E-01 -8.437926040E-06 -1.707661454E-05 +1.958457711E-05 -4.184551960E-05 -5.667465674E-02 +9.415843424E-02
+6.360658969E-01 -4.917217201E-01 +1.001699913E-06 +1.351354941E-05 -9.320936599E-06 -5.543284805E-05 +5.784625578E-02 -2.861221130E-02
-7.420053979E-01 -3.012379018E-01 +1.444280026E-05 +2.817344582E-05 -4.252490132E-06 -5.607712017E-06 -1.252528932E-01 -8.752835376E-03
+2.865896894E-01 +7.201474753E-01 +1.052493558E-05 +1.810224865E-05 -2.330803752E-05 -2.944112114E-05 +3.620738129E-02 +1.095879185E-01
+4.414195745E-01 -6.823579969E-01 -1.026756145E-05 +1.793726006E-05 -1.513267527E-05 -4.297407359E-05 -1.078476724E-02 -9.975825450E-02
-7.896617897E-01 -4.298504183E-02 +3.557629879E-05 -1.190387170E-05 -1.663358164E-07 +3.901967105E-05 -1.177599340E-01 +1.020999232E-01
+5.625343068E-01 +5.244876695E-01 -1.254867630E-05 -3.738538404E-06 +1.638069803E-05 -1.631804243E-05 +1.068005108E-01 +1.478400300E-02
+1.508681159E-01 -8.028894999E-01 -6.597041364E-06 -2.081559028E-06 +1.812627077E-05 -3.506538330E-05 -1.372203273E-01 -6.730321379E-02
-7.339467958E-01 +2.525249637E-01 +1.778373257E-05 +1.257145435E-05 -2.485314873E-05 +1.404433381E-06 -4.421814854E-03 +1.685265463E-01
+7.420435148E-01 +1.906613291E-01 +1.676297284E-05 -2.639418021E-05 +3.149951684E-06 -3.293353008E-05 +5.512086522E-02 -9.426826831E-02
-2.119097956E-01 -7.970517590E-01 +5.195764572E-06 -7.888458842E-07 +7.890642939E-06 -6.757472796E-06 -1.455295661E-01 +7.967273995E-02
-6.136867035E-01 +4.862069199E-01 +6.984746996E-07 -1.872531676E-05 -1.078990567E-05 -1.827844600E-05 +1.361007177E-01 +6.110720537E-02
+7.626098731E-01 +1.014148257E-03 -3.559940819E-06 +3.193606255E-06 -3.664002247E-05 +1.410586315E-05 -1.050634355E-01 -1.128875830E-01
-4.575775709E-01 -6.630670272E-01 +1.466827383E-05 +5.471709055E-06 -2.499358723E-05 +6.310362186E-06 -2.419339079E-02 +1.839838059E-01
-2.840809058E-01 +7.128841509E-01 -2.609661886E-05 -2.699163222E-05 +1.355840600E-05 +2.276235474E-05 +1.059719364E-01 -1.058977546E-01
+7.052058515E-01 -3.406527473E-01 +2.835366631E-06 -1.092050563E-05 +7.898724871E-06 +1.585941233E-05 -1.896512798E-01 +4.785885749E-02
-6.193503682E-01 -5.240359291E-01 +9.303713752E-06 +1.389828875E-05 +2.148973862E-05 -1.321582955E-05 +1.450589894E-01 +1.273227743E-01
-4.717309329E-02 +7.495595067E-01 +1.083763997E-06 +1.017271261E-05 -1.335321267E-05 +2.183671326E-05 -6.395732547E-02 -1.539761123E-01
+5.092679756E-01 -5.977040214E-01 -1.163720149E-05 -2.516946389E-06 +7.439340974E-06 +1.737936993E-05 -7.659037539E-02 +2.033622351E-01
-7.661130580E-01 -2.920366148E-01 -5.840316874E-06 -3.159449784E-05 -6.343164964E-09 -1.740065117E-06 +1.692891464E-01 -6.652327764E-02
+1.459374949E-01 +7.360801166E-01 -2.770243621E-06 -2.677342104E-05 -7.663754129E-06 -2.726161037E-06 -2.022473780E-01 -1.037647791E-02
+3.266171731E-01 -7.032243045E-01 -2.432000208E-05 +1.964511939E-05 +1.278648238E-05 +3.336041110E-05 +1.237725579E-01 +1.892430280E-01
-8.010178288E-01 +2.437886268E-02 +2.543275568E-05 -1.793247707E-05 -1.569845099E-05 +6.664355337E-06 +6.192765838E-03 -1.850149843E-01
+4.992018335E-01 +5.552793760E-01 +2.209328968E-06 +1.847845616E-05 +8.672869913E-06 -2.365625637E-05 -1.467858737E-01 +1.792306333E-01
+7.345979903E-02 -7.963403113E-01 -2.107600162E-05 -1.568052936E-05 +1.843805902E-05 -4.326387251E-06 +2.065733543E-01 +3.392973876E-03
-7.664384336E-01 +2.255642962E-01 +1.378973599E-06 +5.601245059E-06 -4.069495321E-05 -2.929392619E-06 -1.824660851E-01 -9.288226781E-02
+6.387345150E-01 +3.838071919E-01 +2.213215440E-05 +1.005146624E-05 -2.328615680E-06 +1.651905341E-05 +5.170374478E-02 +2.326603366E-01
-1.350050495E-01 -7.902158804E-01 +2.499960799E-06 +3.653906159E-05 +1.095172760E-05 -2.294690892E-05 +9.506446030E-02 -1.673689893E-01
-6.596849950E-01 +4.239770398E-01 +2.014611332E-05 -1.137240686E-05 +8.396103226E-06 -1.105407274E-05 -1.958720240E-01 +1.083935748E-01
+7.292197724E-01 +1.327039165E-01 -2.259825451E-05 +1.338868874E-06 -7.935962468E-06 -2.422555127E-06 +2.021048430E-01 +9.158595634E-02
-4.006910002E-01 -6.899644841E-01 +6.756940184E-06 +3.713455831E-05 +1.329562524E-05 -2.151057386E-05 -1.061855761E-01 -1.595088856E-01
-4.673566550E-01 +6.240367718E-01 +2.305419122E-05 +2.694450028E-05 -2.651660570E-06 -1.814592719E-05 -3.356411588E-02 +2.305310758E-01
+7.440798780E-01 -8.033547862E-02 -1.958277479E-05 -2.717276568E-06 +5.363741804E-07 -3.717847824E-05 +1.769037887E-01 -1.029574536E-01
-5.618589797E-01 -5.510399167E-01 -1.127758038E-05 -6.178946993E-06 +2.148384867E-05 +1.737377045E-05 -2.003690065E-01 +5.102553247E-03
-2.067571927E-01 +7.421887727E-01 -2.634105107E-05 -1.158657897E-05 -9.305783137E-08 +7.956467050E-06 +1.462569132E-01 +1.744835673E-01
+6.759148317E-01 -3.444884676E-01 -2.519142087E-05 +2.624614811E-05 -2.285108835E-05 -3.214715295E-06 +1.154074284E-02 -1.799426064E-01
-6.725596675E-01 -4.075940655E-01 -1.160784113E-07 -3.852228837E-06 -3.682158447E-06 -1.422330723E-05 -1.219927672E-01 +1.689609849E-01
+4.935524753E-02 +7.385333023E-01 -1.323566913E-06 +2.211931111E-05 +4.654845816E-06 -2.496286920E-05 +2.033399493E-01 +1.012152173E-02
+4.170890442E-01 -6.277341296E-01 +3.562397624E-05 +2.901945582E-05 -2.978147464E-05 +9.876003832E-06 -1.380129296E-01 -9.252822960E-02
-7.912598824E-01 -1.155564030E-01 +2.427484283E-05 +7.539819438E-06 +7.582897140E-06 -3.700271093E-06 +4.109214701E-02 +2.081170073E-01
+2.855718665E-01 +6.789732525E-01 +2.848837796E-05 +2.056626735E-05 -4.139691622E-05 -1.124770480E-05 +1.234123423E-01 -1.236182222E-01
+1.968567861E-01 -7.280832552E-01 -5.327015064E-06 -2.390845737E-05 +7.042153465E-06 -2.474545400E-05 -1.578143424E-01 +5.351320539E-02
-7.708974697E-01 +1.679043048E-01 -5.428216851E-06 +7.452746223E-06 +1.198811855E-05 -1.777709189E-05 +1.576810002E-01 +1.139466298E-01
+5.521131533E-01 +4.730895069E-01 -3.057523661E-06 +2.772175754E-05 +4.649241869E-06 +9.088977519E-06 -1.854130104E-02 -1.473128068E-01
-7.039305679E-02 -7.648508776E-01 +4.920298079E-06 -1.026052156E-05 -5.083956356E-06 +2.495296999E-06 -7.108926256E-02 +1.540470085E-01
-6.509722401E-01 +4.120319507E-01 +1.070732691E-05 -4.897711709E-06 -1.035345241E-05 -1.037692034E-05 +1.735492195E-01 -1.944489574E-02
+7.027204669E-01 +1.609720597E-01 -3.322294785E-05 +1.608537386E-05 -3.809663205E-05 -2.423825441E-06 -1.147084669E-01 -7.340491910E-02
-3.599000355E-01 -6.904143520E-01 +6.625002054E-07 -1.821499627E-05 -8.740925112E-07 +5.562877040E-06 +5.204842846E-02 +1.613396883E-01
-4.626704313E-01 +6.002545837E-01 +2.137312365E-05 -1.590916953E-05 +8.470301000E-06 -2.966121292E-05 +1.062506923E-01 -1.189927394E-01
+6.972385769E-01 -1.484880587E-01 -1.158368768E-05 +4.762567492E-06 -3.828493538E-05 +1.946815621E-05 -1.294570762E-01 +3.612360412E-02
-6.336567978E-01 -4.375941354E-01 +1.850438342E-07 +1.704935427E-05 -1.264163440E-05 +3.647297572E-05 +1.473190714E-01 +9.264861766E-02
-8.140301704E-02 +7.477236313E-01 -9.644506558E-06 +8.677969251E-06 +4.245820053E-05 +1.695851012E-05 -5.466681689E-04 -1.485022744E-01
+5.727305922E-01 -4.584328214E-01 +1.307978745E-05 -2.573007668E-05 +2.747965493E-06 +4.297916528E-05 -6.978669679E-02 +1.275890981E-01
-7.437817987E-01 -2.076796545E-01 -2.685902726E-05 +1.115859901E-05 -1.516699008E-05 -2.863781158E-05 +1.762528919E-01 -1.751747759E-02
+2.016189943E-01 +7.140092950E-01 -1.686581655E-05 +2.309202912E-05 +7.507910101E-06 +7.456728962E-06 -1.040062491E-01 -9.394329850E-02
+3.474735906E-01 -6.491063546E-01 -1.659952065E-06 +1.119346675E-05 -2.818184050E-05 -1.898142954E-05 +4.462603389E-02 +1.635442207E-01
-7.698344603E-01 +5.007422580E-02 +2.666318107E-05 +9.068648809E-06 -1.493879928E-05 +2.126885810E-05 +1.262237055E-01 -1.259157810E-01
+4.663850627E-01 +5.514197238E-01 -1.122882591E-05 +4.834663611E-06 -2.140655595E-05 -2.823937361E-05 -1.406741538E-01 +2.308261829E-02
+2.977738411E-02 -7.468968411E-01 -2.797678146E-05 +2.327864261E-05 -5.485434513E-06 +2.249002827E-05 +1.618953037E-01 +9.956283126E-02
-7.106461864E-01 +3.184233661E-01 -1.702094292E-05 +3.736823778E-05 +4.394163365E-05 -6.543521774E-06 -2.082263001E-03 -1.778286935E-01
+6.244667413E-01 +3.443563223E-01 -7.699943294E-06 -7.526077063E-06 +1.408447231E-05 +2.845167096E-05 -8.369285627E-02 +1.429960526E-01
-2.559464884E-01 -7.031377196E-01 +1.847328518E-05 -1.133923468E-05 +8.036593478E-06 +1.167460039E-05 +2.030639811E-01 -3.527182733E-02
-5.009533621E-01 +5.814012925E-01 -1.151629861E-05 +3.201123408E-06 -8.641707098E-06 -1.866741861E-05 -1.314014204E-01 -1.157449864E-01
+7.249271469E-01 +8.785849415E-02 +4.914093796E-05 +3.473242438E-05 +7.241958079E-06 +2.041233063E-05 +6.094865108E-02 +1.755986977E-01
-3.794123610E-01 -6.518634872E-01 +7.796684078E-06 -6.292885829E-06 -2.772181219E-05 -2.946032439E-06 +1.244758473E-01 -1.760837795E-01
-3.037054884E-01 +6.702323622E-01 +1.578591990E-05 -1.082860113E-06 -6.248848785E-06 -1.348616309E-05 -1.765532197E-01 +3.292764491E-02
+6.771686240E-01 -2.595423130E-01 +3.567993005E-06 -3.118823212E-06 -3.388832689E-05 +1.054501571E-05 +1.912871540E-01 +8.876922597E-02
-6.112979675E-01 -4.586327956E-01 -2.214799160E-05 -4.845870362E-05 -2.238148927E-05 +2.744545424E-05 -3.266014869E-02 -2.095987895E-01
-7.911080715E-02 +7.251874855E-01 +1.869548850E-05 -2.168914223E-05 -2.417461351E-05 +1.226934555E-05 -7.537179756E-02 +1.654779906E-01
+5.029935186E-01 -4.989732281E-01 -4.790633576E-05 -3.323193521E-05 +3.398033604E-05 -3.010368900E-05 +2.144586429E-01 -8.491223675E-02
-7.505678732E-01 -1.004644434E-01 -3.089935190E-05 +8.260638613E-06 +1.196762422E-05 +1.230420015E-05 -1.730447679E-01 -1.105665457E-01
+2.884785317E-01 +6.816946835E-01 +2.005615247E-06 +5.435516787E-06 -2.182065262E-05 +8.450855385E-07 +9.681771351E-02 +1.771170432E-01
+3.430789896E-01 -6.421064715E-01 -4.750888781E-06 +2.007807115E-07 -1.545356040E-07 -1.241131422E-05 +9.663641374E-02 -2.205996572E-01
-7.437286253E-01 +6.429251058E-02 -2.895409463E-05 -1.141506504E-05 +3.699397399E-06 +7.824846867E-06 -1.853620106E-01 +6.795044861E-02
+5.240816910E-01 +4.734068573E-01 -5.370765322E-06 -1.452340672E-05 +6.884532006E-06 +2.639564320E-06 +2.224511405E-01 +4.807516829E-02
-7.111926497E-03 -7.350774635E-01 -3.174299248E-05 -1.779660444E-05 +2.766881714E-05 +6.127568509E-06 -8.413865098E-02 -2.211233979E-01
-6.574928044E-01 +3.529344923E-01 +2.957711723E-05 -2.495331260E-05 -2.648595145E-05 -1.280593411E-05 -4.826711130E-02 +1.897665365E-01
+6.667993129E-01 +1.585135918E-01 -7.992181955E-06 +3.447181122E-05 -1.640047280E-05 +4.345383659E-05 +2.063100386E-01 -1.415561111E-01
-3.642312444E-01 -6.497241831E-01 -8.819433659E-07 -2.556507969E-05 +1.003340952E-05 +8.241306190E-07 -2.105664621E-01 -8.715191520E-02
-4.180004741E-01 +6.172919928E-01 -2.938744421E-06 +1.026390239E-05 -1.919867117E-05 -4.866655953E-06 +1.327102970E-01 +1.626058705E-01
+6.972081449E-01 -1.054385152E-01 +3.197118519E-05 +1.034828290E-05 +2.610114302E-05 +1.107638424E-05 +4.952105774E-02 -2.539756434E-01
-5.256874076E-01 -5.213310654E-01 -2.038479558E-05 -1.324390616E-05 -2.784507606E-05 -5.326317834E-06 -1.844404735E-01 +1.057401900E-01
-1.034017616E-01 +7.099681043E-01 +2.478514656E-06 +2.332131368E-05 +2.357700708E-05 +7.409278651E-06 +2.382738477E-01 -3.708689965E-03

[Channel0\Trace0]
RPort=1
SPort=1

