[NWA State]
TriggerSource=3

[Channel0]
Points=501
FrequencyStart=2000000000
FrequencyStop=7000000000
FixedPower[0]=1
FixedPower[1]=1
IFBW=1000
CorrectionEnabled=1
TraceCount=4

[Channel0\Correction\22]
Calyyyymmdd=2022/01/18
Calhhmmss=15:12:28
VNATemperature=36.9 °C
Type=3
KitLabel=ACM2509.2
KitDescription=AutoCal Module 20 kHz-9 GHz (CMT), SN: 19039185, Char: Factory, 23.3°C, ThermoComp: ON
CalIFBW=1 kHz
CalPower=1 dBm
CalPorts[0]=1
CalPorts[1]=0

[Channel0\Correction\22\Data]
2.00000000000E+09 -1.314357733E-01 +7.472536484E-01 -7.224068505E-02 +2.339465943E-01 -2.825167431E-01 +2.813052093E-02
2.01000000000E+09 +2.837803881E-01 +7.035060271E-01 +4.754730215E-02 +2.251198115E-01 -2.811827499E-01 +5.332268368E-02
2.02000000000E+09 +6.186369736E-01 +4.482520871E-01 +1.469935274E-01 +1.540890554E-01 -2.669140511E-01 +7.295530038E-02
2.03000000000E+09 +7.714412099E-01 +4.644090407E-02 +1.960402338E-01 +3.940383084E-02 -2.450652823E-01 +8.053834344E-02
2.04000000000E+09 +6.805653512E-01 -3.848796504E-01 +1.774549872E-01 -8.605107307E-02 -2.241780045E-01 +7.388639442E-02
2.05000000000E+09 +3.597745342E-01 -6.999663160E-01 +9.434264531E-02 -1.833970226E-01 -2.128892375E-01 +5.636436917E-02
2.06000000000E+09 -8.539964714E-02 -7.812647943E-01 -2.778133919E-02 -2.205378687E-01 -2.163672999E-01 +3.627382114E-02
2.07000000000E+09 -4.956346510E-01 -6.005496828E-01 -1.490233860E-01 -1.858212209E-01 -2.328453642E-01 +2.310466354E-02
2.08000000000E+09 -7.325523587E-01 -2.318246616E-01 -2.305534068E-01 -9.230931389E-02 -2.552494075E-01 +2.304019442E-02
2.09000000000E+09 -7.334088000E-01 +1.949066956E-01 -2.484701211E-01 +2.891966359E-02 -2.746443352E-01 +3.666063222E-02
2.10000000000E+09 -5.139987510E-01 +5.506376256E-01 -1.990204572E-01 +1.407400746E-01 -2.836973345E-01 +5.880287702E-02
2.11000000000E+09 -1.443814892E-01 +7.393452420E-01 -9.722939112E-02 +2.104594090E-01 -2.794370713E-01 +8.187176491E-02
2.12000000000E+09 +2.734983483E-01 +7.079064977E-01 +2.827213010E-02 +2.170743263E-01 -2.636757785E-01 +9.815328736E-02
2.13000000000E+09 +6.185465942E-01 +4.547104902E-01 +1.411860334E-01 +1.560689116E-01 -2.426753187E-01 +1.020913766E-01
2.14000000000E+09 +7.748235142E-01 +4.514168396E-02 +2.063687642E-01 +4.291822155E-02 -2.250352477E-01 +9.306545146E-02
2.15000000000E+09 +6.760052173E-01 -3.897301701E-01 +2.014018376E-01 -8.860836699E-02 -2.183384038E-01 +7.569042467E-02
2.16000000000E+09 +3.490474869E-01 -6.954601494E-01 +1.267989065E-01 -1.962943387E-01 -2.253150369E-01 +5.876914571E-02
2.17000000000E+09 -8.772990095E-02 -7.657233301E-01 +7.494795449E-03 -2.456891788E-01 -2.427609484E-01 +5.050907241E-02
2.18000000000E+09 -4.822276387E-01 -5.887893524E-01 -1.172894810E-01 -2.229751061E-01 -2.628258864E-01 +5.539291758E-02
2.19000000000E+09 -7.147514872E-01 -2.369671332E-01 -2.089080847E-01 -1.376508213E-01 -2.770182197E-01 +7.161263220E-02
2.20000000000E+09 -7.280181293E-01 +1.776602161E-01 -2.408357641E-01 -1.688127328E-02 -2.799289336E-01 +9.334360057E-02
2.21000000000E+09 -5.243913865E-01 +5.380850180E-01 -2.038675345E-01 +1.038386730E-01 -2.702577424E-01 +1.126704525E-01
2.22000000000E+09 -1.573359622E-01 +7.415818982E-01 -1.072665588E-01 +1.889757014E-01 -2.518497834E-01 +1.226905738E-01
2.23000000000E+09 +2.714425289E-01 +7.172944273E-01 +2.246122979E-02 +2.113088927E-01 -2.322039260E-01 +1.199139185E-01
2.24000000000E+09 +6.250137088E-01 +4.564244920E-01 +1.464655189E-01 +1.608712596E-01 -2.196866632E-01 +1.060477612E-01
2.25000000000E+09 +7.746273504E-01 +3.728022703E-02 +2.247770640E-01 +5.141378887E-02 -2.201816025E-01 +8.793739488E-02
2.26000000000E+09 +6.634066886E-01 -3.923718862E-01 +2.316667996E-01 -8.208524883E-02 -2.334200486E-01 +7.455679546E-02
2.27000000000E+09 +3.380412636E-01 -6.824026015E-01 +1.663139439E-01 -1.961085558E-01 -2.536629417E-01 +7.289494865E-02
2.28000000000E+09 -8.138056894E-02 -7.470882623E-01 +5.188765617E-02 -2.556431720E-01 -2.720442628E-01 +8.449040496E-02
2.29000000000E+09 -4.620208976E-01 -5.836069414E-01 -7.515717205E-02 -2.446052249E-01 -2.809342993E-01 +1.051775930E-01
2.30000000000E+09 -6.993461634E-01 -2.502070447E-01 -1.770851852E-01 -1.676653748E-01 -2.766883707E-01 +1.274795098E-01
2.31000000000E+09 -7.299072165E-01 +1.598819978E-01 -2.240293489E-01 -4.672536357E-02 -2.609930795E-01 +1.433971138E-01
2.32000000000E+09 -5.366228920E-01 +5.321184271E-01 -1.999548316E-01 +8.406670685E-02 -2.398248827E-01 +1.470232890E-01
2.33000000000E+09 -1.636002753E-01 +7.471937539E-01 -1.084039324E-01 +1.852623041E-01 -2.220709042E-01 +1.372455001E-01
2.34000000000E+09 +2.757303971E-01 +7.192683293E-01 +2.523899193E-02 +2.233315912E-01 -2.159455599E-01 +1.187671515E-01
2.35000000000E+09 +6.257848761E-01 +4.467819828E-01 +1.592002606E-01 +1.840352706E-01 -2.248318672E-01 +1.008726701E-01
2.36000000000E+09 +7.602931210E-01 +2.919208180E-02 +2.502437160E-01 +8.011406872E-02 -2.452301310E-01 +9.311292233E-02
2.37000000000E+09 +6.442989784E-01 -3.818537321E-01 +2.709761488E-01 -5.350845458E-02 -2.682699024E-01 +1.005556539E-01
2.38000000000E+09 +3.354229679E-01 -6.569426540E-01 +2.185234858E-01 -1.746521158E-01 -2.835358484E-01 +1.214843028E-01
2.39000000000E+09 -6.149428261E-02 -7.287092063E-01 +1.116813634E-01 -2.484523876E-01 -2.844503460E-01 +1.489920580E-01
2.40000000000E+09 -4.381828094E-01 -5.867485518E-01 -1.853915300E-02 -2.550185848E-01 -2.698290337E-01 +1.735362133E-01
2.41000000000E+09 -6.901404232E-01 -2.689994774E-01 -1.335426562E-01 -1.917513915E-01 -2.436041876E-01 +1.862824352E-01
2.42000000000E+09 -7.395814276E-01 +1.459896556E-01 -1.996940190E-01 -7.467320965E-02 -2.148520993E-01 +1.820142438E-01
2.43000000000E+09 -5.485199100E-01 +5.350413295E-01 -1.935084590E-01 +6.324565226E-02 -1.945528818E-01 +1.617189952E-01
2.44000000000E+09 -1.614319030E-01 +7.556937578E-01 -1.127533582E-01 +1.784005310E-01 -1.920912077E-01 +1.332297291E-01
2.45000000000E+09 +2.856607083E-01 +7.151053401E-01 +1.799150632E-02 +2.316503474E-01 -2.093573108E-01 +1.095088363E-01
2.46000000000E+09 +6.237182471E-01 +4.317064016E-01 +1.548060786E-01 +2.057428239E-01 -2.391628324E-01 +1.017327267E-01
2.47000000000E+09 +7.422016777E-01 +2.340022960E-02 +2.534487966E-01 +1.125383149E-01 -2.688522355E-01 +1.142742314E-01
2.48000000000E+09 +6.282213160E-01 -3.676911251E-01 +2.862835932E-01 -1.522394618E-02 -2.862552800E-01 +1.428348737E-01
2.49000000000E+09 +3.384717999E-01 -6.350740389E-01 +2.477546147E-01 -1.387329952E-01 -2.848464129E-01 +1.776438189E-01
2.50000000000E+09 -4.267030868E-02 -7.193722406E-01 +1.507916387E-01 -2.238192493E-01 -2.643533118E-01 +2.066933359E-01
2.51000000000E+09 -4.203322055E-01 -5.977635182E-01 +2.189896542E-02 -2.463584302E-01 -2.309827161E-01 +2.202040137E-01
2.52000000000E+09 -6.899583301E-01 -2.860749326E-01 -1.031101339E-01 -1.967827333E-01 -1.955777439E-01 +2.127745646E-01
2.53000000000E+09 -7.497722282E-01 +1.411711376E-01 -1.850776908E-01 -8.494885273E-02 -1.718112809E-01 +1.862306639E-01
2.54000000000E+09 -5.502999016E-01 +5.414156005E-01 -1.937264457E-01 +5.662867916E-02 -1.697927727E-01 +1.503923112E-01
2.55000000000E+09 -1.514820846E-01 +7.548690420E-01 -1.230718911E-01 +1.806714686E-01 -1.915909019E-01 +1.207927838E-01
2.56000000000E+09 +2.891165540E-01 +6.996554916E-01 +2.481589205E-03 +2.448742466E-01 -2.280914122E-01 +1.113306614E-01
2.57000000000E+09 +6.083329159E-01 +4.178620507E-01 +1.391289185E-01 +2.309415061E-01 -2.634955851E-01 +1.260363926E-01
2.58000000000E+09 +7.193934733E-01 +2.876135593E-02 +2.441006004E-01 +1.486334704E-01 -2.843062549E-01 +1.593323304E-01
2.59000000000E+09 +6.184884142E-01 -3.463144007E-01 +2.894234990E-01 +2.611593939E-02 -2.833010941E-01 +1.991222235E-01
2.60000000000E+09 +3.485364748E-01 -6.163738800E-01 +2.650039948E-01 -1.014830768E-01 -2.609928364E-01 +2.327034491E-01
2.61000000000E+09 -2.516005396E-02 -7.172206996E-01 +1.773372455E-01 -1.995394372E-01 -2.240850141E-01 +2.493410402E-01
2.62000000000E+09 -4.126903403E-01 -6.077528375E-01 +4.830277087E-02 -2.388811030E-01 -1.843279479E-01 +2.432633301E-01
2.63000000000E+09 -6.944780772E-01 -2.913821992E-01 -8.604443302E-02 -2.030507303E-01 -1.560915976E-01 +2.157535643E-01
2.64000000000E+09 -7.517502882E-01 +1.474504122E-01 -1.820128209E-01 -9.790520302E-02 -1.506590121E-01 +1.769234375E-01
2.65000000000E+09 -5.398853506E-01 +5.460028073E-01 -2.047269341E-01 +4.387636477E-02 -1.706039064E-01 +1.433452171E-01
2.66000000000E+09 -1.403935126E-01 +7.442620238E-01 -1.460444792E-01 +1.733717167E-01 -2.071176984E-01 +1.299413862E-01
2.67000000000E+09 +2.841687844E-01 +6.822066018E-01 -2.903939453E-02 +2.477202220E-01 -2.442945227E-01 +1.420206678E-01
2.68000000000E+09 +5.899803421E-01 +4.130309121E-01 +1.054524924E-01 +2.475730703E-01 -2.673887628E-01 +1.738430984E-01
2.69000000000E+09 +7.060605662E-01 +4.155789947E-02 +2.171079952E-01 +1.783725204E-01 -2.687422169E-01 +2.130569495E-01
2.70000000000E+09 +6.222582928E-01 -3.289850243E-01 +2.762650809E-01 +6.244569289E-02 -2.486467612E-01 +2.468460525E-01
2.71000000000E+09 +3.639354368E-01 -6.105957084E-01 +2.674968106E-01 -6.838145033E-02 -2.139328935E-01 +2.647575525E-01
2.72000000000E+09 -1.398471336E-02 -7.254720677E-01 +1.909004744E-01 -1.784273279E-01 -1.760021631E-01 +2.610728401E-01
2.73000000000E+09 -4.139326376E-01 -6.175544474E-01 +6.445805289E-02 -2.334795750E-01 -1.480102185E-01 +2.369538764E-01
2.74000000000E+09 -6.990266681E-01 -2.916381374E-01 -7.511742582E-02 -2.117608772E-01 -1.403157075E-01 +2.015735428E-01
2.75000000000E+09 -7.470002451E-01 +1.494658057E-01 -1.814391720E-01 -1.164411888E-01 -1.558112579E-01 +1.702033693E-01
2.76000000000E+09 -5.318477566E-01 +5.356534741E-01 -2.176852078E-01 +2.084571696E-02 -1.871388463E-01 +1.563555742E-01
2.77000000000E+09 -1.466918026E-01 +7.251631922E-01 -1.737305782E-01 +1.529138182E-01 -2.199683182E-01 +1.651188306E-01
2.78000000000E+09 +2.608476509E-01 +6.744242929E-01 -6.814168539E-02 +2.382100993E-01 -2.410676211E-01 +1.917474608E-01
2.79000000000E+09 +5.678104201E-01 +4.273765381E-01 +6.389729497E-02 +2.542801362E-01 -2.433759607E-01 +2.254425596E-01
2.80000000000E+09 +7.029410460E-01 +6.736796913E-02 +1.840602826E-01 +1.996589667E-01 -2.272304141E-01 +2.546964703E-01
2.81000000000E+09 +6.380424678E-01 -3.121398475E-01 +2.593762508E-01 +9.007734900E-02 -1.986775188E-01 +2.700822766E-01
2.82000000000E+09 +3.815618961E-01 -6.121669295E-01 +2.672828939E-01 -4.516812368E-02 -1.678537302E-01 +2.676802401E-01
2.83000000000E+09 -9.383406630E-03 -7.352450616E-01 +2.017123991E-01 -1.674203337E-01 -1.452127282E-01 +2.492050356E-01
2.84000000000E+09 -4.179449013E-01 -6.188176969E-01 +7.864181542E-02 -2.373165060E-01 -1.388352199E-01 +2.229684431E-01
2.85000000000E+09 -6.947254640E-01 -2.850318402E-01 -6.386311878E-02 -2.295609298E-01 -1.498961489E-01 +2.007270650E-01
2.86000000000E+09 -7.320156759E-01 +1.464548208E-01 -1.785219340E-01 -1.458818048E-01 -1.720383497E-01 +1.920935445E-01
2.87000000000E+09 -5.246414682E-01 +5.162673621E-01 -2.284145215E-01 -1.556720297E-02 -1.941898209E-01 +2.001967572E-01
2.88000000000E+09 -1.607513867E-01 +7.063896135E-01 -2.008418304E-01 +1.183232068E-01 -2.065398351E-01 +2.205244846E-01
2.89000000000E+09 +2.366140542E-01 +6.758371889E-01 -1.078220525E-01 +2.155144294E-01 -2.047017887E-01 +2.444539622E-01
2.90000000000E+09 +5.556600870E-01 +4.475565017E-01 +2.173205141E-02 +2.491837377E-01 -1.900634643E-01 +2.630324822E-01
2.91000000000E+09 +7.120123795E-01 +8.626662621E-02 +1.506043107E-01 +2.100439449E-01 -1.685103421E-01 +2.701324267E-01
2.92000000000E+09 +6.552309806E-01 -3.111664724E-01 +2.413470313E-01 +1.078700128E-01 -1.480581130E-01 +2.642157536E-01
2.93000000000E+09 +3.872915039E-01 -6.241689559E-01 +2.649296738E-01 -2.903813314E-02 -1.362727177E-01 +2.490291967E-01
2.94000000000E+09 -1.736850598E-02 -7.403779706E-01 +2.113754408E-01 -1.589117206E-01 -1.369741025E-01 +2.323464077E-01
2.95000000000E+09 -4.213850512E-01 -6.093218641E-01 +9.615169251E-02 -2.397216556E-01 -1.481516905E-01 +2.224132856E-01
2.96000000000E+09 -6.812042538E-01 -2.775320725E-01 -4.315467241E-02 -2.455817161E-01 -1.627774511E-01 +2.240344919E-01
2.97000000000E+09 -7.151839672E-01 +1.344002606E-01 -1.618730007E-01 -1.767139279E-01 -1.727831667E-01 +2.360441467E-01
2.98000000000E+09 -5.269469622E-01 +4.920550766E-01 -2.244637478E-01 -5.699362425E-02 -1.727687504E-01 +2.527734213E-01
2.99000000000E+09 -1.836938135E-01 +6.941875883E-01 -2.142023605E-01 +7.653296447E-02 -1.624607706E-01 +2.669508611E-01
3.00000000000E+09 +2.547926083E-01 +6.736119722E-01 -1.237549267E-01 +1.923820126E-01 -1.457441202E-01 +2.724072083E-01
3.01000000000E+09 +5.836213422E-01 +4.326685379E-01 +6.122921886E-03 +2.354024846E-01 -1.292968923E-01 +2.670363954E-01
3.02000000000E+09 +7.328045691E-01 +4.464515482E-02 +1.407344346E-01 +2.017607543E-01 -1.202372248E-01 +2.534920063E-01
3.03000000000E+09 +6.419177401E-01 -3.664798461E-01 +2.368791160E-01 +1.002632384E-01 -1.225001477E-01 +2.385863759E-01
3.04000000000E+09 +3.361267119E-01 -6.578486402E-01 +2.635810571E-01 -3.699551341E-02 -1.349321980E-01 +2.306990887E-01
3.05000000000E+09 -7.402866084E-02 -7.289536708E-01 +2.135150708E-01 -1.657223551E-01 -1.507251177E-01 +2.347351599E-01
3.06000000000E+09 -4.463017121E-01 -5.690795739E-01 +1.052143137E-01 -2.468096457E-01 -1.611535321E-01 +2.502562710E-01
3.07000000000E+09 -6.704970414E-01 -2.465048160E-01 -2.638931658E-02 -2.591229860E-01 -1.600625599E-01 +2.713941305E-01
3.08000000000E+09 -6.965704863E-01 +1.369839279E-01 -1.435433227E-01 -2.026846217E-01 -1.458736308E-01 +2.896690103E-01
3.09000000000E+09 -5.260547949E-01 +4.794519215E-01 -2.146499189E-01 -9.470338856E-02 -1.225755330E-01 +2.974982617E-01
3.10000000000E+09 -1.987781657E-01 +6.919169557E-01 -2.198412755E-01 +3.594340007E-02 -9.780596634E-02 +2.906483417E-01
3.11000000000E+09 +2.040586430E-01 +7.027657049E-01 -1.547394296E-01 +1.520874920E-01 -8.097892202E-02 +2.705169071E-01
3.12000000000E+09 +5.622386085E-01 +4.854105216E-01 -3.490255738E-02 +2.171542187E-01 -7.969043230E-02 +2.441628246E-01
3.13000000000E+09 +7.416697951E-01 +9.440537309E-02 +1.034581313E-01 +2.066156357E-01 -9.557333177E-02 +2.229385308E-01
3.14000000000E+09 +6.653780531E-01 -3.317954252E-01 +2.142185212E-01 +1.215887326E-01 -1.224867768E-01 +2.172012743E-01
3.15000000000E+09 +3.659573422E-01 -6.331270888E-01 +2.603311755E-01 -8.944384915E-03 -1.484692604E-01 +2.307944732E-01
3.16000000000E+09 -3.505190124E-02 -7.149427286E-01 +2.296684317E-01 -1.412506000E-01 -1.616460873E-01 +2.592922493E-01
3.17000000000E+09 -4.020225682E-01 -5.760130155E-01 +1.360400232E-01 -2.351809577E-01 -1.560175169E-01 +2.919462442E-01
3.18000000000E+09 -6.381981116E-01 -2.774289769E-01 +9.739163384E-03 -2.662088007E-01 -1.323978770E-01 +3.169121787E-01
3.19000000000E+09 -6.918252821E-01 +9.683790669E-02 -1.135862239E-01 -2.279633178E-01 -9.774407948E-02 +3.254794915E-01
3.20000000000E+09 -5.458269801E-01 +4.541160329E-01 -1.998374503E-01 -1.306511686E-01 -6.290937009E-02 +3.136728389E-01
3.21000000000E+09 -2.215743108E-01 +6.923073261E-01 -2.223609071E-01 -3.815874301E-05 -4.021017166E-02 +2.840268357E-01
3.22000000000E+09 +1.993751274E-01 +7.157180927E-01 -1.698549792E-01 +1.251396921E-01 -3.921250028E-02 +2.465741389E-01
3.23000000000E+09 +5.717325897E-01 +4.875592182E-01 -5.505606481E-02 +2.024614355E-01 -6.145414053E-02 +2.161918349E-01
3.24000000000E+09 +7.434979220E-01 +8.201791915E-02 +8.425739805E-02 +2.033619791E-01 -9.851114327E-02 +2.068923603E-01
3.25000000000E+09 +6.510176371E-01 -3.386218718E-01 +1.999217427E-01 +1.281796392E-01 -1.342344905E-01 +2.233866207E-01
3.26000000000E+09 +3.523554708E-01 -6.211287732E-01 +2.553293309E-01 +5.422714073E-03 -1.533785773E-01 +2.589794110E-01
3.27000000000E+09 -2.984975476E-02 -6.955776838E-01 +2.382640566E-01 -1.243346587E-01 -1.482477513E-01 +2.999953025E-01
3.28000000000E+09 -3.814928917E-01 -5.700395959E-01 +1.588805481E-01 -2.243201579E-01 -1.208865524E-01 +3.322177432E-01
3.29000000000E+09 -6.212895146E-01 -2.913729358E-01 +4.112609622E-02 -2.695020137E-01 -7.979919582E-02 +3.452131371E-01
3.30000000000E+09 -6.931027469E-01 +7.556268258E-02 -8.357499080E-02 -2.482552682E-01 -3.717398866E-02 +3.341062523E-01
3.31000000000E+09 -5.618162535E-01 +4.435845333E-01 -1.808543632E-01 -1.639756229E-01 -7.147525325E-03 +3.013135165E-01
3.32000000000E+09 -2.357446063E-01 +6.971730746E-01 -2.191085139E-01 -3.779402532E-02 -4.734318822E-04 +2.571345487E-01
3.33000000000E+09 +1.966290154E-01 +7.235936943E-01 -1.811503833E-01 +9.165403852E-02 -2.133013272E-02 +2.180134293E-01
3.34000000000E+09 +5.714846535E-01 +4.880698663E-01 -7.640031728E-02 +1.789977520E-01 -6.180290468E-02 +2.001522164E-01
3.35000000000E+09 +7.359737901E-01 +8.289316559E-02 +5.864764257E-02 +1.933030397E-01 -1.047040993E-01 +2.111863382E-01
3.36000000000E+09 +6.434374015E-01 -3.262038824E-01 +1.771776316E-01 +1.324736147E-01 -1.320201801E-01 +2.458782256E-01
3.37000000000E+09 +3.587387667E-01 -6.022129013E-01 +2.430988526E-01 +2.088461798E-02 -1.338166730E-01 +2.898120326E-01
3.38000000000E+09 -8.788964131E-03 -6.864740024E-01 +2.416366446E-01 -1.054750668E-01 -1.109789103E-01 +3.275019651E-01
3.39000000000E+09 -3.596555241E-01 -5.799034268E-01 +1.771877532E-01 -2.118890346E-01 -7.156820931E-02 +3.469564484E-01
3.40000000000E+09 -6.137256254E-01 -3.133749903E-01 +6.792208970E-02 -2.709481424E-01 -2.790299972E-02 +3.426691564E-01
3.41000000000E+09 -7.022362063E-01 +5.698106643E-02 -5.761589990E-02 -2.655750620E-01 +6.952148248E-03 +3.159101561E-01
3.42000000000E+09 -5.765839275E-01 +4.378216936E-01 -1.637495940E-01 -1.935630205E-01 +2.127583313E-02 +2.751869455E-01
3.43000000000E+09 -2.451949376E-01 +6.988580573E-01 -2.152586195E-01 -7.309269747E-02 +9.866390175E-03 +2.345880964E-01
3.44000000000E+09 +1.896597457E-01 +7.237800335E-01 -1.913591124E-01 +5.765681013E-02 -2.279941988E-02 +2.097529558E-01
3.45000000000E+09 +5.599061825E-01 +4.897596268E-01 -9.832297898E-02 +1.533629131E-01 -6.239962532E-02 +2.104442952E-01
3.46000000000E+09 +7.233604321E-01 +9.726063402E-02 +3.000750573E-02 +1.815502094E-01 -9.240217858E-02 +2.348584921E-01
3.47000000000E+09 +6.452105536E-01 -3.016339416E-01 +1.505717508E-01 +1.371431556E-01 -1.015041713E-01 +2.718975186E-01
3.48000000000E+09 +3.798902895E-01 -5.848857455E-01 +2.280472965E-01 +3.840988182E-02 -8.831574971E-02 +3.070718570E-01
3.49000000000E+09 +1.918891394E-02 -6.896405278E-01 +2.433944985E-01 -8.387140629E-02 -5.836170201E-02 +3.287728535E-01
3.50000000000E+09 -3.425348136E-01 -6.004750073E-01 +1.946183279E-01 -1.959324055E-01 -2.207000843E-02 +3.312701432E-01
3.51000000000E+09 -6.147456039E-01 -3.363791355E-01 +9.493854710E-02 -2.671926148E-01 +9.582092024E-03 +3.147542762E-01
3.52000000000E+09 -7.134967952E-01 +4.407229471E-02 -2.881530248E-02 -2.759834953E-01 +2.649045394E-02 +2.848874443E-01
3.53000000000E+09 -5.862326721E-01 +4.331705256E-01 -1.398062365E-01 -2.162250474E-01 +2.400474505E-02 +2.521928264E-01
3.54000000000E+09 -2.533318578E-01 +6.931074377E-01 -2.012158505E-01 -1.040288643E-01 +4.396941387E-03 +2.284695252E-01
3.55000000000E+09 +1.732461020E-01 +7.181787950E-01 -1.908645455E-01 +2.446248793E-02 -2.332296917E-02 +2.223827383E-01
3.56000000000E+09 +5.352534195E-01 +4.992922139E-01 -1.119924020E-01 +1.260849803E-01 -4.747324900E-02 +2.347691583E-01
3.57000000000E+09 +7.096717197E-01 +1.256917321E-01 +7.876662333E-03 +1.686461564E-01 -5.878465096E-02 +2.586032417E-01
3.58000000000E+09 +6.562307097E-01 -2.698904258E-01 +1.302955604E-01 +1.417628852E-01 -5.436796351E-02 +2.840221511E-01
3.59000000000E+09 +4.094602604E-01 -5.703095577E-01 +2.194881489E-01 +5.640372714E-02 -3.698767513E-02 +3.021874099E-01
3.60000000000E+09 +4.770739125E-02 -6.985101099E-01 +2.514761967E-01 -6.142729785E-02 -1.327121952E-02 +3.083128034E-01
3.61000000000E+09 -3.300229006E-01 -6.215552419E-01 +2.180311114E-01 -1.780712484E-01 +9.046034802E-03 +3.015986804E-01
3.62000000000E+09 -6.164134028E-01 -3.538674795E-01 +1.283266174E-01 -2.598223751E-01 +2.366251341E-02 +2.855000767E-01
3.63000000000E+09 -7.180348412E-01 +3.392586593E-02 +8.189641624E-03 -2.813273236E-01 +2.753373930E-02 +2.658179788E-01
3.64000000000E+09 -5.899892081E-01 +4.220072044E-01 -1.054082726E-01 -2.344389888E-01 +2.156963811E-02 +2.498404175E-01
3.65000000000E+09 -2.652847097E-01 +6.780795142E-01 -1.759697130E-01 -1.327509692E-01 +1.008727613E-02 +2.422625993E-01
3.66000000000E+09 +1.467835844E-01 +7.120119803E-01 -1.804304221E-01 -8.760459854E-03 -1.332529035E-03 +2.437533806E-01
3.67000000000E+09 +5.068483283E-01 +5.161273014E-01 -1.179492536E-01 +9.814848453E-02 -8.534558618E-03 +2.514719895E-01
3.68000000000E+09 +7.009548822E-01 +1.609889297E-01 -9.051241643E-03 +1.554079911E-01 -9.259567627E-03 +2.614031430E-01
3.69000000000E+09 +6.749367306E-01 -2.382778218E-01 +1.124903406E-01 +1.470731757E-01 -4.491821285E-03 +2.692960012E-01
3.70000000000E+09 +4.420630240E-01 -5.603308936E-01 +2.105885492E-01 +7.706229035E-02 +3.046579617E-03 +2.730179628E-01
3.71000000000E+09 +7.430516194E-02 -7.095215478E-01 +2.566144937E-01 -3.279392128E-02 +1.057815632E-02 +2.726619343E-01
3.72000000000E+09 -3.172685115E-01 -6.398352994E-01 +2.373336434E-01 -1.493520443E-01 +1.613024171E-02 +2.696013347E-01
3.73000000000E+09 -6.115877103E-01 -3.705466609E-01 +1.589851527E-01 -2.370104982E-01 +2.000385722E-02 +2.662693333E-01
3.74000000000E+09 -7.153657725E-01 +1.530585435E-02 +4.575622037E-02 -2.688501030E-01 +2.302752184E-02 +2.639322022E-01
3.75000000000E+09 -5.956125979E-01 +3.967550981E-01 -6.741354117E-02 -2.349572824E-01 +2.627270839E-02 +2.627264453E-01
3.76000000000E+09 -2.900761543E-01 +6.544709906E-01 -1.457837841E-01 -1.455902805E-01 +3.027491687E-02 +2.611196666E-01
3.77000000000E+09 +1.062800130E-01 +7.090722179E-01 -1.654597825E-01 -2.751153541E-02 +3.385833043E-02 +2.579356151E-01
3.78000000000E+09 +4.716755930E-01 +5.427285140E-01 -1.203255981E-01 +8.377355640E-02 +3.600960705E-02 +2.529171037E-01
3.79000000000E+09 +6.918002728E-01 +2.039409014E-01 -2.377100945E-02 +1.550343881E-01 +3.506746284E-02 +2.472689639E-01
3.80000000000E+09 +6.937466826E-01 -2.028310419E-01 +9.512812745E-02 +1.648260232E-01 +3.050806238E-02 +2.427964051E-01
3.81000000000E+09 +4.729082926E-01 -5.465535173E-01 +1.997622621E-01 +1.103930197E-01 +2.390646710E-02 +2.420019619E-01
3.82000000000E+09 +1.007681265E-01 -7.134399686E-01 +2.577914351E-01 +9.437028437E-03 +1.828054556E-02 +2.463765715E-01
3.83000000000E+09 -2.989324934E-01 -6.510075882E-01 +2.518384612E-01 -1.054200769E-01 +1.714568955E-02 +2.554728722E-01
3.84000000000E+09 -5.976259126E-01 -3.855941300E-01 +1.851462402E-01 -1.980696042E-01 +2.268581654E-02 +2.660361474E-01
3.85000000000E+09 -7.070898897E-01 -6.658054839E-03 +7.936747196E-02 -2.404932618E-01 +3.472571152E-02 +2.734768606E-01
3.86000000000E+09 -6.011051547E-01 +3.698129129E-01 -3.319553938E-02 -2.206421993E-01 +5.067848306E-02 +2.741426731E-01
3.87000000000E+09 -3.135024450E-01 +6.347749761E-01 -1.195332954E-01 -1.445511473E-01 +6.564408208E-02 +2.665035642E-01
3.88000000000E+09 +7.428007456E-02 +7.093539020E-01 -1.543270231E-01 -3.417038275E-02 +7.484523700E-02 +2.516681880E-01
3.89000000000E+09 +4.484668138E-01 +5.635036972E-01 -1.268395431E-01 +7.838242581E-02 +7.458058856E-02 +2.334856248E-01
3.90000000000E+09 +6.884394198E-01 +2.320999436E-01 -4.473021598E-02 +1.593189468E-01 +6.448065826E-02 +2.177968363E-01
3.91000000000E+09 +7.067906216E-01 -1.821421973E-01 +6.668149363E-02 +1.832648439E-01 +4.777538788E-02 +2.106388812E-01
3.92000000000E+09 +4.913640210E-01 -5.380958126E-01 +1.712941921E-01 +1.430215490E-01 +3.057701119E-02 +2.151015428E-01
3.93000000000E+09 +1.182724178E-01 -7.131928585E-01 +2.352371177E-01 +5.304635568E-02 +1.980052220E-02 +2.299457305E-01
3.94000000000E+09 -2.822160004E-01 -6.567051017E-01 +2.390211019E-01 -5.621578467E-02 +2.031950571E-02 +2.495118697E-01
3.95000000000E+09 -5.831237081E-01 -3.999750307E-01 +1.832325113E-01 -1.498573141E-01 +3.252888406E-02 +2.665413276E-01
3.96000000000E+09 -7.016789970E-01 -3.011782327E-02 +8.591669206E-02 -2.000663925E-01 +5.277051641E-02 +2.747675944E-01
3.97000000000E+09 -6.117113177E-01 +3.443874793E-01 -2.426403142E-02 -1.926094371E-01 +7.469023803E-02 +2.711802767E-01
3.98000000000E+09 -3.389478868E-01 +6.197900183E-01 -1.159831986E-01 -1.295727758E-01 +9.128907070E-02 +2.560645942E-01
3.99000000000E+09 +4.453157641E-02 +7.128448162E-01 -1.627738280E-01 -2.813490084E-02 +9.742598181E-02 +2.339657160E-01
4.00000000000E+09 +4.272352545E-01 +5.829667497E-01 -1.500041346E-01 +8.250932799E-02 +9.091618098E-02 +2.120371017E-01
4.01000000000E+09 +6.821214769E-01 +2.583597411E-01 -8.074494418E-02 +1.683320881E-01 +7.377585488E-02 +1.978932916E-01
4.02000000000E+09 +7.140198813E-01 -1.584014866E-01 +2.293877346E-02 +2.017346605E-01 +5.276690251E-02 +1.968699302E-01
4.03000000000E+09 +5.079276134E-01 -5.214089904E-01 +1.264905104E-01 +1.720868281E-01 +3.579062609E-02 +2.089283542E-01
4.04000000000E+09 +1.403975625E-01 -7.068454075E-01 +1.956364804E-01 +9.039074485E-02 +2.956725650E-02 +2.293198131E-01
4.05000000000E+09 -2.598522385E-01 -6.631379326E-01 +2.088314883E-01 -1.582398660E-02 +3.648730317E-02 +2.500805047E-01
4.06000000000E+09 -5.680829908E-01 -4.181124316E-01 +1.633537394E-01 -1.131631025E-01 +5.404042812E-02 +2.639585050E-01
4.07000000000E+09 -7.002081851E-01 -5.356480468E-02 +7.364581843E-02 -1.731478733E-01 +7.639315021E-02 +2.663428210E-01
4.08000000000E+09 -6.237366812E-01 +3.255029172E-01 -3.443950527E-02 -1.791746112E-01 +9.667796861E-02 +2.563965026E-01
4.09000000000E+09 -3.586713546E-01 +6.117514284E-01 -1.302661593E-01 -1.297171981E-01 +1.090996907E-01 +2.372008228E-01
4.10000000000E+09 +2.442791887E-02 +7.166361266E-01 -1.864008279E-01 -3.887376731E-02 +1.097840951E-01 +2.148568840E-01
4.11000000000E+09 +4.113770881E-01 +5.963907566E-01 -1.859814153E-01 +6.627593644E-02 +9.887750818E-02 +1.962774993E-01
4.12000000000E+09 +6.737963649E-01 +2.789587383E-01 -1.292571784E-01 +1.528766889E-01 +8.065747660E-02 +1.875574313E-01
4.13000000000E+09 +7.175217577E-01 -1.334367781E-01 -3.501459289E-02 +1.929220736E-01 +6.186804863E-02 +1.909554490E-01
4.14000000000E+09 +5.270642786E-01 -4.996203553E-01 +6.532649180E-02 +1.736509627E-01 +4.924646633E-02 +2.043714468E-01
4.15000000000E+09 +1.723891819E-01 -6.990743215E-01 +1.389546087E-01 +1.019391442E-01 +4.684038262E-02 +2.222665629E-01
4.16000000000E+09 -2.265403834E-01 -6.764687715E-01 +1.631093197E-01 +9.226248124E-04 +5.510257098E-02 +2.382281232E-01
4.17000000000E+09 -5.474745261E-01 -4.493758741E-01 +1.311067988E-01 -9.883142686E-02 +7.057559435E-02 +2.471621838E-01
4.18000000000E+09 -7.000300641E-01 -9.089132453E-02 +5.268089408E-02 -1.685424610E-01 +8.841617190E-02 +2.468808814E-01
4.19000000000E+09 -6.430491071E-01 +2.940420643E-01 -4.947232094E-02 -1.889348348E-01 +1.035310034E-01 +2.376015008E-01
4.20000000000E+09 -3.908399738E-01 +5.942460214E-01 -1.462478354E-01 -1.547940373E-01 +1.117115226E-01 +2.227347439E-01
4.21000000000E+09 -1.276897648E-02 +7.164687645E-01 -2.094540787E-01 -7.638247823E-02 +1.116176574E-01 +2.067134959E-01
4.22000000000E+09 +3.775759027E-01 +6.149111058E-01 -2.199661495E-01 +2.212893581E-02 +1.039595298E-01 +1.939831682E-01
4.23000000000E+09 +6.533304199E-01 +3.141364039E-01 -1.747200792E-01 +1.094649046E-01 +9.155525336E-02 +1.879459392E-01
4.24000000000E+09 +7.203596209E-01 -9.056999038E-02 -8.820808715E-02 +1.570418816E-01 +7.891775845E-02 +1.890850226E-01
4.25000000000E+09 +5.552364610E-01 -4.654007513E-01 +1.164925029E-02 +1.490948243E-01 +6.992472366E-02 +1.963687438E-01
4.26000000000E+09 +2.149139747E-01 -6.880991579E-01 +9.294333846E-02 +8.777201242E-02 +6.719562237E-02 +2.068791437E-01
4.27000000000E+09 -1.876066313E-01 -6.915504039E-01 +1.306387937E-01 -8.102751576E-03 +7.096739423E-02 +2.174141079E-01
4.28000000000E+09 -5.257456939E-01 -4.813572411E-01 +1.138734178E-01 -1.097907204E-01 +7.988200818E-02 +2.249988049E-01
4.29000000000E+09 -6.990505423E-01 -1.267726819E-01 +4.851882496E-02 -1.877150268E-01 +9.147479041E-02 +2.274929538E-01
4.30000000000E+09 -6.585968540E-01 +2.642083943E-01 -4.533191206E-02 -2.202582068E-01 +1.029693875E-01 +2.244743673E-01
4.31000000000E+09 -4.174278501E-01 +5.750022450E-01 -1.396191640E-01 -1.993069165E-01 +1.118381759E-01 +2.165517178E-01
4.32000000000E+09 -4.601141119E-02 +7.115967900E-01 -2.061992980E-01 -1.323806820E-01 +1.162888073E-01 +2.057806849E-01
4.33000000000E+09 +3.443639187E-01 +6.286618620E-01 -2.249021526E-01 -4.082819059E-02 +1.150914071E-01 +1.938278022E-01
4.34000000000E+09 +6.320676443E-01 +3.464249593E-01 -1.895084400E-01 +4.647353466E-02 +1.090957595E-01 +1.835013471E-01
4.35000000000E+09 +7.219942901E-01 -5.029309417E-02 -1.104164211E-01 +1.013745013E-01 +9.950788991E-02 +1.776024296E-01
4.36000000000E+09 +5.800976869E-01 -4.342589925E-01 -1.167179036E-02 +1.053767578E-01 +8.923319627E-02 +1.774856492E-01
4.37000000000E+09 +2.513451087E-01 -6.785630937E-01 +7.604566398E-02 +5.625539460E-02 +8.105993154E-02 +1.835000997E-01
4.38000000000E+09 -1.555014901E-01 -7.040053859E-01 +1.260997265E-01 -3.119870831E-02 +7.758217748E-02 +1.939754842E-01
4.39000000000E+09 -5.074495478E-01 -5.064151854E-01 +1.242003622E-01 -1.302458542E-01 +8.079728729E-02 +2.056999508E-01
4.40000000000E+09 -6.954297669E-01 -1.544902633E-01 +7.307809417E-02 -2.112816184E-01 +9.019478779E-02 +2.147315817E-01
4.41000000000E+09 -6.674146765E-01 +2.391106707E-01 -9.737751950E-03 -2.514564344E-01 +1.036124854E-01 +2.178019213E-01
4.42000000000E+09 -4.374414364E-01 +5.564256714E-01 -9.802882088E-02 -2.407932090E-01 +1.176201433E-01 +2.129137018E-01
4.43000000000E+09 -7.524237285E-02 +7.055903002E-01 -1.647789565E-01 -1.842262861E-01 +1.281312749E-01 +2.004025592E-01
4.44000000000E+09 +3.141557761E-01 +6.408900928E-01 -1.893440442E-01 -9.953636395E-02 +1.317737477E-01 +1.828336272E-01
4.45000000000E+09 +6.135093839E-01 +3.752816495E-01 -1.631272193E-01 -1.270040846E-02 +1.266892720E-01 +1.652803999E-01
4.46000000000E+09 +7.242251483E-01 -1.580554264E-02 -9.246002427E-02 +4.885214575E-02 +1.135563008E-01 +1.530006405E-01
4.47000000000E+09 +6.020466832E-01 -4.085068300E-01 +2.198343231E-03 +6.491869031E-02 +9.604014129E-02 +1.502448072E-01
4.48000000000E+09 +2.826932161E-01 -6.705504859E-01 +9.193367535E-02 +2.977606773E-02 +8.004001635E-02 +1.585343547E-01
4.49000000000E+09 -1.264606713E-01 -7.132181168E-01 +1.495579745E-01 -4.522503754E-02 +7.117187985E-02 +1.750828808E-01
4.50000000000E+09 -4.879003154E-01 -5.271380339E-01 +1.588325284E-01 -1.358190414E-01 +7.290041419E-02 +1.943474033E-01
4.51000000000E+09 -6.882993433E-01 -1.814923940E-01 +1.197378034E-01 -2.134525692E-01 +8.511285159E-02 +2.092029075E-01
4.52000000000E+09 -6.747769259E-01 +2.114698508E-01 +4.713418515E-02 -2.550626887E-01 +1.041605689E-01 +2.142392649E-01
4.53000000000E+09 -4.592295789E-01 +5.355714597E-01 -3.517921044E-02 -2.491743379E-01 +1.240061058E-01 +2.073842601E-01
4.54000000000E+09 -1.060538264E-01 +6.994766042E-01 -1.014977668E-01 -1.980545679E-01 +1.385647527E-01 +1.900973031E-01
4.55000000000E+09 +2.847465302E-01 +6.532661628E-01 -1.308848839E-01 -1.164895936E-01 +1.423996570E-01 +1.674371546E-01
4.56000000000E+09 +5.964613535E-01 +4.022005214E-01 -1.126034571E-01 -2.817553332E-02 +1.337336553E-01 +1.463856527E-01
4.57000000000E+09 +7.253840808E-01 +1.581659008E-02 -5.010903957E-02 +4.024635111E-02 +1.150819554E-01 +1.341607057E-01
4.58000000000E+09 +6.198554174E-01 -3.829667648E-01 +3.882337541E-02 +6.753410018E-02 +9.290899191E-02 +1.352282297E-01
4.59000000000E+09 +3.106162355E-01 -6.579136588E-01 +1.271427357E-01 +4.584683297E-02 +7.524743631E-02 +1.488553784E-01
4.60000000000E+09 -9.571761441E-02 -7.164368094E-01 +1.880004891E-01 -1.622809659E-02 +6.851937905E-02 +1.700224758E-01
4.61000000000E+09 -4.624787307E-01 -5.470819835E-01 +2.043785819E-01 -9.687670274E-02 +7.519835672E-02 +1.904967321E-01
4.62000000000E+09 -6.773736895E-01 -2.140081320E-01 +1.741292240E-01 -1.694917264E-01 +9.321501494E-02 +2.025146876E-01
4.63000000000E+09 -6.839884937E-01 +1.765613737E-01 +1.089237758E-01 -2.114168882E-01 +1.157073045E-01 +2.021185252E-01
4.64000000000E+09 -4.869824517E-01 +5.113064121E-01 +3.000197189E-02 -2.098728263E-01 +1.351169023E-01 +1.889221176E-01
4.65000000000E+09 -1.422830556E-01 +6.955454429E-01 -3.853803533E-02 -1.643686093E-01 +1.444280726E-01 +1.674015520E-01
4.66000000000E+09 +2.536122378E-01 +6.698969862E-01 -7.514707368E-02 -8.666290437E-02 +1.405342155E-01 +1.444415846E-01
4.67000000000E+09 +5.799980573E-01 +4.315177661E-01 -6.732036286E-02 +1.432994857E-03 +1.244343960E-01 +1.280164258E-01
4.68000000000E+09 +7.258329530E-01 +4.742798044E-02 -1.597522414E-02 +7.385032347E-02 +1.018639797E-01 +1.240613167E-01
4.69000000000E+09 +6.348036373E-01 -3.566328440E-01 +6.323884564E-02 +1.088699953E-01 +8.128134643E-02 +1.336591715E-01
4.70000000000E+09 +3.364929020E-01 -6.424084135E-01 +1.449965674E-01 +9.716859607E-02 +7.013011748E-02 +1.526827540E-01
4.71000000000E+09 -6.452353447E-02 -7.168935008E-01 +2.033463236E-01 +4.534309519E-02 +7.255065928E-02 +1.734595968E-01
4.72000000000E+09 -4.360021691E-01 -5.652616289E-01 +2.209119173E-01 -2.742251000E-02 +8.710981882E-02 +1.880881457E-01
4.73000000000E+09 -6.663286055E-01 -2.439229833E-01 +1.935641077E-01 -9.638140174E-02 +1.077611756E-01 +1.916180103E-01
4.74000000000E+09 -6.926590347E-01 +1.476928002E-01 +1.304388918E-01 -1.390229909E-01 +1.268440680E-01 +1.830140208E-01
4.75000000000E+09 -5.090989441E-01 +4.956419445E-01 +5.063111944E-02 -1.410807170E-01 +1.378060070E-01 +1.657018734E-01
4.76000000000E+09 -1.656912932E-01 +6.959374508E-01 -2.213033886E-02 -9.991213670E-02 +1.368279134E-01 +1.457188809E-01
4.77000000000E+09 +2.376503789E-01 +6.805895602E-01 -6.565266533E-02 -2.569674893E-02 +1.245412363E-01 +1.307166549E-01
4.78000000000E+09 +5.723818903E-01 +4.447988169E-01 -6.630960650E-02 +6.052505850E-02 +1.059899030E-01 +1.257490155E-01
4.79000000000E+09 +7.234836857E-01 +6.098113536E-02 -2.414184904E-02 +1.329629043E-01 +8.867411503E-02 +1.321699627E-01
4.80000000000E+09 +6.362559324E-01 -3.457701175E-01 +4.761325601E-02 +1.702472133E-01 +7.928077469E-02 +1.466524764E-01
4.81000000000E+09 +3.464684035E-01 -6.311943756E-01 +1.219971571E-01 +1.623095359E-01 +8.115176152E-02 +1.628844182E-01
4.82000000000E+09 -4.621665632E-02 -7.138556581E-01 +1.759520807E-01 +1.150175364E-01 +9.296996054E-02 +1.740592317E-01
4.83000000000E+09 -4.184457485E-01 -5.761885288E-01 +1.923105482E-01 +4.539665896E-02 +1.094168240E-01 +1.762461562E-01
4.84000000000E+09 -6.605575147E-01 -2.643215489E-01 +1.655435855E-01 -2.365129739E-02 +1.238235915E-01 +1.688244670E-01
4.85000000000E+09 -7.017272470E-01 +1.292446925E-01 +1.025795940E-01 -6.995680698E-02 +1.308805594E-01 +1.552492805E-01
4.86000000000E+09 -5.259229043E-01 +4.876393599E-01 +2.089435712E-02 -7.798199930E-02 +1.280147066E-01 +1.407840004E-01
4.87000000000E+09 -1.810702555E-01 +6.977071372E-01 -5.608900237E-02 -4.352421070E-02 +1.169746286E-01 +1.313462216E-01
4.88000000000E+09 +2.263699121E-01 +6.867514154E-01 -1.058859057E-01 +2.418389251E-02 +1.029229901E-01 +1.302691088E-01
4.89000000000E+09 +5.627023254E-01 +4.542664506E-01 -1.144625809E-01 +1.048442330E-01 +9.225000076E-02 +1.376666699E-01
4.90000000000E+09 +7.168308475E-01 +7.731206355E-02 -8.136660889E-02 +1.737492199E-01 +8.984852654E-02 +1.493033030E-01
4.91000000000E+09 +6.424800561E-01 -3.194446258E-01 -1.972644750E-02 +2.103320812E-01 +9.655968206E-02 +1.596467870E-01
4.92000000000E+09 +3.693343436E-01 -6.114254605E-01 +4.879144295E-02 +2.047401365E-01 +1.090164573E-01 +1.637473173E-01
4.93000000000E+09 -1.466225365E-02 -7.129106563E-01 +1.012572955E-01 +1.600643029E-01 +1.218130244E-01 +1.591646740E-01
4.94000000000E+09 -3.942269655E-01 -5.954194773E-01 +1.199348162E-01 +9.081531104E-02 +1.292390494E-01 +1.478923189E-01
4.95000000000E+09 -6.548749550E-01 -2.922123745E-01 +9.727406646E-02 +1.833803394E-02 +1.274970291E-01 +1.341296727E-01
4.96000000000E+09 -7.125736563E-01 +1.077611656E-01 +3.805459768E-02 -3.481650846E-02 +1.170150053E-01 +1.239543834E-01
4.97000000000E+09 -5.419573142E-01 +4.786714971E-01 -4.153964118E-02 -5.183887999E-02 +1.018313803E-01 +1.216818299E-01
4.98000000000E+09 -1.946253552E-01 +6.966922241E-01 -1.180672332E-01 -2.743916553E-02 +8.889163841E-02 +1.290500054E-01
4.99000000000E+09 +2.143500662E-01 +6.885372425E-01 -1.691498856E-01 +2.982290194E-02 +8.403620125E-02 +1.426991756E-01
5.00000000000E+09 +5.496387144E-01 +4.607776282E-01 -1.810164160E-01 +1.005813019E-01 +8.989343354E-02 +1.565588001E-01
5.01000000000E+09 +7.068050292E-01 +9.233698244E-02 -1.529342840E-01 +1.614513918E-01 +1.044588224E-01 +1.643848633E-01
5.02000000000E+09 +6.439264669E-01 -2.994190546E-01 -9.653723643E-02 +1.930487199E-01 +1.212903924E-01 +1.618422312E-01
5.03000000000E+09 +3.840024872E-01 -5.975058966E-01 -3.148214536E-02 +1.854810734E-01 +1.339076176E-01 +1.493233009E-01
5.04000000000E+09 +3.758161336E-03 -7.132249991E-01 +2.046427001E-02 +1.401827706E-01 +1.358166652E-01 +1.309395730E-01
5.05000000000E+09 -3.841322045E-01 -6.064392980E-01 +4.139395472E-02 +6.984254585E-02 +1.252637640E-01 +1.138646103E-01
5.06000000000E+09 -6.557346661E-01 -3.018742323E-01 +2.243174972E-02 -4.869812361E-03 +1.053687964E-01 +1.055135677E-01
5.07000000000E+09 -7.159997272E-01 +1.058021111E-01 -3.239234289E-02 -6.114595787E-02 +8.378811174E-02 +1.104650596E-01
5.08000000000E+09 -5.403531884E-01 +4.792180116E-01 -1.067705225E-01 -8.194127327E-02 +6.936442252E-02 +1.277057218E-01
5.09000000000E+09 -1.907703557E-01 +6.915790281E-01 -1.775467870E-01 -6.238725684E-02 +6.909714199E-02 +1.510668275E-01
5.10000000000E+09 +2.116643199E-01 +6.787101085E-01 -2.232655286E-01 -1.139257158E-02 +8.351775433E-02 +1.710212962E-01
5.11000000000E+09 +5.382055442E-01 +4.553041453E-01 -2.313816282E-01 +5.245629724E-02 +1.079376158E-01 +1.795307374E-01
5.12000000000E+09 +6.948750258E-01 +9.757969452E-02 -2.012823894E-01 +1.074116580E-01 +1.331869966E-01 +1.725433845E-01
5.13000000000E+09 +6.407886912E-01 -2.880782489E-01 -1.434839139E-01 +1.354182975E-01 +1.499033916E-01 +1.518601950E-01
5.14000000000E+09 +3.896069038E-01 -5.902128114E-01 -7.598451321E-02 +1.261483396E-01 +1.511744970E-01 +1.240534331E-01
5.15000000000E+09 +9.211604737E-03 -7.135791221E-01 -2.003719426E-02 +7.985125811E-02 +1.349444527E-01 +9.939626816E-02
5.16000000000E+09 -3.844786050E-01 -6.080192172E-01 +5.966214293E-03 +8.339557703E-03 +1.070266805E-01 +8.767703735E-02
5.17000000000E+09 -6.576010796E-01 -2.982405364E-01 -7.333927508E-03 -6.752664467E-02 +7.719456099E-02 +9.461643419E-02
5.18000000000E+09 -7.114092072E-01 +1.118548561E-01 -5.582795683E-02 -1.247677311E-01 +5.768186174E-02 +1.181467940E-01
5.19000000000E+09 -5.300901132E-01 +4.784983408E-01 -1.229472489E-01 -1.468606985E-01 +5.671874119E-02 +1.494477888E-01
5.20000000000E+09 -1.841898506E-01 +6.814026019E-01 -1.860875501E-01 -1.297911986E-01 +7.457682693E-02 +1.764327371E-01
5.21000000000E+09 +2.076671129E-01 +6.666614641E-01 -2.250583325E-01 -8.242063810E-02 +1.047729624E-01 +1.885632512E-01
5.22000000000E+09 +5.276407379E-01 +4.514399716E-01 -2.284851504E-01 -2.217184812E-02 +1.362849034E-01 +1.810251602E-01
5.23000000000E+09 +6.878860619E-01 +1.022541835E-01 -1.953039080E-01 +3.081717464E-02 +1.575995447E-01 +1.562817516E-01
5.24000000000E+09 +6.411161282E-01 -2.830537222E-01 -1.345543906E-01 +5.883364667E-02 +1.606369547E-01 +1.223978476E-01
5.25000000000E+09 +3.913139644E-01 -5.906630183E-01 -6.346664144E-02 +5.087361660E-02 +1.431168257E-01 +9.181984197E-02
5.26000000000E+09 +5.904792437E-03 -7.158736132E-01 -3.246435483E-03 +6.537599582E-03 +1.110360222E-01 +7.631777522E-02
5.27000000000E+09 -3.905270386E-01 -6.046363113E-01 +2.729978519E-02 -6.232098303E-02 +7.619936270E-02 +8.287854537E-02
5.28000000000E+09 -6.574913552E-01 -2.894449444E-01 +1.913389375E-02 -1.347168005E-01 +5.249208861E-02 +1.096143443E-01
5.29000000000E+09 -7.023148820E-01 +1.167279989E-01 -2.313194976E-02 -1.882058109E-01 +4.935644985E-02 +1.459002916E-01
5.30000000000E+09 -5.202945507E-01 +4.727874523E-01 -8.309798141E-02 -2.074109953E-01 +6.791055490E-02 +1.776537440E-01
5.31000000000E+09 -1.837934061E-01 +6.700345348E-01 -1.396514067E-01 -1.892573977E-01 +1.008512495E-01 +1.931220004E-01
5.32000000000E+09 +1.988090920E-01 +6.609855183E-01 -1.744755535E-01 -1.415311086E-01 +1.365025867E-01 +1.865423651E-01
5.33000000000E+09 +5.190039600E-01 +4.556124082E-01 -1.761644013E-01 -7.986024283E-02 +1.622714443E-01 +1.598525113E-01
5.34000000000E+09 +6.870131521E-01 +1.103868537E-01 -1.426998135E-01 -2.318368827E-02 +1.692721402E-01 +1.226136011E-01
5.35000000000E+09 +6.462131897E-01 -2.794445480E-01 -8.199235444E-02 +1.081276529E-02 +1.540685759E-01 +8.718364522E-02
5.36000000000E+09 +3.954136461E-01 -5.927485702E-01 -1.041694483E-02 +1.081795432E-02 +1.221969638E-01 +6.631943750E-02
5.37000000000E+09 +6.183384394E-03 -7.178985194E-01 +5.109071193E-02 -2.376514084E-02 +8.510136383E-02 +6.753870806E-02
5.38000000000E+09 -3.896491375E-01 -6.036482514E-01 +8.438275301E-02 -8.135932253E-02 +5.647853057E-02 +8.974374515E-02
5.39000000000E+09 -6.527609786E-01 -2.898916051E-01 +8.150076993E-02 -1.418155490E-01 +4.602840588E-02 +1.237685474E-01
5.40000000000E+09 -6.989885549E-01 +1.100928467E-01 +4.717717372E-02 -1.845613748E-01 +5.655992797E-02 +1.557082746E-01
5.41000000000E+09 -5.254801921E-01 +4.644479333E-01 -3.368341638E-03 -1.960434547E-01 +8.123864327E-02 +1.739188117E-01
5.42000000000E+09 -1.953626584E-01 +6.696514319E-01 -5.106943355E-02 -1.729355204E-01 +1.101718616E-01 +1.727986899E-01
5.43000000000E+09 +1.915603956E-01 +6.710506540E-01 -7.829564681E-02 -1.222972365E-01 +1.316150572E-01 +1.544363288E-01
5.44000000000E+09 +5.239604698E-01 +4.669326310E-01 -7.373409304E-02 -5.924929465E-02 +1.373623208E-01 +1.271289716E-01
5.45000000000E+09 +6.990782149E-01 +1.118027697E-01 -3.549242437E-02 -2.927069833E-03 +1.258418858E-01 +1.025278402E-01
5.46000000000E+09 +6.525943473E-01 -2.881954835E-01 +2.751450194E-02 +2.889794191E-02 +1.019210675E-01 +9.086263682E-02
5.47000000000E+09 +3.905642398E-01 -5.998083983E-01 +9.741870244E-02 +2.579486164E-02 +7.587523115E-02 +9.718016298E-02
5.48000000000E+09 -8.741660045E-04 -7.136560947E-01 +1.530071196E-01 -1.053509784E-02 +5.855950099E-02 +1.190259052E-01
5.49000000000E+09 -3.863235303E-01 -5.939343419E-01 +1.778624114E-01 -6.664770002E-02 +5.725611708E-02 +1.467294483E-01
5.50000000000E+09 -6.401445317E-01 -2.889782395E-01 +1.664432814E-01 -1.225494745E-01 +7.140642255E-02 +1.691452659E-01
5.51000000000E+09 -6.906067889E-01 +9.785785243E-02 +1.245401284E-01 -1.590527741E-01 +9.541938994E-02 +1.772708573E-01
5.52000000000E+09 -5.305388602E-01 +4.495883271E-01 +6.700246794E-02 -1.633917112E-01 +1.192630559E-01 +1.690795037E-01
5.53000000000E+09 -2.091093442E-01 +6.648474104E-01 +1.282858253E-02 -1.324057763E-01 +1.333402794E-01 +1.485727744E-01
5.54000000000E+09 +1.819667812E-01 +6.776638945E-01 -1.968229349E-02 -7.308601069E-02 +1.324073704E-01 +1.236536566E-01
5.55000000000E+09 +5.240863947E-01 +4.751764513E-01 -1.846982277E-02 -1.424487442E-03 +1.172682661E-01 +1.054047021E-01
5.56000000000E+09 +7.021267219E-01 +1.135563427E-01 +1.803245037E-02 +6.184141236E-02 +9.401095320E-02 +1.015959198E-01
5.57000000000E+09 +6.500062294E-01 -2.887446167E-01 +7.947319218E-02 +9.782102209E-02 +7.320739923E-02 +1.139432825E-01
5.58000000000E+09 +3.847794358E-01 -5.936849149E-01 +1.463099494E-01 +9.674410230E-02 +6.335585650E-02 +1.370227408E-01
5.59000000000E+09 +7.861422309E-04 -7.019163896E-01 +1.970629973E-01 +6.190632193E-02 +6.840302932E-02 +1.606441855E-01
5.60000000000E+09 -3.743173806E-01 -5.872474861E-01 +2.161789072E-01 +7.241395328E-03 +8.620143066E-02 +1.753555502E-01
5.61000000000E+09 -6.273359876E-01 -2.943801378E-01 +1.983115161E-01 -4.735073895E-02 +1.090356737E-01 +1.752978956E-01
5.62000000000E+09 -6.875139835E-01 +8.632976675E-02 +1.490693673E-01 -8.279134530E-02 +1.273837898E-01 +1.614428133E-01
5.63000000000E+09 -5.363998588E-01 +4.436298943E-01 +8.291404514E-02 -8.540755940E-02 +1.335560461E-01 +1.397723319E-01
5.64000000000E+09 -2.132954473E-01 +6.678003597E-01 +2.002174031E-02 -5.098432667E-02 +1.251189349E-01 +1.194930467E-01
5.65000000000E+09 +1.855621952E-01 +6.806020568E-01 -1.980810755E-02 +1.315090201E-02 +1.061774510E-01 +1.100203618E-01
5.66000000000E+09 +5.285794226E-01 +4.695713620E-01 -2.355602725E-02 +8.935021425E-02 +8.508914767E-02 +1.164558837E-01
5.67000000000E+09 +6.967766191E-01 +1.037168434E-01 +9.699320281E-03 +1.552435254E-01 +7.160484559E-02 +1.361037479E-01
5.68000000000E+09 +6.359956426E-01 -2.896715802E-01 +6.801947685E-02 +1.917857557E-01 +7.242267798E-02 +1.603131745E-01
5.69000000000E+09 +3.758637652E-01 -5.815190715E-01 +1.312964042E-01 +1.902818765E-01 +8.805798844E-02 +1.786461326E-01
5.70000000000E+09 +6.598060817E-03 -6.876872806E-01 +1.786652627E-01 +1.543495062E-01 +1.126945689E-01 +1.831026957E-01
5.71000000000E+09 -3.596194282E-01 -5.844422389E-01 +1.948523023E-01 +9.746639228E-02 +1.359200887E-01 +1.710386425E-01
5.72000000000E+09 -6.180831428E-01 -3.041076114E-01 +1.737228742E-01 +3.875556670E-02 +1.482230430E-01 +1.467655837E-01
5.73000000000E+09 -6.903284167E-01 +7.565231490E-02 +1.195740709E-01 -1.919693170E-03 +1.437069733E-01 +1.193341635E-01
5.74000000000E+09 -5.443309626E-01 +4.415032590E-01 +4.706829510E-02 -9.359419389E-03 +1.230671119E-01 +1.001813708E-01
5.75000000000E+09 -2.165136170E-01 +6.709659574E-01 -2.256799032E-02 +2.149701013E-02 +9.399098280E-02 +9.858422481E-02
5.76000000000E+09 +1.863247021E-01 +6.794582270E-01 -6.799546236E-02 +8.277979581E-02 +6.827714232E-02 +1.163534511E-01
5.77000000000E+09 +5.232343425E-01 +4.638282486E-01 -7.604315309E-02 +1.555251909E-01 +5.700433203E-02 +1.472982334E-01
5.78000000000E+09 +6.829208836E-01 +1.051942564E-01 -4.676308345E-02 +2.169639790E-01 +6.584156174E-02 +1.788645751E-01
5.79000000000E+09 +6.254768733E-01 -2.734309704E-01 +7.558403909E-03 +2.487709323E-01 +9.200589965E-02 +1.988450251E-01
5.80000000000E+09 +3.821413210E-01 -5.591942590E-01 +6.743358530E-02 +2.428235035E-01 +1.257901242E-01 +1.994485460E-01
5.81000000000E+09 +2.882874594E-02 -6.760625394E-01 +1.127060075E-01 +2.020329558E-01 +1.548237446E-01 +1.802289378E-01
5.82000000000E+09 -3.363873423E-01 -5.922083060E-01 +1.277316565E-01 +1.386458996E-01 +1.674535312E-01 +1.477063746E-01
5.83000000000E+09 -6.084129281E-01 -3.234576004E-01 +1.046039900E-01 +7.168248461E-02 +1.587866473E-01 +1.137753445E-01
5.84000000000E+09 -6.949798590E-01 +5.893623940E-02 +4.678415546E-02 +2.245291531E-02 +1.309469357E-01 +9.197052241E-02
5.85000000000E+09 -5.529725629E-01 +4.330833730E-01 -3.084421172E-02 +7.861459162E-03 +9.377597280E-02 +9.206934493E-02
5.86000000000E+09 -2.231675493E-01 +6.646830235E-01 -1.050358418E-01 +3.373512054E-02 +6.253469189E-02 +1.153140706E-01
5.87000000000E+09 +1.757683850E-01 +6.715718488E-01 -1.531981904E-01 +9.132820558E-02 +5.049383045E-02 +1.531370121E-01
5.88000000000E+09 +5.038957478E-01 +4.623089072E-01 -1.623157033E-01 +1.605904458E-01 +6.287512713E-02 +1.904877818E-01
5.89000000000E+09 +6.629179073E-01 +1.198840648E-01 -1.327952031E-01 +2.188188151E-01 +9.487360487E-02 +2.136453226E-01
5.90000000000E+09 +6.201967688E-01 -2.459143370E-01 -7.667311069E-02 +2.480154185E-01 +1.354396974E-01 +2.144865978E-01
5.91000000000E+09 +3.976808318E-01 -5.347178575E-01 -1.244306378E-02 +2.390479149E-01 +1.695065143E-01 +1.932782111E-01
5.92000000000E+09 +5.553122003E-02 -6.692321522E-01 +3.951732472E-02 +1.931706686E-01 +1.857818744E-01 +1.568108724E-01
5.93000000000E+09 -3.147699939E-01 -6.037245209E-01 +6.159067296E-02 +1.214503674E-01 +1.780670040E-01 +1.181535066E-01
5.94000000000E+09 -6.003139497E-01 -3.417477806E-01 +4.363434470E-02 +4.357345702E-02 +1.487712625E-01 +9.221460718E-02
5.95000000000E+09 -6.957281611E-01 +4.389801693E-02 -1.216377224E-02 -1.705262433E-02 +1.085882207E-01 +8.915986860E-02
5.96000000000E+09 -5.560985282E-01 +4.203765628E-01 -9.000818393E-02 -4.131350753E-02 +7.362051589E-02 +1.107507793E-01
5.97000000000E+09 -2.314093688E-01 +6.507135601E-01 -1.651955279E-01 -2.269808866E-02 +5.880326028E-02 +1.485558717E-01
5.98000000000E+09 +1.566358219E-01 +6.619182483E-01 -2.145570202E-01 +2.984153986E-02 +6.946148046E-02 +1.872266246E-01
5.99000000000E+09 +4.790637453E-01 +4.678338875E-01 -2.245072400E-01 +9.658685514E-02 +1.010261903E-01 +2.126450799E-01
6.00000000000E+09 +6.467327853E-01 +1.421006533E-01 -1.944684356E-01 +1.549541602E-01 +1.412501712E-01 +2.155468763E-01
6.01000000000E+09 +6.232245485E-01 -2.188918942E-01 -1.348321148E-01 +1.862003403E-01 +1.761641515E-01 +1.961150885E-01
6.02000000000E+09 +4.167644303E-01 -5.182922976E-01 -6.336862021E-02 +1.792603143E-01 +1.936999015E-01 +1.612274515E-01
6.03000000000E+09 +7.705642295E-02 -6.694599664E-01 -1.554005724E-03 +1.330010109E-01 +1.877535300E-01 +1.236894223E-01
6.04000000000E+09 -3.019715421E-01 -6.135948624E-01 +3.050863963E-02 +5.797644049E-02 +1.606022203E-01 +9.687924562E-02
6.05000000000E+09 -5.949923318E-01 -3.510655856E-01 +2.065882839E-02 -2.509507363E-02 +1.221275947E-01 +9.151669450E-02
6.06000000000E+09 -6.907980335E-01 +3.543793842E-02 -2.940588412E-02 -9.076724834E-02 +8.775339468E-02 +1.095168064E-01
6.07000000000E+09 -5.529244508E-01 +4.064445607E-01 -1.028885867E-01 -1.188647797E-01 +7.184857656E-02 +1.437533259E-01
6.08000000000E+09 -2.392499686E-01 +6.329968569E-01 -1.749704526E-01 -1.027845493E-01 +7.967033340E-02 +1.808430796E-01
6.09000000000E+09 +1.360074446E-01 +6.522626084E-01 -2.222260970E-01 -5.102061888E-02 +1.074727366E-01 +2.065219252E-01
6.10000000000E+09 +4.562572780E-01 +4.752809418E-01 -2.304300719E-01 +1.764596390E-02 +1.439914265E-01 +2.122368600E-01
6.11000000000E+09 +6.362186982E-01 +1.626874196E-01 -1.972418123E-01 +8.088144484E-02 +1.767694736E-01 +1.976282788E-01
6.12000000000E+09 +6.293620240E-01 -1.987935407E-01 -1.313231270E-01 +1.185175332E-01 +1.949786764E-01 +1.686891189E-01
6.13000000000E+09 +4.314651503E-01 -5.091475555E-01 -5.040544880E-02 +1.170478403E-01 +1.928647018E-01 +1.358964736E-01
6.14000000000E+09 +8.941020974E-02 -6.700572541E-01 +2.229202049E-02 +7.371871872E-02 +1.724668138E-01 +1.111823402E-01
6.15000000000E+09 -2.940119237E-01 -6.163880085E-01 +6.444849869E-02 -1.202063817E-03 +1.415764888E-01 +1.030756944E-01
6.16000000000E+09 -5.862159131E-01 -3.547693069E-01 +6.259613231E-02 -8.549690994E-02 +1.132030740E-01 +1.144934836E-01
6.17000000000E+09 -6.814620667E-01 +2.469628473E-02 +1.855184975E-02 -1.527064685E-01 +9.864768569E-02 +1.399169955E-01
6.18000000000E+09 -5.522214761E-01 +3.874675584E-01 -5.124220455E-02 -1.822636996E-01 +1.024341838E-01 +1.685385417E-01
6.19000000000E+09 -2.533912044E-01 +6.163692185E-01 -1.220303552E-01 -1.668124202E-01 +1.217823848E-01 +1.895580773E-01
6.20000000000E+09 +1.132678778E-01 +6.507605706E-01 -1.703769202E-01 -1.133410589E-01 +1.484567891E-01 +1.958622090E-01
6.21000000000E+09 +4.397029769E-01 +4.903836813E-01 -1.803278677E-01 -3.929715369E-02 +1.725675071E-01 +1.867884691E-01
6.22000000000E+09 +6.345834724E-01 +1.831777357E-01 -1.471180413E-01 +3.266847651E-02 +1.860454863E-01 +1.669180069E-01
6.23000000000E+09 +6.389429290E-01 -1.853412107E-01 -7.800388086E-02 +8.014710107E-02 +1.853356439E-01 +1.445978564E-01
6.24000000000E+09 +4.420512768E-01 -5.048705955E-01 +8.644982991E-03 +8.720066069E-02 +1.719189638E-01 +1.280247346E-01
6.25000000000E+09 +9.764571625E-02 -6.684535356E-01 +8.781269484E-02 +4.983945126E-02 +1.525834211E-01 +1.229624201E-01
6.26000000000E+09 -2.828881156E-01 -6.149336653E-01 +1.356867589E-01 -2.101091970E-02 +1.354791944E-01 +1.305581649E-01
6.27000000000E+09 -5.698281952E-01 -3.604927924E-01 +1.383689082E-01 -1.027139219E-01 +1.278625338E-01 +1.469641682E-01
6.28000000000E+09 -6.691467938E-01 +5.609911673E-03 +9.717576217E-02 -1.686688149E-01 +1.318988383E-01 +1.643558586E-01
6.29000000000E+09 -5.569354011E-01 +3.619834943E-01 +2.765546227E-02 -1.979546408E-01 +1.445470170E-01 +1.758758330E-01
6.30000000000E+09 -2.758603899E-01 +6.006460566E-01 -4.662444840E-02 -1.815292796E-01 +1.602916314E-01 +1.779964743E-01
6.31000000000E+09 +8.659389256E-02 +6.544699550E-01 -1.011470447E-01 -1.239053052E-01 +1.728778916E-01 +1.714419763E-01
6.32000000000E+09 +4.236315146E-01 +5.082390772E-01 -1.172805477E-01 -4.138934338E-02 +1.778740717E-01 +1.600100903E-01
6.33000000000E+09 +6.328504675E-01 +2.019166656E-01 -8.754509482E-02 +4.184988937E-02 +1.748804927E-01 +1.495490557E-01
6.34000000000E+09 +6.442647043E-01 -1.725181646E-01 -1.814213723E-02 +1.006273342E-01 +1.667089880E-01 +1.443526412E-01
6.35000000000E+09 +4.489793844E-01 -4.945542189E-01 +7.137428926E-02 +1.167530907E-01 +1.587920921E-01 +1.466797257E-01
6.36000000000E+09 +1.096874763E-01 -6.574011103E-01 +1.543247750E-01 +8.552550115E-02 +1.554004100E-01 +1.546249784E-01
6.37000000000E+09 -2.611789735E-01 -6.095690058E-01 +2.058697522E-01 +1.787879993E-02 +1.590568883E-01 +1.637850498E-01
6.38000000000E+09 -5.450461441E-01 -3.716151352E-01 +2.113354229E-01 -6.366536117E-02 +1.683098391E-01 +1.694802239E-01
6.39000000000E+09 -6.573480834E-01 -2.191935442E-02 +1.704537737E-01 -1.326485036E-01 +1.787356342E-01 +1.690111506E-01
6.40000000000E+09 -5.674898382E-01 +3.325577725E-01 +9.651496291E-02 -1.667384417E-01 +1.863102202E-01 +1.618179523E-01
6.41000000000E+09 -3.023500780E-01 +5.858623185E-01 +1.268349536E-02 -1.536497447E-01 +1.873226735E-01 +1.516881230E-01
6.42000000000E+09 +6.058084106E-02 +6.591518231E-01 -5.466391007E-02 -9.519044987E-02 +1.814674547E-01 +1.436365505E-01
6.43000000000E+09 +4.088777360E-01 +5.232502957E-01 -8.338125939E-02 -6.771296907E-03 +1.721452960E-01 +1.414049528E-01
6.44000000000E+09 +6.276960506E-01 +2.177585954E-01 -6.296731188E-02 +8.566943543E-02 +1.636166809E-01 +1.470179199E-01
6.45000000000E+09 +6.432202214E-01 -1.564137992E-01 +9.284597125E-04 +1.544433352E-01 +1.615619931E-01 +1.585500957E-01
6.46000000000E+09 +4.540935107E-01 -4.752119683E-01 +8.851358722E-02 +1.793763969E-01 +1.680017765E-01 +1.705943993E-01
6.47000000000E+09 +1.272456724E-01 -6.393573333E-01 +1.724147322E-01 +1.549209708E-01 +1.815621294E-01 +1.778023729E-01
6.48000000000E+09 -2.321839072E-01 -6.053248158E-01 +2.272525955E-01 +9.075902005E-02 +1.973301419E-01 +1.766117950E-01
6.49000000000E+09 -5.180716500E-01 -3.890974158E-01 +2.368561972E-01 +7.921778708E-03 +2.097146467E-01 +1.660293194E-01
6.50000000000E+09 -6.480353586E-01 -5.421959281E-02 +1.978770365E-01 -6.757344703E-02 +2.136008272E-01 +1.497367240E-01
6.51000000000E+09 -5.803341746E-01 +3.031795164E-01 +1.209424907E-01 -1.112851686E-01 +2.072830063E-01 +1.334221736E-01
6.52000000000E+09 -3.267809593E-01 +5.727016909E-01 +2.831562406E-02 -1.072949727E-01 +1.926686508E-01 +1.240829935E-01
6.53000000000E+09 +3.803806672E-02 +6.613845050E-01 -5.161791023E-02 -5.391579344E-02 +1.754586570E-01 +1.262402690E-01
6.54000000000E+09 +3.927938978E-01 +5.331393958E-01 -9.326711537E-02 +3.415230377E-02 +1.632081819E-01 +1.394454369E-01
6.55000000000E+09 +6.155524300E-01 +2.319526099E-01 -8.362014498E-02 +1.299019403E-01 +1.616787895E-01 +1.592438852E-01
6.56000000000E+09 +6.358467520E-01 -1.359747460E-01 -2.707999360E-02 +2.039272662E-01 +1.729475048E-01 +1.777478897E-01
6.57000000000E+09 +4.588237183E-01 -4.501454618E-01 +5.696342107E-02 +2.349397101E-01 +1.932082961E-01 +1.875321310E-01
6.58000000000E+09 +1.487310673E-01 -6.202221606E-01 +1.416080454E-01 +2.155892007E-01 +2.156351555E-01 +1.848205711E-01
6.59000000000E+09 -2.008226180E-01 -6.045726479E-01 +2.009931854E-01 +1.532987959E-01 +2.324931580E-01 +1.693466006E-01
6.60000000000E+09 -4.926241694E-01 -4.089250950E-01 +2.167530131E-01 +6.696494631E-02 +2.382846643E-01 +1.461259205E-01
6.61000000000E+09 -6.410279176E-01 -8.389879531E-02 +1.820389017E-01 -1.750861895E-02 +2.306192620E-01 +1.234382183E-01
6.62000000000E+09 -5.915359208E-01 +2.787655034E-01 +1.045693947E-01 -7.325035006E-02 +2.111574818E-01 +1.096095959E-01
6.63000000000E+09 -3.466856675E-01 +5.613822931E-01 +5.958345497E-03 -8.057310246E-02 +1.875161651E-01 +1.104559194E-01
6.64000000000E+09 +1.780414416E-02 +6.605937087E-01 -8.325253412E-02 -3.476952626E-02 +1.691427370E-01 +1.260802322E-01
6.65000000000E+09 +3.737282683E-01 +5.392543072E-01 -1.346233413E-01 +5.016202822E-02 +1.640569931E-01 +1.513083069E-01
6.66000000000E+09 +5.983802332E-01 +2.464214073E-01 -1.330986650E-01 +1.466769053E-01 +1.746110396E-01 +1.765749772E-01
6.67000000000E+09 +6.275648011E-01 -1.113914973E-01 -8.143515419E-02 +2.243695472E-01 +1.974734723E-01 +1.923832827E-01
6.68000000000E+09 +4.678186165E-01 -4.218581470E-01 +1.967261631E-03 +2.605087490E-01 +2.248673503E-01 +1.927536132E-01
6.69000000000E+09 +1.757606401E-01 -6.015940509E-01 +9.121975437E-02 +2.456985621E-01 +2.483758132E-01 +1.777413354E-01
6.70000000000E+09 -1.668244529E-01 -6.060566740E-01 +1.597915982E-01 +1.842231870E-01 +2.609874135E-01 +1.521852661E-01
6.71000000000E+09 -4.670906353E-01 -4.302768094E-01 +1.864535765E-01 +9.271002401E-02 +2.581786491E-01 +1.245215636E-01
6.72000000000E+09 -6.339027717E-01 -1.144898368E-01 +1.606695639E-01 -2.911426814E-03 +2.409200437E-01 +1.033020358E-01
6.73000000000E+09 -6.022358754E-01 +2.511068118E-01 +8.692531648E-02 -7.335806303E-02 +2.157369816E-01 +9.617147637E-02
6.74000000000E+09 -3.685978180E-01 +5.434748395E-01 -1.387240079E-02 -9.533237078E-02 +1.922800678E-01 +1.059034771E-01
6.75000000000E+09 -9.411980876E-03 +6.547413370E-01 -1.100807326E-01 -6.100314624E-02 +1.794006474E-01 +1.288288999E-01
6.76000000000E+09 +3.464249098E-01 +5.473953370E-01 -1.709521432E-01 +1.759084796E-02 +1.822597403E-01 +1.555421464E-01
6.77000000000E+09 +5.785485575E-01 +2.693983320E-01 -1.787110579E-01 +1.135777664E-01 +1.992285175E-01 +1.763111522E-01
6.78000000000E+09 +6.241975696E-01 -7.918733680E-02 -1.336385248E-01 +1.960044889E-01 +2.246349772E-01 +1.832838832E-01
6.79000000000E+09 +4.841447173E-01 -3.926288323E-01 -5.135945851E-02 +2.402372359E-01 +2.500497679E-01 +1.749046722E-01
6.80000000000E+09 +2.055922679E-01 -5.873681615E-01 +4.315782117E-02 +2.335064105E-01 +2.672660018E-01 +1.545320342E-01
6.81000000000E+09 -1.355895904E-01 -6.113139406E-01 +1.223105887E-01 +1.764540108E-01 +2.712407679E-01 +1.288784316E-01
6.82000000000E+09 -4.451791893E-01 -4.508800406E-01 +1.619189066E-01 +8.384949965E-02 +2.611151556E-01 +1.059740343E-01
6.83000000000E+09 -6.261695977E-01 -1.423715387E-01 +1.479404010E-01 -1.860123979E-02 +2.411193725E-01 +9.336982148E-02
6.84000000000E+09 -6.081612066E-01 +2.232545959E-01 +8.198171686E-02 -9.984865557E-02 +2.187700216E-01 +9.540720573E-02
6.85000000000E+09 -3.876091486E-01 +5.206032521E-01 -1.640400108E-02 -1.337591199E-01 +2.022121791E-01 +1.109465868E-01
6.86000000000E+09 -3.994429954E-02 +6.440871045E-01 -1.155406652E-01 -1.096872288E-01 +1.979603566E-01 +1.336500015E-01
6.87000000000E+09 +3.119394649E-01 +5.564575430E-01 -1.835558442E-01 -3.700907527E-02 +2.074931848E-01 +1.541660136E-01
6.88000000000E+09 +5.539579076E-01 +2.987701002E-01 -2.000862773E-01 +5.929830598E-02 +2.267493339E-01 +1.652988501E-01
6.89000000000E+09 +6.211322154E-01 -3.959614747E-02 -1.616257562E-01 +1.486717106E-01 +2.493133981E-01 +1.640897790E-01
6.90000000000E+09 +5.044859875E-01 -3.586500508E-01 -8.046518722E-02 +2.042843482E-01 +2.678269223E-01 +1.512760223E-01
6.91000000000E+09 +2.407747138E-01 -5.713383054E-01 +2.000723198E-02 +2.094360463E-01 +2.766842031E-01 +1.315151545E-01
6.92000000000E+09 -9.859608927E-02 -6.167732150E-01 +1.110232411E-01 +1.611132470E-01 +2.743011184E-01 +1.110983542E-01
6.93000000000E+09 -4.169913665E-01 -4.737447622E-01 +1.655956917E-01 +7.125415870E-02 +2.621929732E-01 +9.652975334E-02
6.94000000000E+09 -6.122465817E-01 -1.756719274E-01 +1.657423885E-01 -3.479766189E-02 +2.455094562E-01 +9.219861685E-02
6.95000000000E+09 -6.124176250E-01 +1.859579889E-01 +1.100869512E-01 -1.246776826E-01 +2.304674076E-01 +9.883810367E-02
6.96000000000E+09 -4.121870601E-01 +4.887878681E-01 +1.603776627E-02 -1.698001117E-01 +2.229478263E-01 +1.127979710E-01
6.97000000000E+09 -8.074980403E-02 +6.301127476E-01 -8.579633596E-02 -1.562803461E-01 +2.254286659E-01 +1.282016670E-01
6.98000000000E+09 +2.687196421E-01 +5.688924807E-01 -1.626649010E-01 -8.973336848E-02 +2.367146147E-01 +1.393815059E-01
6.99000000000E+09 +5.261685910E-01 +3.342036582E-01 -1.907969948E-01 +7.894257419E-03 +2.521215802E-01 +1.426458763E-01
7.00000000000E+09 +6.193610488E-01 +3.712281025E-03 -1.619739845E-01 +1.063893679E-01 +2.667542604E-01 +1.373270821E-01

[Channel0\Trace0\Marker0]
Enabled=1
Position=0.2

[Channel0\Trace1]
ReferencePosition[0]=1

[Channel0\Trace1\Marker0]
Enabled=1
Position=0.2

[Channel0\Trace2]
SPort=0
FormatType=2

[Channel0\Trace2\Marker0]
Enabled=1
Position=0.2

[Channel0\Trace3]
SPort=0
FormatType=2

[Channel0\Trace3\Marker0]
Enabled=1
Position=0.2

