[NWA State]
TriggerSource=3

[Channel0]
Points=501
FrequencyStart=2000000000
FrequencyStop=7000000000
FixedPower[0]=1
FixedPower[1]=1
IFBW=1000
CorrectionEnabled=1
TraceCount=4

[Channel0\Correction\22]
Calyyyymmdd=2022/01/18
Calhhmmss=14:17:01
VNATemperature=27.4 °C
Type=3
KitLabel=ACM2509.2
KitDescription=AutoCal Module 20 kHz-9 GHz (CMT), SN: 19039185, Char: Factory, 22.9°C, ThermoComp: ON
CalIFBW=1 kHz
CalPower=1 dBm
CalPorts[0]=1
CalPorts[1]=0

[Channel0\Correction\22\Data]
2.00000000000E+09 -1.293759549E-01 +7.520722527E-01 -6.980487757E-02 +2.344043033E-01 -2.823430809E-01 +2.637451486E-02
2.01000000000E+09 +2.878009006E-01 +7.061839005E-01 +5.056107995E-02 +2.252595704E-01 -2.819965504E-01 +5.176515990E-02
2.02000000000E+09 +6.230423979E-01 +4.484667598E-01 +1.502213329E-01 +1.538126731E-01 -2.684643727E-01 +7.230159693E-02
2.03000000000E+09 +7.752964724E-01 +4.459217668E-02 +1.992114580E-01 +3.869663863E-02 -2.465770417E-01 +8.085497141E-02
2.04000000000E+09 +6.832335721E-01 -3.883977804E-01 +1.803178717E-01 -8.708261135E-02 -2.250812595E-01 +7.514702557E-02
2.05000000000E+09 +3.604719615E-01 -7.046903650E-01 +9.666939981E-02 -1.845776685E-01 -2.127145881E-01 +5.791340353E-02
2.06000000000E+09 -8.754035274E-02 -7.860634155E-01 -2.613439764E-02 -2.215560160E-01 -2.152184105E-01 +3.746464794E-02
2.07000000000E+09 -5.004751384E-01 -6.034539064E-01 -1.480408125E-01 -1.862447292E-01 -2.310603188E-01 +2.334589150E-02
2.08000000000E+09 -7.382805333E-01 -2.312089408E-01 -2.298675644E-01 -9.187437262E-02 -2.536277150E-01 +2.232471411E-02
2.09000000000E+09 -7.375242899E-01 +1.987955588E-01 -2.475628452E-01 +3.028852859E-02 -2.737626504E-01 +3.517426278E-02
2.10000000000E+09 -5.149870599E-01 +5.559630293E-01 -1.975204966E-01 +1.426979428E-01 -2.838594828E-01 +5.712599510E-02
2.11000000000E+09 -1.423222026E-01 +7.440095134E-01 -9.501314338E-02 +2.125882911E-01 -2.804389273E-01 +8.061355006E-02
2.12000000000E+09 +2.773728377E-01 +7.106348654E-01 +3.100478211E-02 +2.189392355E-01 -2.651435071E-01 +9.769714005E-02
2.13000000000E+09 +6.231692281E-01 +4.552533751E-01 +1.441645872E-01 +1.574879049E-01 -2.439761273E-01 +1.025876991E-01
2.14000000000E+09 +7.793004361E-01 +4.338570998E-02 +2.092730678E-01 +4.377192942E-02 -2.255857051E-01 +9.429731845E-02
2.15000000000E+09 +6.791791716E-01 -3.938722723E-01 +2.038774561E-01 -8.828426128E-02 -2.179040808E-01 +7.708117708E-02
2.16000000000E+09 +3.493962600E-01 -7.011622436E-01 +1.284875811E-01 -1.963067888E-01 -2.240888718E-01 +5.969700637E-02
2.17000000000E+09 -9.105718928E-02 -7.708241510E-01 +8.186557012E-03 -2.456010939E-01 -2.412216485E-01 +5.056051410E-02
2.18000000000E+09 -4.881323347E-01 -5.909483963E-01 -1.174499699E-01 -2.221937404E-01 -2.615964952E-01 +5.454432926E-02
2.19000000000E+09 -7.207109698E-01 -2.351805818E-01 -2.094440162E-01 -1.358670777E-01 -2.764924498E-01 +7.020269613E-02
2.20000000000E+09 -7.317252536E-01 +1.823779387E-01 -2.411164812E-01 -1.418466010E-02 -2.802935010E-01 +9.183703249E-02
2.21000000000E+09 -5.248722485E-01 +5.437590305E-01 -2.035499485E-01 +1.070298773E-01 -2.713277025E-01 +1.115612047E-01
2.22000000000E+09 -1.550287036E-01 +7.464035694E-01 -1.063005446E-01 +1.922219744E-01 -2.532216033E-01 +1.225216273E-01
2.23000000000E+09 +2.755789098E-01 +7.203741017E-01 +2.392117612E-02 +2.142281261E-01 -2.332964766E-01 +1.206072925E-01
2.24000000000E+09 +6.302174092E-01 +4.572557546E-01 +1.482274791E-01 +1.632301403E-01 -2.200242768E-01 +1.073774927E-01
2.25000000000E+09 +7.798660062E-01 +3.527467120E-02 +2.264796809E-01 +5.299604078E-02 -2.195950552E-01 +8.920714392E-02
2.26000000000E+09 +6.669520329E-01 -3.972416180E-01 +2.329398815E-01 -8.128678769E-02 -2.321770685E-01 +7.523149624E-02
2.27000000000E+09 +3.381853490E-01 -6.887214192E-01 +1.667120094E-01 -1.958609562E-01 -2.522915646E-01 +7.270122721E-02
2.28000000000E+09 -8.499076246E-02 -7.523389615E-01 +5.117521929E-02 -2.554255337E-01 -2.711412487E-01 +8.348854945E-02
2.29000000000E+09 -4.678729384E-01 -5.858078001E-01 -7.677797837E-02 -2.438402282E-01 -2.807119290E-01 +1.037412586E-01
2.30000000000E+09 -7.051327341E-01 -2.488304347E-01 -1.791701329E-01 -1.660596685E-01 -2.773227745E-01 +1.261985005E-01
2.31000000000E+09 -7.337805928E-01 +1.639320718E-01 -2.260355474E-01 -4.431214365E-02 -2.622129734E-01 +1.427032679E-01
2.32000000000E+09 -5.379136287E-01 +5.373473820E-01 -2.015001986E-01 +8.703175578E-02 -2.411150486E-01 +1.471830580E-01
2.33000000000E+09 -1.622256080E-01 +7.523235080E-01 -1.093280549E-01 +1.884159623E-01 -2.230298987E-01 +1.381623981E-01
2.34000000000E+09 +2.796165595E-01 +7.232265094E-01 +2.504802691E-02 +2.262734349E-01 -2.160883799E-01 +1.200621474E-01
2.35000000000E+09 +6.316012664E-01 +4.481828850E-01 +1.596025436E-01 +1.863169529E-01 -2.241176393E-01 +1.019920842E-01
2.36000000000E+09 +7.662217551E-01 +2.696894617E-02 +2.508639030E-01 +8.137063193E-02 -2.440516722E-01 +9.352083348E-02
2.37000000000E+09 +6.480524661E-01 -3.872441410E-01 +2.712595542E-01 -5.334152518E-02 -2.671446204E-01 +1.001438074E-01
2.38000000000E+09 +3.354453143E-01 -6.635550343E-01 +2.179250510E-01 -1.752720570E-01 -2.828408245E-01 +1.203887984E-01
2.39000000000E+09 -6.511284092E-02 -7.340145735E-01 +1.099893277E-01 -2.492815364E-01 -2.845160605E-01 +1.476723114E-01
2.40000000000E+09 -4.440379460E-01 -5.888631256E-01 -2.124831144E-02 -2.554771434E-01 -2.706424651E-01 +1.724920256E-01
2.41000000000E+09 -6.960364561E-01 -2.676740853E-01 -1.367565248E-01 -1.914609066E-01 -2.448249318E-01 +1.858566784E-01
2.42000000000E+09 -7.438163810E-01 +1.500553172E-01 -2.029156769E-01 -7.358919522E-02 -2.160675759E-01 +1.824183094E-01
2.43000000000E+09 -5.501515229E-01 +5.406917266E-01 -1.962552948E-01 +6.497152791E-02 -1.952886185E-01 +1.627906258E-01
2.44000000000E+09 -1.600578779E-01 +7.615948589E-01 -1.147226611E-01 +1.804241746E-01 -1.920091367E-01 +1.345272107E-01
2.45000000000E+09 +2.902304050E-01 +7.196854983E-01 +1.695673162E-02 +2.334742374E-01 -2.084435639E-01 +1.103972483E-01
2.46000000000E+09 +6.303327512E-01 +4.330633270E-01 +1.546346019E-01 +2.068342086E-01 -2.379692805E-01 +1.018407031E-01
2.47000000000E+09 +7.485086983E-01 +2.067003713E-02 +2.536571384E-01 +1.124584637E-01 -2.678557555E-01 +1.135898216E-01
2.48000000000E+09 +6.317641981E-01 -3.734935576E-01 +2.862388405E-01 -1.650555700E-02 -2.858705821E-01 +1.417045841E-01
2.49000000000E+09 +3.380733396E-01 -6.416706664E-01 +2.469278056E-01 -1.408678278E-01 -2.851539305E-01 +1.762607556E-01
2.50000000000E+09 -4.642395826E-02 -7.244351272E-01 +1.489519346E-01 -2.262419401E-01 -2.653087507E-01 +2.057240305E-01
2.51000000000E+09 -4.259458543E-01 -6.000769118E-01 +1.919826863E-02 -2.485088766E-01 -2.323225620E-01 +2.200350959E-01
2.52000000000E+09 -6.957671558E-01 -2.853097507E-01 -1.063152279E-01 -1.983334782E-01 -1.968398685E-01 +2.133987042E-01
2.53000000000E+09 -7.545551751E-01 +1.445453516E-01 -1.883406342E-01 -8.572078905E-02 -1.724517268E-01 +1.874046881E-01
2.54000000000E+09 -5.529060783E-01 +5.469949058E-01 -1.965932551E-01 +5.661316514E-02 -1.695760301E-01 +1.516238328E-01
2.55000000000E+09 -1.506791306E-01 +7.613935910E-01 -1.250818232E-01 +1.811911629E-01 -1.907296166E-01 +1.215715957E-01
2.56000000000E+09 +2.936760032E-01 +7.047832338E-01 +1.587490332E-03 +2.454423374E-01 -2.269018301E-01 +1.112015713E-01
2.57000000000E+09 +6.151021665E-01 +4.194741264E-01 +1.393781910E-01 +2.308951178E-01 -2.626398854E-01 +1.252281580E-01
2.58000000000E+09 +7.257669390E-01 +2.614518114E-02 +2.449959236E-01 +1.474722527E-01 -2.840919289E-01 +1.580248583E-01
2.59000000000E+09 +6.221273161E-01 -3.518951562E-01 +2.902896201E-01 +2.373390402E-02 -2.837855193E-01 +1.979291846E-01
2.60000000000E+09 +3.484614603E-01 -6.228036546E-01 +2.652866389E-01 -1.047727843E-01 -2.619094907E-01 +2.318248768E-01
2.61000000000E+09 -2.844515463E-02 -7.224842638E-01 +1.767463071E-01 -2.032558521E-01 -2.253851402E-01 +2.491669972E-01
2.62000000000E+09 -4.181270290E-01 -6.105857813E-01 +4.680472872E-02 -2.424680328E-01 -1.854864627E-01 +2.438912297E-01
2.63000000000E+09 -7.007537366E-01 -2.910875314E-01 -8.820781859E-02 -2.060528619E-01 -1.565894796E-01 +2.168002368E-01
2.64000000000E+09 -7.572261503E-01 +1.512282625E-01 -1.844226220E-01 -9.990273593E-02 -1.504468085E-01 +1.780339246E-01
2.65000000000E+09 -5.425344460E-01 +5.526411395E-01 -2.067474867E-01 +4.299911476E-02 -1.697242249E-01 +1.439479591E-01
2.66000000000E+09 -1.385682173E-01 +7.515829313E-01 -1.470081420E-01 +1.733237371E-01 -2.059456567E-01 +1.297313808E-01
2.67000000000E+09 +2.900357202E-01 +6.871932112E-01 -2.856517354E-02 +2.477789748E-01 -2.434013589E-01 +1.411171519E-01
2.68000000000E+09 +5.976293832E-01 +4.136307092E-01 +1.072319313E-01 +2.469915743E-01 -2.670944721E-01 +1.724329996E-01
2.69000000000E+09 +7.125819151E-01 +3.783262904E-02 +2.195932827E-01 +1.765907362E-01 -2.691549731E-01 +2.117643777E-01
2.70000000000E+09 +6.255150032E-01 -3.354957924E-01 +2.786788925E-01 +5.939614534E-02 -2.496047084E-01 +2.460152599E-01
2.71000000000E+09 +3.631500767E-01 -6.177013009E-01 +2.692681007E-01 -7.240869120E-02 -2.151644654E-01 +2.645016268E-01
2.72000000000E+09 -1.837832023E-02 -7.311245039E-01 +1.916060636E-01 -1.828124761E-01 -1.770618671E-01 +2.614742687E-01
2.73000000000E+09 -4.206867115E-01 -6.201047846E-01 +6.407887350E-02 -2.375891725E-01 -1.484613676E-01 +2.376571283E-01
2.74000000000E+09 -7.064869377E-01 -2.902189609E-01 -7.631785102E-02 -2.149075764E-01 -1.401082218E-01 +2.024851461E-01
2.75000000000E+09 -7.527969759E-01 +1.549095651E-01 -1.828869766E-01 -1.182197379E-01 -1.549952236E-01 +1.705939230E-01
2.76000000000E+09 -5.336923089E-01 +5.437336325E-01 -2.185755757E-01 +2.045443357E-02 -1.860671331E-01 +1.561596932E-01
2.77000000000E+09 -1.436503074E-01 +7.330015936E-01 -1.733947342E-01 +1.534941597E-01 -2.192275768E-01 +1.642543178E-01
2.78000000000E+09 +2.677425870E-01 +6.791769512E-01 -6.626908012E-02 +2.389853805E-01 -2.408149177E-01 +1.905671771E-01
2.79000000000E+09 +5.759905995E-01 +4.275984448E-01 +6.711145490E-02 +2.544359205E-01 -2.436770523E-01 +2.242712651E-01
2.80000000000E+09 +7.097816756E-01 +6.329709110E-02 +1.879863404E-01 +1.986796058E-01 -2.280596515E-01 +2.539038387E-01
2.81000000000E+09 +6.415773560E-01 -3.189877629E-01 +2.632862917E-01 +8.786140771E-02 -1.997578107E-01 +2.699315526E-01
2.82000000000E+09 +3.811987763E-01 -6.196843242E-01 +2.705542624E-01 -4.836054602E-02 -1.687783789E-01 +2.679900447E-01
2.83000000000E+09 -1.344954045E-02 -7.415575940E-01 +2.039262273E-01 -1.710916129E-01 -1.456619512E-01 +2.498868635E-01
2.84000000000E+09 -4.247895207E-01 -6.222966647E-01 +7.960723084E-02 -2.408526063E-01 -1.386878150E-01 +2.236736064E-01
2.85000000000E+09 -7.026357082E-01 -2.844250769E-01 -6.400090614E-02 -2.322554911E-01 -1.493002327E-01 +2.011840316E-01
2.86000000000E+09 -7.384577567E-01 +1.513906610E-01 -1.793047871E-01 -1.472230303E-01 -1.710354513E-01 +1.920417255E-01
2.87000000000E+09 -5.272858479E-01 +5.241095635E-01 -2.290506347E-01 -1.533655712E-02 -1.934118731E-01 +1.996286008E-01
2.88000000000E+09 -1.584632181E-01 +7.144014316E-01 -2.005509881E-01 +1.198329636E-01 -2.061460469E-01 +2.196719876E-01
2.89000000000E+09 +2.430087498E-01 +6.811888243E-01 -1.060868096E-01 +2.175715217E-01 -2.047957234E-01 +2.435466834E-01
2.90000000000E+09 +5.639920834E-01 +4.484308657E-01 +2.487775392E-02 +2.509418178E-01 -1.907011119E-01 +2.623566685E-01
2.91000000000E+09 +7.193612925E-01 +8.257933395E-02 +1.546969432E-01 +2.108223505E-01 -1.692123412E-01 +2.698580948E-01
2.92000000000E+09 +6.595260728E-01 -3.181818951E-01 +2.456304827E-01 +1.073008020E-01 -1.486933235E-01 +2.642816652E-01
2.93000000000E+09 +3.872624010E-01 -6.324026461E-01 +2.686259147E-01 -3.082448235E-02 -1.366123068E-01 +2.494030202E-01
2.94000000000E+09 -2.175283248E-02 -7.474302162E-01 +2.138395078E-01 -1.614518606E-01 -1.369037381E-01 +2.328267873E-01
2.95000000000E+09 -4.289203372E-01 -6.130450576E-01 +9.713631185E-02 -2.423058539E-01 -1.476512654E-01 +2.228479179E-01
2.96000000000E+09 -6.897684322E-01 -2.765937338E-01 -4.357644933E-02 -2.473995769E-01 -1.621579872E-01 +2.240945379E-01
2.97000000000E+09 -7.219674541E-01 +1.398944626E-01 -1.631540807E-01 -1.771675455E-01 -1.721317859E-01 +2.357504316E-01
2.98000000000E+09 -5.296503713E-01 +5.004362014E-01 -2.257845518E-01 -5.587743957E-02 -1.724295377E-01 +2.523115757E-01
2.99000000000E+09 -1.815363905E-01 +7.027382187E-01 -2.147335791E-01 +7.896904736E-02 -1.624464695E-01 +2.662785489E-01
3.00000000000E+09 +2.626359912E-01 +6.788465071E-01 -1.224847026E-01 +1.956510138E-01 -1.460184497E-01 +2.718239766E-01
3.01000000000E+09 +5.930687598E-01 +4.326131476E-01 +8.896924209E-03 +2.382343892E-01 -1.297966411E-01 +2.667549387E-01
3.02000000000E+09 +7.407656703E-01 +3.934405695E-02 +1.445280104E-01 +2.033104271E-01 -1.207048297E-01 +2.534465481E-01
3.03000000000E+09 +6.456912742E-01 -3.753353765E-01 +2.407934122E-01 +1.001804314E-01 -1.228187229E-01 +2.387853343E-01
3.04000000000E+09 +3.347156274E-01 -6.673113864E-01 +2.666601816E-01 -3.856950542E-02 -1.348986730E-01 +2.309480150E-01
3.05000000000E+09 -8.003778066E-02 -7.361740360E-01 +2.151290150E-01 -1.681061027E-01 -1.505013349E-01 +2.350740930E-01
3.06000000000E+09 -4.549271654E-01 -5.722843399E-01 +1.052010496E-01 -2.491846185E-01 -1.607809107E-01 +2.504560479E-01
3.07000000000E+09 -6.793817208E-01 -2.451793615E-01 -2.780599211E-02 -2.607669773E-01 -1.596072088E-01 +2.713737930E-01
3.08000000000E+09 -7.034888445E-01 +1.423431444E-01 -1.457884107E-01 -2.031516014E-01 -1.456162117E-01 +2.895083122E-01
3.09000000000E+09 -5.294220191E-01 +4.875857089E-01 -2.171707367E-01 -9.374333859E-02 -1.224029611E-01 +2.971714629E-01
3.10000000000E+09 -1.974057799E-01 +7.006146956E-01 -2.218743913E-01 +3.823209932E-02 -9.782507078E-02 +2.903068754E-01
3.11000000000E+09 +2.099982276E-01 +7.093987076E-01 -1.556285003E-01 +1.552057806E-01 -8.119796324E-02 +2.701941490E-01
3.12000000000E+09 +5.709641792E-01 +4.877411884E-01 -3.433336232E-02 +2.203286814E-01 -7.993700855E-02 +2.439610771E-01
3.13000000000E+09 +7.502784085E-01 +9.150082045E-02 +1.052899541E-01 +2.089585091E-01 -9.581258669E-02 +2.229777752E-01
3.14000000000E+09 +6.708092935E-01 -3.389490733E-01 +2.166450288E-01 +1.224124365E-01 -1.225894669E-01 +2.173032669E-01
3.15000000000E+09 +3.664641152E-01 -6.419826928E-01 +2.624872272E-01 -9.773889983E-03 -1.484979783E-01 +2.310733735E-01
3.16000000000E+09 -3.954935111E-02 -7.224984898E-01 +2.306861835E-01 -1.434178116E-01 -1.616289165E-01 +2.595537204E-01
3.17000000000E+09 -4.100527853E-01 -5.799321609E-01 +1.353939407E-01 -2.379317027E-01 -1.558294068E-01 +2.920478430E-01
3.18000000000E+09 -6.472095466E-01 -2.763094608E-01 +7.359740652E-03 -2.686267162E-01 -1.321827472E-01 +3.168736929E-01
3.19000000000E+09 -6.989211560E-01 +1.029264831E-01 -1.171795532E-01 -2.292114862E-01 -9.761150458E-02 +3.253398010E-01
3.20000000000E+09 -5.485096576E-01 +4.635086710E-01 -2.038008293E-01 -1.302724330E-01 -6.288379147E-02 +3.134177997E-01
3.21000000000E+09 -2.184457900E-01 +7.019771404E-01 -2.256643963E-01 +1.905579120E-03 -4.030695051E-02 +2.838141086E-01
3.22000000000E+09 +2.077347860E-01 +7.221989916E-01 -1.716233092E-01 +1.279467459E-01 -3.938566075E-02 +2.463223337E-01
3.23000000000E+09 +5.823625147E-01 +4.881928460E-01 -5.495859992E-02 +2.050748057E-01 -6.159053686E-02 +2.162292476E-01
3.24000000000E+09 +7.525447779E-01 +7.649681537E-02 +8.584178559E-02 +2.047109209E-01 -9.871058917E-02 +2.070980696E-01
3.25000000000E+09 +6.553883040E-01 -3.480743400E-01 +2.021098826E-01 +1.276600882E-01 -1.344310154E-01 +2.236313842E-01
3.26000000000E+09 +3.510403615E-01 -6.312679214E-01 +2.570820404E-01 +2.973687629E-03 -1.534111204E-01 +2.591811100E-01
3.27000000000E+09 -3.620266909E-02 -7.033630672E-01 +2.387482343E-01 -1.281706658E-01 -1.481501528E-01 +3.001275167E-01
3.28000000000E+09 -3.908234537E-01 -5.733867890E-01 +1.576954734E-01 -2.287329589E-01 -1.207660234E-01 +3.322842746E-01
3.29000000000E+09 -6.311563697E-01 -2.893386047E-01 +3.823121984E-02 -2.735484972E-01 -7.966747637E-02 +3.450682116E-01
3.30000000000E+09 -7.006485431E-01 +8.265455729E-02 -8.772060425E-02 -2.511225665E-01 -3.720142467E-02 +3.339487433E-01
3.31000000000E+09 -5.643832491E-01 +4.540763384E-01 -1.853131052E-01 -1.651034978E-01 -7.180375778E-03 +3.010387282E-01
3.32000000000E+09 -2.319763600E-01 +7.076313298E-01 -2.228954828E-01 -3.722415499E-02 -7.898205160E-04 +2.570308987E-01
3.33000000000E+09 +2.058866861E-01 +7.301921525E-01 -1.832493283E-01 +9.325516173E-02 -2.162228033E-02 +2.180412015E-01
3.34000000000E+09 +5.828932800E-01 +4.881741164E-01 -7.642893709E-02 +1.805259553E-01 -6.209117408E-02 +2.003635794E-01
3.35000000000E+09 +7.453328470E-01 +7.664766098E-02 +6.035383329E-02 +1.935873240E-01 -1.048579716E-01 +2.114638693E-01
3.36000000000E+09 +6.477114625E-01 -3.363191935E-01 +1.797242159E-01 +1.308582958E-01 -1.319925189E-01 +2.460859942E-01
3.37000000000E+09 +3.569711215E-01 -6.128462322E-01 +2.453907497E-01 +1.728633292E-02 -1.336904574E-01 +2.898762290E-01
3.38000000000E+09 -1.575938878E-02 -6.945252478E-01 +2.427508340E-01 -1.105810708E-01 -1.107712043E-01 +3.275094301E-01
3.39000000000E+09 -3.698307750E-01 -5.831421228E-01 +1.766470096E-01 -2.176505244E-01 -7.149677231E-02 +3.467760110E-01
3.40000000000E+09 -6.242937482E-01 -3.107378940E-01 +6.566942425E-02 -2.763394879E-01 -2.796236307E-02 +3.424500948E-01
3.41000000000E+09 -7.099718584E-01 +6.509708329E-02 -6.113222940E-02 -2.696652333E-01 +6.702018285E-03 +3.156775423E-01
3.42000000000E+09 -5.787748100E-01 +4.490657645E-01 -1.676021874E-01 -1.958075848E-01 +2.096515557E-02 +2.751523750E-01
3.43000000000E+09 -2.406629742E-01 +7.096178943E-01 -2.182994891E-01 -7.348329752E-02 +9.504989357E-03 +2.347378698E-01
3.44000000000E+09 +1.993642420E-01 +7.301888146E-01 -1.926578200E-01 +5.843757743E-02 -2.307539546E-02 +2.100050662E-01
3.45000000000E+09 +5.716127982E-01 +4.895172168E-01 -9.743887689E-02 +1.542971713E-01 -6.241390426E-02 +2.107067880E-01
3.46000000000E+09 +7.329785155E-01 +9.070510894E-02 +3.279638926E-02 +1.814599453E-01 -9.218630543E-02 +2.350502980E-01
3.47000000000E+09 +6.497321898E-01 -3.121902712E-01 +1.544294192E-01 +1.353256165E-01 -1.011917028E-01 +2.718367921E-01
3.48000000000E+09 +3.781013597E-01 -5.961430308E-01 +2.318908257E-01 +3.463892408E-02 -8.801761577E-02 +3.068072976E-01
3.49000000000E+09 +1.170375512E-02 -6.983270842E-01 +2.462314679E-01 -8.923327633E-02 -5.832387775E-02 +3.284527410E-01
3.50000000000E+09 -3.536122392E-01 -6.039336081E-01 +1.957806608E-01 -2.020459966E-01 -2.227717103E-02 +3.308761882E-01
3.51000000000E+09 -6.261573450E-01 -3.333478729E-01 +9.423406471E-02 -2.729969222E-01 +9.158423758E-03 +3.145537307E-01
3.52000000000E+09 -7.215383239E-01 +5.297744190E-02 -3.093487613E-02 -2.804001313E-01 +2.606402584E-02 +2.849405143E-01
3.53000000000E+09 -5.880329604E-01 +4.451627580E-01 -1.424300233E-01 -2.186207189E-01 +2.365277732E-02 +2.524398147E-01
3.54000000000E+09 -2.481542157E-01 +7.042123904E-01 -2.031284053E-01 -1.043102655E-01 +4.326846167E-03 +2.289345196E-01
3.55000000000E+09 +1.836694379E-01 +7.246094899E-01 -1.910533458E-01 +2.563799797E-02 -2.309265171E-02 +2.228125868E-01
3.56000000000E+09 +5.474304022E-01 +4.989280135E-01 -1.100075182E-01 +1.276389858E-01 -4.704084011E-02 +2.348418589E-01
3.57000000000E+09 +7.196541865E-01 +1.188368192E-01 +1.183382087E-02 +1.694241378E-01 -5.830301018E-02 +2.584265917E-01
3.58000000000E+09 +6.609064730E-01 -2.810000501E-01 +1.354509831E-01 +1.409331441E-01 -5.413760726E-02 +2.834754083E-01
3.59000000000E+09 +4.074319583E-01 -5.821885728E-01 +2.247279602E-01 +5.362835110E-02 -3.697501966E-02 +3.016349190E-01
3.60000000000E+09 +3.956833626E-02 -7.074065219E-01 +2.557310357E-01 -6.579522619E-02 -1.366661596E-02 +3.078108768E-01
3.61000000000E+09 -3.416482953E-01 -6.246389890E-01 +2.205142878E-01 -1.832072051E-01 +8.411522116E-03 +3.014676103E-01
3.62000000000E+09 -6.278537828E-01 -3.501410936E-01 +1.288851783E-01 -2.646069334E-01 +2.305898557E-02 +2.856050579E-01
3.63000000000E+09 -7.256118357E-01 +4.324207030E-02 +7.231710072E-03 -2.847285901E-01 +2.721677915E-02 +2.662459268E-01
3.64000000000E+09 -5.912643977E-01 +4.340573201E-01 -1.069972402E-01 -2.357734461E-01 +2.161800089E-02 +2.503167860E-01
3.65000000000E+09 -2.600214363E-01 +6.888492816E-01 -1.770863993E-01 -1.319951089E-01 +1.062382080E-02 +2.425777223E-01
3.66000000000E+09 +1.570867812E-01 +7.182755401E-01 -1.801321881E-01 -6.382219981E-03 -6.783865353E-04 +2.436944347E-01
3.67000000000E+09 +5.190558876E-01 +5.158285351E-01 -1.156559199E-01 +1.011439352E-01 -7.949643629E-03 +2.510975952E-01
3.68000000000E+09 +7.111536657E-01 +1.540113598E-01 -4.879136150E-03 +1.578712685E-01 -8.984597405E-03 +2.606694845E-01
3.69000000000E+09 +6.796241740E-01 -2.498259954E-01 +1.178941288E-01 +1.480873600E-01 -4.643906822E-03 +2.685167278E-01
3.70000000000E+09 +4.395509264E-01 -5.726216105E-01 +2.160724789E-01 +7.620373042E-02 +2.536444725E-03 +2.724628136E-01
3.71000000000E+09 +6.547649051E-02 -7.183335924E-01 +2.610156737E-01 -3.531927938E-02 +9.741136436E-03 +2.725412252E-01
3.72000000000E+09 -3.293779702E-01 -6.422120067E-01 +2.398762146E-01 -1.526698145E-01 +1.556424174E-02 +2.699097160E-01
3.73000000000E+09 -6.229486202E-01 -3.659667603E-01 +1.594378389E-01 -2.399966706E-01 +1.976899004E-02 +2.668478788E-01
3.74000000000E+09 -7.224668241E-01 +2.529792687E-02 +4.450955911E-02 -2.704502533E-01 +2.327395586E-02 +2.645849697E-01
3.75000000000E+09 -5.962046100E-01 +4.089795145E-01 -6.948909077E-02 -2.345821357E-01 +2.701236777E-02 +2.630929052E-01
3.76000000000E+09 -2.840847155E-01 +6.652484401E-01 -1.475649708E-01 -1.430375291E-01 +3.107704657E-02 +2.609954573E-01
3.77000000000E+09 +1.173190614E-01 +7.150833436E-01 -1.659794774E-01 -2.340375175E-02 +3.450594082E-02 +2.574060346E-01
3.78000000000E+09 +4.844938561E-01 +5.418090602E-01 -1.189998565E-01 +8.850763256E-02 +3.629278840E-02 +2.520978844E-01
3.79000000000E+09 +7.021683732E-01 +1.961111826E-01 -2.060978792E-02 +1.592207884E-01 +3.478238884E-02 +2.464343724E-01
3.80000000000E+09 +6.980749679E-01 -2.151430235E-01 +9.940897905E-02 +1.675018648E-01 +2.985781729E-02 +2.423432925E-01
3.81000000000E+09 +4.696164380E-01 -5.590351883E-01 +2.041045160E-01 +1.111109732E-01 +2.315738760E-02 +2.420508208E-01
3.82000000000E+09 +9.133651219E-02 -7.218903188E-01 +2.610301737E-01 +8.440587280E-03 +1.770120583E-02 +2.468201644E-01
3.83000000000E+09 -3.111725044E-01 -6.529122180E-01 +2.531919736E-01 -1.073384629E-01 +1.697697887E-02 +2.561692466E-01
3.84000000000E+09 -6.087835685E-01 -3.807882251E-01 +1.843938112E-01 -1.998607596E-01 +2.310444786E-02 +2.666299452E-01
3.85000000000E+09 -7.139284178E-01 +3.275083820E-03 +7.685927079E-02 -2.411649213E-01 +3.557214498E-02 +2.738047892E-01
3.86000000000E+09 -6.016877387E-01 +3.820128665E-01 -3.669318914E-02 -2.195487965E-01 +5.157109154E-02 +2.740125642E-01
3.87000000000E+09 -3.073580049E-01 +6.457119889E-01 -1.229945566E-01 -1.415376183E-01 +6.631729468E-02 +2.659620589E-01
3.88000000000E+09 +8.568883641E-02 +7.153195505E-01 -1.567259447E-01 -2.958664723E-02 +7.513335390E-02 +2.508734622E-01
3.89000000000E+09 +4.616179359E-01 +5.621678309E-01 -1.274612375E-01 +8.365737196E-02 +7.439584862E-02 +2.326532231E-01
3.90000000000E+09 +6.987598646E-01 +2.233888757E-01 -4.346494113E-02 +1.640434761E-01 +6.383827094E-02 +2.173478795E-01
3.91000000000E+09 +7.104303374E-01 -1.952725065E-01 +6.912778249E-02 +1.863873303E-01 +4.708957240E-02 +2.106458398E-01
3.92000000000E+09 +4.870670527E-01 -5.508834600E-01 +1.738683029E-01 +1.439965930E-01 +3.021425473E-02 +2.155490956E-01
3.93000000000E+09 +1.077099491E-01 -7.213795916E-01 +2.367226674E-01 +5.209774086E-02 +1.986460741E-02 +2.305490991E-01
3.94000000000E+09 -2.954184756E-01 -6.577750298E-01 +2.386045200E-01 -5.825374449E-02 +2.079374154E-02 +2.500748070E-01
3.95000000000E+09 -5.947504270E-01 -3.938302016E-01 +1.806466210E-01 -1.519307754E-01 +3.324261174E-02 +2.667590144E-01
3.96000000000E+09 -7.083152759E-01 -1.876322244E-02 +8.148759241E-02 -2.011134875E-01 +5.349247390E-02 +2.745549059E-01
3.97000000000E+09 -6.113553728E-01 +3.576961185E-01 -2.964617034E-02 -1.918932492E-01 +7.514508794E-02 +2.706320097E-01
3.98000000000E+09 -3.313830622E-01 +6.310484133E-01 -1.212396615E-01 -1.269345088E-01 +9.139218027E-02 +2.554279843E-01
3.99000000000E+09 +5.719162685E-02 +7.182804326E-01 -1.668554044E-01 -2.401968807E-02 +9.728528472E-02 +2.334818654E-01
4.00000000000E+09 +4.410506720E-01 +5.805938967E-01 -1.521924455E-01 +8.714339234E-02 +9.045641146E-02 +2.118186549E-01
4.01000000000E+09 +6.922462981E-01 +2.486689182E-01 -8.103980089E-02 +1.723547744E-01 +7.346405123E-02 +1.980410550E-01
4.02000000000E+09 +7.171852343E-01 -1.720094463E-01 +2.391612148E-02 +2.040677014E-01 +5.262436386E-02 +1.972394606E-01
4.03000000000E+09 +5.031555489E-01 -5.343805776E-01 +1.277060183E-01 +1.722702777E-01 +3.597140583E-02 +2.093412391E-01
4.04000000000E+09 +1.294622051E-01 -7.151011526E-01 +1.959897466E-01 +8.854615811E-02 +3.003982671E-02 +2.295824059E-01
4.05000000000E+09 -2.735382059E-01 -6.642390357E-01 +2.075109174E-01 -1.897093643E-02 +3.703988735E-02 +2.501564063E-01
4.06000000000E+09 -5.803530347E-01 -4.116543775E-01 +1.599029692E-01 -1.165863083E-01 +5.451192602E-02 +2.637653913E-01
4.07000000000E+09 -7.072504398E-01 -4.127581992E-02 +6.829557743E-02 -1.757601017E-01 +7.671475775E-02 +2.660026998E-01
4.08000000000E+09 -6.229654921E-01 +3.400320495E-01 -4.087818548E-02 -1.800617494E-01 +9.679605036E-02 +2.560978183E-01
4.09000000000E+09 -3.498347491E-01 +6.238279296E-01 -1.365949567E-01 -1.285452076E-01 +1.090098933E-01 +2.369945523E-01
4.10000000000E+09 +3.889868793E-02 +7.220128173E-01 -1.913908998E-01 -3.602647964E-02 +1.096198101E-01 +2.147894480E-01
4.11000000000E+09 +4.266613533E-01 +5.928072619E-01 -1.888093477E-01 +6.979045475E-02 +9.882565529E-02 +1.963623724E-01
4.12000000000E+09 +6.845726113E-01 +2.674414782E-01 -1.298427597E-01 +1.556930546E-01 +8.081093586E-02 +1.876971699E-01
4.13000000000E+09 +7.201424379E-01 -1.489135864E-01 -3.403952017E-02 +1.939429239E-01 +6.215166947E-02 +1.910846740E-01
4.14000000000E+09 +5.207328592E-01 -5.137780806E-01 +6.667493105E-02 +1.722948010E-01 +4.957134517E-02 +2.044285174E-01
4.15000000000E+09 +1.595923967E-01 -7.073551141E-01 +1.394543435E-01 +9.842704266E-02 +4.718582812E-02 +2.221886818E-01
4.16000000000E+09 -2.415436004E-01 -6.765631771E-01 +1.618247582E-01 -3.864173404E-03 +5.523526486E-02 +2.380915228E-01
4.17000000000E+09 -5.599850721E-01 -4.415411259E-01 +1.277649123E-01 -1.037450482E-01 +7.065497748E-02 +2.470272988E-01
4.18000000000E+09 -7.062716000E-01 -7.778063909E-02 +4.762967451E-02 -1.724531654E-01 +8.848655621E-02 +2.467096305E-01
4.19000000000E+09 -6.412493093E-01 +3.082882682E-01 -5.532655374E-02 -1.911533823E-01 +1.035855978E-01 +2.376179645E-01
4.20000000000E+09 -3.818237193E-01 +6.052278552E-01 -1.517937207E-01 -1.550955962E-01 +1.120273696E-01 +2.227613750E-01
4.21000000000E+09 +7.615304603E-04 +7.208671591E-01 -2.136688311E-01 -7.516976228E-02 +1.120004531E-01 +2.066760071E-01
4.22000000000E+09 +3.912954325E-01 +6.112939697E-01 -2.222553350E-01 +2.393297671E-02 +1.042613882E-01 +1.939874751E-01
4.23000000000E+09 +6.628407333E-01 +3.036725478E-01 -1.749227139E-01 +1.107461714E-01 +9.178828098E-02 +1.876898632E-01
4.24000000000E+09 +7.226292428E-01 -1.044992834E-01 -8.686196831E-02 +1.568960938E-01 +7.896729219E-02 +1.888913760E-01
4.25000000000E+09 +5.495805462E-01 -4.782280536E-01 +1.357124660E-02 +1.469524997E-01 +6.986530071E-02 +1.962293951E-01
4.26000000000E+09 +2.032815261E-01 -6.956661457E-01 +9.434791376E-02 +8.376224483E-02 +6.700311823E-02 +2.069094069E-01
4.27000000000E+09 -2.013041121E-01 -6.915282484E-01 +1.306912613E-01 -1.329474059E-02 +7.078697239E-02 +2.175893906E-01
4.28000000000E+09 -5.370278236E-01 -4.740634240E-01 +1.122216136E-01 -1.151499421E-01 +7.998853602E-02 +2.253351778E-01
4.29000000000E+09 -7.045257039E-01 -1.147422010E-01 +4.544368338E-02 -1.922212308E-01 +9.182561865E-02 +2.278117380E-01
4.30000000000E+09 -6.568517744E-01 +2.770355591E-01 -4.914874042E-02 -2.232385031E-01 +1.036358184E-01 +2.247444960E-01
4.31000000000E+09 -4.092493809E-01 +5.848966903E-01 -1.432290451E-01 -2.005514796E-01 +1.125776116E-01 +2.165351027E-01
4.32000000000E+09 -3.389232884E-02 +7.155914666E-01 -2.087003699E-01 -1.321553580E-01 +1.168874329E-01 +2.053927847E-01
4.33000000000E+09 +3.568386713E-01 +6.255834832E-01 -2.257312715E-01 -3.984572087E-02 +1.153207604E-01 +1.932606310E-01
4.34000000000E+09 +6.409516040E-01 +3.369394285E-01 -1.884829855E-01 +4.730364512E-02 +1.088240192E-01 +1.830768862E-01
4.35000000000E+09 +7.242811169E-01 -6.313944122E-02 -1.079502907E-01 +1.011313067E-01 +9.907614287E-02 +1.772366703E-01
4.36000000000E+09 +5.749779812E-01 -4.462101554E-01 -8.559457129E-03 +1.035750302E-01 +8.865294481E-02 +1.775289910E-01
4.37000000000E+09 +2.405643885E-01 -6.855841181E-01 +7.882791021E-02 +5.288310503E-02 +8.071444230E-02 +1.839068621E-01
4.38000000000E+09 -1.680945567E-01 -7.039177306E-01 +1.277456185E-01 -3.558489327E-02 +7.766218921E-02 +1.946301817E-01
4.39000000000E+09 -5.177422016E-01 -4.996797026E-01 +1.243720652E-01 -1.347821179E-01 +8.132205690E-02 +2.063281770E-01
4.40000000000E+09 -7.004310928E-01 -1.436043239E-01 +7.192409789E-02 -2.150732364E-01 +9.106380872E-02 +2.150476791E-01
4.41000000000E+09 -6.659503181E-01 +2.507382761E-01 -1.167756426E-02 -2.539002337E-01 +1.046240761E-01 +2.176886080E-01
4.42000000000E+09 -4.301684511E-01 +5.656008184E-01 -9.995453306E-02 -2.416582771E-01 +1.183138023E-01 +2.123330562E-01
4.43000000000E+09 -6.405721550E-02 +7.095929081E-01 -1.659286715E-01 -1.836449683E-01 +1.282661202E-01 +1.995965283E-01
4.44000000000E+09 +3.259167684E-01 +6.382701032E-01 -1.891341142E-01 -9.806706865E-02 +1.313618223E-01 +1.820365266E-01
4.45000000000E+09 +6.220723355E-01 +3.665521754E-01 -1.613360003E-01 -1.115878774E-02 +1.258739697E-01 +1.647777122E-01
4.46000000000E+09 +7.264845104E-01 -2.801488705E-02 -8.933268714E-02 +4.962591165E-02 +1.126651879E-01 +1.530177469E-01
4.47000000000E+09 +5.971564295E-01 -4.198378479E-01 +5.931064057E-03 +6.437113069E-02 +9.560719787E-02 +1.508603432E-01
4.48000000000E+09 +2.724241079E-01 -6.771556148E-01 +9.542663591E-02 +2.785607873E-02 +8.009234369E-02 +1.594453948E-01
4.49000000000E+09 -1.384333528E-01 -7.131661022E-01 +1.520396458E-01 -4.812272881E-02 +7.180491170E-02 +1.759013569E-01
4.50000000000E+09 -4.977026431E-01 -5.208443166E-01 +1.599327759E-01 -1.389460345E-01 +7.389334721E-02 +1.947106040E-01
4.51000000000E+09 -6.932346044E-01 -1.710417503E-01 +1.195008585E-01 -2.160312560E-01 +8.614482268E-02 +2.089186946E-01
4.52000000000E+09 -6.735114132E-01 +2.229045173E-01 +4.598782265E-02 -2.564742441E-01 +1.048619607E-01 +2.135515121E-01
4.53000000000E+09 -4.520633931E-01 +5.448067644E-01 -3.655491063E-02 -2.491435523E-01 +1.242216777E-01 +2.063768973E-01
4.54000000000E+09 -9.478406412E-02 +7.036451546E-01 -1.023985582E-01 -1.966385589E-01 +1.381427185E-01 +1.891489793E-01
4.55000000000E+09 +2.967263403E-01 +6.506073065E-01 -1.306433109E-01 -1.141387058E-01 +1.416536550E-01 +1.668865634E-01
4.56000000000E+09 +6.051832297E-01 +3.931639034E-01 -1.109569912E-01 -2.567002454E-02 +1.329477189E-01 +1.464412210E-01
4.57000000000E+09 +7.276305616E-01 +3.327397048E-03 -4.724322735E-02 +4.208717810E-02 +1.146241238E-01 +1.347662664E-01
4.58000000000E+09 +6.148862431E-01 -3.945512277E-01 +4.225239976E-02 +6.811084248E-02 +9.307872152E-02 +1.360766442E-01
4.59000000000E+09 +3.002940874E-01 -6.647564302E-01 +1.303333473E-01 +4.504727573E-02 +7.594626284E-02 +1.496830672E-01
4.60000000000E+09 -1.077321709E-01 -7.166435932E-01 +1.902389192E-01 -1.797848001E-02 +6.948178665E-02 +1.703246127E-01
4.61000000000E+09 -4.726308209E-01 -5.410711719E-01 +2.052916025E-01 -9.893081581E-02 +7.622241567E-02 +1.901361982E-01
4.62000000000E+09 -6.827984993E-01 -2.037820622E-01 +1.737655325E-01 -1.711417504E-01 +9.370610317E-02 +2.016875183E-01
4.63000000000E+09 -6.833342205E-01 +1.879941676E-01 +1.076550824E-01 -2.120539085E-01 +1.157816807E-01 +2.009290658E-01
4.64000000000E+09 -4.803895080E-01 +5.207059241E-01 +2.844848980E-02 -2.091935413E-01 +1.346129996E-01 +1.879996231E-01
4.65000000000E+09 -1.316632692E-01 +6.999106418E-01 -3.968696024E-02 -1.624748444E-01 +1.437355069E-01 +1.668207464E-01
4.66000000000E+09 +2.648777605E-01 +6.677946137E-01 -7.532143869E-02 -8.397486184E-02 +1.398603828E-01 +1.444823611E-01
4.67000000000E+09 +5.882251575E-01 +4.235949658E-01 -6.628745316E-02 +4.254300845E-03 +1.240842187E-01 +1.285464035E-01
4.68000000000E+09 +7.283594439E-01 +3.644473756E-02 -1.391751911E-02 +7.610452689E-02 +1.020196706E-01 +1.247702751E-01
4.69000000000E+09 +6.310182671E-01 -3.670470787E-01 +6.584613618E-02 +1.100805129E-01 +8.189746920E-02 +1.341989517E-01
4.70000000000E+09 +3.278728661E-01 -6.490023794E-01 +1.474846110E-01 +9.718951010E-02 +7.097834703E-02 +1.527224747E-01
4.71000000000E+09 -7.520061507E-02 -7.178602752E-01 +2.051153800E-01 +4.438380624E-02 +7.323675480E-02 +1.729596609E-01
4.72000000000E+09 -4.455667656E-01 -5.605032220E-01 +2.215634452E-01 -2.884648623E-02 +8.738248682E-02 +1.872031481E-01
4.73000000000E+09 -6.719375723E-01 -2.347968798E-01 +1.930448429E-01 -9.762101423E-02 +1.077231210E-01 +1.905830482E-01
4.74000000000E+09 -6.925253451E-01 +1.585036209E-01 +1.290123034E-01 -1.395613350E-01 +1.264963480E-01 +1.822057482E-01
4.75000000000E+09 -5.030528082E-01 +5.047429090E-01 +4.882363401E-02 -1.405427180E-01 +1.372572993E-01 +1.652666925E-01
4.76000000000E+09 -1.555130010E-01 +7.003266578E-01 -2.362730945E-02 -9.827517123E-02 +1.363857567E-01 +1.458632737E-01
4.77000000000E+09 +2.485776539E-01 +6.786913933E-01 -6.629299501E-02 -2.335187027E-02 +1.243898410E-01 +1.311298344E-01
4.78000000000E+09 +5.804099207E-01 +4.373443368E-01 -6.584057444E-02 +6.295454363E-02 +1.062676935E-01 +1.260933588E-01
4.79000000000E+09 +7.260956236E-01 +5.045276046E-02 -2.264248841E-02 +1.348324757E-01 +8.920315616E-02 +1.323914249E-01
4.80000000000E+09 +6.311791616E-01 -3.587824149E-01 +5.051809872E-02 +1.709630696E-01 +7.986051861E-02 +1.463808491E-01
4.81000000000E+09 +3.353320653E-01 -6.395232824E-01 +1.248525459E-01 +1.615435591E-01 +8.152517496E-02 +1.621269133E-01
4.82000000000E+09 -6.008382515E-02 -7.150286106E-01 +1.779989417E-01 +1.130089288E-01 +9.293380692E-02 +1.731980494E-01
4.83000000000E+09 -4.308226518E-01 -5.697491526E-01 +1.930605694E-01 +4.280494005E-02 +1.092152203E-01 +1.753815140E-01
4.84000000000E+09 -6.675856486E-01 -2.521633945E-01 +1.648589847E-01 -2.605845907E-02 +1.233778443E-01 +1.683816330E-01
4.85000000000E+09 -7.010818905E-01 +1.434115594E-01 +1.008261529E-01 -7.139571034E-02 +1.303696560E-01 +1.552352131E-01
4.86000000000E+09 -5.176832501E-01 +4.991870988E-01 +1.880161417E-02 -7.799965038E-02 +1.277083910E-01 +1.411767129E-01
4.87000000000E+09 -1.680095687E-01 +7.029302263E-01 -5.770703203E-02 -4.217215983E-02 +1.170632243E-01 +1.317366878E-01
4.88000000000E+09 +2.399394482E-01 +6.840873818E-01 -1.062994375E-01 +2.645549215E-02 +1.033982061E-01 +1.305932943E-01
4.89000000000E+09 +5.725955671E-01 +4.447615603E-01 -1.133889160E-01 +1.073163840E-01 +9.289288501E-02 +1.375030811E-01
4.90000000000E+09 +7.200635983E-01 +6.420177592E-02 -7.896311664E-02 +1.756209284E-01 +9.038026968E-02 +1.487437982E-01
4.91000000000E+09 +6.383389664E-01 -3.320812416E-01 -1.653210705E-02 +2.110470357E-01 +9.682188066E-02 +1.589057852E-01
4.92000000000E+09 +3.592437570E-01 -6.197011415E-01 +5.207653475E-02 +2.040971398E-01 +1.089817059E-01 +1.629128771E-01
4.93000000000E+09 -2.758688969E-02 -7.145418137E-01 +1.039252284E-01 +1.583332991E-01 +1.213813784E-01 +1.585733411E-01
4.94000000000E+09 -4.059449069E-01 -5.898342931E-01 +1.214855005E-01 +8.853807738E-02 +1.287117801E-01 +1.478061130E-01
4.95000000000E+09 -6.616489201E-01 -2.812457963E-01 +9.763156524E-02 +1.626884614E-02 +1.271257635E-01 +1.345144757E-01
4.96000000000E+09 -7.123714656E-01 +1.204530373E-01 +3.747009506E-02 -3.605984467E-02 +1.169318389E-01 +1.244643251E-01
4.97000000000E+09 -5.350882342E-01 +4.890063382E-01 -4.243863001E-02 -5.186005878E-02 +1.021517061E-01 +1.220359353E-01
4.98000000000E+09 -1.835078062E-01 +7.015635898E-01 -1.186227279E-01 -2.623524430E-02 +8.954630694E-02 +1.290280268E-01
4.99000000000E+09 +2.260674861E-01 +6.868174333E-01 -1.688262658E-01 +3.190561868E-02 +8.475508228E-02 +1.421424060E-01
5.00000000000E+09 +5.584484209E-01 +4.532857326E-01 -1.795295710E-01 +1.029070794E-01 +9.043030837E-02 +1.557429012E-01
5.01000000000E+09 +7.102918843E-01 +8.147448432E-02 -1.503632590E-01 +1.634351856E-01 +1.044471717E-01 +1.633717467E-01
5.02000000000E+09 +6.411441238E-01 -3.102221306E-01 -9.331512911E-02 +1.942522959E-01 +1.210453185E-01 +1.610339231E-01
5.03000000000E+09 +3.758966273E-01 -6.051656311E-01 -2.814072289E-02 +1.856783359E-01 +1.332771757E-01 +1.489993639E-01
5.04000000000E+09 -7.119917671E-03 -7.151931458E-01 +2.333566332E-02 +1.395401645E-01 +1.352251639E-01 +1.311500637E-01
5.05000000000E+09 -3.941878457E-01 -6.022913334E-01 +4.339460220E-02 +6.874598028E-02 +1.249538012E-01 +1.145327862E-01
5.06000000000E+09 -6.617580433E-01 -2.932187772E-01 +2.345298200E-02 -5.828816983E-03 +1.055028068E-01 +1.062240791E-01
5.07000000000E+09 -7.163454753E-01 +1.160318469E-01 -3.212985306E-02 -6.143038687E-02 +8.429078216E-02 +1.108562424E-01
5.08000000000E+09 -5.353453093E-01 +4.876716380E-01 -1.067782987E-01 -8.127207447E-02 +7.018536635E-02 +1.276377328E-01
5.09000000000E+09 -1.823401294E-01 +6.960828983E-01 -1.773804489E-01 -6.073951500E-02 +6.976836291E-02 +1.503427286E-01
5.10000000000E+09 +2.209009222E-01 +6.780639140E-01 -2.225006958E-01 -9.019254359E-03 +8.405098349E-02 +1.699868050E-01
5.11000000000E+09 +5.456082903E-01 +4.499340242E-01 -2.297611265E-01 +5.510508590E-02 +1.078070321E-01 +1.784669618E-01
5.12000000000E+09 +6.983160962E-01 +8.908098701E-02 -1.988212673E-01 +1.099571839E-01 +1.325749557E-01 +1.717818250E-01
5.13000000000E+09 +6.390964841E-01 -2.970914689E-01 -1.404933607E-01 +1.374390665E-01 +1.491005211E-01 +1.516426785E-01
5.14000000000E+09 +3.832155174E-01 -5.968687602E-01 -7.291046500E-02 +1.274375108E-01 +1.503894719E-01 +1.243914855E-01
5.15000000000E+09 +2.366908773E-04 -7.155805061E-01 -1.733055947E-02 +8.053027193E-02 +1.347258813E-01 +1.001740257E-01
5.16000000000E+09 -3.929565644E-01 -6.047919310E-01 +7.913093918E-03 +8.738486751E-03 +1.071617606E-01 +8.838091281E-02
5.17000000000E+09 -6.629135647E-01 -2.909952445E-01 -6.270630170E-03 -6.696951621E-02 +7.790758382E-02 +9.488784572E-02
5.18000000000E+09 -7.119576486E-01 +1.207091750E-01 -5.551572409E-02 -1.235951499E-01 +5.865920049E-02 +1.179470751E-01
5.19000000000E+09 -5.258690188E-01 +4.862706756E-01 -1.230648833E-01 -1.447984010E-01 +5.751851490E-02 +1.486813570E-01
5.20000000000E+09 -1.764607317E-01 +6.857648974E-01 -1.861933769E-01 -1.267414283E-01 +7.497749196E-02 +1.753232169E-01
5.21000000000E+09 +2.165743566E-01 +6.662464748E-01 -2.247586273E-01 -7.865134211E-02 +1.044840706E-01 +1.874886794E-01
5.22000000000E+09 +5.350506617E-01 +4.461377529E-01 -2.275166000E-01 -1.801363885E-02 +1.354940275E-01 +1.804764807E-01
5.23000000000E+09 +6.912968957E-01 +9.356828396E-02 -1.936376877E-01 +3.493541902E-02 +1.566879009E-01 +1.562427948E-01
5.24000000000E+09 +6.391582903E-01 -2.924642365E-01 -1.324626823E-01 +6.241366935E-02 +1.598480606E-01 +1.228256804E-01
5.25000000000E+09 +3.844628529E-01 -5.975267614E-01 -6.141090080E-02 +5.369558735E-02 +1.429324123E-01 +9.259610576E-02
5.26000000000E+09 -3.627339909E-03 -7.177691770E-01 -1.756921960E-03 +8.629050511E-03 +1.114290056E-01 +7.699504831E-02
5.27000000000E+09 -3.995896029E-01 -6.009893148E-01 +2.779888297E-02 -6.062992422E-02 +7.710800072E-02 +8.307400474E-02
5.28000000000E+09 -6.631757548E-01 -2.814110500E-01 +1.851850374E-02 -1.329536350E-01 +5.340173245E-02 +1.092351784E-01
5.29000000000E+09 -7.028535895E-01 +1.266725364E-01 -2.476687989E-02 -1.859247657E-01 +5.011651919E-02 +1.450113989E-01
5.30000000000E+09 -5.153509813E-01 +4.814962395E-01 -8.534156642E-02 -2.043068434E-01 +6.802634680E-02 +1.766480104E-01
5.31000000000E+09 -1.748874653E-01 +6.748369388E-01 -1.420512849E-01 -1.852122983E-01 +1.005007831E-01 +1.922704549E-01
5.32000000000E+09 +2.090435864E-01 +6.601347129E-01 -1.764926816E-01 -1.367256643E-01 +1.356655605E-01 +1.861945384E-01
5.33000000000E+09 +5.274232192E-01 +4.491261058E-01 -1.775014389E-01 -7.479183141E-02 +1.614510847E-01 +1.600309834E-01
5.34000000000E+09 +6.905897479E-01 +1.001092508E-01 -1.433410432E-01 -1.839084814E-02 +1.686274714E-01 +1.232654565E-01
5.35000000000E+09 +6.435567364E-01 -2.900949421E-01 -8.220830993E-02 +1.486999424E-02 +1.540809071E-01 +8.799945725E-02
5.36000000000E+09 +3.872567721E-01 -6.003252105E-01 -1.068144299E-02 +1.385139872E-02 +1.227895054E-01 +6.671304956E-02
5.37000000000E+09 -4.906228607E-03 -7.198262996E-01 +5.021952489E-02 -2.171209993E-02 +8.608031874E-02 +6.740159803E-02
5.38000000000E+09 -4.001330295E-01 -5.991136280E-01 +8.251358082E-02 -7.990735774E-02 +5.728846672E-02 +8.912370524E-02
5.39000000000E+09 -6.593256479E-01 -2.802566691E-01 +7.841880593E-02 -1.405104956E-01 +4.647977104E-02 +1.226189078E-01
5.40000000000E+09 -6.992849503E-01 +1.220080704E-01 +4.307410532E-02 -1.829161351E-01 +5.614653023E-02 +1.547272364E-01
5.41000000000E+09 -5.190583992E-01 +4.749318310E-01 -8.091220287E-03 -1.935837273E-01 +8.036078396E-02 +1.732412941E-01
5.42000000000E+09 -1.839673328E-01 +6.751101893E-01 -5.579999628E-02 -1.696351496E-01 +1.090373048E-01 +1.726208278E-01
5.43000000000E+09 +2.045872471E-01 +6.693427364E-01 -8.247839773E-02 -1.184239287E-01 +1.306631700E-01 +1.548752915E-01
5.44000000000E+09 +5.341665565E-01 +4.583418262E-01 -7.706167668E-02 -5.533915600E-02 +1.370775996E-01 +1.281566690E-01
5.45000000000E+09 +7.030550487E-01 +9.871069133E-02 -3.793560348E-02 +3.254755677E-04 +1.261203121E-01 +1.034679698E-01
5.46000000000E+09 +6.488722624E-01 -3.015788979E-01 +2.556294984E-02 +3.094096615E-02 +1.028756848E-01 +9.133460822E-02
5.47000000000E+09 +3.800596701E-01 -6.091213702E-01 +9.537456728E-02 +2.644820298E-02 +7.702636451E-02 +9.698856968E-02
5.48000000000E+09 -1.495223520E-02 -7.160803811E-01 +1.502535732E-01 -1.125453056E-02 +5.959725521E-02 +1.180911990E-01
5.49000000000E+09 -3.996537752E-01 -5.885061656E-01 +1.739539848E-01 -6.819711064E-02 +5.749392397E-02 +1.454669915E-01
5.50000000000E+09 -6.487019203E-01 -2.772148395E-01 +1.612171991E-01 -1.242660412E-01 +7.099736094E-02 +1.677936271E-01
5.51000000000E+09 -6.915264956E-01 +1.125338443E-01 +1.183291012E-01 -1.603025116E-01 +9.438119564E-02 +1.765592101E-01
5.52000000000E+09 -5.235672272E-01 +4.625317885E-01 +6.038151022E-02 -1.637705007E-01 +1.179283083E-01 +1.689593885E-01
5.53000000000E+09 -1.963783426E-01 +6.721658053E-01 +6.564874710E-03 -1.318658519E-01 +1.323801797E-01 +1.489111988E-01
5.54000000000E+09 +1.964600020E-01 +6.769785583E-01 -2.501194243E-02 -7.199460328E-02 +1.319271089E-01 +1.245386542E-01
5.55000000000E+09 +5.357415431E-01 +4.670471878E-01 -2.252520362E-02 -3.621410189E-04 +1.174901673E-01 +1.063537602E-01
5.56000000000E+09 +7.076022426E-01 +1.008006368E-01 +1.520111992E-02 +6.220078285E-02 +9.506152764E-02 +1.020714711E-01
5.57000000000E+09 +6.479707554E-01 -3.021717641E-01 +7.742052082E-02 +9.693312552E-02 +7.429818398E-02 +1.136695051E-01
5.58000000000E+09 +3.762321820E-01 -6.039833406E-01 +1.444603786E-01 +9.445048184E-02 +6.406980323E-02 +1.359987055E-01
5.59000000000E+09 -1.172004855E-02 -7.061390477E-01 +1.947845787E-01 +5.832542513E-02 +6.844172462E-02 +1.593434034E-01
5.60000000000E+09 -3.869490135E-01 -5.843046732E-01 +2.130682709E-01 +2.835215142E-03 +8.543313309E-02 +1.741978847E-01
5.61000000000E+09 -6.364560053E-01 -2.852013242E-01 +1.941992288E-01 -5.196177697E-02 +1.078608601E-01 +1.747426725E-01
5.62000000000E+09 -6.902393138E-01 +9.884176298E-02 +1.441625274E-01 -8.701281994E-02 +1.260784195E-01 +1.615261724E-01
5.63000000000E+09 -5.320116859E-01 +4.555398501E-01 +7.773253468E-02 -8.882085107E-02 +1.324650663E-01 +1.403464159E-01
5.64000000000E+09 -2.033509286E-01 +6.753500087E-01 +1.518060578E-02 -5.347427225E-02 +1.249693233E-01 +1.204182380E-01
5.65000000000E+09 +1.976447900E-01 +6.817943291E-01 -2.376964775E-02 +1.131870525E-02 +1.067299695E-01 +1.109109751E-01
5.66000000000E+09 +5.391714105E-01 +4.643286435E-01 -2.629603029E-02 +8.768770111E-02 +8.603403738E-02 +1.168205802E-01
5.67000000000E+09 +7.029519457E-01 +9.398628112E-02 +8.193761550E-03 +1.531457202E-01 +7.271333170E-02 +1.358005595E-01
5.68000000000E+09 +6.362065644E-01 -3.010848108E-01 +6.743082336E-02 +1.888119112E-01 +7.305122740E-02 +1.592614248E-01
5.69000000000E+09 +3.700958133E-01 -5.914031591E-01 +1.311889208E-01 +1.861692263E-01 +8.798828475E-02 +1.774550036E-01
5.70000000000E+09 -3.600997500E-03 -6.928888302E-01 +1.785011923E-01 +1.491642918E-01 +1.117798264E-01 +1.818396169E-01
5.71000000000E+09 -3.710649529E-01 -5.835285176E-01 +1.941785590E-01 +9.147053757E-02 +1.346534097E-01 +1.703841175E-01
5.72000000000E+09 -6.273239207E-01 -2.969955623E-01 +1.722900745E-01 +3.254178162E-02 +1.469209450E-01 +1.466503090E-01
5.73000000000E+09 -6.942528239E-01 +8.668062849E-02 +1.174893649E-01 -7.747074864E-03 +1.427731769E-01 +1.198743457E-01
5.74000000000E+09 -5.416791936E-01 +4.527783091E-01 +4.471972849E-02 -1.439188903E-02 +1.227805296E-01 +1.009122591E-01
5.75000000000E+09 -2.082594198E-01 +6.789036012E-01 -2.458715773E-02 +1.746937889E-02 +9.422977820E-02 +9.922061751E-02
5.76000000000E+09 +1.973098659E-01 +6.817861718E-01 -6.912244281E-02 +7.961642971E-02 +6.883913470E-02 +1.166697754E-01
5.77000000000E+09 +5.337065256E-01 +4.600474963E-01 -7.592349462E-02 +1.527667566E-01 +5.764155475E-02 +1.469252417E-01
5.78000000000E+09 +6.898199764E-01 +9.651553211E-02 -4.529458522E-02 +2.140277031E-01 +6.616418440E-02 +1.779779410E-01
5.79000000000E+09 +6.268082917E-01 -2.844467727E-01 +1.011526996E-02 +2.452096237E-01 +9.181159221E-02 +1.978604387E-01
5.80000000000E+09 +3.774729024E-01 -5.692158204E-01 +7.058011534E-02 +2.383357390E-01 +1.250314345E-01 +1.986561854E-01
5.81000000000E+09 +1.949206128E-02 -6.820029930E-01 +1.159409657E-01 +1.966213946E-01 +1.536466340E-01 +1.798524504E-01
5.82000000000E+09 -3.475527380E-01 -5.922274783E-01 +1.304985242E-01 +1.326328606E-01 +1.664759632E-01 +1.477955660E-01
5.83000000000E+09 -6.178586392E-01 -3.174326445E-01 +1.066739519E-01 +6.561453324E-02 +1.581736519E-01 +1.142209653E-01
5.84000000000E+09 -6.997151910E-01 +6.898036416E-02 +4.808628815E-02 +1.687327153E-02 +1.306656644E-01 +9.244742602E-02
5.85000000000E+09 -5.515661196E-01 +4.440092260E-01 -2.988787252E-02 +3.333793628E-03 +9.392182070E-02 +9.233538657E-02
5.86000000000E+09 -2.162510929E-01 +6.731214791E-01 -1.038731082E-01 +3.049275173E-02 +6.291319029E-02 +1.151676873E-01
5.87000000000E+09 +1.859326172E-01 +6.749596012E-01 -1.512991713E-01 +8.924212647E-02 +5.057216615E-02 +1.523845248E-01
5.88000000000E+09 +5.142212368E-01 +4.598169287E-01 -1.592460729E-01 +1.592439394E-01 +6.281587960E-02 +1.895550920E-01
5.89000000000E+09 +6.703941845E-01 +1.124107848E-01 -1.284498320E-01 +2.177005428E-01 +9.445614048E-02 +2.128193071E-01
5.90000000000E+09 +6.226509715E-01 -2.561715844E-01 -7.123469591E-02 +2.465570711E-01 +1.346828899E-01 +2.141712832E-01
5.91000000000E+09 +3.943159483E-01 -5.446656997E-01 -6.345380223E-03 +2.369962396E-01 +1.689465381E-01 +1.932117100E-01
5.92000000000E+09 +4.749530280E-02 -6.759218657E-01 +4.573639001E-02 +1.903978813E-01 +1.853810926E-01 +1.569889935E-01
5.93000000000E+09 -3.250616877E-01 -6.052058498E-01 +6.737420227E-02 +1.181705353E-01 +1.780227791E-01 +1.185056956E-01
5.94000000000E+09 -6.099684185E-01 -3.376030512E-01 +4.860856821E-02 +4.019523708E-02 +1.490779774E-01 +9.219030810E-02
5.95000000000E+09 -7.017393483E-01 +5.253081202E-02 -8.092075250E-03 -1.993724208E-02 +1.089182452E-01 +8.876051379E-02
5.96000000000E+09 -5.566422767E-01 +4.309690583E-01 -8.659210643E-02 -4.317331936E-02 +7.403963435E-02 +1.100095091E-01
5.97000000000E+09 -2.262990556E-01 +6.600237913E-01 -1.620657123E-01 -2.321596487E-02 +5.836961192E-02 +1.475073249E-01
5.98000000000E+09 +1.660511348E-01 +6.670652634E-01 -2.110743948E-01 +3.067447910E-02 +6.870607983E-02 +1.864067809E-01
5.99000000000E+09 +4.896094462E-01 +4.671430406E-01 -2.202921019E-01 +9.846763163E-02 +1.000850305E-01 +2.120815483E-01
6.00000000000E+09 +6.552395786E-01 +1.359604429E-01 -1.892610759E-01 +1.573957967E-01 +1.403959904E-01 +2.155753050E-01
6.01000000000E+09 +6.272124154E-01 -2.284427088E-01 -1.285595633E-01 +1.886796128E-01 +1.753239695E-01 +1.965226369E-01
6.02000000000E+09 +4.151258938E-01 -5.285430131E-01 -5.658156703E-02 +1.812944349E-01 +1.936188820E-01 +1.619544179E-01
6.03000000000E+09 +7.036597254E-02 -6.774022742E-01 +5.335824182E-03 +1.343921281E-01 +1.881764608E-01 +1.240134168E-01
6.04000000000E+09 -3.119172274E-01 -6.168608792E-01 +3.685561568E-02 +5.873192000E-02 +1.612113888E-01 +9.683595621E-02
6.05000000000E+09 -6.053182420E-01 -3.484763371E-01 +2.598936538E-02 -2.459464385E-02 +1.226278440E-01 +9.064322281E-02
6.06000000000E+09 -6.982274459E-01 +4.335554705E-02 -2.532657101E-02 -8.990092095E-02 +8.776525087E-02 +1.081679961E-01
6.07000000000E+09 -5.548409814E-01 +4.173619632E-01 -9.992025649E-02 -1.170027304E-01 +7.121423642E-02 +1.425756795E-01
6.08000000000E+09 -2.346259840E-01 +6.430917606E-01 -1.726543563E-01 -9.956149823E-02 +7.832606760E-02 +1.797363565E-01
6.09000000000E+09 +1.454236903E-01 +6.581175665E-01 -2.198820459E-01 -4.623320754E-02 +1.058508303E-01 +2.061347136E-01
6.10000000000E+09 +4.672747101E-01 +4.749229937E-01 -2.275278217E-01 +2.359921454E-02 +1.428020970E-01 +2.128526952E-01
6.11000000000E+09 +6.451346705E-01 +1.566097891E-01 -1.933407583E-01 +8.746111547E-02 +1.760170450E-01 +1.984028316E-01
6.12000000000E+09 +6.336162827E-01 -2.087112362E-01 -1.265345620E-01 +1.250141134E-01 +1.950897752E-01 +1.698944172E-01
6.13000000000E+09 +4.297428261E-01 -5.198587620E-01 -4.509706001E-02 +1.228910144E-01 +1.938233933E-01 +1.365740556E-01
6.14000000000E+09 +8.209654476E-02 -6.783486302E-01 +2.751881126E-02 +7.855093785E-02 +1.737155198E-01 +1.108782900E-01
6.15000000000E+09 -3.049929707E-01 -6.195935451E-01 +6.880434400E-02 +2.714107651E-03 +1.426076405E-01 +1.018501805E-01
6.16000000000E+09 -5.974347385E-01 -3.513637332E-01 +6.551125129E-02 -8.212298207E-02 +1.133759495E-01 +1.124444547E-01
6.17000000000E+09 -6.890667165E-01 +3.421716354E-02 +1.971441824E-02 -1.491326806E-01 +9.769947528E-02 +1.379663205E-01
6.18000000000E+09 -5.530758176E-01 +3.999141289E-01 -5.163353390E-02 -1.777012303E-01 +1.005165040E-01 +1.672648324E-01
6.19000000000E+09 -2.469636607E-01 +6.272145093E-01 -1.233093724E-01 -1.607493586E-01 +1.195316552E-01 +1.893402301E-01
6.20000000000E+09 +1.246178584E-01 +6.561036728E-01 -1.717147976E-01 -1.057302103E-01 +1.465842257E-01 +1.966435035E-01
6.21000000000E+09 +4.518280026E-01 +4.884142876E-01 -1.810116361E-01 -3.050331938E-02 +1.718090361E-01 +1.881647228E-01
6.22000000000E+09 +6.436944507E-01 +1.748628728E-01 -1.467254363E-01 +4.172167083E-02 +1.864084486E-01 +1.687506832E-01
6.23000000000E+09 +6.422074563E-01 -1.972586641E-01 -7.658377525E-02 +8.862576878E-02 +1.864305712E-01 +1.456749104E-01
6.24000000000E+09 +4.385530538E-01 -5.168095583E-01 +1.047941110E-02 +9.445736643E-02 +1.736617580E-01 +1.278332796E-01
6.25000000000E+09 +8.810637430E-02 -6.770717214E-01 +8.932603554E-02 +5.555719197E-02 +1.539198386E-01 +1.215749023E-01
6.26000000000E+09 -2.958850802E-01 -6.170749138E-01 +1.360472677E-01 -1.672965265E-02 +1.360537800E-01 +1.283878205E-01
6.27000000000E+09 -5.823074860E-01 -3.549685883E-01 +1.369140612E-01 -9.931310347E-02 +1.270942953E-01 +1.446147974E-01
6.28000000000E+09 -6.767160308E-01 +1.754296918E-02 +9.364830543E-02 -1.652574303E-01 +1.298437719E-01 +1.625403323E-01
6.29000000000E+09 -5.564175220E-01 +3.763723824E-01 +2.240000720E-02 -1.936411296E-01 +1.420615290E-01 +1.753488772E-01
6.30000000000E+09 -2.673584790E-01 +6.122693186E-01 -5.274299550E-02 -1.756767522E-01 +1.580523272E-01 +1.789976447E-01
6.31000000000E+09 +1.000297715E-01 +6.593927499E-01 -1.070674142E-01 -1.164935158E-01 +1.714595560E-01 +1.734378776E-01
6.32000000000E+09 +4.373203990E-01 +5.049509092E-01 -1.221446395E-01 -3.306663985E-02 +1.777958714E-01 +1.622839037E-01
6.33000000000E+09 +6.424847088E-01 +1.919362243E-01 -9.091217632E-02 +5.014444005E-02 +1.761894526E-01 +1.510307498E-01
6.34000000000E+09 +6.472298116E-01 -1.860124638E-01 -2.023895438E-02 +1.079323048E-01 +1.687068279E-01 +1.447214463E-01
6.35000000000E+09 +4.444057882E-01 -5.077329261E-01 +7.000725820E-02 +1.222997180E-01 +1.607322632E-01 +1.456498537E-01
6.36000000000E+09 +9.861330833E-02 -6.663857078E-01 +1.528162406E-01 +8.895865514E-02 +1.563872659E-01 +1.525171295E-01
6.37000000000E+09 -2.758746197E-01 -6.112246294E-01 +2.032806248E-01 +1.932374109E-02 +1.586034002E-01 +1.613976812E-01
6.38000000000E+09 -5.587804212E-01 -3.647207906E-01 +2.068369269E-01 -6.349374172E-02 +1.664740197E-01 +1.675900236E-01
6.39000000000E+09 -6.651890211E-01 -8.268961099E-03 +1.637459698E-01 -1.326836360E-01 +1.762279172E-01 +1.680682915E-01
6.40000000000E+09 -5.662325819E-01 +3.484973158E-01 +8.810318667E-02 -1.658137375E-01 +1.836611513E-01 +1.627123142E-01
6.41000000000E+09 -2.923001323E-01 +5.983438739E-01 +3.572619795E-03 -1.510255284E-01 +1.854567901E-01 +1.535756969E-01
6.42000000000E+09 +7.576429789E-02 +6.638152648E-01 -6.323383596E-02 -9.085410628E-02 +1.810820397E-01 +1.459089465E-01
6.43000000000E+09 +4.239934164E-01 +5.189002787E-01 -9.035366537E-02 -1.423542006E-03 +1.730227126E-01 +1.434624297E-01
6.44000000000E+09 +6.380778068E-01 +2.062908605E-01 -6.784492782E-02 +9.093432445E-02 +1.656922950E-01 +1.479139372E-01
6.45000000000E+09 +6.459869742E-01 -1.715244586E-01 -1.975908351E-03 +1.584705920E-01 +1.634602024E-01 +1.580190761E-01
6.46000000000E+09 +4.485481915E-01 -4.896279589E-01 +8.691497080E-02 +1.813094726E-01 +1.691964145E-01 +1.688744586E-01
6.47000000000E+09 +1.146459149E-01 -6.488797001E-01 +1.710530272E-01 +1.543053947E-01 +1.814995851E-01 +1.756250491E-01
6.48000000000E+09 -2.483903463E-01 -6.066899497E-01 +2.250127771E-01 +8.780403564E-02 +1.961291118E-01 +1.747276972E-01
6.49000000000E+09 -5.328068325E-01 -3.812564133E-01 +2.328017145E-01 +3.445683403E-03 +2.075492883E-01 +1.652898830E-01
6.50000000000E+09 -6.560823455E-01 -3.930463416E-02 +1.916255362E-01 -7.228413770E-02 +2.112489214E-01 +1.502137890E-01
6.51000000000E+09 -5.786442098E-01 +3.200797828E-01 +1.129561705E-01 -1.148973013E-01 +2.057590336E-01 +1.349099848E-01
6.52000000000E+09 -3.160008166E-01 +5.857663219E-01 +1.967107842E-02 -1.090155587E-01 +1.921501365E-01 +1.261806330E-01
6.53000000000E+09 +5.382265085E-02 +6.664474032E-01 -5.949029992E-02 -5.359157735E-02 +1.763150408E-01 +1.279599436E-01
6.54000000000E+09 +4.085248988E-01 +5.291089833E-01 -9.926279385E-02 +3.575344946E-02 +1.647291353E-01 +1.400565575E-01
6.55000000000E+09 +6.265631723E-01 +2.204748994E-01 -8.722084760E-02 +1.317584074E-01 +1.633667274E-01 +1.587912248E-01
6.56000000000E+09 +6.392719166E-01 -1.514017183E-01 -2.832191394E-02 +2.048403974E-01 +1.739202685E-01 +1.762935672E-01
6.57000000000E+09 +4.535856428E-01 -4.651444322E-01 +5.739863158E-02 +2.338716543E-01 +1.932505430E-01 +1.858100832E-01
6.58000000000E+09 +1.361887201E-01 -6.303862454E-01 +1.426739709E-01 +2.121319659E-01 +2.145683057E-01 +1.833129367E-01
6.59000000000E+09 -2.170866290E-01 -6.063777293E-01 +2.014988809E-01 +1.475261699E-01 +2.306735854E-01 +1.689427198E-01
6.60000000000E+09 -5.073534476E-01 -4.014720651E-01 +2.155679928E-01 +5.974296966E-02 +2.363260837E-01 +1.465423486E-01
6.61000000000E+09 -6.492516515E-01 -6.938253106E-02 +1.787350513E-01 -2.488926651E-02 +2.291407194E-01 +1.246338816E-01
6.62000000000E+09 -5.903244489E-01 +2.953821204E-01 +9.951158123E-02 -7.942970280E-02 +2.106193044E-01 +1.112550161E-01
6.63000000000E+09 -3.366146698E-01 +5.744240461E-01 +2.246989969E-04 -8.457487687E-02 +1.880200835E-01 +1.117946174E-01
6.64000000000E+09 +3.306849560E-02 +6.660638205E-01 -8.828230209E-02 -3.641819294E-02 +1.701950733E-01 +1.266726117E-01
6.65000000000E+09 +3.893060254E-01 +5.356195186E-01 -1.377573077E-01 +5.030311074E-02 +1.649469482E-01 +1.509889942E-01
6.66000000000E+09 +6.095088778E-01 +2.351906827E-01 -1.335845862E-01 +1.474639020E-01 +1.751457575E-01 +1.757145545E-01
6.67000000000E+09 +6.310230690E-01 -1.269190849E-01 -7.930932974E-02 +2.245979417E-01 +1.970374667E-01 +1.913683018E-01
6.68000000000E+09 +4.625487774E-01 -4.368739097E-01 +6.053957230E-03 +2.590596288E-01 +2.237627309E-01 +1.921650345E-01
6.69000000000E+09 +1.631963006E-01 -6.114055475E-01 +9.613050989E-02 +2.419615899E-01 +2.470176360E-01 +1.778052573E-01
6.70000000000E+09 -1.827601300E-01 -6.075163575E-01 +1.641416079E-01 +1.783249487E-01 +2.597995001E-01 +1.528475743E-01
6.71000000000E+09 -4.813795661E-01 -4.228451164E-01 +1.891381943E-01 +8.546946886E-02 +2.575928288E-01 +1.254979530E-01
6.72000000000E+09 -6.418810078E-01 -1.004926341E-01 +1.611612874E-01 -1.018107324E-02 +2.409383616E-01 +1.044946229E-01
6.73000000000E+09 -6.014806995E-01 +2.671364936E-01 +8.554717689E-02 -7.924999878E-02 +2.162438796E-01 +9.662120838E-02
6.74000000000E+09 -3.594321954E-01 +5.564793371E-01 -1.620297713E-02 -9.887012270E-02 +1.928636271E-01 +1.057154075E-01
6.75000000000E+09 +5.291393849E-03 +6.607804334E-01 -1.120279357E-01 -6.185526557E-02 +1.797229987E-01 +1.283281361E-01
6.76000000000E+09 +3.620740585E-01 +5.446131035E-01 -1.713084506E-01 +1.900299059E-02 +1.815974498E-01 +1.549317657E-01
6.77000000000E+09 +5.903358774E-01 +2.586679889E-01 -1.765975802E-01 +1.162363303E-01 +1.980083077E-01 +1.759229669E-01
6.78000000000E+09 +6.283486380E-01 -9.444646393E-02 -1.288876281E-01 +1.985678380E-01 +2.232358232E-01 +1.833906233E-01
6.79000000000E+09 +4.794917069E-01 -4.076240343E-01 -4.459771241E-02 +2.415197663E-01 +2.489457083E-01 +1.757296542E-01
6.80000000000E+09 +1.937510315E-01 -5.974763452E-01 +5.081183358E-02 +2.327604575E-01 +2.667023148E-01 +1.557397016E-01
6.81000000000E+09 -1.508786368E-01 -6.135894870E-01 +1.294493952E-01 +1.736794202E-01 +2.714192995E-01 +1.300402316E-01
6.82000000000E+09 -4.592907137E-01 -4.448555339E-01 +1.674011453E-01 +7.968127227E-02 +2.618379172E-01 +1.066224441E-01
6.83000000000E+09 -6.350750356E-01 -1.299347176E-01 +1.511638375E-01 -2.295125987E-02 +2.420294286E-01 +9.322239609E-02
6.84000000000E+09 -6.092653383E-01 +2.385283742E-01 +8.292991454E-02 -1.030940706E-01 +2.193420520E-01 +9.448899976E-02
6.85000000000E+09 -3.802597540E-01 +5.343489053E-01 -1.702019423E-02 -1.348084554E-01 +2.019177207E-01 +1.096818660E-01
6.86000000000E+09 -2.610784208E-02 +6.519161977E-01 -1.164790991E-01 -1.078970693E-01 +1.966638971E-01 +1.326620015E-01
6.87000000000E+09 +3.278763475E-01 +5.554944342E-01 -1.835153491E-01 -3.261693754E-02 +2.055165074E-01 +1.540206411E-01
6.88000000000E+09 +5.666891982E-01 +2.892329676E-01 -1.979691054E-01 +6.540865458E-02 +2.249590949E-01 +1.661631353E-01
6.89000000000E+09 +6.264892018E-01 -5.424250326E-02 -1.570602203E-01 +1.551232623E-01 +2.481681391E-01 +1.656389045E-01
6.90000000000E+09 +5.012707074E-01 -3.734760514E-01 -7.389570609E-02 +2.096884809E-01 +2.676563768E-01 +1.531240889E-01
6.91000000000E+09 +2.305156430E-01 -5.819853455E-01 +2.748400859E-02 +2.129926344E-01 +2.775932761E-01 +1.329210887E-01
6.92000000000E+09 -1.124721033E-01 -6.206590922E-01 +1.181566301E-01 +1.625768144E-01 +2.757485093E-01 +1.116419659E-01
6.93000000000E+09 -4.308387051E-01 -4.701170161E-01 +1.712264917E-01 +7.108503884E-02 +2.637170178E-01 +9.579073344E-02
6.94000000000E+09 -6.224278179E-01 -1.655105603E-01 +1.690644589E-01 -3.568664002E-02 +2.462714799E-01 +9.051217873E-02
6.95000000000E+09 -6.160793199E-01 +2.003679430E-01 +1.108336943E-01 -1.250821328E-01 +2.299235759E-01 +9.672718407E-02
6.96000000000E+09 -4.074720419E-01 +5.033271470E-01 +1.461896039E-02 -1.685424422E-01 +2.209109837E-01 +1.111679517E-01
6.97000000000E+09 -6.860441735E-02 +6.399283210E-01 -8.831956410E-02 -1.524931084E-01 +2.225823480E-01 +1.278766175E-01
6.98000000000E+09 +2.842668173E-01 +5.701460089E-01 -1.648969722E-01 -8.323348959E-02 +2.341054359E-01 +1.404608311E-01
6.99000000000E+09 +5.395161444E-01 +3.268601759E-01 -1.914323040E-01 +1.633834578E-02 +2.505373383E-01 +1.447719102E-01
7.00000000000E+09 +6.262861238E-01 -9.267557100E-03 -1.603962879E-01 +1.154022600E-01 +2.664637451E-01 +1.398385745E-01

[Channel0\Trace0\Marker0]
Enabled=1
Position=0.2

[Channel0\Trace1]
ReferencePosition[0]=1

[Channel0\Trace1\Marker0]
Enabled=1
Position=0.2

[Channel0\Trace2]
SPort=0
FormatType=2

[Channel0\Trace2\Marker0]
Enabled=1
Position=0.2

[Channel0\Trace3]
SPort=0
FormatType=2

[Channel0\Trace3\Marker0]
Enabled=1
Position=0.2

