[NWA State]
TriggerSource=3

[Channel0]
Points=501
FrequencyStart=2000000000
FrequencyStop=7000000000
FixedPower[0]=1
FixedPower[1]=1
IFBW=1000
CorrectionEnabled=1
TraceCount=4

[Channel0\Correction\22]
Calyyyymmdd=2022/01/18
Calhhmmss=15:09:17
VNATemperature=36.9 °C
Type=3
KitLabel=ACM2509.2
KitDescription=AutoCal Module 20 kHz-9 GHz (CMT), SN: 19039185, Char: Factory, 23.3°C, ThermoComp: ON
CalIFBW=1 kHz
CalPower=1 dBm
CalPorts[0]=1
CalPorts[1]=0

[Channel0\Correction\22\Data]
2.00000000000E+09 -1.319672904E-01 +7.471716911E-01 -7.239180758E-02 +2.339166999E-01 -2.824321170E-01 +2.814853727E-02
2.01000000000E+09 +2.833398731E-01 +7.037080850E-01 +4.739283664E-02 +2.251596219E-01 -2.811806121E-01 +5.327211209E-02
2.02000000000E+09 +6.183277696E-01 +4.486748070E-01 +1.468859063E-01 +1.542158485E-01 -2.669625047E-01 +7.295704129E-02
2.03000000000E+09 +7.714267436E-01 +4.693464351E-02 +1.960006490E-01 +3.956791492E-02 -2.451161148E-01 +8.051936028E-02
2.04000000000E+09 +6.808086951E-01 -3.844181454E-01 +1.775311403E-01 -8.590990096E-02 -2.241700895E-01 +7.395862161E-02
2.05000000000E+09 +3.602529436E-01 -6.997074817E-01 +9.448160689E-02 -1.833068912E-01 -2.128775149E-01 +5.637968352E-02
2.06000000000E+09 -8.486829796E-02 -7.813152358E-01 -2.761384037E-02 -2.205451348E-01 -2.163604017E-01 +3.635898490E-02
2.07000000000E+09 -4.952212953E-01 -6.008933517E-01 -1.488963813E-01 -1.859121930E-01 -2.328404910E-01 +2.313969618E-02
2.08000000000E+09 -7.323997746E-01 -2.323081911E-01 -2.305005450E-01 -9.246646984E-02 -2.552619909E-01 +2.313880243E-02
2.09000000000E+09 -7.335411720E-01 +1.944329801E-01 -2.485025860E-01 +2.875878470E-02 -2.746181690E-01 +3.666046919E-02
2.10000000000E+09 -5.144021838E-01 +5.502904374E-01 -1.991071857E-01 +1.405918349E-01 -2.836903116E-01 +5.875959962E-02
2.11000000000E+09 -1.448889851E-01 +7.392572722E-01 -9.739905384E-02 +2.103995581E-01 -2.794470505E-01 +8.189008933E-02
2.12000000000E+09 +2.730088436E-01 +7.080712758E-01 +2.809723925E-02 +2.171079161E-01 -2.637198704E-01 +9.812117149E-02
2.13000000000E+09 +6.182400222E-01 +4.551603968E-01 +1.410579639E-01 +1.561670228E-01 -2.426577654E-01 +1.020647509E-01
2.14000000000E+09 +7.747958859E-01 +4.570453725E-02 +2.063076697E-01 +4.307851833E-02 -2.250394949E-01 +9.308910658E-02
2.15000000000E+09 +6.762673064E-01 -3.892496929E-01 +2.014478219E-01 -8.843018847E-02 -2.183505347E-01 +7.569982310E-02
2.16000000000E+09 +3.495599129E-01 -6.951875983E-01 +1.269384526E-01 -1.961704834E-01 -2.253522044E-01 +5.879251860E-02
2.17000000000E+09 -8.715247697E-02 -7.657962040E-01 +7.675097358E-03 -2.456739389E-01 -2.427448130E-01 +5.054665308E-02
2.18000000000E+09 -4.818104617E-01 -5.891777254E-01 -1.171325632E-01 -2.230439116E-01 -2.628013747E-01 +5.541269610E-02
2.19000000000E+09 -7.145932246E-01 -2.374486610E-01 -2.088194131E-01 -1.377942755E-01 -2.770124480E-01 +7.160609147E-02
2.20000000000E+09 -7.281694287E-01 +1.771373127E-01 -2.408186254E-01 -1.706584352E-02 -2.799183203E-01 +9.331177854E-02
2.21000000000E+09 -5.248029405E-01 +5.377618173E-01 -2.039445989E-01 +1.036625749E-01 -2.701981770E-01 +1.125676844E-01
2.22000000000E+09 -1.578803252E-01 +7.415084427E-01 -1.074224637E-01 +1.888849258E-01 -2.518788904E-01 +1.226891735E-01
2.23000000000E+09 +2.709151312E-01 +7.174806677E-01 +2.228311872E-02 +2.113045145E-01 -2.322598959E-01 +1.198978928E-01
2.24000000000E+09 +6.246769382E-01 +4.568847548E-01 +1.463196204E-01 +1.609805976E-01 -2.196980932E-01 +1.060677602E-01
2.25000000000E+09 +7.746067566E-01 +3.785172693E-02 +2.247006046E-01 +5.156034556E-02 -2.201762412E-01 +8.794994212E-02
2.26000000000E+09 +6.636890542E-01 -3.918968280E-01 +2.317133390E-01 -8.190181178E-02 -2.334935646E-01 +7.451190994E-02
2.27000000000E+09 +3.385541528E-01 -6.821435743E-01 +1.664464684E-01 -1.959926117E-01 -2.536604855E-01 +7.291346725E-02
2.28000000000E+09 -8.082249090E-02 -7.471732553E-01 +5.205364213E-02 -2.556236092E-01 -2.720472888E-01 +8.451026928E-02
2.29000000000E+09 -4.615853910E-01 -5.839804986E-01 -7.498353106E-02 -2.446716487E-01 -2.809171715E-01 +1.051622003E-01
2.30000000000E+09 -6.991786884E-01 -2.507414532E-01 -1.769579955E-01 -1.678167620E-01 -2.767058081E-01 +1.274161718E-01
2.31000000000E+09 -7.299925236E-01 +1.593244282E-01 -2.239932510E-01 -4.693765380E-02 -2.610219523E-01 +1.433812451E-01
2.32000000000E+09 -5.370224760E-01 +5.316928097E-01 -2.000304806E-01 +8.390006161E-02 -2.398616987E-01 +1.470550301E-01
2.33000000000E+09 -1.641968700E-01 +7.470402973E-01 -1.085701743E-01 +1.851382168E-01 -2.220956214E-01 +1.372426400E-01
2.34000000000E+09 +2.751489967E-01 +7.194802700E-01 +2.504243926E-02 +2.233127438E-01 -2.159370802E-01 +1.187889940E-01
2.35000000000E+09 +6.254359555E-01 +4.472988330E-01 +1.590269545E-01 +1.841162041E-01 -2.247541138E-01 +1.008877180E-01
2.36000000000E+09 +7.602738395E-01 +2.981784222E-02 +2.501455617E-01 +8.027240214E-02 -2.451884236E-01 +9.313648361E-02
2.37000000000E+09 +6.445846681E-01 -3.813515691E-01 +2.709956799E-01 -5.332000180E-02 -2.683010740E-01 +1.005161131E-01
2.38000000000E+09 +3.359702830E-01 -6.566880682E-01 +2.186167684E-01 -1.745043774E-01 -2.835022767E-01 +1.215129568E-01
2.39000000000E+09 -6.087373184E-02 -7.287536586E-01 +1.118601920E-01 -2.483840242E-01 -2.844704115E-01 +1.490106937E-01
2.40000000000E+09 -4.376877540E-01 -5.871050264E-01 -1.832317459E-02 -2.550584343E-01 -2.697883708E-01 +1.735407587E-01
2.41000000000E+09 -6.899059700E-01 -2.695343029E-01 -1.333665821E-01 -1.918913779E-01 -2.435845091E-01 +1.862037034E-01
2.42000000000E+09 -7.396856059E-01 +1.453745499E-01 -1.996182151E-01 -7.487979809E-02 -2.148552761E-01 +1.820412438E-01
2.43000000000E+09 -5.489570167E-01 +5.345650675E-01 -1.935487776E-01 +6.304797628E-02 -1.945990225E-01 +1.617243627E-01
2.44000000000E+09 -1.621134434E-01 +7.555818635E-01 -1.128920757E-01 +1.782683528E-01 -1.920169171E-01 +1.332570489E-01
2.45000000000E+09 +2.850925647E-01 +7.153889751E-01 +1.780484969E-02 +2.316036891E-01 -2.092452171E-01 +1.096017193E-01
2.46000000000E+09 +6.233946685E-01 +4.322538267E-01 +1.546349468E-01 +2.058312908E-01 -2.390822181E-01 +1.017141938E-01
2.47000000000E+09 +7.422227747E-01 +2.399427356E-02 +2.533434315E-01 +1.127146093E-01 -2.687842497E-01 +1.142250308E-01
2.48000000000E+09 +6.285416401E-01 -3.671921910E-01 +2.862805939E-01 -1.503522521E-02 -2.862434426E-01 +1.428952201E-01
2.49000000000E+09 +3.389691802E-01 -6.347868640E-01 +2.478732774E-01 -1.385637791E-01 -2.849038093E-01 +1.775374708E-01
2.50000000000E+09 -4.212577566E-02 -7.193847317E-01 +1.509752757E-01 -2.237124425E-01 -2.643563634E-01 +2.066462961E-01
2.51000000000E+09 -4.198206141E-01 -5.981214899E-01 +2.212461404E-02 -2.463724150E-01 -2.310444500E-01 +2.202630884E-01
2.52000000000E+09 -6.896828504E-01 -2.866670211E-01 -1.029193768E-01 -1.969019399E-01 -1.956815692E-01 +2.128064641E-01
2.53000000000E+09 -7.498439951E-01 +1.405350793E-01 -1.849774818E-01 -8.516474981E-02 -1.718312230E-01 +1.862473014E-01
2.54000000000E+09 -5.507949619E-01 +5.409097379E-01 -1.937632103E-01 +5.641329366E-02 -1.697709218E-01 +1.504047846E-01
2.55000000000E+09 -1.521556564E-01 +7.547593233E-01 -1.231876939E-01 +1.805097782E-01 -1.915865951E-01 +1.208818105E-01
2.56000000000E+09 +2.885417101E-01 +6.999025221E-01 +2.262332201E-03 +2.448184941E-01 -2.280094316E-01 +1.112840396E-01
2.57000000000E+09 +6.079791650E-01 +4.184003483E-01 +1.389590002E-01 +2.310164788E-01 -2.634362463E-01 +1.259604382E-01
2.58000000000E+09 +7.193905228E-01 +2.937137684E-02 +2.439834013E-01 +1.487818708E-01 -2.843393559E-01 +1.592646557E-01
2.59000000000E+09 +6.187704653E-01 -3.458148487E-01 +2.893897553E-01 +2.632044738E-02 -2.833089714E-01 +1.990997249E-01
2.60000000000E+09 +3.490845996E-01 -6.161048125E-01 +2.650825509E-01 -1.012837297E-01 -2.610092117E-01 +2.327010079E-01
2.61000000000E+09 -2.458762840E-02 -7.171997756E-01 +1.775371087E-01 -1.994056847E-01 -2.240804282E-01 +2.492886494E-01
2.62000000000E+09 -4.121479589E-01 -6.080783198E-01 +4.852360048E-02 -2.388769201E-01 -1.843645186E-01 +2.433138256E-01
2.63000000000E+09 -6.941961369E-01 -2.919887947E-01 -8.581604376E-02 -2.031639348E-01 -1.561116501E-01 +2.158405579E-01
2.64000000000E+09 -7.518609059E-01 +1.467770239E-01 -1.818823389E-01 -9.810975628E-02 -1.506475884E-01 +1.769747719E-01
2.65000000000E+09 -5.404061313E-01 +5.455073107E-01 -2.047376224E-01 +4.363689667E-02 -1.705519792E-01 +1.433942741E-01
2.66000000000E+09 -1.410326132E-01 +7.441566394E-01 -1.461813996E-01 +1.731940337E-01 -2.070434184E-01 +1.299835192E-01
2.67000000000E+09 +2.835708732E-01 +6.824904307E-01 -2.924176920E-02 +2.476444860E-01 -2.441965886E-01 +1.419497394E-01
2.68000000000E+09 +5.896364780E-01 +4.135391105E-01 +1.052560477E-01 +2.476551455E-01 -2.672662587E-01 +1.736819203E-01
2.69000000000E+09 +7.060619515E-01 +4.218506775E-02 +2.169771088E-01 +1.785075184E-01 -2.687551822E-01 +2.129909791E-01
2.70000000000E+09 +6.225592856E-01 -3.284300438E-01 +2.762017432E-01 +6.266644285E-02 -2.486837371E-01 +2.467623968E-01
2.71000000000E+09 +3.644439264E-01 -6.102729021E-01 +2.675685213E-01 -6.818219486E-02 -2.140966687E-01 +2.647446817E-01
2.72000000000E+09 -1.333641000E-02 -7.254461531E-01 +1.910786045E-01 -1.783019818E-01 -1.760449696E-01 +2.609519076E-01
2.73000000000E+09 -4.133241519E-01 -6.178757745E-01 +6.471966028E-02 -2.334559788E-01 -1.479830722E-01 +2.369333410E-01
2.74000000000E+09 -6.987184160E-01 -2.922818131E-01 -7.488903224E-02 -2.118661674E-01 -1.402927616E-01 +2.016448561E-01
2.75000000000E+09 -7.471473435E-01 +1.487568244E-01 -1.812955093E-01 -1.166368878E-01 -1.558110109E-01 +1.702312822E-01
2.76000000000E+09 -5.323634801E-01 +5.351790519E-01 -2.176675139E-01 +2.060633036E-02 -1.870941818E-01 +1.563588302E-01
2.77000000000E+09 -1.473945795E-01 +7.250509730E-01 -1.738507198E-01 +1.527064941E-01 -2.199467752E-01 +1.650716556E-01
2.78000000000E+09 +2.602535985E-01 +6.746981804E-01 -6.836188915E-02 +2.380953340E-01 -2.411108169E-01 +1.917524371E-01
2.79000000000E+09 +5.674311527E-01 +4.279114288E-01 +6.365418022E-02 +2.543085024E-01 -2.433368353E-01 +2.254210544E-01
2.80000000000E+09 +7.028986612E-01 +6.800295516E-02 +1.838799462E-01 +1.997966359E-01 -2.273178210E-01 +2.546450483E-01
2.81000000000E+09 +6.383073765E-01 -3.115796884E-01 +2.592773260E-01 +9.027689072E-02 -1.987932114E-01 +2.701292023E-01
2.82000000000E+09 +3.821055868E-01 -6.117874817E-01 +2.673091658E-01 -4.494272086E-02 -1.679424457E-01 +2.676978823E-01
2.83000000000E+09 -8.687251234E-03 -7.352219590E-01 +2.018729646E-01 -1.672550397E-01 -1.452547588E-01 +2.492596748E-01
2.84000000000E+09 -4.173575413E-01 -6.192247029E-01 +7.888770731E-02 -2.372786610E-01 -1.388416497E-01 +2.229956756E-01
2.85000000000E+09 -6.944677461E-01 -2.856864924E-01 -6.363075979E-02 -2.296477803E-01 -1.499069628E-01 +2.007439277E-01
2.86000000000E+09 -7.321275001E-01 +1.457770382E-01 -1.783741045E-01 -1.460750665E-01 -1.719948922E-01 +1.921425008E-01
2.87000000000E+09 -5.251445969E-01 +5.157637141E-01 -2.283855054E-01 -1.580687217E-02 -1.941597906E-01 +2.002081668E-01
2.88000000000E+09 -1.614158126E-01 +7.062419486E-01 -2.009533218E-01 +1.180910916E-01 -2.065229388E-01 +2.205083842E-01
2.89000000000E+09 +2.359687548E-01 +6.760775434E-01 -1.080299901E-01 +2.153678254E-01 -2.047034930E-01 +2.443775962E-01
2.90000000000E+09 +5.552631585E-01 +4.480572851E-01 +2.148536042E-02 +2.491672568E-01 -1.900529986E-01 +2.629907450E-01
2.91000000000E+09 +7.119317330E-01 +8.693627535E-02 +1.503922462E-01 +2.101542710E-01 -1.685533651E-01 +2.700561501E-01
2.92000000000E+09 +6.555456353E-01 -3.105199664E-01 +2.412300804E-01 +1.080743457E-01 -1.480884866E-01 +2.641771348E-01
2.93000000000E+09 +3.879006664E-01 -6.237544559E-01 +2.649355697E-01 -2.881016328E-02 -1.362775512E-01 +2.490126563E-01
2.94000000000E+09 -1.665072560E-02 -7.403787726E-01 +2.114995924E-01 -1.587147821E-01 -1.369864782E-01 +2.323296507E-01
2.95000000000E+09 -4.207348304E-01 -6.097646387E-01 +9.636756066E-02 -2.396319860E-01 -1.481328154E-01 +2.223941984E-01
2.96000000000E+09 -6.809251361E-01 -2.782584792E-01 -4.291130416E-02 -2.456632189E-01 -1.627679998E-01 +2.240174802E-01
2.97000000000E+09 -7.153167249E-01 +1.336767816E-01 -1.616981958E-01 -1.768952734E-01 -1.727767680E-01 +2.360079617E-01
2.98000000000E+09 -5.273875397E-01 +4.915334915E-01 -2.244372293E-01 -5.726281215E-02 -1.727948803E-01 +2.528162931E-01
2.99000000000E+09 -1.843393828E-01 +6.940435385E-01 -2.142932386E-01 +7.627770159E-02 -1.625224686E-01 +2.669143213E-01
3.00000000000E+09 +2.541483617E-01 +6.738641818E-01 -1.239721043E-01 +1.922115156E-01 -1.458021322E-01 +2.724264402E-01
3.01000000000E+09 +5.831773318E-01 +4.332266066E-01 +5.843185200E-03 +2.353587253E-01 -1.293569926E-01 +2.670630524E-01
3.02000000000E+09 +7.327598208E-01 +4.539564870E-02 +1.404964551E-01 +2.018469726E-01 -1.202252972E-01 +2.534809868E-01
3.03000000000E+09 +6.422602360E-01 -3.658526075E-01 +2.367346379E-01 +1.004950495E-01 -1.225036410E-01 +2.386012363E-01
3.04000000000E+09 +3.367961939E-01 -6.575118447E-01 +2.635946362E-01 -3.674913215E-02 -1.349344628E-01 +2.307061555E-01
3.05000000000E+09 -7.326626089E-02 -7.290363398E-01 +2.136551946E-01 -1.655218233E-01 -1.507195979E-01 +2.347181940E-01
3.06000000000E+09 -4.457086391E-01 -5.695592616E-01 +1.054374613E-01 -2.467218173E-01 -1.611524367E-01 +2.502241909E-01
3.07000000000E+09 -6.702387428E-01 -2.471739497E-01 -2.614797408E-02 -2.591594893E-01 -1.601340020E-01 +2.713766258E-01
3.08000000000E+09 -6.967151464E-01 +1.362411089E-01 -1.433647246E-01 -2.028485531E-01 -1.459008038E-01 +2.897063386E-01
3.09000000000E+09 -5.265426806E-01 +4.789526224E-01 -2.145621944E-01 -9.496123767E-02 -1.226562185E-01 +2.974486159E-01
3.10000000000E+09 -1.995131548E-01 +6.917125555E-01 -2.199057083E-01 +3.567667431E-02 -9.779039566E-02 +2.906758466E-01
3.11000000000E+09 +2.033354228E-01 +7.029554066E-01 -1.549411455E-01 +1.518635538E-01 -8.104414806E-02 +2.705475336E-01
3.12000000000E+09 +5.617198709E-01 +4.860604411E-01 -3.515594080E-02 +2.170688264E-01 -7.966112122E-02 +2.441740556E-01
3.13000000000E+09 +7.416038158E-01 +9.519860355E-02 +1.031949435E-01 +2.066817265E-01 -9.552076638E-02 +2.229328678E-01
3.14000000000E+09 +6.657603488E-01 -3.310729252E-01 +2.140457871E-01 +1.217767747E-01 -1.224429893E-01 +2.171596446E-01
3.15000000000E+09 +3.666200973E-01 -6.327683993E-01 +2.603004651E-01 -8.688412429E-03 -1.484687354E-01 +2.307338777E-01
3.16000000000E+09 -3.431276615E-02 -7.149847601E-01 +2.297762242E-01 -1.410456808E-01 -1.616721952E-01 +2.592283526E-01
3.17000000000E+09 -4.014131166E-01 -5.764406200E-01 +1.362666379E-01 -2.350686988E-01 -1.560408595E-01 +2.919310681E-01
3.18000000000E+09 -6.379135106E-01 -2.781429926E-01 +9.960693647E-03 -2.662420340E-01 -1.323796546E-01 +3.169351747E-01
3.19000000000E+09 -6.918677688E-01 +9.612015192E-02 -1.133765001E-01 -2.281201523E-01 -9.783934954E-02 +3.255274316E-01
3.20000000000E+09 -5.463169572E-01 +4.535338856E-01 -1.997178274E-01 -1.308962351E-01 -6.293093332E-02 +3.137005571E-01
3.21000000000E+09 -2.222813731E-01 +6.920150292E-01 -2.223913490E-01 -3.368329113E-04 -4.025982898E-02 +2.840654250E-01
3.22000000000E+09 +1.985984180E-01 +7.159467775E-01 -1.700169158E-01 +1.248897627E-01 -3.915441905E-02 +2.465775969E-01
3.23000000000E+09 +5.711614074E-01 +4.882455922E-01 -5.531666664E-02 +2.023381593E-01 -6.132865228E-02 +2.162377570E-01
3.24000000000E+09 +7.433926013E-01 +8.289821126E-02 +8.398948905E-02 +2.034037967E-01 -9.840767601E-02 +2.069321446E-01
3.25000000000E+09 +6.513892874E-01 -3.379040089E-01 +1.997299773E-01 +1.283629288E-01 -1.341998258E-01 +2.232968111E-01
3.26000000000E+09 +3.530898977E-01 -6.207702648E-01 +2.552860463E-01 +5.654751439E-03 -1.533450827E-01 +2.589235400E-01
3.27000000000E+09 -2.915202988E-02 -6.956352168E-01 +2.383615373E-01 -1.241189622E-01 -1.483293860E-01 +2.998849919E-01
3.28000000000E+09 -3.808363598E-01 -5.704706637E-01 +1.590909587E-01 -2.241728885E-01 -1.208790537E-01 +3.322242787E-01
3.29000000000E+09 -6.209715062E-01 -2.919633027E-01 +4.138391435E-02 -2.695079636E-01 -7.990986148E-02 +3.451419874E-01
3.30000000000E+09 -6.931262823E-01 +7.481510027E-02 -8.335874616E-02 -2.483784613E-01 -3.730013074E-02 +3.341615065E-01
3.31000000000E+09 -5.622556840E-01 +4.429605881E-01 -1.806797129E-01 -1.642017930E-01 -7.121254570E-03 +3.014039714E-01
3.32000000000E+09 -2.365037241E-01 +6.968410383E-01 -2.191250803E-01 -3.807200225E-02 -5.792355941E-04 +2.572544176E-01
3.33000000000E+09 +1.958111286E-01 +7.238018188E-01 -1.812906643E-01 +9.138576935E-02 -2.121681605E-02 +2.180291820E-01
3.34000000000E+09 +5.709162426E-01 +4.887458173E-01 -7.665081270E-02 +1.788683520E-01 -6.169360109E-02 +2.001599293E-01
3.35000000000E+09 +7.359183462E-01 +8.373752842E-02 +5.837542859E-02 +1.933246531E-01 -1.045775813E-01 +2.111285752E-01
3.36000000000E+09 +6.438956308E-01 -3.254811115E-01 +1.769847287E-01 +1.326228427E-01 -1.319273851E-01 +2.458297584E-01
3.37000000000E+09 +3.594017680E-01 -6.018930963E-01 +2.430108239E-01 +2.111776016E-02 -1.337772064E-01 +2.897189841E-01
3.38000000000E+09 -8.037395297E-03 -6.865275221E-01 +2.416807416E-01 -1.052395004E-01 -1.110121599E-01 +3.274892011E-01
3.39000000000E+09 -3.590172956E-01 -5.802763233E-01 +1.773827418E-01 -2.117317233E-01 -7.168230013E-02 +3.469424124E-01
3.40000000000E+09 -6.133765287E-01 -3.140068557E-01 +6.816192027E-02 -2.708976776E-01 -2.801827129E-02 +3.427399327E-01
3.41000000000E+09 -7.022581788E-01 +5.618774520E-02 -5.736204548E-02 -2.656653671E-01 +6.867506650E-03 +3.160023611E-01
3.42000000000E+09 -5.770534055E-01 +4.370966717E-01 -1.635943972E-01 -1.938170113E-01 +2.124012691E-02 +2.752575591E-01
3.43000000000E+09 -2.460158764E-01 +6.985320985E-01 -2.152350692E-01 -7.340780375E-02 +9.854205004E-03 +2.345742954E-01
3.44000000000E+09 +1.887860147E-01 +7.240256083E-01 -1.914722417E-01 +5.737951675E-02 -2.271860159E-02 +2.097652761E-01
3.45000000000E+09 +5.593366697E-01 +4.904273552E-01 -9.855795630E-02 +1.532200799E-01 -6.235496386E-02 +2.103442180E-01
3.46000000000E+09 +7.232422644E-01 +9.810798081E-02 +2.973088367E-02 +1.815471432E-01 -9.241549047E-02 +2.347761008E-01
3.47000000000E+09 +6.456111562E-01 -3.008963963E-01 +1.503587997E-01 +1.372896223E-01 -1.015389270E-01 +2.718167645E-01
3.48000000000E+09 +3.805500908E-01 -5.844724825E-01 +2.279470417E-01 +3.865076150E-02 -8.833376165E-02 +3.069557121E-01
3.49000000000E+09 +1.990468665E-02 -6.895950954E-01 +2.434230716E-01 -8.361325014E-02 -5.842732785E-02 +3.287131666E-01
3.50000000000E+09 -3.419361930E-01 -6.008870175E-01 +1.947485219E-01 -1.957163835E-01 -2.202610581E-02 +3.312157843E-01
3.51000000000E+09 -6.143887153E-01 -3.370686603E-01 +9.516202253E-02 -2.671095984E-01 +9.540373934E-03 +3.147538251E-01
3.52000000000E+09 -7.135294244E-01 +4.321744290E-02 -2.855479700E-02 -2.760526549E-01 +2.644116102E-02 +2.849032770E-01
3.53000000000E+09 -5.866963941E-01 +4.324499509E-01 -1.396074032E-01 -2.164392964E-01 +2.408328752E-02 +2.521994468E-01
3.54000000000E+09 -2.541798152E-01 +6.928035531E-01 -2.011537700E-01 -1.043016888E-01 +4.471121477E-03 +2.285047805E-01
3.55000000000E+09 +1.723643503E-01 +7.184056941E-01 -1.909359480E-01 +2.418291744E-02 -2.324074470E-02 +2.224256507E-01
3.56000000000E+09 +5.346812547E-01 +4.999041573E-01 -1.122185714E-01 +1.259038961E-01 -4.737627130E-02 +2.346326818E-01
3.57000000000E+09 +7.095227785E-01 +1.265779045E-01 +7.609589190E-03 +1.686167432E-01 -5.875944535E-02 +2.584928755E-01
3.58000000000E+09 +6.565415886E-01 -2.691456959E-01 +1.300525625E-01 +1.418838973E-01 -5.438959670E-02 +2.838196769E-01
3.59000000000E+09 +4.101601190E-01 -5.698639619E-01 +2.193431216E-01 +5.661535189E-02 -3.694321260E-02 +3.021488592E-01
3.60000000000E+09 +4.849806695E-02 -6.984184828E-01 +2.515009513E-01 -6.117187955E-02 -1.330250048E-02 +3.082109554E-01
3.61000000000E+09 -3.292662818E-01 -6.218721732E-01 +2.181843257E-01 -1.778541960E-01 +9.017380698E-03 +3.015256190E-01
3.62000000000E+09 -6.159706977E-01 -3.546083341E-01 +1.285561241E-01 -2.597205350E-01 +2.358051277E-02 +2.854616073E-01
3.63000000000E+09 -7.180118139E-01 +3.303202599E-02 +8.442558347E-03 -2.813592828E-01 +2.751787692E-02 +2.658052242E-01
3.64000000000E+09 -5.904479502E-01 +4.213198898E-01 -1.051931955E-01 -2.346153659E-01 +2.167272489E-02 +2.499236900E-01
3.65000000000E+09 -2.661130442E-01 +6.777211380E-01 -1.758817485E-01 -1.330223151E-01 +1.015011589E-02 +2.422582786E-01
3.66000000000E+09 +1.458630846E-01 +7.121470798E-01 -1.805025665E-01 -9.013595664E-03 -1.307129883E-03 +2.436626615E-01
3.67000000000E+09 +5.062273908E-01 +5.167330800E-01 -1.181265475E-01 +9.794382416E-02 -8.494348340E-03 +2.515052873E-01
3.68000000000E+09 +7.007319550E-01 +1.618280195E-01 -9.332018606E-03 +1.553421722E-01 -9.194968451E-03 +2.613828495E-01
3.69000000000E+09 +6.751906851E-01 -2.374363955E-01 +1.122340417E-01 +1.471593662E-01 -4.467267766E-03 +2.692080807E-01
3.70000000000E+09 +4.427318030E-01 -5.598000579E-01 +2.103804143E-01 +7.728671243E-02 +3.059282045E-03 +2.730213992E-01
3.71000000000E+09 +7.518393243E-02 -7.094238114E-01 +2.565760147E-01 -3.255660130E-02 +1.050230291E-02 +2.725695680E-01
3.72000000000E+09 -3.164894477E-01 -6.402098645E-01 +2.374327943E-01 -1.491028420E-01 +1.614758017E-02 +2.695819297E-01
3.73000000000E+09 -6.111425844E-01 -3.712858397E-01 +1.592019926E-01 -2.368657298E-01 +2.000220769E-02 +2.662676820E-01
3.74000000000E+09 -7.153527618E-01 +1.441176231E-02 +4.600151476E-02 -2.688464889E-01 +2.303979281E-02 +2.639345354E-01
3.75000000000E+09 -5.960575474E-01 +3.960062407E-01 -6.719883992E-02 -2.351273724E-01 +2.636565854E-02 +2.626939204E-01
3.76000000000E+09 -2.909126649E-01 +6.541177292E-01 -1.456765186E-01 -1.457902231E-01 +3.012988239E-02 +2.610806508E-01
3.77000000000E+09 +1.053914181E-01 +7.092077886E-01 -1.654913923E-01 -2.777948044E-02 +3.385961036E-02 +2.579603295E-01
3.78000000000E+09 +4.710013032E-01 +5.432914105E-01 -1.204971690E-01 +8.354339408E-02 +3.605239607E-02 +2.529462273E-01
3.79000000000E+09 +6.915523706E-01 +2.048050653E-01 -2.404893219E-02 +1.549316875E-01 +3.510096941E-02 +2.473188652E-01
3.80000000000E+09 +6.939899000E-01 -2.019566571E-01 +9.482771581E-02 +1.648685261E-01 +3.055643814E-02 +2.428212590E-01
3.81000000000E+09 +4.736064301E-01 -5.459651126E-01 +1.995472103E-01 +1.105641273E-01 +2.388448512E-02 +2.419985002E-01
3.82000000000E+09 +1.016550952E-01 -7.132915510E-01 +2.577093302E-01 +9.687050187E-03 +1.826218286E-02 +2.463294628E-01
3.83000000000E+09 -2.981001688E-01 -6.513876554E-01 +2.518916979E-01 -1.051562010E-01 +1.714908721E-02 +2.554610042E-01
3.84000000000E+09 -5.970950106E-01 -3.863495704E-01 +1.853239838E-01 -1.979097094E-01 +2.271888242E-02 +2.659333646E-01
3.85000000000E+09 -7.070519480E-01 -7.543734462E-03 +7.960091443E-02 -2.404384298E-01 +3.469668381E-02 +2.734575788E-01
3.86000000000E+09 -6.015169276E-01 +3.690617289E-01 -3.297788354E-02 -2.207422628E-01 +5.071906822E-02 +2.742202560E-01
3.87000000000E+09 -3.142776600E-01 +6.343398678E-01 -1.193975510E-01 -1.447552093E-01 +6.565568535E-02 +2.665151513E-01
3.88000000000E+09 +7.337092792E-02 +7.093892431E-01 -1.543194514E-01 -3.444118978E-02 +7.487024934E-02 +2.517053989E-01
3.89000000000E+09 +4.476865526E-01 +5.640412269E-01 -1.269810024E-01 +7.815616859E-02 +7.464893490E-02 +2.334764319E-01
3.90000000000E+09 +6.880970152E-01 +2.329463371E-01 -4.498239698E-02 +1.591879383E-01 +6.446718417E-02 +2.179132740E-01
3.91000000000E+09 +7.069705925E-01 -1.812147078E-01 +6.638832742E-02 +1.832670311E-01 +4.778746104E-02 +2.105984365E-01
3.92000000000E+09 +4.920767857E-01 -5.374505479E-01 +1.710619686E-01 +1.431688484E-01 +3.055315974E-02 +2.151269570E-01
3.93000000000E+09 +1.192190210E-01 -7.130087056E-01 +2.351271905E-01 +5.328184640E-02 +1.985010600E-02 +2.298884804E-01
3.94000000000E+09 -2.813753009E-01 -6.570049401E-01 +2.390780678E-01 -5.594075799E-02 +2.036601216E-02 +2.495736854E-01
3.95000000000E+09 -5.825881201E-01 -4.006650472E-01 +1.834221022E-01 -1.496641926E-01 +3.249359710E-02 +2.665951937E-01
3.96000000000E+09 -7.016071692E-01 -3.103138952E-02 +8.614964493E-02 -1.999886022E-01 +5.272870266E-02 +2.747601982E-01
3.97000000000E+09 -6.121212011E-01 +3.436162382E-01 -2.402022930E-02 -1.926839368E-01 +7.463401489E-02 +2.712514282E-01
3.98000000000E+09 -3.397193997E-01 +6.193125741E-01 -1.158121629E-01 -1.297735565E-01 +9.124054816E-02 +2.561308419E-01
3.99000000000E+09 +4.360913530E-02 +7.128042621E-01 -1.627411435E-01 -2.839760305E-02 +9.747070096E-02 +2.340866153E-01
4.00000000000E+09 +4.264609391E-01 +5.835312928E-01 -1.501033264E-01 +8.224171226E-02 +9.092837492E-02 +2.120811010E-01
4.01000000000E+09 +6.817047588E-01 +2.592212972E-01 -8.095848689E-02 +1.681607013E-01 +7.386409390E-02 +1.979087365E-01
4.02000000000E+09 +7.141791073E-01 -1.574062158E-01 +2.266654118E-02 +2.017067348E-01 +5.281261643E-02 +1.968350956E-01
4.03000000000E+09 +5.085854328E-01 -5.207185963E-01 +1.262224101E-01 +1.722139633E-01 +3.577973792E-02 +2.089022089E-01
4.04000000000E+09 +1.413714246E-01 -7.066281378E-01 +1.954814502E-01 +9.057909634E-02 +2.955590210E-02 +2.291354742E-01
4.05000000000E+09 -2.589614873E-01 -6.634358037E-01 +2.088421808E-01 -1.558937003E-02 +3.648992766E-02 +2.500128619E-01
4.06000000000E+09 -5.675024696E-01 -4.188549762E-01 +1.635030475E-01 -1.129707544E-01 +5.397435089E-02 +2.639895877E-01
4.07000000000E+09 -7.001044317E-01 -5.445594834E-02 +7.386258558E-02 -1.730765569E-01 +7.634507232E-02 +2.663536610E-01
4.08000000000E+09 -6.241188485E-01 +3.246566151E-01 -3.419354760E-02 -1.792225583E-01 +9.663242750E-02 +2.564150828E-01
4.09000000000E+09 -3.594763720E-01 +6.111854115E-01 -1.300761064E-01 -1.298840186E-01 +1.091081079E-01 +2.372806892E-01
4.10000000000E+09 +2.348264000E-02 +7.166066112E-01 -1.863239063E-01 -3.913712811E-02 +1.097292851E-01 +2.149024304E-01
4.11000000000E+09 +4.105302989E-01 +5.969068870E-01 -1.860577954E-01 +6.602122598E-02 +9.891390529E-02 +1.963397489E-01
4.12000000000E+09 +6.733559025E-01 +2.798539325E-01 -1.294475983E-01 +1.526842051E-01 +8.071734466E-02 +1.875435432E-01
4.13000000000E+09 +7.176869814E-01 -1.324322494E-01 -3.528565675E-02 +1.928558441E-01 +6.185882555E-02 +1.909067402E-01
4.14000000000E+09 +5.277069709E-01 -4.988673040E-01 +6.507587802E-02 +1.737505635E-01 +4.925825789E-02 +2.043706341E-01
4.15000000000E+09 +1.733648672E-01 -6.987979055E-01 +1.387947412E-01 +1.021341145E-01 +4.689283920E-02 +2.222080759E-01
4.16000000000E+09 -2.256240236E-01 -6.767290081E-01 +1.630799621E-01 +1.166865592E-03 +5.505540822E-02 +2.382080627E-01
4.17000000000E+09 -5.468715508E-01 -4.500691064E-01 +1.312144326E-01 -9.860546464E-02 +7.049552353E-02 +2.471413871E-01
4.18000000000E+09 -6.998673380E-01 -9.187007410E-02 +5.288725218E-02 -1.684248197E-01 +8.842682438E-02 +2.468677596E-01
4.19000000000E+09 -6.434329236E-01 +2.931301272E-01 -4.922881085E-02 -1.889376075E-01 +1.035489784E-01 +2.375587066E-01
4.20000000000E+09 -3.916319182E-01 +5.936421773E-01 -1.460445635E-01 -1.549397665E-01 +1.117379988E-01 +2.227680132E-01
4.21000000000E+09 -1.375256942E-02 +7.163884123E-01 -2.093448034E-01 -7.662852175E-02 +1.116317841E-01 +2.067267068E-01
4.22000000000E+09 +3.766395030E-01 +6.153639678E-01 -2.200175429E-01 +2.188579943E-02 +1.040368277E-01 +1.940540279E-01
4.23000000000E+09 +6.528407133E-01 +3.150523143E-01 -1.749119912E-01 +1.092450579E-01 +9.161814086E-02 +1.878579699E-01
4.24000000000E+09 +7.204227705E-01 -8.952930050E-02 -8.847193609E-02 +1.569643622E-01 +7.902966972E-02 +1.890400112E-01
4.25000000000E+09 +5.558814113E-01 -4.645566494E-01 +1.138292287E-02 +1.491585938E-01 +7.002989229E-02 +1.963267938E-01
4.26000000000E+09 +2.159045912E-01 -6.877034815E-01 +9.274892907E-02 +8.796534663E-02 +6.729080997E-02 +2.068640573E-01
4.27000000000E+09 -1.865977079E-01 -6.917683466E-01 +1.305762975E-01 -7.838345137E-03 +7.099055266E-02 +2.174227057E-01
4.28000000000E+09 -5.250135588E-01 -4.820785691E-01 +1.139474386E-01 -1.095523818E-01 +7.989015402E-02 +2.249509531E-01
4.29000000000E+09 -6.988117176E-01 -1.277270426E-01 +4.870637161E-02 -1.875385342E-01 +9.143777235E-02 +2.274458593E-01
4.30000000000E+09 -6.588809212E-01 +2.632450450E-01 -4.510687211E-02 -2.202062792E-01 +1.029630593E-01 +2.244970094E-01
4.31000000000E+09 -4.181878890E-01 +5.743409678E-01 -1.394027259E-01 -1.993949187E-01 +1.119066360E-01 +2.165726722E-01
4.32000000000E+09 -4.698491305E-02 +7.114779395E-01 -2.060881027E-01 -1.325798652E-01 +1.162916457E-01 +2.057047204E-01
4.33000000000E+09 +3.434157494E-01 +6.291193727E-01 -2.249096562E-01 -4.107219847E-02 +1.151597733E-01 +1.938376620E-01
4.34000000000E+09 +6.315011887E-01 +3.472902202E-01 -1.896738771E-01 +4.627035497E-02 +1.090428119E-01 +1.835120450E-01
4.35000000000E+09 +7.219718598E-01 -4.924671274E-02 -1.106729584E-01 +1.012744745E-01 +9.951693603E-02 +1.776243180E-01
4.36000000000E+09 +5.806717668E-01 -4.333492758E-01 -1.193769870E-02 +1.054383401E-01 +8.922272786E-02 +1.775023044E-01
4.37000000000E+09 +2.523050964E-01 -6.781460834E-01 +7.581343582E-02 +5.644202842E-02 +8.103328150E-02 +1.834598159E-01
4.38000000000E+09 -1.544691948E-01 -7.041698318E-01 +1.259999386E-01 -3.093190581E-02 +7.760226907E-02 +1.939270988E-01
4.39000000000E+09 -5.066848139E-01 -5.070891570E-01 +1.242524051E-01 -1.299765659E-01 +8.074780125E-02 +2.056215067E-01
4.40000000000E+09 -6.951529710E-01 -1.554964416E-01 +7.321236596E-02 -2.110836434E-01 +9.019241641E-02 +2.147376174E-01
4.41000000000E+09 -6.676908867E-01 +2.381290134E-01 -9.524197743E-03 -2.513815919E-01 +1.035272057E-01 +2.178463734E-01
4.42000000000E+09 -4.382630583E-01 +5.557435622E-01 -9.781760196E-02 -2.408671190E-01 +1.176225425E-01 +2.129001074E-01
4.43000000000E+09 -7.629597496E-02 +7.053943664E-01 -1.646295069E-01 -1.844096115E-01 +1.281789084E-01 +2.004119320E-01
4.44000000000E+09 +3.131748087E-01 +6.412810378E-01 -1.893322292E-01 -9.976837131E-02 +1.317599548E-01 +1.828595850E-01
4.45000000000E+09 +6.128985425E-01 +3.761415485E-01 -1.632485646E-01 -1.291731907E-02 +1.266753328E-01 +1.652739464E-01
4.46000000000E+09 +7.241281366E-01 -1.474480274E-02 -9.267194459E-02 +4.872844084E-02 +1.135228149E-01 +1.530247780E-01
4.47000000000E+09 +6.026043058E-01 -4.075474442E-01 +1.933020925E-03 +6.493431371E-02 +9.605879287E-02 +1.502501571E-01
4.48000000000E+09 +2.836651303E-01 -6.700475353E-01 +9.170952775E-02 +2.990661243E-02 +8.013135019E-02 +1.585272732E-01
4.49000000000E+09 -1.253752014E-01 -7.133364102E-01 +1.494529933E-01 -4.500448885E-02 +7.115469551E-02 +1.750150397E-01
4.50000000000E+09 -4.870413211E-01 -5.278782331E-01 +1.588522147E-01 -1.355729807E-01 +7.293163151E-02 +1.942444312E-01
4.51000000000E+09 -6.879714612E-01 -1.825195586E-01 +1.198760113E-01 -2.132642010E-01 +8.505083025E-02 +2.091200281E-01
4.52000000000E+09 -6.750386120E-01 +2.104288258E-01 +4.734384742E-02 -2.549846374E-01 +1.041106008E-01 +2.142562158E-01
4.53000000000E+09 -4.599992285E-01 +5.347950884E-01 -3.494382296E-02 -2.492349821E-01 +1.239752382E-01 +2.074190834E-01
4.54000000000E+09 -1.070754203E-01 +6.992682783E-01 -1.013505145E-01 -1.982476158E-01 +1.385293157E-01 +1.901396344E-01
4.55000000000E+09 +2.836944908E-01 +6.536200182E-01 -1.308680371E-01 -1.167250122E-01 +1.423851706E-01 +1.674332444E-01
4.56000000000E+09 +5.957644360E-01 +4.030644921E-01 -1.127347187E-01 -2.840235767E-02 +1.338311740E-01 +1.463864846E-01
4.57000000000E+09 +7.252789498E-01 +1.695041881E-02 -5.032957406E-02 +4.011480753E-02 +1.151053008E-01 +1.341811061E-01
4.58000000000E+09 +6.203875021E-01 -3.819394300E-01 +3.854231540E-02 +6.751656817E-02 +9.302418476E-02 +1.351430116E-01
4.59000000000E+09 +3.116275112E-01 -6.573426714E-01 +1.269091051E-01 +4.594151601E-02 +7.530799680E-02 +1.488510812E-01
4.60000000000E+09 -9.455293924E-02 -7.165654100E-01 +1.878651801E-01 -1.601837496E-02 +6.851269066E-02 +1.699925937E-01
4.61000000000E+09 -4.615869311E-01 -5.477424810E-01 +2.043693262E-01 -9.664061519E-02 +7.523927239E-02 +1.904782229E-01
4.62000000000E+09 -6.769929949E-01 -2.150843629E-01 +1.742565605E-01 -1.693178239E-01 +9.310998305E-02 +2.025303446E-01
4.63000000000E+09 -6.841894534E-01 +1.754692645E-01 +1.091372954E-01 -2.113370704E-01 +1.157072594E-01 +2.021535841E-01
4.64000000000E+09 -4.877592346E-01 +5.104926112E-01 +3.021978900E-02 -2.099269525E-01 +1.350273384E-01 +1.889555558E-01
4.65000000000E+09 -1.433582779E-01 +6.952260030E-01 -3.836629067E-02 -1.645435475E-01 +1.444086204E-01 +1.673819115E-01
4.66000000000E+09 +2.525181797E-01 +6.702247754E-01 -7.509086927E-02 -8.691157606E-02 +1.405741254E-01 +1.445185726E-01
4.67000000000E+09 +5.792001246E-01 +4.324059911E-01 -6.740244243E-02 +1.183176011E-03 +1.245296971E-01 +1.280539065E-01
4.68000000000E+09 +7.256461806E-01 +4.862041104E-02 -1.616587603E-02 +7.368029132E-02 +1.019452308E-01 +1.240761918E-01
4.69000000000E+09 +6.353311883E-01 -3.555376893E-01 +6.299665597E-02 +1.088361904E-01 +8.128510113E-02 +1.336353865E-01
4.70000000000E+09 +3.375199380E-01 -6.417848058E-01 +1.447510943E-01 +9.727120971E-02 +7.023457401E-02 +1.526147254E-01
4.71000000000E+09 -6.335453878E-02 -7.169211461E-01 +2.032010634E-01 +4.554358500E-02 +7.257500155E-02 +1.734284642E-01
4.72000000000E+09 -4.350364423E-01 -5.659272213E-01 +2.208996368E-01 -2.720399084E-02 +8.702429790E-02 +1.880879428E-01
4.73000000000E+09 -6.658410738E-01 -2.449997414E-01 +1.936787999E-01 -9.617678418E-02 +1.076894195E-01 +1.916172538E-01
4.74000000000E+09 -6.928446393E-01 +1.465434601E-01 +1.306573989E-01 -1.389305523E-01 +1.268070159E-01 +1.830694749E-01
4.75000000000E+09 -5.098428683E-01 +4.947506139E-01 +5.086096393E-02 -1.411162866E-01 +1.377853371E-01 +1.657372979E-01
4.76000000000E+09 -1.667973818E-01 +6.956009872E-01 -2.194091296E-02 -1.000617945E-01 +1.367984725E-01 +1.458023674E-01
4.77000000000E+09 +2.365346948E-01 +6.808635996E-01 -6.556927272E-02 -2.594164487E-02 +1.246313481E-01 +1.308209710E-01
4.78000000000E+09 +5.715842252E-01 +4.457252472E-01 -6.638182509E-02 +6.030554555E-02 +1.060898454E-01 +1.256707248E-01
4.79000000000E+09 +7.232706862E-01 +6.215031942E-02 -2.429552308E-02 +1.327770997E-01 +8.878778198E-02 +1.322206454E-01
4.80000000000E+09 +6.367515613E-01 -3.446737414E-01 +4.738600030E-02 +1.701803481E-01 +7.928170485E-02 +1.467324079E-01
4.81000000000E+09 +3.475451926E-01 -6.305587904E-01 +1.217901182E-01 +1.624076342E-01 +8.115228854E-02 +1.627611690E-01
4.82000000000E+09 -4.502316082E-02 -7.138465000E-01 +1.758461039E-01 +1.151945562E-01 +9.296840557E-02 +1.740685792E-01
4.83000000000E+09 -4.174406269E-01 -5.768272227E-01 +1.923271939E-01 +4.561909825E-02 +1.093859333E-01 +1.761754636E-01
4.84000000000E+09 -6.600170994E-01 -2.653769673E-01 +1.656715621E-01 -2.344998456E-02 +1.237887407E-01 +1.688215641E-01
4.85000000000E+09 -7.018430480E-01 +1.281016363E-01 +1.028071180E-01 -6.983118283E-02 +1.308531758E-01 +1.553428572E-01
4.86000000000E+09 -5.266532524E-01 +4.867074329E-01 +2.115645265E-02 -7.800198365E-02 +1.280149560E-01 +1.408547602E-01
4.87000000000E+09 -1.822646875E-01 +6.973408121E-01 -5.588161033E-02 -4.366740114E-02 +1.168965942E-01 +1.313237141E-01
4.88000000000E+09 +2.251848637E-01 +6.870567084E-01 -1.057670041E-01 +2.395961597E-02 +1.029044784E-01 +1.304233438E-01
4.89000000000E+09 +5.618943548E-01 +4.551909958E-01 -1.144860156E-01 +1.046109290E-01 +9.227469322E-02 +1.376245100E-01
4.90000000000E+09 +7.166079389E-01 +7.848486998E-02 -8.150333509E-02 +1.735810823E-01 +8.987266330E-02 +1.493429645E-01
4.91000000000E+09 +6.429452720E-01 -3.183112140E-01 -1.992796448E-02 +2.102586651E-01 +9.657619212E-02 +1.596828875E-01
4.92000000000E+09 +3.703805086E-01 -6.106801300E-01 +4.861139912E-02 +2.048104832E-01 +1.090848007E-01 +1.637494691E-01
4.93000000000E+09 -1.352061504E-02 -7.127884772E-01 +1.011464259E-01 +1.602422561E-01 +1.217882599E-01 +1.593030475E-01
4.94000000000E+09 -3.931425690E-01 -5.959993933E-01 +1.199461606E-01 +9.104613963E-02 +1.292330723E-01 +1.479291493E-01
4.95000000000E+09 -6.542864278E-01 -2.932623683E-01 +9.742231535E-02 +1.858725087E-02 +1.275133767E-01 +1.342597452E-01
4.96000000000E+09 -7.127160520E-01 +1.065300360E-01 +3.827479519E-02 -3.468451238E-02 +1.169779966E-01 +1.239022051E-01
4.97000000000E+09 -5.427444020E-01 +4.776465967E-01 -4.125589433E-02 -5.182349096E-02 +1.018892351E-01 +1.216252714E-01
4.98000000000E+09 -1.958266040E-01 +6.962807467E-01 -1.178498734E-01 -2.755675817E-02 +8.894441870E-02 +1.289761437E-01
4.99000000000E+09 +2.131385249E-01 +6.888757979E-01 -1.690245410E-01 +2.963996048E-02 +8.401660598E-02 +1.426404663E-01
5.00000000000E+09 +5.487502918E-01 +4.617137208E-01 -1.810243858E-01 +1.003749141E-01 +8.992154660E-02 +1.565328662E-01
5.01000000000E+09 +7.065645616E-01 +9.356078209E-02 -1.530338447E-01 +1.612821169E-01 +1.043698887E-01 +1.643583953E-01
5.02000000000E+09 +6.443165217E-01 -2.982125031E-01 -9.671632817E-02 +1.930044175E-01 +1.213282129E-01 +1.619010217E-01
5.03000000000E+09 +3.850119681E-01 -5.967323496E-01 -3.167035730E-02 +1.855471811E-01 +1.339026616E-01 +1.493351712E-01
5.04000000000E+09 +5.008312029E-03 -7.130905103E-01 +2.037660836E-02 +1.403883907E-01 +1.359005857E-01 +1.310263546E-01
5.05000000000E+09 -3.830209741E-01 -6.069792815E-01 +4.138475432E-02 +7.009901438E-02 +1.253032134E-01 +1.139911756E-01
5.06000000000E+09 -6.551102275E-01 -3.030170296E-01 +2.255017386E-02 -4.636666485E-03 +1.054932621E-01 +1.055982864E-01
5.07000000000E+09 -7.161073457E-01 +1.045239490E-01 -3.216460837E-02 -6.098189851E-02 +8.377202203E-02 +1.104462432E-01
5.08000000000E+09 -5.411586550E-01 +4.782000980E-01 -1.065112936E-01 -8.190943516E-02 +6.936494991E-02 +1.276862673E-01
5.09000000000E+09 -1.919786964E-01 +6.912049072E-01 -1.773055870E-01 -6.247377652E-02 +6.890751820E-02 +1.509694879E-01
5.10000000000E+09 +2.104760294E-01 +6.790254789E-01 -2.231664405E-01 -1.155780129E-02 +8.348881194E-02 +1.709946090E-01
5.11000000000E+09 +5.373115070E-01 +4.562252781E-01 -2.313995247E-01 +5.226087122E-02 +1.078369911E-01 +1.795087119E-01
5.12000000000E+09 +6.946607333E-01 +9.879951123E-02 -2.014213514E-01 +1.072915047E-01 +1.330723932E-01 +1.725538561E-01
5.13000000000E+09 +6.412382350E-01 -2.869270266E-01 -1.436734242E-01 +1.354161579E-01 +1.499113167E-01 +1.519383628E-01
5.14000000000E+09 +3.906321548E-01 -5.893961831E-01 -7.620014623E-02 +1.262731683E-01 +1.510736668E-01 +1.241359226E-01
5.15000000000E+09 +1.045941598E-02 -7.134219588E-01 -2.020469803E-02 +8.008042745E-02 +1.349944281E-01 +9.947755813E-02
5.16000000000E+09 -3.833119094E-01 -6.086427837E-01 +5.924102111E-03 +8.625600969E-03 +1.070981248E-01 +8.765279957E-02
5.17000000000E+09 -6.569804033E-01 -2.994214376E-01 -7.255047536E-03 -6.725264752E-02 +7.724721846E-02 +9.446993049E-02
5.18000000000E+09 -7.115849795E-01 +1.104936317E-01 -5.563475402E-02 -1.245793686E-01 +5.776176998E-02 +1.180303441E-01
5.19000000000E+09 -5.309031220E-01 +4.775390279E-01 -1.227355343E-01 -1.467807636E-01 +5.662249156E-02 +1.493674712E-01
5.20000000000E+09 -1.853397240E-01 +6.810274783E-01 -1.858950108E-01 -1.298113473E-01 +7.450340984E-02 +1.763330204E-01
5.21000000000E+09 +2.064989208E-01 +6.669841242E-01 -2.249602964E-01 -8.254733202E-02 +1.045371193E-01 +1.885279959E-01
5.22000000000E+09 +5.267830726E-01 +4.522810575E-01 -2.285064173E-01 -2.236145975E-02 +1.360180200E-01 +1.810243121E-01
5.23000000000E+09 +6.876258252E-01 +1.034720126E-01 -1.954420297E-01 +3.074155414E-02 +1.574995992E-01 +1.563257954E-01
5.24000000000E+09 +6.415639650E-01 -2.818446891E-01 -1.347627899E-01 +5.883656857E-02 +1.605792437E-01 +1.225404383E-01
5.25000000000E+09 +3.923513997E-01 -5.898794866E-01 -6.368766839E-02 +5.099851553E-02 +1.431676944E-01 +9.189471176E-02
5.26000000000E+09 +7.272516312E-03 -7.157552535E-01 -3.404065311E-03 +6.772208828E-03 +1.111683472E-01 +7.636799867E-02
5.27000000000E+09 -3.893535404E-01 -6.053207012E-01 +2.725053655E-02 -6.203008206E-02 +7.628359591E-02 +8.287554567E-02
5.28000000000E+09 -6.569268698E-01 -2.906675442E-01 +1.922171282E-02 -1.344484912E-01 +5.249583576E-02 +1.094105984E-01
5.29000000000E+09 -7.024769810E-01 +1.154219967E-01 -2.295325583E-02 -1.880238019E-01 +4.932473909E-02 +1.458620428E-01
5.30000000000E+09 -5.210961446E-01 +4.718151060E-01 -8.288272321E-02 -2.073621669E-01 +6.778641925E-02 +1.775492545E-01
5.31000000000E+09 -1.850130014E-01 +6.696234664E-01 -1.394895452E-01 -1.893495514E-01 +1.007195374E-01 +1.931371449E-01
5.32000000000E+09 +1.975972589E-01 +6.612857627E-01 -1.744001032E-01 -1.416781339E-01 +1.363236266E-01 +1.865212374E-01
5.33000000000E+09 +5.181289196E-01 +4.565639379E-01 -1.762130027E-01 -8.003021000E-02 +1.622145828E-01 +1.599913444E-01
5.34000000000E+09 +6.867316687E-01 +1.116213029E-01 -1.428605752E-01 -2.331105505E-02 +1.691457553E-01 +1.227501697E-01
5.35000000000E+09 +6.466332561E-01 -2.782113347E-01 -8.223231984E-02 +1.076743467E-02 +1.541718727E-01 +8.724760790E-02
5.36000000000E+09 +3.964556380E-01 -5.919400095E-01 -1.068007103E-02 +1.088347226E-02 +1.223002051E-01 +6.631645017E-02
5.37000000000E+09 +7.526317962E-03 -7.178176563E-01 +5.089836399E-02 -2.359387871E-02 +8.519129077E-02 +6.750119146E-02
5.38000000000E+09 -3.884485589E-01 -6.042994808E-01 +8.430228887E-02 -8.113442124E-02 +5.652481575E-02 +8.965296691E-02
5.39000000000E+09 -6.521407460E-01 -2.911944132E-01 +8.152416165E-02 -1.416074947E-01 +4.618887747E-02 +1.236573037E-01
5.40000000000E+09 -6.991661880E-01 +1.087830644E-01 +4.730814151E-02 -1.844658620E-01 +5.643484686E-02 +1.556453519E-01
5.41000000000E+09 -5.262669473E-01 +4.635279091E-01 -3.214732693E-03 -1.960114247E-01 +8.119025625E-02 +1.737765868E-01
5.42000000000E+09 -1.966134231E-01 +6.693056071E-01 -5.096073963E-02 -1.730095754E-01 +1.101709467E-01 +1.727668011E-01
5.43000000000E+09 +1.903901204E-01 +6.713238629E-01 -7.827735784E-02 -1.224772827E-01 +1.315538712E-01 +1.543926966E-01
5.44000000000E+09 +5.230498342E-01 +4.678737925E-01 -7.382709795E-02 -5.943356460E-02 +1.374568563E-01 +1.272795339E-01
5.45000000000E+09 +6.988088190E-01 +1.130880825E-01 -3.568695833E-02 -3.081810229E-03 +1.258898310E-01 +1.026021922E-01
5.46000000000E+09 +6.530901023E-01 -2.869663171E-01 +2.724564742E-02 +2.883851127E-02 +1.019631006E-01 +9.081830859E-02
5.47000000000E+09 +3.915993162E-01 -5.990231568E-01 +9.714288775E-02 +2.588351958E-02 +7.591080975E-02 +9.709622760E-02
5.48000000000E+09 +4.449411668E-04 -7.136096576E-01 +1.528317186E-01 -1.036545626E-02 +5.863391236E-02 +1.188500768E-01
5.49000000000E+09 -3.851520543E-01 -5.946220909E-01 +1.777983036E-01 -6.646006269E-02 +5.717782364E-02 +1.466411329E-01
5.50000000000E+09 -6.395476439E-01 -2.901901606E-01 +1.664901518E-01 -1.223912957E-01 +7.135335832E-02 +1.690700760E-01
5.51000000000E+09 -6.906660998E-01 +9.654883274E-02 +1.246676529E-01 -1.589875774E-01 +9.521453532E-02 +1.773331121E-01
5.52000000000E+09 -5.312886459E-01 +4.485289379E-01 +6.715680697E-02 -1.634415471E-01 +1.190329948E-01 +1.691276869E-01
5.53000000000E+09 -2.103535243E-01 +6.644263845E-01 +1.297057056E-02 -1.325634593E-01 +1.333708125E-01 +1.485171476E-01
5.54000000000E+09 +1.806850478E-01 +6.779255964E-01 -1.966415877E-02 -7.331209231E-02 +1.324413587E-01 +1.237180826E-01
5.55000000000E+09 +5.230820368E-01 +4.761422574E-01 -1.857794825E-02 -1.670928884E-03 +1.172522855E-01 +1.055064559E-01
5.56000000000E+09 +7.018876873E-01 +1.148727794E-01 +1.782240658E-02 +6.164464316E-02 +9.423865582E-02 +1.015321935E-01
5.57000000000E+09 +6.504779458E-01 -2.874404185E-01 +7.920382470E-02 +9.773662060E-02 +7.332517380E-02 +1.139303202E-01
5.58000000000E+09 +3.859085150E-01 -5.929973999E-01 +1.460477484E-01 +9.678109014E-02 +6.342155611E-02 +1.368058700E-01
5.59000000000E+09 +2.141542209E-03 -7.019018293E-01 +1.969100553E-01 +6.202562063E-02 +6.840007221E-02 +1.606217469E-01
5.60000000000E+09 -3.731702766E-01 -5.878992289E-01 +2.161607802E-01 +7.421619716E-03 +8.611728528E-02 +1.752213908E-01
5.61000000000E+09 -6.268008464E-01 -2.955454834E-01 +1.983933602E-01 -4.721435290E-02 +1.090020026E-01 +1.753064815E-01
5.62000000000E+09 -6.875666184E-01 +8.501888828E-02 +1.492432258E-01 -8.272959790E-02 +1.273292320E-01 +1.615029019E-01
5.63000000000E+09 -5.371976112E-01 +4.425558577E-01 +8.312015220E-02 -8.547653728E-02 +1.335647934E-01 +1.398089540E-01
5.64000000000E+09 -2.145392006E-01 +6.673085989E-01 +2.020546617E-02 -5.118489640E-02 +1.251842553E-01 +1.195276070E-01
5.65000000000E+09 +1.841936256E-01 +6.810056754E-01 -1.972928351E-02 +1.289436153E-02 +1.062396548E-01 +1.101834025E-01
5.66000000000E+09 +5.275841896E-01 +4.705765258E-01 -2.362534305E-02 +8.907701999E-02 +8.507964584E-02 +1.164294981E-01
5.67000000000E+09 +6.965227518E-01 +1.050653116E-01 +9.523283465E-03 +1.550111806E-01 +7.165719718E-02 +1.359827265E-01
5.68000000000E+09 +6.365743128E-01 -2.883918744E-01 +6.782162856E-02 +1.916672790E-01 +7.242792229E-02 +1.603263934E-01
5.69000000000E+09 +3.769706477E-01 -5.808078298E-01 +1.310814971E-01 +1.903272463E-01 +8.811267380E-02 +1.787529533E-01
5.70000000000E+09 +7.948322373E-03 -6.875048819E-01 +1.785495636E-01 +1.544963403E-01 +1.125555129E-01 +1.830762061E-01
5.71000000000E+09 -3.584007805E-01 -5.851373116E-01 +1.948503011E-01 +9.762345540E-02 +1.358987415E-01 +1.712780777E-01
5.72000000000E+09 -6.174089850E-01 -3.052607356E-01 +1.738827405E-01 +3.889488841E-02 +1.481423393E-01 +1.468170929E-01
5.73000000000E+09 -6.903848280E-01 +7.430326209E-02 +1.198171958E-01 -1.842809969E-03 +1.437907478E-01 +1.193078868E-01
5.74000000000E+09 -5.451667076E-01 +4.403753211E-01 +4.733411797E-02 -9.420355292E-03 +1.231980557E-01 +1.002626598E-01
5.75000000000E+09 -2.178051408E-01 +6.704493661E-01 -2.234390020E-02 +2.129921089E-02 +9.406380705E-02 +9.855770245E-02
5.76000000000E+09 +1.849296126E-01 +6.796743040E-01 -6.789742291E-02 +8.249343728E-02 +6.813425990E-02 +1.162098588E-01
5.77000000000E+09 +5.222864249E-01 +4.648711113E-01 -7.605115349E-02 +1.552418224E-01 +5.703060246E-02 +1.472220274E-01
5.78000000000E+09 +6.826848082E-01 +1.065283193E-01 -4.691041039E-02 +2.167345921E-01 +6.585679444E-02 +1.787552629E-01
5.79000000000E+09 +6.260016581E-01 -2.722969369E-01 +7.355639914E-03 +2.486750910E-01 +9.195273299E-02 +1.988469035E-01
5.80000000000E+09 +3.831786370E-01 -5.584297919E-01 +6.722339825E-02 +2.428635084E-01 +1.257231794E-01 +1.994558765E-01
5.81000000000E+09 +3.016848578E-02 -6.758890829E-01 +1.126426274E-01 +2.021729296E-01 +1.545858652E-01 +1.803184770E-01
5.82000000000E+09 -3.352086234E-01 -5.928253609E-01 +1.277552629E-01 +1.388493052E-01 +1.674391445E-01 +1.479837015E-01
5.83000000000E+09 -6.076332995E-01 -3.246501237E-01 +1.048405678E-01 +7.185868230E-02 +1.588518014E-01 +1.137605048E-01
5.84000000000E+09 -6.950114888E-01 +5.749234300E-02 +4.704815104E-02 +2.254308427E-02 +1.308608306E-01 +9.194156637E-02
5.85000000000E+09 -5.538274896E-01 +4.319341154E-01 -3.052053959E-02 +7.813206725E-03 +9.389304982E-02 +9.197357593E-02
5.86000000000E+09 -2.245085861E-01 +6.642117651E-01 -1.047441127E-01 +3.355907946E-02 +6.263688649E-02 +1.152096567E-01
5.87000000000E+09 +1.744022651E-01 +6.719014360E-01 -1.530406135E-01 +9.105410756E-02 +5.052391875E-02 +1.529322091E-01
5.88000000000E+09 +5.029896484E-01 +4.633569076E-01 -1.623113287E-01 +1.603253647E-01 +6.281021644E-02 +1.902297204E-01
5.89000000000E+09 +6.626430581E-01 +1.211958563E-01 -1.329291855E-01 +2.186286001E-01 +9.481827898E-02 +2.134585260E-01
5.90000000000E+09 +6.207074918E-01 -2.447435539E-01 -7.685513777E-02 +2.478889392E-01 +1.353031676E-01 +2.146578858E-01
5.91000000000E+09 +3.986312308E-01 -5.338732803E-01 -1.261225136E-02 +2.391517292E-01 +1.694942024E-01 +1.932527351E-01
5.92000000000E+09 +5.690501008E-02 -6.690447769E-01 +3.939943868E-02 +1.933737283E-01 +1.857805072E-01 +1.569466821E-01
5.93000000000E+09 -3.134651164E-01 -6.042534438E-01 +6.163457813E-02 +1.216987370E-01 +1.779892892E-01 +1.183028024E-01
5.94000000000E+09 -5.995319521E-01 -3.429369029E-01 +4.381761434E-02 +4.383496010E-02 +1.489407328E-01 +9.228565813E-02
5.95000000000E+09 -6.957248590E-01 +4.247515702E-02 -1.182708369E-02 -1.689937370E-02 +1.087872952E-01 +8.911740181E-02
5.96000000000E+09 -5.568863716E-01 +4.192041803E-01 -8.963389783E-02 -4.131576784E-02 +7.388675752E-02 +1.107292302E-01
5.97000000000E+09 -2.327478353E-01 +6.502711781E-01 -1.648987625E-01 -2.284725903E-02 +5.903166121E-02 +1.483699773E-01
5.98000000000E+09 +1.553452539E-01 +6.622268632E-01 -2.143677188E-01 +2.961280443E-02 +6.950742399E-02 +1.872821543E-01
5.99000000000E+09 +4.781321288E-01 +4.687547449E-01 -2.245049392E-01 +9.632974450E-02 +1.009750698E-01 +2.126165152E-01
6.00000000000E+09 +6.464050105E-01 +1.433402676E-01 -1.945841025E-01 +1.547559934E-01 +1.412323018E-01 +2.157086738E-01
6.01000000000E+09 +6.236096199E-01 -2.176255169E-01 -1.350408057E-01 +1.861556195E-01 +1.760927981E-01 +1.962782760E-01
6.02000000000E+09 +4.177366359E-01 -5.174301669E-01 -6.360724618E-02 +1.793660667E-01 +1.938031382E-01 +1.614827643E-01
6.03000000000E+09 +7.840190767E-02 -6.693037935E-01 -1.719906742E-03 +1.332562416E-01 +1.878021425E-01 +1.238266806E-01
6.04000000000E+09 -3.006436708E-01 -6.141855222E-01 +3.050345004E-02 +5.832025340E-02 +1.606780384E-01 +9.700961222E-02
6.05000000000E+09 -5.941682423E-01 -3.523013646E-01 +2.080243940E-02 -2.477482341E-02 +1.222147918E-01 +9.151744045E-02
6.06000000000E+09 -6.908261125E-01 +3.397121467E-02 -2.911253238E-02 -9.054532568E-02 +8.784424923E-02 +1.094684249E-01
6.07000000000E+09 -5.537694387E-01 +4.052216300E-01 -1.025422327E-01 -1.188000960E-01 +7.200093195E-02 +1.435330739E-01
6.08000000000E+09 -2.405307587E-01 +6.324334980E-01 -1.746862049E-01 -1.029008967E-01 +7.970334148E-02 +1.806264859E-01
6.09000000000E+09 +1.347012794E-01 +6.525279964E-01 -2.220902898E-01 -5.122778103E-02 +1.074242504E-01 +2.063594311E-01
6.10000000000E+09 +4.552357413E-01 +4.761624397E-01 -2.304717816E-01 +1.743983201E-02 +1.440055338E-01 +2.121528483E-01
6.11000000000E+09 +6.357590170E-01 +1.639387662E-01 -1.974105736E-01 +8.070598103E-02 +1.768014801E-01 +1.976523417E-01
6.12000000000E+09 +6.297027537E-01 -1.974541975E-01 -1.315598685E-01 +1.184978337E-01 +1.949424897E-01 +1.688005442E-01
6.13000000000E+09 +4.324263960E-01 -5.081749465E-01 -5.068782581E-02 +1.171761682E-01 +1.929159149E-01 +1.360752058E-01
6.14000000000E+09 +9.080311653E-02 -6.697861743E-01 +2.208472956E-02 +7.398440465E-02 +1.725166764E-01 +1.112469089E-01
6.15000000000E+09 -2.926922359E-01 -6.169248689E-01 +6.438105235E-02 -7.863711194E-04 +1.418140745E-01 +1.032068530E-01
6.16000000000E+09 -5.854178769E-01 -3.559609888E-01 +6.272494437E-02 -8.511903402E-02 +1.133747355E-01 +1.144176229E-01
6.17000000000E+09 -6.814507827E-01 +2.326214163E-02 +1.880652396E-02 -1.524417979E-01 +9.866166252E-02 +1.397848150E-01
6.18000000000E+09 -5.530474332E-01 +3.862880530E-01 -5.091211775E-02 -1.821567044E-01 +1.023618727E-01 +1.685393588E-01
6.19000000000E+09 -2.546477863E-01 +6.158694192E-01 -1.217145473E-01 -1.669039882E-01 +1.216662180E-01 +1.896320171E-01
6.20000000000E+09 +1.118954484E-01 +6.509806432E-01 -1.701994054E-01 -1.135617993E-01 +1.483139955E-01 +1.958606938E-01
6.21000000000E+09 +4.386335450E-01 +4.912156398E-01 -1.803815642E-01 -3.953013744E-02 +1.725896154E-01 +1.868200271E-01
6.22000000000E+09 +6.340618504E-01 +1.844540701E-01 -1.473051380E-01 +3.247380173E-02 +1.861531999E-01 +1.669983009E-01
6.23000000000E+09 +6.392359785E-01 -1.840374694E-01 -7.830957812E-02 +8.007999036E-02 +1.853393551E-01 +1.447399927E-01
6.24000000000E+09 +4.430613854E-01 -5.039226775E-01 +8.296590288E-03 +8.730652788E-02 +1.720438227E-01 +1.280375500E-01
6.25000000000E+09 +9.889547717E-02 -6.682656935E-01 +8.754262412E-02 +5.011897329E-02 +1.525575881E-01 +1.230000617E-01
6.26000000000E+09 -2.815936778E-01 -6.154877596E-01 +1.355640603E-01 -2.064373466E-02 +1.355436999E-01 +1.306307241E-01
6.27000000000E+09 -5.690217629E-01 -3.616832278E-01 +1.384551682E-01 -1.023534766E-01 +1.279686849E-01 +1.469175037E-01
6.28000000000E+09 -6.691274940E-01 +4.210494445E-03 +9.739838353E-02 -1.684400218E-01 +1.319218140E-01 +1.643019105E-01
6.29000000000E+09 -5.576340675E-01 +3.607989928E-01 +2.791516264E-02 -1.978875834E-01 +1.445069605E-01 +1.758600976E-01
6.30000000000E+09 -2.770829019E-01 +6.000396764E-01 -4.634265181E-02 -1.816396895E-01 +1.602352089E-01 +1.781116181E-01
6.31000000000E+09 +8.524871662E-02 +6.546235162E-01 -1.009891203E-01 -1.241570609E-01 +1.727479308E-01 +1.714680441E-01
6.32000000000E+09 +4.225383323E-01 +5.090463780E-01 -1.173002344E-01 -4.169756003E-02 +1.777977919E-01 +1.601223043E-01
6.33000000000E+09 +6.323417732E-01 +2.032421148E-01 -8.775187936E-02 +4.161093504E-02 +1.749221321E-01 +1.495890540E-01
6.34000000000E+09 +6.445117330E-01 -1.711309503E-01 -1.849877302E-02 +1.004872653E-01 +1.667083440E-01 +1.444226543E-01
6.35000000000E+09 +4.499187408E-01 -4.935621424E-01 +7.097008956E-02 +1.168354739E-01 +1.587167779E-01 +1.468194198E-01
6.36000000000E+09 +1.110299995E-01 -6.570751850E-01 +1.539961276E-01 +8.581250836E-02 +1.553074573E-01 +1.547888203E-01
6.37000000000E+09 -2.598540274E-01 -6.100248128E-01 +2.057184986E-01 +1.821592487E-02 +1.590681479E-01 +1.638519839E-01
6.38000000000E+09 -5.442261568E-01 -3.727237221E-01 +2.113607235E-01 -6.331174373E-02 +1.681863417E-01 +1.694930733E-01
6.39000000000E+09 -6.572465111E-01 -2.347071766E-02 +1.706361667E-01 -1.324104212E-01 +1.789112196E-01 +1.688244837E-01
6.40000000000E+09 -5.681436913E-01 +3.313109585E-01 +9.682762914E-02 -1.666637314E-01 +1.862102462E-01 +1.618880378E-01
6.41000000000E+09 -3.035401928E-01 +5.851798336E-01 +1.299050356E-02 -1.537680521E-01 +1.872463575E-01 +1.517293454E-01
6.42000000000E+09 +5.914870061E-02 +6.591946081E-01 -5.447137431E-02 -9.548112280E-02 +1.814769225E-01 +1.436293977E-01
6.43000000000E+09 +4.076983212E-01 +5.241017097E-01 -8.339433631E-02 -7.142675781E-03 +1.721254488E-01 +1.414821766E-01
6.44000000000E+09 +6.271392802E-01 +2.190531000E-01 -6.318203917E-02 +8.532468353E-02 +1.636841437E-01 +1.470904813E-01
6.45000000000E+09 +6.435019738E-01 -1.550285926E-01 +5.808033131E-04 +1.542341717E-01 +1.615078091E-01 +1.585297955E-01
6.46000000000E+09 +4.550413394E-01 -4.741591913E-01 +8.811470420E-02 +1.793912596E-01 +1.679362466E-01 +1.707288986E-01
6.47000000000E+09 +1.286399176E-01 -6.390071240E-01 +1.720581935E-01 +1.550807452E-01 +1.814813365E-01 +1.778285479E-01
6.48000000000E+09 -2.307841181E-01 -6.057646494E-01 +2.270972680E-01 +9.102057845E-02 +1.974833174E-01 +1.766749366E-01
6.49000000000E+09 -5.171110308E-01 -3.901211511E-01 +2.368168369E-01 +8.206886780E-03 +2.097865864E-01 +1.661548919E-01
6.50000000000E+09 -6.477907314E-01 -5.561339032E-02 +1.980573702E-01 -6.733240000E-02 +2.135288585E-01 +1.497526151E-01
6.51000000000E+09 -5.808615376E-01 +3.018347542E-01 +1.212502743E-01 -1.111997401E-01 +2.073121166E-01 +1.334872074E-01
6.52000000000E+09 -3.279948979E-01 +5.718664739E-01 +2.864034470E-02 -1.074201015E-01 +1.926288969E-01 +1.240809477E-01
6.53000000000E+09 +3.661894912E-02 +6.613432223E-01 -5.139345155E-02 -5.422624979E-02 +1.754680785E-01 +1.262616072E-01
6.54000000000E+09 +3.915694421E-01 +5.339559910E-01 -9.320999970E-02 +3.374275322E-02 +1.631696957E-01 +1.393774714E-01
6.55000000000E+09 +6.149428095E-01 +2.332542310E-01 -8.379239760E-02 +1.295051194E-01 +1.615983094E-01 +1.592280849E-01
6.56000000000E+09 +6.360639862E-01 -1.345302659E-01 -2.739012764E-02 +2.036630224E-01 +1.727826265E-01 +1.777306470E-01
6.57000000000E+09 +4.597555357E-01 -4.490739986E-01 +5.659363556E-02 +2.348596181E-01 +1.931812149E-01 +1.876172006E-01
6.58000000000E+09 +1.500639238E-01 -6.198967177E-01 +1.412644439E-01 +2.157163788E-01 +2.155240560E-01 +1.847044197E-01
6.59000000000E+09 -1.995072691E-01 -6.048858465E-01 +2.008111411E-01 +1.535694098E-01 +2.324207133E-01 +1.694250903E-01
6.60000000000E+09 -4.916096704E-01 -4.099092252E-01 +2.167488843E-01 +6.730198917E-02 +2.382816518E-01 +1.461611817E-01
6.61000000000E+09 -6.407517096E-01 -8.530708642E-02 +1.822523646E-01 -1.722836789E-02 +2.305470531E-01 +1.234504472E-01
6.62000000000E+09 -5.920898802E-01 +2.774019244E-01 +1.049298452E-01 -7.312582749E-02 +2.112414872E-01 +1.097097296E-01
6.63000000000E+09 -3.479050646E-01 +5.604764099E-01 +6.368607029E-03 -8.067409275E-02 +1.875846607E-01 +1.103858785E-01
6.64000000000E+09 +1.626796085E-02 +6.605489222E-01 -8.292824418E-02 -3.506835725E-02 +1.691952353E-01 +1.260751495E-01
6.65000000000E+09 +3.724778604E-01 +5.400735727E-01 -1.344719356E-01 +4.975745623E-02 +1.639817588E-01 +1.511709445E-01
6.66000000000E+09 +5.977813338E-01 +2.477686886E-01 -1.331625024E-01 +1.462664835E-01 +1.745325279E-01 +1.764394670E-01
6.67000000000E+09 +6.277287385E-01 -1.099575368E-01 -8.169092595E-02 +2.241017168E-01 +1.973262220E-01 +1.925249727E-01
6.68000000000E+09 +4.686875354E-01 -4.207996707E-01 +1.598492005E-03 +2.604321636E-01 +2.246489800E-01 +1.927778634E-01
6.69000000000E+09 +1.770345798E-01 -6.010984280E-01 +9.089496392E-02 +2.458018285E-01 +2.482523456E-01 +1.778050398E-01
6.70000000000E+09 -1.654598079E-01 -6.063453491E-01 +1.595866139E-01 +1.845053147E-01 +2.608822920E-01 +1.521274797E-01
6.71000000000E+09 -4.660004019E-01 -4.312045008E-01 +1.864484515E-01 +9.308178986E-02 +2.581408130E-01 +1.245777092E-01
6.72000000000E+09 -6.334683774E-01 -1.158982095E-01 +1.608789378E-01 -2.562133835E-03 +2.410295804E-01 +1.034595854E-01
6.73000000000E+09 -6.026669571E-01 +2.497117429E-01 +8.732979230E-02 -7.315820776E-02 +2.159144922E-01 +9.612622470E-02
6.74000000000E+09 -3.697790665E-01 +5.425279629E-01 -1.340071039E-02 -9.535922860E-02 +1.922647067E-01 +1.058107453E-01
6.75000000000E+09 -1.090421108E-02 +6.546280589E-01 -1.096753720E-01 -6.125889159E-02 +1.794401536E-01 +1.286320964E-01
6.76000000000E+09 +3.450683926E-01 +5.481138271E-01 -1.707422413E-01 +1.718823279E-02 +1.820454737E-01 +1.555356945E-01
6.77000000000E+09 +5.778842674E-01 +2.707132961E-01 -1.787619935E-01 +1.131553517E-01 +1.990350190E-01 +1.762903942E-01
6.78000000000E+09 +6.243153696E-01 -7.776995102E-02 -1.338580437E-01 +1.956830924E-01 +2.244950228E-01 +1.831461540E-01
6.79000000000E+09 +4.849885996E-01 -3.914773704E-01 -5.172248461E-02 +2.401098213E-01 +2.498491047E-01 +1.748883662E-01
6.80000000000E+09 +2.068515835E-01 -5.868265251E-01 +4.283357042E-02 +2.336010395E-01 +2.672467492E-01 +1.546337735E-01
6.81000000000E+09 -1.341941716E-01 -6.114655248E-01 +1.220733682E-01 +1.767412738E-01 +2.711621940E-01 +1.289939475E-01
6.82000000000E+09 -4.440416873E-01 -4.517697718E-01 +1.618780457E-01 +8.425724855E-02 +2.611812200E-01 +1.059627295E-01
6.83000000000E+09 -6.256742644E-01 -1.437829161E-01 +1.481345307E-01 -1.818293136E-02 +2.412800293E-01 +9.336605071E-02
6.84000000000E+09 -6.085603725E-01 +2.217525631E-01 +8.236070644E-02 -9.955956270E-02 +2.188238891E-01 +9.546158929E-02
6.85000000000E+09 -3.887934669E-01 +5.195727006E-01 -1.592505541E-02 -1.337150903E-01 +2.022967607E-01 +1.109155776E-01
6.86000000000E+09 -4.146324958E-02 +6.438978521E-01 -1.151110877E-01 -1.098537307E-01 +1.979551538E-01 +1.335384076E-01
6.87000000000E+09 +3.106272390E-01 +5.571211181E-01 -1.833028577E-01 -3.738580503E-02 +2.074500801E-01 +1.540401049E-01
6.88000000000E+09 +5.532402186E-01 +2.999732116E-01 -2.000797157E-01 +5.887879270E-02 +2.267938008E-01 +1.652612151E-01
6.89000000000E+09 +6.210868395E-01 -3.823118047E-02 -1.618317622E-01 +1.483178853E-01 +2.493001063E-01 +1.641013562E-01
6.90000000000E+09 +5.052484892E-01 -3.574442878E-01 -8.083713108E-02 +2.041098627E-01 +2.677734507E-01 +1.512774071E-01
6.91000000000E+09 +2.420526996E-01 -5.706334692E-01 +1.962204746E-02 +2.095265571E-01 +2.765182339E-01 +1.315731262E-01
6.92000000000E+09 -9.711486958E-02 -6.169376560E-01 +1.107162545E-01 +1.614230210E-01 +2.741973473E-01 +1.111906658E-01
6.93000000000E+09 -4.158695821E-01 -4.746399532E-01 +1.654717685E-01 +7.172198694E-02 +2.622587912E-01 +9.659801354E-02
6.94000000000E+09 -6.116157059E-01 -1.770804443E-01 +1.658455951E-01 -3.431470423E-02 +2.455860715E-01 +9.215300188E-02
6.95000000000E+09 -6.127541219E-01 +1.844565989E-01 +1.104301434E-01 -1.242990130E-01 +2.306129212E-01 +9.883512658E-02
6.96000000000E+09 -4.132640712E-01 +4.877621781E-01 +1.649838319E-02 -1.696481929E-01 +2.230012363E-01 +1.127613411E-01
6.97000000000E+09 -8.220072263E-02 +6.297454471E-01 -8.534799156E-02 -1.564174484E-01 +2.256264461E-01 +1.280879023E-01
6.98000000000E+09 +2.674114344E-01 +5.694037327E-01 -1.623895470E-01 -9.006018307E-02 +2.365983710E-01 +1.393988305E-01
6.99000000000E+09 +5.253605683E-01 +3.353950679E-01 -1.907600753E-01 +7.483588271E-03 +2.520860819E-01 +1.426311992E-01
7.00000000000E+09 +6.192692038E-01 +5.162158008E-03 -1.621693801E-01 +1.060079004E-01 +2.667207082E-01 +1.374465272E-01

[Channel0\Trace0\Marker0]
Enabled=1
Position=0.2

[Channel0\Trace1]
ReferencePosition[0]=1

[Channel0\Trace1\Marker0]
Enabled=1
Position=0.2

[Channel0\Trace2]
SPort=0
FormatType=2

[Channel0\Trace2\Marker0]
Enabled=1
Position=0.2

[Channel0\Trace3]
SPort=0
FormatType=2

[Channel0\Trace3\Marker0]
Enabled=1
Position=0.2

