[NWA State]
TriggerSource=3

[Channel0]
Points=501
FrequencyStart=2000000000
FrequencyStop=7000000000
FixedPower[0]=1
FixedPower[1]=1
IFBW=1000
CorrectionEnabled=1
TraceCount=4

[Channel0\Correction\22]
Calyyyymmdd=2022/01/18
Calhhmmss=15:00:04
VNATemperature=36.5 °C
Type=3
KitLabel=ACM2509.2
KitDescription=AutoCal Module 20 kHz-9 GHz (CMT), SN: 19039185, Char: Factory, 23.2°C, ThermoComp: ON
CalIFBW=1 kHz
CalPower=1 dBm
CalPorts[0]=1
CalPorts[1]=0

[Channel0\Correction\22\Data]
2.00000000000E+09 -1.301462100E-01 +7.476325412E-01 -7.185091477E-02 +2.340350779E-01 -2.824991701E-01 +2.821505385E-02
2.01000000000E+09 +2.850824566E-01 +7.031423193E-01 +4.793823616E-02 +2.250059121E-01 -2.812156292E-01 +5.329675438E-02
2.02000000000E+09 +6.195190872E-01 +4.472265873E-01 +1.473053270E-01 +1.538180217E-01 -2.669381333E-01 +7.303897691E-02
2.03000000000E+09 +7.716411044E-01 +4.506853052E-02 +1.961579674E-01 +3.903450287E-02 -2.450844856E-01 +8.053777463E-02
2.04000000000E+09 +6.799581418E-01 -3.861862410E-01 +1.773657489E-01 -8.641030992E-02 -2.241831677E-01 +7.385099941E-02
2.05000000000E+09 +3.585573724E-01 -7.007452425E-01 +9.408909914E-02 -1.836240862E-01 -2.129074394E-01 +5.635365231E-02
2.06000000000E+09 -8.684502601E-02 -7.812149624E-01 -2.811643960E-02 -2.205648539E-01 -2.164010009E-01 +3.628939565E-02
2.07000000000E+09 -4.968407988E-01 -5.997716865E-01 -1.493050075E-01 -1.856174395E-01 -2.329026804E-01 +2.303707338E-02
2.08000000000E+09 -7.331269359E-01 -2.304822256E-01 -2.306943148E-01 -9.197909984E-02 -2.553248132E-01 +2.303649218E-02
2.09000000000E+09 -7.331697512E-01 +1.962794426E-01 -2.483907636E-01 +2.931230087E-02 -2.746671320E-01 +3.665322203E-02
2.10000000000E+09 -5.131013296E-01 +5.516897210E-01 -1.987505064E-01 +1.410460085E-01 -2.837130607E-01 +5.880469984E-02
2.11000000000E+09 -1.430126653E-01 +7.397440346E-01 -9.682949176E-02 +2.106442821E-01 -2.794334089E-01 +8.191585821E-02
2.12000000000E+09 +2.748973608E-01 +7.074901962E-01 +2.869271881E-02 +2.170479002E-01 -2.637601486E-01 +9.815276580E-02
2.13000000000E+09 +6.195324959E-01 +4.536345475E-01 +1.415396929E-01 +1.558256816E-01 -2.426807200E-01 +1.021015621E-01
2.14000000000E+09 +7.750371953E-01 +4.367075136E-02 +2.065157751E-01 +4.252425377E-02 -2.250269082E-01 +9.305416956E-02
2.15000000000E+09 +6.753581030E-01 -3.910919028E-01 +2.013216717E-01 -8.899017414E-02 -2.183757141E-01 +7.567861273E-02
2.16000000000E+09 +3.477774148E-01 -6.962485866E-01 +1.265211382E-01 -1.965471944E-01 -2.253643899E-01 +5.870954506E-02
2.17000000000E+09 -8.922817454E-02 -7.656838098E-01 +7.117801929E-03 -2.457349305E-01 -2.428210553E-01 +5.048267145E-02
2.18000000000E+09 -4.834496119E-01 -5.879405934E-01 -1.176464917E-01 -2.227868046E-01 -2.629260682E-01 +5.539838375E-02
2.19000000000E+09 -7.152924214E-01 -2.356045829E-01 -2.091449921E-01 -1.372730728E-01 -2.770543197E-01 +7.167438892E-02
2.20000000000E+09 -7.278034912E-01 +1.791010635E-01 -2.408369251E-01 -1.643860640E-02 -2.799085925E-01 +9.334790532E-02
2.21000000000E+09 -5.233910463E-01 +5.392493124E-01 -2.036641210E-01 +1.042335151E-01 -2.703073917E-01 +1.125901886E-01
2.22000000000E+09 -1.558962182E-01 +7.420458188E-01 -1.068793056E-01 +1.892236931E-01 -2.518347719E-01 +1.226882493E-01
2.23000000000E+09 +2.729433911E-01 +7.169092084E-01 +2.291568369E-02 +2.112933453E-01 -2.321380460E-01 +1.198198498E-01
2.24000000000E+09 +6.260483396E-01 +4.552341322E-01 +1.468494677E-01 +1.606340590E-01 -2.196970791E-01 +1.060120899E-01
2.25000000000E+09 +7.748146420E-01 +3.569633187E-02 +2.249392447E-01 +5.099830672E-02 -2.201739976E-01 +8.786279080E-02
2.26000000000E+09 +6.627119782E-01 -3.937467021E-01 +2.315932893E-01 -8.250946561E-02 -2.334855829E-01 +7.454222721E-02
2.27000000000E+09 +3.367581939E-01 -6.831866358E-01 +1.660107906E-01 -1.964281072E-01 -2.536792671E-01 +7.293488150E-02
2.28000000000E+09 -8.289813341E-02 -7.470428472E-01 +5.146828761E-02 -2.557477125E-01 -2.720982323E-01 +8.449787427E-02
2.29000000000E+09 -4.632779054E-01 -5.827835874E-01 -7.557492870E-02 -2.444415076E-01 -2.809150108E-01 +1.051880862E-01
2.30000000000E+09 -6.999624721E-01 -2.488593294E-01 -1.773703716E-01 -1.673015462E-01 -2.767064703E-01 +1.275168855E-01
2.31000000000E+09 -7.297552264E-01 +1.614074674E-01 -2.240779601E-01 -4.626270562E-02 -2.609025559E-01 +1.433600675E-01
2.32000000000E+09 -5.356721744E-01 +5.333698309E-01 -1.997644719E-01 +8.451112089E-02 -2.397433689E-01 +1.469601954E-01
2.33000000000E+09 -1.621252409E-01 +7.477158820E-01 -1.080133120E-01 +1.855477763E-01 -2.220002747E-01 +1.371796942E-01
2.34000000000E+09 +2.772757410E-01 +7.188385085E-01 +2.571146781E-02 +2.233626472E-01 -2.159476424E-01 +1.186447487E-01
2.35000000000E+09 +6.268370687E-01 +4.455384525E-01 +1.596396078E-01 +1.837824645E-01 -2.248813908E-01 +1.008105757E-01
2.36000000000E+09 +7.604413086E-01 +2.763422270E-02 +2.504802349E-01 +7.965772728E-02 -2.453124864E-01 +9.314655044E-02
2.37000000000E+09 +6.436036810E-01 -3.832751598E-01 +2.709538512E-01 -5.399421564E-02 -2.683302273E-01 +1.005329366E-01
2.38000000000E+09 +3.341370347E-01 -6.577455366E-01 +2.182285428E-01 -1.750617948E-01 -2.835224209E-01 +1.215659235E-01
2.39000000000E+09 -6.294853544E-02 -7.287029313E-01 +1.112281350E-01 -2.486643272E-01 -2.844881086E-01 +1.490985793E-01
2.40000000000E+09 -4.394712185E-01 -5.859537837E-01 -1.902318074E-02 -2.549601639E-01 -2.697518035E-01 +1.735860766E-01
2.41000000000E+09 -6.908696178E-01 -2.676060156E-01 -1.339171356E-01 -1.914600230E-01 -2.435263651E-01 +1.862595992E-01
2.42000000000E+09 -7.394418808E-01 +1.475934288E-01 -1.998583322E-01 -7.421697574E-02 -2.147627661E-01 +1.819934845E-01
2.43000000000E+09 -5.474738433E-01 +5.363564611E-01 -1.933847725E-01 +6.373862757E-02 -1.944999650E-01 +1.616586022E-01
2.44000000000E+09 -1.598679982E-01 +7.562109367E-01 -1.123667853E-01 +1.787500938E-01 -1.920624813E-01 +1.331842125E-01
2.45000000000E+09 +2.873237683E-01 +7.145857096E-01 +1.851898466E-02 +2.317142235E-01 -2.093966366E-01 +1.094089681E-01
2.46000000000E+09 +6.247724881E-01 +4.304165663E-01 +1.552898089E-01 +2.055194226E-01 -2.392250390E-01 +1.016823744E-01
2.47000000000E+09 +7.423549978E-01 +2.179428981E-02 +2.537476424E-01 +1.120707918E-01 -2.689188466E-01 +1.143201108E-01
2.48000000000E+09 +6.275427032E-01 -3.690884743E-01 +2.863126929E-01 -1.577246059E-02 -2.862696067E-01 +1.430281540E-01
2.49000000000E+09 +3.371683710E-01 -6.359418707E-01 +2.475401559E-01 -1.392085424E-01 -2.847473689E-01 +1.776609364E-01
2.50000000000E+09 -4.424540204E-02 -7.193992421E-01 +1.503622487E-01 -2.241182972E-01 -2.642576226E-01 +2.067268381E-01
2.51000000000E+09 -4.217250896E-01 -5.970114830E-01 +2.140734680E-02 -2.464017107E-01 -2.309010975E-01 +2.202697649E-01
2.52000000000E+09 -6.907303075E-01 -2.846573025E-01 -1.035412670E-01 -1.965439293E-01 -1.955285164E-01 +2.128090903E-01
2.53000000000E+09 -7.496226561E-01 +1.428476652E-01 -1.852907745E-01 -8.451918072E-02 -1.717302771E-01 +1.862237319E-01
2.54000000000E+09 -5.492157481E-01 +5.427580816E-01 -1.936499675E-01 +5.711009401E-02 -1.697892442E-01 +1.502753298E-01
2.55000000000E+09 -1.498098246E-01 +7.553829821E-01 -1.226825925E-01 +1.810186839E-01 -1.916699856E-01 +1.207981736E-01
2.56000000000E+09 +2.907482869E-01 +6.991004709E-01 +2.994290810E-03 +2.449514862E-01 -2.281143271E-01 +1.113401908E-01
2.57000000000E+09 +6.093549346E-01 +4.165519504E-01 +1.396764517E-01 +2.307268934E-01 -2.635576096E-01 +1.260914367E-01
2.58000000000E+09 +7.195775789E-01 +2.716778644E-02 +2.444718540E-01 +1.481762648E-01 -2.843124105E-01 +1.593695956E-01
2.59000000000E+09 +6.178468693E-01 -3.477343671E-01 +2.895243271E-01 +2.553118448E-02 -2.832643197E-01 +1.992993299E-01
2.60000000000E+09 +3.472468629E-01 -6.173064982E-01 +2.648181706E-01 -1.020302270E-01 -2.608789100E-01 +2.328011790E-01
2.61000000000E+09 -2.679765933E-02 -7.173213269E-01 +1.769283748E-01 -1.999085149E-01 -2.239315803E-01 +2.494064061E-01
2.62000000000E+09 -4.142070332E-01 -6.069471477E-01 +4.776732826E-02 -2.390065361E-01 -1.841959185E-01 +2.432979406E-01
2.63000000000E+09 -6.953658340E-01 -2.898410024E-01 -8.651557303E-02 -2.028676704E-01 -1.560158643E-01 +2.157419564E-01
2.64000000000E+09 -7.515928758E-01 +1.492777107E-01 -1.822898889E-01 -9.747295104E-02 -1.506722381E-01 +1.768157298E-01
2.65000000000E+09 -5.387135975E-01 +5.474124080E-01 -2.046799517E-01 +4.439523807E-02 -1.706990912E-01 +1.433157177E-01
2.66000000000E+09 -1.386198245E-01 +7.447648371E-01 -1.456878075E-01 +1.737823286E-01 -2.071948628E-01 +1.299613313E-01
2.67000000000E+09 +2.858319941E-01 +6.816656660E-01 -2.848842193E-02 +2.478717957E-01 -2.443230917E-01 +1.420916445E-01
2.68000000000E+09 +5.910657470E-01 +4.116747662E-01 +1.060343811E-01 +2.474231461E-01 -2.674034693E-01 +1.738824825E-01
2.69000000000E+09 +7.063208566E-01 +3.992434206E-02 +2.175430980E-01 +1.779329017E-01 -2.687233230E-01 +2.131716568E-01
2.70000000000E+09 +6.216372129E-01 -3.305197084E-01 +2.764525442E-01 +6.186046347E-02 -2.486153838E-01 +2.468904257E-01
2.71000000000E+09 +3.625203735E-01 -6.116034345E-01 +2.673881584E-01 -6.899280112E-02 -2.138263649E-01 +2.648726185E-01
2.72000000000E+09 -1.576150964E-02 -7.256795766E-01 +1.905127185E-01 -1.788900704E-01 -1.758953400E-01 +2.610317667E-01
2.73000000000E+09 -4.155553907E-01 -6.167001738E-01 +6.392107742E-02 -2.336551753E-01 -1.479648171E-01 +2.368596702E-01
2.74000000000E+09 -6.999609802E-01 -2.899578089E-01 -7.564737495E-02 -2.116054748E-01 -1.403045129E-01 +2.015041625E-01
2.75000000000E+09 -7.468013578E-01 +1.513808528E-01 -1.817829595E-01 -1.159822051E-01 -1.558685161E-01 +1.701058522E-01
2.76000000000E+09 -5.306026429E-01 +5.370914132E-01 -2.176845491E-01 +2.141258591E-02 -1.872118493E-01 +1.563793955E-01
2.77000000000E+09 -1.449025071E-01 +7.256423328E-01 -1.733869991E-01 +1.534001018E-01 -2.200736963E-01 +1.652580011E-01
2.78000000000E+09 +2.625576464E-01 +6.738963984E-01 -6.758743985E-02 +2.384432742E-01 -2.411581327E-01 +1.919108609E-01
2.79000000000E+09 +5.689801754E-01 +4.260756660E-01 +6.454157076E-02 +2.542020205E-01 -2.433654853E-01 +2.255315551E-01
2.80000000000E+09 +7.033147255E-01 +6.567248060E-02 +1.845906129E-01 +1.992869064E-01 -2.272134672E-01 +2.547698220E-01
2.81000000000E+09 +6.374412736E-01 -3.138314232E-01 +2.596544515E-01 +8.949612765E-02 -1.986600433E-01 +2.701764346E-01
2.82000000000E+09 +3.801409460E-01 -6.133024151E-01 +2.672501026E-01 -4.581041946E-02 -1.678218236E-01 +2.676545458E-01
2.83000000000E+09 -1.127357230E-02 -7.354377523E-01 +2.013519631E-01 -1.679535291E-01 -1.452030234E-01 +2.491306629E-01
2.84000000000E+09 -4.196591644E-01 -6.179171287E-01 +7.807542472E-02 -2.375630863E-01 -1.388666919E-01 +2.228967670E-01
2.85000000000E+09 -6.956612734E-01 -2.832819422E-01 -6.444550547E-02 -2.294271258E-01 -1.500155815E-01 +2.007171740E-01
2.86000000000E+09 -7.317916458E-01 +1.483871841E-01 -1.789201580E-01 -1.454390135E-01 -1.720692010E-01 +1.921610044E-01
2.87000000000E+09 -5.234062015E-01 +5.177248214E-01 -2.284905438E-01 -1.496812010E-02 -1.942334745E-01 +2.002948514E-01
2.88000000000E+09 -1.590112741E-01 +7.069444521E-01 -2.005833568E-01 +1.188800224E-01 -2.065319058E-01 +2.206175856E-01
2.89000000000E+09 +2.383727168E-01 +6.754180491E-01 -1.072783513E-01 +2.158705196E-01 -2.046365764E-01 +2.444584628E-01
2.90000000000E+09 +5.570103912E-01 +4.462503927E-01 +2.239752676E-02 +2.492164199E-01 -1.900767068E-01 +2.630147194E-01
2.91000000000E+09 +7.124484415E-01 +8.444425748E-02 +1.512015469E-01 +2.097400016E-01 -1.684549579E-01 +2.700949256E-01
2.92000000000E+09 +6.546120451E-01 -3.130035903E-01 +2.417112891E-01 +1.072828593E-01 -1.480807368E-01 +2.641607655E-01
2.93000000000E+09 +3.857055333E-01 -6.253610377E-01 +2.649553735E-01 -2.971085480E-02 -1.363117943E-01 +2.490206667E-01
2.94000000000E+09 -1.940736353E-02 -7.404747339E-01 +2.110315707E-01 -1.594698596E-01 -1.370989382E-01 +2.323783998E-01
2.95000000000E+09 -4.230768678E-01 -6.083521723E-01 +9.557267628E-02 -2.399937818E-01 -1.482468419E-01 +2.224387305E-01
2.96000000000E+09 -6.820862594E-01 -2.757989747E-01 -4.377627298E-02 -2.455220355E-01 -1.628013919E-01 +2.241526824E-01
2.97000000000E+09 -7.150027774E-01 +1.363041356E-01 -1.623363609E-01 -1.763346318E-01 -1.727963954E-01 +2.361292111E-01
2.98000000000E+09 -5.257496968E-01 +4.935916255E-01 -2.246419520E-01 -5.643826607E-02 -1.727943006E-01 +2.529200090E-01
2.99000000000E+09 -1.818646636E-01 +6.949050434E-01 -2.140428140E-01 +7.710254758E-02 -1.624514912E-01 +2.670065244E-01
3.00000000000E+09 +2.567234808E-01 +6.731664094E-01 -1.232544688E-01 +1.927870390E-01 -1.456758409E-01 +2.724020216E-01
3.01000000000E+09 +5.850366694E-01 +4.311742461E-01 +6.779339497E-03 +2.354689114E-01 -1.293037691E-01 +2.669873679E-01
3.02000000000E+09 +7.331894441E-01 +4.258817459E-02 +1.413569477E-01 +2.014416233E-01 -1.202989678E-01 +2.534136891E-01
3.03000000000E+09 +6.410809631E-01 -3.684317103E-01 +2.372557168E-01 +9.964971282E-02 -1.226100315E-01 +2.385082709E-01
3.04000000000E+09 +3.343226808E-01 -6.590092664E-01 +2.635912157E-01 -3.772384492E-02 -1.350899841E-01 +2.306761400E-01
3.05000000000E+09 -7.607658881E-02 -7.288905277E-01 +2.131573192E-01 -1.663381696E-01 -1.508562380E-01 +2.348719654E-01
3.06000000000E+09 -4.479727161E-01 -5.679713358E-01 +1.046077896E-01 -2.471551299E-01 -1.612398448E-01 +2.503639991E-01
3.07000000000E+09 -6.713013206E-01 -2.447329615E-01 -2.705903543E-02 -2.590995349E-01 -1.600726052E-01 +2.715183926E-01
3.08000000000E+09 -6.964060345E-01 +1.388989126E-01 -1.440734508E-01 -2.023613214E-01 -1.458380760E-01 +2.897921390E-01
3.09000000000E+09 -5.249651633E-01 +4.810290655E-01 -2.149080422E-01 -9.416666803E-02 -1.224631371E-01 +2.975220228E-01
3.10000000000E+09 -1.969790506E-01 +6.927182504E-01 -2.197772202E-01 +3.652113818E-02 -9.773812099E-02 +2.906036978E-01
3.11000000000E+09 +2.061103136E-01 +7.024687817E-01 -1.543464250E-01 +1.525249917E-01 -8.099837961E-02 +2.703753995E-01
3.12000000000E+09 +5.638085712E-01 +4.840486217E-01 -3.428277790E-02 +2.173081856E-01 -7.971750930E-02 +2.439977723E-01
3.13000000000E+09 +7.422958279E-01 +9.233149207E-02 +1.041103431E-01 +2.063831954E-01 -9.563380798E-02 +2.228732406E-01
3.14000000000E+09 +6.645722105E-01 -3.337719556E-01 +2.146401309E-01 +1.210060549E-01 -1.226315077E-01 +2.172089393E-01
3.15000000000E+09 +3.642066816E-01 -6.343149029E-01 +2.604016241E-01 -9.682195372E-03 -1.486401803E-01 +2.308618489E-01
3.16000000000E+09 -3.710014241E-02 -7.149568171E-01 +2.293581703E-01 -1.419364776E-01 -1.617602623E-01 +2.594038387E-01
3.17000000000E+09 -4.038328471E-01 -5.749958897E-01 +1.354841737E-01 -2.356224917E-01 -1.560963141E-01 +2.919633498E-01
3.18000000000E+09 -6.391601902E-01 -2.757760457E-01 +9.043998162E-03 -2.663114764E-01 -1.322595728E-01 +3.169761830E-01
3.19000000000E+09 -6.917774789E-01 +9.882436543E-02 -1.142201384E-01 -2.277156297E-01 -9.761805478E-02 +3.254972962E-01
3.20000000000E+09 -5.447506557E-01 +4.558943948E-01 -2.002115319E-01 -1.301455935E-01 -6.280828837E-02 +3.135477030E-01
3.21000000000E+09 -2.195847890E-01 +6.932546866E-01 -2.223959760E-01 +5.672621161E-04 -4.024208090E-02 +2.838408935E-01
3.22000000000E+09 +2.016646695E-01 +7.154385434E-01 -1.694881259E-01 +1.256383716E-01 -3.923683942E-02 +2.463364124E-01
3.23000000000E+09 +5.734616515E-01 +4.859811761E-01 -5.440348138E-02 +2.026307933E-01 -6.155122074E-02 +2.160112349E-01
3.24000000000E+09 +7.439208287E-01 +7.971922295E-02 +8.493928862E-02 +2.031216751E-01 -9.874390519E-02 +2.068924467E-01
3.25000000000E+09 +6.500624172E-01 -3.406895220E-01 +2.004051758E-01 +1.275782769E-01 -1.344027209E-01 +2.234635929E-01
3.26000000000E+09 +3.505644689E-01 -6.222956647E-01 +2.554765513E-01 +4.624340914E-03 -1.534572097E-01 +2.591523546E-01
3.27000000000E+09 -3.195666903E-02 -6.956162620E-01 +2.380259825E-01 -1.251193825E-01 -1.482895286E-01 +3.001620571E-01
3.28000000000E+09 -3.831986501E-01 -5.690740220E-01 +1.583341696E-01 -2.248942341E-01 -1.207512271E-01 +3.323781425E-01
3.29000000000E+09 -6.223683477E-01 -2.896061587E-01 +4.043926078E-02 -2.697519617E-01 -7.961726540E-02 +3.451420172E-01
3.30000000000E+09 -6.931540099E-01 +7.766919958E-02 -8.429508277E-02 -2.481386800E-01 -3.709330360E-02 +3.340099248E-01
3.31000000000E+09 -5.606704578E-01 +4.455544787E-01 -1.813166052E-01 -1.635255143E-01 -7.028352290E-03 +3.010755008E-01
3.32000000000E+09 -2.336369778E-01 +6.982271438E-01 -2.192208019E-01 -3.717503575E-02 -5.982314810E-04 +2.568945843E-01
3.33000000000E+09 +1.990626819E-01 +7.231913921E-01 -1.808299349E-01 +9.219994940E-02 -2.153371121E-02 +2.178260304E-01
3.34000000000E+09 +5.732375612E-01 +4.863340344E-01 -7.577133327E-02 +1.792443761E-01 -6.202211486E-02 +2.000992714E-01
3.35000000000E+09 +7.363831827E-01 +8.055454003E-02 +5.936284810E-02 +1.931138673E-01 -1.048976634E-01 +2.113240212E-01
3.36000000000E+09 +6.425319154E-01 -3.282848603E-01 +1.777251196E-01 +1.319077676E-01 -1.320962240E-01 +2.460714084E-01
3.37000000000E+09 +3.569411029E-01 -6.034603474E-01 +2.433343487E-01 +2.010379358E-02 -1.337904548E-01 +2.899566724E-01
3.38000000000E+09 -1.085320162E-02 -6.866346323E-01 +2.414803447E-01 -1.062916755E-01 -1.108567552E-01 +3.276488563E-01
3.39000000000E+09 -3.615543258E-01 -5.789953603E-01 +1.767317145E-01 -2.125405007E-01 -7.144278263E-02 +3.469302211E-01
3.40000000000E+09 -6.149691467E-01 -3.116075398E-01 +6.723326265E-02 -2.712980710E-01 -2.776093741E-02 +3.426171149E-01
3.41000000000E+09 -7.024306727E-01 +5.926842579E-02 -5.832319457E-02 -2.655286855E-01 +7.090237771E-03 +3.157080273E-01
3.42000000000E+09 -5.754109656E-01 +4.398781877E-01 -1.642923259E-01 -1.931764803E-01 +2.124965108E-02 +2.749667056E-01
3.43000000000E+09 -2.429824284E-01 +6.999666048E-01 -2.154231206E-01 -7.247902041E-02 +9.751328613E-03 +2.344117623E-01
3.44000000000E+09 +1.921721469E-01 +7.233671922E-01 -1.910680981E-01 +5.822691220E-02 -2.292916438E-02 +2.096608539E-01
3.45000000000E+09 +5.617194292E-01 +4.879708355E-01 -9.770371743E-02 +1.536941380E-01 -6.255142252E-02 +2.104261723E-01
3.46000000000E+09 +7.238288634E-01 +9.484577047E-02 +3.074489698E-02 +1.814513990E-01 -9.241697719E-02 +2.349326884E-01
3.47000000000E+09 +6.443787244E-01 -3.038018549E-01 +1.512241817E-01 +1.366625507E-01 -1.014596612E-01 +2.720031080E-01
3.48000000000E+09 +3.780995334E-01 -5.862766527E-01 +2.284001087E-01 +3.766163351E-02 -8.813820626E-02 +3.071445445E-01
3.49000000000E+09 +1.690505830E-02 -6.899040811E-01 +2.433721414E-01 -8.469437373E-02 -5.820463534E-02 +3.287653225E-01
3.50000000000E+09 -3.447071267E-01 -5.995485301E-01 +1.942153609E-01 -1.966056784E-01 -2.180979351E-02 +3.310860320E-01
3.51000000000E+09 -6.161354132E-01 -3.344403471E-01 +9.426935637E-02 -2.676173328E-01 +9.690545262E-03 +3.145399296E-01
3.52000000000E+09 -7.136569937E-01 +4.648867759E-02 -2.954910490E-02 -2.759396524E-01 +2.652183260E-02 +2.848049868E-01
3.53000000000E+09 -5.849522937E-01 +4.353660102E-01 -1.403805356E-01 -2.158234239E-01 +2.394064535E-02 +2.520164437E-01
3.54000000000E+09 -2.509955053E-01 +6.942211895E-01 -2.014006261E-01 -1.033797307E-01 +4.327663590E-03 +2.284082424E-01
3.55000000000E+09 +1.757716589E-01 +7.177946936E-01 -1.905901803E-01 +2.513141242E-02 -2.338976016E-02 +2.224620858E-01
3.56000000000E+09 +5.371354578E-01 +4.975413548E-01 -1.113721583E-01 +1.265090306E-01 -4.746078937E-02 +2.348023818E-01
3.57000000000E+09 +7.102676314E-01 +1.233258420E-01 +8.668270659E-03 +1.686756953E-01 -5.876159115E-02 +2.586859419E-01
3.58000000000E+09 +6.554715021E-01 -2.721995719E-01 +1.310376058E-01 +1.414016152E-01 -5.429161595E-02 +2.840328961E-01
3.59000000000E+09 +4.076816725E-01 -5.718974966E-01 +2.199471126E-01 +5.571820546E-02 -3.679705273E-02 +3.022043672E-01
3.60000000000E+09 +4.533298068E-02 -6.988588235E-01 +2.515899528E-01 -6.221457245E-02 -1.313942655E-02 +3.081857647E-01
3.61000000000E+09 -3.322346933E-01 -6.205482678E-01 +2.177462706E-01 -1.787968515E-01 +9.142415197E-03 +3.013392834E-01
3.62000000000E+09 -6.178631931E-01 -3.518524795E-01 +1.277162341E-01 -2.602558731E-01 +2.364772168E-02 +2.853585211E-01
3.63000000000E+09 -7.181379323E-01 +3.648597370E-02 +7.480213665E-03 -2.813367109E-01 +2.762177063E-02 +2.658260593E-01
3.64000000000E+09 -5.886823899E-01 +4.242095844E-01 -1.060116482E-01 -2.340297898E-01 +2.154135074E-02 +2.498345909E-01
3.65000000000E+09 -2.629836288E-01 +6.791899139E-01 -1.762249498E-01 -1.320875826E-01 +1.009684522E-02 +2.422689745E-01
3.66000000000E+09 +1.492969540E-01 +7.116433558E-01 -1.802695676E-01 -8.022447742E-03 -1.324950917E-03 +2.437161584E-01
3.67000000000E+09 +5.088073674E-01 +5.144886698E-01 -1.173679378E-01 +9.867327746E-02 -8.558002546E-03 +2.515789687E-01
3.68000000000E+09 +7.016625150E-01 +1.585446356E-01 -8.296377976E-03 +1.556090525E-01 -9.152654640E-03 +2.613766020E-01
3.69000000000E+09 +6.742516090E-01 -2.407573365E-01 +1.132539339E-01 +1.468584877E-01 -4.354613691E-03 +2.692798955E-01
3.70000000000E+09 +4.401401603E-01 -5.620766122E-01 +2.111214076E-01 +7.653047671E-02 +3.175255096E-03 +2.729869129E-01
3.71000000000E+09 +7.178059980E-02 -7.099859349E-01 +2.567528523E-01 -3.356654800E-02 +1.048136343E-02 +2.726405320E-01
3.72000000000E+09 -3.196731015E-01 -6.388343220E-01 +2.370668557E-01 -1.500529228E-01 +1.613807971E-02 +2.696116706E-01
3.73000000000E+09 -6.130701827E-01 -3.684071641E-01 +1.583939359E-01 -2.374448605E-01 +2.005770656E-02 +2.662927651E-01
3.74000000000E+09 -7.154771414E-01 +1.792345806E-02 +4.500126688E-02 -2.688762085E-01 +2.306107930E-02 +2.639886001E-01
3.75000000000E+09 -5.942514097E-01 +3.990160097E-01 -6.807451957E-02 -2.345886534E-01 +2.642132725E-02 +2.627734936E-01
3.76000000000E+09 -2.877300381E-01 +6.556984536E-01 -1.461386506E-01 -1.448721027E-01 +3.023730999E-02 +2.611483633E-01
3.77000000000E+09 +1.089060509E-01 +7.088812366E-01 -1.654142032E-01 -2.672028467E-02 +3.393590745E-02 +2.579302348E-01
3.78000000000E+09 +4.737889473E-01 +5.410975865E-01 -1.198851127E-01 +8.442789595E-02 +3.604217905E-02 +2.529017016E-01
3.79000000000E+09 +6.927168217E-01 +2.013834323E-01 -2.306235931E-02 +1.553641974E-01 +3.502548832E-02 +2.472466291E-01
3.80000000000E+09 +6.931282808E-01 -2.055173627E-01 +9.587361406E-02 +1.647427532E-01 +3.048188342E-02 +2.428290158E-01
3.81000000000E+09 +4.709265136E-01 -5.484465969E-01 +2.003395034E-01 +1.099155716E-01 +2.384053812E-02 +2.420058126E-01
3.82000000000E+09 +9.809402266E-02 -7.138987267E-01 +2.580034171E-01 +8.725616658E-03 +1.826042860E-02 +2.463865093E-01
3.83000000000E+09 -3.013974933E-01 -6.499930626E-01 +2.516035236E-01 -1.061100192E-01 +1.712292842E-02 +2.555959643E-01
3.84000000000E+09 -5.991391975E-01 -3.834211960E-01 +1.845520912E-01 -1.985432821E-01 +2.276409723E-02 +2.660797559E-01
3.85000000000E+09 -7.071919502E-01 -4.010223478E-03 +7.863393645E-02 -2.405685906E-01 +3.492525002E-02 +2.736155074E-01
3.86000000000E+09 -5.998651257E-01 +3.721202915E-01 -3.392114781E-02 -2.203009230E-01 +5.076953452E-02 +2.741797841E-01
3.87000000000E+09 -3.112156586E-01 +6.361217662E-01 -1.199990749E-01 -1.439067022E-01 +6.570643237E-02 +2.664271536E-01
3.88000000000E+09 +7.698590512E-02 +7.092083096E-01 -1.544233567E-01 -3.338528631E-02 +7.487482566E-02 +2.515575400E-01
3.89000000000E+09 +4.507265560E-01 +5.619232587E-01 -1.265430682E-01 +7.909926443E-02 +7.453185855E-02 +2.333651848E-01
3.90000000000E+09 +6.894414562E-01 +2.294039359E-01 -4.410800636E-02 +1.597376910E-01 +6.436561237E-02 +2.178301270E-01
3.91000000000E+09 +7.061806657E-01 -1.849444023E-01 +6.738388273E-02 +1.832588630E-01 +4.762739204E-02 +2.106619808E-01
3.92000000000E+09 +4.893229319E-01 -5.400792222E-01 +1.718501883E-01 +1.425924453E-01 +3.048757078E-02 +2.151960635E-01
3.93000000000E+09 +1.155061315E-01 -7.136862766E-01 +2.354578507E-01 +5.235396579E-02 +1.982094807E-02 +2.300564139E-01
3.94000000000E+09 -2.847780904E-01 -6.556089680E-01 +2.388126229E-01 -5.691928748E-02 +2.041454219E-02 +2.496795688E-01
3.95000000000E+09 -5.846850517E-01 -3.977284417E-01 +1.826401972E-01 -1.503799842E-01 +3.266880824E-02 +2.666038946E-01
3.96000000000E+09 -7.018556575E-01 -2.740210611E-02 +8.513223305E-02 -2.002301645E-01 +5.290113665E-02 +2.748328127E-01
3.97000000000E+09 -6.104619881E-01 +3.468105189E-01 -2.506214141E-02 -1.923463300E-01 +7.476200695E-02 +2.711457633E-01
3.98000000000E+09 -3.365911791E-01 +6.211778560E-01 -1.165805684E-01 -1.289698286E-01 +9.136927830E-02 +2.559172989E-01
3.99000000000E+09 +4.736392740E-02 +7.127325169E-01 -1.630096907E-01 -2.735200625E-02 +9.747287740E-02 +2.339269107E-01
4.00000000000E+09 +4.296555417E-01 +5.813384525E-01 -1.498053573E-01 +8.324238845E-02 +9.080369846E-02 +2.120253664E-01
4.01000000000E+09 +6.832131711E-01 +2.556059846E-01 -8.020923401E-02 +1.688059918E-01 +7.367418753E-02 +1.979362594E-01
4.02000000000E+09 +7.134144074E-01 -1.612805076E-01 +2.360830174E-02 +2.017745979E-01 +5.266308578E-02 +1.969068926E-01
4.03000000000E+09 +5.058357058E-01 -5.234717937E-01 +1.270315334E-01 +1.717290785E-01 +3.575411016E-02 +2.090391731E-01
4.04000000000E+09 +1.376081067E-01 -7.074236586E-01 +1.958688872E-01 +8.971702909E-02 +2.960521553E-02 +2.293672504E-01
4.05000000000E+09 -2.625226332E-01 -6.620955794E-01 +2.086621312E-01 -1.655305968E-02 +3.653432938E-02 +2.501851834E-01
4.06000000000E+09 -5.697406646E-01 -4.158686402E-01 +1.627918454E-01 -1.137472617E-01 +5.415855277E-02 +2.639684640E-01
4.07000000000E+09 -7.004554832E-01 -5.077136662E-02 +7.282054402E-02 -1.734129704E-01 +7.655348374E-02 +2.662325378E-01
4.08000000000E+09 -6.224692908E-01 +3.280517835E-01 -3.528196553E-02 -1.790254252E-01 +9.674988259E-02 +2.562508248E-01
4.09000000000E+09 -3.562110490E-01 +6.132520559E-01 -1.309197406E-01 -1.291870988E-01 +1.091142453E-01 +2.371214946E-01
4.10000000000E+09 +2.743695324E-02 +7.165679293E-01 -1.867136502E-01 -3.813687661E-02 +1.096946542E-01 +2.148063195E-01
4.11000000000E+09 +4.138949509E-01 +5.947293290E-01 -1.858478570E-01 +6.702099554E-02 +9.881457734E-02 +1.961784826E-01
4.12000000000E+09 +6.749895298E-01 +2.761431210E-01 -1.287666658E-01 +1.533710254E-01 +8.060887983E-02 +1.875256664E-01
4.13000000000E+09 +7.169627179E-01 -1.364275983E-01 -3.434766627E-02 +1.929975524E-01 +6.184012129E-02 +1.909851344E-01
4.14000000000E+09 +5.249473402E-01 -5.018136193E-01 +6.590930724E-02 +1.733146169E-01 +4.922069972E-02 +2.044633973E-01
4.15000000000E+09 +1.694667616E-01 -6.997265678E-01 +1.392521333E-01 +1.012874439E-01 +4.692332932E-02 +2.223262518E-01
4.16000000000E+09 -2.293326478E-01 -6.754637751E-01 +1.630005722E-01 +1.631905372E-04 +5.516630571E-02 +2.382938196E-01
4.17000000000E+09 -5.492840144E-01 -4.470745693E-01 +1.305981099E-01 -9.946734690E-02 +7.067360098E-02 +2.471827526E-01
4.18000000000E+09 -7.003754301E-01 -8.801905601E-02 +5.192003875E-02 -1.688768256E-01 +8.850759552E-02 +2.467828731E-01
4.19000000000E+09 -6.418166830E-01 +2.966693712E-01 -5.030749335E-02 -1.888511207E-01 +1.035950285E-01 +2.374740715E-01
4.20000000000E+09 -3.883579018E-01 +5.958190734E-01 -1.469252336E-01 -1.543309253E-01 +1.117913758E-01 +2.226048493E-01
4.21000000000E+09 -9.816586639E-03 +7.164966137E-01 -2.097877852E-01 -7.567942436E-02 +1.116745115E-01 +2.066062809E-01
4.22000000000E+09 +3.801057873E-01 +6.132861503E-01 -2.199031475E-01 +2.286671760E-02 +1.039043930E-01 +1.939901325E-01
4.23000000000E+09 +6.546066332E-01 +3.113690501E-01 -1.742898470E-01 +1.099837668E-01 +9.147172053E-02 +1.878930531E-01
4.24000000000E+09 +7.198723161E-01 -9.358814039E-02 -8.755550686E-02 +1.572018545E-01 +7.892574621E-02 +1.891444723E-01
4.25000000000E+09 +5.532038333E-01 -4.676477854E-01 +1.226276824E-02 +1.488382164E-01 +6.992123225E-02 +1.964216125E-01
4.26000000000E+09 +2.120247630E-01 -6.888718374E-01 +9.332835397E-02 +8.715860639E-02 +6.726342642E-02 +2.069549068E-01
4.27000000000E+09 -1.904291878E-01 -6.906928488E-01 +1.306346956E-01 -8.850262578E-03 +7.102931626E-02 +2.173782698E-01
4.28000000000E+09 -5.276375798E-01 -4.791292032E-01 +1.134800371E-01 -1.104662321E-01 +7.994333932E-02 +2.249786731E-01
4.29000000000E+09 -6.994683999E-01 -1.238202531E-01 +4.783924005E-02 -1.881333628E-01 +9.151589824E-02 +2.274490774E-01
4.30000000000E+09 -6.573985558E-01 +2.668770414E-01 -4.612363383E-02 -2.202863806E-01 +1.030778239E-01 +2.244488911E-01
4.31000000000E+09 -4.150037139E-01 +5.766362352E-01 -1.402880937E-01 -1.989386917E-01 +1.120143920E-01 +2.165048542E-01
4.32000000000E+09 -4.305521588E-02 +7.116718475E-01 -2.065736199E-01 -1.317577524E-01 +1.163450544E-01 +2.056258878E-01
4.33000000000E+09 +3.469186964E-01 +6.271384652E-01 -2.248883781E-01 -4.012805305E-02 +1.151145158E-01 +1.937363796E-01
4.34000000000E+09 +6.334428835E-01 +3.437449190E-01 -1.891141992E-01 +4.702073002E-02 +1.090509182E-01 +1.834461254E-01
4.35000000000E+09 +7.216421261E-01 -5.331881492E-02 -1.097825949E-01 +1.015639226E-01 +9.948031358E-02 +1.775246419E-01
4.36000000000E+09 +5.781611117E-01 -4.366111971E-01 -1.101793218E-02 +1.052040179E-01 +8.915260867E-02 +1.775185966E-01
4.37000000000E+09 +2.484428790E-01 -6.795066270E-01 +7.647479847E-02 +5.571887363E-02 +8.101647882E-02 +1.835551122E-01
4.38000000000E+09 -1.584242068E-01 -7.032073099E-01 +1.261965321E-01 -3.190544257E-02 +7.763999842E-02 +1.940432048E-01
4.39000000000E+09 -5.094433162E-01 -5.041333959E-01 +1.239143622E-01 -1.309182415E-01 +8.084867271E-02 +2.057406721E-01
4.40000000000E+09 -6.959091434E-01 -1.515546017E-01 +7.246682366E-02 -2.117201413E-01 +9.033078564E-02 +2.148019287E-01
4.41000000000E+09 -6.662670021E-01 +2.418146967E-01 -1.047290108E-02 -2.515364175E-01 +1.037152772E-01 +2.177341750E-01
4.42000000000E+09 -4.351194669E-01 +5.580883324E-01 -9.867923513E-02 -2.405026823E-01 +1.178334433E-01 +2.128844455E-01
4.43000000000E+09 -7.232128918E-02 +7.057764062E-01 -1.651891602E-01 -1.836607243E-01 +1.281932668E-01 +2.002675613E-01
4.44000000000E+09 +3.167822326E-01 +6.394927183E-01 -1.893807033E-01 -9.884632268E-02 +1.317777301E-01 +1.827566308E-01
4.45000000000E+09 +6.149859272E-01 +3.726164532E-01 -1.627956530E-01 -1.213949087E-02 +1.266521562E-01 +1.651395753E-01
4.46000000000E+09 +7.240037365E-01 -1.888001294E-02 -9.186992175E-02 +4.912567419E-02 +1.134197405E-01 +1.529398227E-01
4.47000000000E+09 +6.001762347E-01 -4.109919139E-01 +2.849654479E-03 +6.480326409E-02 +9.598117227E-02 +1.503351745E-01
4.48000000000E+09 +2.797333201E-01 -6.715682449E-01 +9.241913350E-02 +2.931505030E-02 +8.003409711E-02 +1.586818294E-01
4.49000000000E+09 -1.294603749E-01 -7.124643800E-01 +1.497317789E-01 -4.589325900E-02 +7.122587713E-02 +1.752130728E-01
4.50000000000E+09 -4.899594630E-01 -5.249387813E-01 +1.586301507E-01 -1.364855993E-01 +7.302864441E-02 +1.944148266E-01
4.51000000000E+09 -6.888805620E-01 -1.785843742E-01 +1.192104659E-01 -2.139194949E-01 +8.534200950E-02 +2.091954436E-01
4.52000000000E+09 -6.737330254E-01 +2.142045113E-01 +4.644354409E-02 -2.551911718E-01 +1.044137913E-01 +2.141979043E-01
4.53000000000E+09 -4.569037611E-01 +5.373603951E-01 -3.581749369E-02 -2.489487105E-01 +1.242137282E-01 +2.072865005E-01
4.54000000000E+09 -1.030533609E-01 +6.998220676E-01 -1.019225273E-01 -1.975703374E-01 +1.386911639E-01 +1.899529613E-01
4.55000000000E+09 +2.875043564E-01 +6.519295122E-01 -1.309805935E-01 -1.158311322E-01 +1.423533032E-01 +1.672401151E-01
4.56000000000E+09 +5.980943218E-01 +3.995635557E-01 -1.123385643E-01 -2.758432117E-02 +1.336691043E-01 +1.462976330E-01
4.57000000000E+09 +7.252741981E-01 +1.266577279E-02 -4.955888241E-02 +4.057841469E-02 +1.150064814E-01 +1.342525558E-01
4.58000000000E+09 +6.180186153E-01 -3.855779256E-01 +3.946129463E-02 +6.750732844E-02 +9.286444355E-02 +1.353236936E-01
4.59000000000E+09 +3.076646047E-01 -6.590474219E-01 +1.276575561E-01 +4.544775613E-02 +7.528911095E-02 +1.490984274E-01
4.60000000000E+09 -9.873522758E-02 -7.158091911E-01 +1.882378089E-01 -1.684421180E-02 +6.862857861E-02 +1.702069373E-01
4.61000000000E+09 -4.646755188E-01 -5.449363500E-01 +2.042354375E-01 -9.751153228E-02 +7.548374028E-02 +1.906161569E-01
4.62000000000E+09 -6.780862606E-01 -2.111004229E-01 +1.736849464E-01 -1.699832330E-01 +9.337613827E-02 +2.025704757E-01
4.63000000000E+09 -6.830739166E-01 +1.793434079E-01 +1.083213617E-01 -2.116120340E-01 +1.159212471E-01 +2.019398746E-01
4.64000000000E+09 -4.847413183E-01 +5.132532106E-01 +2.940863563E-02 -2.097147089E-01 +1.352198427E-01 +1.887511295E-01
4.65000000000E+09 -1.392756288E-01 +6.960217907E-01 -3.894972003E-02 -1.639114738E-01 +1.444413350E-01 +1.672170895E-01
4.66000000000E+09 +2.564305033E-01 +6.686670490E-01 -7.523476495E-02 -8.606304464E-02 +1.404757700E-01 +1.444052299E-01
4.67000000000E+09 +5.817355732E-01 +4.288843420E-01 -6.705960941E-02 +1.994284211E-03 +1.243518696E-01 +1.280338405E-01
4.68000000000E+09 +7.258261075E-01 +4.427037096E-02 -1.544245526E-02 +7.418755166E-02 +1.017915108E-01 +1.241744887E-01
4.69000000000E+09 +6.330422152E-01 -3.592880325E-01 +6.389563630E-02 +1.088881137E-01 +8.124133400E-02 +1.338191809E-01
4.70000000000E+09 +3.335677678E-01 -6.436457488E-01 +1.455465783E-01 +9.681968363E-02 +7.023112229E-02 +1.528636139E-01
4.71000000000E+09 -6.756496264E-02 -7.163731552E-01 +2.036629389E-01 +4.477302260E-02 +7.270472324E-02 +1.736158662E-01
4.72000000000E+09 -4.382962902E-01 -5.632145846E-01 +2.208675455E-01 -2.806550321E-02 +8.723709899E-02 +1.881449586E-01
4.73000000000E+09 -6.671426054E-01 -2.409980815E-01 +1.931985695E-01 -9.688204058E-02 +1.078848385E-01 +1.916202931E-01
4.74000000000E+09 -6.918632139E-01 +1.506345581E-01 +1.299150550E-01 -1.392526596E-01 +1.269705319E-01 +1.829413302E-01
4.75000000000E+09 -5.068389538E-01 +4.977226678E-01 +5.007407897E-02 -1.409826095E-01 +1.378292848E-01 +1.655291541E-01
4.76000000000E+09 -1.625958356E-01 +6.965008323E-01 -2.251991149E-02 -9.950903394E-02 +1.367828624E-01 +1.456797789E-01
4.77000000000E+09 +2.406115999E-01 +6.793752736E-01 -6.574159493E-02 -2.513091956E-02 +1.245507180E-01 +1.307739851E-01
4.78000000000E+09 +5.741699684E-01 +4.421946710E-01 -6.604759342E-02 +6.107881881E-02 +1.059231390E-01 +1.257955571E-01
4.79000000000E+09 +7.235392628E-01 +5.773440900E-02 -2.359079178E-02 +1.333134971E-01 +8.873202478E-02 +1.323065192E-01
4.80000000000E+09 +6.344375789E-01 -3.485827507E-01 +4.831645055E-02 +1.702427009E-01 +7.934746064E-02 +1.468717004E-01
4.81000000000E+09 +3.434873281E-01 -6.325555862E-01 +1.226479664E-01 +1.619585493E-01 +8.123296265E-02 +1.629343344E-01
4.82000000000E+09 -4.941806806E-02 -7.134874649E-01 +1.763518406E-01 +1.144326865E-01 +9.305735076E-02 +1.740598031E-01
4.83000000000E+09 -4.210558494E-01 -5.740838007E-01 +1.923519070E-01 +4.472545927E-02 +1.094376761E-01 +1.763048463E-01
4.84000000000E+09 -6.615607325E-01 -2.611927960E-01 +1.652517423E-01 -2.418488662E-02 +1.239020248E-01 +1.688042051E-01
4.85000000000E+09 -7.009662559E-01 +1.324550136E-01 +1.020823657E-01 -7.019423845E-02 +1.308366518E-01 +1.552624867E-01
4.86000000000E+09 -5.235183971E-01 +4.899457078E-01 +2.038452486E-02 -7.786803462E-02 +1.279413272E-01 +1.408506187E-01
4.87000000000E+09 -1.778355239E-01 +6.984144646E-01 -5.647283180E-02 -4.309431342E-02 +1.168096741E-01 +1.313895288E-01
4.88000000000E+09 +2.294645527E-01 +6.855694170E-01 -1.059398745E-01 +2.479964109E-02 +1.028524236E-01 +1.304597625E-01
4.89000000000E+09 +5.646615473E-01 +4.515243732E-01 -1.141572670E-01 +1.054627615E-01 +9.229337409E-02 +1.377843802E-01
4.90000000000E+09 +7.169399761E-01 +7.400645443E-02 -8.077325740E-02 +1.741694354E-01 +8.996822292E-02 +1.494318047E-01
4.91000000000E+09 +6.408463230E-01 -3.222607818E-01 -1.898419906E-02 +2.104391924E-01 +9.659360190E-02 +1.597235368E-01
4.92000000000E+09 +3.664583677E-01 -6.128583440E-01 +4.949194277E-02 +2.044990552E-01 +1.091712731E-01 +1.637399079E-01
4.93000000000E+09 -1.791628742E-02 -7.126081000E-01 +1.017292744E-01 +1.596064667E-01 +1.218734958E-01 +1.592238129E-01
4.94000000000E+09 -3.968376472E-01 -5.934692420E-01 +1.200945343E-01 +9.024728371E-02 +1.292333553E-01 +1.478614095E-01
4.95000000000E+09 -6.560435985E-01 -2.891592224E-01 +9.713595099E-02 +1.790059912E-02 +1.274175543E-01 +1.341890879E-01
4.96000000000E+09 -7.119254433E-01 +1.109866661E-01 +3.767618591E-02 -3.501414977E-02 +1.168479780E-01 +1.239537811E-01
4.97000000000E+09 -5.396151067E-01 +4.810286984E-01 -4.197381296E-02 -5.170362864E-02 +1.017255324E-01 +1.217886443E-01
4.98000000000E+09 -1.913979261E-01 +6.973584839E-01 -1.183744627E-01 -2.699022760E-02 +8.888606530E-02 +1.291758234E-01
4.99000000000E+09 +2.174332345E-01 +6.873812055E-01 -1.691779004E-01 +3.049364808E-02 +8.402002384E-02 +1.427676462E-01
5.00000000000E+09 +5.515123392E-01 +4.581781412E-01 -1.807364735E-01 +1.012175993E-01 +9.000855081E-02 +1.566521965E-01
5.01000000000E+09 +7.070534644E-01 +8.910004097E-02 -1.523528271E-01 +1.619476583E-01 +1.044275633E-01 +1.643976223E-01
5.02000000000E+09 +6.423700151E-01 -3.021795508E-01 -9.581648148E-02 +1.932679136E-01 +1.214804575E-01 +1.617644285E-01
5.03000000000E+09 +3.812153766E-01 -5.990636365E-01 -3.080856297E-02 +1.853737527E-01 +1.338994299E-01 +1.492363955E-01
5.04000000000E+09 +4.896133054E-04 -7.130745162E-01 +2.094907431E-02 +1.398573504E-01 +1.358074799E-01 +1.308916230E-01
5.05000000000E+09 -3.867894278E-01 -6.044720341E-01 +4.156397559E-02 +6.942253594E-02 +1.252188765E-01 +1.139335004E-01
5.06000000000E+09 -6.569493388E-01 -2.988808867E-01 +2.229368644E-02 -5.202407351E-03 +1.052546349E-01 +1.057328509E-01
5.07000000000E+09 -7.153181630E-01 +1.090772069E-01 -3.275871244E-02 -6.121868904E-02 +8.357800899E-02 +1.105503675E-01
5.08000000000E+09 -5.380160400E-01 +4.815222456E-01 -1.071794071E-01 -8.170631296E-02 +6.930443478E-02 +1.278569769E-01
5.09000000000E+09 -1.875749439E-01 +6.922764590E-01 -1.778291926E-01 -6.184561803E-02 +6.906127417E-02 +1.511320933E-01
5.10000000000E+09 +2.145931560E-01 +6.775846288E-01 -2.233155152E-01 -1.068963593E-02 +8.365525354E-02 +1.710689465E-01
5.11000000000E+09 +5.400957625E-01 +4.527763856E-01 -2.310936240E-01 +5.316244996E-02 +1.079801518E-01 +1.794684943E-01
5.12000000000E+09 +6.951657410E-01 +9.443847768E-02 -2.007455195E-01 +1.079772015E-01 +1.331740894E-01 +1.724225600E-01
5.13000000000E+09 +6.393717782E-01 -2.908999099E-01 -1.428166099E-01 +1.357178289E-01 +1.498631680E-01 +1.517257591E-01
5.14000000000E+09 +3.868874078E-01 -5.918627608E-01 -7.536725655E-02 +1.261401738E-01 +1.509534639E-01 +1.239223503E-01
5.15000000000E+09 +5.969858337E-03 -7.134607223E-01 -1.961961213E-02 +7.960944560E-02 +1.348493063E-01 +9.939348669E-02
5.16000000000E+09 -3.871771551E-01 -6.060602876E-01 +6.078364698E-03 +7.987892805E-03 +1.067380760E-01 +8.774623955E-02
5.17000000000E+09 -6.587755523E-01 -2.951277259E-01 -7.552109681E-03 -6.779120189E-02 +7.704502569E-02 +9.470200376E-02
5.18000000000E+09 -7.106666309E-01 +1.150620843E-01 -5.627237205E-02 -1.247802429E-01 +5.764685859E-02 +1.183681471E-01
5.19000000000E+09 -5.276965051E-01 +4.807847764E-01 -1.234577129E-01 -1.465403620E-01 +5.678736640E-02 +1.496362238E-01
5.20000000000E+09 -1.810154397E-01 +6.820170205E-01 -1.864694379E-01 -1.291587528E-01 +7.469596237E-02 +1.764612749E-01
5.21000000000E+09 +2.106370906E-01 +6.655422736E-01 -2.251893041E-01 -8.164421351E-02 +1.049235189E-01 +1.884762617E-01
5.22000000000E+09 +5.295650162E-01 +4.488790376E-01 -2.283254457E-01 -2.141017878E-02 +1.362417687E-01 +1.809079455E-01
5.23000000000E+09 +6.882273551E-01 +9.903630963E-02 -1.948852791E-01 +3.145909874E-02 +1.575141449E-01 +1.559881782E-01
5.24000000000E+09 +6.396954693E-01 -2.860441894E-01 -1.339970749E-01 +5.918940220E-02 +1.604138350E-01 +1.221939520E-01
5.25000000000E+09 +3.884866716E-01 -5.924406876E-01 -6.295958165E-02 +5.090688664E-02 +1.428851611E-01 +9.168260946E-02
5.26000000000E+09 +2.508275443E-03 -7.157295255E-01 -2.957468411E-03 +6.311465562E-03 +1.107865657E-01 +7.639384839E-02
5.27000000000E+09 -3.932943966E-01 -6.026614836E-01 +2.726064866E-02 -6.264633916E-02 +7.603731950E-02 +8.304337711E-02
5.28000000000E+09 -6.586833809E-01 -2.862664002E-01 +1.876679261E-02 -1.349675889E-01 +5.242060983E-02 +1.098400538E-01
5.29000000000E+09 -7.015760105E-01 +1.200491170E-01 -2.375510520E-02 -1.882020688E-01 +4.948151313E-02 +1.461093450E-01
5.30000000000E+09 -5.179086391E-01 +4.751710309E-01 -8.377594527E-02 -2.070907675E-01 +6.800634167E-02 +1.776622021E-01
5.31000000000E+09 -1.805663375E-01 +6.707295015E-01 -1.402118820E-01 -1.886861780E-01 +1.009877957E-01 +1.930412671E-01
5.32000000000E+09 +2.018767025E-01 +6.598871113E-01 -1.748014238E-01 -1.407441899E-01 +1.366444326E-01 +1.863394613E-01
5.33000000000E+09 +5.210306711E-01 +4.531622904E-01 -1.762196703E-01 -7.904110769E-02 +1.623045288E-01 +1.596507500E-01
5.34000000000E+09 +6.874057268E-01 +1.071033206E-01 -1.424909582E-01 -2.252158732E-02 +1.691394717E-01 +1.225098555E-01
5.35000000000E+09 +6.447213467E-01 -2.824994579E-01 -8.162277157E-02 +1.121082376E-02 +1.538507593E-01 +8.712518078E-02
5.36000000000E+09 +3.923965503E-01 -5.945997121E-01 -1.007544680E-02 +1.085806597E-02 +1.220253864E-01 +6.624901021E-02
5.37000000000E+09 +2.599831480E-03 -7.178062673E-01 +5.124730469E-02 -2.398524411E-02 +8.490677363E-02 +6.760170057E-02
5.38000000000E+09 -3.925132594E-01 -6.015615317E-01 +8.425743271E-02 -8.168425899E-02 +5.638451652E-02 +8.997538228E-02
5.39000000000E+09 -6.540253666E-01 -2.866390017E-01 +8.105629496E-02 -1.421066345E-01 +4.617815748E-02 +1.239339716E-01
5.40000000000E+09 -6.982758433E-01 +1.134833868E-01 +4.653691334E-02 -1.846621246E-01 +5.670068461E-02 +1.558155402E-01
5.41000000000E+09 -5.229985867E-01 +4.670106796E-01 -4.069520501E-03 -1.958525504E-01 +8.141562209E-02 +1.738558667E-01
5.42000000000E+09 -1.920465985E-01 +6.705438978E-01 -5.168192889E-02 -1.724717473E-01 +1.103578874E-01 +1.726986896E-01
5.43000000000E+09 +1.949323115E-01 +6.699604526E-01 -7.867527931E-02 -1.217036383E-01 +1.315923009E-01 +1.541945459E-01
5.44000000000E+09 +5.262487190E-01 +4.642135586E-01 -7.381610020E-02 -5.865194277E-02 +1.372717530E-01 +1.270142086E-01
5.45000000000E+09 +6.995707509E-01 +1.082195738E-01 -3.529014815E-02 -2.536348353E-03 +1.257175274E-01 +1.024832473E-01
5.46000000000E+09 +6.510384732E-01 -2.914740741E-01 +2.782943102E-02 +2.898377639E-02 +1.016622642E-01 +9.088044891E-02
5.47000000000E+09 +3.873771263E-01 -6.016558489E-01 +9.767605747E-02 +2.557153349E-02 +7.569286857E-02 +9.730928984E-02
5.48000000000E+09 -4.521382701E-03 -7.134979818E-01 +1.530690061E-01 -1.103245446E-02 +5.856946604E-02 +1.191965974E-01
5.49000000000E+09 -3.892257323E-01 -5.918509766E-01 +1.775958560E-01 -6.724764275E-02 +5.731388784E-02 +1.468646144E-01
5.50000000000E+09 -6.414488556E-01 -2.856831837E-01 +1.658890408E-01 -1.230786563E-01 +7.154282116E-02 +1.691390740E-01
5.51000000000E+09 -6.899086014E-01 +1.013069575E-01 +1.237650555E-01 -1.593482753E-01 +9.551417682E-02 +1.774187532E-01
5.52000000000E+09 -5.281619478E-01 +4.522173053E-01 +6.619827477E-02 -1.633967968E-01 +1.192575486E-01 +1.688429157E-01
5.53000000000E+09 -2.056840508E-01 +6.659068109E-01 +1.217733085E-02 -1.321331267E-01 +1.333169038E-01 +1.482242368E-01
5.54000000000E+09 +1.854375160E-01 +6.766458634E-01 -2.007430917E-02 -7.265797331E-02 +1.322741391E-01 +1.235018038E-01
5.55000000000E+09 +5.264769473E-01 +4.724476114E-01 -1.852809079E-02 -1.022594396E-03 +1.169933989E-01 +1.053650647E-01
5.56000000000E+09 +7.026872738E-01 +1.099198217E-01 +1.827933786E-02 +6.205313703E-02 +9.393064888E-02 +1.017364858E-01
5.57000000000E+09 +6.484351534E-01 -2.920539058E-01 +7.985489481E-02 +9.769585424E-02 +7.313862364E-02 +1.140278407E-01
5.58000000000E+09 +3.816501506E-01 -5.956497653E-01 +1.466434120E-01 +9.630491662E-02 +6.329121244E-02 +1.370158219E-01
5.59000000000E+09 -2.812705532E-03 -7.018300826E-01 +1.971701986E-01 +6.120027938E-02 +6.845952203E-02 +1.606691122E-01
5.60000000000E+09 -3.772310643E-01 -5.852373658E-01 +2.159824243E-01 +6.449272994E-03 +8.630184851E-02 +1.752647085E-01
5.61000000000E+09 -6.287722112E-01 -2.911603205E-01 +1.978311983E-01 -4.805376739E-02 +1.091942600E-01 +1.751643525E-01
5.62000000000E+09 -6.870163138E-01 +8.984644962E-02 +1.483531261E-01 -8.325108169E-02 +1.273598871E-01 +1.612929477E-01
5.63000000000E+09 -5.341011784E-01 +4.463549722E-01 +8.219405391E-02 -8.557758920E-02 +1.334515427E-01 +1.396254206E-01
5.64000000000E+09 -2.098164831E-01 +6.688449008E-01 +1.946502760E-02 -5.084854594E-02 +1.250471706E-01 +1.192962510E-01
5.65000000000E+09 +1.890186396E-01 +6.797214483E-01 -2.008496811E-02 +1.349012219E-02 +1.060828511E-01 +1.101487518E-01
5.66000000000E+09 +5.308232436E-01 +4.668450832E-01 -2.350639006E-02 +8.966601582E-02 +8.499204904E-02 +1.166639791E-01
5.67000000000E+09 +6.972124169E-01 +1.001859989E-01 +1.007233360E-02 +1.553456870E-01 +7.165413329E-02 +1.362586657E-01
5.68000000000E+09 +6.344774232E-01 -2.928673470E-01 +6.852320686E-02 +1.915742858E-01 +7.256574037E-02 +1.603806619E-01
5.69000000000E+09 +3.728905453E-01 -5.834184242E-01 +1.317490163E-01 +1.897362385E-01 +8.840717843E-02 +1.787346928E-01
5.70000000000E+09 +3.143598684E-03 -6.876521940E-01 +1.789276968E-01 +1.535537206E-01 +1.127684647E-01 +1.829719208E-01
5.71000000000E+09 -3.625395696E-01 -5.826464364E-01 +1.948222480E-01 +9.656495525E-02 +1.359142753E-01 +1.708555206E-01
5.72000000000E+09 -6.196811863E-01 -3.009470723E-01 +1.734042998E-01 +3.797481408E-02 +1.482605541E-01 +1.464293237E-01
5.73000000000E+09 -6.899552295E-01 +7.921656594E-02 +1.190564231E-01 -2.458996924E-03 +1.434937344E-01 +1.191339582E-01
5.74000000000E+09 -5.420025788E-01 +4.443672192E-01 +4.649392112E-02 -9.537038448E-03 +1.229289091E-01 +1.002042534E-01
5.75000000000E+09 -2.129573261E-01 +6.720156242E-01 -2.298986764E-02 +2.161606485E-02 +9.376977133E-02 +9.868214860E-02
5.76000000000E+09 +1.898145803E-01 +6.783303264E-01 -6.812196318E-02 +8.310073475E-02 +6.801734563E-02 +1.165629869E-01
5.77000000000E+09 +5.255912346E-01 +4.611005145E-01 -7.577100141E-02 +1.558516890E-01 +5.713350232E-02 +1.475616547E-01
5.78000000000E+09 +6.833791917E-01 +1.016808367E-01 -4.618695359E-02 +2.170907501E-01 +6.609177021E-02 +1.790192697E-01
5.79000000000E+09 +6.240384471E-01 -2.767046177E-01 +8.254681484E-03 +2.486213544E-01 +9.229811147E-02 +1.988369049E-01
5.80000000000E+09 +3.793257070E-01 -5.611012907E-01 +6.811516549E-02 +2.423486949E-01 +1.258261806E-01 +1.993941778E-01
5.81000000000E+09 +2.531742662E-02 -6.761948147E-01 +1.131830459E-01 +2.013199831E-01 +1.548912344E-01 +1.799894083E-01
5.82000000000E+09 -3.393984093E-01 -5.904943826E-01 +1.279371349E-01 +1.378211464E-01 +1.673828046E-01 +1.473671512E-01
5.83000000000E+09 -6.100514910E-01 -3.203099252E-01 +1.045404554E-01 +7.094623152E-02 +1.586315324E-01 +1.133587103E-01
5.84000000000E+09 -6.946814858E-01 +6.256453560E-02 +4.640834680E-02 +2.200131445E-02 +1.306711324E-01 +9.175227316E-02
5.85000000000E+09 -5.506550375E-01 +4.360193160E-01 -3.126874460E-02 +7.775135585E-03 +9.342437824E-02 +9.207824425E-02
5.86000000000E+09 -2.196624710E-01 +6.658565248E-01 -1.052943312E-01 +3.405805053E-02 +6.231772235E-02 +1.155851243E-01
5.87000000000E+09 +1.792683892E-01 +6.705719027E-01 -1.531535282E-01 +9.183239009E-02 +5.041353442E-02 +1.532966233E-01
5.88000000000E+09 +5.062788036E-01 +4.596396291E-01 -1.618665301E-01 +1.611244546E-01 +6.305232438E-02 +1.905867429E-01
5.89000000000E+09 +6.635000952E-01 +1.164886433E-01 -1.320475098E-01 +2.191621484E-01 +9.521842350E-02 +2.136133519E-01
5.90000000000E+09 +6.190038255E-01 -2.491101000E-01 -7.573742313E-02 +2.480080080E-01 +1.356708501E-01 +2.145234564E-01
5.91000000000E+09 +3.949702824E-01 -5.367610538E-01 -1.152797873E-02 +2.387793806E-01 +1.697275322E-01 +1.929950526E-01
5.92000000000E+09 +5.210553227E-02 -6.696161403E-01 +4.023483738E-02 +1.926379381E-01 +1.857547926E-01 +1.564981161E-01
5.93000000000E+09 -3.178944796E-01 -6.021032196E-01 +6.201145367E-02 +1.207809598E-01 +1.778840939E-01 +1.178874192E-01
5.94000000000E+09 -6.021392259E-01 -3.386011345E-01 +4.365292113E-02 +4.296791594E-02 +1.485269234E-01 +9.208744505E-02
5.95000000000E+09 -6.955209582E-01 +4.760675313E-02 -1.241654290E-02 -1.739085944E-02 +1.083261678E-01 +8.919262971E-02
5.96000000000E+09 -5.538531084E-01 +4.233396801E-01 -9.033766161E-02 -4.123808717E-02 +7.356771873E-02 +1.110381943E-01
5.97000000000E+09 -2.279434316E-01 +6.519118782E-01 -1.654504998E-01 -2.224716095E-02 +5.877912036E-02 +1.487665455E-01
5.98000000000E+09 +1.601644693E-01 +6.610516564E-01 -2.144851327E-01 +3.055010337E-02 +6.966384639E-02 +1.874506718E-01
5.99000000000E+09 +4.814513600E-01 +4.653306401E-01 -2.240735030E-01 +9.733818620E-02 +1.012591972E-01 +2.127738960E-01
6.00000000000E+09 +6.474630783E-01 +1.387127106E-01 -1.937297698E-01 +1.555602252E-01 +1.416332984E-01 +2.155032676E-01
6.01000000000E+09 +6.221326658E-01 -2.220854976E-01 -1.338324602E-01 +1.865518968E-01 +1.762521233E-01 +1.958242744E-01
6.02000000000E+09 +4.140933060E-01 -5.205383031E-01 -6.240660073E-02 +1.792331666E-01 +1.936901927E-01 +1.610941049E-01
6.03000000000E+09 +7.351471414E-02 -6.699910082E-01 -7.927893037E-04 +1.327061841E-01 +1.876761527E-01 +1.234458005E-01
6.04000000000E+09 -3.053288461E-01 -6.120795763E-01 +3.091811694E-02 +5.751067079E-02 +1.604694220E-01 +9.682033403E-02
6.05000000000E+09 -5.969359398E-01 -3.478317815E-01 +2.068097696E-02 -2.552001708E-02 +1.218756832E-01 +9.160869427E-02
6.06000000000E+09 -6.906558766E-01 +3.914662904E-02 -2.969957551E-02 -9.091171067E-02 +8.760473842E-02 +1.097230372E-01
6.07000000000E+09 -5.507186160E-01 +4.094362951E-01 -1.033109518E-01 -1.186070927E-01 +7.181612302E-02 +1.441419912E-01
6.08000000000E+09 -2.358146450E-01 +6.342380372E-01 -1.753016587E-01 -1.021469653E-01 +7.984124032E-02 +1.809233790E-01
6.09000000000E+09 +1.394796612E-01 +6.515257169E-01 -2.222341036E-01 -5.008061634E-02 +1.075851557E-01 +2.065382702E-01
6.10000000000E+09 +4.587787293E-01 +4.728717214E-01 -2.301268298E-01 +1.861436019E-02 +1.443145247E-01 +2.120558668E-01
6.11000000000E+09 +6.370756429E-01 +1.593292026E-01 -1.965680020E-01 +8.170909497E-02 +1.770193153E-01 +1.973146071E-01
6.12000000000E+09 +6.284184277E-01 -2.021852669E-01 -1.304269957E-01 +1.190311191E-01 +1.949449147E-01 +1.686082848E-01
6.13000000000E+09 +4.287624376E-01 -5.115286075E-01 -4.950474708E-02 +1.171769605E-01 +1.927843882E-01 +1.357706272E-01
6.14000000000E+09 +8.574308006E-02 -6.705955814E-01 +2.298538921E-02 +7.348507829E-02 +1.722926362E-01 +1.110566702E-01
6.15000000000E+09 -2.974790131E-01 -6.147865262E-01 +6.473773025E-02 -1.591731231E-03 +1.414429529E-01 +1.031787724E-01
6.16000000000E+09 -5.881948514E-01 -3.514606422E-01 +6.246890737E-02 -8.588324095E-02 +1.130433130E-01 +1.146730782E-01
6.17000000000E+09 -6.813267169E-01 +2.848596949E-02 +1.803314753E-02 -1.528305038E-01 +9.849749452E-02 +1.400738305E-01
6.18000000000E+09 -5.500365759E-01 +3.905697496E-01 -5.185741621E-02 -1.819910522E-01 +1.024883508E-01 +1.688223351E-01
6.19000000000E+09 -2.499220619E-01 +6.177881931E-01 -1.226201417E-01 -1.661492452E-01 +1.219195677E-01 +1.896845161E-01
6.20000000000E+09 +1.168782047E-01 +6.500632929E-01 -1.706812835E-01 -1.123716806E-01 +1.486760984E-01 +1.958668646E-01
6.21000000000E+09 +4.423814414E-01 +4.879215532E-01 -1.802838298E-01 -3.821721532E-02 +1.728081433E-01 +1.866178927E-01
6.22000000000E+09 +6.355868089E-01 +1.795940579E-01 -1.466983874E-01 +3.357452844E-02 +1.861598671E-01 +1.668649537E-01
6.23000000000E+09 +6.378971152E-01 -1.889778031E-01 -7.732235724E-02 +8.072843403E-02 +1.853064435E-01 +1.444833971E-01
6.24000000000E+09 +4.392377669E-01 -5.074432349E-01 +9.319853582E-03 +8.733240945E-02 +1.718079748E-01 +1.278009308E-01
6.25000000000E+09 +9.375524931E-02 -6.691402822E-01 +8.825961689E-02 +4.958105205E-02 +1.523027594E-01 +1.229606341E-01
6.26000000000E+09 -2.864575792E-01 -6.133294564E-01 +1.357444139E-01 -2.150126029E-02 +1.354196555E-01 +1.306750226E-01
6.27000000000E+09 -5.718564607E-01 -3.572226058E-01 +1.379522154E-01 -1.032091230E-01 +1.279085897E-01 +1.469652027E-01
6.28000000000E+09 -6.691577129E-01 +9.437068465E-03 +9.636097141E-02 -1.688883430E-01 +1.317968340E-01 +1.643155637E-01
6.29000000000E+09 -5.548003944E-01 +3.651439076E-01 +2.663655293E-02 -1.977957928E-01 +1.447119086E-01 +1.758720012E-01
6.30000000000E+09 -2.724119986E-01 +6.021882496E-01 -4.756011895E-02 -1.809067452E-01 +1.603844846E-01 +1.779594337E-01
6.31000000000E+09 +9.038801549E-02 +6.539954265E-01 -1.017843867E-01 -1.229234588E-01 +1.728239927E-01 +1.713823629E-01
6.32000000000E+09 +4.266112313E-01 +5.057770727E-01 -1.174632060E-01 -4.033708800E-02 +1.776990955E-01 +1.600371282E-01
6.33000000000E+09 +6.340337485E-01 +1.982184357E-01 -8.728895911E-02 +4.277369703E-02 +1.748243828E-01 +1.495828862E-01
6.34000000000E+09 +6.432110831E-01 -1.762748669E-01 -1.760195266E-02 +1.011705688E-01 +1.667021400E-01 +1.443293492E-01
6.35000000000E+09 +4.460350849E-01 -4.971394478E-01 +7.195895119E-02 +1.168114244E-01 +1.587913888E-01 +1.466869425E-01
6.36000000000E+09 +1.057524810E-01 -6.579359191E-01 +1.547263278E-01 +8.514515016E-02 +1.554772980E-01 +1.547525836E-01
6.37000000000E+09 -2.647561205E-01 -6.079520025E-01 +2.058325344E-01 +1.720725478E-02 +1.590710747E-01 +1.638057439E-01
6.38000000000E+09 -5.471865586E-01 -3.683278794E-01 +2.108187341E-01 -6.437027806E-02 +1.683362935E-01 +1.694894686E-01
6.39000000000E+09 -6.574954160E-01 -1.819282528E-02 +1.694334630E-01 -1.331528226E-01 +1.790371051E-01 +1.685455600E-01
6.40000000000E+09 -5.654838314E-01 +3.358754979E-01 +9.533361307E-02 -1.667843162E-01 +1.863134890E-01 +1.616938687E-01
6.41000000000E+09 -2.988388895E-01 +5.876580497E-01 +1.158012692E-02 -1.532117721E-01 +1.871869956E-01 +1.515712121E-01
6.42000000000E+09 +6.455612647E-02 +6.587264117E-01 -5.547717228E-02 -9.437249931E-02 +1.814354080E-01 +1.435952598E-01
6.43000000000E+09 +4.120589544E-01 +5.206797011E-01 -8.370581987E-02 -5.803998456E-03 +1.719373099E-01 +1.415969463E-01
6.44000000000E+09 +6.289206851E-01 +2.139081322E-01 -6.276520208E-02 +8.649524470E-02 +1.636925445E-01 +1.471860452E-01
6.45000000000E+09 +6.421570036E-01 -1.602863974E-01 +1.496175067E-03 +1.548815029E-01 +1.616479887E-01 +1.586741411E-01
6.46000000000E+09 +4.511081135E-01 -4.778454241E-01 +8.918904693E-02 +1.793067808E-01 +1.681362141E-01 +1.706989585E-01
6.47000000000E+09 +1.234384665E-01 -6.400541599E-01 +1.728997994E-01 +1.543355415E-01 +1.816764761E-01 +1.776668682E-01
6.48000000000E+09 -2.356754141E-01 -6.039340437E-01 +2.273635585E-01 +8.984368002E-02 +1.976074779E-01 +1.763615370E-01
6.49000000000E+09 -5.203297241E-01 -3.858542406E-01 +2.364524995E-01 +6.895660101E-03 +2.097495343E-01 +1.659733266E-01
6.50000000000E+09 -6.482927716E-01 -5.022941497E-02 +1.970022168E-01 -6.838060522E-02 +2.135550229E-01 +1.495781865E-01
6.51000000000E+09 -5.783632540E-01 +3.067088029E-01 +1.198011178E-01 -1.116544504E-01 +2.072507642E-01 +1.334028395E-01
6.52000000000E+09 -3.231368292E-01 +5.746412637E-01 +2.719419440E-02 -1.071347772E-01 +1.925241670E-01 +1.241568929E-01
6.53000000000E+09 +4.217629378E-02 +6.610670785E-01 -5.240006239E-02 -5.330337511E-02 +1.753680812E-01 +1.263361332E-01
6.54000000000E+09 +3.960263672E-01 +5.305816358E-01 -9.352574541E-02 +3.498396057E-02 +1.631589250E-01 +1.395246055E-01
6.55000000000E+09 +6.168385079E-01 +2.280825370E-01 -8.333775003E-02 +1.306317774E-01 +1.618332946E-01 +1.593390430E-01
6.56000000000E+09 +6.348669827E-01 -1.397905689E-01 -2.633037954E-02 +2.042926226E-01 +1.732869475E-01 +1.778636096E-01
6.57000000000E+09 +4.559813694E-01 -4.527849074E-01 +5.781571526E-02 +2.347188279E-01 +1.935786208E-01 +1.874939925E-01
6.58000000000E+09 +1.449591279E-01 -6.210597262E-01 +1.423611589E-01 +2.148773923E-01 +2.158902667E-01 +1.845926640E-01
6.59000000000E+09 -2.045045215E-01 -6.032372542E-01 +2.013544902E-01 +1.522038760E-01 +2.325416151E-01 +1.691136484E-01
6.60000000000E+09 -4.950843701E-01 -4.058437423E-01 +2.166132355E-01 +6.578318584E-02 +2.382133743E-01 +1.459855974E-01
6.61000000000E+09 -6.415448032E-01 -7.990139306E-02 +1.813877897E-01 -1.850008295E-02 +2.303667879E-01 +1.233746387E-01
6.62000000000E+09 -5.897557170E-01 +2.824693988E-01 +1.035760715E-01 -7.379337573E-02 +2.109737557E-01 +1.095762961E-01
6.63000000000E+09 -3.430309305E-01 +5.634535192E-01 +4.965342841E-03 -8.055036754E-02 +1.872704594E-01 +1.105376978E-01
6.64000000000E+09 +2.195184139E-02 +6.603010865E-01 -8.395176649E-02 -3.421672970E-02 +1.690671762E-01 +1.262599910E-01
6.65000000000E+09 +3.769975658E-01 +5.367225767E-01 -1.348009841E-01 +5.098137708E-02 +1.640331843E-01 +1.514994239E-01
6.66000000000E+09 +5.997040140E-01 +2.426115377E-01 -1.326626873E-01 +1.474557764E-01 +1.747052689E-01 +1.765792479E-01
6.67000000000E+09 +6.266420667E-01 -1.152075352E-01 -8.053593357E-02 +2.248200811E-01 +1.976897797E-01 +1.925412320E-01
6.68000000000E+09 +4.650865711E-01 -4.246292428E-01 +3.094274086E-03 +2.604214807E-01 +2.251205393E-01 +1.927254622E-01
6.69000000000E+09 +1.720530896E-01 -6.025019888E-01 +9.225550633E-02 +2.450430991E-01 +2.484784607E-01 +1.775788453E-01
6.70000000000E+09 -1.705520120E-01 -6.048772267E-01 +1.604642056E-01 +1.831813787E-01 +2.609155896E-01 +1.518994749E-01
6.71000000000E+09 -4.697052934E-01 -4.272710845E-01 +1.866013839E-01 +9.148777160E-02 +2.580131221E-01 +1.243376380E-01
6.72000000000E+09 -6.345173556E-01 -1.104372024E-01 +1.602130590E-01 -3.978025616E-03 +2.408349857E-01 +1.033275135E-01
6.73000000000E+09 -6.004889343E-01 +2.548996809E-01 +8.608563140E-02 -7.396552384E-02 +2.156346391E-01 +9.618808145E-02
6.74000000000E+09 -3.650207514E-01 +5.456333088E-01 -1.479832746E-02 -9.531513535E-02 +1.922700243E-01 +1.060633300E-01
6.75000000000E+09 -5.179696889E-03 +6.545729524E-01 -1.107350343E-01 -6.039771033E-02 +1.795653257E-01 +1.290100959E-01
6.76000000000E+09 +3.496972667E-01 +5.449709926E-01 -1.711097921E-01 +1.855284047E-02 +1.822763647E-01 +1.559485811E-01
6.77000000000E+09 +5.799970416E-01 +2.657019168E-01 -1.782825029E-01 +1.145580730E-01 +1.992872650E-01 +1.764640275E-01
6.78000000000E+09 +6.234729246E-01 -8.301720548E-02 -1.326656856E-01 +1.966490055E-01 +2.248076318E-01 +1.832104474E-01
6.79000000000E+09 +4.815557409E-01 -3.955269275E-01 -5.014470568E-02 +2.403892960E-01 +2.500740382E-01 +1.746964935E-01
6.80000000000E+09 +2.018948530E-01 -5.884776744E-01 +4.437404103E-02 +2.330911665E-01 +2.672829714E-01 +1.543210954E-01
6.81000000000E+09 -1.394216891E-01 -6.103165201E-01 +1.231910345E-01 +1.755878968E-01 +2.711492533E-01 +1.286372182E-01
6.82000000000E+09 -4.479157087E-01 -4.479744492E-01 +1.622271739E-01 +8.273129475E-02 +2.609981173E-01 +1.057590795E-01
6.83000000000E+09 -6.269407352E-01 -1.383762648E-01 +1.476508223E-01 -1.960825190E-02 +2.410108157E-01 +9.336694689E-02
6.84000000000E+09 -6.066374731E-01 +2.270529690E-01 +8.119820528E-02 -1.004192394E-01 +2.186567934E-01 +9.558302590E-02
6.85000000000E+09 -3.841699791E-01 +5.229000100E-01 -1.733682807E-02 -1.336864681E-01 +2.022762160E-01 +1.111425699E-01
6.86000000000E+09 -3.579385894E-02 +6.441233039E-01 -1.162878843E-01 -1.089825208E-01 +1.979908014E-01 +1.337976285E-01
6.87000000000E+09 +3.153526156E-01 +5.542225143E-01 -1.838641493E-01 -3.592634917E-02 +2.077066125E-01 +1.542424160E-01
6.88000000000E+09 +5.556668651E-01 +2.951119376E-01 -1.997774763E-01 +6.048833772E-02 +2.271261249E-01 +1.654127318E-01
6.89000000000E+09 +6.206553981E-01 -4.351696709E-02 -1.607636161E-01 +1.496044988E-01 +2.496745220E-01 +1.640978395E-01
6.90000000000E+09 +5.020972838E-01 -3.616706312E-01 -7.929687068E-02 +2.047354060E-01 +2.680000660E-01 +1.511633540E-01
6.91000000000E+09 +2.371654080E-01 -5.726654058E-01 +2.121465600E-02 +2.093140243E-01 +2.767740172E-01 +1.314042754E-01
6.92000000000E+09 -1.024649845E-01 -6.161167439E-01 +1.119495647E-01 +1.604622758E-01 +2.742516154E-01 +1.111349126E-01
6.93000000000E+09 -4.198913443E-01 -4.710818568E-01 +1.659700307E-01 +7.032224190E-02 +2.621750520E-01 +9.629293467E-02
6.94000000000E+09 -6.132464798E-01 -1.718298929E-01 +1.654615137E-01 -3.570884280E-02 +2.453939175E-01 +9.227178590E-02
6.95000000000E+09 -6.111298323E-01 +1.898341199E-01 +1.092777759E-01 -1.251886127E-01 +2.305259358E-01 +9.886968913E-02
6.96000000000E+09 -4.089878598E-01 +4.913136522E-01 +1.495915110E-02 -1.697334062E-01 +2.229036955E-01 +1.128699792E-01
6.97000000000E+09 -7.667978723E-02 +6.304232472E-01 -8.678668891E-02 -1.555878835E-01 +2.255366993E-01 +1.282666101E-01
6.98000000000E+09 +2.723506007E-01 +5.669708634E-01 -1.632378622E-01 -8.852622425E-02 +2.368818910E-01 +1.395362525E-01
6.99000000000E+09 +5.281493795E-01 +3.308062079E-01 -1.907679861E-01 +9.257919368E-03 +2.523005529E-01 +1.427451083E-01
7.00000000000E+09 +6.192212924E-01 -1.966014601E-04 -1.613429741E-01 +1.075676469E-01 +2.669641281E-01 +1.373975417E-01

[Channel0\Trace0\Marker0]
Enabled=1
Position=0.2

[Channel0\Trace1]
ReferencePosition[0]=1

[Channel0\Trace1\Marker0]
Enabled=1
Position=0.2

[Channel0\Trace2]
SPort=0
FormatType=2

[Channel0\Trace2\Marker0]
Enabled=1
Position=0.2

[Channel0\Trace3]
SPort=0
FormatType=2

[Channel0\Trace3\Marker0]
Enabled=1
Position=0.2

