[NWA State]
TriggerSource=3

[Channel0]
Points=501
FrequencyStart=2000000000
FrequencyStop=7000000000
FixedPower[0]=1
FixedPower[1]=1
IFBW=1000
CorrectionEnabled=1
TraceCount=4

[Channel0\Correction\22]
Calyyyymmdd=2022/01/18
Calhhmmss=12:52:12
VNATemperature=35.7 °C
Type=3
KitLabel=ACM2509.2
KitDescription=AutoCal Module 20 kHz-9 GHz (CMT), SN: 19039185, Char: Factory, 23.5°C, ThermoComp: ON
CalIFBW=1 kHz
CalPower=1 dBm
CalPorts[0]=1
CalPorts[1]=0

[Channel0\Correction\22\Data]
2.00000000000E+09 -1.260001235E-01 +7.484188235E-01 -7.217056789E-02 +2.340880116E-01 -2.824712347E-01 +3.023067569E-02
2.01000000000E+09 +2.889940626E-01 +7.015591367E-01 +4.775811129E-02 +2.252763877E-01 -2.810519309E-01 +5.537378762E-02
2.02000000000E+09 +6.220119529E-01 +4.437832754E-01 +1.473147671E-01 +1.542514700E-01 -2.667781530E-01 +7.505369674E-02
2.03000000000E+09 +7.719094367E-01 +4.085461133E-02 +1.964399905E-01 +3.950244107E-02 -2.448602473E-01 +8.251860165E-02
2.04000000000E+09 +6.779010141E-01 -3.898876839E-01 +1.779150876E-01 -8.606375079E-02 -2.239461623E-01 +7.588719647E-02
2.05000000000E+09 +3.547969606E-01 -7.027557217E-01 +9.477535732E-02 -1.835161492E-01 -2.126904398E-01 +5.833385464E-02
2.06000000000E+09 -9.111356842E-02 -7.809376504E-01 -2.742193635E-02 -2.207334409E-01 -2.161594762E-01 +3.825449311E-02
2.07000000000E+09 -5.002736581E-01 -5.971824664E-01 -1.487970713E-01 -1.860026869E-01 -2.326325652E-01 +2.510003229E-02
2.08000000000E+09 -7.346126076E-01 -2.264554263E-01 -2.304382016E-01 -9.243008917E-02 -2.549909871E-01 +2.509780809E-02
2.09000000000E+09 -7.322620101E-01 +2.005555369E-01 -2.483840633E-01 +2.890189614E-02 -2.743530888E-01 +3.870143906E-02
2.10000000000E+09 -5.099908193E-01 +5.548012487E-01 -1.989109901E-01 +1.408211489E-01 -2.833292887E-01 +6.086747539E-02
2.11000000000E+09 -1.387132816E-01 +7.406981878E-01 -9.705805230E-02 +2.106274804E-01 -2.789840560E-01 +8.395971792E-02
2.12000000000E+09 +2.790334045E-01 +7.059574156E-01 +2.851882985E-02 +2.172689925E-01 -2.632826339E-01 +1.001910236E-01
2.13000000000E+09 +6.222034393E-01 +4.500874041E-01 +1.415086676E-01 +1.562461708E-01 -2.421614599E-01 +1.040607778E-01
2.14000000000E+09 +7.753706809E-01 +3.922603397E-02 +2.067347385E-01 +4.303386009E-02 -2.245693477E-01 +9.506150747E-02
2.15000000000E+09 +6.732514168E-01 -3.950623555E-01 +2.017764230E-01 -8.853480670E-02 -2.179392981E-01 +7.763994039E-02
2.16000000000E+09 +3.438295706E-01 -6.983982937E-01 +1.271483676E-01 -1.963040949E-01 -2.249340129E-01 +6.079141773E-02
2.17000000000E+09 -9.372187267E-02 -7.653988725E-01 +7.764429820E-03 -2.457439699E-01 -2.422968060E-01 +5.257061111E-02
2.18000000000E+09 -4.870669348E-01 -5.852778405E-01 -1.171073046E-01 -2.230450573E-01 -2.623520201E-01 +5.760228795E-02
2.19000000000E+09 -7.169696391E-01 -2.313961497E-01 -2.087948654E-01 -1.376552861E-01 -2.764054604E-01 +7.384578604E-02
2.20000000000E+09 -7.269509303E-01 +1.835532171E-01 -2.407238265E-01 -1.683706803E-02 -2.791197695E-01 +9.553611101E-02
2.21000000000E+09 -5.202919993E-01 +5.425586533E-01 -2.037633760E-01 +1.039110114E-01 -2.694053508E-01 +1.147375641E-01
2.22000000000E+09 -1.514243286E-01 +7.431668566E-01 -1.071470248E-01 +1.890740312E-01 -2.509367054E-01 +1.246921062E-01
2.23000000000E+09 +2.773327666E-01 +7.154080732E-01 +2.257792134E-02 +2.113847518E-01 -2.312875205E-01 +1.217934651E-01
2.24000000000E+09 +6.289814055E-01 +4.515800248E-01 +1.465773655E-01 +1.609643017E-01 -2.188714867E-01 +1.079167093E-01
2.25000000000E+09 +7.752907921E-01 +3.105607227E-02 +2.248584461E-01 +5.146906316E-02 -2.193904876E-01 +8.984197087E-02
2.26000000000E+09 +6.605634441E-01 -3.979279134E-01 +2.317412968E-01 -8.200489738E-02 -2.327753063E-01 +7.648626825E-02
2.27000000000E+09 +3.326660623E-01 -6.855100402E-01 +1.663569177E-01 -1.960352232E-01 -2.529910618E-01 +7.502221358E-02
2.28000000000E+09 -8.754388207E-02 -7.468457958E-01 +5.189640408E-02 -2.555244867E-01 -2.712529198E-01 +8.666935647E-02
2.29000000000E+09 -4.671088009E-01 -5.801587963E-01 -7.513590129E-02 -2.444442907E-01 -2.799600565E-01 +1.073226435E-01
2.30000000000E+09 -7.018404501E-01 -2.445780735E-01 -1.770398478E-01 -1.674775539E-01 -2.755613305E-01 +1.295949081E-01
2.31000000000E+09 -7.289733081E-01 +1.660511421E-01 -2.239369509E-01 -4.653639139E-02 -2.597946664E-01 +1.454088679E-01
2.32000000000E+09 -5.324920884E-01 +5.368887551E-01 -1.998298533E-01 +8.421753070E-02 -2.385807575E-01 +1.488663058E-01
2.33000000000E+09 -1.574872402E-01 +7.489748514E-01 -1.082593173E-01 +1.853505935E-01 -2.208630405E-01 +1.389981134E-01
2.34000000000E+09 +2.818813049E-01 +7.173852489E-01 +2.536123950E-02 +2.233611811E-01 -2.148448785E-01 +1.204896562E-01
2.35000000000E+09 +6.299369934E-01 +4.418261915E-01 +1.592705029E-01 +1.840188316E-01 -2.238427296E-01 +1.026097441E-01
2.36000000000E+09 +7.610071711E-01 +2.284255636E-02 +2.502540015E-01 +8.006687618E-02 -2.443181206E-01 +9.506026948E-02
2.37000000000E+09 +6.414928825E-01 -3.875908794E-01 +2.709299861E-01 -5.353988218E-02 -2.673192846E-01 +1.025831100E-01
2.38000000000E+09 +3.300725444E-01 -6.602498007E-01 +2.184112908E-01 -1.746438638E-01 -2.823966370E-01 +1.236652500E-01
2.39000000000E+09 -6.775192971E-02 -7.286726117E-01 +1.115640325E-01 -2.483638185E-01 -2.831375582E-01 +1.511878408E-01
2.40000000000E+09 -4.435142660E-01 -5.833333625E-01 -1.861380260E-02 -2.548717594E-01 -2.683040329E-01 +1.756528652E-01
2.41000000000E+09 -6.929075098E-01 -2.631977949E-01 -1.335430967E-01 -1.915809490E-01 -2.419780388E-01 +1.881888039E-01
2.42000000000E+09 -7.387948197E-01 +1.525008441E-01 -1.996030916E-01 -7.452679537E-02 -2.132065141E-01 +1.837789234E-01
2.43000000000E+09 -5.442539537E-01 +5.401755799E-01 -1.933475531E-01 +6.332442372E-02 -1.930984873E-01 +1.632794943E-01
2.44000000000E+09 -1.549987655E-01 +7.576486999E-01 -1.125828853E-01 +1.783420186E-01 -1.906355676E-01 +1.347723495E-01
2.45000000000E+09 +2.921610053E-01 +7.131454679E-01 +1.809366036E-02 +2.315018539E-01 -2.080783586E-01 +1.110284314E-01
2.46000000000E+09 +6.279954924E-01 +4.265812443E-01 +1.548313116E-01 +2.054972151E-01 -2.380160691E-01 +1.034661910E-01
2.47000000000E+09 +7.430357082E-01 +1.685780496E-02 +2.533501710E-01 +1.122722294E-01 -2.676476812E-01 +1.161773521E-01
2.48000000000E+09 +6.254457768E-01 -3.735808304E-01 +2.860802131E-01 -1.543270318E-02 -2.848621391E-01 +1.449729339E-01
2.49000000000E+09 +3.330074700E-01 -6.386086503E-01 +2.475147652E-01 -1.388473823E-01 -2.832284193E-01 +1.795612288E-01
2.50000000000E+09 -4.918451188E-02 -7.194897372E-01 +1.505458276E-01 -2.237900833E-01 -2.625246022E-01 +2.086468449E-01
2.51000000000E+09 -4.260385974E-01 -5.944119128E-01 +2.176333320E-02 -2.462393429E-01 -2.289960417E-01 +2.219497169E-01
2.52000000000E+09 -6.930278560E-01 -2.801107454E-01 -1.030708391E-01 -1.966159705E-01 -1.936042611E-01 +2.143604605E-01
2.53000000000E+09 -7.490633315E-01 +1.479749867E-01 -1.848777260E-01 -8.487809118E-02 -1.698499772E-01 +1.875891567E-01
2.54000000000E+09 -5.458920632E-01 +5.467272898E-01 -1.934269201E-01 +5.652957339E-02 -1.680707079E-01 +1.516174443E-01
2.55000000000E+09 -1.448812320E-01 +7.569137806E-01 -1.227509128E-01 +1.803921158E-01 -1.901035754E-01 +1.221779774E-01
2.56000000000E+09 +2.956901208E-01 +6.976967321E-01 +2.669714050E-03 +2.444265542E-01 -2.265666443E-01 +1.127997091E-01
2.57000000000E+09 +6.127401606E-01 +4.127422840E-01 +1.392155639E-01 +2.304061692E-01 -2.620458149E-01 +1.277491451E-01
2.58000000000E+09 +7.203986765E-01 +2.217491809E-02 +2.439983961E-01 +1.480711213E-01 -2.826791367E-01 +1.612036195E-01
2.59000000000E+09 +6.158665601E-01 -3.524151339E-01 +2.891482115E-01 +2.563928183E-02 -2.813954303E-01 +2.010558692E-01
2.60000000000E+09 +3.431085451E-01 -6.202334264E-01 +2.646268126E-01 -1.017912483E-01 -2.588462338E-01 +2.345337120E-01
2.61000000000E+09 -3.194248055E-02 -7.176006038E-01 +1.769959603E-01 -1.996334168E-01 -2.217540702E-01 +2.509314714E-01
2.62000000000E+09 -4.187368948E-01 -6.043891261E-01 +4.808517480E-02 -2.388086197E-01 -1.820670236E-01 +2.446406691E-01
2.63000000000E+09 -6.977796903E-01 -2.851122017E-01 -8.600808831E-02 -2.029019219E-01 -1.539265914E-01 +2.169485522E-01
2.64000000000E+09 -7.510321850E-01 +1.546152694E-01 -1.817524999E-01 -9.784351236E-02 -1.486293234E-01 +1.779770652E-01
2.65000000000E+09 -5.353339039E-01 +5.515635188E-01 -2.042993382E-01 +4.375609411E-02 -1.687712653E-01 +1.444647247E-01
2.66000000000E+09 -1.335389855E-01 +7.464152183E-01 -1.455687740E-01 +1.729907713E-01 -2.053848573E-01 +1.312609930E-01
2.67000000000E+09 +2.909615779E-01 +6.802986120E-01 -2.864833422E-02 +2.471178416E-01 -2.425375209E-01 +1.434705486E-01
2.68000000000E+09 +5.947019712E-01 +4.077935824E-01 +1.056719883E-01 +2.468357796E-01 -2.653920164E-01 +1.752980379E-01
2.69000000000E+09 +7.073614110E-01 +3.467750260E-02 +2.170918189E-01 +1.775584801E-01 -2.666036112E-01 +2.146292530E-01
2.70000000000E+09 +6.197362192E-01 -3.355549786E-01 +2.760063874E-01 +6.172598461E-02 -2.462547858E-01 +2.482634157E-01
2.71000000000E+09 +3.581903835E-01 -6.149360921E-01 +2.670517803E-01 -6.888957890E-02 -2.114782722E-01 +2.660013107E-01
2.72000000000E+09 -2.128380947E-02 -7.260623889E-01 +1.904284485E-01 -1.786258766E-01 -1.734989898E-01 +2.620333797E-01
2.73000000000E+09 -4.205176654E-01 -6.139794983E-01 +6.415981681E-02 -2.333691174E-01 -1.456766766E-01 +2.377780303E-01
2.74000000000E+09 -7.026050297E-01 -2.849213695E-01 -7.508937562E-02 -2.114893611E-01 -1.381583613E-01 +2.024284342E-01
2.75000000000E+09 -7.463156254E-01 +1.569967630E-01 -1.810653152E-01 -1.162196168E-01 -1.537735324E-01 +1.710997825E-01
2.76000000000E+09 -5.271619918E-01 +5.414982554E-01 -2.170622963E-01 +2.083113402E-02 -1.851511642E-01 +1.574606154E-01
2.77000000000E+09 -1.397063161E-01 +7.275199348E-01 -1.730140788E-01 +1.525675967E-01 -2.178871751E-01 +1.663847645E-01
2.78000000000E+09 +2.679516150E-01 +6.727770054E-01 -6.751934234E-02 +2.375629836E-01 -2.388030765E-01 +1.931031446E-01
2.79000000000E+09 +5.729490157E-01 +4.222606199E-01 +6.430585509E-02 +2.534046707E-01 -2.408394770E-01 +2.266837543E-01
2.80000000000E+09 +7.046918281E-01 +6.026925695E-02 +1.841365350E-01 +1.987051726E-01 -2.246153863E-01 +2.557532510E-01
2.81000000000E+09 +6.356723692E-01 -3.192082023E-01 +2.590905291E-01 +8.922891528E-02 -1.960060278E-01 +2.710430207E-01
2.82000000000E+09 +3.756518903E-01 -6.169446238E-01 +2.667586582E-01 -4.573885092E-02 -1.651859055E-01 +2.683410561E-01
2.83000000000E+09 -1.704963730E-02 -7.360199770E-01 +2.011115653E-01 -1.675791998E-01 -1.426928851E-01 +2.497750169E-01
2.84000000000E+09 -4.248218687E-01 -6.151916455E-01 +7.823686929E-02 -2.370887011E-01 -1.364472344E-01 +2.235212695E-01
2.85000000000E+09 -6.984965350E-01 -2.782238634E-01 -6.390893386E-02 -2.290741980E-01 -1.476965352E-01 +2.013888835E-01
2.86000000000E+09 -7.314274771E-01 +1.541474941E-01 -1.781291813E-01 -1.454211516E-01 -1.697403516E-01 +1.929471744E-01
2.87000000000E+09 -5.200643720E-01 +5.223435452E-01 -2.276891773E-01 -1.534862049E-02 -1.918052949E-01 +2.011618751E-01
2.88000000000E+09 -1.536929957E-01 +7.090808793E-01 -1.999699751E-01 +1.181859524E-01 -2.039335895E-01 +2.215156092E-01
2.89000000000E+09 +2.440138186E-01 +6.744367159E-01 -1.069732528E-01 +2.149757825E-01 -2.019043329E-01 +2.452791204E-01
2.90000000000E+09 +5.613189988E-01 +4.423616117E-01 +2.232760647E-02 +2.483316877E-01 -1.871961237E-01 +2.636731304E-01
2.91000000000E+09 +7.140427260E-01 +7.871954769E-02 +1.508049828E-01 +2.090286026E-01 -1.656995637E-01 +2.705301139E-01
2.92000000000E+09 +6.528380045E-01 -3.187783614E-01 +2.411113787E-01 +1.069026989E-01 -1.453669931E-01 +2.644477362E-01
2.93000000000E+09 +3.810210337E-01 -6.292567825E-01 +2.643304859E-01 -2.968015280E-02 -1.337359996E-01 +2.492080188E-01
2.94000000000E+09 -2.546813100E-02 -7.411767684E-01 +2.106387199E-01 -1.590680218E-01 -1.346155526E-01 +2.325973995E-01
2.95000000000E+09 -4.284965380E-01 -6.055956314E-01 +9.558560345E-02 -2.393882797E-01 -1.457935147E-01 +2.228683495E-01
2.96000000000E+09 -6.850991874E-01 -2.705920290E-01 -4.331028919E-02 -2.449672126E-01 -1.603046146E-01 +2.246940524E-01
2.97000000000E+09 -7.147869247E-01 +1.422522386E-01 -1.615229172E-01 -1.760598499E-01 -1.701659893E-01 +2.367561098E-01
2.98000000000E+09 -5.224594412E-01 +4.984847921E-01 -2.237474690E-01 -5.660695685E-02 -1.699197940E-01 +2.535130120E-01
2.99000000000E+09 -1.764695550E-01 +6.973701411E-01 -2.132450476E-01 +7.650622678E-02 -1.594487263E-01 +2.673894956E-01
3.00000000000E+09 +2.628255168E-01 +6.719126217E-01 -1.227765451E-01 +1.918817662E-01 -1.426588167E-01 +2.725520412E-01
3.01000000000E+09 +5.895595086E-01 +4.267843745E-01 +6.823466636E-03 +2.344578787E-01 -1.263102427E-01 +2.668948936E-01
3.02000000000E+09 +7.345289827E-01 +3.632936937E-02 +1.409293142E-01 +2.005609947E-01 -1.174587694E-01 +2.532820274E-01
3.03000000000E+09 +6.386977488E-01 -3.744784092E-01 +2.364924155E-01 +9.916841513E-02 -1.200107998E-01 +2.383941116E-01
3.04000000000E+09 +3.290853736E-01 -6.627747143E-01 +2.627594332E-01 -3.769915584E-02 -1.326226419E-01 +2.306324154E-01
3.05000000000E+09 -8.236020064E-02 -7.292546098E-01 +2.125625256E-01 -1.658508399E-01 -1.483050673E-01 +2.349732323E-01
3.06000000000E+09 -4.533649078E-01 -5.649909197E-01 +1.044690262E-01 -2.463989052E-01 -1.586051731E-01 +2.506414996E-01
3.07000000000E+09 -6.742831858E-01 -2.394382656E-01 -2.667686035E-02 -2.583822037E-01 -1.572196789E-01 +2.719059211E-01
3.08000000000E+09 -6.962533719E-01 +1.449473159E-01 -1.432962949E-01 -2.019077975E-01 -1.427688313E-01 +2.899120926E-01
3.09000000000E+09 -5.216586117E-01 +4.861883074E-01 -2.139219696E-01 -9.417859165E-02 -1.192533865E-01 +2.974547284E-01
3.10000000000E+09 -1.913601939E-01 +6.954158488E-01 -2.188346917E-01 +3.600359357E-02 -9.448134418E-02 +2.902667144E-01
3.11000000000E+09 +2.124263429E-01 +7.017119109E-01 -1.537289284E-01 +1.515607039E-01 -7.793936115E-02 +2.698160070E-01
3.12000000000E+09 +5.687537489E-01 +4.797985307E-01 -3.418268804E-02 +2.161043018E-01 -7.698629167E-02 +2.433510505E-01
3.13000000000E+09 +7.440824442E-01 +8.605100832E-02 +1.035884603E-01 +2.052522023E-01 -9.309705644E-02 +2.221806245E-01
3.14000000000E+09 +6.626959249E-01 -3.399513248E-01 +2.137013702E-01 +1.203094609E-01 -1.201728779E-01 +2.167690166E-01
3.15000000000E+09 +3.592973829E-01 -6.383786112E-01 +2.592934417E-01 -9.797493677E-03 -1.461803388E-01 +2.306965810E-01
3.16000000000E+09 -4.336140633E-02 -7.157570420E-01 +2.284369382E-01 -1.414896261E-01 -1.591358890E-01 +2.594030901E-01
3.17000000000E+09 -4.094846133E-01 -5.723844324E-01 +1.349660453E-01 -2.348287373E-01 -1.531223755E-01 +2.920052885E-01
3.18000000000E+09 -6.425997595E-01 -2.705280672E-01 +9.081971681E-03 -2.654295996E-01 -1.290505075E-01 +3.169131527E-01
3.19000000000E+09 -6.920036541E-01 +1.052698170E-01 -1.136245174E-01 -2.270009707E-01 -9.427581962E-02 +3.250233670E-01
3.20000000000E+09 -5.414329751E-01 +4.615977098E-01 -1.992435148E-01 -1.298637401E-01 -5.943909325E-02 +3.127650806E-01
3.21000000000E+09 -2.135394609E-01 +6.963210575E-01 -2.213050265E-01 +2.168870397E-04 -3.704540808E-02 +2.827487217E-01
3.22000000000E+09 +2.085222807E-01 +7.145732019E-01 -1.686734064E-01 +1.246537407E-01 -3.645208316E-02 +2.451091927E-01
3.23000000000E+09 +5.786572041E-01 +4.814344307E-01 -5.416915933E-02 +2.012533061E-01 -5.903539091E-02 +2.150091432E-01
3.24000000000E+09 +7.457445488E-01 +7.313749006E-02 +8.445862362E-02 +2.017165677E-01 -9.629474384E-02 +2.060346717E-01
3.25000000000E+09 +6.480707266E-01 -3.470925255E-01 +1.993368394E-01 +1.265701744E-01 -1.319283815E-01 +2.228885371E-01
3.26000000000E+09 +3.455494560E-01 -6.265983377E-01 +2.541268079E-01 +4.255572365E-03 -1.507563543E-01 +2.586976150E-01
3.27000000000E+09 -3.843622843E-02 -6.966233720E-01 +2.367827275E-01 -1.248512391E-01 -1.453168623E-01 +2.997615683E-01
3.28000000000E+09 -3.892966788E-01 -5.665824395E-01 +1.574799497E-01 -2.241273895E-01 -1.174924620E-01 +3.317969409E-01
3.29000000000E+09 -6.263134421E-01 -2.841843855E-01 +4.013875302E-02 -2.687381980E-01 -7.627072107E-02 +3.442311181E-01
3.30000000000E+09 -6.936473346E-01 +8.461265539E-02 -8.388945735E-02 -2.471876630E-01 -3.365481853E-02 +3.327412468E-01
3.31000000000E+09 -5.572199217E-01 +4.517594151E-01 -1.803478420E-01 -1.630135389E-01 -3.877049087E-03 +2.995264609E-01
3.32000000000E+09 -2.272023316E-01 +7.015152715E-01 -2.179644516E-01 -3.735875804E-02 +2.235377157E-03 +2.552792564E-01
3.33000000000E+09 +2.063062914E-01 +7.223194390E-01 -1.797591052E-01 +9.117563158E-02 -1.899975309E-02 +2.162215326E-01
3.34000000000E+09 +5.786863196E-01 +4.816488492E-01 -7.532332813E-02 +1.776534462E-01 -5.969171421E-02 +1.987765472E-01
3.35000000000E+09 +7.383728956E-01 +7.382793205E-02 +5.897826934E-02 +1.914189611E-01 -1.025128229E-01 +2.102396572E-01
3.36000000000E+09 +6.406866647E-01 -3.348595039E-01 +1.766076277E-01 +1.305636964E-01 -1.295372126E-01 +2.452038227E-01
3.37000000000E+09 +3.519859799E-01 -6.080725846E-01 +2.418030181E-01 +1.940261588E-02 -1.309388817E-01 +2.891186301E-01
3.38000000000E+09 -1.752940818E-02 -6.880736315E-01 +2.399168091E-01 -1.062500063E-01 -1.076469687E-01 +3.266231138E-01
3.39000000000E+09 -3.680511613E-01 -5.766960560E-01 +1.754967395E-01 -2.118525067E-01 -6.812011540E-02 +3.456379355E-01
3.40000000000E+09 -6.193776504E-01 -3.060566989E-01 +6.662964264E-02 -2.701580774E-01 -2.444460055E-02 +3.409459383E-01
3.41000000000E+09 -7.030982188E-01 +6.656842791E-02 -5.814326621E-02 -2.643327588E-01 +1.008629080E-02 +3.137089504E-01
3.42000000000E+09 -5.718364522E-01 +4.465226717E-01 -1.633209784E-01 -1.923579883E-01 +2.403698044E-02 +2.727924848E-01
3.43000000000E+09 -2.362332782E-01 +7.034622664E-01 -2.139915626E-01 -7.248677365E-02 +1.218097323E-02 +2.322967563E-01
3.44000000000E+09 +1.996564059E-01 +7.225238588E-01 -1.896869850E-01 +5.729827128E-02 -2.067855182E-02 +2.079115557E-01
3.45000000000E+09 +5.673652729E-01 +4.832256472E-01 -9.693603958E-02 +1.520059349E-01 -6.024259452E-02 +2.088748927E-01
3.46000000000E+09 +7.260436851E-01 +8.795326530E-02 +3.060798213E-02 +1.795057600E-01 -8.999675871E-02 +2.335885351E-01
3.47000000000E+09 +6.426885913E-01 -3.107884953E-01 +1.502038840E-01 +1.349650549E-01 -9.869794003E-02 +2.706581211E-01
3.48000000000E+09 +3.730030509E-01 -5.913763652E-01 +2.267967737E-01 +3.661455343E-02 -8.522611536E-02 +3.055777196E-01
3.49000000000E+09 +9.828287831E-03 -6.917292968E-01 +2.415558796E-01 -8.492286320E-02 -5.516000846E-02 +3.270326855E-01
3.50000000000E+09 -3.518001558E-01 -5.972634387E-01 +1.926418007E-01 -1.959935293E-01 -1.881510359E-02 +3.290012942E-01
3.51000000000E+09 -6.210339197E-01 -3.284911062E-01 +9.334563649E-02 -2.663245708E-01 +1.253263306E-02 +3.121942242E-01
3.52000000000E+09 -7.145039826E-01 +5.436143180E-02 -2.952921648E-02 -2.744252123E-01 +2.906527863E-02 +2.821888890E-01
3.53000000000E+09 -5.812251762E-01 +4.424591440E-01 -1.393719700E-01 -2.146124089E-01 +2.633784214E-02 +2.495732166E-01
3.54000000000E+09 -2.440509519E-01 +6.980127667E-01 -1.997487408E-01 -1.029741064E-01 +6.473804730E-03 +2.261203187E-01
3.55000000000E+09 +1.835530822E-01 +7.171130967E-01 -1.888542590E-01 +2.445571536E-02 -2.128299409E-02 +2.203328159E-01
3.56000000000E+09 +5.432133270E-01 +4.928384983E-01 -1.101781143E-01 +1.248982289E-01 -4.522652991E-02 +2.327805132E-01
3.57000000000E+09 +7.129567460E-01 +1.161985609E-01 +8.946973825E-03 +1.666010897E-01 -5.631537766E-02 +2.566923531E-01
3.58000000000E+09 +6.541091306E-01 -2.796537491E-01 +1.302905371E-01 +1.393879462E-01 -5.168434890E-02 +2.820347371E-01
3.59000000000E+09 +4.025456598E-01 -5.775852309E-01 +2.183989746E-01 +5.431010135E-02 -3.410386495E-02 +2.999087697E-01
3.60000000000E+09 +3.783778810E-02 -7.009914290E-01 +2.496023964E-01 -6.269674044E-02 -1.052399840E-02 +3.056513668E-01
3.61000000000E+09 -3.398504346E-01 -6.183085309E-01 +2.158510566E-01 -1.782244730E-01 +1.164168909E-02 +2.987624319E-01
3.62000000000E+09 -6.230687704E-01 -3.457162004E-01 +1.264655756E-01 -2.588227731E-01 +2.588102743E-02 +2.825374107E-01
3.63000000000E+09 -7.191019484E-01 +4.456701236E-02 +7.283971323E-03 -2.794679769E-01 +2.969846291E-02 +2.630043170E-01
3.64000000000E+09 -5.850262868E-01 +4.315266364E-01 -1.050362236E-01 -2.323720888E-01 +2.357137746E-02 +2.470966733E-01
3.65000000000E+09 -2.559679616E-01 +6.832744965E-01 -1.743951082E-01 -1.312307851E-01 +1.208797526E-02 +2.396539435E-01
3.66000000000E+09 +1.573380490E-01 +7.113164555E-01 -1.781653911E-01 -8.321926302E-03 +7.412286653E-04 +2.411561429E-01
3.67000000000E+09 +5.154058084E-01 +5.099075643E-01 -1.156827538E-01 +9.724950720E-02 -6.348905189E-03 +2.489928887E-01
3.68000000000E+09 +7.048160810E-01 +1.512025565E-01 -7.535096953E-03 +1.534465247E-01 -7.001193294E-03 +2.586270015E-01
3.69000000000E+09 +6.730132101E-01 -2.486754332E-01 +1.128537820E-01 +1.445927417E-01 -2.235611003E-03 +2.663989571E-01
3.70000000000E+09 +4.348671946E-01 -5.682368443E-01 +2.096221147E-01 +7.474298218E-02 +5.227570004E-03 +2.700923355E-01
3.71000000000E+09 +6.388796481E-02 -7.123105531E-01 +2.545959083E-01 -3.429292442E-02 +1.260683895E-02 +2.696746365E-01
3.72000000000E+09 -3.276478959E-01 -6.365699355E-01 +2.348095877E-01 -1.495597968E-01 +1.797259338E-02 +2.666525688E-01
3.73000000000E+09 -6.185373631E-01 -3.621380165E-01 +1.567592044E-01 -2.358546938E-01 +2.195446724E-02 +2.632847385E-01
3.74000000000E+09 -7.166663745E-01 +2.620757982E-02 +4.451102893E-02 -2.666576677E-01 +2.502399588E-02 +2.610234557E-01
3.75000000000E+09 -5.908133392E-01 +4.066470208E-01 -6.729242078E-02 -2.324108284E-01 +2.832415710E-02 +2.598061270E-01
3.76000000000E+09 -2.807657751E-01 +6.603039001E-01 -1.442935563E-01 -1.434430856E-01 +3.222691811E-02 +2.579653281E-01
3.77000000000E+09 +1.173647238E-01 +7.090114211E-01 -1.630594234E-01 -2.649398517E-02 +3.577234700E-02 +2.546493152E-01
3.78000000000E+09 +4.810965922E-01 +5.366686664E-01 -1.177166449E-01 +8.333272244E-02 +3.783467174E-02 +2.495428312E-01
3.79000000000E+09 +6.964746370E-01 +1.936888753E-01 -2.177833118E-02 +1.532631399E-01 +3.672701282E-02 +2.437923539E-01
3.80000000000E+09 +6.920916328E-01 -2.140588446E-01 +9.581138040E-02 +1.621889673E-01 +3.194737371E-02 +2.394198476E-01
3.81000000000E+09 +4.653799237E-01 -5.550147127E-01 +1.989217327E-01 +1.077302437E-01 +2.526309045E-02 +2.386637407E-01
3.82000000000E+09 +8.987118789E-02 -7.164748938E-01 +2.555908691E-01 +7.602000150E-03 +1.961194279E-02 +2.432070675E-01
3.83000000000E+09 -3.096938180E-01 -6.477144284E-01 +2.489207329E-01 -1.058473492E-01 +1.858980090E-02 +2.524578712E-01
3.84000000000E+09 -6.049203669E-01 -3.771178069E-01 +1.823886628E-01 -1.969030140E-01 +2.420378439E-02 +2.629983370E-01
3.85000000000E+09 -7.087354925E-01 +4.386862765E-03 +7.756025412E-02 -2.380799961E-01 +3.648081030E-02 +2.703260014E-01
3.86000000000E+09 -5.966309477E-01 +3.801569910E-01 -3.354647151E-02 -2.176749835E-01 +5.240914457E-02 +2.707881551E-01
3.87000000000E+09 -3.040664445E-01 +6.412459060E-01 -1.183447409E-01 -1.418889615E-01 +6.730969207E-02 +2.628539153E-01
3.88000000000E+09 +8.590319269E-02 +7.097098171E-01 -1.519564385E-01 -3.260029552E-02 +7.628024981E-02 +2.477955812E-01
3.89000000000E+09 +4.585465597E-01 +5.574014095E-01 -1.240319810E-01 +7.839926919E-02 +7.574155754E-02 +2.294584544E-01
3.90000000000E+09 +6.935210157E-01 +2.213486938E-01 -4.238578153E-02 +1.577010029E-01 +6.533301479E-02 +2.138243649E-01
3.91000000000E+09 +7.050949082E-01 -1.940017250E-01 +6.765457504E-02 +1.805172321E-01 +4.844233452E-02 +2.069865102E-01
3.92000000000E+09 +4.835413644E-01 -5.470038382E-01 +1.705017327E-01 +1.400286073E-01 +3.123168720E-02 +2.117107669E-01
3.93000000000E+09 +1.070028862E-01 -7.163901669E-01 +2.328504506E-01 +5.081587670E-02 +2.064065485E-02 +2.266615353E-01
3.94000000000E+09 -2.933344288E-01 -6.533852539E-01 +2.357155737E-01 -5.694646510E-02 +2.142792226E-02 +2.463452454E-01
3.95000000000E+09 -5.908457775E-01 -3.913435991E-01 +1.799359926E-01 -1.488630094E-01 +3.373778359E-02 +2.632293076E-01
3.96000000000E+09 -7.037364060E-01 -1.871004853E-02 +8.346314759E-02 -1.976256738E-01 +5.413208438E-02 +2.711471204E-01
3.97000000000E+09 -6.074279170E-01 +3.553530631E-01 -2.519200799E-02 -1.893291911E-01 +7.586809440E-02 +2.672549828E-01
3.98000000000E+09 -3.292502951E-01 +6.269153187E-01 -1.151613621E-01 -1.263899221E-01 +9.222804447E-02 +2.519076986E-01
3.99000000000E+09 +5.678107722E-02 +7.135564486E-01 -1.604813897E-01 -2.599612068E-02 +9.811491578E-02 +2.297608838E-01
4.00000000000E+09 +4.380726978E-01 +5.768120846E-01 -1.469778906E-01 +8.292989093E-02 +9.122425056E-02 +2.077989217E-01
4.01000000000E+09 +6.876696086E-01 +2.471433956E-01 -7.805214966E-02 +1.668695960E-01 +7.392674349E-02 +1.939196080E-01
4.02000000000E+09 +7.124802231E-01 -1.707018761E-01 +2.428840579E-02 +1.988112865E-01 +5.287359549E-02 +1.931638878E-01
4.03000000000E+09 +5.000240040E-01 -5.307764453E-01 +1.259112696E-01 +1.687084691E-01 +3.598819537E-02 +2.054081619E-01
4.04000000000E+09 +1.289346708E-01 -7.104640692E-01 +1.932235130E-01 +8.762252824E-02 +3.001526525E-02 +2.257764271E-01
4.05000000000E+09 -2.714474774E-01 -6.601379413E-01 +2.051849257E-01 -1.706910840E-02 +3.711733548E-02 +2.464524612E-01
4.06000000000E+09 -5.763850830E-01 -4.094547418E-01 +1.594803060E-01 -1.125386899E-01 +5.472900640E-02 +2.601954320E-01
4.07000000000E+09 -7.027606355E-01 -4.167938377E-02 +7.051163118E-02 -1.707833068E-01 +7.703675141E-02 +2.622743574E-01
4.08000000000E+09 -6.194950086E-01 +3.371511394E-01 -3.599556713E-02 -1.757028281E-01 +9.714481435E-02 +2.521447377E-01
4.09000000000E+09 -3.486544657E-01 +6.194119691E-01 -1.298573207E-01 -1.260654440E-01 +1.093296878E-01 +2.327486779E-01
4.10000000000E+09 +3.731441649E-02 +7.175990927E-01 -1.842084377E-01 -3.618196121E-02 +1.095963023E-01 +2.104849700E-01
4.11000000000E+09 +4.227627181E-01 +5.900293494E-01 -1.827302715E-01 +6.718781202E-02 +9.852551530E-02 +1.920918252E-01
4.12000000000E+09 +6.797533380E-01 +2.673448692E-01 -1.261119240E-01 +1.516315651E-01 +8.021103358E-02 +1.835890601E-01
4.13000000000E+09 +7.161892218E-01 -1.463029781E-01 -3.312679261E-02 +1.899067693E-01 +6.140506311E-02 +1.871928544E-01
4.14000000000E+09 +5.191085289E-01 -5.095363056E-01 +6.519163407E-02 +1.698432208E-01 +4.889200638E-02 +2.007289402E-01
4.15000000000E+09 +1.604815283E-01 -7.031863837E-01 +1.367282015E-01 +9.854212114E-02 +4.663954290E-02 +2.185971753E-01
4.16000000000E+09 -2.387413956E-01 -6.737118318E-01 +1.593267583E-01 -1.032216898E-03 +5.496273488E-02 +2.344455248E-01
4.17000000000E+09 -5.564256488E-01 -4.406531559E-01 +1.267406058E-01 -9.874159186E-02 +7.048452435E-02 +2.431567417E-01
4.18000000000E+09 -7.030840087E-01 -7.870243250E-02 +4.887982996E-02 -1.664176525E-01 +8.826052312E-02 +2.426422740E-01
4.19000000000E+09 -6.390260670E-01 +3.061131059E-01 -5.174004276E-02 -1.853449108E-01 +1.032171817E-01 +2.333561111E-01
4.20000000000E+09 -3.807946086E-01 +6.023988080E-01 -1.463693531E-01 -1.507269423E-01 +1.112138697E-01 +2.183757495E-01
4.21000000000E+09 +2.635763495E-04 +7.178891095E-01 -2.074639938E-01 -7.308046387E-02 +1.108573152E-01 +2.023716385E-01
4.22000000000E+09 +3.893512469E-01 +6.089128278E-01 -2.165888527E-01 +2.366774605E-02 +1.029810415E-01 +1.898918225E-01
4.23000000000E+09 +6.599385749E-01 +3.026795615E-01 -1.711189617E-01 +1.086649075E-01 +9.046216231E-02 +1.838236425E-01
4.24000000000E+09 +7.196392372E-01 -1.037306167E-01 -8.562436605E-02 +1.541673599E-01 +7.785922604E-02 +1.851220049E-01
4.25000000000E+09 +5.475697694E-01 -4.759461277E-01 +1.224209238E-02 +1.450324029E-01 +6.890611051E-02 +1.925656393E-01
4.26000000000E+09 +2.028923966E-01 -6.928366836E-01 +9.120526490E-02 +8.378320894E-02 +6.624357351E-02 +2.030884896E-01
4.27000000000E+09 -2.002498666E-01 -6.891762783E-01 +1.269877730E-01 -1.078106333E-02 +7.001931380E-02 +2.136029414E-01
4.28000000000E+09 -5.352314822E-01 -4.726784440E-01 +1.092989811E-01 -1.103426365E-01 +7.896076614E-02 +2.210508668E-01
4.29000000000E+09 -7.024561177E-01 -1.143681434E-01 +4.425410863E-02 -1.859721391E-01 +9.055589182E-02 +2.235079936E-01
4.30000000000E+09 -6.548622274E-01 +2.765932288E-01 -4.813265821E-02 -2.167006280E-01 +1.020260420E-01 +2.203678186E-01
4.31000000000E+09 -4.075723318E-01 +5.836031225E-01 -1.401726531E-01 -1.949702428E-01 +1.107259870E-01 +2.123520631E-01
4.32000000000E+09 -3.293770511E-02 +7.135545094E-01 -2.043896698E-01 -1.285545470E-01 +1.150410828E-01 +2.013895922E-01
4.33000000000E+09 +3.565479382E-01 +6.232207616E-01 -2.213757242E-01 -3.868385134E-02 +1.135653271E-01 +1.894666240E-01
4.34000000000E+09 +6.393794810E-01 +3.351269429E-01 -1.853678179E-01 +4.624860293E-02 +1.073243129E-01 +1.793238005E-01
4.35000000000E+09 +7.219102704E-01 -6.380257258E-02 -1.070245637E-01 +9.876070794E-02 +9.768375683E-02 +1.735667313E-01
4.36000000000E+09 +5.726593777E-01 -4.455102360E-01 -1.021701299E-02 +1.011899075E-01 +8.729219830E-02 +1.736531731E-01
4.37000000000E+09 +2.390287852E-01 -6.839200506E-01 +7.501407872E-02 +5.178727020E-02 +7.912521454E-02 +1.798710083E-01
4.38000000000E+09 -1.686129255E-01 -7.018853468E-01 +1.228202073E-01 -3.456869643E-02 +7.580635402E-02 +1.904382435E-01
4.39000000000E+09 -5.172970917E-01 -4.976887480E-01 +1.196165578E-01 -1.314908009E-01 +7.913884083E-02 +2.021603263E-01
4.40000000000E+09 -6.991334559E-01 -1.419860245E-01 +6.851450347E-02 -2.100511751E-01 +8.867334424E-02 +2.110984641E-01
4.41000000000E+09 -6.639438406E-01 +2.516818105E-01 -1.299250183E-02 -2.481099879E-01 +1.021391595E-01 +2.139165620E-01
4.42000000000E+09 -4.278531518E-01 +5.653621297E-01 -9.905580209E-02 -2.363748372E-01 +1.160718332E-01 +2.088347451E-01
4.43000000000E+09 -6.212235164E-02 +7.081189604E-01 -1.633030469E-01 -1.800312007E-01 +1.262923646E-01 +1.960839202E-01
4.44000000000E+09 +3.268052294E-01 +6.358770521E-01 -1.858497954E-01 -9.681731687E-02 +1.295708234E-01 +1.785295738E-01
4.45000000000E+09 +6.215266826E-01 +3.639662153E-01 -1.586791021E-01 -1.234793678E-02 +1.241673552E-01 +1.611023430E-01
4.46000000000E+09 +7.246747210E-01 -2.980610297E-02 -8.846785645E-02 +4.663122697E-02 +1.107465185E-01 +1.490680308E-01
4.47000000000E+09 +5.947238093E-01 -4.203890853E-01 +4.366259708E-03 +6.076487104E-02 +9.324576645E-02 +1.467582404E-01
4.48000000000E+09 +2.700895150E-01 -6.763539678E-01 +9.151074788E-02 +2.497681862E-02 +7.735106144E-02 +1.553290047E-01
4.49000000000E+09 -1.399579575E-01 -7.112901521E-01 +1.466151271E-01 -4.915794756E-02 +6.869452452E-02 +1.720380046E-01
4.50000000000E+09 -4.980860125E-01 -5.185232706E-01 +1.542641063E-01 -1.376348622E-01 +7.076032932E-02 +1.911340067E-01
4.51000000000E+09 -6.924380078E-01 -1.689076847E-01 +1.148924821E-01 -2.126565620E-01 +8.311961345E-02 +2.057462081E-01
4.52000000000E+09 -6.717632811E-01 +2.243543324E-01 +4.342239455E-02 -2.518898293E-01 +1.021969375E-01 +2.105490647E-01
4.53000000000E+09 -4.498073667E-01 +5.451102581E-01 -3.668860823E-02 -2.445942048E-01 +1.218731603E-01 +2.033415253E-01
4.54000000000E+09 -9.269119800E-02 +7.026572951E-01 -1.003848180E-01 -1.933707626E-01 +1.360328676E-01 +1.859154882E-01
4.55000000000E+09 +2.980605462E-01 +6.486554053E-01 -1.274229226E-01 -1.130938249E-01 +1.393913959E-01 +1.633275218E-01
4.56000000000E+09 +6.051905875E-01 +3.907870296E-01 -1.078162198E-01 -2.716969016E-02 +1.303068931E-01 +1.425620794E-01
4.57000000000E+09 +7.263279451E-01 +1.321122557E-03 -4.545167583E-02 +3.844730034E-02 +1.114717071E-01 +1.307872990E-01
4.58000000000E+09 +6.126133871E-01 -3.954581666E-01 +4.176979837E-02 +6.339759289E-02 +8.940988327E-02 +1.322028569E-01
4.59000000000E+09 +2.978821103E-01 -6.642631026E-01 +1.273915874E-01 +4.065577036E-02 +7.198581862E-02 +1.461907815E-01
4.60000000000E+09 -1.095588672E-01 -7.149560797E-01 +1.854423423E-01 -2.078918311E-02 +6.553344973E-02 +1.673568323E-01
4.61000000000E+09 -4.732630401E-01 -5.386789434E-01 +1.997888645E-01 -9.940866906E-02 +7.257357614E-02 +1.876139994E-01
4.62000000000E+09 -6.822099641E-01 -2.014070500E-01 +1.688863099E-01 -1.692931935E-01 +9.053821316E-02 +1.993986920E-01
4.63000000000E+09 -6.815840682E-01 +1.898870204E-01 +1.045696382E-01 -2.085114319E-01 +1.130002546E-01 +1.985330076E-01
4.64000000000E+09 -4.778095094E-01 +5.216406029E-01 +2.774380944E-02 -2.050911695E-01 +1.320352141E-01 +1.851960669E-01
4.65000000000E+09 -1.286616439E-01 +6.994539244E-01 -3.796814378E-02 -1.590662352E-01 +1.409206152E-01 +1.635720997E-01
4.66000000000E+09 +2.674713454E-01 +6.656774515E-01 -7.184287946E-02 -8.238936021E-02 +1.365749951E-01 +1.409527387E-01
4.67000000000E+09 +5.893214074E-01 +4.201364407E-01 -6.218678481E-02 +3.344584142E-03 +1.202134727E-01 +1.249608219E-01
4.68000000000E+09 +7.271894211E-01 +3.277058537E-02 -1.057194981E-02 +7.272722980E-02 +9.760286255E-02 +1.214696077E-01
4.69000000000E+09 +6.278954795E-01 -3.694419479E-01 +6.719118130E-02 +1.050537331E-01 +7.725963831E-02 +1.313784978E-01
4.70000000000E+09 +3.239544725E-01 -6.492279644E-01 +1.462429997E-01 +9.184905810E-02 +6.649676555E-02 +1.505158973E-01
4.71000000000E+09 -7.845764821E-02 -7.159717306E-01 +2.015667655E-01 +4.025933453E-02 +6.918896524E-02 +1.711776785E-01
4.72000000000E+09 -4.472792204E-01 -5.572996453E-01 +2.167008480E-01 -3.074998046E-02 +8.380983173E-02 +1.854864601E-01
4.73000000000E+09 -6.718016226E-01 -2.312877593E-01 +1.882350300E-01 -9.690615290E-02 +1.044677875E-01 +1.886578051E-01
4.74000000000E+09 -6.906874290E-01 +1.615386149E-01 +1.255721781E-01 -1.365978310E-01 +1.232703116E-01 +1.798870996E-01
4.75000000000E+09 -4.998633713E-01 +5.065873439E-01 +4.772823609E-02 -1.363318919E-01 +1.337665624E-01 +1.624673091E-01
4.76000000000E+09 -1.516633028E-01 +7.001939933E-01 -2.209596898E-02 -9.417978299E-02 +1.323955002E-01 +1.427188450E-01
4.77000000000E+09 +2.519678657E-01 +6.763276513E-01 -6.253465571E-02 -2.069122461E-02 +1.198341661E-01 +1.281812905E-01
4.78000000000E+09 +5.819192452E-01 +4.332779211E-01 -6.093841982E-02 +6.323623721E-02 +1.011712048E-01 +1.236175952E-01
4.79000000000E+09 +7.249728675E-01 +4.610748395E-02 -1.811847182E-02 +1.324480726E-01 +8.411314305E-02 +1.304504737E-01
4.80000000000E+09 +6.291662000E-01 -3.591578833E-01 +5.253031011E-02 +1.666513233E-01 +7.498281336E-02 +1.450773690E-01
4.81000000000E+09 +3.335707143E-01 -6.385391277E-01 +1.242761311E-01 +1.568232881E-01 +7.720423456E-02 +1.612128226E-01
4.82000000000E+09 -6.091167137E-02 -7.133427415E-01 +1.750284014E-01 +1.093005749E-01 +8.916998454E-02 +1.722153884E-01
4.83000000000E+09 -4.307237008E-01 -5.680408646E-01 +1.885257096E-01 +4.118240683E-02 +1.056038109E-01 +1.740741962E-01
4.84000000000E+09 -6.667410174E-01 -2.508325340E-01 +1.601042993E-01 -2.506533036E-02 +1.197815190E-01 +1.666128655E-01
4.85000000000E+09 -6.997837064E-01 +1.442343264E-01 +9.716703230E-02 -6.813018431E-02 +1.263979248E-01 +1.529808897E-01
4.86000000000E+09 -5.159855667E-01 +4.993796837E-01 +1.726519437E-02 -7.334221463E-02 +1.232149244E-01 +1.387396126E-01
4.87000000000E+09 -1.662016049E-01 +7.021973124E-01 -5.673442839E-02 -3.741275843E-02 +1.119199412E-01 +1.294503480E-01
4.88000000000E+09 +2.412275814E-01 +6.822771653E-01 -1.031403314E-01 +2.992185615E-02 +9.792467378E-02 +1.288027056E-01
4.89000000000E+09 +5.725989423E-01 +4.424093302E-01 -1.090523117E-01 +1.084454835E-01 +8.745319386E-02 +1.363762734E-01
4.90000000000E+09 +7.186475727E-01 +6.216289267E-02 -7.491028609E-02 +1.741093768E-01 +8.538631085E-02 +1.482178424E-01
4.91000000000E+09 +6.360880122E-01 -3.330610785E-01 -1.407245878E-02 +2.073991230E-01 +9.209498096E-02 +1.584671968E-01
4.92000000000E+09 +3.567949469E-01 -6.195364328E-01 +5.203529402E-02 +1.995033736E-01 +1.047063113E-01 +1.623627473E-01
4.93000000000E+09 -2.968345882E-02 -7.131846394E-01 +1.012042553E-01 +1.541399504E-01 +1.173384118E-01 +1.576430485E-01
4.94000000000E+09 -4.072075618E-01 -5.876051192E-01 +1.167009094E-01 +8.602840638E-02 +1.245076760E-01 +1.462166882E-01
4.95000000000E+09 -6.617290463E-01 -2.784003914E-01 +9.188597837E-02 +1.627181355E-02 +1.223541450E-01 +1.326284778E-01
4.96000000000E+09 -7.107127681E-01 +1.232142599E-01 +3.224784927E-02 -3.344745903E-02 +1.116815235E-01 +1.227088790E-01
4.97000000000E+09 -5.318324000E-01 +4.906040184E-01 -4.581876735E-02 -4.726847783E-02 +9.643953113E-02 +1.206981712E-01
4.98000000000E+09 -1.797318800E-01 +7.010085959E-01 -1.193361511E-01 -2.097339470E-02 +8.369178332E-02 +1.284278855E-01
4.99000000000E+09 +2.289933012E-01 +6.840786720E-01 -1.668709724E-01 +3.626351405E-02 +7.909114497E-02 +1.422005848E-01
5.00000000000E+09 +5.593980669E-01 +4.493514946E-01 -1.757881079E-01 +1.050712031E-01 +8.526007235E-02 +1.560624630E-01
5.01000000000E+09 +7.090398491E-01 +7.756711394E-02 -1.462318865E-01 +1.627770146E-01 +9.981144236E-02 +1.637209779E-01
5.02000000000E+09 +6.380518984E-01 -3.130651894E-01 -9.025040687E-02 +1.909428895E-01 +1.167462074E-01 +1.609206709E-01
5.03000000000E+09 +3.716755630E-01 -6.061530739E-01 -2.739729396E-02 +1.806188051E-01 +1.289288491E-01 +1.483318662E-01
5.04000000000E+09 -1.162210774E-02 -7.139499980E-01 +2.124272572E-02 +1.341568637E-01 +1.305286616E-01 +1.299914068E-01
5.05000000000E+09 -3.976465778E-01 -5.984388932E-01 +3.864331124E-02 +6.455096523E-02 +1.196038623E-01 +1.132333348E-01
5.06000000000E+09 -6.626234291E-01 -2.875887417E-01 +1.705287452E-02 -7.624235711E-03 +9.957046861E-02 +1.052229315E-01
5.07000000000E+09 -7.136654772E-01 +1.214851868E-01 -3.860403980E-02 -6.028492296E-02 +7.809554034E-02 +1.106370699E-01
5.08000000000E+09 -5.298648331E-01 +4.906986617E-01 -1.117042698E-01 -7.761649490E-02 +6.407912901E-02 +1.282472569E-01
5.09000000000E+09 -1.760721810E-01 +6.953994956E-01 -1.795715771E-01 -5.583425084E-02 +6.419541102E-02 +1.516025695E-01
5.10000000000E+09 +2.257343435E-01 +6.742000475E-01 -2.217043645E-01 -4.563388841E-03 +7.906690036E-02 +1.713593105E-01
5.11000000000E+09 +5.477532997E-01 +4.443112215E-01 -2.266407173E-01 +5.762452757E-02 +1.034482363E-01 +1.794093207E-01
5.12000000000E+09 +6.973774835E-01 +8.317827704E-02 -1.947939749E-01 +1.095540480E-01 +1.285263540E-01 +1.722198756E-01
5.13000000000E+09 +6.353173645E-01 -3.019459718E-01 -1.370555462E-01 +1.340481093E-01 +1.449447233E-01 +1.513523103E-01
5.14000000000E+09 +3.771828457E-01 -5.992449191E-01 -7.150425933E-02 +1.217409422E-01 +1.454709866E-01 +1.235445430E-01
5.15000000000E+09 -6.663525740E-03 -7.143081726E-01 -1.886906149E-02 +7.380637571E-02 +1.290799500E-01 +9.916986002E-02
5.16000000000E+09 -3.982439347E-01 -5.994877973E-01 +3.347269607E-03 +2.754925305E-03 +1.008431913E-01 +8.806287765E-02
5.17000000000E+09 -6.641120494E-01 -2.833690965E-01 -1.297087880E-02 -7.063895630E-02 +7.122012811E-02 +9.558632730E-02
5.18000000000E+09 -7.084231661E-01 +1.274824670E-01 -6.260344265E-02 -1.241438142E-01 +5.217150488E-02 +1.196437251E-01
5.19000000000E+09 -5.193481867E-01 +4.896232592E-01 -1.287084563E-01 -1.425175515E-01 +5.172710881E-02 +1.509139484E-01
5.20000000000E+09 -1.696347205E-01 +6.849369248E-01 -1.890239553E-01 -1.228895364E-01 +7.005920867E-02 +1.776027588E-01
5.21000000000E+09 +2.216142966E-01 +6.623000453E-01 -2.243555923E-01 -7.490946352E-02 +1.003172504E-01 +1.893406281E-01
5.22000000000E+09 +5.374522737E-01 +4.404729454E-01 -2.243344469E-01 -1.601904442E-02 +1.315039942E-01 +1.814532519E-01
5.23000000000E+09 +6.907850935E-01 +8.750748560E-02 -1.889093780E-01 +3.410841554E-02 +1.524958495E-01 +1.564347206E-01
5.24000000000E+09 +6.355905505E-01 -2.976575803E-01 -1.277249480E-01 +5.837924765E-02 +1.549817221E-01 +1.226187080E-01
5.25000000000E+09 +3.780599998E-01 -6.001601919E-01 -5.832330440E-02 +4.688274585E-02 +1.369163965E-01 +9.252327372E-02
5.26000000000E+09 -1.079843362E-02 -7.161726606E-01 -1.436271811E-03 +4.177645669E-04 +1.047705548E-01 +7.785045133E-02
5.27000000000E+09 -4.044614928E-01 -5.952843036E-01 +2.503434693E-02 -6.841397956E-02 +7.023095020E-02 +8.508518300E-02
5.28000000000E+09 -6.635128696E-01 -2.740398585E-01 +1.349259371E-02 -1.385857419E-01 +4.717408887E-02 +1.122915492E-01
5.29000000000E+09 -6.988545424E-01 +1.323397754E-01 -3.039069396E-02 -1.884055781E-01 +4.477712333E-02 +1.485583653E-01
5.30000000000E+09 -5.093868312E-01 +4.836768480E-01 -8.972785356E-02 -2.037754219E-01 +6.379423573E-02 +1.799185176E-01
5.31000000000E+09 -1.692836418E-01 +6.736565606E-01 -1.437881893E-01 -1.827863943E-01 +9.692147770E-02 +1.948387116E-01
5.32000000000E+09 +2.130472866E-01 +6.567552044E-01 -1.750663076E-01 -1.339540121E-01 +1.323658707E-01 +1.877200833E-01
5.33000000000E+09 +5.293667221E-01 +4.445595979E-01 -1.731586989E-01 -7.317809197E-02 +1.576279621E-01 +1.607262603E-01
5.34000000000E+09 +6.902241756E-01 +9.489574296E-02 -1.370043920E-01 -1.918699694E-02 +1.639524041E-01 +1.234200623E-01
5.35000000000E+09 +6.402257360E-01 -2.947695046E-01 -7.540568962E-02 +1.104486084E-02 +1.483506129E-01 +8.847465031E-02
5.36000000000E+09 +3.813268705E-01 -6.024749512E-01 -5.142056392E-03 +7.246062551E-03 +1.161742313E-01 +6.822769390E-02
5.37000000000E+09 -1.121693900E-02 -7.177916678E-01 +5.315948708E-02 -2.984138263E-02 +7.924869169E-02 +7.019871779E-02
5.38000000000E+09 -4.037636873E-01 -5.936703121E-01 +8.238904668E-02 -8.776511178E-02 +5.104014371E-02 +9.299762801E-02
5.39000000000E+09 -6.587197509E-01 -2.740834731E-01 +7.591780869E-02 -1.463035200E-01 +4.137769454E-02 +1.271312407E-01
5.40000000000E+09 -6.954847462E-01 +1.260922030E-01 +3.973703097E-02 -1.855971036E-01 +5.224201366E-02 +1.588150804E-01
5.41000000000E+09 -5.143633517E-01 +4.759516707E-01 -1.055044161E-02 -1.931473624E-01 +7.713318397E-02 +1.764507933E-01
5.42000000000E+09 -1.801291340E-01 +6.738648970E-01 -5.598022277E-02 -1.668928831E-01 +1.059515827E-01 +1.749839826E-01
5.43000000000E+09 +2.070257344E-01 +6.667162858E-01 -7.960252461E-02 -1.147821427E-01 +1.270993906E-01 +1.563058389E-01
5.44000000000E+09 +5.351297105E-01 +4.547593986E-01 -7.109714018E-02 -5.239294469E-02 +1.323719374E-01 +1.291881707E-01
5.45000000000E+09 +7.019539286E-01 +9.492516467E-02 -2.977833933E-02 +1.214479797E-03 +1.203975002E-01 +1.049656696E-01
5.46000000000E+09 +6.454251030E-01 -3.042227284E-01 +3.445342882E-02 +2.898168722E-02 +9.640814632E-02 +9.385196805E-02
5.47000000000E+09 +3.754405727E-01 -6.089573388E-01 +1.031585591E-01 +2.177353098E-02 +7.063741778E-02 +1.008206352E-01
5.48000000000E+09 -1.833664652E-02 -7.127750838E-01 +1.555752228E-01 -1.742422452E-02 +5.384775844E-02 +1.230330479E-01
5.49000000000E+09 -3.999693112E-01 -5.837839355E-01 +1.762434772E-01 -7.415936822E-02 +5.298342525E-02 +1.507072800E-01
5.50000000000E+09 -6.461080359E-01 -2.735550513E-01 +1.610160584E-01 -1.283965904E-01 +6.768341897E-02 +1.726149320E-01
5.51000000000E+09 -6.876492525E-01 +1.137986440E-01 +1.168454117E-01 -1.615332091E-01 +9.169093563E-02 +1.804468098E-01
5.52000000000E+09 -5.198520864E-01 +4.616823038E-01 +5.916175301E-02 -1.618236047E-01 +1.152324206E-01 +1.717971656E-01
5.53000000000E+09 -1.935240063E-01 +6.698518124E-01 +7.010524923E-03 -1.272576142E-01 +1.291243313E-01 +1.510812056E-01
5.54000000000E+09 +1.982624564E-01 +6.734400113E-01 -2.181323354E-02 -6.595443487E-02 +1.276165660E-01 +1.264653183E-01
5.55000000000E+09 +5.357195764E-01 +4.624160000E-01 -1.633037400E-02 +5.420686893E-03 +1.120563888E-01 +1.087402516E-01
5.56000000000E+09 +7.047046372E-01 +9.612495241E-02 +2.375369490E-02 +6.608848532E-02 +8.907897726E-02 +1.054896590E-01
5.57000000000E+09 +6.422250380E-01 -3.045506936E-01 +8.680005611E-02 +9.789059258E-02 +6.832594792E-02 +1.182245279E-01
5.58000000000E+09 +3.697684848E-01 -6.023828242E-01 +1.527380945E-01 +9.245141223E-02 +5.898510683E-02 +1.414283708E-01
5.59000000000E+09 -1.602194926E-02 -7.009184832E-01 +2.004483596E-01 +5.441708486E-02 +6.451465281E-02 +1.650943413E-01
5.60000000000E+09 -3.875946750E-01 -5.777726662E-01 +2.153490425E-01 -1.312018695E-03 +8.246279872E-02 +1.794682905E-01
5.61000000000E+09 -6.336778912E-01 -2.795360435E-01 +1.933574328E-01 -5.457872422E-02 +1.054694027E-01 +1.790587347E-01
5.62000000000E+09 -6.852068833E-01 +1.023930916E-01 +1.412498853E-01 -8.676071567E-02 +1.233660815E-01 +1.650756761E-01
5.63000000000E+09 -5.258574103E-01 +4.563138756E-01 +7.440480725E-02 -8.508116551E-02 +1.291582998E-01 +1.435233629E-01
5.64000000000E+09 -1.971360497E-01 +6.729014856E-01 +1.322988657E-02 -4.647916774E-02 +1.205205319E-01 +1.236307705E-01
5.65000000000E+09 +2.021879753E-01 +6.758526577E-01 -2.289417072E-02 +2.031197763E-02 +1.014538842E-01 +1.148422737E-01
5.66000000000E+09 +5.396464974E-01 +4.561851394E-01 -2.202746762E-02 +9.677268426E-02 +8.067477077E-02 +1.218103020E-01
5.67000000000E+09 +6.983369215E-01 +8.653757344E-02 +1.532443011E-02 +1.603736264E-01 +6.783631051E-02 +1.417971535E-01
5.68000000000E+09 +6.279849782E-01 -3.044078772E-01 +7.580520311E-02 +1.928829164E-01 +6.915748267E-02 +1.659244905E-01
5.69000000000E+09 +3.616179460E-01 -5.894375366E-01 +1.387732313E-01 +1.869068942E-01 +8.538367884E-02 +1.840416020E-01
5.70000000000E+09 -9.292810029E-03 -6.868572806E-01 +1.836214442E-01 +1.474255799E-01 +1.099412698E-01 +1.877067197E-01
5.71000000000E+09 -3.727643281E-01 -5.757812898E-01 +1.958595313E-01 +8.881259680E-02 +1.330850602E-01 +1.753745860E-01
5.72000000000E+09 -6.250756914E-01 -2.895817295E-01 +1.704704951E-01 +3.074151153E-02 +1.450368575E-01 +1.508778863E-01
5.73000000000E+09 -6.885099544E-01 +9.216304168E-02 +1.129650260E-01 -7.128410997E-03 +1.399518136E-01 +1.236594143E-01
5.74000000000E+09 -5.334684719E-01 +4.548271607E-01 +3.909929030E-02 -1.029356671E-02 +1.191039565E-01 +1.050774242E-01
5.75000000000E+09 -1.995939170E-01 +6.759042531E-01 -2.937384212E-02 +2.498437526E-02 +8.991608430E-02 +1.041843791E-01
5.76000000000E+09 +2.030809460E-01 +6.738081566E-01 -7.134208586E-02 +8.937488195E-02 +6.453519675E-02 +1.224775958E-01
5.77000000000E+09 +5.336555006E-01 +4.500159353E-01 -7.479326733E-02 +1.628357263E-01 +5.422735747E-02 +1.536790383E-01
5.78000000000E+09 +6.839686800E-01 +8.848998949E-02 -4.135201977E-02 +2.224183904E-01 +6.381270643E-02 +1.849898647E-01
5.79000000000E+09 +6.178234912E-01 -2.875626107E-01 +1.548181687E-02 +2.505788049E-01 +9.037286915E-02 +2.043758745E-01
5.80000000000E+09 +3.687131599E-01 -5.670965049E-01 +7.558876186E-02 +2.403176337E-01 +1.240689688E-01 +2.043460750E-01
5.81000000000E+09 +1.334867407E-02 -6.761125557E-01 +1.188914609E-01 +1.957113640E-01 +1.525919254E-01 +1.847363883E-01
5.82000000000E+09 -3.501210805E-01 -5.843047473E-01 +1.301579691E-01 +1.300963288E-01 +1.647562273E-01 +1.522750852E-01
5.83000000000E+09 -6.162506660E-01 -3.090073451E-01 +1.026311002E-01 +6.315155805E-02 +1.554314486E-01 +1.185084039E-01
5.84000000000E+09 -6.935511410E-01 +7.610269280E-02 +4.086347258E-02 +1.640488703E-02 +1.271502473E-01 +9.742474882E-02
5.85000000000E+09 -5.416627951E-01 +4.468014892E-01 -3.873661372E-02 +6.130477572E-03 +9.012438765E-02 +9.840948025E-02
5.86000000000E+09 -2.058894884E-01 +6.693885546E-01 -1.121967513E-01 +3.681019673E-02 +5.962316839E-02 +1.223825200E-01
5.87000000000E+09 +1.922151323E-01 +6.656183701E-01 -1.571844159E-01 +9.796236923E-02 +4.853459578E-02 +1.601880706E-01
5.88000000000E+09 +5.137852485E-01 +4.487877608E-01 -1.618235496E-01 +1.685389672E-01 +6.168648595E-02 +1.971992816E-01
5.89000000000E+09 +6.640391472E-01 +1.040088750E-01 -1.279273512E-01 +2.255753406E-01 +9.433309210E-02 +2.197554026E-01
5.90000000000E+09 +6.132586192E-01 -2.596391493E-01 -6.879380792E-02 +2.515692715E-01 +1.347414240E-01 +2.199982146E-01
5.91000000000E+09 +3.850654568E-01 -5.430342705E-01 -3.583050787E-03 +2.384836615E-01 +1.684360221E-01 +1.981459882E-01
5.92000000000E+09 +4.023691578E-02 -6.701465964E-01 +4.709737516E-02 +1.884922839E-01 +1.841755003E-01 +1.614282878E-01
5.93000000000E+09 -3.289173569E-01 -5.963089821E-01 +6.584685246E-02 +1.137925876E-01 +1.755888645E-01 +1.231581130E-01
5.94000000000E+09 -6.087241662E-01 -3.270871819E-01 +4.333645357E-02 +3.523880462E-02 +1.461914277E-01 +9.787431597E-02
5.95000000000E+09 -6.943107834E-01 +6.143497320E-02 -1.676240673E-02 -2.345308688E-02 +1.059804617E-01 +9.564257098E-02
5.96000000000E+09 -5.446784617E-01 +4.340546457E-01 -9.718335685E-02 -4.363701503E-02 +7.172165011E-02 +1.180147637E-01
5.97000000000E+09 -2.144438053E-01 +6.551237783E-01 -1.723240795E-01 -2.026871729E-02 +5.780529252E-02 +1.558680026E-01
5.98000000000E+09 +1.725277579E-01 +6.563192829E-01 -2.190649338E-01 +3.614457005E-02 +6.922962203E-02 +1.943471724E-01
5.99000000000E+09 +4.888410096E-01 +4.551434223E-01 -2.249537715E-01 +1.047653114E-01 +1.013130512E-01 +2.189529003E-01
6.00000000000E+09 +6.485142043E-01 +1.268677810E-01 -1.905724957E-01 +1.626098010E-01 +1.414677014E-01 +2.211422705E-01
6.01000000000E+09 +6.172897225E-01 -2.326913992E-01 -1.274933949E-01 +1.912752184E-01 +1.759259857E-01 +2.012339731E-01
6.02000000000E+09 +4.046106647E-01 -5.275011996E-01 -5.443370935E-02 +1.803121764E-01 +1.929472274E-01 +1.663621622E-01
6.03000000000E+09 +6.131754602E-02 -6.711851500E-01 +6.671208362E-03 +1.296806359E-01 +1.863764055E-01 +1.288739815E-01
6.04000000000E+09 -3.169751070E-01 -6.062669053E-01 +3.565992639E-02 +5.118463398E-02 +1.586912221E-01 +1.027904985E-01
6.05000000000E+09 -6.035642437E-01 -3.359048776E-01 +2.120985335E-02 -3.317310948E-02 +1.203241893E-01 +9.818488580E-02
6.06000000000E+09 -6.890688603E-01 +5.308533823E-02 -3.349258311E-02 -9.733182640E-02 +8.647848666E-02 +1.169789224E-01
6.07000000000E+09 -5.414256573E-01 +4.196810941E-01 -1.100362911E-01 -1.216369319E-01 +7.162709397E-02 +1.516415404E-01
6.08000000000E+09 -2.226546171E-01 +6.372202504E-01 -1.826336704E-01 -1.008555511E-01 +8.043734408E-02 +1.882400562E-01
6.09000000000E+09 +1.514484959E-01 +6.469290004E-01 -2.278899560E-01 -4.491087317E-02 +1.086387978E-01 +2.132959528E-01
6.10000000000E+09 +4.661768620E-01 +4.631522378E-01 -2.323670949E-01 +2.619632599E-02 +1.452806868E-01 +2.183588832E-01
6.11000000000E+09 +6.385033577E-01 +1.475992031E-01 -1.947769213E-01 +8.961744720E-02 +1.777526107E-01 +2.031304041E-01
6.12000000000E+09 +6.238541738E-01 -2.130000017E-01 -1.250052186E-01 +1.251833100E-01 +1.954763293E-01 +1.740804961E-01
6.13000000000E+09 +4.190714367E-01 -5.188334697E-01 -4.182793093E-02 +1.198411904E-01 +1.928278135E-01 +1.413851956E-01
6.14000000000E+09 +7.309332212E-02 -6.717913142E-01 +3.074433048E-02 +7.190643214E-02 +1.720611296E-01 +1.170504089E-01
6.15000000000E+09 -3.092407041E-01 -6.085182946E-01 +7.022544915E-02 -6.893749106E-03 +1.412847968E-01 +1.096185530E-01
6.16000000000E+09 -5.944593524E-01 -3.392990206E-01 +6.392535372E-02 -9.309226988E-02 +1.132279927E-01 +1.214636972E-01
6.17000000000E+09 -6.794157125E-01 +4.214637645E-02 +1.510788922E-02 -1.594413823E-01 +9.932925938E-02 +1.470497110E-01
6.18000000000E+09 -5.408883696E-01 +4.004677271E-01 -5.817100742E-02 -1.857610700E-01 +1.037378805E-01 +1.756479877E-01
6.19000000000E+09 -2.372525110E-01 +6.208394795E-01 -1.301195270E-01 -1.658773723E-01 +1.236108357E-01 +1.963077931E-01
6.20000000000E+09 +1.287435732E-01 +6.460761016E-01 -1.771952259E-01 -1.081046648E-01 +1.503687695E-01 +2.020468727E-01
6.21000000000E+09 +4.502222582E-01 +4.785233164E-01 -1.839072544E-01 -3.108943661E-02 +1.744474915E-01 +1.924572812E-01
6.22000000000E+09 +6.375402441E-01 +1.675565953E-01 -1.464036849E-01 +4.164299662E-02 +1.876594089E-01 +1.726107990E-01
6.23000000000E+09 +6.333314928E-01 -2.004647455E-01 -7.314277635E-02 +8.750484280E-02 +1.865682471E-01 +1.502871507E-01
6.24000000000E+09 +4.289662765E-01 -5.149316357E-01 +1.618547531E-02 +9.092301881E-02 +1.731443619E-01 +1.337998782E-01
6.25000000000E+09 +8.069893895E-02 -6.699731681E-01 +9.567391165E-02 +4.893439376E-02 +1.535090723E-01 +1.290239554E-01
6.26000000000E+09 -2.980114992E-01 -6.066150754E-01 +1.412759289E-01 -2.606407473E-02 +1.369381507E-01 +1.369997483E-01
6.27000000000E+09 -5.777747869E-01 -3.451201005E-01 +1.397728342E-01 -1.100242370E-01 +1.295046676E-01 +1.534801240E-01
6.28000000000E+09 -6.673197446E-01 +2.268878629E-02 +9.390672920E-02 -1.756819467E-01 +1.337805910E-01 +1.708489038E-01
6.29000000000E+09 -5.461356628E-01 +3.750489648E-01 +2.059873123E-02 -2.023590851E-01 +1.469580432E-01 +1.822944898E-01
6.30000000000E+09 -2.600753653E-01 +6.058177914E-01 -5.542683171E-02 -1.816794131E-01 +1.626068632E-01 +1.842220249E-01
6.31000000000E+09 +1.025947762E-01 +6.505795035E-01 -1.092550571E-01 -1.196169359E-01 +1.751325424E-01 +1.774693815E-01
6.32000000000E+09 +4.351793902E-01 +4.963986784E-01 -1.224429063E-01 -3.371259796E-02 +1.799687831E-01 +1.660716939E-01
6.33000000000E+09 +6.363440697E-01 +1.856639323E-01 -8.839216054E-02 +5.087531689E-02 +1.771959960E-01 +1.555914912E-01
6.34000000000E+09 +6.383987782E-01 -1.883460483E-01 -1.456618045E-02 +1.084553780E-01 +1.691306982E-01 +1.504982256E-01
6.35000000000E+09 +4.353146137E-01 -5.046993365E-01 +7.809615421E-02 +1.211766157E-01 +1.613739715E-01 +1.529166959E-01
6.36000000000E+09 +9.270789209E-02 -6.584644892E-01 +1.618586253E-01 +8.532883229E-02 +1.581820427E-01 +1.607057654E-01
6.37000000000E+09 -2.759239137E-01 -6.012067635E-01 +2.116936229E-01 +1.332033068E-02 +1.620002183E-01 +1.697468044E-01
6.38000000000E+09 -5.529024227E-01 -3.567551904E-01 +2.134237480E-01 -7.100286108E-02 +1.711947546E-01 +1.751372266E-01
6.39000000000E+09 -6.561430892E-01 -5.442816331E-03 +1.679665903E-01 -1.403796335E-01 +1.817608060E-01 +1.742837894E-01
6.40000000000E+09 -5.575995257E-01 +3.459146915E-01 +8.996274145E-02 -1.724118058E-01 +1.889573074E-01 +1.673674308E-01
6.41000000000E+09 -2.867466026E-01 +5.919698904E-01 +3.782117734E-03 -1.554342056E-01 +1.898635803E-01 +1.574837816E-01
6.42000000000E+09 +7.717715060E-02 +6.558512666E-01 -6.350545534E-02 -9.236304406E-02 +1.841683781E-01 +1.495770201E-01
6.43000000000E+09 +4.212810304E-01 +5.113182808E-01 -8.966397606E-02 -9.914797966E-05 +1.750338394E-01 +1.478515863E-01
6.44000000000E+09 +6.314225010E-01 +2.008956940E-01 -6.497427889E-02 +9.426194007E-02 +1.671794636E-01 +1.535222220E-01
6.45000000000E+09 +6.370911935E-01 -1.724999356E-01 +3.608641042E-03 +1.623172599E-01 +1.655398812E-01 +1.648529979E-01
6.46000000000E+09 +4.403351645E-01 -4.851681718E-01 +9.475652250E-02 +1.841938294E-01 +1.722932710E-01 +1.765189605E-01
6.47000000000E+09 +1.106248017E-01 -6.403166445E-01 +1.800960458E-01 +1.552862077E-01 +1.859571537E-01 +1.832455217E-01
6.48000000000E+09 -2.464757679E-01 -5.974544378E-01 +2.338968862E-01 +8.663177070E-02 +2.016696161E-01 +1.815589407E-01
6.49000000000E+09 -5.260465862E-01 -3.750164217E-01 +2.403291305E-01 +5.293012120E-04 +2.137520230E-01 +1.708096236E-01
6.50000000000E+09 -6.475295354E-01 -3.796716935E-02 +1.970001890E-01 -7.610819519E-02 +2.172194980E-01 +1.545422940E-01
6.51000000000E+09 -5.711670030E-01 +3.168991561E-01 +1.157421932E-01 -1.185118786E-01 +2.108691440E-01 +1.384815559E-01
6.52000000000E+09 -3.113391067E-01 +5.795725263E-01 +2.008647391E-02 -1.110679753E-01 +1.961785013E-01 +1.295728153E-01
6.53000000000E+09 +5.497626386E-02 +6.586299811E-01 -6.046960108E-02 -5.304996175E-02 +1.795373718E-01 +1.321290917E-01
6.54000000000E+09 +4.055154424E-01 +5.213202976E-01 -1.001292563E-01 +3.923586037E-02 +1.675457732E-01 +1.453813630E-01
6.55000000000E+09 +6.194293724E-01 +2.151053942E-01 -8.653563696E-02 +1.374700505E-01 +1.666763118E-01 +1.650866841E-01
6.56000000000E+09 +6.298666700E-01 -1.518817725E-01 -2.534130535E-02 +2.114887208E-01 +1.782455726E-01 +1.831343662E-01
6.57000000000E+09 +4.455316234E-01 -4.598804053E-01 +6.252896923E-02 +2.400484754E-01 +1.987292488E-01 +1.923761685E-01
6.58000000000E+09 +1.327438784E-01 -6.214979758E-01 +1.491944759E-01 +2.167519756E-01 +2.209653831E-01 +1.889029709E-01
6.59000000000E+09 -2.148728871E-01 -5.973655132E-01 +2.083566184E-01 +1.500900080E-01 +2.372863950E-01 +1.733642843E-01
6.60000000000E+09 -5.009535980E-01 -3.955722990E-01 +2.216654704E-01 +6.010349775E-02 +2.428291036E-01 +1.501287524E-01
6.61000000000E+09 -6.413325827E-01 -6.784150171E-02 +1.829436938E-01 -2.621893889E-02 +2.347120554E-01 +1.277514616E-01
6.62000000000E+09 -5.830438471E-01 +2.928283087E-01 +1.009668692E-01 -8.139306622E-02 +2.153589755E-01 +1.145317490E-01
6.63000000000E+09 -3.313781821E-01 +5.687669165E-01 -1.137085351E-03 -8.571955170E-02 +1.920265761E-01 +1.157631835E-01
6.64000000000E+09 +3.486045181E-02 +6.581406095E-01 -9.165227571E-02 -3.544499475E-02 +1.742549463E-01 +1.315667713E-01
6.65000000000E+09 +3.864323854E-01 +5.275973430E-01 -1.416859896E-01 +5.396612680E-02 +1.697712010E-01 +1.567892444E-01
6.66000000000E+09 +6.022695909E-01 +2.298585572E-01 -1.366133588E-01 +1.534210635E-01 +1.807959995E-01 +1.813851567E-01
6.67000000000E+09 +6.219304316E-01 -1.268615071E-01 -8.054740984E-02 +2.317801907E-01 +2.040609560E-01 +1.965531478E-01
6.68000000000E+09 +4.552134212E-01 -4.315184052E-01 +6.862737508E-03 +2.662579280E-01 +2.312539115E-01 +1.964477489E-01
6.69000000000E+09 +1.604155046E-01 -6.032141790E-01 +9.866853083E-02 +2.480279371E-01 +2.544608862E-01 +1.809448920E-01
6.70000000000E+09 -1.807012514E-01 -5.996732238E-01 +1.677313871E-01 +1.824064721E-01 +2.665161623E-01 +1.552384420E-01
6.71000000000E+09 -4.758725832E-01 -4.175926632E-01 +1.927014247E-01 +8.702961247E-02 +2.632802035E-01 +1.277080187E-01
6.72000000000E+09 -6.348389024E-01 -9.878194749E-02 +1.632982614E-01 -1.101915835E-02 +2.460013452E-01 +1.069581382E-01
6.73000000000E+09 -5.944552117E-01 +2.653340230E-01 +8.516728224E-02 -8.159261040E-02 +2.209129392E-01 +1.001052435E-01
6.74000000000E+09 -3.538697600E-01 +5.512681683E-01 -1.949960174E-02 -1.012247199E-01 +1.977904621E-01 +1.101717674E-01
6.75000000000E+09 +7.446109401E-03 +6.528780901E-01 -1.176284176E-01 -6.276358498E-02 +1.855859354E-01 +1.332453222E-01
6.76000000000E+09 +3.591536424E-01 +5.364375585E-01 -1.779387359E-01 +2.033562710E-02 +1.886875522E-01 +1.598935109E-01
6.77000000000E+09 +5.829994872E-01 +2.535422416E-01 -1.828003493E-01 +1.196592245E-01 +2.062397623E-01 +1.799488089E-01
6.78000000000E+09 +6.193951118E-01 -9.442814225E-02 -1.336565120E-01 +2.034647294E-01 +2.316043428E-01 +1.863537424E-01
6.79000000000E+09 +4.723656680E-01 -4.026453246E-01 -4.731813429E-02 +2.467694025E-01 +2.568699104E-01 +1.774672036E-01
6.80000000000E+09 +1.906716527E-01 -5.897950578E-01 +5.020037238E-02 +2.372316413E-01 +2.737579369E-01 +1.568659051E-01
6.81000000000E+09 -1.495965954E-01 -6.057619903E-01 +1.304801087E-01 +1.762489805E-01 +2.772691642E-01 +1.311346551E-01
6.82000000000E+09 -4.544343322E-01 -4.387990152E-01 +1.690037789E-01 +7.961898452E-02 +2.668778406E-01 +1.083932700E-01
6.83000000000E+09 -6.277912656E-01 -1.269493192E-01 +1.519217612E-01 -2.575992250E-02 +2.467807009E-01 +9.618322428E-02
6.84000000000E+09 -6.011060444E-01 +2.375068038E-01 +8.162776527E-02 -1.078098257E-01 +2.246324537E-01 +9.874891389E-02
6.85000000000E+09 -3.735273305E-01 +5.287391612E-01 -2.091490919E-02 -1.400305299E-01 +2.085550329E-01 +1.144447957E-01
6.86000000000E+09 -2.352139432E-02 +6.429969464E-01 -1.226228096E-01 -1.122768627E-01 +2.046462166E-01 +1.370035858E-01
6.87000000000E+09 +3.247854224E-01 +5.464403074E-01 -1.908503067E-01 -3.519609417E-02 +2.146534170E-01 +1.571469031E-01
6.88000000000E+09 +5.590666894E-01 +2.836118395E-01 -2.052846201E-01 +6.487674938E-02 +2.342573301E-01 +1.679910011E-01
6.89000000000E+09 +6.173208474E-01 -5.459558208E-02 -1.632149418E-01 +1.562955636E-01 +2.567962226E-01 +1.661747794E-01
6.90000000000E+09 +4.936798415E-01 -3.690914732E-01 -7.802988216E-02 +2.118236603E-01 +2.750404993E-01 +1.528753566E-01
6.91000000000E+09 +2.263635136E-01 -5.746178900E-01 +2.584067813E-02 +2.149074407E-01 +2.836890286E-01 +1.329535495E-01
6.92000000000E+09 -1.125776488E-01 -6.122627121E-01 +1.187162581E-01 +1.629850291E-01 +2.809968387E-01 +1.126472247E-01
6.93000000000E+09 -4.267145105E-01 -4.625374316E-01 +1.730046263E-01 +6.907729533E-02 +2.687689931E-01 +9.807552370E-02
6.94000000000E+09 -6.146054572E-01 -1.607207002E-01 +1.706788639E-01 -4.036397526E-02 +2.521252751E-01 +9.402056786E-02
6.95000000000E+09 -6.063359329E-01 +2.000932959E-01 +1.110511634E-01 -1.318135274E-01 +2.371401972E-01 +1.006941819E-01
6.96000000000E+09 -3.991393907E-01 +4.974167184E-01 +1.276187954E-02 -1.761522921E-01 +2.297060756E-01 +1.147501811E-01
6.97000000000E+09 -6.507210352E-02 +6.300373241E-01 -9.219224914E-02 -1.596937756E-01 +2.325838938E-01 +1.300091143E-01
6.98000000000E+09 +2.817093227E-01 +5.603088917E-01 -1.701286789E-01 -8.905548265E-02 +2.440021734E-01 +1.411700025E-01
6.99000000000E+09 +5.322141083E-01 +3.202205701E-01 -1.970626103E-01 +1.250342222E-02 +2.596212111E-01 +1.441511607E-01
7.00000000000E+09 +6.169814014E-01 -1.103418446E-02 -1.652437966E-01 +1.136184320E-01 +2.742869624E-01 +1.385109086E-01

[Channel0\Trace0\Marker0]
Enabled=1
Position=0.2

[Channel0\Trace1]
ReferencePosition[0]=1

[Channel0\Trace1\Marker0]
Enabled=1
Position=0.2

[Channel0\Trace2]
SPort=0
FormatType=2

[Channel0\Trace2\Marker0]
Enabled=1
Position=0.2

[Channel0\Trace3]
SPort=0
FormatType=2

[Channel0\Trace3\Marker0]
Enabled=1
Position=0.2

