[NWA State]
TriggerSource=3

[Channel0]
Points=501
FrequencyStart=2000000000
FrequencyStop=7000000000
FixedPower[0]=1
FixedPower[1]=1
IFBW=1000
CorrectionEnabled=1
TraceCount=4

[Channel0\Correction\22]
Calyyyymmdd=2022/01/18
Calhhmmss=15:16:38
VNATemperature=36.9 °C
Type=3
KitLabel=ACM2509.2
KitDescription=AutoCal Module 20 kHz-9 GHz (CMT), SN: 19039185, Char: Factory, 23.3°C, ThermoComp: ON
CalIFBW=1 kHz
CalPower=1 dBm
CalPorts[0]=1
CalPorts[1]=0

[Channel0\Correction\22\Data]
2.00000000000E+09 -1.313544882E-01 +7.472894291E-01 -7.220632228E-02 +2.339542835E-01 -2.825182324E-01 +2.817712790E-02
2.01000000000E+09 +2.838647264E-01 +7.034768023E-01 +4.758834278E-02 +2.250964274E-01 -2.811586965E-01 +5.332999296E-02
2.02000000000E+09 +6.186989354E-01 +4.481634285E-01 +1.470066304E-01 +1.540685816E-01 -2.670033712E-01 +7.297041046E-02
2.03000000000E+09 +7.714549392E-01 +4.633336490E-02 +1.960471821E-01 +3.936386460E-02 -2.451176735E-01 +8.056076060E-02
2.04000000000E+09 +6.804739124E-01 -3.849612961E-01 +1.774519465E-01 -8.610120534E-02 -2.242018535E-01 +7.396610536E-02
2.05000000000E+09 +3.596727685E-01 -7.000252619E-01 +9.431772283E-02 -1.834163274E-01 -2.129427724E-01 +5.635932644E-02
2.06000000000E+09 -8.550988432E-02 -7.812290954E-01 -2.780900990E-02 -2.205525434E-01 -2.164159111E-01 +3.633253900E-02
2.07000000000E+09 -4.957166578E-01 -6.004992895E-01 -1.490582472E-01 -1.857821166E-01 -2.328609723E-01 +2.306966352E-02
2.08000000000E+09 -7.325965963E-01 -2.317187119E-01 -2.305581897E-01 -9.227819927E-02 -2.553082016E-01 +2.307863114E-02
2.09000000000E+09 -7.333921596E-01 +1.949964004E-01 -2.484430586E-01 +2.896830913E-02 -2.746147981E-01 +3.663270059E-02
2.10000000000E+09 -5.139533212E-01 +5.507065954E-01 -1.989855639E-01 +1.407485500E-01 -2.837389317E-01 +5.877241885E-02
2.11000000000E+09 -1.442524807E-01 +7.393721573E-01 -9.721948518E-02 +2.104746333E-01 -2.795315544E-01 +8.191415483E-02
2.12000000000E+09 +2.736085464E-01 +7.078778653E-01 +2.830075482E-02 +2.170690043E-01 -2.637376622E-01 +9.814095135E-02
2.13000000000E+09 +6.186444052E-01 +4.546493865E-01 +1.412022479E-01 +1.560459187E-01 -2.427117504E-01 +1.020403039E-01
2.14000000000E+09 +7.748271179E-01 +4.504571473E-02 +2.063703717E-01 +4.287088073E-02 -2.250442742E-01 +9.307749943E-02
2.15000000000E+09 +6.759296904E-01 -3.898187543E-01 +2.013852028E-01 -8.863400086E-02 -2.183871828E-01 +7.568590695E-02
2.16000000000E+09 +3.489303281E-01 -6.954840515E-01 +1.267868002E-01 -1.962902123E-01 -2.254103864E-01 +5.873987876E-02
2.17000000000E+09 -8.783842881E-02 -7.656683901E-01 +7.473466251E-03 -2.456935416E-01 -2.428292071E-01 +5.054470621E-02
2.18000000000E+09 -4.822899810E-01 -5.887279150E-01 -1.173131322E-01 -2.229246439E-01 -2.628442520E-01 +5.541135667E-02
2.19000000000E+09 -7.147520343E-01 -2.368581675E-01 -2.089221294E-01 -1.375971277E-01 -2.770486482E-01 +7.162948959E-02
2.20000000000E+09 -7.279834105E-01 +1.777421296E-01 -2.408204944E-01 -1.684018580E-02 -2.799567225E-01 +9.336681222E-02
2.21000000000E+09 -5.243168731E-01 +5.381991770E-01 -2.038292418E-01 +1.038630219E-01 -2.702553484E-01 +1.125547946E-01
2.22000000000E+09 -1.572104293E-01 +7.416225726E-01 -1.072196871E-01 +1.889735434E-01 -2.518669309E-01 +1.226744449E-01
2.23000000000E+09 +2.715506846E-01 +7.172706966E-01 +2.250284580E-02 +2.112708028E-01 -2.322047413E-01 +1.198871941E-01
2.24000000000E+09 +6.250608664E-01 +4.563221532E-01 +1.464894204E-01 +1.608382866E-01 -2.197079120E-01 +1.060468511E-01
2.25000000000E+09 +7.746434157E-01 +3.716770682E-02 +2.247702776E-01 +5.136539258E-02 -2.201876872E-01 +8.789391526E-02
2.26000000000E+09 +6.633507681E-01 -3.924490688E-01 +2.316371886E-01 -8.211319572E-02 -2.334669110E-01 +7.449319638E-02
2.27000000000E+09 +3.379611943E-01 -6.824299402E-01 +1.662849499E-01 -1.961367426E-01 -2.537163893E-01 +7.293031641E-02
2.28000000000E+09 -8.147093229E-02 -7.470596126E-01 +5.183839806E-02 -2.556405524E-01 -2.720750111E-01 +8.449616174E-02
2.29000000000E+09 -4.621140663E-01 -5.835512916E-01 -7.517391397E-02 -2.445794382E-01 -2.809327686E-01 +1.051045012E-01
2.30000000000E+09 -6.993602106E-01 -2.501049879E-01 -1.771020947E-01 -1.676309720E-01 -2.767381258E-01 +1.274511612E-01
2.31000000000E+09 -7.298379307E-01 +1.599987686E-01 -2.240154879E-01 -4.667686125E-02 -2.610163042E-01 +1.433877545E-01
2.32000000000E+09 -5.365393338E-01 +5.322260021E-01 -1.999256567E-01 +8.410170578E-02 -2.398096088E-01 +1.469808308E-01
2.33000000000E+09 -1.634973416E-01 +7.472205146E-01 -1.083753728E-01 +1.852836974E-01 -2.220901950E-01 +1.372067089E-01
2.34000000000E+09 +2.758643804E-01 +7.192149401E-01 +2.525463930E-02 +2.233171512E-01 -2.159544494E-01 +1.186858596E-01
2.35000000000E+09 +6.258440036E-01 +4.467055791E-01 +1.592211349E-01 +1.840054044E-01 -2.248116022E-01 +1.008874741E-01
2.36000000000E+09 +7.602539694E-01 +2.910760065E-02 +2.502459468E-01 +8.006229918E-02 -2.452730006E-01 +9.316191350E-02
2.37000000000E+09 +6.442305585E-01 -3.819545048E-01 +2.709615156E-01 -5.352798801E-02 -2.683063960E-01 +1.005283457E-01
2.38000000000E+09 +3.353304394E-01 -6.569883291E-01 +2.184861785E-01 -1.746651545E-01 -2.835266243E-01 +1.214588650E-01
2.39000000000E+09 -6.158745402E-02 -7.286759800E-01 +1.116428939E-01 -2.484527531E-01 -2.844684533E-01 +1.489699651E-01
2.40000000000E+09 -4.382578766E-01 -5.866802966E-01 -1.855823596E-02 -2.549818497E-01 -2.697888951E-01 +1.735696287E-01
2.41000000000E+09 -6.901838929E-01 -2.688948122E-01 -1.335531821E-01 -1.917004826E-01 -2.435997333E-01 +1.862574918E-01
2.42000000000E+09 -7.395577510E-01 +1.460903493E-01 -1.996785897E-01 -7.462728997E-02 -2.148256857E-01 +1.820650841E-01
2.43000000000E+09 -5.484353664E-01 +5.351311433E-01 -1.934830880E-01 +6.329499666E-02 -1.945930017E-01 +1.616752118E-01
2.44000000000E+09 -1.613826105E-01 +7.557166192E-01 -1.127012472E-01 +1.784347216E-01 -1.920938228E-01 +1.332803770E-01
2.45000000000E+09 +2.857508823E-01 +7.150349579E-01 +1.803670342E-02 +2.316522391E-01 -2.094106657E-01 +1.095548618E-01
2.46000000000E+09 +6.237866987E-01 +4.316038163E-01 +1.548357927E-01 +2.057298146E-01 -2.391656225E-01 +1.017148240E-01
2.47000000000E+09 +7.422022083E-01 +2.326625276E-02 +2.534470584E-01 +1.125007701E-01 -2.688177182E-01 +1.142530401E-01
2.48000000000E+09 +6.281775585E-01 -3.677741100E-01 +2.862560196E-01 -1.526385589E-02 -2.862719759E-01 +1.429322289E-01
2.49000000000E+09 +3.383360946E-01 -6.351130944E-01 +2.477279801E-01 -1.387630552E-01 -2.848613577E-01 +1.775470042E-01
2.50000000000E+09 -4.277710692E-02 -7.193321590E-01 +1.507195344E-01 -2.238126093E-01 -2.644143019E-01 +2.067000572E-01
2.51000000000E+09 -4.204428618E-01 -5.976902809E-01 +2.186431723E-02 -2.463323057E-01 -2.309784621E-01 +2.202122398E-01
2.52000000000E+09 -6.899988991E-01 -2.859672176E-01 -1.031484350E-01 -1.967385867E-01 -1.956145303E-01 +2.127898992E-01
2.53000000000E+09 -7.497282441E-01 +1.412860600E-01 -1.850809437E-01 -8.489541042E-02 -1.717654467E-01 +1.862653189E-01
2.54000000000E+09 -5.502062895E-01 +5.414737385E-01 -1.937092807E-01 +5.666498747E-02 -1.697963733E-01 +1.503828730E-01
2.55000000000E+09 -1.513558313E-01 +7.548949857E-01 -1.230123791E-01 +1.807044302E-01 -1.916693586E-01 +1.208092698E-01
2.56000000000E+09 +2.892527853E-01 +6.995807504E-01 +2.521072803E-03 +2.448524109E-01 -2.280983620E-01 +1.113563585E-01
2.57000000000E+09 +6.083541514E-01 +4.177402492E-01 +1.391826358E-01 +2.308984996E-01 -2.635829536E-01 +1.260663311E-01
2.58000000000E+09 +7.193705566E-01 +2.865801490E-02 +2.441183638E-01 +1.485871241E-01 -2.843401012E-01 +1.592836525E-01
2.59000000000E+09 +6.184508658E-01 -3.464300218E-01 +2.893926891E-01 +2.605322394E-02 -2.833193133E-01 +1.991983525E-01
2.60000000000E+09 +3.484645231E-01 -6.164289047E-01 +2.649544436E-01 -1.014944279E-01 -2.608889354E-01 +2.328226201E-01
2.61000000000E+09 -2.529103976E-02 -7.171840714E-01 +1.772887066E-01 -1.995291257E-01 -2.240173368E-01 +2.493904449E-01
2.62000000000E+09 -4.127990886E-01 -6.076754096E-01 +4.824106153E-02 -2.388585988E-01 -1.843360467E-01 +2.433299093E-01
2.63000000000E+09 -6.945085231E-01 -2.912743868E-01 -8.607178032E-02 -2.030152493E-01 -1.560866415E-01 +2.157888352E-01
2.64000000000E+09 -7.517086207E-01 +1.475823624E-01 -1.820186632E-01 -9.786369064E-02 -1.506777861E-01 +1.769287875E-01
2.65000000000E+09 -5.397802962E-01 +5.460897017E-01 -2.047116303E-01 +4.390993000E-02 -1.706103552E-01 +1.433837617E-01
2.66000000000E+09 -1.402712175E-01 +7.442775727E-01 -1.460070049E-01 +1.733888876E-01 -2.071120063E-01 +1.299848678E-01
2.67000000000E+09 +2.842550360E-01 +6.821557189E-01 -2.899816839E-02 +2.477115878E-01 -2.443699925E-01 +1.420854050E-01
2.68000000000E+09 +5.900293027E-01 +4.128755061E-01 +1.054954773E-01 +2.475414275E-01 -2.674294272E-01 +1.738033690E-01
2.69000000000E+09 +7.060580264E-01 +4.146388259E-02 +2.171277584E-01 +1.783124762E-01 -2.687861385E-01 +2.131147760E-01
2.70000000000E+09 +6.222280318E-01 -3.290526918E-01 +2.762325463E-01 +6.239983513E-02 -2.486722746E-01 +2.468553204E-01
2.71000000000E+09 +3.638227637E-01 -6.106003273E-01 +2.674571614E-01 -6.844597004E-02 -2.140184983E-01 +2.647899459E-01
2.72000000000E+09 -1.410991395E-02 -7.254687855E-01 +1.908495521E-01 -1.784564665E-01 -1.759816210E-01 +2.610742296E-01
2.73000000000E+09 -4.140118746E-01 -6.174750553E-01 +6.443544271E-02 -2.334751383E-01 -1.479927207E-01 +2.369641554E-01
2.74000000000E+09 -6.990581587E-01 -2.915121541E-01 -7.515618005E-02 -2.117338676E-01 -1.403550068E-01 +2.016141503E-01
2.75000000000E+09 -7.469850847E-01 +1.495764154E-01 -1.814560492E-01 -1.163928188E-01 -1.558475906E-01 +1.701961183E-01
2.76000000000E+09 -5.317065605E-01 +5.357455958E-01 -2.176719053E-01 +2.088052207E-02 -1.871179192E-01 +1.563895862E-01
2.77000000000E+09 -1.465663485E-01 +7.251413514E-01 -1.736841747E-01 +1.529328073E-01 -2.200162445E-01 +1.651791900E-01
2.78000000000E+09 +2.609784766E-01 +6.743556622E-01 -6.808943279E-02 +2.382022580E-01 -2.411827580E-01 +1.918161172E-01
2.79000000000E+09 +5.678681289E-01 +4.272504678E-01 +6.394071931E-02 +2.542555395E-01 -2.433945189E-01 +2.255419812E-01
2.80000000000E+09 +7.029790167E-01 +6.726324858E-02 +1.840919949E-01 +1.996096428E-01 -2.273032231E-01 +2.546722132E-01
2.81000000000E+09 +6.379792388E-01 -3.122451753E-01 +2.593609680E-01 +9.001464078E-02 -1.987623403E-01 +2.701744076E-01
2.82000000000E+09 +3.814693835E-01 -6.122391456E-01 +2.672526405E-01 -4.522023923E-02 -1.679280704E-01 +2.677017633E-01
2.83000000000E+09 -9.509835185E-03 -7.352298494E-01 +2.016664340E-01 -1.674580961E-01 -1.452314583E-01 +2.492357250E-01
2.84000000000E+09 -4.180622907E-01 -6.187273334E-01 +7.860574679E-02 -2.373418544E-01 -1.388534443E-01 +2.230197879E-01
2.85000000000E+09 -6.947936509E-01 -2.849300864E-01 -6.391479748E-02 -2.295317765E-01 -1.499558471E-01 +2.007398957E-01
2.86000000000E+09 -7.319428373E-01 +1.465946535E-01 -1.785471229E-01 -1.458373084E-01 -1.720126953E-01 +1.921133688E-01
2.87000000000E+09 -5.245407776E-01 +5.163516353E-01 -2.284016977E-01 -1.550892149E-02 -1.942307576E-01 +2.002367694E-01
2.88000000000E+09 -1.606329000E-01 +7.063686131E-01 -2.008211279E-01 +1.183660120E-01 -2.065353757E-01 +2.205659209E-01
2.89000000000E+09 +2.367176110E-01 +6.757873394E-01 -1.077564468E-01 +2.155318287E-01 -2.047281369E-01 +2.444473611E-01
2.90000000000E+09 +5.557745484E-01 +4.474215034E-01 +2.178318967E-02 +2.491719968E-01 -1.901397247E-01 +2.631003676E-01
2.91000000000E+09 +7.119811863E-01 +8.614671924E-02 +1.506392895E-01 +2.100124203E-01 -1.685811978E-01 +2.701468918E-01
2.92000000000E+09 +6.551690561E-01 -3.112772152E-01 +2.413538305E-01 +1.078147348E-01 -1.481088655E-01 +2.641980847E-01
2.93000000000E+09 +3.871675320E-01 -6.242143207E-01 +2.649101040E-01 -2.908524003E-02 -1.363294932E-01 +2.490335234E-01
2.94000000000E+09 -1.752717290E-02 -7.403609434E-01 +2.113331204E-01 -1.589404190E-01 -1.370272836E-01 +2.323572392E-01
2.95000000000E+09 -4.214774450E-01 -6.092335232E-01 +9.610335666E-02 -2.397159919E-01 -1.482066275E-01 +2.224215999E-01
2.96000000000E+09 -6.812021735E-01 -2.774053357E-01 -4.319057238E-02 -2.455639569E-01 -1.628042257E-01 +2.240985298E-01
2.97000000000E+09 -7.151362846E-01 +1.345262811E-01 -1.618948194E-01 -1.766656201E-01 -1.728282177E-01 +2.360797161E-01
2.98000000000E+09 -5.268148189E-01 +4.921429125E-01 -2.244516630E-01 -5.695726136E-02 -1.728793032E-01 +2.528371539E-01
2.99000000000E+09 -1.835622207E-01 +6.942310227E-01 -2.141636102E-01 +7.655895504E-02 -1.625067386E-01 +2.669474512E-01
3.00000000000E+09 +2.549026188E-01 +6.735396735E-01 -1.237060314E-01 +1.923873472E-01 -1.458103712E-01 +2.724790768E-01
3.01000000000E+09 +5.836792224E-01 +4.325536282E-01 +6.171655169E-03 +2.353823254E-01 -1.293631940E-01 +2.670065391E-01
3.02000000000E+09 +7.327861839E-01 +4.450422984E-02 +1.407793947E-01 +2.017126532E-01 -1.202888813E-01 +2.535134833E-01
3.03000000000E+09 +6.418136135E-01 -3.665839825E-01 +2.368948560E-01 +1.002339767E-01 -1.225815599E-01 +2.386319963E-01
3.04000000000E+09 +3.359863151E-01 -6.579137364E-01 +2.635682964E-01 -3.703878403E-02 -1.349936134E-01 +2.306985135E-01
3.05000000000E+09 -7.413651512E-02 -7.288969126E-01 +2.134703203E-01 -1.657468667E-01 -1.507563937E-01 +2.347868324E-01
3.06000000000E+09 -4.463756179E-01 -5.689927183E-01 +1.051654959E-01 -2.468101610E-01 -1.612037841E-01 +2.502603383E-01
3.07000000000E+09 -6.705412649E-01 -2.463867497E-01 -2.643639651E-02 -2.590775092E-01 -1.601217968E-01 +2.713808273E-01
3.08000000000E+09 -6.965408856E-01 +1.370762398E-01 -1.435804558E-01 -2.026307275E-01 -1.458798044E-01 +2.897237646E-01
3.09000000000E+09 -5.259719725E-01 +4.795722986E-01 -2.146414450E-01 -9.461753217E-02 -1.225590049E-01 +2.974577489E-01
3.10000000000E+09 -1.986533173E-01 +6.918962828E-01 -2.198188001E-01 +3.600602566E-02 -9.781890084E-02 +2.907153485E-01
3.11000000000E+09 +2.042044640E-01 +7.026803593E-01 -1.546986110E-01 +1.521188209E-01 -8.107498427E-02 +2.705428323E-01
3.12000000000E+09 +5.622967107E-01 +4.853250425E-01 -3.484019068E-02 +2.171824443E-01 -7.969251367E-02 +2.442075327E-01
3.13000000000E+09 +7.417488324E-01 +9.427209828E-02 +1.035044801E-01 +2.065844643E-01 -9.556111976E-02 +2.229131951E-01
3.14000000000E+09 +6.652594192E-01 -3.318693177E-01 +2.142564710E-01 +1.215643229E-01 -1.225360097E-01 +2.172409060E-01
3.15000000000E+09 +3.658086460E-01 -6.331786289E-01 +2.603353351E-01 -8.985194216E-03 -1.485292486E-01 +2.308193842E-01
3.16000000000E+09 -3.520672748E-02 -7.148955273E-01 +2.296323724E-01 -1.412796615E-01 -1.617304155E-01 +2.593017190E-01
3.17000000000E+09 -4.021853264E-01 -5.759799395E-01 +1.359758390E-01 -2.351938194E-01 -1.559935998E-01 +2.918843504E-01
3.18000000000E+09 -6.382456212E-01 -2.774072439E-01 +9.671044713E-03 -2.661859160E-01 -1.322985470E-01 +3.169545343E-01
3.19000000000E+09 -6.917722830E-01 +9.696957807E-02 -1.136414856E-01 -2.279147055E-01 -9.776803857E-02 +3.255198343E-01
3.20000000000E+09 -5.457573507E-01 +4.542160097E-01 -1.998473542E-01 -1.305705246E-01 -6.291665254E-02 +3.136758207E-01
3.21000000000E+09 -2.214369823E-01 +6.923379201E-01 -2.223612022E-01 +1.972863992E-05 -4.026924211E-02 +2.839998144E-01
3.22000000000E+09 +1.995262065E-01 +7.157158233E-01 -1.698121700E-01 +1.251771330E-01 -3.921939385E-02 +2.465051139E-01
3.23000000000E+09 +5.717911172E-01 +4.874746035E-01 -5.499781423E-02 +2.024744456E-01 -6.143708034E-02 +2.161801893E-01
3.24000000000E+09 +7.434496176E-01 +8.189477034E-02 +8.431332263E-02 +2.033547184E-01 -9.854588640E-02 +2.069452130E-01
3.25000000000E+09 +6.509271162E-01 -3.387126564E-01 +1.999365065E-01 +1.281507725E-01 -1.342354383E-01 +2.233823462E-01
3.26000000000E+09 +3.522956035E-01 -6.211671257E-01 +2.553365600E-01 +5.384552093E-03 -1.533903287E-01 +2.589746053E-01
3.27000000000E+09 -2.995923118E-02 -6.955709682E-01 +2.382133870E-01 -1.243873418E-01 -1.482052309E-01 +3.000297842E-01
3.28000000000E+09 -3.815185292E-01 -5.699810750E-01 +1.588400487E-01 -2.243161263E-01 -1.208541786E-01 +3.322669841E-01
3.29000000000E+09 -6.213212261E-01 -2.912407577E-01 +4.108147877E-02 -2.694791533E-01 -7.979929451E-02 +3.451618362E-01
3.30000000000E+09 -6.930586462E-01 +7.567048356E-02 -8.363146280E-02 -2.482182769E-01 -3.722567306E-02 +3.340946866E-01
3.31000000000E+09 -5.617135669E-01 +4.437032771E-01 -1.808609652E-01 -1.639253562E-01 -7.088350743E-03 +3.013041844E-01
3.32000000000E+09 -2.356351808E-01 +6.971930994E-01 -2.191101011E-01 -3.774296709E-02 -5.520741134E-04 +2.571178893E-01
3.33000000000E+09 +1.967647704E-01 +7.235106293E-01 -1.811191499E-01 +9.168908873E-02 -2.137664186E-02 +2.179909606E-01
3.34000000000E+09 +5.715627864E-01 +4.879522905E-01 -7.634907973E-02 +1.790332562E-01 -6.181805576E-02 +2.001656523E-01
3.35000000000E+09 +7.359375994E-01 +8.273735450E-02 +5.869883046E-02 +1.932940577E-01 -1.047745641E-01 +2.112076067E-01
3.36000000000E+09 +6.433758033E-01 -3.262708002E-01 +1.772068217E-01 +1.324524115E-01 -1.320199951E-01 +2.459235197E-01
3.37000000000E+09 +3.585820718E-01 -6.022662435E-01 +2.431051771E-01 +2.086326320E-02 -1.338213495E-01 +2.897671639E-01
3.38000000000E+09 -8.910710021E-03 -6.864739286E-01 +2.415959559E-01 -1.055078779E-01 -1.109565993E-01 +3.275386575E-01
3.39000000000E+09 -3.596968966E-01 -5.798464644E-01 +1.771506925E-01 -2.119230474E-01 -7.163063958E-02 +3.469573225E-01
3.40000000000E+09 -6.138184993E-01 -3.132798949E-01 +6.787069844E-02 -2.709426960E-01 -2.782647229E-02 +3.427263467E-01
3.41000000000E+09 -7.022023897E-01 +5.712468544E-02 -5.766462647E-02 -2.655648837E-01 +6.898855973E-03 +3.158587504E-01
3.42000000000E+09 -5.765015496E-01 +4.378921401E-01 -1.637938186E-01 -1.935387648E-01 +2.126702934E-02 +2.751886339E-01
3.43000000000E+09 -2.450628247E-01 +6.988751431E-01 -2.152793778E-01 -7.305402730E-02 +9.810701525E-03 +2.344846571E-01
3.44000000000E+09 +1.898132581E-01 +7.237442419E-01 -1.913337693E-01 +5.769120995E-02 -2.282399865E-02 +2.097283403E-01
3.45000000000E+09 +5.600008155E-01 +4.896333855E-01 -9.828493260E-02 +1.533880712E-01 -6.239081633E-02 +2.104645551E-01
3.46000000000E+09 +7.233508978E-01 +9.709073940E-02 +3.004262686E-02 +1.815390287E-01 -9.238787998E-02 +2.348401052E-01
3.47000000000E+09 +6.451767221E-01 -3.017286222E-01 +1.506195092E-01 +1.370954693E-01 -1.015333876E-01 +2.719518380E-01
3.48000000000E+09 +3.797639580E-01 -5.849206004E-01 +2.280626847E-01 +3.837183253E-02 -8.827597613E-02 +3.070387213E-01
3.49000000000E+09 +1.904338541E-02 -6.895914172E-01 +2.433716793E-01 -8.391893070E-02 -5.840402072E-02 +3.287739552E-01
3.50000000000E+09 -3.427126719E-01 -6.003908433E-01 +1.945652843E-01 -1.959401534E-01 -2.190700596E-02 +3.312186586E-01
3.51000000000E+09 -6.148063838E-01 -3.362783501E-01 +9.487287807E-02 -2.672089802E-01 +9.643614930E-03 +3.147770708E-01
3.52000000000E+09 -7.134846576E-01 +4.420258979E-02 -2.884644253E-02 -2.759818853E-01 +2.651052567E-02 +2.848642047E-01
3.53000000000E+09 -5.861124119E-01 +4.332667699E-01 -1.398634013E-01 -2.162133770E-01 +2.402707760E-02 +2.521182916E-01
3.54000000000E+09 -2.532295723E-01 +6.931610283E-01 -2.012183267E-01 -1.039843791E-01 +4.458838576E-03 +2.285142294E-01
3.55000000000E+09 +1.733600830E-01 +7.181680915E-01 -1.908342770E-01 +2.449414365E-02 -2.328652971E-02 +2.224365492E-01
3.56000000000E+09 +5.353650243E-01 +4.991337216E-01 -1.119890772E-01 +1.261048249E-01 -4.740040716E-02 +2.346437311E-01
3.57000000000E+09 +7.096622724E-01 +1.255948105E-01 +7.925807760E-03 +1.686364918E-01 -5.880234363E-02 +2.586409869E-01
3.58000000000E+09 +6.561811584E-01 -2.699913064E-01 +1.303366356E-01 +1.417377624E-01 -5.440406326E-02 +2.840284283E-01
3.59000000000E+09 +4.093730295E-01 -5.703638962E-01 +2.195013832E-01 +5.633196755E-02 -3.697448913E-02 +3.022005678E-01
3.60000000000E+09 +4.757361363E-02 -6.984894165E-01 +2.514773985E-01 -6.147798156E-02 -1.326305768E-02 +3.083222328E-01
3.61000000000E+09 -3.301139637E-01 -6.214426809E-01 +2.180094424E-01 -1.781186994E-01 +9.097193647E-03 +3.015784890E-01
3.62000000000E+09 -6.164630165E-01 -3.537837830E-01 +1.282561547E-01 -2.598428980E-01 +2.364024060E-02 +2.855051940E-01
3.63000000000E+09 -7.179973234E-01 +3.406770328E-02 +8.140603751E-03 -2.813321935E-01 +2.762139987E-02 +2.658558109E-01
3.64000000000E+09 -5.898708939E-01 +4.221278549E-01 -1.054468857E-01 -2.344133725E-01 +2.165677912E-02 +2.498978156E-01
3.65000000000E+09 -2.651670880E-01 +6.781246050E-01 -1.759850503E-01 -1.327206177E-01 +1.017550615E-02 +2.423002387E-01
3.66000000000E+09 +1.468968861E-01 +7.119895583E-01 -1.804215219E-01 -8.711302491E-03 -1.370317949E-03 +2.437605219E-01
3.67000000000E+09 +5.069538777E-01 +5.159758012E-01 -1.179159337E-01 +9.818145621E-02 -8.477616852E-03 +2.515708758E-01
3.68000000000E+09 +7.009474962E-01 +1.608371937E-01 -9.027312480E-03 +1.554211990E-01 -9.259727844E-03 +2.613984028E-01
3.69000000000E+09 +6.748319760E-01 -2.383835309E-01 +1.125451454E-01 +1.470506735E-01 -4.403007348E-03 +2.693024132E-01
3.70000000000E+09 +4.419458811E-01 -5.604071628E-01 +2.106156578E-01 +7.703553296E-02 +3.097875514E-03 +2.730588729E-01
3.71000000000E+09 +7.417100727E-02 -7.095469488E-01 +2.566096741E-01 -3.285790473E-02 +1.055605788E-02 +2.726779628E-01
3.72000000000E+09 -3.173440551E-01 -6.397900065E-01 +2.373086239E-01 -1.494021043E-01 +1.615614196E-02 +2.696189280E-01
3.73000000000E+09 -6.116396819E-01 -3.704415838E-01 +1.589519409E-01 -2.370460029E-01 +2.000838512E-02 +2.662975302E-01
3.74000000000E+09 -7.153656609E-01 +1.543445500E-02 +4.570699611E-02 -2.688653584E-01 +2.306048989E-02 +2.639954212E-01
3.75000000000E+09 -5.955094008E-01 +3.968680600E-01 -6.745150993E-02 -2.349637943E-01 +2.637643358E-02 +2.628077946E-01
3.76000000000E+09 -2.899603148E-01 +6.545208975E-01 -1.458142244E-01 -1.455393079E-01 +3.025623517E-02 +2.611416346E-01
3.77000000000E+09 +1.064002219E-01 +7.090610767E-01 -1.654601137E-01 -2.747237254E-02 +3.385617434E-02 +2.579513421E-01
3.78000000000E+09 +4.717784944E-01 +5.426431331E-01 -1.203059238E-01 +8.379169844E-02 +3.599346880E-02 +2.529740044E-01
3.79000000000E+09 +6.918574430E-01 +2.038150125E-01 -2.372051871E-02 +1.550421524E-01 +3.512203030E-02 +2.473237208E-01
3.80000000000E+09 +6.937341518E-01 -2.029614173E-01 +9.515717975E-02 +1.648096940E-01 +3.056980545E-02 +2.428478251E-01
3.81000000000E+09 +4.728059830E-01 -5.466460928E-01 +1.998076817E-01 +1.103560654E-01 +2.391109762E-02 +2.420481625E-01
3.82000000000E+09 +1.006495647E-01 -7.134674486E-01 +2.578136020E-01 +9.395195748E-03 +1.827566880E-02 +2.464110701E-01
3.83000000000E+09 -2.990596524E-01 -6.509565349E-01 +2.518251164E-01 -1.054721856E-01 +1.715429797E-02 +2.555461743E-01
3.84000000000E+09 -5.976955273E-01 -3.854839387E-01 +1.851196956E-01 -1.981133667E-01 +2.274180800E-02 +2.660828468E-01
3.85000000000E+09 -7.070723575E-01 -6.489015758E-03 +7.936319944E-02 -2.405152423E-01 +3.481109311E-02 +2.736143107E-01
3.86000000000E+09 -6.010335156E-01 +3.699563599E-01 -3.323706095E-02 -2.206386391E-01 +5.074361976E-02 +2.742376720E-01
3.87000000000E+09 -3.134134547E-01 +6.348954741E-01 -1.195533866E-01 -1.445242190E-01 +6.564182989E-02 +2.665078672E-01
3.88000000000E+09 +7.439837303E-02 +7.093644676E-01 -1.543305117E-01 -3.413625929E-02 +7.485106233E-02 +2.517125562E-01
3.89000000000E+09 +4.485616867E-01 +5.634628213E-01 -1.268295056E-01 +7.841850019E-02 +7.458574623E-02 +2.334991485E-01
3.90000000000E+09 +6.884532801E-01 +2.319567095E-01 -4.469365781E-02 +1.593625743E-01 +6.448961716E-02 +2.178960781E-01
3.91000000000E+09 +7.067316294E-01 -1.822967068E-01 +6.672137449E-02 +1.832927962E-01 +4.776463437E-02 +2.106971256E-01
3.92000000000E+09 +4.912867631E-01 -5.382077581E-01 +1.713343539E-01 +1.429980605E-01 +3.055188365E-02 +2.151731539E-01
3.93000000000E+09 +1.181628323E-01 -7.132029214E-01 +2.352690959E-01 +5.298845821E-02 +1.984164199E-02 +2.299569219E-01
3.94000000000E+09 -2.823555707E-01 -6.566546518E-01 +2.390187365E-01 -5.623771451E-02 +2.031998742E-02 +2.496270796E-01
3.95000000000E+09 -5.832108495E-01 -3.998590611E-01 +1.832471310E-01 -1.499077639E-01 +3.254266370E-02 +2.666265498E-01
3.96000000000E+09 -7.016921247E-01 -2.999382893E-02 +8.587333882E-02 -2.000932233E-01 +5.282218511E-02 +2.748075564E-01
3.97000000000E+09 -6.117145350E-01 +3.445197360E-01 -2.429506902E-02 -1.926001918E-01 +7.466201620E-02 +2.712263247E-01
3.98000000000E+09 -3.388146443E-01 +6.198689476E-01 -1.160226491E-01 -1.295525586E-01 +9.129622303E-02 +2.561552229E-01
3.99000000000E+09 +4.466247529E-02 +7.128196222E-01 -1.627908675E-01 -2.810022975E-02 +9.748326442E-02 +2.340649099E-01
4.00000000000E+09 +4.273717467E-01 +5.829344952E-01 -1.499927666E-01 +8.255700690E-02 +9.093169775E-02 +2.120837781E-01
4.01000000000E+09 +6.821312363E-01 +2.582221367E-01 -8.070595021E-02 +1.683806234E-01 +7.384391521E-02 +1.979485614E-01
4.02000000000E+09 +7.140129490E-01 -1.585212753E-01 +2.299070217E-02 +2.017505473E-01 +5.276438540E-02 +1.969042417E-01
4.03000000000E+09 +5.078138459E-01 -5.215208826E-01 +1.265228848E-01 +1.720591937E-01 +3.574067060E-02 +2.089588786E-01
4.04000000000E+09 +1.402770456E-01 -7.069070929E-01 +1.956615817E-01 +9.033511329E-02 +2.949935816E-02 +2.293173726E-01
4.05000000000E+09 -2.600031268E-01 -6.631025909E-01 +2.088527689E-01 -1.586502015E-02 +3.643451875E-02 +2.501114971E-01
4.06000000000E+09 -5.681503892E-01 -4.180033422E-01 +1.633252463E-01 -1.132209097E-01 +5.404795247E-02 +2.640284503E-01
4.07000000000E+09 -7.002163195E-01 -5.342860563E-02 +7.358684256E-02 -1.732040317E-01 +7.642755173E-02 +2.663967324E-01
4.08000000000E+09 -6.236800976E-01 +3.256082704E-01 -3.448809781E-02 -1.791763249E-01 +9.670176505E-02 +2.564108838E-01
4.09000000000E+09 -3.585907866E-01 +6.118296021E-01 -1.303026336E-01 -1.296794708E-01 +1.091084141E-01 +2.372056066E-01
4.10000000000E+09 +2.458169432E-02 +7.166491053E-01 -1.864256575E-01 -3.883763340E-02 +1.097525846E-01 +2.148771354E-01
4.11000000000E+09 +4.115168195E-01 +5.963489051E-01 -1.859895854E-01 +6.633406641E-02 +9.885631071E-02 +1.963304622E-01
4.12000000000E+09 +6.738972996E-01 +2.788337830E-01 -1.292306579E-01 +1.529037969E-01 +8.060209734E-02 +1.875481949E-01
4.13000000000E+09 +7.175414788E-01 -1.335825087E-01 -3.496436943E-02 +1.929410425E-01 +6.184537150E-02 +1.909467623E-01
4.14000000000E+09 +5.269762474E-01 -4.997433030E-01 +6.536526720E-02 +1.736438097E-01 +4.918606537E-02 +2.043947734E-01
4.15000000000E+09 +1.722308590E-01 -6.991049458E-01 +1.390107763E-01 +1.018946208E-01 +4.686291057E-02 +2.223071468E-01
4.16000000000E+09 -2.267015794E-01 -6.764270229E-01 +1.631291862E-01 +8.622476192E-04 +5.507898391E-02 +2.382919007E-01
4.17000000000E+09 -5.476177975E-01 -4.492765209E-01 +1.310942314E-01 -9.889278438E-02 +7.059705129E-02 +2.471954406E-01
4.18000000000E+09 -7.000860387E-01 -9.075556113E-02 +5.265016979E-02 -1.686004607E-01 +8.838847684E-02 +2.468473497E-01
4.19000000000E+09 -6.430177909E-01 +2.941740219E-01 -4.951018641E-02 -1.889523790E-01 +1.035213144E-01 +2.375966146E-01
4.20000000000E+09 -3.907591714E-01 +5.943602265E-01 -1.462840399E-01 -1.547813696E-01 +1.117455628E-01 +2.226829125E-01
4.21000000000E+09 -1.261887238E-02 +7.165097181E-01 -2.094764157E-01 -7.634318836E-02 +1.116180679E-01 +2.067082166E-01
4.22000000000E+09 +3.777192406E-01 +6.148555931E-01 -2.199643471E-01 +2.217774266E-02 +1.039535303E-01 +1.939966025E-01
4.23000000000E+09 +6.534727109E-01 +3.140103886E-01 -1.747209068E-01 +1.094987724E-01 +9.151208270E-02 +1.878586453E-01
4.24000000000E+09 +7.204011462E-01 -9.072607318E-02 -8.816267536E-02 +1.570687848E-01 +7.893651524E-02 +1.890721228E-01
4.25000000000E+09 +5.551919208E-01 -4.655177409E-01 +1.170679691E-02 +1.490828743E-01 +6.998882443E-02 +1.963774684E-01
4.26000000000E+09 +2.147899314E-01 -6.881703055E-01 +9.299437277E-02 +8.773892195E-02 +6.722383474E-02 +2.069422122E-01
4.27000000000E+09 -1.877315447E-01 -6.915830089E-01 +1.306571546E-01 -8.147986109E-03 +7.101520651E-02 +2.173778927E-01
4.28000000000E+09 -5.258837948E-01 -4.812951863E-01 +1.138666120E-01 -1.098637130E-01 +7.993567855E-02 +2.249633799E-01
4.29000000000E+09 -6.991389831E-01 -1.265950901E-01 +4.849764857E-02 -1.877753010E-01 +9.140868695E-02 +2.274618677E-01
4.30000000000E+09 -6.585761857E-01 +2.643432300E-01 -4.539101562E-02 -2.202904060E-01 +1.030059010E-01 +2.244959373E-01
4.31000000000E+09 -4.173524821E-01 +5.751444100E-01 -1.396785980E-01 -1.992914213E-01 +1.119114281E-01 +2.165623520E-01
4.32000000000E+09 -4.583548988E-02 +7.116680738E-01 -2.062418039E-01 -1.323581368E-01 +1.163183754E-01 +2.056761083E-01
4.33000000000E+09 +3.445089180E-01 +6.286454488E-01 -2.249116365E-01 -4.077992588E-02 +1.151266905E-01 +1.938247605E-01
4.34000000000E+09 +6.321663380E-01 +3.463215531E-01 -1.894888592E-01 +4.652915450E-02 +1.090725368E-01 +1.835181136E-01
4.35000000000E+09 +7.220251499E-01 -5.044384286E-02 -1.103803026E-01 +1.014029134E-01 +9.953337953E-02 +1.776019264E-01
4.36000000000E+09 +5.800222872E-01 -4.344044158E-01 -1.160320815E-02 +1.054000914E-01 +8.921127674E-02 +1.775344331E-01
4.37000000000E+09 +2.511634000E-01 -6.786739126E-01 +7.609994176E-02 +5.624625032E-02 +8.103180676E-02 +1.835355982E-01
4.38000000000E+09 -1.557004456E-01 -7.040221779E-01 +1.261419803E-01 -3.124476013E-02 +7.756195164E-02 +1.939766675E-01
4.39000000000E+09 -5.076303453E-01 -5.063008669E-01 +1.242193812E-01 -1.303081339E-01 +8.074013980E-02 +2.056964498E-01
4.40000000000E+09 -6.955208577E-01 -1.543079635E-01 +7.305341260E-02 -2.113440163E-01 +9.015726628E-02 +2.147538864E-01
4.41000000000E+09 -6.673624183E-01 +2.392380637E-01 -9.791551691E-03 -2.514832176E-01 +1.036251522E-01 +2.178870767E-01
4.42000000000E+09 -4.373560790E-01 +5.566097801E-01 -9.809354860E-02 -2.408060100E-01 +1.176168815E-01 +2.128732926E-01
4.43000000000E+09 -7.508485490E-02 +7.056478757E-01 -1.648428324E-01 -1.842233165E-01 +1.281154310E-01 +2.003534367E-01
4.44000000000E+09 +3.143230605E-01 +6.408604215E-01 -1.893594455E-01 -9.949016117E-02 +1.318335596E-01 +1.828389491E-01
4.45000000000E+09 +6.136736412E-01 +3.751530549E-01 -1.631280220E-01 -1.264416678E-02 +1.266945524E-01 +1.652144148E-01
4.46000000000E+09 +7.242582923E-01 -1.600706667E-02 -9.241484437E-02 +4.888774896E-02 +1.135334420E-01 +1.529519962E-01
4.47000000000E+09 +6.020056495E-01 -4.086794275E-01 +2.255232668E-03 +6.493743405E-02 +9.604187621E-02 +1.502945662E-01
4.48000000000E+09 +2.825382497E-01 -6.706692515E-01 +9.198966780E-02 +2.975982668E-02 +8.010763289E-02 +1.585367001E-01
4.49000000000E+09 -1.266617077E-01 -7.132271483E-01 +1.496094948E-01 -4.527928980E-02 +7.113388455E-02 +1.751055614E-01
4.50000000000E+09 -4.880474390E-01 -5.270662961E-01 +1.588572328E-01 -1.358712398E-01 +7.294292530E-02 +1.942724571E-01
4.51000000000E+09 -6.884231185E-01 -1.813242641E-01 +1.197354096E-01 -2.135067168E-01 +8.508408403E-02 +2.091319960E-01
4.52000000000E+09 -6.747946935E-01 +2.116388600E-01 +4.708421479E-02 -2.550936515E-01 +1.042181682E-01 +2.142561269E-01
4.53000000000E+09 -4.591498043E-01 +5.356990729E-01 -3.518994291E-02 -2.491650777E-01 +1.241247390E-01 +2.074033865E-01
4.54000000000E+09 -1.058800393E-01 +6.995419818E-01 -1.015444825E-01 -1.980522209E-01 +1.386176475E-01 +1.900519994E-01
4.55000000000E+09 +2.849282098E-01 +6.532426028E-01 -1.309116421E-01 -1.164254902E-01 +1.424464204E-01 +1.673890325E-01
4.56000000000E+09 +5.966034318E-01 +4.021000314E-01 -1.126191602E-01 -2.811067250E-02 +1.337929994E-01 +1.463047172E-01
4.57000000000E+09 +7.254516770E-01 +1.561364688E-02 -5.008121244E-02 +4.031537885E-02 +1.151190706E-01 +1.341775337E-01
4.58000000000E+09 +6.198067491E-01 -3.831744203E-01 +3.886000955E-02 +6.756890285E-02 +9.295353440E-02 +1.352002644E-01
4.59000000000E+09 +3.104596631E-01 -6.580811553E-01 +1.271834798E-01 +4.583615794E-02 +7.530552077E-02 +1.488512358E-01
4.60000000000E+09 -9.592234938E-02 -7.164909599E-01 +1.880364444E-01 -1.625353901E-02 +6.854927616E-02 +1.700468674E-01
4.61000000000E+09 -4.626798961E-01 -5.470190149E-01 +2.043863494E-01 -9.691244496E-02 +7.528406497E-02 +1.905181741E-01
4.62000000000E+09 -6.774844046E-01 -2.138822359E-01 +1.741274445E-01 -1.695427148E-01 +9.322807753E-02 +2.025612361E-01
4.63000000000E+09 -6.840148641E-01 +1.767269156E-01 +1.089064716E-01 -2.114438663E-01 +1.157811797E-01 +2.020333942E-01
4.64000000000E+09 -4.869003426E-01 +5.114944910E-01 +2.995161083E-02 -2.098650302E-01 +1.351749640E-01 +1.889764889E-01
4.65000000000E+09 -1.420954080E-01 +6.956398077E-01 -3.857902107E-02 -1.643539482E-01 +1.444955901E-01 +1.673934001E-01
4.66000000000E+09 +2.538000081E-01 +6.698890692E-01 -7.519146901E-02 -8.661927322E-02 +1.405979905E-01 +1.444347498E-01
4.67000000000E+09 +5.801615981E-01 +4.313860005E-01 -6.734106179E-02 +1.485167740E-03 +1.245111120E-01 +1.280501368E-01
4.68000000000E+09 +7.258894660E-01 +4.725959223E-02 -1.597202689E-02 +7.389498395E-02 +1.019407880E-01 +1.241186233E-01
4.69000000000E+09 +6.347630982E-01 -3.567987972E-01 +6.328468621E-02 +1.089109569E-01 +8.130892175E-02 +1.335664297E-01
4.70000000000E+09 +3.363226427E-01 -6.425503221E-01 +1.450381612E-01 +9.717102787E-02 +7.010881651E-02 +1.526888227E-01
4.71000000000E+09 -6.471428671E-02 -7.169237300E-01 +2.033867742E-01 +4.531615334E-02 +7.257137282E-02 +1.734316737E-01
4.72000000000E+09 -4.361811756E-01 -5.652056576E-01 +2.209148680E-01 -2.745656453E-02 +8.712579915E-02 +1.880816332E-01
4.73000000000E+09 -6.664129107E-01 -2.437750811E-01 +1.935332610E-01 -9.642004427E-02 +1.077943313E-01 +1.916149772E-01
4.74000000000E+09 -6.927000088E-01 +1.478660135E-01 +1.303963227E-01 -1.390501075E-01 +1.268349738E-01 +1.829909040E-01
4.75000000000E+09 -5.090166736E-01 +4.958004650E-01 +5.057317509E-02 -1.411003910E-01 +1.378841817E-01 +1.656450314E-01
4.76000000000E+09 -1.654996702E-01 +6.960456502E-01 -2.219949003E-02 -9.989750246E-02 +1.368928158E-01 +1.456996159E-01
4.77000000000E+09 +2.378578783E-01 +6.805925532E-01 -6.571679060E-02 -2.566755428E-02 +1.246215009E-01 +1.307579654E-01
4.78000000000E+09 +5.725195252E-01 +4.447029717E-01 -6.636026814E-02 +6.058885273E-02 +1.060454121E-01 +1.256751538E-01
4.79000000000E+09 +7.235125145E-01 +6.076013415E-02 -2.413895771E-02 +1.330122674E-01 +8.877668948E-02 +1.322505370E-01
4.80000000000E+09 +6.361846473E-01 -3.459687518E-01 +4.762469330E-02 +1.702865576E-01 +7.926779028E-02 +1.466889838E-01
4.81000000000E+09 +3.463992074E-01 -6.313277609E-01 +1.220300674E-01 +1.623324016E-01 +8.110552068E-02 +1.628344610E-01
4.82000000000E+09 -4.637936406E-02 -7.139037632E-01 +1.760015159E-01 +1.150129575E-01 +9.300361036E-02 +1.741185536E-01
4.83000000000E+09 -4.186633868E-01 -5.760923319E-01 +1.923187203E-01 +4.535128113E-02 +1.094200712E-01 +1.762778825E-01
4.84000000000E+09 -6.606601364E-01 -2.641770525E-01 +1.655056632E-01 -2.368710237E-02 +1.237923175E-01 +1.689036311E-01
4.85000000000E+09 -7.017568410E-01 +1.294107306E-01 +1.025301662E-01 -6.999118624E-02 +1.308810666E-01 +1.552855659E-01
4.86000000000E+09 -5.258350991E-01 +4.878195596E-01 +2.084021956E-02 -7.798987265E-02 +1.280119685E-01 +1.408766066E-01
4.87000000000E+09 -1.809304933E-01 +6.978671297E-01 -5.617374050E-02 -4.353848701E-02 +1.169408481E-01 +1.312936143E-01
4.88000000000E+09 +2.264946595E-01 +6.867797532E-01 -1.059605082E-01 +2.420195442E-02 +1.030041505E-01 +1.304220862E-01
4.89000000000E+09 +5.628747298E-01 +4.541603067E-01 -1.145171248E-01 +1.048814034E-01 +9.229332918E-02 +1.376481789E-01
4.90000000000E+09 +7.168915245E-01 +7.709888808E-02 -8.140546399E-02 +1.737782432E-01 +8.990004717E-02 +1.493763626E-01
4.91000000000E+09 +6.424691291E-01 -3.196327016E-01 -1.974180961E-02 +2.103447407E-01 +9.657421287E-02 +1.597656292E-01
4.92000000000E+09 +3.692127650E-01 -6.115688096E-01 +4.880201171E-02 +2.047302206E-01 +1.090737492E-01 +1.638153025E-01
4.93000000000E+09 -1.490293422E-02 -7.129569413E-01 +1.012438870E-01 +1.600387257E-01 +1.217487994E-01 +1.592445995E-01
4.94000000000E+09 -3.943864900E-01 -5.953597574E-01 +1.199283264E-01 +9.078834134E-02 +1.292887158E-01 +1.478949329E-01
4.95000000000E+09 -6.550215138E-01 -2.920614586E-01 +9.725758667E-02 +1.832099956E-02 +1.274606218E-01 +1.341611653E-01
4.96000000000E+09 -7.126536607E-01 +1.080047233E-01 +3.799280645E-02 -3.486986966E-02 +1.169708609E-01 +1.239726427E-01
4.97000000000E+09 -5.418775378E-01 +4.788763097E-01 -4.159528614E-02 -5.187642597E-02 +1.017984000E-01 +1.216681702E-01
4.98000000000E+09 -1.944880750E-01 +6.968200214E-01 -1.181546173E-01 -2.746427178E-02 +8.897394618E-02 +1.290020364E-01
4.99000000000E+09 +2.145563769E-01 +6.885513594E-01 -1.692351522E-01 +2.983295198E-02 +8.407034300E-02 +1.426867488E-01
5.00000000000E+09 +5.497949599E-01 +4.607162450E-01 -1.810896509E-01 +1.005884221E-01 +8.999039413E-02 +1.565070668E-01
5.01000000000E+09 +7.068656022E-01 +9.216805126E-02 -1.529589631E-01 +1.614521791E-01 +1.044859779E-01 +1.643778898E-01
5.02000000000E+09 +6.438067793E-01 -2.995489316E-01 -9.654550007E-02 +1.930506469E-01 +1.214478004E-01 +1.619020358E-01
5.03000000000E+09 +3.838452211E-01 -5.976397229E-01 -3.148668800E-02 +1.854472948E-01 +1.338613917E-01 +1.493271214E-01
5.04000000000E+09 +3.565232892E-03 -7.132880526E-01 +2.050371505E-02 +1.401567883E-01 +1.358936043E-01 +1.309459542E-01
5.05000000000E+09 -3.843422719E-01 -6.063289726E-01 +4.139036339E-02 +6.979484738E-02 +1.252397454E-01 +1.138953196E-01
5.06000000000E+09 -6.558980660E-01 -3.017062598E-01 +2.241991918E-02 -4.937565775E-03 +1.053712903E-01 +1.055172633E-01
5.07000000000E+09 -7.160254916E-01 +1.060413003E-01 -3.242371514E-02 -6.121256372E-02 +8.373530514E-02 +1.105598882E-01
5.08000000000E+09 -5.402588425E-01 +4.794025225E-01 -1.068166962E-01 -8.200208829E-02 +6.938079660E-02 +1.277148316E-01
5.09000000000E+09 -1.905759095E-01 +6.917153174E-01 -1.776231361E-01 -6.241245239E-02 +6.906848783E-02 +1.510295428E-01
5.10000000000E+09 +2.118715023E-01 +6.786766766E-01 -2.233401558E-01 -1.138660308E-02 +8.364339402E-02 +1.710526723E-01
5.11000000000E+09 +5.383418185E-01 +4.551956249E-01 -2.314303767E-01 +5.245333800E-02 +1.079810793E-01 +1.794790910E-01
5.12000000000E+09 +6.949846138E-01 +9.736757280E-02 -2.012968055E-01 +1.074255066E-01 +1.331490204E-01 +1.725364518E-01
5.13000000000E+09 +6.407546172E-01 -2.882524360E-01 -1.434851344E-01 +1.354466226E-01 +1.499527174E-01 +1.518668313E-01
5.14000000000E+09 +3.894704484E-01 -5.903687522E-01 -7.600217446E-02 +1.261251555E-01 +1.510942310E-01 +1.239893843E-01
5.15000000000E+09 +8.986817693E-03 -7.136275178E-01 -2.002926025E-02 +7.982195016E-02 +1.349761747E-01 +9.941692012E-02
5.16000000000E+09 -3.847167193E-01 -6.079598141E-01 +5.978605576E-03 +8.278619504E-03 +1.069058802E-01 +8.751994058E-02
5.17000000000E+09 -6.577370840E-01 -2.980733085E-01 -7.338647269E-03 -6.759418562E-02 +7.716396289E-02 +9.456622675E-02
5.18000000000E+09 -7.114424095E-01 +1.120545847E-01 -5.584999271E-02 -1.248218993E-01 +5.765657356E-02 +1.181294930E-01
5.19000000000E+09 -5.299857962E-01 +4.786821709E-01 -1.229773958E-01 -1.469361902E-01 +5.664898307E-02 +1.494879464E-01
5.20000000000E+09 -1.839935424E-01 +6.815348988E-01 -1.861190591E-01 -1.298154009E-01 +7.465535973E-02 +1.763886152E-01
5.21000000000E+09 +2.078309204E-01 +6.666718423E-01 -2.251078399E-01 -8.243918032E-02 +1.048467373E-01 +1.885489807E-01
5.22000000000E+09 +5.277887845E-01 +4.512824957E-01 -2.285032444E-01 -2.219920054E-02 +1.362740361E-01 +1.810322370E-01
5.23000000000E+09 +6.879845665E-01 +1.020680057E-01 -1.953055209E-01 +3.083602128E-02 +1.576330749E-01 +1.561958814E-01
5.24000000000E+09 +6.411002055E-01 -2.833129950E-01 -1.345245539E-01 +5.884306747E-02 +1.606415903E-01 +1.222617993E-01
5.25000000000E+09 +3.911791892E-01 -5.909069858E-01 -6.343822051E-02 +5.084513508E-02 +1.431434688E-01 +9.164458262E-02
5.26000000000E+09 +5.738300558E-03 -7.159206740E-01 -3.212056407E-03 +6.512778933E-03 +1.110259232E-01 +7.627278192E-02
5.27000000000E+09 -3.907389869E-01 -6.046019968E-01 +2.733780178E-02 -6.237220256E-02 +7.617987089E-02 +8.283541715E-02
5.28000000000E+09 -6.576575834E-01 -2.892682237E-01 +1.915751389E-02 -1.347619183E-01 +5.250086288E-02 +1.095061710E-01
5.29000000000E+09 -7.023293916E-01 +1.169480065E-01 -2.312708329E-02 -1.882516882E-01 +4.941726885E-02 +1.459232963E-01
5.30000000000E+09 -5.201644249E-01 +4.730164256E-01 -8.312391181E-02 -2.074763094E-01 +6.789394957E-02 +1.776581498E-01
5.31000000000E+09 -1.836051275E-01 +6.701377208E-01 -1.396592003E-01 -1.892783537E-01 +1.008793286E-01 +1.930562714E-01
5.32000000000E+09 +1.989923188E-01 +6.609814264E-01 -1.744785756E-01 -1.415321985E-01 +1.365729221E-01 +1.864128055E-01
5.33000000000E+09 +5.191731376E-01 +4.555732714E-01 -1.761725025E-01 -7.986113377E-02 +1.623098892E-01 +1.597815716E-01
5.34000000000E+09 +6.869810440E-01 +1.102071066E-01 -1.427187752E-01 -2.316861166E-02 +1.691648887E-01 +1.226534564E-01
5.35000000000E+09 +6.461539595E-01 -2.796191276E-01 -8.198691945E-02 +1.083236543E-02 +1.540711839E-01 +8.709732964E-02
5.36000000000E+09 +3.952602648E-01 -5.929109921E-01 -1.039433149E-02 +1.081960423E-02 +1.222150340E-01 +6.616482393E-02
5.37000000000E+09 +5.953864259E-03 -7.179758361E-01 +5.112449671E-02 -2.376693140E-02 +8.512490220E-02 +6.738299307E-02
5.38000000000E+09 -3.897684483E-01 -6.035845780E-01 +8.444058343E-02 -8.134628456E-02 +5.651775716E-02 +8.973866030E-02
5.39000000000E+09 -6.529067793E-01 -2.897808062E-01 +8.153421321E-02 -1.418260834E-01 +4.609933406E-02 +1.237298493E-01
5.40000000000E+09 -6.990192944E-01 +1.102964946E-01 +4.722559294E-02 -1.846132797E-01 +5.652191605E-02 +1.557002701E-01
5.41000000000E+09 -5.253403710E-01 +4.646899889E-01 -3.331028714E-03 -1.960579017E-01 +8.116862021E-02 +1.737628763E-01
5.42000000000E+09 -1.951909156E-01 +6.698003425E-01 -5.105115846E-02 -1.729420570E-01 +1.101615265E-01 +1.727214942E-01
5.43000000000E+09 +1.918064926E-01 +6.710400947E-01 -7.827382600E-02 -1.222958150E-01 +1.317158554E-01 +1.543189548E-01
5.44000000000E+09 +5.241648740E-01 +4.668634333E-01 -7.373498251E-02 -5.922208519E-02 +1.374359967E-01 +1.270296678E-01
5.45000000000E+09 +6.991717944E-01 +1.116090995E-01 -3.546260390E-02 -2.887842568E-03 +1.258760500E-01 +1.024803644E-01
5.46000000000E+09 +6.525690531E-01 -2.884613651E-01 +2.755350324E-02 +2.891002756E-02 +1.019045880E-01 +9.077437836E-02
5.47000000000E+09 +3.904625488E-01 -5.999710706E-01 +9.746472780E-02 +2.584353196E-02 +7.594787919E-02 +9.718145969E-02
5.48000000000E+09 -1.130412778E-03 -7.137216476E-01 +1.530751699E-01 -1.051959961E-02 +5.854748818E-02 +1.189484630E-01
5.49000000000E+09 -3.865197099E-01 -5.938631426E-01 +1.779445138E-01 -6.666401938E-02 +5.722018904E-02 +1.467080622E-01
5.50000000000E+09 -6.402673591E-01 -2.887910374E-01 +1.664857032E-01 -1.225539142E-01 +7.148091435E-02 +1.690269429E-01
5.51000000000E+09 -6.904739125E-01 +9.806514406E-02 +1.245602391E-01 -1.590740909E-01 +9.544229308E-02 +1.773543031E-01
5.52000000000E+09 -5.304143842E-01 +4.497494169E-01 +6.702920776E-02 -1.633866616E-01 +1.192663006E-01 +1.690206450E-01
5.53000000000E+09 -2.088862486E-01 +6.649715255E-01 +1.283519299E-02 -1.323935578E-01 +1.333684263E-01 +1.483988586E-01
5.54000000000E+09 +1.822213254E-01 +6.776516292E-01 -1.968660662E-02 -7.306309223E-02 +1.324354673E-01 +1.235815066E-01
5.55000000000E+09 +5.242384912E-01 +4.750417224E-01 -1.847633159E-02 -1.378867307E-03 +1.172553049E-01 +1.053789297E-01
5.56000000000E+09 +7.022670590E-01 +1.132780184E-01 +1.804039381E-02 +6.189740670E-02 +9.416337546E-02 +1.014307434E-01
5.57000000000E+09 +6.499339255E-01 -2.889930395E-01 +7.950500799E-02 +9.786360286E-02 +7.326888286E-02 +1.138245261E-01
5.58000000000E+09 +3.845983950E-01 -5.939651792E-01 +1.463568163E-01 +9.681209829E-02 +6.332358771E-02 +1.368234734E-01
5.59000000000E+09 +5.535497561E-04 -7.019597340E-01 +1.971240749E-01 +6.193823495E-02 +6.837529095E-02 +1.606396047E-01
5.60000000000E+09 -3.745543249E-01 -5.871461375E-01 +2.161989906E-01 +7.270524646E-03 +8.635358761E-02 +1.752600928E-01
5.61000000000E+09 -6.275263626E-01 -2.941996329E-01 +1.983251356E-01 -4.732305397E-02 +1.092376170E-01 +1.752741682E-01
5.62000000000E+09 -6.875274064E-01 +8.655234182E-02 +1.490529200E-01 -8.277192391E-02 +1.274614815E-01 +1.615258918E-01
5.63000000000E+09 -5.362887193E-01 +4.438619234E-01 +8.290161732E-02 -8.536843526E-02 +1.335452493E-01 +1.397304861E-01
5.64000000000E+09 -2.130856854E-01 +6.679105911E-01 +2.003361298E-02 -5.094238116E-02 +1.251782100E-01 +1.193429221E-01
5.65000000000E+09 +1.857780819E-01 +6.806682941E-01 -1.980896604E-02 +1.322049255E-02 +1.062041312E-01 +1.102023371E-01
5.66000000000E+09 +5.287692638E-01 +4.694040592E-01 -2.356891456E-02 +8.942393240E-02 +8.508200292E-02 +1.164346437E-01
5.67000000000E+09 +6.969382845E-01 +1.034213966E-01 +9.706675758E-03 +1.552623593E-01 +7.176325083E-02 +1.359849989E-01
5.68000000000E+09 +6.359492529E-01 -2.898804165E-01 +6.803247067E-02 +1.918113038E-01 +7.249207206E-02 +1.603004795E-01
5.69000000000E+09 +3.756871067E-01 -5.817339013E-01 +1.312992982E-01 +1.903534375E-01 +8.813386026E-02 +1.786365880E-01
5.70000000000E+09 +6.371470927E-03 -6.876945764E-01 +1.786760433E-01 +1.543843616E-01 +1.126643930E-01 +1.830322509E-01
5.71000000000E+09 -3.597950202E-01 -5.844188457E-01 +1.948657148E-01 +9.748174829E-02 +1.359622761E-01 +1.710812409E-01
5.72000000000E+09 -6.182386722E-01 -3.038978125E-01 +1.737281762E-01 +3.877588421E-02 +1.482368593E-01 +1.467067680E-01
5.73000000000E+09 -6.903346068E-01 +7.590075554E-02 +1.195474859E-01 -1.870434625E-03 +1.437650682E-01 +1.193038822E-01
5.74000000000E+09 -5.441875383E-01 +4.417244298E-01 +4.703014726E-02 -9.323427422E-03 +1.230698532E-01 +1.001783396E-01
5.75000000000E+09 -2.162435088E-01 +6.710821665E-01 -2.261185069E-02 +2.152861333E-02 +9.396988323E-02 +9.849104598E-02
5.76000000000E+09 +1.865731974E-01 +6.793234381E-01 -6.805132530E-02 +8.283132436E-02 +6.806418707E-02 +1.163454433E-01
5.77000000000E+09 +5.234268332E-01 +4.636812630E-01 -7.606087088E-02 +1.555835868E-01 +5.702107362E-02 +1.473809453E-01
5.78000000000E+09 +6.829411147E-01 +1.049629540E-01 -4.680285374E-02 +2.170028842E-01 +6.593290933E-02 +1.788345162E-01
5.79000000000E+09 +6.254097956E-01 -2.736715537E-01 +7.519798955E-03 +2.488254661E-01 +9.212636574E-02 +1.988053164E-01
5.80000000000E+09 +3.819665788E-01 -5.593608314E-01 +6.741437337E-02 +2.428509922E-01 +1.258235472E-01 +1.994685963E-01
5.81000000000E+09 +2.856637509E-02 -6.760653100E-01 +1.127050426E-01 +2.020523935E-01 +1.547579346E-01 +1.801818761E-01
5.82000000000E+09 -3.366416943E-01 -5.921154710E-01 +1.276941394E-01 +1.386738845E-01 +1.675454560E-01 +1.477078465E-01
5.83000000000E+09 -6.084966968E-01 -3.232152196E-01 +1.046079256E-01 +7.170204069E-02 +1.589652138E-01 +1.135760889E-01
5.84000000000E+09 -6.949847858E-01 +5.918784339E-02 +4.674188936E-02 +2.246620726E-02 +1.308138389E-01 +9.177677252E-02
5.85000000000E+09 -5.528119868E-01 +4.333206357E-01 -3.088806755E-02 +7.871465631E-03 +9.368764218E-02 +9.201544588E-02
5.86000000000E+09 -2.229203659E-01 +6.648347743E-01 -1.050652869E-01 +3.376381325E-02 +6.251807360E-02 +1.153322672E-01
5.87000000000E+09 +1.760046650E-01 +6.715714660E-01 -1.532562600E-01 +9.136018553E-02 +5.044594645E-02 +1.530302304E-01
5.88000000000E+09 +5.040929036E-01 +4.621902577E-01 -1.623577813E-01 +1.606191631E-01 +6.274930492E-02 +1.904174269E-01
5.89000000000E+09 +6.629536091E-01 +1.196552741E-01 -1.328389042E-01 +2.188567201E-01 +9.500885823E-02 +2.134981889E-01
5.90000000000E+09 +6.201474541E-01 -2.461718374E-01 -7.670007620E-02 +2.480052318E-01 +1.354546974E-01 +2.145482774E-01
5.91000000000E+09 +3.974854402E-01 -5.349029064E-01 -1.248409065E-02 +2.390582472E-01 +1.695684111E-01 +1.931797736E-01
5.92000000000E+09 +5.532206913E-02 -6.692837334E-01 +3.947493913E-02 +1.931750604E-01 +1.857901890E-01 +1.566827653E-01
5.93000000000E+09 -3.149925889E-01 -6.036754571E-01 +6.154500580E-02 +1.214184101E-01 +1.778120892E-01 +1.181305555E-01
5.94000000000E+09 -6.004575588E-01 -3.414710085E-01 +4.360145529E-02 +4.355333152E-02 +1.488962243E-01 +9.212250924E-02
5.95000000000E+09 -6.957463266E-01 +4.419705862E-02 -1.220351881E-02 -1.706984329E-02 +1.085986601E-01 +8.912714380E-02
5.96000000000E+09 -5.559190448E-01 +4.206523571E-01 -9.001865804E-02 -4.132211923E-02 +7.376534050E-02 +1.109304131E-01
5.97000000000E+09 -2.311765753E-01 +6.508614492E-01 -1.652534017E-01 -2.270603378E-02 +5.886563493E-02 +1.485621294E-01
5.98000000000E+09 +1.570182548E-01 +6.618618523E-01 -2.145906476E-01 +2.981478756E-02 +6.957338554E-02 +1.874043725E-01
5.99000000000E+09 +4.792830502E-01 +4.676366764E-01 -2.245639158E-01 +9.658649253E-02 +1.010801006E-01 +2.126037004E-01
6.00000000000E+09 +6.468085248E-01 +1.418551885E-01 -1.945171299E-01 +1.549297389E-01 +1.413333635E-01 +2.155469889E-01
6.01000000000E+09 +6.232040526E-01 -2.191395312E-01 -1.348470846E-01 +1.861756542E-01 +1.761859204E-01 +1.962216894E-01
6.02000000000E+09 +4.164487762E-01 -5.184342600E-01 -6.338522940E-02 +1.792629537E-01 +1.940210416E-01 +1.612477717E-01
6.03000000000E+09 +7.681194159E-02 -6.695300508E-01 -1.584855601E-03 +1.329894319E-01 +1.878466044E-01 +1.236434817E-01
6.04000000000E+09 -3.022521774E-01 -6.135529002E-01 +3.047244917E-02 +5.795088763E-02 +1.605622352E-01 +9.689927224E-02
6.05000000000E+09 -5.951606998E-01 -3.508250385E-01 +2.061055638E-02 -2.512870776E-02 +1.220500717E-01 +9.153681644E-02
6.06000000000E+09 -6.908039527E-01 +3.571344736E-02 -2.944305606E-02 -9.079624967E-02 +8.771812507E-02 +1.095554169E-01
6.07000000000E+09 -5.528092081E-01 +4.067115801E-01 -1.029188463E-01 -1.188796435E-01 +7.184195907E-02 +1.438930869E-01
6.08000000000E+09 -2.389348709E-01 +6.330959854E-01 -1.749972982E-01 -1.028174164E-01 +7.972640862E-02 +1.808160596E-01
6.09000000000E+09 +1.362942828E-01 +6.522241179E-01 -2.222513774E-01 -5.102475640E-02 +1.074185171E-01 +2.064817983E-01
6.10000000000E+09 +4.564097228E-01 +4.751651460E-01 -2.304665247E-01 +1.761058512E-02 +1.440778698E-01 +2.121400252E-01
6.11000000000E+09 +6.363495117E-01 +1.624288974E-01 -1.972877875E-01 +8.082161489E-02 +1.767400171E-01 +1.977311548E-01
6.12000000000E+09 +6.293639114E-01 -1.990312940E-01 -1.313275653E-01 +1.184992181E-01 +1.949806559E-01 +1.686951339E-01
6.13000000000E+09 +4.313271837E-01 -5.093253846E-01 -5.040942634E-02 +1.170189708E-01 +1.928672728E-01 +1.358523650E-01
6.14000000000E+09 +8.919019274E-02 -6.701298986E-01 +2.227463618E-02 +7.366621691E-02 +1.723691968E-01 +1.111868141E-01
6.15000000000E+09 -2.943084851E-01 -6.162564309E-01 +6.446760467E-02 -1.219004295E-03 +1.416961048E-01 +1.031816602E-01
6.16000000000E+09 -5.864293512E-01 -3.545215604E-01 +6.258955477E-02 -8.552140811E-02 +1.131847528E-01 +1.145985032E-01
6.17000000000E+09 -6.814674260E-01 +2.498509478E-02 +1.853929110E-02 -1.527525238E-01 +9.864863098E-02 +1.399791184E-01
6.18000000000E+09 -5.521103464E-01 +3.877127917E-01 -5.124603513E-02 -1.823036649E-01 +1.023756763E-01 +1.686531345E-01
6.19000000000E+09 -2.531606420E-01 +6.164975425E-01 -1.220227573E-01 -1.668391560E-01 +1.217740712E-01 +1.897135523E-01
6.20000000000E+09 +1.134916364E-01 +6.507488193E-01 -1.703491529E-01 -1.133863872E-01 +1.485328495E-01 +1.959348963E-01
6.21000000000E+09 +4.397387068E-01 +4.902423014E-01 -1.803351540E-01 -3.926927936E-02 +1.727806356E-01 +1.866920994E-01
6.22000000000E+09 +6.346451271E-01 +1.829413189E-01 -1.471049866E-01 +3.265128738E-02 +1.861218166E-01 +1.669575936E-01
6.23000000000E+09 +6.388883967E-01 -1.855877862E-01 -7.796817297E-02 +8.012603581E-02 +1.853164764E-01 +1.445885274E-01
6.24000000000E+09 +4.418893007E-01 -5.050725072E-01 +8.674170973E-03 +8.716166209E-02 +1.719413889E-01 +1.279734887E-01
6.25000000000E+09 +9.731944956E-02 -6.686515496E-01 +8.782898272E-02 +4.980127256E-02 +1.523719732E-01 +1.229658083E-01
6.26000000000E+09 -2.831557826E-01 -6.148398985E-01 +1.357136314E-01 -2.104611422E-02 +1.353933082E-01 +1.307066050E-01
6.27000000000E+09 -5.699864806E-01 -3.603316781E-01 +1.383769169E-01 -1.027454150E-01 +1.278131616E-01 +1.469826408E-01
6.28000000000E+09 -6.692233961E-01 +5.873412742E-03 +9.716575107E-02 -1.686977305E-01 +1.317719404E-01 +1.644032609E-01
6.29000000000E+09 -5.567628837E-01 +3.621718683E-01 +2.761121226E-02 -1.979940115E-01 +1.446328676E-01 +1.759208042E-01
6.30000000000E+09 -2.756152434E-01 +6.007576873E-01 -4.660563253E-02 -1.815834937E-01 +1.604071034E-01 +1.782948606E-01
6.31000000000E+09 +8.684481874E-02 +6.545181131E-01 -1.011135981E-01 -1.238792384E-01 +1.727255189E-01 +1.713963564E-01
6.32000000000E+09 +4.238662479E-01 +5.081275642E-01 -1.172359964E-01 -4.139376496E-02 +1.777264283E-01 +1.600302188E-01
6.33000000000E+09 +6.329609210E-01 +2.017303768E-01 -8.749113056E-02 +4.186781295E-02 +1.748865042E-01 +1.495391868E-01
6.34000000000E+09 +6.441934554E-01 -1.726978465E-01 -1.808358811E-02 +1.006133008E-01 +1.667069932E-01 +1.442729063E-01
6.35000000000E+09 +4.488072410E-01 -4.947878392E-01 +7.143562542E-02 +1.167483413E-01 +1.587013201E-01 +1.466713959E-01
6.36000000000E+09 +1.094398033E-01 -6.574460960E-01 +1.543626668E-01 +8.551731159E-02 +1.553393589E-01 +1.547385267E-01
6.37000000000E+09 -2.614495298E-01 -6.094971250E-01 +2.059077749E-01 +1.786545297E-02 +1.589923566E-01 +1.638803594E-01
6.38000000000E+09 -5.451870715E-01 -3.714023328E-01 +2.113410183E-01 -6.370037077E-02 +1.682770239E-01 +1.695315558E-01
6.39000000000E+09 -6.573968067E-01 -2.174519869E-02 +1.704020977E-01 -1.326550097E-01 +1.788395165E-01 +1.689262448E-01
6.40000000000E+09 -5.673891798E-01 +3.327854438E-01 +9.652574609E-02 -1.667394554E-01 +1.862934170E-01 +1.618757235E-01
6.41000000000E+09 -3.021702594E-01 +5.860266066E-01 +1.270574965E-02 -1.536082517E-01 +1.872632141E-01 +1.516146445E-01
6.42000000000E+09 +6.078532360E-02 +6.591624318E-01 -5.464022753E-02 -9.516374486E-02 +1.814722972E-01 +1.436484037E-01
6.43000000000E+09 +4.090877851E-01 +5.230846464E-01 -8.335667874E-02 -6.723657886E-03 +1.719729635E-01 +1.416440160E-01
6.44000000000E+09 +6.278144972E-01 +2.175628281E-01 -6.292448884E-02 +8.569464819E-02 +1.636402553E-01 +1.470517043E-01
6.45000000000E+09 +6.432183476E-01 -1.566976116E-01 +9.890579050E-04 +1.544763434E-01 +1.614720203E-01 +1.585800189E-01
6.46000000000E+09 +4.538802196E-01 -4.754158007E-01 +8.853675123E-02 +1.794031949E-01 +1.678101123E-01 +1.707711018E-01
6.47000000000E+09 +1.270443699E-01 -6.394317731E-01 +1.724714274E-01 +1.549254751E-01 +1.815604637E-01 +1.779089293E-01
6.48000000000E+09 -2.323714665E-01 -6.052377609E-01 +2.273347963E-01 +9.074593897E-02 +1.974030374E-01 +1.767168377E-01
6.49000000000E+09 -5.182202440E-01 -3.889046628E-01 +2.368730818E-01 +7.865619160E-03 +2.097482999E-01 +1.661349927E-01
6.50000000000E+09 -6.480719741E-01 -5.397753715E-02 +1.978392984E-01 -6.757856623E-02 +2.135786977E-01 +1.497374688E-01
6.51000000000E+09 -5.802371028E-01 +3.034000443E-01 +1.209114717E-01 -1.112614925E-01 +2.073059953E-01 +1.334240204E-01
6.52000000000E+09 -3.265391023E-01 +5.728608068E-01 +2.829581976E-02 -1.072553527E-01 +1.924987135E-01 +1.240663819E-01
6.53000000000E+09 +3.828491122E-02 +6.613943308E-01 -5.158914978E-02 -5.385233058E-02 +1.754304049E-01 +1.261570387E-01
6.54000000000E+09 +3.930363454E-01 +5.330620313E-01 -9.321864507E-02 +3.421906271E-02 +1.631432428E-01 +1.393522446E-01
6.55000000000E+09 +6.156707155E-01 +2.317279105E-01 -8.359857675E-02 +1.299577554E-01 +1.616029564E-01 +1.592532066E-01
6.56000000000E+09 +6.358449100E-01 -1.361697095E-01 -2.700616775E-02 +2.039574517E-01 +1.730273993E-01 +1.777507870E-01
6.57000000000E+09 +4.586527285E-01 -4.502863202E-01 +5.699610970E-02 +2.349347202E-01 +1.932869019E-01 +1.876468058E-01
6.58000000000E+09 +1.485216263E-01 -6.202916706E-01 +1.416507464E-01 +2.155929437E-01 +2.156705867E-01 +1.848340076E-01
6.59000000000E+09 -2.010836473E-01 -6.045343543E-01 +2.010135506E-01 +1.532767611E-01 +2.324740150E-01 +1.692946084E-01
6.60000000000E+09 -4.928048754E-01 -4.087612506E-01 +2.167354661E-01 +6.695221675E-02 +2.382658706E-01 +1.461474727E-01
6.61000000000E+09 -6.411491853E-01 -8.371171590E-02 +1.820119080E-01 -1.750471697E-02 +2.305446330E-01 +1.233737014E-01
6.62000000000E+09 -5.915264381E-01 +2.790496740E-01 +1.045089595E-01 -7.322793272E-02 +2.110877482E-01 +1.095554667E-01
6.63000000000E+09 -3.464941005E-01 +5.615264122E-01 +5.910087166E-03 -8.052731011E-02 +1.874970429E-01 +1.103913138E-01
6.64000000000E+09 +1.804669831E-02 +6.606524292E-01 -8.328352464E-02 -3.470223823E-02 +1.690680625E-01 +1.260954204E-01
6.65000000000E+09 +3.739560576E-01 +5.391698308E-01 -1.346644456E-01 +5.024562346E-02 +1.637805953E-01 +1.513211424E-01
6.66000000000E+09 +5.985113611E-01 +2.461989655E-01 -1.330630144E-01 +1.467399278E-01 +1.745219300E-01 +1.764870033E-01
6.67000000000E+09 +6.275815878E-01 -1.116544072E-01 -8.140475873E-02 +2.244436322E-01 +1.973962539E-01 +1.923831277E-01
6.68000000000E+09 +4.676881745E-01 -4.220524441E-01 +2.022413791E-03 +2.605618852E-01 +2.248597457E-01 +1.929087253E-01
6.69000000000E+09 +1.755198760E-01 -6.016861044E-01 +9.124074183E-02 +2.456757974E-01 +2.485407400E-01 +1.777843670E-01
6.70000000000E+09 -1.670715476E-01 -6.060083509E-01 +1.597942814E-01 +1.841942154E-01 +2.610056270E-01 +1.521169104E-01
6.71000000000E+09 -4.673109845E-01 -4.301272203E-01 +1.864393644E-01 +9.267670910E-02 +2.581243761E-01 +1.244578810E-01
6.72000000000E+09 -6.339805973E-01 -1.142224626E-01 +1.605892982E-01 -2.912456824E-03 +2.410222625E-01 +1.033440111E-01
6.73000000000E+09 -6.021790619E-01 +2.513957559E-01 +8.684751406E-02 -7.333993444E-02 +2.157868894E-01 +9.618832719E-02
6.74000000000E+09 -3.683980598E-01 +5.436669306E-01 -1.394191365E-02 -9.528507943E-02 +1.923856875E-01 +1.058762497E-01
6.75000000000E+09 -9.047099370E-03 +6.547492418E-01 -1.101215088E-01 -6.094451824E-02 +1.794007050E-01 +1.287651679E-01
6.76000000000E+09 +3.466739913E-01 +5.472964246E-01 -1.709964622E-01 +1.766621363E-02 +1.821476218E-01 +1.556831211E-01
6.77000000000E+09 +5.786967099E-01 +2.691941750E-01 -1.787393516E-01 +1.136425647E-01 +1.992251413E-01 +1.763477485E-01
6.78000000000E+09 +6.241787864E-01 -7.939206283E-02 -1.336143447E-01 +1.960453154E-01 +2.246572571E-01 +1.832620574E-01
6.79000000000E+09 +4.840577894E-01 -3.928081704E-01 -5.134358119E-02 +2.402336237E-01 +2.500888563E-01 +1.750073268E-01
6.80000000000E+09 +2.053869987E-01 -5.875237904E-01 +4.319695966E-02 +2.334732275E-01 +2.672458083E-01 +1.545057734E-01
6.81000000000E+09 -1.358944071E-01 -6.112804466E-01 +1.223213739E-01 +1.764187631E-01 +2.712346396E-01 +1.287835625E-01
6.82000000000E+09 -4.453716102E-01 -4.506920475E-01 +1.618980238E-01 +8.378516865E-02 +2.610726233E-01 +1.058550670E-01
6.83000000000E+09 -6.262755480E-01 -1.421391256E-01 +1.478808063E-01 -1.862116086E-02 +2.411643947E-01 +9.337551393E-02
6.84000000000E+09 -6.081757636E-01 +2.235094497E-01 +8.190166285E-02 -9.985833411E-02 +2.186772687E-01 +9.558049939E-02
6.85000000000E+09 -3.874033051E-01 +5.207917372E-01 -1.647779863E-02 -1.337291086E-01 +2.023441548E-01 +1.110872752E-01
6.86000000000E+09 -3.965803755E-02 +6.441984984E-01 -1.155835424E-01 -1.096094815E-01 +1.981376887E-01 +1.337568944E-01
6.87000000000E+09 +3.122367671E-01 +5.563282911E-01 -1.835815518E-01 -3.694021067E-02 +2.075966164E-01 +1.542698672E-01
6.88000000000E+09 +5.541542487E-01 +2.984897712E-01 -2.000847118E-01 +5.936462750E-02 +2.269042175E-01 +1.653943658E-01
6.89000000000E+09 +6.211029242E-01 -3.990133708E-02 -1.615865846E-01 +1.486906992E-01 +2.494734564E-01 +1.640899741E-01
6.90000000000E+09 +5.043779724E-01 -3.589021638E-01 -8.041319113E-02 +2.042681600E-01 +2.678649879E-01 +1.512519322E-01
6.91000000000E+09 +2.405292382E-01 -5.714748136E-01 +2.005098084E-02 +2.094046081E-01 +2.767185701E-01 +1.315991972E-01
6.92000000000E+09 -9.884305377E-02 -6.167970829E-01 +1.110829303E-01 +1.610595351E-01 +2.741332355E-01 +1.111242475E-01
6.93000000000E+09 -4.172633119E-01 -4.735818981E-01 +1.655861921E-01 +7.117904589E-02 +2.622406729E-01 +9.651942130E-02
6.94000000000E+09 -6.123550609E-01 -1.754349908E-01 +1.656819040E-01 -3.484377559E-02 +2.455213788E-01 +9.239503899E-02
6.95000000000E+09 -6.123889198E-01 +1.862806991E-01 +1.100163626E-01 -1.246976734E-01 +2.305270277E-01 +9.892096814E-02
6.96000000000E+09 -4.119678980E-01 +4.889708411E-01 +1.595315379E-02 -1.697926171E-01 +2.229699199E-01 +1.128446193E-01
6.97000000000E+09 -8.039054043E-02 +6.300954068E-01 -8.584799201E-02 -1.562489277E-01 +2.256677937E-01 +1.282779715E-01
6.98000000000E+09 +2.690962206E-01 +5.687560836E-01 -1.626890937E-01 -8.966713045E-02 +2.367338679E-01 +1.396386763E-01
6.99000000000E+09 +5.263424465E-01 +3.340069922E-01 -1.907663288E-01 +7.970847342E-03 +2.521013120E-01 +1.427420293E-01
7.00000000000E+09 +6.193903672E-01 +3.420488980E-03 -1.619129515E-01 +1.064249409E-01 +2.668335460E-01 +1.373908850E-01

[Channel0\Trace0\Marker0]
Enabled=1
Position=0.2

[Channel0\Trace1]
ReferencePosition[0]=1

[Channel0\Trace1\Marker0]
Enabled=1
Position=0.2

[Channel0\Trace2]
SPort=0
FormatType=2

[Channel0\Trace2\Marker0]
Enabled=1
Position=0.2

[Channel0\Trace3]
SPort=0
FormatType=2

[Channel0\Trace3\Marker0]
Enabled=1
Position=0.2

