[NWA State]
SaveType=3
SaveTypeSelect=3

[Channel0]
FrequencyStart=20000

[Channel0\SData]
+9.992528981E-01 +4.128666922E-04 +3.842575999E-05 -1.105168502E-04 +6.743356628E-05 +6.311431500E-05 +6.481965050E-02 -1.019402796E-01
-6.247655290E-01 -7.772906602E-01 +8.058769803E-06 -2.373911995E-05 -1.844673266E-05 -6.173381155E-06 -5.280348409E-02 -3.069569096E-02
-2.517808795E-01 +9.444604633E-01 -1.399994070E-05 +3.565303685E-06 -8.973507018E-06 -1.748628564E-05 +2.200945433E-02 +5.130872124E-02
+9.021600274E-01 -3.804255513E-01 -1.805219605E-05 +4.565616047E-06 +9.408540913E-06 -6.199037571E-07 -1.737730955E-03 -5.932779479E-02
-8.522131599E-01 -4.699978897E-01 -4.556657006E-07 +3.247512987E-05 -1.657913413E-05 +8.706022145E-06 -4.412380368E-02 +5.522172264E-02
+1.307454154E-01 +9.510034126E-01 -3.578432217E-06 +2.149494708E-05 +1.168199767E-05 -1.383856573E-05 +6.032709789E-02 -1.868904173E-02
+6.804029755E-01 -6.857677555E-01 -1.306519368E-06 -9.677116904E-06 +9.084031940E-06 +3.968053913E-06 -7.662671516E-02 -1.351243216E-02
-9.502945514E-01 -1.225461823E-01 +1.051770402E-05 -1.533050258E-05 +3.368915481E-06 -4.116331418E-06 +4.655822101E-02 +7.058514760E-02
+4.702965395E-01 +8.259990895E-01 +6.358923040E-06 -7.429644518E-07 +6.556655536E-06 -2.698384195E-05 -3.679709212E-03 -7.798843968E-02
+3.629931639E-01 -8.852508283E-01 +1.553531506E-05 +1.151909942E-05 -5.125138754E-06 +7.879872876E-06 -5.617241457E-02 +7.975498302E-02
-9.150554474E-01 +2.411706598E-01 -6.183824981E-06 -9.171976301E-06 -1.264633189E-05 -3.641494520E-06 +8.853068800E-02 -1.559674097E-02
+7.393298443E-01 +5.842100971E-01 +1.427278141E-05 -1.574502912E-05 -4.923221601E-06 +1.674958662E-05 -9.186268703E-02 -2.875280520E-02
-5.746962630E-03 -9.443552066E-01 +1.338638208E-05 +1.332365365E-07 +9.873524226E-07 -7.609737532E-06 +4.776795867E-02 +1.009554278E-01
-7.405637341E-01 +5.649977159E-01 -2.352688517E-05 -6.676835749E-06 +1.210174489E-05 +8.854608465E-06 +2.383228431E-02 -9.587386770E-02
+8.971085469E-01 +2.496258930E-01 +2.607444402E-05 +4.793001816E-06 +4.495933089E-06 -1.432794842E-05 -8.744781167E-02 +7.368093633E-02
-3.578839142E-01 -8.605628911E-01 -1.491495538E-05 +1.954066775E-05 +1.971496186E-06 +2.613639553E-06 +1.106300948E-01 +1.726946129E-02
-4.678074057E-01 +7.920365563E-01 +1.534672425E-05 -3.723172354E-05 +4.393147308E-06 -1.340935286E-05 -7.600336178E-02 -7.035715226E-02
+9.152515564E-01 -1.140721909E-01 -1.022855251E-05 -1.626219665E-05 +4.600758290E-06 +2.274378474E-06 +8.391993210E-03 +1.184501340E-01
-6.477475110E-01 -6.559059239E-01 -1.782008342E-05 +3.407188761E-06 -4.971096378E-06 +7.662082489E-06 +7.377656790E-02 -7.737892295E-02
-1.213284864E-01 +9.001575826E-01 +1.332309748E-05 -1.516211759E-05 +8.244984471E-06 +5.382775781E-06 -1.026409437E-01 +2.121453123E-02
+7.882876638E-01 -4.667227903E-01 -2.008973298E-06 +2.733475882E-05 +5.097433708E-06 -2.188585506E-05 +8.972928631E-02 +6.860564385E-02
-8.436673269E-01 -3.516582888E-01 -2.706030056E-05 -7.106915405E-06 +2.318961860E-05 +1.068455925E-06 -1.295540241E-02 -9.198888279E-02
+2.371538868E-01 +8.674947964E-01 +2.273885318E-05 +1.348731773E-05 -7.021830400E-06 +1.987928830E-06 -4.795185348E-02 +9.162047328E-02
+5.422252241E-01 -7.332812114E-01 -1.622539494E-05 -2.213025384E-05 -1.829940683E-05 -1.270932403E-05 +1.044224128E-01 -6.908179504E-03
-9.056352973E-01 +6.450910803E-03 -2.543268681E-05 -2.346543953E-06 -5.938349564E-06 -6.005655847E-06 -6.403554977E-02 -4.608798229E-02
+5.427660773E-01 +7.102502728E-01 -1.966301498E-05 -1.251075755E-06 +1.083370467E-05 +1.522710622E-05 +2.072176127E-02 +1.002245751E-01
+2.478314965E-01 -8.719894566E-01 +8.789751213E-06 -5.019312136E-06 -2.725762978E-05 -4.656596382E-06 +7.307940758E-02 -5.480721868E-02
-8.338549270E-01 +3.268209049E-01 -1.564168375E-05 -9.812522942E-06 -5.463575845E-06 +1.266987884E-05 -7.586966419E-02 +8.948087138E-03
+7.649328660E-01 +4.541339732E-01 -6.420147725E-06 +7.051549439E-06 -5.566962629E-06 -1.547605048E-06 +7.282891455E-02 +8.205502576E-02
-9.554969636E-02 -8.967315344E-01 -7.535147356E-06 +2.433604824E-06 -2.598959769E-05 +1.759029988E-05 +3.339519318E-02 -8.530012459E-02
-6.574946909E-01 +6.003983679E-01 +1.164138095E-05 +1.220781966E-05 -2.064490292E-05 +1.796466383E-06 -7.365170727E-02 +5.960280908E-02
+8.771685729E-01 +1.305576683E-01 +4.849619923E-06 -2.633601946E-05 -6.700929455E-06 -1.261607264E-06 +1.177827933E-01 +4.234953821E-02
-4.443821500E-01 -7.818757215E-01 -1.326373667E-05 +1.253092673E-05 -3.223308170E-06 +4.552300405E-06 -3.438834612E-02 -1.003321143E-01
-3.964183727E-01 +7.974638933E-01 +2.445741435E-05 -4.447929063E-05 -2.326697859E-05 +2.215802853E-05 -3.215866556E-02 +1.261757153E-01
+8.683211702E-01 -1.663878298E-01 -4.889703757E-06 -5.640479425E-06 -1.087828501E-05 +1.298796537E-05 +1.467239503E-01 -4.878854628E-02
-6.893528011E-01 -5.676490780E-01 +7.856463447E-06 +5.066258552E-06 +2.843471186E-05 -1.009419712E-05 -1.240959562E-01 -5.792325935E-02
-4.048218513E-02 +8.827538642E-01 -1.972434838E-05 +2.200454003E-05 -2.078739180E-06 +8.416283656E-06 +8.132186107E-02 +1.525796983E-01
+7.380486074E-01 -4.864491504E-01 -1.625866285E-05 +1.084134884E-05 -1.006736389E-05 +1.255815412E-05 +8.529554444E-02 -1.678437049E-01
-8.340475181E-01 -3.132306312E-01 -4.914165702E-06 +3.836829657E-06 +5.949682434E-07 -6.302332057E-06 -1.572193144E-01 +7.422592377E-02
+2.616341050E-01 +8.370132151E-01 -4.680589844E-06 +1.456982668E-05 +1.720753454E-05 -1.703287328E-05 +2.095659430E-01 +6.351834590E-02
+5.033361550E-01 -7.270007825E-01 -5.090298297E-07 -1.223401708E-05 +1.050364078E-05 -1.602177843E-06 -7.545090540E-02 -1.983476600E-01
-8.887138079E-01 +2.485745508E-02 +3.034485908E-06 +3.606294750E-06 -9.028368894E-07 +3.692982530E-06 -4.194800285E-02 +2.086253364E-01
+5.361372548E-01 +6.928950868E-01 +5.438702466E-07 +1.065145141E-05 +1.825970540E-05 +1.190505898E-05 +2.209547627E-01 -1.283403524E-01
+2.449112945E-01 -8.480076816E-01 -2.216529603E-05 +1.753158426E-06 +5.071823317E-06 -1.168378073E-05 -2.227471437E-01 -6.015042935E-02
-8.056948999E-01 +3.547871815E-01 +1.180562102E-05 +1.231084049E-05 +4.990867083E-06 +9.476751377E-06 +1.657468717E-01 +2.023809550E-01
+7.694930084E-01 +4.183987693E-01 -1.682012115E-05 -5.792353352E-06 +1.280123473E-05 +1.321638798E-05 +6.023269026E-02 -2.670725346E-01
-7.135015557E-02 -8.795824339E-01 -9.009617494E-06 +1.368877767E-05 -2.249173881E-05 +3.177017822E-06 -1.917076769E-01 +1.627818721E-01
-6.255118789E-01 +6.084791060E-01 +1.401229689E-06 +1.641778467E-05 +8.322972286E-06 +1.781024816E-05 +2.942451220E-01 +1.207354871E-02
+8.650897426E-01 +1.038906820E-01 +4.878597251E-06 -1.699833624E-05 +9.118122416E-06 -1.476900158E-05 -1.712245250E-01 -2.183017661E-01
-3.794658353E-01 -7.912297296E-01 +1.878150202E-05 +2.553113019E-05 -4.008384640E-05 +1.451799110E-05 +1.622010599E-02 +2.757853179E-01
-3.694876019E-01 +7.827391145E-01 -2.754477591E-05 -4.650371415E-06 +6.321199093E-06 +1.848929255E-05 +2.133628745E-01 -2.179437900E-01
+8.329447823E-01 -2.265610569E-01 +1.634611558E-05 +1.162133140E-05 -3.689454871E-05 +6.085090696E-06 -2.746096191E-01 +4.436890567E-03
-6.553860757E-01 -5.731746946E-01 -2.620030508E-06 +3.290798288E-06 -1.793233323E-05 -2.286522196E-05 +2.369437505E-01 +1.700886007E-01
-5.371020430E-02 +8.595450275E-01 -3.247897052E-06 +1.460367432E-05 +2.481696671E-05 -1.258276246E-06 -2.200213867E-02 -2.982098728E-01
+7.152139001E-01 -4.742898233E-01 -4.690000898E-06 -9.270153907E-07 +1.197723122E-05 -1.647452838E-05 -1.527130372E-01 +2.206730682E-01
-7.991383557E-01 -3.177577556E-01 +2.296233934E-05 +8.488738363E-06 -1.599387079E-05 -3.847339315E-06 +2.960117749E-01 -7.372651930E-02
+3.212438772E-01 +7.859966335E-01 +6.387676999E-06 +2.569140031E-05 +1.274604559E-05 +2.096292419E-06 -2.221786003E-01 -1.791598899E-01
+4.499564847E-01 -7.302798976E-01 +1.145549152E-05 +1.344127999E-06 -1.193007772E-05 +8.506738923E-06 +7.642057444E-02 +2.492177230E-01
-8.564999893E-01 -3.042363505E-02 -3.116258807E-06 -2.876376907E-05 +7.693678307E-07 +2.922943384E-05 +1.507493684E-01 -2.546807072E-01
+5.598450554E-01 +6.225540085E-01 -1.299200389E-06 +1.512288116E-05 +1.084707498E-05 +4.345668030E-06 -2.443018145E-01 +4.610830703E-02
+1.180254570E-01 -8.414092856E-01 +9.727829414E-06 +2.896568318E-05 +4.727932509E-06 +1.640021173E-05 +2.415930535E-01 +9.682650398E-02
-7.750741879E-01 +3.509278309E-01 +5.567099993E-07 -1.365989246E-05 +3.932320088E-06 +1.853727692E-05 -6.131645822E-02 -2.666441749E-01
+7.600756358E-01 +3.569302895E-01 +1.217441044E-05 -2.286455350E-05 +9.316652487E-06 +6.190667274E-06 -1.034045219E-01 +1.942029908E-01
-1.559126454E-01 -8.327712940E-01 +2.055433606E-05 -1.647224613E-05 -3.883613158E-07 -1.552666846E-05 +2.362671374E-01 -9.808606614E-02
-5.829276428E-01 +6.047880130E-01 +9.976284532E-06 -1.194537116E-05 +1.235685962E-05 -1.046912487E-05 -1.954393918E-01 -1.325454486E-01
+8.374454827E-01 +3.866186480E-03 +7.908372063E-06 -5.685403254E-06 -8.379976265E-06 +8.808406859E-06 +7.584171679E-02 +1.908134792E-01
-4.753246895E-01 -7.021709585E-01 +3.155915031E-06 -4.557844367E-06 -5.091733337E-06 +3.761853654E-06 +1.108371869E-01 -2.173941492E-01
-3.112886149E-01 +7.797089446E-01 +1.363298522E-05 -1.732088487E-05 +3.253690512E-06 -1.693817402E-05 -2.038101955E-01 +3.082766057E-02
+7.814824280E-01 -2.994604383E-01 -1.167556284E-07 +1.317913901E-07 -1.229868384E-05 -2.103950482E-05 +1.845521235E-01 +8.422167000E-02
-6.971328668E-01 -4.769593508E-01 -1.900376531E-05 -2.435810440E-06 +5.194458690E-06 -1.638495080E-05 -4.101192654E-02 -2.273961077E-01
+2.459026995E-02 +8.371116617E-01 -9.952545218E-06 -2.283374119E-05 +3.811262382E-07 +1.989666540E-05 -1.165279738E-01 +1.435470539E-01
+5.951486147E-01 -5.901285064E-01 -1.217518951E-05 -9.666945919E-06 -2.394674103E-05 +9.922637433E-07 +2.015976392E-01 -6.175751771E-02
-8.287714368E-01 -1.814851037E-01 +6.454531520E-06 +4.258393598E-06 -8.859386309E-06 -1.785277401E-05 -1.657448744E-01 -1.554609155E-01
+3.020621708E-01 +7.850911525E-01 +4.364492866E-06 +4.190237057E-06 +7.886274544E-06 -1.342566203E-06 +1.655934340E-02 +1.788305757E-01
+3.920920971E-01 -7.337370696E-01 -2.288678528E-05 -1.472199023E-05 +1.663104217E-05 +2.296546654E-06 +1.274614838E-01 -1.921966814E-01
-8.212022724E-01 +1.512781534E-01 -1.348297451E-05 +1.210553298E-05 +1.244974372E-05 -6.193421200E-06 -2.223164088E-01 -1.402739739E-02
+6.452265213E-01 +5.382562072E-01 -1.119142003E-05 +1.267371047E-05 -1.142969187E-05 -1.066444322E-06 +1.620559945E-01 +1.146056839E-01
+9.078452214E-02 -8.399116550E-01 +1.789427831E-05 +1.918008357E-05 +9.095898359E-06 -1.772006957E-05 -2.326848679E-02 -2.572034276E-01
-7.528430065E-01 +3.600129905E-01 -1.157546326E-05 +2.008513544E-05 +1.405267502E-05 -3.370935020E-05 -1.638761723E-01 +1.427366968E-01
+7.712156564E-01 +3.022681505E-01 -5.054383138E-06 -4.451854098E-06 -2.045243881E-05 -2.707187588E-07 +2.261176126E-01 -5.241929681E-02
-2.513512451E-01 -7.976996210E-01 -6.337020993E-06 +2.203299481E-05 +6.812159865E-06 +5.587066842E-06 -1.979380917E-01 -1.847894673E-01
-5.103044060E-01 +6.573621554E-01 +2.118148853E-05 +2.297520603E-06 +1.744659867E-05 -6.704144559E-06 +1.368789832E-02 +2.190656591E-01
+8.346913981E-01 -1.415785430E-02 -9.418694014E-06 +9.852122747E-06 +1.706046105E-05 +1.420036389E-05 +1.360173662E-01 -2.282214144E-01
-5.031871589E-01 -6.575137591E-01 +9.054113096E-07 +1.327807435E-05 +1.010061793E-05 +1.969139819E-07 -2.651153688E-01 +1.423922533E-02
-1.674331916E-01 +8.026437228E-01 +1.387750629E-07 -8.251838904E-06 +9.774119803E-06 -2.053277751E-05 +2.019337733E-01 +1.175425064E-01
+7.483610719E-01 -3.744938131E-01 -2.673746116E-05 +1.817016085E-05 -2.607885687E-06 +4.431262502E-05 -7.643961282E-02 -2.765932788E-01
-7.013159457E-01 -4.350364489E-01 +3.113618635E-07 -1.805213184E-05 -8.859319537E-06 -1.353302376E-05 -1.494879004E-01 +2.015967855E-01
+1.502756113E-01 +7.965567059E-01 +3.406299391E-07 +6.087798489E-07 +1.334732183E-05 -4.459726039E-06 +2.281650066E-01 -1.044405970E-01
+5.041398898E-01 -6.589938250E-01 +2.877067666E-05 -9.164131635E-06 +1.423461977E-05 +6.745619142E-06 -2.547566334E-01 -1.298585436E-01
-8.183438474E-01 -7.787338595E-02 -1.465992711E-05 -1.416553941E-05 +2.713381463E-06 -1.232826794E-05 +7.837454740E-02 +2.190403057E-01
+4.592358650E-01 +6.711907852E-01 +3.452953975E-06 +2.347836731E-05 +1.031344384E-05 +5.477291194E-06 +6.195090018E-02 -2.619018276E-01
+2.312172752E-01 -7.936179119E-01 -4.275584037E-05 -3.531629398E-06 -1.729819244E-05 -4.144568269E-06 -2.461701976E-01 +9.439287215E-02
-7.763825623E-01 +2.493719267E-01 +7.507855501E-06 +1.299613614E-05 +1.409068949E-05 +1.784184434E-05 +2.137921910E-01 +4.094373767E-02
+6.904811621E-01 +4.302142580E-01 -1.844591241E-06 -2.057974791E-05 +7.286155560E-07 -7.949028126E-06 -1.594412949E-01 -2.136606013E-01
-4.774692204E-02 -8.209122819E-01 -1.153977553E-05 +2.049877480E-05 -7.837920297E-06 -7.902891238E-06 -5.867496752E-02 +2.144356149E-01
-6.115214462E-01 +5.113861762E-01 +5.692345710E-06 +1.815881850E-06 -6.140789893E-06 +6.130335295E-06 +1.464561463E-01 -1.641122048E-01
+8.052375684E-01 +4.115782861E-02 -9.419279386E-08 -3.266704777E-06 +1.496220011E-05 -1.046617279E-05 -2.424216952E-01 -2.334549287E-02
-4.110904815E-01 -7.156572859E-01 -1.359189968E-05 -2.357270371E-05 +3.103738008E-05 +3.484495189E-05 +1.231154080E-01 +1.302943567E-01
-3.772008771E-01 +7.038638808E-01 +1.099000395E-05 -3.435170714E-06 -6.583594185E-06 -5.773351905E-06 -4.498900063E-02 -2.103390488E-01
+7.667153099E-01 -2.456505445E-01 -2.523858865E-05 -1.092792288E-05 -1.583447373E-05 -1.836130540E-05 -1.442161259E-01 +1.369811606E-01
-6.393104808E-01 -5.142650720E-01 -1.352267811E-05 -1.405404205E-05 -1.763898353E-05 -2.289379291E-05 +1.471649178E-01 -4.235784747E-02
-1.073695890E-01 +7.935344471E-01 +2.277904819E-06 -6.545098147E-06 -5.253669326E-07 -1.249662634E-05 -1.696706252E-01 -9.682365077E-02
+6.659439667E-01 -4.511672620E-01 +1.190861387E-05 +6.158588000E-06 +3.268345855E-05 -1.502945403E-05 +1.010846911E-02 +1.418159205E-01
-7.589730612E-01 -2.644845364E-01 -9.956251909E-06 +1.697594555E-05 -1.040682664E-05 -3.059957723E-06 +3.591238016E-02 -1.328563519E-01
+2.686459264E-01 +7.452322926E-01 -6.082140087E-06 -1.864563647E-05 +1.206883840E-05 +1.065806587E-05 -1.516480344E-01 +3.414778531E-02
+4.187483481E-01 -6.958347265E-01 -4.402975454E-06 +2.278437658E-05 -2.209670321E-05 +1.420640224E-05 +7.220147827E-02 +4.219317250E-02
-8.044686852E-01 +1.186868434E-02 -1.366493253E-05 +2.026040249E-05 -1.362127882E-05 +3.149124808E-05 -7.117578785E-02 -9.787737520E-02
+5.031621895E-01 +6.102264029E-01 +1.615443885E-05 +8.643513867E-06 -3.615773651E-05 +3.888804143E-05 -6.835556783E-02 +8.208283842E-02
+1.752968191E-01 -7.926720727E-01 -9.278674176E-06 +3.546862243E-06 +2.052829186E-05 -2.556985018E-05 +4.421104178E-02 -2.788835838E-02
-7.546834551E-01 +2.727994592E-01 -3.114312906E-07 -3.454451457E-06 +9.474772669E-06 -1.387749242E-05 -9.208335905E-02 -3.177589723E-02
+6.679915664E-01 +4.259403972E-01 -3.613160812E-05 +6.563304336E-06 -2.766642887E-05 +8.394844249E-06 -1.530795447E-02 +6.151370338E-02
-8.428376700E-02 -7.993918822E-01 -4.748476866E-06 -4.598500039E-06 +1.089396824E-05 -1.002120394E-05 +5.524448216E-03 -4.350171514E-02
-5.559556201E-01 +5.639657213E-01 +2.135988999E-05 +3.117013035E-06 +7.860525756E-06 +1.328237407E-05 -8.389065951E-02 +4.444736393E-03
+7.976970223E-01 +1.121900642E-01 +2.471984872E-05 -1.786692751E-05 -4.127239622E-05 -3.809068065E-05 +8.119991162E-03 +4.963340672E-02
-2.968999620E-01 -7.560603068E-01 -1.233372596E-05 +6.990920959E-06 +1.696094618E-05 +8.470353978E-06 -1.369197682E-02 -5.347548149E-02
-3.733138563E-01 +6.846762430E-01 +6.508093696E-06 +5.786937323E-06 -2.118058156E-05 +2.673013976E-05 -8.578061959E-02 +3.994207950E-02
+7.776361702E-01 -1.885643063E-01 -1.364045397E-05 +4.728823682E-06 +2.346987499E-05 +2.658193138E-06 +4.456262443E-02 +3.633339424E-02
-5.624419615E-01 -5.767228071E-01 -1.846457548E-05 +1.304512605E-05 -1.030529248E-05 -1.814823866E-05 -5.747172684E-02 -6.290093800E-02
-4.510132511E-02 +7.718476598E-01 +8.967957653E-06 +1.614492630E-05 +1.958457711E-05 -4.184551960E-05 -5.642055575E-02 +9.406636779E-02
+6.360658969E-01 -4.917217201E-01 +9.410236571E-06 -1.497889978E-06 -9.320936599E-06 -5.543284805E-05 +5.805748277E-02 -2.868582309E-02
-7.420053979E-01 -3.012379018E-01 -1.901530450E-05 -3.838618429E-06 -4.252490132E-06 -5.607712017E-06 -1.248984005E-01 -8.740989295E-03
+2.865896894E-01 +7.201474753E-01 -1.066398062E-05 -1.203185958E-05 -2.330803752E-05 -2.944112114E-05 +3.654033886E-02 +1.095422720E-01
+4.414195745E-01 -6.823579969E-01 -2.689660189E-05 -4.722290083E-06 -1.513267527E-05 -4.297407359E-05 -1.050901473E-02 -9.954851115E-02
-7.896617897E-01 -4.298504183E-02 -5.887174703E-06 -1.835707989E-05 -1.663358164E-07 +3.901967105E-05 -1.172952844E-01 +1.023179385E-01
+5.625343068E-01 +5.244876695E-01 -1.645000376E-07 -1.188746376E-05 +1.638069803E-05 -1.631804243E-05 +1.070110831E-01 +1.505395411E-02
+1.508681159E-01 -8.028894999E-01 +1.411245982E-05 +2.313820301E-06 +1.812627077E-05 -3.506538330E-05 -1.370209617E-01 -6.674995803E-02
-7.339467958E-01 +2.525249637E-01 -9.897555874E-06 +1.530134428E-05 -2.485314873E-05 +1.404433381E-06 -4.324761605E-03 +1.688823751E-01
+7.420435148E-01 +1.906613291E-01 +8.839257093E-06 +2.817194943E-05 +3.149951684E-06 -3.293353008E-05 +5.497149539E-02 -9.381120938E-02
-2.119097956E-01 -7.970517590E-01 +2.362944474E-05 -1.170570720E-05 +7.890642939E-06 -6.757472796E-06 -1.456361822E-01 +8.024159866E-02
-6.136867035E-01 +4.862069199E-01 -3.032449369E-05 +1.290143861E-06 -1.078990567E-05 -1.827844600E-05 +1.356387202E-01 +6.132980895E-02
+7.626098731E-01 +1.014148257E-03 +3.811909372E-06 -1.877655991E-05 -3.664002247E-05 +1.410586315E-05 -1.057168677E-01 -1.123923887E-01
-4.575775709E-01 -6.630670272E-01 +2.751064278E-05 +1.945217975E-05 -2.499358723E-05 +6.310362186E-06 -2.458989441E-02 +1.840840492E-01
-2.840809058E-01 +7.128841509E-01 -2.511980837E-06 +6.957145665E-06 +1.355840600E-05 +2.276235474E-05 +1.053014154E-01 -1.060104311E-01
+7.052058515E-01 -3.406527473E-01 +1.113418845E-05 +1.188573831E-05 +7.898724871E-06 +1.585941233E-05 -1.901486837E-01 +4.777626527E-02
-6.193503682E-01 -5.240359291E-01 -1.337440705E-05 +1.203576472E-05 +2.148973862E-05 -1.321582955E-05 +1.446625240E-01 +1.268540543E-01
-4.717309329E-02 +7.495595067E-01 +2.369984151E-05 +9.338021655E-06 -1.335321267E-05 +2.183671326E-05 -6.446280646E-02 -1.544466926E-01
+5.092679756E-01 -5.977040214E-01 -4.550579551E-05 -6.100152473E-06 +7.439340974E-06 +1.737936993E-05 -7.692019508E-02 +2.028836693E-01
-7.661130580E-01 -2.920366148E-01 -3.940937855E-06 +2.134832253E-05 -6.343164964E-09 -1.740065117E-06 +1.691661398E-01 -6.716302226E-02
+1.459374949E-01 +7.360801166E-01 -3.904472153E-05 +1.030555597E-05 -7.663754129E-06 -2.726161037E-06 -2.022881444E-01 -1.100565314E-02
+3.266171731E-01 -7.032243045E-01 -2.656199495E-05 -1.089558726E-05 +1.278648238E-05 +3.336041110E-05 +1.239986135E-01 +1.888422006E-01
-8.010178288E-01 +2.437886268E-02 +1.043039871E-05 +1.706659765E-05 -1.569845099E-05 +6.664355337E-06 +6.714218812E-03 -1.855000790E-01
+4.992018335E-01 +5.552793760E-01 +2.216059071E-05 +7.608657647E-06 +8.672869913E-06 -2.365625637E-05 -1.463719654E-01 +1.790316659E-01
+7.345979903E-02 -7.963403113E-01 +1.725778216E-05 +8.946037920E-06 +1.843805902E-05 -4.326387251E-06 +2.073412720E-01 +3.374842678E-03
-7.664384336E-01 +2.255642962E-01 +1.930223714E-05 +2.892330104E-05 -4.069495321E-05 -2.929392619E-06 -1.819766022E-01 -9.278841344E-02
+6.387345150E-01 +3.838071919E-01 -2.221174354E-05 +1.031967544E-05 -2.328615680E-06 +1.651905341E-05 +5.235334305E-02 +2.332014187E-01
-1.350050495E-01 -7.902158804E-01 +1.094561998E-05 +2.503289084E-05 +1.095172760E-05 -2.294690892E-05 +9.571678878E-02 -1.668806522E-01
-6.596849950E-01 +4.239770398E-01 +5.555079070E-06 -1.777443096E-05 +8.396103226E-06 -1.105407274E-05 -1.955050778E-01 +1.093543980E-01
+7.292197724E-01 +1.327039165E-01 -1.794374644E-05 -5.551838385E-05 -7.935962468E-06 -2.422555127E-06 +2.024785336E-01 +9.240535093E-02
-4.006910002E-01 -6.899644841E-01 -5.716697033E-07 +5.041116955E-06 +1.329562524E-05 -2.151057386E-05 -1.064544817E-01 -1.587334708E-01
-4.673566550E-01 +6.240367718E-01 -1.264504696E-05 -5.875577001E-06 -2.651660570E-06 -1.814592719E-05 -3.365677774E-02 +2.314981681E-01
+7.440798780E-01 -8.033547862E-02 +1.482549724E-05 +1.151125968E-05 +5.363741804E-07 -3.717847824E-05 +1.766019800E-01 -1.024544793E-01
-5.618589797E-01 -5.510399167E-01 -1.294111830E-05 +9.018497202E-06 +2.148384867E-05 +1.737377045E-05 -2.011036207E-01 +5.800522424E-03
-2.067571927E-01 +7.421887727E-01 -6.557271548E-06 +1.010055723E-05 -9.305783137E-08 +7.956467050E-06 +1.458477139E-01 +1.748619828E-01
+6.759148317E-01 -3.444884676E-01 -7.742233834E-06 -3.459294899E-06 -2.285108835E-05 -3.214715295E-06 +1.075236060E-02 -1.800660016E-01
-6.725596675E-01 -4.075940655E-01 +1.866197742E-05 -5.741169909E-06 -3.682158447E-06 -1.422330723E-05 -1.225296956E-01 +1.691116395E-01
+4.935524753E-02 +7.385333023E-01 -2.177951633E-05 +6.096315170E-07 +4.654845816E-06 -2.496286920E-05 +2.030715629E-01 +9.709754963E-03
+4.170890442E-01 -6.277341296E-01 +3.655631691E-05 +1.437259157E-05 -2.978147464E-05 +9.876003832E-06 -1.385378939E-01 -9.282052334E-02
-7.912598824E-01 -1.155564030E-01 +3.484491407E-06 +4.293824185E-06 +7.582897140E-06 -3.700271093E-06 +4.117127277E-02 +2.079105390E-01
+2.855718665E-01 +6.789732525E-01 -1.291716150E-07 -1.842352506E-05 -4.139691622E-05 -1.124770480E-05 +1.233715426E-01 -1.241985006E-01
+1.968567861E-01 -7.280832552E-01 -2.461070739E-06 -1.720319702E-05 +7.042153465E-06 -2.474545400E-05 -1.578756214E-01 +5.340693449E-02
-7.708974697E-01 +1.679043048E-01 +6.594674503E-06 +1.266842779E-05 +1.198811855E-05 -1.777709189E-05 +1.581174985E-01 +1.138018944E-01
+5.521131533E-01 +4.730895069E-01 +8.416201331E-06 +1.380737231E-05 +4.649241869E-06 +9.088977519E-06 -1.830241203E-02 -1.474927089E-01
-7.039305679E-02 -7.648508776E-01 -3.031183250E-05 +6.261206645E-06 -5.083956356E-06 +2.495296999E-06 -7.066753948E-02 +1.545246253E-01
-6.509722401E-01 +4.120319507E-01 +5.235217969E-06 +2.499084022E-06 -1.035345241E-05 -1.037692034E-05 +1.741317761E-01 -1.917325975E-02
+7.027204669E-01 +1.609720597E-01 +1.194125868E-05 +1.403012491E-05 -3.809663205E-05 -2.423825441E-06 -1.145645574E-01 -7.294145250E-02
-3.599000355E-01 -6.904143520E-01 +4.149639937E-06 -1.379895971E-05 -8.740925112E-07 +5.562877040E-06 +5.241551331E-02 +1.621922039E-01
-4.626704313E-01 +6.002545837E-01 -2.059893242E-05 +1.441029617E-05 +8.470301000E-06 -2.966121292E-05 +1.064094936E-01 -1.185484211E-01
+6.972385769E-01 -1.484880587E-01 -9.880001736E-07 +1.224142568E-05 -3.828493538E-05 +1.946815621E-05 -1.295786386E-01 +3.687188732E-02
-6.336567978E-01 -4.375941354E-01 +9.443112547E-06 +1.026935951E-05 -1.264163440E-05 +3.647297572E-05 +1.473996142E-01 +9.334932611E-02
-8.140301704E-02 +7.477236313E-01 -2.675779154E-06 -1.423475073E-06 +4.245820053E-05 +1.695851012E-05 -1.000825401E-03 -1.482380225E-01
+5.727305922E-01 -4.584328214E-01 -1.395813475E-05 +3.040294735E-05 +2.747965493E-06 +4.297916528E-05 -7.019393033E-02 +1.282207461E-01
-7.437817987E-01 -2.076796545E-01 -2.960480563E-05 -3.479442338E-06 -1.516699008E-05 -2.863781158E-05 +1.760462420E-01 -1.748690189E-02
+2.016189943E-01 +7.140092950E-01 +4.712542260E-06 -2.583921711E-05 +7.507910101E-06 +7.456728962E-06 -1.046733567E-01 -9.391743028E-02
+3.474735906E-01 -6.491063546E-01 +1.994305855E-05 +1.701676291E-05 -2.818184050E-05 -1.898142954E-05 +4.435353156E-02 +1.637528457E-01
-7.698344603E-01 +5.007422580E-02 +3.133315596E-06 +1.561377976E-05 -1.493879928E-05 +2.126885810E-05 +1.261358207E-01 -1.263060360E-01
+4.663850627E-01 +5.514197238E-01 +3.653172225E-06 -7.129181803E-06 -2.140655595E-05 -2.823937361E-05 -1.411752735E-01 +2.288441276E-02
+2.977738411E-02 -7.468968411E-01 -2.224141066E-06 -3.230771472E-06 -5.485434513E-06 +2.249002827E-05 +1.621399760E-01 +9.959927053E-02
-7.106461864E-01 +3.184233661E-01 -1.884519172E-05 +8.234763070E-06 +4.394163365E-05 -6.543521774E-06 -1.865837241E-03 -1.783014228E-01
+6.244667413E-01 +3.443563223E-01 +5.213948322E-06 +3.890364859E-06 +1.408447231E-05 +2.845167096E-05 -8.347034003E-02 +1.430833360E-01
-2.559464884E-01 -7.031377196E-01 +1.267882422E-05 -1.319697005E-05 +8.036593478E-06 +1.167460039E-05 +2.038700160E-01 -3.520319979E-02
-5.009533621E-01 +5.814012925E-01 +1.998716304E-06 -2.616657229E-05 -8.641707098E-06 -1.866741861E-05 -1.311565203E-01 -1.158303845E-01
+7.249271469E-01 +8.785849415E-02 -1.968428882E-05 -2.164494899E-05 +7.241958079E-06 +2.041233063E-05 +6.150930639E-02 +1.761654993E-01
-3.794123610E-01 -6.518634872E-01 -1.207831840E-05 +7.624302123E-06 -2.772181219E-05 -2.946032439E-06 +1.249998002E-01 -1.758760972E-01
-3.037054884E-01 +6.702323622E-01 -1.246185146E-05 +6.998603728E-06 -6.248848785E-06 -1.348616309E-05 -1.765917997E-01 +3.359069763E-02
+6.771686240E-01 -2.595423130E-01 +1.804732765E-07 +2.734723934E-05 -3.388832689E-05 +1.054501571E-05 +1.916195715E-01 +8.944494131E-02
-6.112979675E-01 -4.586327956E-01 -2.182318775E-05 -2.669438910E-05 -2.238148927E-05 +2.744545424E-05 -3.299657054E-02 -2.094593760E-01
-7.911080715E-02 +7.251874855E-01 +1.353542052E-05 -8.371713451E-06 -2.417461351E-05 +1.226934555E-05 -7.557017908E-02 +1.662898172E-01
+5.029935186E-01 -4.989732281E-01 +5.451813853E-07 -1.569265679E-06 +3.398033604E-05 -3.010368900E-05 +2.143164970E-01 -8.499194453E-02
-7.505678732E-01 -1.004644434E-01 +2.069843313E-07 -5.476432817E-06 +1.196762422E-05 +1.230420015E-05 -1.738191684E-01 -1.102972756E-01
+2.884785317E-01 +6.816946835E-01 +4.131497792E-06 -2.994442958E-05 -2.182065262E-05 +8.450855385E-07 +9.681494359E-02 +1.771872087E-01
+3.430789896E-01 -6.421064715E-01 +2.420855587E-05 +1.151490582E-05 -1.545356040E-07 -1.241131422E-05 +9.620029205E-02 -2.212139222E-01
-7.437286253E-01 +6.429251058E-02 +1.666627171E-05 -3.844318109E-06 +3.699397399E-06 +7.824846867E-06 -1.858841952E-01 +6.781399526E-02
+5.240816910E-01 +4.734068573E-01 -2.459513680E-06 +2.040849891E-05 +6.884532006E-06 +2.639564320E-06 +2.224954624E-01 +4.754497138E-02
-7.111926497E-03 -7.350774635E-01 -2.065858144E-05 -8.625734232E-06 +2.766881714E-05 +6.127568509E-06 -8.446318028E-02 -2.217962355E-01
-6.574928044E-01 +3.529344923E-01 -4.539208220E-06 -8.469679259E-06 -2.648595145E-05 -1.280593411E-05 -4.789688647E-02 +1.896028502E-01
+6.667993129E-01 +1.585135918E-01 -2.734842410E-06 +1.689707113E-05 -1.640047280E-05 +4.345383659E-05 +2.066877876E-01 -1.421132401E-01
-3.642312444E-01 -6.497241831E-01 +1.820954339E-06 -3.420514600E-06 +1.003340952E-05 +8.241306190E-07 -2.102713900E-01 -8.726817892E-02
-4.180004741E-01 +6.172919928E-01 +1.912959130E-05 -2.698040629E-05 -1.919867117E-05 -4.866655953E-06 +1.337201029E-01 +1.624782595E-01
+6.972081449E-01 -1.054385152E-01 +5.175996810E-06 +2.240243918E-05 +2.610114302E-05 +1.107638424E-05 +5.005818407E-02 -2.539133095E-01
-5.256874076E-01 -5.213310654E-01 +1.248313374E-07 +7.810794013E-06 -2.784507606E-05 -5.326317834E-06 -1.838570445E-01 +1.062156943E-01
-1.034017616E-01 +7.099681043E-01 -3.009260296E-05 -2.326306716E-05 +2.357700708E-05 +7.409278651E-06 +2.386099608E-01 -3.271261216E-03

[Channel0\Trace0]
RPort=1
SPort=1

