[Channel0]
Points=501
FrequencyStart=2000000000
FixedPower[0]=5
FixedPower[1]=5
IFBW=1000
CorrectionEnabled=1

[Channel0\Correction\22]
Calyyyymmdd=2022/03/18
Calhhmmss=13:27:00
VNATemperature=35.9 °C
Type=3
KitLabel=ACM2509.2
KitDescription=AutoCal Module 20 kHz-9 GHz (CMT), SN: 19039185, Char: Factory, 24.6°C, ThermoComp: ON
CalIFBW=1 kHz
CalPower=5 dBm
CalPorts[0]=1
CalPorts[1]=0

[Channel0\Correction\22\Data]
2.00000000000E+09 +2.886646196E-05 -2.997142529E-04 +2.058327178E-01 +8.529873795E-02 +6.719427077E-01 -8.776601601E-01
2.01300000000E+09 -4.109873637E-04 -2.810312207E-05 +7.805861155E-02 -4.543809908E-02 +7.024813752E-01 -8.546648545E-01
2.02600000000E+09 +2.132209683E-05 +5.711639258E-04 -1.009066263E-02 +9.791165153E-04 +7.323748776E-01 -8.307990839E-01
2.03900000000E+09 +6.333441734E-04 -2.320846850E-04 -6.779908973E-03 -2.383175477E-02 +7.606323758E-01 -8.066136724E-01
2.05200000000E+09 -5.280429452E-04 -2.315610675E-04 -1.531331995E-01 +1.171574200E-03 +7.864843471E-01 -7.830088414E-01
2.06500000000E+09 -1.881674590E-06 +4.792056726E-04 -1.204581687E-01 +1.973297684E-01 +8.119583920E-01 -7.565023687E-01
2.07800000000E+09 +3.344872512E-04 -2.338678744E-05 +5.868874292E-02 +2.122080798E-01 +8.368064415E-01 -7.281998253E-01
2.09100000000E+09 -9.454248641E-06 -3.279790258E-04 +1.267127287E-01 +9.730643020E-02 +8.615851905E-01 -6.993726828E-01
2.10400000000E+09 -3.610481772E-04 +5.906128715E-05 +1.023911582E-01 +3.822244783E-02 +8.857805966E-01 -6.704982045E-01
2.11700000000E+09 +1.363588103E-04 +5.032146971E-04 +1.360341195E-01 +4.054568029E-03 +9.096866598E-01 -6.405602906E-01
2.13000000000E+09 +5.648595773E-04 -2.761541939E-04 +1.164914669E-01 -1.609927420E-01 +9.314711824E-01 -6.100772783E-01
2.14300000000E+09 -4.330994624E-04 -2.524082913E-04 -1.177286436E-01 -1.973934170E-01 +9.507407709E-01 -5.805065104E-01
2.15600000000E+09 +8.633296923E-05 +4.113791380E-04 -2.093821163E-01 -3.967746607E-02 +9.692316400E-01 -5.503515506E-01
2.16900000000E+09 +2.721157611E-04 -1.267027103E-04 -2.163730371E-01 +5.580400741E-02 +9.867792160E-01 -5.175189216E-01
2.18200000000E+09 -7.046930572E-05 -1.411596344E-04 -2.260708438E-01 +1.914515365E-01 +1.003120727E+00 -4.839741875E-01
2.19500000000E+09 -1.986191016E-04 +1.135052957E-04 -1.045561825E-01 +3.687761991E-01 +1.020149581E+00 -4.500555943E-01
2.20800000000E+09 +6.251613250E-05 +3.240003993E-04 +1.648674125E-01 +4.129270858E-01 +1.036038504E+00 -4.143670398E-01
2.22100000000E+09 +3.398542598E-04 -1.475086382E-04 +3.892365637E-01 +2.223586897E-01 +1.050735243E+00 -3.801555880E-01
2.23400000000E+09 -4.064810869E-04 -1.266590279E-04 +3.969890672E-01 -1.182169500E-02 +1.064419354E+00 -3.479196489E-01
2.24700000000E+09 +1.460703025E-05 +2.510561223E-04 +3.557415793E-01 -1.955740339E-01 +1.074046442E+00 -3.127964453E-01
2.26000000000E+09 +2.592927305E-04 -8.583172005E-05 +1.674143854E-01 -3.861863352E-01 +1.084451742E+00 -2.774272594E-01
2.27300000000E+09 -5.572093457E-05 -1.992604235E-04 -1.364305599E-01 -3.712444179E-01 +1.092993466E+00 -2.406213598E-01
2.28600000000E+09 -1.730053300E-04 +1.000301890E-04 -3.201077768E-01 -1.382776436E-01 +1.101064641E+00 -2.039331445E-01
2.29900000000E+09 +8.382803282E-05 +1.699953673E-04 -2.765132415E-01 +1.106882096E-01 +1.107860472E+00 -1.668591392E-01
2.31200000000E+09 +1.721483819E-04 -2.124599074E-04 -1.497471018E-01 +2.183138035E-01 +1.114515876E+00 -1.304267968E-01
2.32500000000E+09 -4.180989296E-04 -3.796079019E-05 -4.107495952E-02 +3.109732623E-01 +1.120280972E+00 -9.440956546E-02
2.33800000000E+09 +1.167103827E-04 +3.573928453E-04 +1.863954302E-01 +3.149839750E-01 +1.123026182E+00 -5.781854755E-02
2.35100000000E+09 +2.767915445E-04 -1.979795635E-04 +3.007840183E-01 +1.361359900E-01 +1.124517427E+00 -2.081079020E-02
2.36400000000E+09 -1.731569396E-04 -1.055431107E-04 +2.616956092E-01 +1.732818095E-02 +1.123631115E+00 +1.660213789E-02
2.37700000000E+09 -1.432780257E-04 +1.777099662E-04 +2.450102518E-01 -2.730041974E-02 +1.123468267E+00 +5.470526741E-02
2.39000000000E+09 +2.083156522E-04 +1.573198522E-04 +2.319471108E-01 -1.224547981E-01 +1.121940027E+00 +9.280932304E-02
2.40300000000E+09 +1.567505543E-04 -2.848943919E-04 +9.739664117E-02 -2.076180125E-01 +1.119347495E+00 +1.307544610E-01
2.41600000000E+09 -4.103640237E-04 -8.501914074E-05 -5.336130728E-02 -1.078012098E-01 +1.115938252E+00 +1.682518464E-01
2.42900000000E+09 +1.567128508E-04 +3.274093324E-04 -1.762960532E-02 -1.116573447E-03 +1.110748029E+00 +2.040109139E-01
2.44200000000E+09 +6.948435723E-05 -1.728050819E-04 -3.167251117E-02 +2.000772134E-02 +1.102671971E+00 +2.398565517E-01
2.45500000000E+09 -2.476899645E-04 -6.433923807E-05 -1.655659994E-02 +1.314560797E-01 +1.095292103E+00 +2.764567147E-01
2.46800000000E+09 -1.066126651E-04 +2.189908311E-04 +1.218060585E-01 +1.768722475E-01 +1.085917083E+00 +3.140004624E-01
2.48100000000E+09 +2.158305337E-04 +9.329941049E-05 +2.201221412E-01 +7.314198225E-02 +1.075400916E+00 +3.508562985E-01
2.49400000000E+09 +4.211490656E-05 -3.159417105E-04 +1.629739798E-01 -3.194812544E-02 +1.064515375E+00 +3.873852693E-01
2.50700000000E+09 -4.211377538E-04 +9.478825496E-05 +1.063766688E-01 +8.868371203E-03 +1.052788020E+00 +4.233692182E-01
2.52000000000E+09 +3.746598463E-04 +2.335764584E-04 +1.409150394E-01 -3.062530732E-02 +1.039676295E+00 +4.565862714E-01
2.53300000000E+09 +7.882964752E-05 -3.849180500E-04 +2.698817023E-02 -5.406043826E-02 +1.024554289E+00 +4.904112443E-01
2.54600000000E+09 -2.589437976E-04 -4.173507561E-06 -1.900581456E-02 +7.500808553E-02 +1.006846352E+00 +5.247561207E-01
2.55900000000E+09 -1.897043799E-05 +2.447446346E-04 +7.227902195E-02 +1.559834027E-01 +9.889205667E-01 +5.592883357E-01
2.57200000000E+09 +2.742732938E-04 +7.381380635E-05 +1.491810670E-01 +1.304797913E-01 +9.699695971E-01 +5.938205697E-01
2.58500000000E+09 +3.658754156E-05 -3.481468085E-04 +1.616030371E-01 +1.249268038E-01 +9.503934324E-01 +6.272930960E-01
2.59800000000E+09 -3.866764466E-04 +2.101741326E-04 +2.758570043E-01 +1.439473111E-01 +9.312860131E-01 +6.594470210E-01
2.61100000000E+09 +2.740510450E-04 +1.640446591E-04 +3.679965868E-01 -4.708461709E-02 +9.091974930E-01 +6.896182630E-01
2.62400000000E+09 +6.056956135E-07 -1.908471532E-04 +2.403798269E-01 -2.109430367E-01 +8.853275129E-01 +7.185511914E-01
2.63700000000E+09 -1.381728816E-04 +8.375976445E-05 +8.057469730E-02 -2.449316776E-01 +8.605535915E-01 +7.472957714E-01
2.65000000000E+09 +1.201818645E-04 +1.801117253E-04 -8.281294942E-02 -2.221521280E-01 +8.357834394E-01 +7.764533340E-01
2.66300000000E+09 +2.370599692E-04 -8.354638576E-05 -2.682513112E-01 -8.095942840E-02 +8.097610552E-01 +8.061743068E-01
2.67600000000E+09 -2.059387136E-05 -3.134724550E-04 -3.100075502E-01 +2.369173985E-01 +7.820707810E-01 +8.353502218E-01
2.68900000000E+09 -2.812773240E-04 +1.071274189E-04 -4.388972682E-02 +4.910907741E-01 +7.541000839E-01 +8.622914968E-01
2.70200000000E+09 +3.015796798E-04 +1.518915225E-04 +2.715118701E-01 +4.305551478E-01 +7.273077868E-01 +8.876275735E-01
2.71500000000E+09 +2.718162470E-05 -2.665850139E-04 +4.254317592E-01 +2.734284983E-01 +6.980487563E-01 +9.115290284E-01
2.72800000000E+09 -2.488473166E-04 +4.940797251E-05 +5.282866437E-01 +7.165874410E-02 +6.680117764E-01 +9.335982065E-01
2.74100000000E+09 -1.344218234E-05 +2.146764409E-04 +5.001910547E-01 -2.057911875E-01 +6.349546696E-01 +9.567265079E-01
2.75400000000E+09 +2.364952064E-04 +1.368231570E-04 +2.610027238E-01 -4.354097831E-01 +6.011339782E-01 +9.799380999E-01
2.76700000000E+09 +1.555764961E-04 -1.542431640E-04 -1.146250215E-01 -4.083913426E-01 +5.657868842E-01 +1.000414193E+00
2.78000000000E+09 -3.028490599E-04 -8.698918483E-05 -2.898634959E-01 -8.849836448E-02 +5.320687373E-01 +1.020569156E+00
2.79300000000E+09 +1.974872182E-04 +3.608515995E-04 -1.762122865E-01 +1.088268339E-01 +4.987740404E-01 +1.039423873E+00
2.80600000000E+09 +7.845594622E-05 -3.533606576E-04 -1.095227480E-01 +2.249634155E-01 +4.650344771E-01 +1.055656942E+00
2.81900000000E+09 -3.350955300E-04 +3.765099466E-05 +9.377448597E-02 +2.989573342E-01 +4.297797781E-01 +1.071484024E+00
2.83200000000E+09 +3.766378529E-05 +2.956119063E-04 +2.524420842E-01 +1.615216244E-01 +3.926894722E-01 +1.086374146E+00
2.84500000000E+09 +2.841318399E-04 -5.960719555E-06 +2.056613481E-01 +1.312981235E-02 +3.545385821E-01 +1.100568057E+00
2.85800000000E+09 -5.004709776E-05 -2.880626674E-04 +1.306545693E-01 +4.491388103E-02 +3.164314163E-01 +1.113106446E+00
2.87100000000E+09 -4.109598565E-04 +7.941728962E-05 +2.272990686E-01 +6.926695001E-02 +2.777456327E-01 +1.125625796E+00
2.88400000000E+09 +1.879352870E-04 +4.571953014E-04 +2.730574306E-01 -9.840754930E-02 +2.387491082E-01 +1.136226293E+00
2.89700000000E+09 +2.891130688E-04 -4.255147574E-04 +1.060896633E-01 -1.864944708E-01 +2.009450059E-01 +1.145104214E+00
2.91000000000E+09 -5.216536560E-04 +1.458601156E-05 +3.705309305E-02 -1.245383034E-01 +1.630936784E-01 +1.152687832E+00
2.92300000000E+09 +1.744559978E-04 +3.856341672E-04 -4.288094612E-02 -1.349200376E-01 +1.242231563E-01 +1.158134050E+00
2.93600000000E+09 +2.290642115E-04 -1.650550270E-04 -1.633022202E-01 +1.167154847E-02 +8.392722838E-02 +1.161639254E+00
2.94900000000E+09 -1.296335993E-04 -1.901289918E-04 -6.009435602E-02 +2.328413142E-01 +4.329892026E-02 +1.164643178E+00
2.96200000000E+09 -2.408239745E-04 +1.103741830E-04 +1.997448980E-01 +2.504878382E-01 +2.238039337E-03 +1.167066223E+00
2.97500000000E+09 +1.805209003E-04 +3.219314196E-04 +3.409800832E-01 +4.505123506E-02 -3.873360594E-02 +1.168497751E+00
2.98800000000E+09 +3.300655829E-04 -3.942177843E-04 +2.623082522E-01 -1.309921474E-01 -7.909352212E-02 +1.169145866E+00
3.00100000000E+09 -5.093178572E-04 +3.836701549E-06 +1.763378042E-01 -2.103492517E-01 -1.177430611E-01 +1.167478555E+00
3.01400000000E+09 +1.802525242E-04 +3.642987241E-04 +4.296657271E-03 -2.932844228E-01 -1.569314815E-01 +1.163462355E+00
3.02700000000E+09 +2.389325618E-04 -1.639970215E-04 -2.107824763E-01 -1.469410796E-01 -1.972996370E-01 +1.157447584E+00
3.04000000000E+09 -1.759364449E-04 -2.367887289E-04 -1.953922994E-01 +1.181570750E-01 -2.377807869E-01 +1.151059273E+00
3.05300000000E+09 -3.462743467E-04 +6.967539010E-05 +5.052851844E-03 +2.402916937E-01 -2.799937751E-01 +1.143132914E+00
3.06600000000E+09 +1.930124706E-05 +3.122361986E-04 +1.652845776E-01 +1.850603573E-01 -3.201783184E-01 +1.132758893E+00
3.07900000000E+09 +2.738087600E-04 -3.057869348E-04 +2.338321195E-01 +1.322357337E-01 -3.590910087E-01 +1.124554075E+00
3.09200000000E+09 -5.550064332E-04 -1.183000237E-04 +3.663385840E-01 +4.284069613E-02 -3.980721558E-01 +1.114829848E+00
3.10500000000E+09 +4.580838041E-05 +3.134930805E-04 +3.582459973E-01 -1.943426681E-01 -4.354017195E-01 +1.099833464E+00
3.11800000000E+09 +2.026097722E-04 -1.774423748E-04 +1.825202393E-01 -2.990147398E-01 -4.723853156E-01 +1.085210449E+00
3.13100000000E+09 -6.296297629E-05 -2.254087211E-04 +5.804227317E-02 -2.839648397E-01 -5.118927789E-01 +1.068436483E+00
3.14400000000E+09 -2.075228743E-04 +1.138893910E-04 -4.531412715E-02 -2.776245670E-01 -5.492629066E-01 +1.051226900E+00
3.15700000000E+09 +1.103810961E-04 +2.611309087E-04 -2.081320863E-01 -2.047731088E-01 -5.872469578E-01 +1.032239313E+00
3.17000000000E+09 +2.771889909E-04 -1.930544353E-04 -3.013257815E-01 +4.374858018E-02 -6.240841395E-01 +1.012684696E+00
3.18300000000E+09 -2.935461066E-04 -2.352960601E-04 -1.180358131E-01 +3.061838460E-01 -6.598607918E-01 +9.916902770E-01
3.19600000000E+09 -1.063545161E-05 +3.447618757E-04 +1.528133477E-01 +2.983762195E-01 -6.939029176E-01 +9.701905579E-01
3.20900000000E+09 +2.342369559E-04 -2.876426579E-04 +3.249919412E-01 +2.118816800E-01 -7.263282405E-01 +9.488854701E-01
3.22200000000E+09 -2.277772748E-04 -1.637088309E-04 +4.750048192E-01 +9.598770293E-03 -7.600692329E-01 +9.232677392E-01
3.23500000000E+09 -2.438889597E-04 +9.673727192E-05 +4.371826506E-01 -2.742343338E-01 -7.946292418E-01 +8.950804332E-01
3.24800000000E+09 -9.210275733E-06 +2.257690012E-04 +2.115810123E-01 -4.589401267E-01 -8.261441170E-01 +8.656298762E-01
3.26100000000E+09 +2.246090734E-04 -6.225846030E-06 -8.077444025E-02 -4.400958402E-01 -8.569956093E-01 +8.375613160E-01
3.27400000000E+09 -6.519165575E-05 -2.972391341E-04 -2.592893804E-01 -2.275498950E-01 -8.873726693E-01 +8.085295427E-01
3.28700000000E+09 -2.274420830E-04 +3.574678908E-04 -2.601314188E-01 -1.594153849E-02 -9.163921342E-01 +7.805095153E-01
3.30000000000E+09 +4.618728635E-04 -1.332472161E-04 -1.808697823E-01 +2.126012674E-01 -9.434795376E-01 +7.510159221E-01
3.31300000000E+09 -1.957448498E-04 -3.225435689E-04 +1.271526874E-01 +3.054598131E-01 -9.697309104E-01 +7.176883988E-01
3.32600000000E+09 -2.081483052E-04 +1.345341026E-04 +3.421844911E-01 +1.102070149E-01 -9.946734817E-01 +6.827730570E-01
3.33900000000E+09 +9.923516191E-05 +2.094919402E-04 +3.282860103E-01 -1.071211004E-01 -1.019369481E+00 +6.470141419E-01
3.35200000000E+09 +2.132233220E-04 -1.286787089E-04 +2.235781476E-01 -2.032823346E-01 -1.043253508E+00 +6.114505760E-01
3.36500000000E+09 -1.378257650E-04 -2.383614371E-04 +1.536780011E-01 -2.325717471E-01 -1.065468568E+00 +5.747417081E-01
3.37800000000E+09 -3.442405317E-04 +2.850670718E-04 +6.695946443E-02 -2.849934070E-01 -1.088142725E+00 +5.372689237E-01
3.39100000000E+09 +6.513458109E-04 +3.125321910E-04 -1.006816399E-01 -2.299135668E-01 -1.109968884E+00 +4.999635365E-01
3.40400000000E+09 -1.965903996E-04 -4.793005239E-04 -9.596671147E-02 -6.579877063E-02 -1.125342751E+00 +4.643865623E-01
3.41700000000E+09 -2.223264264E-04 +3.400536333E-04 -6.107440589E-02 -3.815349103E-02 -1.140882671E+00 +4.259325549E-01
3.43000000000E+09 +2.951729980E-04 +1.256875184E-04 -6.693929036E-02 +5.305200334E-02 -1.155971422E+00 +3.849398652E-01
3.44300000000E+09 +1.280243901E-04 -2.435621411E-04 +5.751142566E-02 +1.621918161E-01 -1.170281683E+00 +3.427380545E-01
3.45600000000E+09 -2.301077188E-04 -2.232473750E-04 +2.519687064E-01 +1.193352793E-01 -1.183426505E+00 +2.990302812E-01
3.46900000000E+09 -2.627771716E-04 +1.950777601E-04 +3.407096162E-01 -5.758515911E-02 -1.194224423E+00 +2.564982373E-01
3.48200000000E+09 +4.093985921E-04 +2.748027861E-04 +2.815157597E-01 -2.043141836E-01 -1.206456034E+00 +2.147671317E-01
3.49500000000E+09 -7.840840106E-05 -5.021322039E-04 +2.324026726E-01 -2.865698508E-01 -1.215330212E+00 +1.756389634E-01
3.50800000000E+09 -2.614393337E-04 +2.216412721E-04 +8.580799903E-02 -4.068821534E-01 -1.220086310E+00 +1.347400205E-01
3.52100000000E+09 +1.503081245E-04 +2.003682237E-04 -1.475960347E-01 -3.504036090E-01 -1.223601203E+00 +9.060601824E-02
3.53400000000E+09 +1.628084189E-04 -1.108802149E-04 -2.541370887E-01 -1.311998811E-01 -1.226440234E+00 +4.682504353E-02
3.54700000000E+09 -1.393302015E-04 -1.694360928E-04 -1.746636346E-01 +7.137419990E-02 -1.229222515E+00 +2.706570988E-03
3.56000000000E+09 -2.325423149E-04 +1.839797786E-04 -2.701047905E-02 +1.561296994E-01 -1.230371022E+00 -4.228808033E-02
3.57300000000E+09 +3.395657843E-04 +1.970466700E-04 +1.210896531E-01 +1.886409771E-01 -1.231162517E+00 -8.565183041E-02
3.58600000000E+09 -7.295537967E-05 -4.343356194E-04 +3.339027946E-01 +1.157267111E-01 -1.230553322E+00 -1.271690236E-01
3.59900000000E+09 -3.012538387E-04 +2.241807302E-04 +4.059619836E-01 -1.256138657E-01 -1.226287106E+00 -1.693773623E-01
3.61200000000E+09 +6.283022727E-05 +1.031229936E-04 +3.052996543E-01 -3.028337655E-01 -1.216771931E+00 -2.114742578E-01
3.62500000000E+09 +9.576319432E-05 -6.839133670E-05 +1.628251127E-01 -3.870756996E-01 -1.209696383E+00 -2.549070511E-01
3.63800000000E+09 -1.140152151E-04 -1.231368929E-04 -9.882945518E-03 -4.082938132E-01 -1.201736132E+00 -2.991400887E-01
3.65100000000E+09 -2.126982251E-04 +1.263363066E-04 -2.095639575E-01 -3.122635260E-01 -1.190859995E+00 -3.440195036E-01
3.66400000000E+09 +2.547162096E-04 +2.822434442E-04 -3.064290213E-01 -4.423667756E-02 -1.180236869E+00 -3.882125962E-01
3.67700000000E+09 +6.984335064E-05 -3.560413462E-04 -1.255713508E-01 +2.186068087E-01 -1.168959146E+00 -4.274124590E-01
3.69000000000E+09 -3.164891361E-04 +8.353682884E-05 +1.388841942E-01 +2.296142297E-01 -1.154269261E+00 -4.676501110E-01
3.70300000000E+09 +1.397814792E-04 +8.793947806E-05 +3.246431183E-01 +1.291692598E-01 -1.137445316E+00 -5.058257976E-01
3.71600000000E+09 +9.667310888E-05 -2.844201520E-04 +4.428408706E-01 -7.638446664E-02 -1.121844134E+00 -5.483494874E-01
3.72900000000E+09 -1.539610328E-04 -1.537338355E-04 +3.867754626E-01 -3.371717974E-01 -1.099459342E+00 -5.893891987E-01
3.74200000000E+09 -1.970576605E-04 +2.136208990E-05 +1.464661985E-01 -4.932435311E-01 -1.075406756E+00 -6.277787336E-01
3.75500000000E+09 +4.758680113E-05 +2.075523907E-04 -1.417821468E-01 -4.221379758E-01 -1.054212597E+00 -6.662467922E-01
3.76800000000E+09 +2.048273433E-04 -3.446018410E-04 -2.685421419E-01 -1.781977423E-01 -1.034758612E+00 -7.063918567E-01
3.78100000000E+09 -3.931810994E-04 +2.130325320E-05 -2.381128303E-01 +3.497137787E-02 -1.011210516E+00 -7.411794802E-01
3.79400000000E+09 +1.122096338E-04 +2.211604686E-04 -9.409571494E-02 +2.401975449E-01 -9.842758052E-01 -7.745102305E-01
3.80700000000E+09 +9.735128076E-05 -2.173944939E-04 +1.942526324E-01 +2.774836672E-01 -9.579626121E-01 -8.090170640E-01
3.82000000000E+09 -1.248508354E-04 -1.631319172E-04 +3.952624020E-01 +8.883449503E-02 -9.268130722E-01 -8.437706713E-01
3.83300000000E+09 -1.294805852E-04 +8.006220661E-05 +3.896689849E-01 -1.397146149E-01 -8.965092598E-01 -8.760324992E-01
3.84600000000E+09 +1.823372589E-04 +9.419484395E-05 +2.780921876E-01 -2.582464194E-01 -8.671448221E-01 -9.094146962E-01
3.85900000000E+09 +2.602935856E-04 -4.160054295E-04 +1.842330810E-01 -3.134519771E-01 -8.330637013E-01 -9.448149532E-01
3.87200000000E+09 -4.137795510E-04 +2.604183581E-05 +3.683053096E-02 -3.612536116E-01 -8.029166075E-01 -9.721789010E-01
3.88500000000E+09 +1.978177512E-04 +3.022612446E-04 -1.314595551E-01 -2.624883891E-01 -7.696534176E-01 -9.990078081E-01
3.89800000000E+09 +1.362288877E-04 -1.692684260E-04 -1.694831864E-01 -1.177654386E-01 -7.339932305E-01 -1.024186165E+00
3.91100000000E+09 -1.370847490E-04 -5.448166839E-05 -1.819747097E-01 -1.747308663E-03 -6.977561535E-01 -1.049069745E+00
3.92400000000E+09 +5.074611066E-05 +2.285140747E-04 -1.432455581E-01 +1.688312880E-01 -6.619760499E-01 -1.075216925E+00
3.93700000000E+09 +3.092006401E-04 +1.443991052E-05 +5.043387001E-02 +3.045149053E-01 -6.219152554E-01 -1.100777872E+00
3.95000000000E+09 +7.565423865E-05 -2.435332325E-04 +3.077712333E-01 +2.409115974E-01 -5.815922421E-01 -1.121203376E+00
3.96300000000E+09 -2.407453280E-04 -6.600574391E-06 +4.191977276E-01 +1.944757698E-02 -5.431927972E-01 -1.141722259E+00
3.97600000000E+09 +1.910487007E-04 +1.356793928E-04 +3.808118522E-01 -1.684524623E-01 -5.067171607E-01 -1.160716398E+00
3.98900000000E+09 +7.064092301E-05 -2.959588808E-04 +2.776864787E-01 -3.332909069E-01 -4.670777136E-01 -1.179272113E+00
4.00200000000E+09 -1.443972031E-04 -8.230656852E-05 +5.587782381E-02 -4.190377697E-01 -4.231783549E-01 -1.193108053E+00
4.01500000000E+09 -7.465804601E-05 +6.636521885E-05 -1.787259231E-01 -3.282438687E-01 -3.804721290E-01 -1.205940046E+00
4.02800000000E+09 +1.350030362E-04 +9.907901828E-05 -2.851075610E-01 -1.111875659E-01 -3.369760422E-01 -1.220077304E+00
4.04100000000E+09 +8.564666546E-05 -1.631647168E-04 -2.295941387E-01 +8.644213056E-02 -2.938491285E-01 -1.231819708E+00
4.05400000000E+09 -2.236277297E-04 +7.889500483E-06 -1.147189173E-01 +1.974188272E-01 -2.514166622E-01 -1.242884134E+00
4.06700000000E+09 +1.785548642E-04 +2.926764996E-04 +5.556606382E-02 +2.609084479E-01 -2.080470540E-01 -1.253367639E+00
4.08000000000E+09 +1.341709575E-04 -2.478075109E-04 +2.486472205E-01 +1.579081907E-01 -1.656981708E-01 -1.259493719E+00
4.09300000000E+09 -1.737918998E-04 -5.969340146E-05 +2.820967884E-01 -2.872007830E-02 -1.214511140E-01 -1.263188075E+00
4.10600000000E+09 -2.615366842E-05 +1.888659787E-04 +2.226131627E-01 -1.518057927E-01 -7.684034088E-02 -1.266856841E+00
4.11900000000E+09 +7.809441173E-05 +2.124793217E-05 +1.425973330E-01 -2.440250966E-01 -3.293797848E-02 -1.267348717E+00
4.13200000000E+09 +2.679364707E-05 -1.206793941E-04 -2.729967588E-03 -3.129182628E-01 +1.222679256E-02 -1.268434773E+00
4.14500000000E+09 -2.419253594E-04 +5.494696088E-05 -2.033351283E-01 -2.569079799E-01 +5.813817917E-02 -1.269909935E+00
4.15800000000E+09 +1.363387057E-04 +2.626627412E-04 -2.967789543E-01 -5.004378704E-02 +1.029170261E-01 -1.267993626E+00
4.17100000000E+09 +4.776440683E-05 -1.977763222E-04 -2.204743174E-01 +1.306212056E-01 +1.439408205E-01 -1.263885432E+00
4.18400000000E+09 -1.603973030E-04 +1.077497254E-04 -7.068916388E-02 +2.416372206E-01 +1.860249543E-01 -1.258402888E+00
4.19700000000E+09 +1.817299237E-04 +1.630778661E-04 +1.641880449E-01 +2.330887572E-01 +2.298401206E-01 -1.252287937E+00
4.21000000000E+09 +1.610698893E-04 -1.647027075E-04 +3.403228519E-01 +2.396784485E-02 +2.749154610E-01 -1.243541004E+00
4.22300000000E+09 -6.803007126E-05 -2.178758485E-04 +3.046493745E-01 -2.586248038E-01 +3.209434235E-01 -1.231821591E+00
4.23600000000E+09 -2.644058471E-04 +1.517551149E-04 +8.898313597E-02 -4.287645202E-01 +3.652195294E-01 -1.221974012E+00
4.24900000000E+09 +8.794257947E-05 +2.154119700E-04 -1.569366274E-01 -4.233840084E-01 +4.066111181E-01 -1.206518384E+00
4.26200000000E+09 -1.516242355E-05 -1.666277428E-04 -3.639426277E-01 -2.959899823E-01 +4.438071838E-01 -1.194316224E+00
4.27500000000E+09 -1.865782199E-04 +1.825450502E-04 -4.639127791E-01 -2.028474010E-02 +4.823667869E-01 -1.180426386E+00
4.28800000000E+09 +8.625019469E-05 +1.917810843E-04 -3.121717507E-01 +2.697424861E-01 +5.258592843E-01 -1.161441384E+00
4.30100000000E+09 +2.120907483E-04 -1.456877133E-04 +5.207149678E-03 +3.503207121E-01 +5.664541277E-01 -1.142966955E+00
4.31400000000E+09 -9.233334119E-05 -2.340954837E-04 +2.623831722E-01 +1.966633375E-01 +6.079063821E-01 -1.120665015E+00
4.32700000000E+09 -1.936427964E-04 +1.287057443E-04 +3.525490530E-01 -4.389413932E-02 +6.462296256E-01 -1.098961804E+00
4.34000000000E+09 +2.320236364E-04 +9.337247359E-05 +3.164209332E-01 -2.725712401E-01 +6.825484759E-01 -1.078180817E+00
4.35300000000E+09 +7.930663668E-05 -3.000493210E-04 +1.500766586E-01 -4.591013526E-01 +7.209264420E-01 -1.054655594E+00
4.36600000000E+09 -3.024824406E-04 -3.078922921E-05 -9.508298674E-02 -4.760936096E-01 +7.573057465E-01 -1.029121031E+00
4.37900000000E+09 +3.881636014E-05 +7.810515900E-05 -2.524757477E-01 -3.589057335E-01 +7.871684012E-01 -9.998853042E-01
4.39200000000E+09 +1.055486141E-04 -1.474859173E-04 -3.226452241E-01 -2.175263522E-01 +8.209010783E-01 -9.743027710E-01
4.40500000000E+09 -1.285964559E-04 -8.186657603E-05 -3.348534414E-01 -5.456806171E-02 +8.543704515E-01 -9.438990794E-01
4.41800000000E+09 -1.112846150E-04 +1.201365785E-04 -2.472139474E-01 +1.210740605E-01 +8.876571881E-01 -9.128239331E-01
4.43100000000E+09 +1.983829653E-04 +2.189508026E-04 -3.933297884E-02 +2.149526960E-01 +9.220802441E-01 -8.807682118E-01
4.44400000000E+09 +1.090523330E-04 -2.819853274E-04 +1.732409009E-01 +1.409444228E-01 +9.515682842E-01 -8.498858248E-01
4.45700000000E+09 -2.003650018E-04 +1.391310661E-04 +2.887425525E-01 +1.617495372E-03 +9.771712392E-01 -8.200585376E-01
4.47000000000E+09 +1.840383838E-04 +3.599428200E-05 +3.446582702E-01 -1.912156998E-01 +1.001163677E+00 -7.868112822E-01
4.48300000000E+09 +8.317026068E-05 -2.194723903E-04 +2.565615937E-01 -3.928818879E-01 +1.029099898E+00 -7.529585511E-01
4.49600000000E+09 -1.833501488E-04 -1.264576855E-04 +6.321371504E-02 -4.835683753E-01 +1.055844785E+00 -7.145514655E-01
4.50900000000E+09 -2.494452762E-04 +1.500313283E-04 -1.290739220E-01 -4.329627955E-01 +1.082680047E+00 -6.740389784E-01
4.52200000000E+09 +1.511295250E-04 +2.930661722E-04 -2.398861081E-01 -2.933747620E-01 +1.105860344E+00 -6.341679357E-01
4.53500000000E+09 +2.234210470E-04 -1.767763533E-04 -2.751521177E-01 -1.340007424E-01 +1.125044630E+00 -5.961554289E-01
4.54800000000E+09 -2.159760596E-04 +5.823664421E-05 -2.236134921E-01 +7.182315549E-02 +1.143075032E+00 -5.622721630E-01
4.56100000000E+09 +2.451787652E-04 +2.101300694E-05 -3.478849404E-03 +1.924194404E-01 +1.157727462E+00 -5.271235561E-01
4.57400000000E+09 +7.446703146E-05 -2.822460373E-04 +2.104431205E-01 +1.295644480E-01 +1.177534918E+00 -4.877167682E-01
4.58700000000E+09 -2.410958506E-04 -1.342534612E-04 +3.250213302E-01 -1.727757643E-02 +1.195085927E+00 -4.441830023E-01
4.60000000000E+09 -1.600042702E-04 +2.866938597E-04 +3.459776001E-01 -1.881919570E-01 +1.211085205E+00 -4.012404112E-01
4.61300000000E+09 +2.162842521E-04 +1.272815077E-04 +2.631269738E-01 -3.531957052E-01 +1.222571235E+00 -3.572674455E-01
4.62600000000E+09 -2.099861913E-05 -2.440572384E-04 +6.298451497E-02 -4.348668902E-01 +1.233637643E+00 -3.177035998E-01
4.63900000000E+09 -2.814416876E-04 +2.991119691E-05 -1.519754515E-01 -3.279392869E-01 +1.244823739E+00 -2.738825824E-01
4.65200000000E+09 +1.769115345E-04 +1.879647024E-04 -2.219472429E-01 -1.181008910E-01 +1.252615805E+00 -2.340977340E-01
4.66500000000E+09 +1.104465358E-04 -1.012118460E-04 -1.707611657E-01 +9.206719934E-02 +1.257181263E+00 -1.896649498E-01
4.67800000000E+09 -6.515555308E-07 -1.568641459E-05 +2.001882824E-02 +2.499000191E-01 +1.258719142E+00 -1.456913003E-01
4.69100000000E+09 -4.317430407E-05 +1.748413789E-04 +2.905867798E-01 +2.266587049E-01 +1.266894585E+00 -1.038563130E-01
4.70400000000E+09 +1.634019968E-04 -8.655591824E-05 +4.580180232E-01 +6.253769020E-03 +1.269273675E+00 -6.252438836E-02
4.71700000000E+09 +9.122486240E-06 -2.489344046E-04 +4.064512783E-01 -2.560091838E-01 +1.273340928E+00 -1.517521823E-02
4.73000000000E+09 -3.098260145E-04 +7.913944178E-05 +2.082910510E-01 -3.883289336E-01 +1.275044048E+00 +2.816719811E-02
4.74300000000E+09 +1.491827175E-04 +1.085146637E-04 -1.216866430E-02 -3.980532206E-01 +1.269839109E+00 +6.790785140E-02
4.75600000000E+09 +5.635642513E-05 -1.332491874E-04 -2.386405029E-01 -2.630271414E-01 +1.265357054E+00 +1.104844069E-01
4.76900000000E+09 -1.400934108E-04 -5.332075015E-05 -3.283902593E-01 +2.300016068E-02 +1.260357262E+00 +1.538023413E-01
4.78200000000E+09 -8.082813279E-05 +1.500975275E-04 -1.904434905E-01 +2.988785776E-01 +1.254173821E+00 +1.985169548E-01
4.79500000000E+09 +1.663672091E-04 +1.535993681E-04 +8.174757855E-02 +3.916410817E-01 +1.246241426E+00 +2.447837913E-01
4.80800000000E+09 +2.510035703E-04 -3.405523278E-04 +3.073760442E-01 +2.939413878E-01 +1.239797915E+00 +2.926312236E-01
4.82100000000E+09 -2.449637796E-04 -2.586730176E-05 +4.207895415E-01 +1.267340122E-01 +1.227406323E+00 +3.286345526E-01
4.83400000000E+09 +1.712249784E-04 +1.074074927E-04 +4.400349919E-01 -9.425590141E-02 +1.216533043E+00 +3.647726418E-01
4.84700000000E+09 +1.697099423E-04 -2.142441510E-04 +2.959750275E-01 -2.838484225E-01 +1.206187231E+00 +4.083755517E-01
4.86000000000E+09 -1.001442765E-04 +1.161987709E-05 +8.785105908E-02 -3.419367882E-01 +1.185526875E+00 +4.445343588E-01
4.87300000000E+09 +1.487621772E-05 +2.255071797E-04 -1.070238862E-01 -3.012053762E-01 +1.173461718E+00 +4.845928597E-01
4.88600000000E+09 +1.245246664E-04 +1.630618954E-05 -2.750660954E-01 -1.788059126E-01 +1.152410939E+00 +5.262754248E-01
4.89900000000E+09 +2.927115839E-05 -1.103115970E-04 -3.729412886E-01 +3.728655508E-02 +1.132520789E+00 +5.662978383E-01
4.91200000000E+09 -2.775384662E-04 -1.195026609E-04 -3.112834814E-01 +2.982781187E-01 +1.113197055E+00 +6.110288807E-01
4.92500000000E+09 -4.680400221E-05 +2.978557478E-04 -7.980445574E-02 +4.435934232E-01 +1.091142477E+00 +6.481521285E-01
4.93800000000E+09 +1.290067192E-04 -1.802983033E-04 +1.516487535E-01 +4.099682045E-01 +1.073016981E+00 +6.794150374E-01
4.95100000000E+09 -1.073422243E-04 -2.290849894E-05 +3.347830221E-01 +2.683560625E-01 +1.046888294E+00 +7.121066962E-01
4.96400000000E+09 +2.432846699E-05 +8.725430921E-05 +4.067179237E-01 +2.033377949E-02 +1.021290218E+00 +7.450772813E-01
4.97700000000E+09 +1.431398398E-04 +1.209820998E-04 +3.021962783E-01 -2.347095579E-01 +9.948216907E-01 +7.856436781E-01
4.99000000000E+09 +1.097431465E-05 -1.708510304E-04 +5.486634159E-02 -3.723256038E-01 +9.691594096E-01 +8.168768941E-01
5.00300000000E+09 -7.371338138E-05 -8.711299511E-05 -2.149735751E-01 -3.209016605E-01 +9.353809247E-01 +8.491017113E-01
5.01600000000E+09 -7.458703476E-05 +1.773423746E-04 -3.660457314E-01 -1.365665975E-01 +9.074755608E-01 +8.822404181E-01
5.02900000000E+09 +2.766748959E-04 -6.881218752E-05 -3.975282681E-01 +6.370272590E-02 +8.796944186E-01 +9.140192383E-01
5.04200000000E+09 -2.708506072E-04 -9.840367324E-05 -2.958342665E-01 +2.594022640E-01 +8.530743625E-01 +9.390788688E-01
5.05500000000E+09 -1.197844794E-05 +2.597084977E-04 -8.981639350E-02 +3.145251523E-01 +8.201680370E-01 +9.655674568E-01
5.06800000000E+09 +1.748627763E-04 +8.212150084E-05 +6.989827346E-02 +2.247761472E-01 +7.822304340E-01 +9.939605405E-01
5.08100000000E+09 +1.208826865E-04 -1.443919209E-04 +1.313467815E-01 +8.925862888E-02 +7.451057634E-01 +1.019892096E+00
5.09400000000E+09 -1.190599850E-04 -3.285350138E-05 +1.351400704E-01 -3.782275968E-02 +7.108241355E-01 +1.042920402E+00
5.10700000000E+09 -1.162552880E-05 +2.276340222E-04 +8.856612564E-02 -1.808533084E-01 +6.748611958E-01 +1.068929021E+00
5.12000000000E+09 +2.392183067E-04 -1.778835010E-04 -7.544510118E-02 -2.794359039E-01 +6.405280704E-01 +1.092063839E+00
5.13300000000E+09 -2.174185968E-04 -1.376543664E-04 -2.398361051E-01 -2.207356037E-01 +6.028856699E-01 +1.112162416E+00
5.14600000000E+09 -7.207285838E-05 +1.890350720E-04 -3.197899091E-01 -1.115101548E-01 +5.641231091E-01 +1.130721797E+00
5.15900000000E+09 +1.452270524E-04 -7.775990680E-07 -3.390353067E-01 +3.822196606E-02 +5.255373875E-01 +1.147092480E+00
5.17200000000E+09 -2.375566825E-05 -1.404381386E-05 -2.307212675E-01 +1.978933631E-01 +4.858014817E-01 +1.160415571E+00
5.18500000000E+09 -5.998108777E-05 +6.688135991E-05 +5.234972277E-03 +2.361848562E-01 +4.469254182E-01 +1.177802908E+00
5.19800000000E+09 +8.558655555E-05 +2.108412982E-04 +2.187525122E-01 +6.101930080E-02 +4.044307492E-01 +1.196787210E+00
5.21100000000E+09 +2.621787804E-04 -1.093294694E-04 +2.280425234E-01 -2.159150416E-01 +3.611521230E-01 +1.210630283E+00
5.22400000000E+09 -2.156920517E-04 -2.172482814E-06 +7.705626517E-02 -4.086766370E-01 +3.258710587E-01 +1.221002979E+00
5.23700000000E+09 -1.613203515E-05 +1.298476218E-04 -1.673694374E-01 -4.816999787E-01 +2.817392745E-01 +1.229461635E+00
5.25000000000E+09 +1.575431836E-04 -3.575769799E-05 -4.115654024E-01 -3.581172322E-01 +2.408486600E-01 +1.239473610E+00
5.26300000000E+09 +1.506604229E-05 -1.479306436E-04 -5.038798431E-01 -9.197494629E-02 +1.952400926E-01 +1.245669857E+00
5.27600000000E+09 -1.064519319E-04 -1.015777839E-04 -3.886619583E-01 +1.759383168E-01 +1.495154846E-01 +1.247573046E+00
5.28900000000E+09 -1.027206412E-04 +1.366998419E-04 -1.182230926E-01 +3.049241433E-01 +1.061485431E-01 +1.252056025E+00
5.30200000000E+09 +1.737766080E-04 -7.493718877E-05 +1.677601475E-01 +2.396793042E-01 +6.733335762E-02 +1.260087370E+00
5.31500000000E+09 -2.831488250E-04 -1.119707143E-04 +3.735491601E-01 +2.649166758E-02 +2.732367769E-02 +1.266550251E+00
5.32800000000E+09 -8.401048447E-05 +2.260268807E-04 +3.966339151E-01 -2.896622740E-01 -1.821971014E-02 +1.264358170E+00
5.34100000000E+09 +3.618667190E-04 +5.583567303E-06 +2.111366939E-01 -5.126190987E-01 -6.210086155E-02 +1.268455975E+00
5.35400000000E+09 -1.294201196E-04 -1.886625731E-04 -2.737351809E-02 -5.605625784E-01 -9.946917965E-02 +1.261176809E+00
5.36700000000E+09 -1.246012358E-04 +2.328790233E-05 -2.218611854E-01 -4.839027628E-01 -1.454419956E-01 +1.251866912E+00
5.38000000000E+09 +3.054310309E-05 +1.222302596E-04 -3.503173797E-01 -3.317237270E-01 -1.883680927E-01 +1.246144438E+00
5.39300000000E+09 +3.222948413E-04 -1.273239810E-05 -3.955689067E-01 -1.190446357E-01 -2.399073284E-01 +1.241607852E+00
5.40600000000E+09 -6.566897990E-05 -3.164803573E-04 -3.006439643E-01 +1.180264072E-01 -2.793495704E-01 +1.231898238E+00
5.41900000000E+09 -2.862249087E-05 +2.917871740E-04 -6.459184745E-02 +2.425174373E-01 -3.116258557E-01 +1.226769953E+00
5.43200000000E+09 +1.861805931E-04 -2.028799285E-04 +1.754391904E-01 +2.262468550E-01 -3.475965957E-01 +1.215697028E+00
5.44500000000E+09 -3.285866095E-04 -1.899331960E-04 +3.866872710E-01 +8.286825635E-02 -3.890296074E-01 +1.207687704E+00
5.45800000000E+09 -2.249020854E-04 +1.823198144E-04 +4.630917153E-01 -1.671831801E-01 -4.382897805E-01 +1.188675321E+00
5.47100000000E+09 +5.778792479E-05 +2.147732221E-04 +3.649164383E-01 -3.949003451E-01 -4.824473119E-01 +1.166501616E+00
5.48400000000E+09 +2.016708636E-04 +3.722312507E-05 +1.606232860E-01 -5.008109386E-01 -5.226036158E-01 +1.144114736E+00
5.49700000000E+09 -1.010796632E-05 -2.255415736E-04 -4.933554975E-02 -4.626666310E-01 -5.611403986E-01 +1.129009084E+00
5.51000000000E+09 -2.620008939E-04 +2.190939447E-04 -1.949905471E-01 -3.304913767E-01 -5.997633696E-01 +1.116099483E+00
5.52300000000E+09 +2.560735760E-04 -8.515934018E-05 -2.741120269E-01 -1.227789991E-01 -6.268795531E-01 +1.099021249E+00
5.53600000000E+09 -1.009897188E-04 -2.381415385E-04 -1.881042854E-01 +1.187520417E-01 -6.658844354E-01 +1.075207304E+00
5.54900000000E+09 -2.806486699E-04 +8.424983856E-05 +2.749292665E-02 +2.328795038E-01 -7.063651349E-01 +1.048536362E+00
5.56200000000E+09 +2.846038526E-05 +2.234646238E-04 +2.336055587E-01 +1.922033621E-01 -7.413245063E-01 +1.018175191E+00
5.57500000000E+09 +2.001441609E-04 +7.958102349E-05 +3.589177801E-01 +6.275686203E-02 -7.734494557E-01 +9.854416916E-01
5.58800000000E+09 -5.977950726E-05 -1.782962585E-04 +3.933419026E-01 -1.068689795E-01 -8.090813428E-01 +9.653663443E-01
5.60100000000E+09 -1.436817402E-04 +2.242631769E-04 +3.086918750E-01 -2.818864924E-01 -8.438165712E-01 +9.442404183E-01
5.61400000000E+09 +3.701066072E-04 +1.553513725E-04 +9.767087007E-02 -3.519381978E-01 -8.798894450E-01 +9.149887240E-01
5.62700000000E+09 -1.151299480E-04 -2.394807758E-04 -9.964538772E-02 -2.499930676E-01 -9.010343038E-01 +8.889960371E-01
5.64000000000E+09 -2.289316466E-04 +1.364256052E-04 -1.911016486E-01 -5.509871813E-02 -9.320836167E-01 +8.552056816E-01
5.65300000000E+09 +1.314010266E-04 +1.606852584E-04 -1.484270134E-01 +1.651340389E-01 -9.598591733E-01 +8.204505555E-01
5.66600000000E+09 +1.225484874E-04 -5.966310989E-05 +3.889024481E-02 +3.129408777E-01 -9.847844763E-01 +7.837639545E-01
5.67900000000E+09 -1.483905809E-04 -1.412833600E-04 +2.841150403E-01 +2.820000228E-01 -1.015737978E+00 +7.511722316E-01
5.69200000000E+09 -2.200609868E-04 +1.673287191E-04 +4.264012488E-01 +7.923915907E-02 -1.042263051E+00 +7.120750492E-01
5.70500000000E+09 +3.824927336E-04 +1.511052863E-04 +3.818973752E-01 -1.501230584E-01 -1.071541540E+00 +6.796101218E-01
5.71800000000E+09 -1.007708617E-04 -2.827494730E-04 +2.215252059E-01 -3.046713991E-01 -1.088560122E+00 +6.493400838E-01
5.73100000000E+09 -2.399413865E-05 +8.056627010E-05 -2.909137469E-02 -3.529182352E-01 -1.098845282E+00 +6.128492135E-01
5.74400000000E+09 +1.461218774E-04 +1.482033389E-04 -2.876797326E-01 -2.179562220E-01 -1.127644693E+00 +5.708971998E-01
5.75700000000E+09 +1.138617292E-04 -1.070836194E-04 -4.023105519E-01 +7.146827589E-02 -1.145180535E+00 +5.303682064E-01
5.77000000000E+09 -5.885583230E-05 -2.427842202E-04 -2.931459011E-01 +3.600208340E-01 -1.164164330E+00 +4.796613395E-01
5.78300000000E+09 -1.636759613E-04 +7.805850584E-05 -4.020814607E-02 +4.905672329E-01 -1.177195808E+00 +4.468955716E-01
5.79600000000E+09 +2.738622386E-04 +1.372185800E-04 +2.097343183E-01 +4.467325553E-01 -1.199148151E+00 +4.099308882E-01
5.80900000000E+09 -7.607439648E-05 -2.497428874E-04 +3.981820302E-01 +2.726929252E-01 -1.209489891E+00 +3.761512186E-01
5.82200000000E+09 -1.701393640E-04 -4.768022025E-05 +4.419102021E-01 +3.703473560E-03 -1.213464137E+00 +3.275871575E-01
5.83500000000E+09 +9.604877636E-05 +8.385659182E-05 +3.165384795E-01 -2.363399053E-01 -1.225624668E+00 +2.927141341E-01
5.84800000000E+09 +8.907633333E-05 -6.114320350E-05 +8.568738989E-02 -3.652488931E-01 -1.233567040E+00 +2.474051055E-01
5.86100000000E+09 -1.128655573E-05 -6.934408747E-05 -1.731144374E-01 -3.569544290E-01 -1.237331021E+00 +2.048031058E-01
5.87400000000E+09 -2.610318824E-04 +1.789385128E-05 -3.916232583E-01 -2.174620221E-01 -1.245831369E+00 +1.463029220E-01
5.88700000000E+09 +2.737355311E-05 +2.157356037E-04 -5.005376223E-01 +2.702166618E-02 -1.248682590E+00 +1.101834225E-01
5.90000000000E+09 +1.122842064E-04 -3.073630540E-04 -4.303401969E-01 +2.906957999E-01 -1.265703710E+00 +7.210813017E-02
5.91300000000E+09 -1.939220577E-04 +9.777083083E-05 -2.243833350E-01 +4.372886453E-01 -1.263846264E+00 +3.920800994E-02
5.92600000000E+09 +1.677886727E-04 +6.133800853E-06 +1.925625251E-02 +4.472116785E-01 -1.260818150E+00 +3.945177267E-03
5.93900000000E+09 +2.853838532E-05 -1.148912210E-04 +2.422623215E-01 +3.080489487E-01 -1.259152687E+00 -4.363234172E-02
5.95200000000E+09 -8.071907677E-05 -7.630758848E-05 +3.439919579E-01 +4.048482461E-02 -1.255644387E+00 -9.177403805E-02
5.96500000000E+09 -8.232951821E-05 -4.019511141E-06 +2.503957168E-01 -2.453013217E-01 -1.244846551E+00 -1.346248192E-01
5.97800000000E+09 +7.453920244E-05 +1.760730793E-04 -2.103631003E-03 -3.997223633E-01 -1.245366907E+00 -1.846610065E-01
5.99100000000E+09 +1.081591527E-04 -1.442308188E-04 -2.639345860E-01 -3.559158785E-01 -1.241494554E+00 -2.204371826E-01
6.00400000000E+09 -2.375327598E-04 -3.467902898E-05 -4.211012559E-01 -1.949367176E-01 -1.235294215E+00 -2.615320320E-01
6.01700000000E+09 +6.847518628E-05 +1.512392174E-04 -4.554849220E-01 +2.213641634E-02 -1.223408379E+00 -2.982687054E-01
6.03000000000E+09 +1.450270742E-04 -1.526672521E-04 -3.326392765E-01 +2.062087181E-01 -1.214061379E+00 -3.404125539E-01
6.04300000000E+09 -7.154813272E-05 -1.665613344E-04 -1.218225876E-01 +2.530181983E-01 -1.195708772E+00 -3.846266081E-01
6.05600000000E+09 -2.119865622E-04 +2.242212271E-05 +5.609595037E-02 +1.518890062E-01 -1.176825453E+00 -4.272564291E-01
6.06900000000E+09 +1.562049542E-05 +1.467343522E-04 +1.271494807E-01 -1.783541492E-02 -1.162274237E+00 -4.625416675E-01
6.08200000000E+09 +7.142644768E-05 -1.312048530E-04 +1.059923252E-01 -1.861643701E-01 -1.151961126E+00 -5.011248934E-01
6.09500000000E+09 -2.960719091E-04 +1.026712354E-04 -1.288645018E-02 -3.275055976E-01 -1.141372960E+00 -5.421851703E-01
6.10800000000E+09 +1.853807729E-04 +1.979464970E-04 -1.975457141E-01 -3.444093839E-01 -1.120989103E+00 -5.784330462E-01
6.12100000000E+09 +1.537186566E-04 -2.068913106E-04 -3.292743202E-01 -2.515649871E-01 -1.098740650E+00 -6.168656539E-01
6.13400000000E+09 -7.062866877E-05 -1.742751453E-05 -3.901040361E-01 -1.061339704E-01 -1.074081209E+00 -6.467500760E-01
6.14700000000E+09 +7.456965291E-06 +2.602891021E-04 -3.559601236E-01 +7.572875674E-02 -1.057254778E+00 -6.921931586E-01
6.16000000000E+09 +8.759201204E-05 +1.394163035E-05 -1.813861848E-01 +2.280892197E-01 -1.027502460E+00 -7.196026682E-01
6.17300000000E+09 +7.307668703E-05 -2.404765481E-04 +9.922147524E-02 +2.199877468E-01 -9.996539476E-01 -7.627441200E-01
6.18600000000E+09 -2.260200114E-04 +7.150143013E-05 +3.049178999E-01 -1.039728329E-03 -9.777005677E-01 -7.940939599E-01
6.19900000000E+09 +8.835884959E-05 +6.107155441E-05 +3.091789623E-01 -2.890392134E-01 -9.514133133E-01 -8.190894441E-01
6.21200000000E+09 +3.001383046E-05 -8.991800417E-05 +1.381226396E-01 -5.099377013E-01 -9.229666383E-01 -8.501750342E-01
6.22500000000E+09 -1.100210877E-04 -2.688182793E-05 -1.298811749E-01 -5.704964780E-01 -8.926715291E-01 -8.825936372E-01
6.23800000000E+09 -1.088043125E-04 +8.450707507E-05 -3.738860181E-01 -4.528101356E-01 -8.537441385E-01 -9.121184143E-01
6.25100000000E+09 +7.937096992E-05 -2.130863203E-05 -4.999453572E-01 -2.077931045E-01 -8.340025877E-01 -9.400153185E-01
6.26400000000E+09 +1.143585065E-04 -2.435541737E-05 -4.532544799E-01 +7.705300932E-02 -7.897615750E-01 -9.623095827E-01
6.27700000000E+09 -6.179201545E-05 -4.323917985E-05 -2.379576414E-01 +2.902576294E-01 -7.633596519E-01 -9.897587139E-01
6.29000000000E+09 +1.402151800E-04 -2.879880476E-06 +8.154956286E-02 +3.367129410E-01 -7.418452365E-01 -1.014902099E+00
6.30300000000E+09 +3.028316477E-05 -2.080034728E-04 +3.592411582E-01 +1.569961779E-01 -7.065149840E-01 -1.045094595E+00
6.31600000000E+09 -1.178308921E-04 -5.417241295E-05 +4.364130028E-01 -1.355073728E-01 -6.637197734E-01 -1.064710504E+00
6.32900000000E+09 -4.912834406E-05 +1.632253893E-04 +3.318040665E-01 -3.734596773E-01 -6.247270782E-01 -1.089084016E+00
6.34200000000E+09 +1.155352186E-04 +7.128692806E-05 +1.390061448E-01 -4.953187076E-01 -5.840101368E-01 -1.105997719E+00
6.35500000000E+09 +1.235491603E-04 -6.709477027E-05 -7.635533891E-02 -4.976137871E-01 -5.430700205E-01 -1.119018994E+00
6.36800000000E+09 -4.293172942E-05 +9.916640176E-05 -2.644107061E-01 -3.841055128E-01 -5.232416308E-01 -1.142485847E+00
6.38100000000E+09 +9.797279772E-05 +1.798574578E-05 -3.597430388E-01 -1.744735732E-01 -4.841957403E-01 -1.157917223E+00
6.39400000000E+09 +2.259080582E-05 -1.891668910E-04 -3.215117118E-01 +5.076345885E-02 -4.468719055E-01 -1.179184960E+00
6.40700000000E+09 -3.564167691E-05 +2.137726310E-05 -1.709574358E-01 +2.257695961E-01 -4.041326331E-01 -1.182594214E+00
6.42000000000E+09 +4.704602456E-05 +1.219223921E-04 +6.570233506E-02 +2.889482339E-01 -3.648814975E-01 -1.200096271E+00
6.43300000000E+09 +1.045101663E-04 -5.240152930E-05 +2.969437438E-01 +1.829923913E-01 -3.223080584E-01 -1.211097506E+00
6.44600000000E+09 -6.398341543E-05 -8.883259110E-05 +3.962185430E-01 -4.869637955E-02 -2.809567879E-01 -1.221744952E+00
6.45900000000E+09 -1.381981884E-04 +6.049027877E-05 +3.198736873E-01 -2.757839385E-01 -2.352631797E-01 -1.232103311E+00
6.47200000000E+09 +8.713674835E-05 -9.871276728E-06 +1.316969203E-01 -3.995972404E-01 -2.052117220E-01 -1.237222284E+00
6.48500000000E+09 -7.186126123E-05 -7.321544380E-05 -9.774645038E-02 -3.942031699E-01 -1.689797022E-01 -1.242389419E+00
6.49800000000E+09 -8.884776608E-05 +2.608891367E-05 -2.902257806E-01 -2.412362973E-01 -1.234018087E-01 -1.248682249E+00
6.51100000000E+09 -1.015688496E-05 +4.646218615E-05 -3.448397376E-01 +7.584459487E-03 -7.880185582E-02 -1.246825459E+00
6.52400000000E+09 +1.496161024E-04 +2.352301844E-05 -2.266499125E-01 +2.305931384E-01 -3.301832484E-02 -1.252039742E+00
6.53700000000E+09 -1.833034811E-05 -3.959067387E-05 -2.207618652E-03 +3.169528216E-01 +3.110773649E-03 -1.247830465E+00
6.55000000000E+09 +2.811946703E-05 +1.003326803E-05 +2.138448472E-01 +2.438101236E-01 +4.017161113E-02 -1.245019063E+00
6.56300000000E+09 +7.931660455E-05 +3.823893940E-05 +3.373690452E-01 +4.958668932E-02 +8.686955303E-02 -1.248137035E+00
6.57600000000E+09 -1.212149603E-04 -4.278696778E-05 +3.000343382E-01 -1.854413482E-01 +1.148202512E-01 -1.247034068E+00
6.58900000000E+09 -9.086567681E-05 +1.984171676E-04 +1.212188479E-01 -3.392715967E-01 +1.509585792E-01 -1.251916623E+00
6.60200000000E+09 +2.382412763E-06 -1.289853213E-05 -1.116393393E-01 -3.566124604E-01 +2.036861921E-01 -1.227215305E+00
6.61500000000E+09 +5.271471657E-05 -2.609522239E-05 -3.149113437E-01 -2.395427957E-01 +2.463750478E-01 -1.224600941E+00
6.62800000000E+09 -6.385887255E-05 -2.846422688E-05 -4.202756714E-01 -2.403098963E-02 +2.846148812E-01 -1.216662874E+00
6.64100000000E+09 -4.705227299E-05 +2.972766413E-05 -3.757031787E-01 +2.220252491E-01 +3.268813616E-01 -1.203617532E+00
6.65400000000E+09 +8.561067543E-06 +8.086874462E-05 -1.794483146E-01 +3.865620388E-01 +3.682589545E-01 -1.188210291E+00
6.66700000000E+09 -8.741820432E-05 -2.090018931E-05 +7.185308600E-02 +3.908717447E-01 +3.953201863E-01 -1.185504450E+00
6.68000000000E+09 +1.860684217E-05 +9.097244521E-05 +2.815098462E-01 +2.420815808E-01 +4.304751176E-01 -1.171378166E+00
6.69300000000E+09 +8.945716231E-05 +2.697063032E-08 +3.601708690E-01 -2.145003150E-02 +4.706342582E-01 -1.158312699E+00
6.70600000000E+09 +1.595454769E-05 -3.360094577E-05 +2.475663946E-01 -2.880037931E-01 +5.132768360E-01 -1.137467690E+00
6.71900000000E+09 -1.001653961E-04 -1.518219946E-04 -1.063461837E-02 -4.247588843E-01 +5.630010260E-01 -1.124824431E+00
6.73200000000E+09 -5.727986134E-05 +7.179685729E-05 -2.884223112E-01 -3.761826388E-01 +5.929339463E-01 -1.101738272E+00
6.74500000000E+09 -5.861141526E-07 -1.430787692E-04 -4.757250643E-01 -1.865423646E-01 +6.084735312E-01 -1.090159876E+00
6.75800000000E+09 -1.195358309E-04 +5.345163692E-06 -5.240907003E-01 +7.453041888E-02 +6.440800282E-01 -1.072199870E+00
6.77100000000E+09 -1.391198160E-04 -1.313712897E-04 -3.994377472E-01 +3.215423954E-01 +7.211044143E-01 -1.030797813E+00
6.78400000000E+09 +1.166254571E-04 +6.627806381E-05 -1.364833027E-01 +4.377654194E-01 +7.188007320E-01 -1.036647465E+00
6.79700000000E+09 +9.325103330E-05 -1.279387452E-04 +1.477268715E-01 +3.525337423E-01 +7.545763200E-01 -1.011442605E+00
6.81000000000E+09 -4.729443188E-05 -6.780647107E-05 +3.069820000E-01 +9.817959950E-02 +7.901898839E-01 -9.718509920E-01
6.82300000000E+09 -1.426526153E-05 +2.378487935E-05 +2.640500444E-01 -1.912949025E-01 +8.174833397E-01 -9.413693941E-01
6.83600000000E+09 +7.071304141E-05 -6.054926807E-05 +6.087835703E-02 -3.827919207E-01 +8.454940252E-01 -9.212670102E-01
6.84900000000E+09 -7.519602690E-05 -4.745704403E-05 -2.080233023E-01 -4.056868410E-01 +8.754185664E-01 -8.948221207E-01
6.86200000000E+09 -1.792993308E-04 +1.080054562E-04 -4.123585415E-01 -2.626410048E-01 +9.232963067E-01 -8.770093414E-01
6.87500000000E+09 +6.196690722E-05 +3.291064379E-05 -4.843646111E-01 -4.883533833E-02 +9.320740010E-01 -8.393023243E-01
6.88800000000E+09 +1.224148519E-05 -5.470838700E-05 -4.277375649E-01 +1.612896086E-01 +9.547956187E-01 -8.069210478E-01
6.90100000000E+09 -8.586392405E-05 -1.813448588E-05 -2.571050241E-01 +3.095287415E-01 +9.803524534E-01 -7.780931223E-01
6.91400000000E+09 +1.066913675E-05 +1.036394265E-04 -1.090327718E-02 +3.303288775E-01 +1.004953823E+00 -7.447641020E-01
6.92700000000E+09 +1.585367584E-04 +2.087936305E-05 +2.131733135E-01 +1.749693361E-01 +1.036311858E+00 -7.116225412E-01
6.94000000000E+09 -2.649074070E-05 -1.443459062E-04 +2.725013026E-01 -1.031494061E-01 +1.059447412E+00 -6.763138912E-01
6.95300000000E+09 +2.400838835E-05 -1.081905945E-04 +1.408016536E-01 -3.325348811E-01 +1.068180266E+00 -6.256437052E-01
6.96600000000E+09 +7.557181713E-05 -8.365675043E-05 -8.679560835E-02 -4.313151727E-01 +1.082234657E+00 -6.148447909E-01
6.97900000000E+09 -8.752478621E-05 -8.285108656E-05 -3.218051658E-01 -3.737494905E-01 +1.098694642E+00 -5.838627337E-01
6.99200000000E+09 -6.995304199E-05 -5.476297841E-05 -4.714667480E-01 -1.922563830E-01 +1.137598384E+00 -5.409873853E-01
7.00500000000E+09 +4.140210512E-05 +1.500919994E-05 -4.876381269E-01 +3.979178718E-02 +1.140323799E+00 -4.987815553E-01
7.01800000000E+09 +4.433003488E-05 +9.289371162E-05 -3.667431211E-01 +2.401747700E-01 +1.168865722E+00 -4.580633120E-01
7.03100000000E+09 -1.147325264E-04 -9.663312062E-05 -1.528229276E-01 +3.364189274E-01 +1.176521453E+00 -4.329552489E-01
7.04400000000E+09 -9.873509376E-05 +1.498967840E-04 +8.744269053E-02 +3.020997530E-01 +1.194511593E+00 -3.958666716E-01
7.05700000000E+09 +2.031345814E-04 +4.109836182E-05 +2.756801332E-01 +1.097654815E-01 +1.209225731E+00 -3.614679229E-01
7.07000000000E+09 +8.946989399E-05 -1.384345467E-04 +2.838233802E-01 -1.585755488E-01 +1.224976643E+00 -3.149759847E-01
7.08300000000E+09 -6.835918900E-05 -5.854027354E-05 +1.337110914E-01 -3.529309975E-01 +1.228840153E+00 -2.717209052E-01
7.09600000000E+09 -4.228638064E-05 -1.863490603E-06 -8.141804371E-02 -4.211199001E-01 +1.230230490E+00 -2.284473490E-01
7.10900000000E+09 +5.097329113E-05 -1.355973210E-05 -2.935510865E-01 -3.667018404E-01 +1.239174442E+00 -1.957821287E-01
7.12200000000E+09 -1.929350820E-04 -2.219235671E-04 -4.498059887E-01 -2.032256687E-01 +1.260919517E+00 -1.701404514E-01
7.13500000000E+09 -1.408475616E-04 +5.410012177E-05 -4.890529337E-01 +3.523856036E-02 +1.259185968E+00 -1.141034897E-01
7.14800000000E+09 +2.311406982E-05 +4.492014853E-05 -3.767701129E-01 +2.572125501E-01 +1.254265525E+00 -7.332328329E-02
7.16100000000E+09 +5.472130832E-05 -7.626666632E-05 -1.547336432E-01 +3.822113909E-01 +1.261537482E+00 -3.454231275E-02
7.17400000000E+09 +1.989983548E-05 -9.683518379E-05 +1.228196282E-01 +3.503207709E-01 +1.255240832E+00 +1.545149448E-02
7.18700000000E+09 +1.180492443E-04 -9.634243287E-06 +3.268482050E-01 +1.236257202E-01 +1.248125803E+00 +3.351944181E-02
7.20000000000E+09 -5.266173398E-05 -3.266943776E-05 +3.128854311E-01 -1.908174538E-01 +1.245927225E+00 +8.108621291E-02
7.21300000000E+09 -8.787066915E-05 -8.798138609E-05 +8.948356183E-02 -3.987000133E-01 +1.259336446E+00 +1.197417918E-01
7.22600000000E+09 -1.126692807E-04 +6.139011293E-05 -1.927420497E-01 -4.022774042E-01 +1.256917867E+00 +1.666561073E-01
7.23900000000E+09 +1.089841410E-04 +5.294608061E-05 -3.994807262E-01 -2.479091384E-01 +1.251965331E+00 +2.027735106E-01
7.25200000000E+09 -5.170193865E-06 -5.369175289E-05 -4.826238332E-01 -4.517503706E-03 +1.239008770E+00 +2.407633601E-01
7.26500000000E+09 -1.017132648E-04 -5.183969328E-05 -3.945342501E-01 +2.507758511E-01 +1.239397327E+00 +2.870729881E-01
7.27800000000E+09 -2.872767669E-05 +5.014835707E-05 -1.508970255E-01 +3.917825285E-01 +1.222107746E+00 +3.247642101E-01
7.29100000000E+09 +5.538269542E-05 +9.286077684E-06 +1.310320517E-01 +3.253637677E-01 +1.211502943E+00 +3.627014992E-01
7.30400000000E+09 +9.172805709E-05 -1.135391001E-05 +2.847190481E-01 +8.088897303E-02 +1.190366200E+00 +4.071255029E-01
7.31700000000E+09 +2.790079359E-05 -4.875542059E-05 +2.305859972E-01 -1.897808106E-01 +1.176627545E+00 +4.374216167E-01
7.33000000000E+09 +1.369849262E-04 +4.648476202E-05 +2.673501098E-02 -3.536019179E-01 +1.182597277E+00 +4.737046225E-01
7.34300000000E+09 +3.485527977E-05 -2.423521333E-04 -2.325473790E-01 -3.540908408E-01 +1.177576965E+00 +5.159119905E-01
7.35600000000E+09 -1.485896209E-04 -6.047088749E-05 -4.232528253E-01 -1.962788193E-01 +1.151277011E+00 +5.609224724E-01
7.36900000000E+09 -5.701236159E-05 +5.142185881E-05 -4.824151307E-01 +2.360517434E-02 +1.121762457E+00 +5.944626940E-01
7.38200000000E+09 +9.805971848E-05 +3.263895607E-05 -4.176606212E-01 +2.342774615E-01 +1.107147599E+00 +6.326570665E-01
7.39500000000E+09 +2.611031749E-05 +1.423365683E-04 -2.448914164E-01 +3.824569043E-01 +1.069676435E+00 +6.409361634E-01
7.40800000000E+09 +3.836368453E-05 +2.427192140E-05 -5.224820318E-04 +4.090915666E-01 +1.062861992E+00 +6.845583367E-01
7.42100000000E+09 +5.010929806E-05 +2.915761727E-05 +2.306204400E-01 +2.703755853E-01 +1.046832216E+00 +7.276371785E-01
7.43400000000E+09 +1.570255935E-04 -8.257199824E-05 +3.232388874E-01 -1.221777722E-03 +1.023986099E+00 +7.770472890E-01
7.44700000000E+09 -7.975547162E-05 -1.378362557E-04 +2.214711104E-01 -2.659226020E-01 +9.914192411E-01 +8.085728695E-01
7.46000000000E+09 -5.159695482E-05 +9.171448073E-05 -1.585585167E-02 -4.181307499E-01 +9.681397678E-01 +8.365323903E-01
7.47300000000E+09 +1.703305864E-04 +4.057734464E-05 -2.969774040E-01 -3.951257164E-01 +9.419892179E-01 +8.798511723E-01
7.48600000000E+09 +6.174363531E-05 -5.947226852E-05 -5.005481965E-01 -2.156800579E-01 +9.034136562E-01 +8.958887747E-01
7.49900000000E+09 +8.040726604E-05 +9.529400680E-05 -5.621208009E-01 +3.522202525E-02 +9.068165981E-01 +9.002923954E-01
7.51200000000E+09 -3.901625868E-05 -1.189221912E-04 -4.790998339E-01 +2.693034682E-01 +8.501110130E-01 +9.191337857E-01
7.52500000000E+09 -2.195929116E-05 -6.091307424E-05 -2.886084503E-01 +4.200691871E-01 +8.372085257E-01 +9.698048749E-01
7.53800000000E+09 -1.995349482E-04 -2.700165446E-05 -4.375220604E-02 +4.516894405E-01 +8.169771876E-01 +1.012189719E+00
7.55100000000E+09 -1.076156727E-04 +2.955084661E-04 +1.967739174E-01 +3.301146981E-01 +7.744338368E-01 +1.056961900E+00
7.56400000000E+09 +2.111952457E-04 +3.807275562E-05 +3.073721179E-01 +7.204609379E-02 +7.308188564E-01 +1.073496513E+00
7.57700000000E+09 +1.083480411E-04 -2.165381165E-04 +2.290400986E-01 -1.892427672E-01 +6.778267826E-01 +1.096612683E+00
7.59000000000E+09 -1.645142415E-04 -6.420200127E-06 +1.694262419E-02 -3.370962781E-01 +6.480729043E-01 +1.118255336E+00
7.60300000000E+09 +2.639211087E-05 +3.171956783E-05 -2.271494459E-01 -3.266022696E-01 +6.261614948E-01 +1.127775191E+00
7.61600000000E+09 +7.725270192E-05 +1.441524433E-05 -4.092524384E-01 -1.786409645E-01 +5.791821732E-01 +1.149105241E+00
7.62900000000E+09 -9.609555171E-05 -2.525942973E-05 -4.645648302E-01 +4.437135371E-02 +5.574895391E-01 +1.175449642E+00
7.64200000000E+09 -8.019002389E-05 +2.646732944E-04 -3.757848868E-01 +2.462420413E-01 +5.114738684E-01 +1.213661081E+00
7.65500000000E+09 +3.386054080E-04 -3.867027544E-05 -1.977349906E-01 +3.586144520E-01 +4.694271839E-01 +1.238324274E+00
7.66800000000E+09 +2.012695334E-05 -3.454926458E-05 +2.485290189E-02 +3.503510728E-01 +4.328969661E-01 +1.216740879E+00
7.68100000000E+09 -8.089559537E-05 +6.090281606E-05 +2.060090040E-01 +1.861458650E-01 +3.906497250E-01 +1.246098436E+00
7.69400000000E+09 +9.773747854E-05 +1.681648692E-05 +2.200200195E-01 -7.590772082E-02 +3.606542323E-01 +1.264815935E+00
7.70700000000E+09 +1.310166637E-04 -1.722023861E-05 +3.179495813E-02 -2.672606132E-01 +2.900727140E-01 +1.266516225E+00
7.72000000000E+09 -9.297053195E-05 -9.702315978E-05 -2.287111505E-01 -2.591047693E-01 +2.584776044E-01 +1.288075341E+00
7.73300000000E+09 -7.462692903E-05 +7.363749478E-05 -4.014348815E-01 -8.406816603E-02 +2.191331867E-01 +1.287439945E+00
7.74600000000E+09 -1.067511450E-04 +2.109816939E-05 -4.240902294E-01 +1.574953409E-01 +2.005123883E-01 +1.271673364E+00
7.75900000000E+09 -7.688219419E-05 +3.041155340E-05 -2.840989353E-01 +3.658132931E-01 +1.605603734E-01 +1.305424867E+00
7.77200000000E+09 -9.519890563E-05 +1.000060420E-04 -3.224684034E-02 +4.418905770E-01 +8.658079637E-02 +1.327861111E+00
7.78500000000E+09 +5.496973102E-05 +1.536895390E-04 +2.251794975E-01 +3.298824502E-01 +1.780478777E-02 +1.323663769E+00
7.79800000000E+09 -5.005417635E-05 -1.245572261E-04 +3.472993810E-01 +5.652224169E-02 +3.440398282E-02 +1.347115085E+00
7.81100000000E+09 +3.000502906E-05 +1.619009456E-04 +2.429811480E-01 -2.356490133E-01 +1.891383283E-02 +1.306138037E+00
7.82400000000E+09 +1.855474513E-05 +8.251735021E-05 -3.224244394E-02 -3.781067943E-01 -7.115947801E-02 +1.328481446E+00
7.83700000000E+09 +2.367589318E-04 +6.780176555E-05 -3.278986790E-01 -3.049460745E-01 -1.534674540E-01 +1.331080699E+00
7.85000000000E+09 +1.150314694E-05 -3.492639901E-04 -5.015313286E-01 -7.432084151E-02 -2.241275627E-01 +1.325227319E+00
7.86300000000E+09 +8.203684050E-05 +6.021188897E-05 -5.133330484E-01 +1.957345176E-01 -1.838870432E-01 +1.321138663E+00
7.87600000000E+09 -2.201792216E-06 +7.571391945E-06 -3.858548082E-01 +4.260232431E-01 -2.484879461E-01 +1.295739473E+00
7.88900000000E+09 -1.472255804E-05 -1.487079486E-04 -1.542642159E-01 +5.598487490E-01 -3.067689229E-01 +1.353839764E+00
7.90200000000E+09 -5.954887629E-05 -7.745256463E-05 +1.273027496E-01 +5.501071245E-01 -3.738094684E-01 +1.297477629E+00
7.91500000000E+09 +9.753259198E-06 +1.676105509E-04 +3.714813104E-01 +3.705863918E-01 -3.909568584E-01 +1.327983118E+00
7.92800000000E+09 +2.959667455E-05 +2.441816365E-04 +4.616418491E-01 +5.960505421E-02 -4.781808094E-01 +1.237131652E+00
7.94100000000E+09 +5.430882947E-05 -1.094714370E-04 +3.323761577E-01 -2.477955879E-01 -4.910422402E-01 +1.249977675E+00
7.95400000000E+09 -1.245666546E-04 -1.587562217E-04 +3.498798241E-02 -4.071337655E-01 -5.375109218E-01 +1.203317394E+00
7.96700000000E+09 +8.455609456E-05 +2.704831255E-05 -2.905744874E-01 -3.438850513E-01 -5.666716526E-01 +1.232352569E+00
7.98000000000E+09 +5.164071920E-05 +8.361239257E-05 -4.972513262E-01 -1.066645430E-01 -5.937964239E-01 +1.164659097E+00
7.99300000000E+09 +1.293111649E-04 +4.612223138E-05 -5.235339671E-01 +1.861688142E-01 -5.941957967E-01 +1.144745894E+00
8.00600000000E+09 +1.036883978E-04 -5.535649740E-05 -3.898890213E-01 +4.263831365E-01 -6.368484450E-01 +1.157900718E+00
8.01900000000E+09 +9.313082389E-05 -7.610224587E-05 -1.608595590E-01 +5.478695131E-01 -7.153762347E-01 +1.168146918E+00
8.03200000000E+09 -5.350220520E-05 -1.487323945E-04 +9.092877985E-02 +5.295405200E-01 -7.749107929E-01 +1.139869948E+00
8.04500000000E+09 -1.658656090E-04 -1.112207793E-04 +2.915852711E-01 +3.710747164E-01 -8.301210454E-01 +1.079900624E+00
8.05800000000E+09 -9.767843289E-05 +5.706481030E-05 +3.574919333E-01 +1.222099569E-01 -8.439152650E-01 +1.046822581E+00
8.07100000000E+09 -1.254503641E-04 +1.025554494E-04 +2.572065606E-01 -1.123583676E-01 -8.534455415E-01 +1.032684867E+00
8.08400000000E+09 +1.092215443E-04 +1.271471924E-04 +3.663057446E-02 -2.307818320E-01 -8.879304528E-01 +1.011395566E+00
8.09700000000E+09 +1.453788403E-04 -8.889474145E-05 -2.040210339E-01 -1.841768585E-01 -9.286726559E-01 +9.910043366E-01
8.11000000000E+09 +1.297172147E-04 -2.726399731E-04 -3.542227366E-01 +2.941928935E-03 -1.004428727E+00 +9.851692674E-01
8.12300000000E+09 -2.099320881E-04 -1.307023787E-04 -3.447684045E-01 +2.318333915E-01 -1.048360710E+00 +9.330698057E-01
8.13600000000E+09 -4.043080761E-04 +8.001336866E-05 -2.018372144E-01 +3.924926489E-01 -1.111639265E+00 +8.502775411E-01
8.14900000000E+09 -7.936456128E-05 +1.254899859E-04 +5.917908994E-03 +4.307570651E-01 -1.087358644E+00 +8.155521974E-01
8.16200000000E+09 +6.395001008E-05 +1.250587242E-04 +1.987531520E-01 +3.239779866E-01 -1.101426889E+00 +7.870115018E-01
8.17500000000E+09 +1.952711555E-04 +7.940366343E-05 +2.740623426E-01 +9.755922447E-02 -1.119373130E+00 +7.783492065E-01
8.18800000000E+09 +1.824294143E-04 -1.343543582E-04 +1.522125882E-01 -1.312031893E-01 -1.170569906E+00 +7.574205914E-01
8.20100000000E+09 -1.550346928E-05 -2.370200750E-04 -1.124995675E-01 -1.925500716E-01 -1.231478908E+00 +7.088055026E-01
8.21400000000E+09 -1.260263103E-04 +5.957195027E-05 -3.357353627E-01 -3.659350476E-02 -1.246152535E+00 +6.582397196E-01
8.22700000000E+09 -7.577576993E-05 -1.217520815E-05 -3.807600949E-01 +2.267509947E-01 -1.251963850E+00 +5.773373901E-01
8.24000000000E+09 +5.727657417E-05 +3.566831313E-05 -2.421325719E-01 +4.455436923E-01 -1.287173072E+00 +5.429319567E-01
8.25300000000E+09 +1.041955685E-04 -2.057402158E-05 -2.576142142E-03 +5.286360887E-01 -1.292289775E+00 +4.841729250E-01
8.26600000000E+09 +3.015175582E-05 -5.077970062E-06 +2.423232405E-01 +4.547750618E-01 -1.309845413E+00 +4.637959005E-01
8.27900000000E+09 -1.516958334E-04 -1.569423394E-04 +4.067269493E-01 +2.442211978E-01 -1.280038238E+00 +4.273858918E-01
8.29200000000E+09 -1.771178231E-04 -1.084956508E-04 +4.153645611E-01 -4.341506166E-02 -1.365528640E+00 +4.192080990E-01
8.30500000000E+09 -1.841772131E-04 +1.750614953E-04 +2.251006889E-01 -2.917769025E-01 -1.420587087E+00 +3.685400800E-01
8.31800000000E+09 +3.276371425E-05 +4.923946495E-05 -9.540643204E-02 -3.520290222E-01 -1.396576950E+00 +2.760917007E-01
8.33100000000E+09 +8.063179017E-05 +1.242588339E-04 -3.698541721E-01 -1.873018801E-01 -1.400695178E+00 +1.705019349E-01
8.34400000000E+09 +1.261179559E-04 -4.256238550E-05 -4.729405181E-01 +9.747866118E-02 -1.389162097E+00 +1.305171474E-01
8.35700000000E+09 -5.049127180E-05 -6.858735392E-05 -3.934610564E-01 +3.711990515E-01 -1.398672754E+00 +9.616911038E-02
8.37000000000E+09 -3.000867655E-05 +1.611804710E-04 -1.853694799E-01 +5.480790332E-01 -1.412250414E+00 +1.421238838E-02
8.38300000000E+09 -1.942618702E-05 -1.304898301E-04 +8.105767793E-02 +5.876606028E-01 -1.469559695E+00 +1.932413314E-02
8.39600000000E+09 +1.499034952E-04 -1.606295786E-04 +3.314796534E-01 +4.816446985E-01 -1.324686462E+00 -9.789246878E-02
8.40900000000E+09 -1.237220624E-04 +1.329433799E-04 +4.969632892E-01 +2.508220399E-01 -1.470808892E+00 -1.778944554E-01
8.42200000000E+09 +5.092631473E-05 -1.319625196E-04 +5.081202260E-01 -5.554120013E-02 -1.469987920E+00 -7.827498243E-02
8.43500000000E+09 -2.344018756E-05 +1.308626647E-05 +3.169699745E-01 -3.284162822E-01 -1.412097316E+00 -1.794373267E-01
8.44800000000E+09 +6.636424771E-05 -3.636986366E-04 -2.310097347E-02 -4.161982058E-01 -1.332346754E+00 -3.298400065E-01
8.46100000000E+09 -1.126522990E-04 -9.188553290E-05 -3.325551356E-01 -2.531535714E-01 -1.366651840E+00 -2.867295882E-01
8.47400000000E+09 -1.258917552E-04 +1.616108401E-04 -4.481979907E-01 +5.433229646E-02 -1.355822020E+00 -3.084047164E-01
8.48700000000E+09 +9.361539007E-06 +3.830535640E-04 -3.556059777E-01 +3.393342295E-01 -1.451824568E+00 -2.966236698E-01
8.50000000000E+09 +1.826895594E-04 -7.568552608E-05 -1.290764995E-01 +5.045355123E-01 -1.404756419E+00 -3.685764942E-01

[Channel0\Trace0]
RPort=1
SPort=1
Transform=1
TransformStart=-2.5E-9
TransformStop=1.25E-8
ScaleDiv[0]=20

